logfile opened on Thu Aug 04 17:30:27 2016

...detecting CPU, found AMD w/ 3DNow!
--- Common Initialization Complete ---
Winsock Initialized
Opening IP socket: localhost:29070
Hostname: Mars
IP: 192.168.1.2
IP: 25.145.70.176
Working directory: E:\Program Files (x86)\LucasArts\Star Wars Jedi Knight Jedi Academy\GameData
execing makermod.cfg
running_makermod.cfg 
sv_cheats is read only.
------ Server Initialization ------
Server: t2_trip
Current search path:
E:\Program Files (x86)\LucasArts\Star Wars Jedi Knight Jedi Academy\GameData\makermod\zzzz_MakerModule_ClientPlugin_v061a_Public.pk3 (2 files)
E:\Program Files (x86)\LucasArts\Star Wars Jedi Knight Jedi Academy\GameData\makermod\zzzzzzzzzzzzzzzzzzzzzzzzzstance.pk3 (5 files)
E:\Program Files (x86)\LucasArts\Star Wars Jedi Knight Jedi Academy\GameData\makermod\tmuconsole.pk3 (8 files)
E:\Program Files (x86)\LucasArts\Star Wars Jedi Knight Jedi Academy\GameData\makermod\Starkiller_TFU2.pk3 (112 files)
E:\Program Files (x86)\LucasArts\Star Wars Jedi Knight Jedi Academy\GameData\makermod\SecretApprentice.pk3 (49 files)
E:\Program Files (x86)\LucasArts\Star Wars Jedi Knight Jedi Academy\GameData\makermod\s3_cloneblaster.pk3 (45 files)
E:\Program Files (x86)\LucasArts\Star Wars Jedi Knight Jedi Academy\GameData\makermod\Makermod Serverside v1.3b.pk3 (1 files)
E:\Program Files (x86)\LucasArts\Star Wars Jedi Knight Jedi Academy\GameData\makermod\Makermod In-game menu.pk3 (14 files)
E:\Program Files (x86)\LucasArts\Star Wars Jedi Knight Jedi Academy\GameData\makermod\Makermod Client Plugin.pk3 (2 files)
E:\Program Files (x86)\LucasArts\Star Wars Jedi Knight Jedi Academy\GameData\makermod\hoverboard_if_extras.pk3 (4 files)
E:\Program Files (x86)\LucasArts\Star Wars Jedi Knight Jedi Academy\GameData\makermod\hoverboard_if.pk3 (69 files)
E:\Program Files (x86)\LucasArts\Star Wars Jedi Knight Jedi Academy\GameData\makermod\bloodPLUS3.1.pk3 (169 files)
E:\Program Files (x86)\LucasArts\Star Wars Jedi Knight Jedi Academy\GameData\makermod\bloodPLUS1.5.pk3 (132 files)
E:\Program Files (x86)\LucasArts\Star Wars Jedi Knight Jedi Academy\GameData/makermod
E:\Program Files (x86)\LucasArts\Star Wars Jedi Knight Jedi Academy\GameData\base\veh_dlls.pk3 (3 files)
E:\Program Files (x86)\LucasArts\Star Wars Jedi Knight Jedi Academy\GameData\base\sjc_kashyyyk.pk3 (82 files)
E:\Program Files (x86)\LucasArts\Star Wars Jedi Knight Jedi Academy\GameData\base\sithcouncilv2.pk3 (285 files)
E:\Program Files (x86)\LucasArts\Star Wars Jedi Knight Jedi Academy\GameData\base\RevanDark_Weapons.pk3 (371 files)
E:\Program Files (x86)\LucasArts\Star Wars Jedi Knight Jedi Academy\GameData\base\RevanDark_Special_Weapons.pk3 (46 files)
E:\Program Files (x86)\LucasArts\Star Wars Jedi Knight Jedi Academy\GameData\base\RevanDark_ScepterGun.pk3 (41 files)
E:\Program Files (x86)\LucasArts\Star Wars Jedi Knight Jedi Academy\GameData\base\RevanDark_Blood_for_Swords.pk3 (10 files)
E:\Program Files (x86)\LucasArts\Star Wars Jedi Knight Jedi Academy\GameData\base\Makermod In-game menu Base.pk3 (9 files)
E:\Program Files (x86)\LucasArts\Star Wars Jedi Knight Jedi Academy\GameData\base\Jedi'sHomeJL_II.pk3 (120 files)
E:\Program Files (x86)\LucasArts\Star Wars Jedi Knight Jedi Academy\GameData\base\e3_anakinsaber.pk3 (12 files)
E:\Program Files (x86)\LucasArts\Star Wars Jedi Knight Jedi Academy\GameData\base\assets3.pk3 (16 files)
E:\Program Files (x86)\LucasArts\Star Wars Jedi Knight Jedi Academy\GameData\base\assets2.pk3 (62 files)
E:\Program Files (x86)\LucasArts\Star Wars Jedi Knight Jedi Academy\GameData\base\assets1.pk3 (8320 files)
E:\Program Files (x86)\LucasArts\Star Wars Jedi Knight Jedi Academy\GameData\base\assets0.pk3 (15346 files)
E:\Program Files (x86)\LucasArts\Star Wars Jedi Knight Jedi Academy\GameData/base

handle 1: qconsole.log
----------------------
50670 files in pk3 files
Loading dll file jampgame.
 ------- Installing Engine Patches -------- 
Finished
------- Game Initialization -------
gamename: MakerMod
gameversion: 1.3beta
gamedate: Dec 27 2010
MakerMod is written to celebrate our ability
to learn to make things that improve our lives
and the life of the species as a whole.
------------------------------------------------------------
InitGame: \g_siegeTeam2\none\g_siegeTeam1\none\g_jediVmerc\0\g_maxGameClients\0\g_noSpecMove\0\g_debugMelee\1\g_siegeRespawn\20\g_siegeTeamSwitch\1\g_forceRegenTime\1\g_forcePowerDisable\0\g_weaponDisable\0\g_allowNPC\1\sv_allowDownload\0\sv_floodProtect\0\sv_maxPing\0\sv_minPing\0\sv_maxRate\5000\sv_maxclients\32\sv_hostname\^3Darkquake's Makermod Server\g_duelWeaponDisable\65531\g_forceBasedTeams\0\duel_fraglimit\10\g_maxForceRank\7\g_saberLocking\1\g_privateDuel\1\capturelimit\0\timelimit\120\fraglimit\0\dmflags\0\version\(internal)JAmp: v1.0.1.0 win-x86 Oct 30 2003\g_maxHolocronCarry\3\g_gametype\0\g_needpass\0\protocol\26\mapname\t2_trip\sv_privateClients\0\g_stepSlideFix\1\gamename\MakerMod\g_saberWallDamageScale\0.4\bg_fighterAltControl\0\g_showDuelHealths\0
Loading map objects for t2_trip
Loaded 326 objects.
^3Bot route data not found for t2_trip
execing remaps/general
Shader Remap: models/map_objects/desert/view_panel_screen_desert ^3-> ^7textures/video/raven
Shader Remap: models/players/jawa/jawa ^3-> ^7textures/video/raven
Shader Remap: textures/factory/cat_floor_B ^3-> ^7models/map_objects/factory/glass
Shader Remap: textures/factory/basic2_Tiled_b ^3-> ^7textures/rbettenbergtest/glass2
Shader Remap: console ^3-> ^7textures/kejim/stars_scroll
Shader Remap: gfx/mp/chat_icon ^3-> ^7gfx/effects/stunpass
Shader Remap: gfx/misc/csparks ^3-> ^7gfx/effects/greenfrontflash
Shader Remap: gfx/effects/sabers/saberblur ^3-> ^7gfx/effects/fire4
Shader Remap: gfx/effects/forcepush ^3-> ^7gfx/effects/flamejet
Shader Remap: models/players/reborn_twin/torso ^3-> ^7gfx/effects/jet3
Shader Remap: models/players/reborn_twin/head ^3-> ^7gfx/effects/fire4
Shader Remap: models/players/reborn_twin/legs ^3-> ^7gfx/effects/jet3
Shader Remap: models/players/reborn_twin/hands ^3-> ^7gfx/effects/jet3
Shader Remap: models/players/reborn_twin/arms ^3-> ^7gfx/effects/jet3
Shader Remap: models/players/reborn_twin/icon_default ^3-> ^7gfx/effects/jet4
Shader Remap: models/players/alora2/alora2_head ^3-> ^7textures/danger/monitor
Shader Remap: models/players/alora2/icon_default ^3-> ^7textures/danger/monitor
Shader Remap: models/players/alora2/alora2_torso ^3-> ^7textures/danger/monitor
Shader Remap: models/players/alora2/alora2_legs ^3-> ^7textures/danger/monitor
Shader Remap: models/players/alora2/alora2_torso_arms ^3-> ^7textures/danger/monitor
Shader Remap: models/players/alora2/alora2_torso_hands ^3-> ^7gfx/effects/stunpass
Shader Remap: models/players/alora2/alora2_tentacles ^3-> ^7gfx/effects/stunpass
Shader Remap: models/map_objects/factory/f_con1 ^3-> ^7textures/rift/carvedwall
Shader Remap: models/map_objects/factory/f_con2 ^3-> ^7textures/rift/carvedwall
Shader Remap: models/map_objects/factory/f_con1_screen ^3-> ^7textures/doomgiver/comm_panel2
Shader Remap: models/map_objects/factory/f_con2_screen ^3-> ^7textures/doomgiver/comm_panel2
execing remaps/trip
broadcast: print "Weather - Server, is adding weather ^3zone ( 0 0 0 ) ( 0 0 0 )\n"
Weather: zone ( 0 0 0 ) ( 0 0 0 ) added.
broadcast: print "Weather - Server, is adding weather ^3fog\n"
Weather: fog added.
broadcast: print "Weather - Server, is adding weather ^3heavyrainfog\n"
Weather: heavyrainfog added.
broadcast: print "Weather - Server, is adding weather ^3heavyrain\n"
Weather: heavyrain added.
broadcast: print "Weather - Server, is adding weather ^3gustingwind\n"
Weather: gustingwind added.
Shader Remap: textures/quicktrip/desert_0 ^3-> ^7textures/korterra1/terrain_0
Shader Remap: textures/quicktrip/desert_0to1 ^3-> ^7textures/korterra1/terrain_0to1
Shader Remap: textures/quicktrip/desert_0to2 ^3-> ^7textures/korterra1/terrain_0to2
Shader Remap: textures/quicktrip/desert_1 ^3-> ^7textures/korterra1/terrain_1
Shader Remap: textures/quicktrip/desert_1to2 ^3-> ^7textures/korterra1/terrain_1to2
Shader Remap: textures/quicktrip/desert_2 ^3-> ^7textures/korterra1/terrain_2
Shader Remap: textures/quicktrip/qt_basestone_phong ^3-> ^7textures/rift/thin_trim2
Shader Remap: textures/quicktrip/qt_stonefloor_phong ^3-> ^7textures/korriban/k_basicfloor2
Shader Remap: textures/bounty/hexfloor ^3-> ^7textures/rift/carvedwall
Shader Remap: textures/yavin/marbly ^3-> ^7textures/korriban/k_basicfloor2
Shader Remap: textures/quicktrip/pillar ^3-> ^7textures/rift/stone_rim
Shader Remap: textures/quicktrip/qt_pillarbase ^3-> ^7textures/rift/basepiller
Shader Remap: textures/quicktrip/qt_uncut_phong ^3-> ^7textures/rift/carvedwall
Shader Remap: textures/bounty/basic1_dark ^3-> ^7textures/rift/carvedwall
Shader Remap: textures/yavin/bblock3 ^3-> ^7textures/rift/carvedwall
Shader Remap: textures/quicktrip/qt_wall2_phong ^3-> ^7textures/rift/rock3_phong
Shader Remap: textures/quicktrip/new_qt_bridge_joist2 ^3-> ^7textures/rift/carvedwall
Shader Remap: textures/quicktrip/new_qt_wall2_entrance ^3-> ^7textures/rift/rock3_phong
Shader Remap: textures/quicktrip/new_qt_pilar_tops ^3-> ^7textures/korriban/entrance_top
Shader Remap: textures/quicktrip/qt_domebase ^3-> ^7textures/rift/rock3_phong
Shader Remap: textures/quicktrip/qt_wall_insets ^3-> ^7textures/rift/thin_trim2
Shader Remap: textures/quicktrip/qt_trim1 ^3-> ^7textures/korriban/entrance_top
Shader Remap: textures/quicktrip/qt_spillway ^3-> ^7textures/rift/carvedwall
Shader Remap: textures/quicktrip/qt_trim2 ^3-> ^7textures/rift/base_ornate
Shader Remap: textures/quicktrip/qt_trim3 ^3-> ^7textures/korriban/k_wall9b
Shader Remap: textures/quicktrip/qt_underside ^3-> ^7textures/korriban/os_basic_pillarb
Shader Remap: textures/quicktrip/new_qt_wall2_pilars ^3-> ^7textures/rift/carvedwall
Shader Remap: textures/quicktrip/new_qt_spillway ^3-> ^7textures/rift/rock3_phong
Shader Remap: textures/quicktrip/qt_door_rough ^3-> ^7textures/korriban/door
Shader Remap: textures/skies/taspir1 ^3-> ^7textures/skies/Coruscant
Shader Remap: textures/quicktrip/modern_qt_floor ^3-> ^7textures/rift/basepiller
Shader Remap: textures/quicktrip/modern_qt_basestone ^3-> ^7textures/rift/rock3_phong
Shader Remap: textures/quicktrip/modern_qt_trim_top ^3-> ^7textures/korriban/entrance_top
Shader Remap: textures/quicktrip/modern_qt_trim_bottom ^3-> ^7textures/rift/base_ornate
Shader Remap: textures/factory/basic2_tiled_b ^3-> ^7models/players/shadowtrooper/torso_arms
Shader Remap: textures/factory/cat_floor_b ^3-> ^7models/map_objects/roof_top/storage_rack_grate
Shader Remap: console ^3-> ^7textures/factory/goldtop2_noclip
Cvar_Set2: logfile 1
finishing_makermod.cfg 
Cvar_Set2: net_port 29070
Hitch warning: 94371 msec frame time
broadcast: print "Server: g_forceRegenTime changed to 0\n"
broadcast: print "Server: timelimit changed to 0\n"
Resolving masterjk3.ravensoft.com
masterjk3.ravensoft.com resolved to 104.40.23.123:29060
Sending heartbeat to masterjk3.ravensoft.com
Resolving master.jkhub.org
master.jkhub.org resolved to 91.134.207.211:29060
Sending heartbeat to master.jkhub.org
Resolving 162.213.223.155
162.213.223.155 resolved to 162.213.223.155:29060
Sending heartbeat to 162.213.223.155
SV packet 62.113.242.115:29060 : getinfo
SV packet 95.18.107.47:29070 : getinfo
SV packet 85.67.228.70:-2762 : getinfo
Hitch warning: 17656 msec frame time
SV packet 91.134.207.211:29060 : getinfo
SV packet 198.27.141.39:29659 : getinfo
SV packet 4.30.115.102:29247 : getinfo
SV packet 164.132.227.163:-24213 : getstatus
SV packet 188.27.254.10:29070 : getinfo
SV packet 79.86.19.31:29070 : getinfo
SV packet 5.174.79.250:29070 : getinfo
SV packet 4.30.115.102:19995 : getinfo
SV packet 31.178.115.34:29070 : getinfo
SV packet 198.27.141.39:29659 : getinfo
SV packet 164.132.227.163:-19869 : getstatus
SV packet 95.14.96.203:29070 : getinfo
SV packet 198.27.141.39:29659 : getinfo
SV packet 109.174.115.231:-5184 : getinfo
SV packet 95.14.96.203:29070 : getinfo
SV packet 164.132.227.163:-28963 : getstatus
SV packet 198.27.141.39:29659 : getinfo
SV packet 79.198.206.126:29070 : getinfo
SV packet 164.132.227.163:-24177 : getstatus
SV packet 198.27.141.39:29659 : getinfo
SV packet 164.132.227.163:-28539 : getstatus
SV packet 78.70.204.184:-3305 : getinfo
Sending heartbeat to masterj