[Sun Nov 29 12:13:58 2015]  ------------------------------------------------------------
[Sun Nov 29 12:13:58 2015]  InitGame: \dmflags\0\fraglimit\0\timelimit\0\capturelimit\0\g_privateDuel\1\g_saberLocking\1\g_maxForceRank\7\duel_fraglimit\10\g_forceBasedTeams\0\g_duelWeaponDisable\65531\sv_hostname\^3Darkquake's Makermod Server\sv_maxclients\32\sv_maxRate\5000\sv_minPing\0\sv_maxPing\0\sv_floodProtect\0\sv_allowDownload\1\bot_minplayers\0\g_allowNPC\1\g_weaponDisable\0\g_forcePowerDisable\0\g_forceRegenTime\0\g_siegeTeamSwitch\1\g_siegeRespawn\20\g_debugMelee\1\g_noSpecMove\0\g_maxGameClients\0\g_jediVmerc\0\g_siegeTeam1\none\g_siegeTeam2\none\version\(internal)JAmp: v1.0.1.0 win-x86 Oct 30 2003\g_maxHolocronCarry\3\g_gametype\0\g_needpass\0\protocol\26\mapname\t2_trip\sv_privateClients\0\g_stepSlideFix\1\gamename\MakerMod\g_saberWallDamageScale\0.4\bg_fighterAltControl\0\g_showDuelHealths\0
[Sun Nov 29 12:13:59 2015]  ClientConnect: 0
[Sun Nov 29 12:14:05 2015]  ClientBegin: 0
[Sun Nov 29 12:18:12 2015]  ShutdownGame:
[Sun Nov 29 12:18:12 2015]  ------------------------------------------------------------
[Sun Nov 29 12:18:12 2015]  ------------------------------------------------------------
[Sun Nov 29 12:18:12 2015]  InitGame: \dmflags\0\fraglimit\0\timelimit\120\capturelimit\0\g_privateDuel\1\g_saberLocking\1\g_maxForceRank\7\duel_fraglimit\10\g_forceBasedTeams\0\g_duelWeaponDisable\65531\sv_hostname\^3Darkquake's Makermod Server\sv_maxclients\32\sv_maxRate\5000\sv_minPing\0\sv_maxPing\0\sv_floodProtect\0\sv_allowDownload\1\bot_minplayers\0\g_allowNPC\1\g_weaponDisable\0\g_forcePowerDisable\0\g_forceRegenTime\1\g_siegeTeamSwitch\1\g_siegeRespawn\20\g_debugMelee\1\g_noSpecMove\0\g_maxGameClients\0\g_jediVmerc\0\g_siegeTeam1\none\g_siegeTeam2\none\version\(internal)JAmp: v1.0.1.0 win-x86 Oct 30 2003\g_maxHolocronCarry\3\g_gametype\0\g_needpass\0\protocol\26\mapname\t2_trip\sv_privateClients\0\g_stepSlideFix\1\gamename\MakerMod\g_saberWallDamageScale\0.4\bg_fighterAltControl\0\g_showDuelHealths\0
[Sun Nov 29 12:18:14 2015]  ClientConnect: 0
[Sun Nov 29 12:18:20 2015]  ClientBegin: 0
[Sun Nov 29 12:22:14 2015]  ClientDisconnect: 0
[Sun Nov 29 12:22:43 2015]  ClientConnect: 0
[Sun Nov 29 12:22:43 2015]  mlog:Player ^0Ðàrk^2^1Qµàkè, connected. With IP - 127.0.0.1:29071 
[Sun Nov 29 12:22:49 2015]  ClientBegin: 0
[Sun Nov 29 12:36:38 2015]  ClientDisconnect: 0
[Sun Nov 29 12:59:08 2015]  ClientConnect: 0
[Sun Nov 29 12:59:08 2015]  mlog:Player Padawan, connected. With IP - 46.36.157.204:29070 
[Sun Nov 29 12:59:13 2015]  ClientDisconnect: 0
[Sun Nov 29 13:06:16 2015]  ClientConnect: 0
[Sun Nov 29 13:06:16 2015]  mlog:Player Padawan, connected. With IP - 176.63.37.23:-4082 
[Sun Nov 29 13:06:50 2015]  ClientBegin: 0
[Sun Nov 29 13:08:08 2015]  ClientDisconnect: 0
[Sun Nov 29 15:51:55 2015]  ClientConnect: 0
[Sun Nov 29 15:51:55 2015]  mlog:Player Padawan, connected. With IP - 93.171.160.190:29070 
[Sun Nov 29 15:52:27 2015]  ClientBegin: 0
[Sun Nov 29 15:55:03 2015]  ClientDisconnect: 0
[Sun Nov 29 18:57:27 2015]  ClientConnect: 0
[Sun Nov 29 18:57:27 2015]  mlog:Player Dart Eren, connected. With IP - 95.153.123.189:29070 
[Sun Nov 29 18:57:30 2015]  ClientDisconnect: 0
[Sun Nov 29 18:57:30 2015]  ClientConnect: 0
[Sun Nov 29 18:57:30 2015]  mlog:Player Dart Eren, connected. With IP - 95.153.123.189:29070 
[Sun Nov 29 18:57:48 2015]  ClientBegin: 0
[Sun Nov 29 18:59:40 2015]  ClientConnect: 1
[Sun Nov 29 18:59:40 2015]  mlog:Player MrBigKent, connected. With IP - 87.245.157.140:29070 
[Sun Nov 29 19:00:06 2015]  ClientBegin: 1
[Sun Nov 29 19:01:05 2015]  Kill: 0 1 3: Dart Erok killed MrBigKent by MOD_SABER
[Sun Nov 29 19:01:59 2015]  Kill: 1 0 3: MrBigKent killed Dart Erok by MOD_SABER
[Sun Nov 29 19:02:48 2015]  Kill: 0 1 3: Dart Erok killed MrBigKent by MOD_SABER
[Sun Nov 29 19:03:47 2015]  Kill: 1 0 3: MrBigKent killed Dart Erok by MOD_SABER
[Sun Nov 29 19:04:19 2015]  Kill: 0 1 3: Dart Erok killed MrBigKent by MOD_SABER
[Sun Nov 29 19:05:02 2015]  Kill: 1 0 3: MrBigKent killed Dart Erok by MOD_SABER
[Sun Nov 29 19:05:06 2015]  ClientDisconnect: 1
[Sun Nov 29 19:05:10 2015]  ClientDisconnect: 0
[Sun Nov 29 19:07:46 2015]  ClientConnect: 0
[Sun Nov 29 19:07:46 2015]  mlog:Player Returner, connected. With IP - 99.30.77.218:29070 
[Sun Nov 29 19:08:09 2015]  ClientBegin: 0
[Sun Nov 29 19:09:37 2015]  ClientDisconnect: 0
[Sun Nov 29 20:26:09 2015]  ClientConnect: 0
[Sun Nov 29 20:26:09 2015]  mlog:Player Anakin_Skywalker, connected. With IP - 83.4.132.186:29070 
[Sun Nov 29 20:26:27 2015]  ClientBegin: 0
[Sun Nov 29 20:27:22 2015]  say: Anakin_Skywalker: NPC SPAWN JEDI
[Sun Nov 29 20:28:23 2015]  ClientDisconnect: 0
[Sun Nov 29 21:03:21 2015]  ClientConnect: 0
[Sun Nov 29 21:03:21 2015]  mlog:Player Returner, connected. With IP - 99.30.77.218:29070 
[Sun Nov 29 21:03:43 2015]  ClientBegin: 0
[Sun Nov 29 21:04:29 2015]  ClientDisconnect: 0
[Sun Nov 29 21:10:03 2015]  ClientConnect: 0
[Sun Nov 29 21:10:03 2015]  mlog:Player Returner, connected. With IP - 99.30.77.218:29070 
[Sun Nov 29 21:10:25 2015]  ClientBegin: 0
[Sun Nov 29 21:10:39 2015]  say: jumboshrimp: script
[Sun Nov 29 21:12:27 2015]  say: jumboshrimp: script1
[Sun Nov 29 21:12:32 2015]  say: jumboshrimp: script1
[Sun Nov 29 21:13:14 2015]  ClientDisconnect: 0
[Sun Nov 29 22:57:45 2015]  ClientConnect: 0
[Sun Nov 29 22:57:45 2015]  mlog:Player Padawan, connected. With IP - 75.131.95.180:29070 
[Sun Nov 29 22:58:18 2015]  ClientBegin: 0
[Sun Nov 29 23:00:34 2015]  ClientDisconnect: 0
[Tue Dec 01 12:52:44 2015]  ClientConnect: 0
[Tue Dec 01 12:52:44 2015]  mlog:Player Wybitny, connected. With IP - 157.158.208.32:29070 
[Tue Dec 01 12:52:46 2015]  ClientConnect: 1
[Tue Dec 01 12:52:46 2015]  mlog:Player Padawan, connected. With IP - 157.158.209.62:29070 
[Tue Dec 01 12:52:57 2015]  ClientBegin: 0
[Tue Dec 01 12:53:02 2015]  ClientBegin: 1
[Tue Dec 01 12:53:11 2015]  Kill: 0 1 3: Wybitny killed Padawan by MOD_SABER
[Tue Dec 01 12:54:35 2015]  tell: Padawan to Wybitny: wsdf
[Tue Dec 01 12:54:46 2015]  tell: Padawan to Wybitny: potatore
[Tue Dec 01 12:54:51 2015]  say: Wybitny: aaa
[Tue Dec 01 12:58:49 2015]  Kill: 1022 1 38: <world> killed Padawan by MOD_FALLING
[Tue Dec 01 12:59:10 2015]  Kill: 1 0 3: Padawan killed Wybitny by MOD_SABER
[Tue Dec 01 12:59:23 2015]  Kill: 0 1 3: Wybitny killed Padawan by MOD_SABER
[Tue Dec 01 12:59:39 2015]  Kill: 1 0 31: Padawan killed Wybitny by MOD_FORCE_DARK
[Tue Dec 01 13:00:33 2015]  Kill: 0 1 3: Wybitny killed Padawan by MOD_SABER
[Tue Dec 01 13:01:48 2015]  Kill: 0 1 3: Wybitny killed Padawan by MOD_SABER
[Tue Dec 01 13:02:04 2015]  Kill: 0 1 3: Wybitny killed Padawan by MOD_SABER
[Tue Dec 01 13:02:28 2015]  Kill: 1 0 31: Padawan killed Wybitny by MOD_FORCE_DARK
[Tue Dec 01 13:02:57 2015]  Kill: 0 1 3: Wybitny killed Padawan by MOD_SABER
[Tue Dec 01 13:03:38 2015]  Kill: 1 0 3: Padawan killed Wybitny by MOD_SABER
[Tue Dec 01 13:04:51 2015]  Kill: 0 1 3: Wybitny killed Padawan by MOD_SABER
[Tue Dec 01 13:06:49 2015]  Kill: 0 1 3: Wybitny killed Padawan by MOD_SABER
[Tue Dec 01 13:06:57 2015]  Kill: 1 0 3: Padawan killed Wybitny by MOD_SABER
[Tue Dec 01 13:07:03 2015]  ClientDisconnect: 0
[Tue Dec 01 13:07:04 2015]  ClientDisconnect: 1
[Tue Dec 01 15:32:47 2015]  ClientConnect: 0
[Tue Dec 01 15:32:47 2015]  mlog:Player BeOnOvEc, connected. With IP - 31.173.243.30:-27764 
[Tue Dec 01 15:36:11 2015]  ClientDisconnect: 0
[Tue Dec 01 19:06:32 2015]  ClientConnect: 0
[Tue Dec 01 19:06:32 2015]  mlog:Player Muudys, connected. With IP - 78.157.167.69:-32695 
[Tue Dec 01 19:06:58 2015]  ClientBegin: 0
[Tue Dec 01 19:07:43 2015]  ClientConnect: 1
[Tue Dec 01 19:07:43 2015]  mlog:Player Freel, connected. With IP - 78.157.167.69:1024 
[Tue Dec 01 19:08:00 2015]  ClientBegin: 1
[Tue Dec 01 19:08:03 2015]  ClientConnect: 2
[Tue Dec 01 19:08:03 2015]  mlog:Player gobrCZ, connected. With IP - 85.71.33.251:29070 
[Tue Dec 01 19:08:07 2015]  ClientConnect: 3
[Tue Dec 01 19:08:07 2015]  mlog:Player Padawan, connected. With IP - 188.175.145.246:-13514 
[Tue Dec 01 19:08:28 2015]  ClientBegin: 2
[Tue Dec 01 19:08:31 2015]  Kill: 3 2 37: Padawan killed gobrCZ by MOD_TELEFRAG
[Tue Dec 01 19:08:31 2015]  ClientBegin: 3
[Tue Dec 01 19:08:33 2015]  Kill: 2 3 37: gobrCZ killed Padawan by MOD_TELEFRAG
[Tue Dec 01 19:08:38 2015]  Kill: 0 2 3: Muudys killed gobrCZ by MOD_SABER
[Tue Dec 01 19:08:46 2015]  Kill: 2 0 3: gobrCZ killed Muudys by MOD_SABER
[Tue Dec 01 19:08:59 2015]  Kill: 1 3 3: Freel killed Padawan by MOD_SABER
[Tue Dec 01 19:09:08 2015]  Kill: 1 0 3: Freel killed Muudys by MOD_SABER
[Tue Dec 01 19:09:31 2015]  say: Muudys: /msaveobs
[Tue Dec 01 19:09:58 2015]  Kill: 0 2 5: Muudys killed gobrCZ by MOD_BRYAR_PISTOL_ALT
[Tue Dec 01 19:12:17 2015]  ClientDisconnect: 0
[Tue Dec 01 19:12:26 2015]  ClientDisconnect: 2
[Tue Dec 01 19:13:32 2015]  ClientDisconnect: 3
[Tue Dec 01 19:16:12 2015]  ClientDisconnect: 1
[Wed Dec 02 17:55:30 2015]  ClientConnect: 0
[Wed Dec 02 17:55:30 2015]  mlog:Player Daniel, connected. With IP - 91.79.25.239:29070 
[Wed Dec 02 17:55:56 2015]  ClientBegin: 0
[Wed Dec 02 17:57:22 2015]  ClientConnect: 1
[Wed Dec 02 17:57:22 2015]  mlog:Player VitasGames, connected. With IP - 46.63.235.96:29070 
[Wed Dec 02 17:58:36 2015]  ClientBegin: 1
[Wed Dec 02 18:00:20 2015]  Kill: 1 0 3: VitasGames killed Daniel by MOD_SABER
[Wed Dec 02 18:01:34 2015]  Kill: 1 0 3: VitasGames killed Daniel by MOD_SABER
[Wed Dec 02 18:02:06 2015]  Kill: 0 1 3: Daniel killed VitasGames by MOD_SABER
[Wed Dec 02 18:04:45 2015]  Kill: 1 0 3: VitasGames killed Daniel by MOD_SABER
[Wed Dec 02 18:05:55 2015]  Kill: 0 1 3: Daniel killed VitasGames by MOD_SABER
[Wed Dec 02 18:06:56 2015]  say: Daniel: ttrtyt 
[Wed Dec 02 18:07:26 2015]  Kill: 1 0 3: VitasGames killed Daniel by MOD_SABER
[Wed Dec 02 18:09:23 2015]  Kill: 1 0 3: VitasGames killed Daniel by MOD_SABER
[Wed Dec 02 18:11:31 2015]  Kill: 0 1 4: Daniel killed VitasGames by MOD_BRYAR_PISTOL
[Wed Dec 02 18:12:02 2015]  Kill: 0 1 3: Daniel killed VitasGames by MOD_SABER
[Wed Dec 02 18:12:08 2015]  Kill: 1 0 3: VitasGames killed Daniel by MOD_SABER
[Wed Dec 02 18:15:37 2015]  Kill: 0 1 3: Daniel killed VitasGames by MOD_SABER
[Wed Dec 02 18:16:15 2015]  Kill: 1 0 3: VitasGames killed Daniel by MOD_SABER
[Wed Dec 02 18:18:46 2015]  Kill: 0 0 39: Daniel killed Daniel by MOD_SUICIDE
[Wed Dec 02 18:19:16 2015]  Kill: 1 1 39: VitasGames killed VitasGames by MOD_SUICIDE
[Wed Dec 02 18:19:40 2015]  Kill: 1 0 31: VitasGames killed Daniel by MOD_FORCE_DARK
[Wed Dec 02 18:19:51 2015]  Kill: 1 0 3: VitasGames killed Daniel by MOD_SABER
[Wed Dec 02 18:19:59 2015]  Kill: 0 1 3: Daniel killed VitasGames by MOD_SABER
[Wed Dec 02 18:20:35 2015]  Kill: 1 0 3: VitasGames killed Daniel by MOD_SABER
[Wed Dec 02 18:21:14 2015]  Kill: 0 1 3: Daniel killed VitasGames by MOD_SABER
[Wed Dec 02 18:21:55 2015]  Kill: 0 0 39: Daniel killed Daniel by MOD_SUICIDE
[Wed Dec 02 18:23:34 2015]  Kill: 1 0 3: VitasGames killed Daniel by MOD_SABER
[Wed Dec 02 18:24:13 2015]  Kill: 1 0 3: VitasGames killed Daniel by MOD_SABER
[Wed Dec 02 18:24:27 2015]  ClientDisconnect: 1
[Wed Dec 02 18:24:36 2015]  ClientDisconnect: 0
[Wed Dec 02 20:41:30 2015]  ClientConnect: 0
[Wed Dec 02 20:41:30 2015]  mlog:Player ^1Glammbold, connected. With IP - 86.56.92.6:29070 
[Wed Dec 02 20:41:48 2015]  ClientBegin: 0
[Wed Dec 02 20:42:41 2015]  ClientDisconnect: 0
[Thu Dec 03 10:00:39 2015]  ClientConnect: 0
[Thu Dec 03 10:00:39 2015]  mlog:Player Load Nerazil, connected. With IP - 130.225.198.222:1931 
[Thu Dec 03 10:00:56 2015]  ClientBegin: 0
[Thu Dec 03 10:01:01 2015]  ClientDisconnect: 0
[Thu Dec 03 10:03:57 2015]  ClientConnect: 0
[Thu Dec 03 10:03:57 2015]  mlog:Player Darth Lange, connected. With IP - 130.225.247.88:2242 
[Thu Dec 03 10:04:10 2015]  ClientBegin: 0
[Thu Dec 03 10:04:34 2015]  ClientConnect: 1
[Thu Dec 03 10:04:34 2015]  mlog:Player Yo Mama, connected. With IP - 130.225.198.197:4650 
[Thu Dec 03 10:04:46 2015]  ClientBegin: 1
[Thu Dec 03 10:04:46 2015]  ClientConnect: 2
[Thu Dec 03 10:04:46 2015]  mlog:Player Load Nerazil, connected. With IP - 130.225.198.222:1931 
[Thu Dec 03 10:04:52 2015]  ClientConnect: 3
[Thu Dec 03 10:04:52 2015]  mlog:Player Jedi Master, connected. With IP - 130.225.198.222:1842 
[Thu Dec 03 10:04:54 2015]  ClientBegin: 2
[Thu Dec 03 10:05:04 2015]  ClientBegin: 3
[Thu Dec 03 10:05:10 2015]  Kill: 1 2 3: Yo Mama killed Load Nerazil by MOD_SABER
[Thu Dec 03 10:05:25 2015]  Kill: 2 3 3: Load Nerazil killed lord_aau by MOD_SABER
[Thu Dec 03 10:05:44 2015]  Kill: 3 2 3: lord_aau killed Load Nerazil by MOD_SABER
[Thu Dec 03 10:05:45 2015]  ClientConnect: 4
[Thu Dec 03 10:05:45 2015]  mlog:Player Noodles, connected. With IP - 130.225.198.222:8961 
[Thu Dec 03 10:05:49 2015]  Kill: 0 3 3: Darth Lange killed lord_aau by MOD_SABER
[Thu Dec 03 10:05:58 2015]  Kill: 0 1 31: Darth Lange killed Yo Mama by MOD_FORCE_DARK
[Thu Dec 03 10:06:02 2015]  ClientBegin: 4
[Thu Dec 03 10:06:12 2015]  Kill: 2 1 3: Load Nerazil killed Yo Mama by MOD_SABER
[Thu Dec 03 10:06:27 2015]  Kill: 4 2 31: Noodles killed Load Nerazil by MOD_FORCE_DARK
[Thu Dec 03 10:06:52 2015]  Kill: 4 1 3: Noodles killed Yo Mama by MOD_SABER
[Thu Dec 03 10:06:55 2015]  Kill: 0 2 3: Darth Lange killed Load Nerazil by MOD_SABER
[Thu Dec 03 10:06:59 2015]  ClientDisconnect: 2
[Thu Dec 03 10:07:07 2015]  Kill: 1 3 3: Yo Mama killed lord_aau by MOD_SABER
[Thu Dec 03 10:07:15 2015]  Kill: 1 0 31: Yo Mama killed Darth Lange by MOD_FORCE_DARK
[Thu Dec 03 10:07:30 2015]  Kill: 0 4 3: Darth Lange killed Noodles by MOD_SABER
[Thu Dec 03 10:07:39 2015]  Kill: 0 1 3: Darth Lange killed Yo Mama by MOD_SABER
[Thu Dec 03 10:08:02 2015]  ClientDisconnect: 0
[Thu Dec 03 10:08:20 2015]  Kill: 4 1 31: Noodles killed Yo Mama by MOD_FORCE_DARK
[Thu Dec 03 10:08:27 2015]  Kill: 1 3 3: Yo Mama killed lord_aau by MOD_SABER
[Thu Dec 03 10:08:53 2015]  Kill: 4 1 3: Noodles killed Yo Mama by MOD_SABER
[Thu Dec 03 10:09:19 2015]  Kill: 3 1 3: lord_aau killed Yo Mama by MOD_SABER
[Thu Dec 03 10:09:23 2015]  ClientDisconnect: 1
[Thu Dec 03 10:10:27 2015]  Kill: 4 3 3: Noodles killed lord_aau by MOD_SABER
[Thu Dec 03 10:10:35 2015]  ClientDisconnect: 3
[Thu Dec 03 10:10:35 2015]  ClientDisconnect: 4
[Thu Dec 03 15:48:40 2015]  ClientConnect: 0
[Thu Dec 03 15:48:40 2015]  mlog:Player Padawan, connected. With IP - 37.49.174.228:29070 
[Thu Dec 03 15:49:02 2015]  ClientBegin: 0
[Thu Dec 03 15:51:43 2015]  ClientDisconnect: 0
[Thu Dec 03 21:47:51 2015]  ClientConnect: 0
[Thu Dec 03 21:47:51 2015]  mlog:Player Darth Bridge, connected. With IP - 88.236.238.229:29070 
[Thu Dec 03 21:48:03 2015]  ClientBegin: 0
[Thu Dec 03 21:48:14 2015]  ClientConnect: 1
[Thu Dec 03 21:48:14 2015]  mlog:Player Farcell, connected. With IP - 46.107.68.48:29070 
[Thu Dec 03 21:48:31 2015]  ClientBegin: 1
[Thu Dec 03 21:49:13 2015]  Kill: 0 1 3: Darth Bridge killed Farcell by MOD_SABER
[Thu Dec 03 21:50:01 2015]  Kill: 1 0 3: Farcell killed Darth Bridge by MOD_SABER
[Thu Dec 03 21:50:22 2015]  Kill: 0 1 3: Darth Bridge killed Farcell by MOD_SABER
[Thu Dec 03 21:52:36 2015]  Kill: 0 1 3: Darth Bridge killed Farcell by MOD_SABER
[Thu Dec 03 21:53:00 2015]  Kill: 1 0 3: Farcell killed Darth Bridge by MOD_SABER
[Thu Dec 03 21:54:04 2015]  print "Darth Bridge^7 @@@PLRENAME Master Bridge
"[Thu Dec 03 21:55:48 2015]  Kill: 1 0 3: Farcell killed Master Bridge by MOD_SABER
[Thu Dec 03 21:56:17 2015]  Kill: 0 1 3: Master Bridge killed Farcell by MOD_SABER
[Thu Dec 03 21:56:45 2015]  Kill: 1 0 3: Farcell killed Master Bridge by MOD_SABER
[Thu Dec 03 21:57:29 2015]  Kill: 0 1 3: Master Bridge killed Farcell by MOD_SABER
[Thu Dec 03 21:58:38 2015]  Kill: 0 1 3: Master Bridge killed Farcell by MOD_SABER
[Thu Dec 03 21:59:16 2015]  Kill: 1 0 3: Farcell killed Master Bridge by MOD_SABER
[Thu Dec 03 22:00:39 2015]  Kill: 1 0 3: Farcell killed Master Bridge by MOD_SABER
[Thu Dec 03 22:00:43 2015]  ClientDisconnect: 0
[Thu Dec 03 22:00:49 2015]  ClientDisconnect: 1
[Thu Dec 03 22:05:44 2015]  ClientConnect: 0
[Thu Dec 03 22:05:44 2015]  mlog:Player Darth Bridge, connected. With IP - 88.236.238.229:29070 
[Thu Dec 03 22:05:49 2015]  ClientConnect: 1
[Thu Dec 03 22:05:49 2015]  mlog:Player Farcell, connected. With IP - 46.107.68.48:29070 
[Thu Dec 03 22:05:52 2015]  ClientBegin: 0
[Thu Dec 03 22:05:58 2015]  ClientBegin: 1
[Thu Dec 03 22:06:02 2015]  ClientConnect: 2
[Thu Dec 03 22:06:02 2015]  mlog:Player Padawan, connected. With IP - 88.254.215.65:29070 
[Thu Dec 03 22:06:17 2015]  Kill: 2 1 37: Padawan killed Farcell by MOD_TELEFRAG
[Thu Dec 03 22:06:17 2015]  ClientBegin: 2
[Thu Dec 03 22:06:25 2015]  Kill: 0 0 39: Master Bridge killed Master Bridge by MOD_SUICIDE
[Thu Dec 03 22:06:25 2015]  setteam:  0 FREE SPECTATOR
[Thu Dec 03 22:06:25 2015]  ClientBegin: 0
[Thu Dec 03 22:06:36 2015]  setteam:  0 SPECTATOR FREE
[Thu Dec 03 22:06:36 2015]  ClientBegin: 0
[Thu Dec 03 22:07:16 2015]  Kill: 0 1 3: Master Bridge killed Farcell by MOD_SABER
[Thu Dec 03 22:07:28 2015]  Kill: 1 2 3: Farcell killed Padawan by MOD_SABER
[Thu Dec 03 22:08:15 2015]  Kill: 1 0 3: Farcell killed Master Bridge by MOD_SABER
[Thu Dec 03 22:08:24 2015]  Kill: 1 2 3: Farcell killed Padawan by MOD_SABER
[Thu Dec 03 22:09:01 2015]  Kill: 1 0 3: Farcell killed Master Bridge by MOD_SABER
[Thu Dec 03 22:09:06 2015]  Kill: 1 2 3: Farcell killed Padawan by MOD_SABER
[Thu Dec 03 22:09:52 2015]  Kill: 0 1 3: Master Bridge killed Farcell by MOD_SABER
[Thu Dec 03 22:10:16 2015]  Kill: 1 2 3: Farcell killed Padawan by MOD_SABER
[Thu Dec 03 22:10:48 2015]  Kill: 1 2 3: Farcell killed Padawan by MOD_SABER
[Thu Dec 03 22:11:09 2015]  Kill: 0 1 3: Master Bridge killed Farcell by MOD_SABER
[Thu Dec 03 22:11:18 2015]  Kill: 0 2 3: Master Bridge killed Padawan by MOD_SABER
[Thu Dec 03 22:11:59 2015]  Kill: 0 1 3: Master Bridge killed Farcell by MOD_SABER
[Thu Dec 03 22:12:11 2015]  Kill: 1 2 3: Farcell killed Padawan by MOD_SABER
[Thu Dec 03 22:13:03 2015]  Kill: 0 1 3: Master Bridge killed Farcell by MOD_SABER
[Thu Dec 03 22:14:13 2015]  Kill: 0 1 3: Master Bridge killed Farcell by MOD_SABER
[Thu Dec 03 22:14:15 2015]  ClientDisconnect: 2
[Thu Dec 03 22:14:41 2015]  Kill: 0 1 3: Master Bridge killed Farcell by MOD_SABER
[Thu Dec 03 22:15:01 2015]  Kill: 1 0 3: Farcell killed Master Bridge by MOD_SABER
[Thu Dec 03 22:15:07 2015]  setteam:  0 FREE SPECTATOR
[Thu Dec 03 22:15:07 2015]  ClientBegin: 0
[Thu Dec 03 22:15:42 2015]  setteam:  0 SPECTATOR FREE
[Thu Dec 03 22:15:42 2015]  ClientBegin: 0
[Thu Dec 03 22:15:49 2015]  Kill: 0 0 39: Master Bridge killed Master Bridge by MOD_SUICIDE
[Thu Dec 03 22:15:49 2015]  setteam:  0 FREE SPECTATOR
[Thu Dec 03 22:15:49 2015]  ClientBegin: 0
[Thu Dec 03 22:15:56 2015]  setteam:  0 SPECTATOR FREE
[Thu Dec 03 22:15:56 2015]  ClientBegin: 0
[Thu Dec 03 22:16:29 2015]  Kill: 1 0 3: Farcell killed Master Bridge by MOD_SABER
[Thu Dec 03 22:16:51 2015]  Kill: 0 1 3: Master Bridge killed Farcell by MOD_SABER
[Thu Dec 03 22:17:58 2015]  Kill: 1 0 3: Farcell killed Master Bridge by MOD_SABER
[Thu Dec 03 22:18:03 2015]  setteam:  0 FREE SPECTATOR
[Thu Dec 03 22:18:03 2015]  ClientBegin: 0
[Thu Dec 03 22:18:24 2015]  setteam:  0 SPECTATOR FREE
[Thu Dec 03 22:18:24 2015]  ClientBegin: 0
[Thu Dec 03 22:18:47 2015]  Kill: 0 1 3: Master Bridge killed Farcell by MOD_SABER
[Thu Dec 03 22:19:45 2015]  Kill: 0 1 3: Master Bridge killed Farcell by MOD_SABER
[Thu Dec 03 22:20:42 2015]  Kill: 0 1 3: Master Bridge killed Farcell by MOD_SABER
[Thu Dec 03 22:21:19 2015]  Kill: 1 0 3: Farcell killed Master Bridge by MOD_SABER
[Thu Dec 03 22:22:05 2015]  Kill: 1 0 3: Farcell killed Master Bridge by MOD_SABER
[Thu Dec 03 22:22:44 2015]  Kill: 1 0 3: Farcell killed Master Bridge by MOD_SABER
[Thu Dec 03 22:23:17 2015]  Kill: 0 1 3: Master Bridge killed Farcell by MOD_SABER
[Thu Dec 03 22:23:32 2015]  Kill: 0 1 3: Master Bridge killed Farcell by MOD_SABER
[Thu Dec 03 22:24:09 2015]  Kill: 1 0 3: Farcell killed Master Bridge by MOD_SABER
[Thu Dec 03 22:24:38 2015]  Kill: 1 0 3: Farcell killed Master Bridge by MOD_SABER
[Thu Dec 03 22:24:41 2015]  setteam:  0 FREE SPECTATOR
[Thu Dec 03 22:24:41 2015]  ClientBegin: 0
[Thu Dec 03 22:25:15 2015]  setteam:  0 SPECTATOR FREE
[Thu Dec 03 22:25:15 2015]  ClientBegin: 0
[Thu Dec 03 22:25:21 2015]  Kill: 0 0 39: Master Bridge killed Master Bridge by MOD_SUICIDE
[Thu Dec 03 22:25:21 2015]  setteam:  0 FREE SPECTATOR
[Thu Dec 03 22:25:21 2015]  ClientBegin: 0
[Thu Dec 03 22:25:28 2015]  Kill: 1 1 39: Farcell killed Farcell by MOD_SUICIDE
[Thu Dec 03 22:25:28 2015]  setteam:  1 FREE SPECTATOR
[Thu Dec 03 22:25:28 2015]  ClientBegin: 1
[Thu Dec 03 22:25:31 2015]  setteam:  0 SPECTATOR FREE
[Thu Dec 03 22:25:31 2015]  ClientBegin: 0
[Thu Dec 03 22:25:58 2015]  setteam:  1 SPECTATOR FREE
[Thu Dec 03 22:25:58 2015]  ClientBegin: 1
[Thu Dec 03 22:26:34 2015]  Kill: 1 0 3: Farcell killed Master Bridge by MOD_SABER
[Thu Dec 03 22:26:52 2015]  Kill: 1 0 3: Farcell killed Master Bridge by MOD_SABER
[Thu Dec 03 22:27:10 2015]  Kill: 1 0 3: Farcell killed Master Bridge by MOD_SABER
[Thu Dec 03 22:28:07 2015]  Kill: 0 1 4: Master Bridge killed Farcell by MOD_BRYAR_PISTOL
[Thu Dec 03 22:28:20 2015]  Kill: 1 0 3: Farcell killed Master Bridge by MOD_SABER
[Thu Dec 03 22:30:07 2015]  Kill: 0 1 3: Master Bridge killed Farcell by MOD_SABER
[Thu Dec 03 22:30:43 2015]  Kill: 0 1 3: Master Bridge killed Farcell by MOD_SABER
[Thu Dec 03 22:31:22 2015]  Kill: 1 0 3: Farcell killed Master Bridge by MOD_SABER
[Thu Dec 03 22:31:54 2015]  Kill: 1 0 3: Farcell killed Master Bridge by MOD_SABER
[Thu Dec 03 22:32:07 2015]  Kill: 1 0 3: Farcell killed Master Bridge by MOD_SABER
[Thu Dec 03 22:32:52 2015]  Kill: 0 1 3: Master Bridge killed Farcell by MOD_SABER
[Thu Dec 03 22:33:56 2015]  Kill: 1 0 3: Farcell killed Master Bridge by MOD_SABER
[Thu Dec 03 22:34:01 2015]  setteam:  0 FREE SPECTATOR
[Thu Dec 03 22:34:01 2015]  ClientBegin: 0
[Thu Dec 03 22:34:13 2015]  Kill: 1 1 39: Farcell killed Farcell by MOD_SUICIDE
[Thu Dec 03 22:34:13 2015]  setteam:  1 FREE SPECTATOR
[Thu Dec 03 22:34:13 2015]  ClientBegin: 1
[Thu Dec 03 22:34:51 2015]  setteam:  0 SPECTATOR FREE
[Thu Dec 03 22:34:51 2015]  ClientBegin: 0
[Thu Dec 03 22:34:58 2015]  Kill: 0 0 39: Master Bridge killed Master Bridge by MOD_SUICIDE
[Thu Dec 03 22:34:58 2015]  setteam:  0 FREE SPECTATOR
[Thu Dec 03 22:34:58 2015]  ClientBegin: 0
[Thu Dec 03 22:35:04 2015]  setteam:  0 SPECTATOR FREE
[Thu Dec 03 22:35:04 2015]  ClientBegin: 0
[Thu Dec 03 22:35:26 2015]  setteam:  1 SPECTATOR FREE
[Thu Dec 03 22:35:26 2015]  ClientBegin: 1
[Thu Dec 03 22:35:58 2015]  Kill: 0 1 3: Master Bridge killed Farcell by MOD_SABER
[Thu Dec 03 22:36:11 2015]  Kill: 0 1 3: Master Bridge killed Farcell by MOD_SABER
[Thu Dec 03 22:36:40 2015]  Kill: 0 1 3: Master Bridge killed Farcell by MOD_SABER
[Thu Dec 03 22:37:34 2015]  Kill: 0 1 3: Master Bridge killed Farcell by MOD_SABER
[Thu Dec 03 22:37:44 2015]  Kill: 1 0 3: Farcell killed Master Bridge by MOD_SABER
[Thu Dec 03 22:37:52 2015]  setteam:  0 FREE SPECTATOR
[Thu Dec 03 22:37:52 2015]  ClientBegin: 0
[Thu Dec 03 22:38:12 2015]  setteam:  0 SPECTATOR FREE
[Thu Dec 03 22:38:12 2015]  ClientBegin: 0
[Thu Dec 03 22:38:18 2015]  Kill: 0 0 39: Master Bridge killed Master Bridge by MOD_SUICIDE
[Thu Dec 03 22:38:18 2015]  setteam:  0 FREE SPECTATOR
[Thu Dec 03 22:38:18 2015]  ClientBegin: 0
[Thu Dec 03 22:38:24 2015]  setteam:  0 SPECTATOR FREE
[Thu Dec 03 22:38:24 2015]  ClientBegin: 0
[Thu Dec 03 22:38:58 2015]  Kill: 1 0 3: Farcell killed Master Bridge by MOD_SABER
[Thu Dec 03 22:39:15 2015]  Kill: 1 0 3: Farcell killed Master Bridge by MOD_SABER
[Thu Dec 03 22:39:34 2015]  Kill: 0 1 3: Master Bridge killed Farcell by MOD_SABER
[Thu Dec 03 22:39:48 2015]  Kill: 0 1 3: Master Bridge killed Farcell by MOD_SABER
[Thu Dec 03 22:40:32 2015]  Kill: 1 0 3: Farcell killed Master Bridge by MOD_SABER
[Thu Dec 03 22:41:37 2015]  Kill: 0 1 3: Master Bridge killed Farcell by MOD_SABER
[Thu Dec 03 22:41:52 2015]  Kill: 0 1 3: Master Bridge killed Farcell by MOD_SABER
[Thu Dec 03 22:42:27 2015]  Kill: 1 0 3: Farcell killed Master Bridge by MOD_SABER
[Thu Dec 03 22:42:41 2015]  Kill: 0 1 3: Master Bridge killed Farcell by MOD_SABER
[Thu Dec 03 22:44:06 2015]  Kill: 0 1 3: Master Bridge killed Farcell by MOD_SABER
[Thu Dec 03 22:44:26 2015]  Kill: 0 1 3: Master Bridge killed Farcell by MOD_SABER
[Thu Dec 03 22:44:42 2015]  Kill: 1 0 3: Farcell killed Master Bridge by MOD_SABER
[Thu Dec 03 22:44:58 2015]  Kill: 1 0 3: Farcell killed Master Bridge by MOD_SABER
[Thu Dec 03 22:45:16 2015]  Kill: 0 1 3: Master Bridge killed Farcell by MOD_SABER
[Thu Dec 03 22:45:28 2015]  Kill: 0 1 3: Master Bridge killed Farcell by MOD_SABER
[Thu Dec 03 22:45:39 2015]  Kill: 0 1 3: Master Bridge killed Farcell by MOD_SABER
[Thu Dec 03 22:46:03 2015]  Kill: 0 1 3: Master Bridge killed Farcell by MOD_SABER
[Thu Dec 03 22:46:10 2015]  Kill: 1 0 5: Farcell killed Master Bridge by MOD_BRYAR_PISTOL_ALT
[Thu Dec 03 22:46:45 2015]  Kill: 1 0 3: Farcell killed Master Bridge by MOD_SABER
[Thu Dec 03 22:47:18 2015]  Kill: 0 1 3: Master Bridge killed Farcell by MOD_SABER
[Thu Dec 03 22:47:44 2015]  Kill: 0 1 3: Master Bridge killed Farcell by MOD_SABER
[Thu Dec 03 22:48:31 2015]  Kill: 0 1 3: Master Bridge killed Farcell by MOD_SABER
[Thu Dec 03 22:48:37 2015]  Kill: 1 0 5: Farcell killed Master Bridge by MOD_BRYAR_PISTOL_ALT
[Thu Dec 03 22:49:11 2015]  Kill: 1 0 3: Farcell killed Master Bridge by MOD_SABER
[Thu Dec 03 22:49:17 2015]  setteam:  0 FREE SPECTATOR
[Thu Dec 03 22:49:17 2015]  ClientBegin: 0
[Thu Dec 03 22:49:41 2015]  setteam:  0 SPECTATOR FREE
[Thu Dec 03 22:49:41 2015]  ClientBegin: 0
[Thu Dec 03 22:50:00 2015]  Kill: 0 1 3: Master Bridge killed Farcell by MOD_SABER
[Thu Dec 03 22:51:02 2015]  Kill: 0 1 3: Master Bridge killed Farcell by MOD_SABER
[Thu Dec 03 22:51:23 2015]  Kill: 1 0 3: Farcell killed Master Bridge by MOD_SABER
[Thu Dec 03 22:51:36 2015]  Kill: 1 0 3: Farcell killed Master Bridge by MOD_SABER
[Thu Dec 03 22:51:59 2015]  Kill: 0 1 3: Master Bridge killed Farcell by MOD_SABER
[Thu Dec 03 22:52:08 2015]  ClientDisconnect: 1
[Thu Dec 03 22:52:15 2015]  ClientDisconnect: 0
[Fri Dec 04 05:39:09 2015]  ClientConnect: 0
[Fri Dec 04 05:39:09 2015]  mlog:Player Padawan, connected. With IP - 213.87.103.129:9181 
[Fri Dec 04 05:39:31 2015]  ClientBegin: 0
[Fri Dec 04 05:45:22 2015]  ClientDisconnect: 0
[Fri Dec 04 23:29:26 2015]  ClientConnect: 0
[Fri Dec 04 23:29:26 2015]  mlog:Player Padawan, connected. With IP - 92.53.5.213:29070 
[Fri Dec 04 23:30:28 2015]  ClientBegin: 0
[Fri Dec 04 23:30:33 2015]  ClientConnect: 1
[Fri Dec 04 23:30:33 2015]  mlog:Player ^5Disco^2bug, connected. With IP - 79.126.248.183:29070 
[Fri Dec 04 23:30:54 2015]  ClientBegin: 1
[Fri Dec 04 23:31:39 2015]  print "^5Disco^2bug^7 @@@PLRENAME Padawan
"[Fri Dec 04 23:32:51 2015]  print "Padawan^7 @@@PLRENAME ^2Disco^4bug
"[Fri Dec 04 23:33:10 2015]  Kill: 0 1 3: Padawan killed ^2Disco^4bug by MOD_SABER
[Fri Dec 04 23:33:20 2015]  Kill: 1 0 3: ^2Disco^4bug killed Padawan by MOD_SABER
[Fri Dec 04 23:34:18 2015]  Kill: 1 0 3: ^2Disco^4bug killed Padawan by MOD_SABER
[Fri Dec 04 23:34:53 2015]  Kill: 1 0 3: ^2Disco^4bug killed Padawan by MOD_SABER
[Fri Dec 04 23:36:17 2015]  Kill: 1 0 3: ^2Disco^4bug killed Padawan by MOD_SABER
[Fri Dec 04 23:37:48 2015]  Kill: 1 0 29: ^2Disco^4bug killed Padawan by MOD_CONC
[Fri Dec 04 23:38:57 2015]  ClientDisconnect: 1
[Fri Dec 04 23:40:10 2015]  ClientDisconnect: 0
[Sat Dec 05 10:36:25 2015]  ClientConnect: 0
[Sat Dec 05 10:36:25 2015]  mlog:Player Eryk_schwenk 2 klasa, connected. With IP - 178.43.144.5:29070 
[Sat Dec 05 10:36:44 2015]  ClientBegin: 0
[Sat Dec 05 10:37:11 2015]  Kill: 0 0 39: Eryk_schwenk 2 klasa killed Eryk_schwenk 2 klasa by MOD_SUICIDE
[Sat Dec 05 10:37:11 2015]  setteam:  0 FREE SPECTATOR
[Sat Dec 05 10:37:11 2015]  ClientBegin: 0
[Sat Dec 05 10:38:44 2015]  ClientDisconnect: 0
[Sun Dec 06 02:35:34 2015]  ClientConnect: 0
[Sun Dec 06 02:35:34 2015]  mlog:Player Padawan, connected. With IP - 98.156.88.254:29070 
[Sun Dec 06 02:38:55 2015]  ClientDisconnect: 0
[Sun Dec 06 12:22:28 2015]  ClientConnect: 0
[Sun Dec 06 12:22:28 2015]  mlog:Player Anakin_Skywalker, connected. With IP - 83.27.234.238:29070 
[Sun Dec 06 12:22:45 2015]  ClientBegin: 0
[Sun Dec 06 12:23:47 2015]  Kill: 0 0 39: Anakin_Skywalker killed Anakin_Skywalker by MOD_SUICIDE
[Sun Dec 06 12:26:17 2015]  say: Anakin_Skywalker: npc spawn mutant_rancor
[Sun Dec 06 12:31:04 2015]  Kill: 0 0 39: Anakin_Skywalker killed Anakin_Skywalker by MOD_SUICIDE
[Sun Dec 06 12:31:25 2015]  say: Anakin_Skywalker: npc spawn desann
[Sun Dec 06 12:35:00 2015]  Kill: 1022 0 2: <world> killed Anakin_Skywalker by MOD_MELEE
[Sun Dec 06 12:35:41 2015]  Kill: 1022 0 2: <world> killed Anakin_Skywalker by MOD_MELEE
[Sun Dec 06 12:42:34 2015]  Kill: 1022 0 3: <world> killed Anakin_Skywalker by MOD_SABER
[Sun Dec 06 12:43:06 2015]  Kill: 1022 0 3: <world> killed Anakin_Skywalker by MOD_SABER
[Sun Dec 06 12:43:28 2015]  Kill: 1022 0 3: <world> killed Anakin_Skywalker by MOD_SABER
[Sun Dec 06 12:43:50 2015]  Kill: 0 0 39: Anakin_Skywalker killed Anakin_Skywalker by MOD_SUICIDE
[Sun Dec 06 12:44:01 2015]  ClientDisconnect: 0
[Sun Dec 06 13:01:46 2015]  ClientConnect: 0
[Sun Dec 06 13:01:46 2015]  mlog:Player Anakin_Skywalker, connected. With IP - 83.27.234.238:29070 
[Sun Dec 06 13:02:06 2015]  ClientBegin: 0
[Sun Dec 06 13:03:42 2015]  say: Anakin_Skywalker: setforceall 3
[Sun Dec 06 13:09:44 2015]  say: Anakin_Skywalker: npc spawn jedi
[Sun Dec 06 13:12:30 2015]  Kill: 0 0 39: Anakin_Skywalker killed Anakin_Skywalker by MOD_SUICIDE
[Sun Dec 06 13:23:11 2015]  say: Anakin_Skywalker: NPC SPAWN JEDI
[Sun Dec 06 13:25:39 2015]  say: Anakin_Skywalker: NPC SPAWN DESANN
[Sun Dec 06 13:28:18 2015]  ClientDisconnect: 0
[Sun Dec 06 14:23:44 2015]  ClientConnect: 0
[Sun Dec 06 14:23:44 2015]  mlog:Player Biggolz, connected. With IP - 91.54.14.222:29070 
[Sun Dec 06 14:23:58 2015]  ClientBegin: 0
[Sun Dec 06 14:25:38 2015]  ClientConnect: 1
[Sun Dec 06 14:25:38 2015]  mlog:Player LordTwix, connected. With IP - 87.79.146.204:29070 
[Sun Dec 06 14:25:59 2015]  ClientBegin: 1
[Sun Dec 06 14:27:56 2015]  Kill: 0 1 3: Biggolz killed LordTwix by MOD_SABER
[Sun Dec 06 14:33:23 2015]  Kill: 0 1 3: Biggolz killed LordTwix by MOD_SABER
[Sun Dec 06 14:33:45 2015]  Kill: 0 0 39: Biggolz killed Biggolz by MOD_SUICIDE
[Sun Dec 06 14:33:45 2015]  setteam:  0 FREE SPECTATOR
[Sun Dec 06 14:33:45 2015]  ClientBegin: 0
[Sun Dec 06 14:33:53 2015]  setteam:  0 SPECTATOR FREE
[Sun Dec 06 14:33:53 2015]  ClientBegin: 0
[Sun Dec 06 14:34:05 2015]  say: Biggolz: /minfo
[Sun Dec 06 14:34:53 2015]  Kill: 0 1 3: Biggolz killed LordTwix by MOD_SABER
[Sun Dec 06 14:35:18 2015]  Kill: 1 0 3: LordTwix killed Biggolz by MOD_SABER
[Sun Dec 06 14:36:49 2015]  Kill: 0 1 3: Biggolz killed LordTwix by MOD_SABER
[Sun Dec 06 14:39:54 2015]  ClientDisconnect: 0
[Sun Dec 06 14:40:01 2015]  ClientDisconnect: 1
[Sun Dec 06 14:54:27 2015]  ClientConnect: 0
[Sun Dec 06 14:54:27 2015]  mlog:Player Moosli, connected. With IP - 93.163.26.54:1037 
[Sun Dec 06 14:54:34 2015]  ClientDisconnect: 0
[Sun Dec 06 16:36:28 2015]  ClientConnect: 0
[Sun Dec 06 16:36:28 2015]  mlog:Player Anakin_Skywalker, connected. With IP - 83.27.234.238:29070 
[Sun Dec 06 16:36:47 2015]  ClientBegin: 0
[Sun Dec 06 16:39:24 2015]  Kill: 1022 0 2: <world> killed Anakin_Skywalker by MOD_MELEE
[Sun Dec 06 16:39:50 2015]  Kill: 1022 0 2: <world> killed Anakin_Skywalker by MOD_MELEE
[Sun Dec 06 16:40:14 2015]  Kill: 1022 0 2: <world> killed Anakin_Skywalker by MOD_MELEE
[Sun Dec 06 16:40:47 2015]  Kill: 1022 0 2: <world> killed Anakin_Skywalker by MOD_MELEE
[Sun Dec 06 16:41:20 2015]  Kill: 1022 0 2: <world> killed Anakin_Skywalker by MOD_MELEE
[Sun Dec 06 16:42:09 2015]  Kill: 1022 0 38: <world> killed Anakin_Skywalker by MOD_FALLING
[Sun Dec 06 16:43:29 2015]  Kill: 1022 0 38: <world> killed Anakin_Skywalker by MOD_FALLING
[Sun Dec 06 16:46:17 2015]  say: Anakin_Skywalker: npc spawn desann
[Sun Dec 06 16:51:59 2015]  ClientDisconnect: 0
