[Mon May 02 23:00:58 2016]  ------------------------------------------------------------
[Mon May 02 23:00:58 2016]  InitGame: \g_siegeTeam2\none\g_siegeTeam1\none\g_jediVmerc\0\g_maxGameClients\0\g_noSpecMove\0\g_debugMelee\1\g_siegeRespawn\20\g_siegeTeamSwitch\1\g_forceRegenTime\1\g_forcePowerDisable\0\g_weaponDisable\0\g_allowNPC\1\sv_allowDownload\0\sv_floodProtect\0\sv_maxPing\0\sv_minPing\0\sv_maxRate\5000\sv_maxclients\32\sv_hostname\^3Darkquake's Makermod Server\g_duelWeaponDisable\65531\g_forceBasedTeams\0\duel_fraglimit\10\g_maxForceRank\7\g_saberLocking\1\g_privateDuel\1\capturelimit\0\timelimit\120\fraglimit\0\dmflags\0\version\(internal)JAmp: v1.0.1.0 win-x86 Oct 30 2003\g_maxHolocronCarry\3\g_gametype\0\g_needpass\0\protocol\26\mapname\t2_trip\sv_privateClients\0\g_stepSlideFix\1\gamename\MakerMod\g_saberWallDamageScale\0.4\bg_fighterAltControl\0\g_showDuelHealths\0
[Wed May 04 21:40:09 2016]  ClientConnect: 0
[Wed May 04 21:40:09 2016]  mlog:Player NochoCheese, connected. With IP - 5.66.206.187:29070 
[Wed May 04 21:40:28 2016]  ClientBegin: 0
[Wed May 04 21:40:34 2016]  ClientConnect: 1
[Wed May 04 21:40:34 2016]  mlog:Player Jalor, connected. With IP - 109.152.17.94:29070 
[Wed May 04 21:40:53 2016]  ClientBegin: 1
[Wed May 04 21:41:42 2016]  Kill: 0 1 3: NochoCheese killed Jalor by MOD_SABER
[Wed May 04 21:42:14 2016]  Kill: 0 1 3: NochoCheese killed Jalor by MOD_SABER
[Wed May 04 21:43:51 2016]  Kill: 1 0 31: Jalor killed NochoCheese by MOD_FORCE_DARK
[Wed May 04 21:44:51 2016]  Kill: 0 1 4: NochoCheese killed Jalor by MOD_BRYAR_PISTOL
[Wed May 04 21:47:19 2016]  Kill: 0 1 3: NochoCheese killed Jalor by MOD_SABER
[Wed May 04 21:47:42 2016]  Kill: 0 1 3: NochoCheese killed Jalor by MOD_SABER
[Wed May 04 21:48:16 2016]  Kill: 0 1 3: NochoCheese killed Jalor by MOD_SABER
[Wed May 04 21:48:38 2016]  Kill: 1 0 3: Jalor killed NochoCheese by MOD_SABER
[Wed May 04 21:48:56 2016]  Kill: 0 1 3: NochoCheese killed Jalor by MOD_SABER
[Wed May 04 21:49:14 2016]  Kill: 1 0 3: Jalor killed NochoCheese by MOD_SABER
[Wed May 04 21:49:37 2016]  Kill: 1 0 3: Jalor killed NochoCheese by MOD_SABER
[Wed May 04 21:50:01 2016]  Kill: 1 0 3: Jalor killed NochoCheese by MOD_SABER
[Wed May 04 21:50:18 2016]  Kill: 0 1 3: NochoCheese killed Jalor by MOD_SABER
[Wed May 04 21:51:01 2016]  Kill: 0 1 3: NochoCheese killed Jalor by MOD_SABER
[Wed May 04 21:52:03 2016]  Kill: 0 1 3: NochoCheese killed Jalor by MOD_SABER
[Wed May 04 21:52:22 2016]  Kill: 0 1 3: NochoCheese killed Jalor by MOD_SABER
[Wed May 04 21:53:09 2016]  Kill: 0 1 3: NochoCheese killed Jalor by MOD_SABER
[Wed May 04 21:53:48 2016]  Kill: 0 1 3: NochoCheese killed Jalor by MOD_SABER
[Wed May 04 21:54:11 2016]  Kill: 0 1 3: NochoCheese killed Jalor by MOD_SABER
[Wed May 04 21:55:01 2016]  Kill: 0 1 3: NochoCheese killed Jalor by MOD_SABER
[Wed May 04 21:55:56 2016]  Kill: 1 0 3: Jalor killed NochoCheese by MOD_SABER
[Wed May 04 21:57:20 2016]  Kill: 0 1 3: NochoCheese killed Jalor by MOD_SABER
[Wed May 04 21:57:33 2016]  Kill: 0 1 3: NochoCheese killed Jalor by MOD_SABER
[Wed May 04 21:58:09 2016]  Kill: 0 1 3: NochoCheese killed Jalor by MOD_SABER
[Wed May 04 21:58:28 2016]  Kill: 0 1 3: NochoCheese killed Jalor by MOD_SABER
[Wed May 04 21:59:15 2016]  Kill: 0 1 3: NochoCheese killed Jalor by MOD_SABER
[Wed May 04 21:59:32 2016]  Kill: 0 1 3: NochoCheese killed Jalor by MOD_SABER
[Wed May 04 21:59:55 2016]  Kill: 0 1 3: NochoCheese killed Jalor by MOD_SABER
[Wed May 04 22:01:29 2016]  Kill: 0 1 3: NochoCheese killed Jalor by MOD_SABER
[Wed May 04 22:02:24 2016]  Kill: 1 0 3: Jalor killed NochoCheese by MOD_SABER
[Wed May 04 22:02:48 2016]  Kill: 1 0 3: Jalor killed NochoCheese by MOD_SABER
[Wed May 04 22:03:05 2016]  Kill: 0 1 3: NochoCheese killed Jalor by MOD_SABER
[Wed May 04 22:03:29 2016]  Kill: 1 0 3: Jalor killed NochoCheese by MOD_SABER
[Wed May 04 22:05:10 2016]  Kill: 1 0 3: Jalor killed NochoCheese by MOD_SABER
[Wed May 04 22:06:07 2016]  Kill: 0 1 3: NochoCheese killed Jalor by MOD_SABER
[Wed May 04 22:06:24 2016]  Kill: 0 1 3: NochoCheese killed Jalor by MOD_SABER
[Wed May 04 22:06:43 2016]  ClientDisconnect: 1
[Wed May 04 22:09:23 2016]  ClientDisconnect: 0
[Thu May 05 00:41:49 2016]  ClientConnect: 0
[Thu May 05 00:41:49 2016]  mlog:Player BLUESUNPLBLAST, connected. With IP - 124.53.157.50:29070 
[Thu May 05 00:42:10 2016]  ClientBegin: 0
[Thu May 05 00:42:38 2016]  ClientDisconnect: 0
[Thu May 05 12:02:32 2016]  ClientConnect: 0
[Thu May 05 12:02:32 2016]  mlog:Player ^1Kal^8man^1is, connected. With IP - 71.180.138.101:29070 
[Thu May 05 12:02:52 2016]  ClientBegin: 0
[Thu May 05 12:07:35 2016]  Item: 0 ammo_all
[Thu May 05 12:07:51 2016]  Item: 0 ammo_all
[Thu May 05 12:09:09 2016]  Kill: 1022 0 6: <world> killed ^1Kal^8man^1is by MOD_BLASTER
[Thu May 05 12:11:50 2016]  ClientConnect: 1
[Thu May 05 12:11:50 2016]  mlog:Player ^6Ufo, connected. With IP - 91.145.100.76:29070 
[Thu May 05 12:12:05 2016]  ClientBegin: 1
[Thu May 05 12:12:09 2016]  say: ^0M^1у^0K^1й: hello
[Thu May 05 12:12:13 2016]  say: ^1Kal^8man^1is: hi
[Thu May 05 12:12:18 2016]  say: ^0M^1у^0K^1й: you is steam?
[Thu May 05 12:12:27 2016]  say: ^1Kal^8man^1is: yeah im using steam
[Thu May 05 12:12:30 2016]  say: ^0M^1у^0K^1й: ok
[Thu May 05 12:12:35 2016]  say: ^0M^1у^0K^1й: ok but what your name
[Thu May 05 12:12:40 2016]  say: ^0M^1у^0K^1й: .me PutiPuti added me to steam
[Thu May 05 12:13:35 2016]  say: ^0M^1у^0K^1й: .me PutiPuti added me to steam
[Thu May 05 12:13:42 2016]  say: ^0M^1у^0K^1й: hey
[Thu May 05 12:13:44 2016]  Kill: 1 1 39: ^0M^1у^0K^1й killed ^0M^1у^0K^1й by MOD_SUICIDE
[Thu May 05 12:13:53 2016]  Kill: 1 1 39: ^0M^1у^0K^1й killed ^0M^1у^0K^1й by MOD_SUICIDE
[Thu May 05 12:13:56 2016]  Kill: 1 1 39: ^0M^1у^0K^1й killed ^0M^1у^0K^1й by MOD_SUICIDE
[Thu May 05 12:13:56 2016]  setteam:  1 FREE SPECTATOR
[Thu May 05 12:13:56 2016]  ClientBegin: 1
[Thu May 05 12:14:02 2016]  setteam:  1 SPECTATOR FREE
[Thu May 05 12:14:02 2016]  ClientBegin: 1
[Thu May 05 12:14:50 2016]  say: ^0M^1у^0K^1й: ok putiputi added
[Thu May 05 12:14:53 2016]  ClientDisconnect: 1
[Thu May 05 12:15:02 2016]  ClientDisconnect: 0
[Fri May 06 16:47:51 2016]  ClientConnect: 0
[Fri May 06 16:47:51 2016]  mlog:Player ^0Shadow^5seer, connected. With IP - 188.242.247.46:29070 
[Fri May 06 16:48:09 2016]  ClientBegin: 0
[Fri May 06 16:48:15 2016]  Item: 0 weapon_melee
[Fri May 06 16:48:25 2016]  ClientDisconnect: 0
[Fri May 06 16:48:32 2016]  ClientConnect: 0
[Fri May 06 16:48:32 2016]  mlog:Player ^0Shadow^5seer, connected. With IP - 188.242.247.46:29070 
[Fri May 06 16:48:42 2016]  ClientBegin: 0
[Fri May 06 16:48:48 2016]  Item: 0 weapon_melee
[Fri May 06 16:50:08 2016]  ClientDisconnect: 0
[Fri May 06 16:50:18 2016]  ClientConnect: 0
[Fri May 06 16:50:18 2016]  mlog:Player ^0Shadow^5seer, connected. With IP - 188.242.247.46:29070 
[Fri May 06 16:50:27 2016]  ClientBegin: 0
[Fri May 06 16:50:34 2016]  Item: 0 weapon_melee
[Fri May 06 16:51:23 2016]  ClientDisconnect: 0
[Fri May 06 16:52:13 2016]  ClientConnect: 0
[Fri May 06 16:52:13 2016]  mlog:Player ^0Shadow^5seer, connected. With IP - 188.242.247.46:29070 
[Fri May 06 16:52:29 2016]  ClientBegin: 0
[Fri May 06 16:52:34 2016]  Item: 0 weapon_melee
[Fri May 06 16:59:57 2016]  ClientDisconnect: 0
[Fri May 06 17:12:17 2016]  ClientConnect: 0
[Fri May 06 17:12:17 2016]  mlog:Player Padawan, connected. With IP - 31.148.9.231:1024 
[Fri May 06 17:12:26 2016]  ClientDisconnect: 0
[Fri May 06 17:43:11 2016]  ClientConnect: 0
[Fri May 06 17:43:11 2016]  mlog:Player ^0Shadow^5seer, connected. With IP - 188.242.247.46:29070 
[Fri May 06 17:43:27 2016]  ClientBegin: 0
[Fri May 06 17:43:33 2016]  Item: 0 weapon_melee
[Fri May 06 17:48:28 2016]  ClientDisconnect: 0
[Sat May 07 11:18:12 2016]  ClientConnect: 0
[Sat May 07 11:18:12 2016]  mlog:Player Padawan, connected. With IP - 94.158.175.103:29070 
[Sat May 07 11:18:29 2016]  ClientBegin: 0
[Sat May 07 11:18:56 2016]  ClientDisconnect: 0
[Sat May 07 21:31:37 2016]  ClientConnect: 0
[Sat May 07 21:31:37 2016]  mlog:Player Kami, connected. With IP - 90.208.120.67:29070 
[Sat May 07 21:31:59 2016]  ClientBegin: 0
[Sat May 07 21:32:10 2016]  ClientConnect: 1
[Sat May 07 21:32:10 2016]  mlog:Player Padawan, connected. With IP - 77.170.213.63:29070 
[Sat May 07 21:32:13 2016]  ClientConnect: 2
[Sat May 07 21:32:13 2016]  mlog:Player Pyrocania, connected. With IP - 105.224.206.168:29070 
[Sat May 07 21:32:33 2016]  ClientBegin: 2
[Sat May 07 21:33:15 2016]  ClientBegin: 1
[Sat May 07 21:33:32 2016]  Kill: 2 0 3: Pyrocania killed Kami by MOD_SABER
[Sat May 07 21:33:51 2016]  Kill: 1 0 3: Padawan killed Kami by MOD_SABER
[Sat May 07 21:34:04 2016]  Kill: 1 2 3: Padawan killed Pyrocania by MOD_SABER
[Sat May 07 21:34:18 2016]  ClientDisconnect: 2
[Sat May 07 21:34:22 2016]  ClientDisconnect: 0
[Sat May 07 21:34:53 2016]  ClientDisconnect: 1
[Sun May 08 12:40:57 2016]  ClientConnect: 0
[Sun May 08 12:40:57 2016]  mlog:Player ^0Раrk^2^1Qµаkи, connected. With IP - 192.168.1.2:29071 
[Sun May 08 12:41:26 2016]  ClientBegin: 0
[Sun May 08 14:00:11 2016]  Item: 0 ammo_all
[Sun May 08 14:00:42 2016]  Item: 0 ammo_all
[Sun May 08 14:00:58 2016]  Item: 0 ammo_all
[Sun May 08 14:01:09 2016]  Item: 0 ammo_all
[Sun May 08 14:01:13 2016]  Item: 0 ammo_all
[Sun May 08 14:01:19 2016]  Item: 0 ammo_all
[Sun May 08 14:47:58 2016]  ClientConnect: 1
[Sun May 08 14:47:58 2016]  mlog:Player Drevan, connected. With IP - 78.67.12.154:-4535 
[Sun May 08 14:48:16 2016]  ClientBegin: 1
[Sun May 08 14:48:21 2016]  ClientDisconnect: 1
[Sun May 08 15:28:29 2016]  ShutdownGame:
[Sun May 08 15:28:29 2016]  ------------------------------------------------------------
