[Tue May 10 16:52:24 2016]  ------------------------------------------------------------
[Tue May 10 16:52:24 2016]  InitGame: \dmflags\0\fraglimit\0\timelimit\120\capturelimit\0\g_privateDuel\1\g_saberLocking\1\g_maxForceRank\7\duel_fraglimit\10\g_forceBasedTeams\0\g_duelWeaponDisable\65531\sv_hostname\^3Darkquake's Makermod Server\sv_maxclients\32\sv_maxRate\5000\sv_minPing\0\sv_maxPing\0\sv_floodProtect\0\sv_allowDownload\0\g_allowNPC\1\g_weaponDisable\0\g_forcePowerDisable\0\g_forceRegenTime\1\g_siegeTeamSwitch\1\g_siegeRespawn\20\g_debugMelee\1\g_noSpecMove\0\g_maxGameClients\0\g_jediVmerc\0\g_siegeTeam1\none\g_siegeTeam2\none\version\(internal)JAmp: v1.0.1.0 win-x86 Oct 30 2003\g_maxHolocronCarry\3\g_gametype\0\g_needpass\0\protocol\26\mapname\t2_trip\sv_privateClients\0\g_stepSlideFix\1\gamename\MakerMod\g_saberWallDamageScale\0.4\bg_fighterAltControl\0\g_showDuelHealths\0
[Tue May 10 22:33:52 2016]  ClientConnect: 0
[Tue May 10 22:33:52 2016]  mlog:Player Padawan, connected. With IP - 109.93.167.37:17357 
[Tue May 10 22:34:10 2016]  FORCESTRING CRASH: Client num 0 tried to take incorrect forcestring '120-1-030000000000000330'.[Tue May 10 22:34:10 2016]  FORCESTRING CRASH: Client num 0 tried to take incorrect forcestring '120-1-030000000000000330'.[Tue May 10 22:34:10 2016]  ClientBegin: 0
[Tue May 10 22:35:44 2016]  say: Padawan: help
[Tue May 10 22:38:45 2016]  ClientDisconnect: 0
[Wed May 11 05:08:34 2016]  ClientConnect: 0
[Wed May 11 05:08:34 2016]  mlog:Player padapada, connected. With IP - 67.176.195.84:29070 
[Wed May 11 05:08:48 2016]  ClientBegin: 0
[Wed May 11 05:10:39 2016]  ClientConnect: 1
[Wed May 11 05:10:39 2016]  mlog:Player Padawan, connected. With IP - 73.72.68.69:29070 
[Wed May 11 05:11:03 2016]  ClientBegin: 1
[Wed May 11 05:11:49 2016]  Kill: 1 0 3: Padawan killed padapada by MOD_SABER
[Wed May 11 05:12:31 2016]  Kill: 0 1 3: padapada killed Padawan by MOD_SABER
[Wed May 11 05:12:50 2016]  Kill: 0 1 3: padapada killed Padawan by MOD_SABER
[Wed May 11 05:13:10 2016]  Kill: 0 1 3: padapada killed Padawan by MOD_SABER
[Wed May 11 05:13:18 2016]  Kill: 0 1 3: padapada killed Padawan by MOD_SABER
[Wed May 11 05:13:32 2016]  Kill: 0 1 3: padapada killed Padawan by MOD_SABER
[Wed May 11 05:13:59 2016]  Kill: 0 1 3: padapada killed Padawan by MOD_SABER
[Wed May 11 05:14:11 2016]  Kill: 0 1 3: padapada killed Padawan by MOD_SABER
[Wed May 11 05:14:26 2016]  Kill: 1 0 3: Padawan killed padapada by MOD_SABER
[Wed May 11 05:14:39 2016]  Kill: 0 1 3: padapada killed Padawan by MOD_SABER
[Wed May 11 05:14:44 2016]  ClientConnect: 2
[Wed May 11 05:14:44 2016]  mlog:Player Padawan, connected. With IP - 72.211.220.101:29070 
[Wed May 11 05:14:49 2016]  Kill: 0 1 3: padapada killed Padawan by MOD_SABER
[Wed May 11 05:14:52 2016]  ClientDisconnect: 1
[Wed May 11 05:15:01 2016]  ClientDisconnect: 0
[Wed May 11 05:15:04 2016]  ClientBegin: 2
[Wed May 11 05:17:23 2016]  ClientDisconnect: 2
[Wed May 11 10:47:55 2016]  ClientConnect: 0
[Wed May 11 10:47:55 2016]  mlog:Player Padawan, connected. With IP - 178.222.11.238:21447 
[Wed May 11 10:48:17 2016]  ClientBegin: 0
[Wed May 11 11:03:50 2016]  Kill: 0 0 39: Padawan killed Padawan by MOD_SUICIDE
[Wed May 11 11:03:50 2016]  setteam:  0 FREE SPECTATOR
[Wed May 11 11:03:50 2016]  ClientBegin: 0
[Wed May 11 11:03:58 2016]  setteam:  0 SPECTATOR FREE
[Wed May 11 11:03:58 2016]  ClientBegin: 0
[Wed May 11 11:05:14 2016]  say: Padawan: npc spawn vehicle rancor
[Wed May 11 11:11:44 2016]  Kill: 1022 0 2: <world> killed Padawan by MOD_MELEE
[Wed May 11 11:12:23 2016]  Kill: 1022 0 2: <world> killed Padawan by MOD_MELEE
[Wed May 11 11:12:42 2016]  print "Padawan^7 @@@PLRENAME Inspektor Radisa
"[Wed May 11 11:14:20 2016]  Kill: 1022 0 2: <world> killed Inspektor Radisa by MOD_MELEE
[Wed May 11 11:18:28 2016]  ClientDisconnect: 0
[Wed May 11 11:19:08 2016]  ClientConnect: 0
[Wed May 11 11:19:08 2016]  mlog:Player Padawan, connected. With IP - 178.222.11.238:21447 
[Wed May 11 11:19:26 2016]  ClientBegin: 0
[Wed May 11 11:23:07 2016]  ClientConnect: 1
[Wed May 11 11:23:07 2016]  mlog:Player ^0[^1E^0H^1C^0] Scorpion (^1L^0), connected. With IP - 62.182.80.11:29070 
[Wed May 11 11:23:22 2016]  ClientBegin: 1
[Wed May 11 11:23:28 2016]  say: ^0I^5ndef!n!ty: hi
[Wed May 11 11:23:43 2016]  ClientDisconnect: 0
[Wed May 11 11:23:50 2016]  ClientDisconnect: 1
[Wed May 11 11:42:03 2016]  ClientConnect: 0
[Wed May 11 11:42:03 2016]  mlog:Player Padawan, connected. With IP - 178.222.11.238:22333 
[Wed May 11 11:42:21 2016]  ClientBegin: 0
[Wed May 11 11:58:55 2016]  ClientDisconnect: 0
[Wed May 11 12:00:55 2016]  ClientConnect: 0
[Wed May 11 12:00:55 2016]  mlog:Player Padawan, connected. With IP - 178.222.11.238:22333 
[Wed May 11 12:01:13 2016]  ClientBegin: 0
[Wed May 11 12:04:27 2016]  ClientDisconnect: 0
[Wed May 11 18:10:11 2016]  ClientConnect: 0
[Wed May 11 18:10:11 2016]  mlog:Player ^0sky^7one^1.^0, connected. With IP - 178.70.17.160:29070 
[Wed May 11 18:10:48 2016]  ClientBegin: 0
[Wed May 11 18:12:44 2016]  ClientDisconnect: 0
[Thu May 12 14:52:26 2016]  ClientConnect: 0
[Thu May 12 14:52:26 2016]  mlog:Player Padawan, connected. With IP - 88.132.123.123:29070 
[Thu May 12 14:52:57 2016]  ClientBegin: 0
[Thu May 12 14:53:56 2016]  say: Padawan: saberstyle
[Thu May 12 14:54:21 2016]  print "Padawan^7 @@@PLRENAME ^3B^5antha
"[Thu May 12 15:04:00 2016]  ClientDisconnect: 0
[Thu May 12 15:05:23 2016]  ClientConnect: 0
[Thu May 12 15:05:23 2016]  mlog:Player Padawan, connected. With IP - 88.132.123.123:29070 
[Thu May 12 15:05:52 2016]  ClientBegin: 0
[Thu May 12 15:07:07 2016]  ClientDisconnect: 0
[Thu May 12 15:08:23 2016]  ClientConnect: 0
[Thu May 12 15:08:23 2016]  mlog:Player Padawan, connected. With IP - 88.132.123.123:29070 
[Thu May 12 15:08:52 2016]  ClientBegin: 0
[Thu May 12 15:09:10 2016]  say: ^3B^5antha: npc spawn
[Thu May 12 15:10:22 2016]  Kill: 0 0 39: ^3B^5antha killed ^3B^5antha by MOD_SUICIDE
[Thu May 12 15:10:39 2016]  Kill: 1022 0 3: <world> killed ^3B^5antha by MOD_SABER
[Thu May 12 15:10:47 2016]  say: ^3B^5antha: setfroceall 4
[Thu May 12 15:13:32 2016]  ClientDisconnect: 0
[Thu May 12 15:18:51 2016]  ClientConnect: 0
[Thu May 12 15:18:51 2016]  mlog:Player Padawan, connected. With IP - 88.132.123.123:29070 
[Thu May 12 15:19:21 2016]  ClientBegin: 0
[Thu May 12 15:24:30 2016]  say: ^3B^5antha: move
[Thu May 12 15:38:43 2016]  say: ^3B^5antha: mselectz
[Thu May 12 15:38:44 2016]  say: ^3B^5antha: mselect
[Thu May 12 15:52:57 2016]  Item: 0 ammo_all
[Thu May 12 15:55:03 2016]  ClientDisconnect: 0
[Thu May 12 15:56:26 2016]  ClientConnect: 0
[Thu May 12 15:56:26 2016]  mlog:Player ^3B^5antha, connected. With IP - 88.132.123.123:29070 
[Thu May 12 15:56:35 2016]  ClientBegin: 0
[Thu May 12 16:11:22 2016]  ClientDisconnect: 0
[Thu May 12 21:31:54 2016]  ClientConnect: 0
[Thu May 12 21:31:54 2016]  mlog:Player Inspector^4Radisa, connected. With IP - 178.222.98.205:21960 
[Thu May 12 21:32:10 2016]  FORCESTRING CRASH: Client num 0 tried to take incorrect forcestring '120-1-030000000000000330'.[Thu May 12 21:32:10 2016]  FORCESTRING CRASH: Client num 0 tried to take incorrect forcestring '120-1-030000000000000330'.[Thu May 12 21:32:10 2016]  ClientBegin: 0
[Thu May 12 21:32:46 2016]  ClientConnect: 1
[Thu May 12 21:32:46 2016]  mlog:Player KompaSRB, connected. With IP - 178.223.43.164:29070 
[Thu May 12 21:33:03 2016]  ClientBegin: 1
[Thu May 12 21:33:19 2016]  print "Padawan^7 @@@PLRENAME InspektorRadisa
"[Thu May 12 21:33:33 2016]  say: InspektorRadisa: odje ima i cheat
[Thu May 12 21:34:38 2016]  say: KompaSRB: ubi me
[Thu May 12 21:34:51 2016]  say: InspektorRadisa: kucas give all u konzoli
[Thu May 12 21:35:05 2016]  say: InspektorRadisa: pritisnes shift i tildu da bi je otvorio
[Thu May 12 21:35:19 2016]  Kill: 1 0 8: KompaSRB killed InspektorRadisa by MOD_DISRUPTOR
[Thu May 12 21:35:27 2016]  ClientConnect: 2
[Thu May 12 21:35:27 2016]  mlog:Player kosher], connected. With IP - 91.230.25.125:29070 
[Thu May 12 21:36:02 2016]  Kill: 1 1 25: KompaSRB killed KompaSRB by MOD_TRIP_MINE_SPLASH
[Thu May 12 21:36:02 2016]  ClientBegin: 2
[Thu May 12 21:36:08 2016]  say: kosher: rus
[Thu May 12 21:36:18 2016]  say: InspektorRadisa: srb
[Thu May 12 21:36:32 2016]  say: kosher: croatia?
[Thu May 12 21:36:35 2016]  say: InspektorRadisa: svasta mozes ovde u konzoli
[Thu May 12 21:36:39 2016]  say: KompaSRB: srbija bre
[Thu May 12 21:36:40 2016]  say: InspektorRadisa: serbia ;D
[Thu May 12 21:36:43 2016]  say: InspektorRadisa: lol
[Thu May 12 21:36:51 2016]  say: kosher: kosovo to je srbia?
[Thu May 12 21:36:59 2016]  say: KompaSRB: dap :D
[Thu May 12 21:37:01 2016]  say: InspektorRadisa: da, nego sta
[Thu May 12 21:37:10 2016]  say: InspektorRadisa: you're russian?
[Thu May 12 21:37:10 2016]  say: KompaSRB: idem ja u avanture
[Thu May 12 21:37:17 2016]  say: kosher: ukrainian
[Thu May 12 21:37:32 2016]  say: InspektorRadisa: why did you wrote rus on beginning ;D
[Thu May 12 21:37:45 2016]  say: kosher: ukrainians uses rus lang 2
[Thu May 12 21:38:11 2016]  say: InspektorRadisa: i knew one ukrainian
[Thu May 12 21:38:14 2016]  say: InspektorRadisa: good man
[Thu May 12 21:38:26 2016]  Kill: 1 2 25: KompaSRB killed kosher by MOD_TRIP_MINE_SPLASH
[Thu May 12 21:38:32 2016]  say: InspektorRadisa: kompa, kako si postao jawa O.o
[Thu May 12 21:38:33 2016]  Kill: 1 1 25: KompaSRB killed KompaSRB by MOD_TRIP_MINE_SPLASH
[Thu May 12 21:38:33 2016]  Item: 2 weapon_trip_mine
[Thu May 12 21:38:52 2016]  say: kosher: do u know how 2 build
[Thu May 12 21:39:07 2016]  say: KompaSRB: pa to je zivot
[Thu May 12 21:39:19 2016]  say: InspektorRadisa: well, sort of
[Thu May 12 21:39:22 2016]  say: kosher: how long do u play
[Thu May 12 21:39:36 2016]  Kill: 1 2 8: KompaSRB killed kosher by MOD_DISRUPTOR
[Thu May 12 21:39:40 2016]  Kill: 1 0 11: KompaSRB killed InspektorRadisa by MOD_BOWCASTER
[Thu May 12 21:39:52 2016]  say: InspektorRadisa: i stopped playing 4 years ago
[Thu May 12 21:40:03 2016]  say: InspektorRadisa: i played about one year and a half
[Thu May 12 21:40:03 2016]  say: kosher: do u know other serbian players
[Thu May 12 21:40:12 2016]  Kill: 1 0 12: KompaSRB killed InspektorRadisa by MOD_REPEATER
[Thu May 12 21:40:12 2016]  say: InspektorRadisa: uh, yes, kompa ;D
[Thu May 12 21:40:22 2016]  say: kosher: do u know filip
[Thu May 12 21:40:30 2016]  say: InspektorRadisa: filip who?
[Thu May 12 21:40:36 2016]  Kill: 1 0 12: KompaSRB killed InspektorRadisa by MOD_REPEATER
[Thu May 12 21:40:39 2016]  say: kosher: he is played in ja+ clans
[Thu May 12 21:40:46 2016]  say: kosher: filip stankovic
[Thu May 12 21:41:08 2016]  say: InspektorRadisa: i forgot what ja+ is :D
[Thu May 12 21:41:20 2016]  say: kosher: ffa with fixes
[Thu May 12 21:41:24 2016]  say: InspektorRadisa: you're admin?
[Thu May 12 21:41:26 2016]  say: kosher: no
[Thu May 12 21:41:55 2016]  Kill: 1022 1 29: <world> killed KompaSRB by MOD_CONC
[Thu May 12 21:41:57 2016]  say: KompaSRB: killall
[Thu May 12 21:42:00 2016]  say: InspektorRadisa: nice
[Thu May 12 21:42:14 2016]  Item: 1 weapon_repeater
[Thu May 12 21:42:23 2016]  Kill: 1 2 3: KompaSRB killed kosher by MOD_SABER
[Thu May 12 21:42:51 2016]  Kill: 1022 1 29: <world> killed KompaSRB by MOD_CONC
[Thu May 12 21:42:56 2016]  ClientDisconnect: 1
[Thu May 12 21:43:14 2016]  say: kosher: he is disconnected
[Thu May 12 21:43:43 2016]  Kill: 2 2 39: kosher killed kosher by MOD_SUICIDE
[Thu May 12 21:43:54 2016]  Kill: 2 2 39: kosher killed kosher by MOD_SUICIDE
[Thu May 12 21:44:03 2016]  Kill: 2 2 39: kosher killed kosher by MOD_SUICIDE
[Thu May 12 21:44:10 2016]  ClientDisconnect: 0
[Thu May 12 21:44:37 2016]  ClientDisconnect: 2
[Fri May 13 22:11:01 2016]  ClientConnect: 0
[Fri May 13 22:11:01 2016]  mlog:Player ^1M^7r ^1Ð^7innertime, connected. With IP - 217.42.66.56:29070 
[Fri May 13 22:11:32 2016]  ClientBegin: 0
[Fri May 13 22:11:32 2016]  say: ^1M^7r ^1Ð^7innertime: ^1Boba^0Fett's ^3Ultra Utility ^7v3 ^5Beta 17a ^7- ^5U^7ltra^7-^5U^7tility^5.^7com
[Fri May 13 22:13:32 2016]  ClientDisconnect: 0
[Fri May 13 23:12:19 2016]  ClientConnect: 0
[Fri May 13 23:12:19 2016]  mlog:Player =]MoE[=Marzh, connected. With IP - 91.56.5.66:29070 
[Fri May 13 23:12:31 2016]  ClientBegin: 0
[Fri May 13 23:13:19 2016]  ClientDisconnect: 0
[Sat May 14 00:21:45 2016]  ClientConnect: 0
[Sat May 14 00:21:45 2016]  mlog:Player ^1M^7r ^1Ð^7innertime, connected. With IP - 217.42.66.56:29070 
[Sat May 14 00:22:15 2016]  ClientBegin: 0
[Sat May 14 00:33:07 2016]  ClientDisconnect: 0
[Sat May 14 00:44:54 2016]  ClientConnect: 0
[Sat May 14 00:44:54 2016]  mlog:Player ^1M^7r ^1Ð^7innertime, connected. With IP - 217.42.66.56:29070 
[Sat May 14 00:45:05 2016]  ClientBegin: 0
[Sat May 14 00:46:31 2016]  ClientDisconnect: 0
[Sat May 14 00:49:03 2016]  ClientConnect: 0
[Sat May 14 00:49:03 2016]  mlog:Player ^8^8^8^8^8^8^8^8^8^8Mr ^8Ðinnertime, connected. With IP - 217.42.66.56:29070 
[Sat May 14 00:49:24 2016]  ClientBegin: 0
[Sat May 14 01:45:21 2016]  ClientDisconnect: 0
[Sat May 14 03:00:38 2016]  ClientConnect: 0
[Sat May 14 03:00:38 2016]  mlog:Player ^1M^7r ^1Ð^7innertime, connected. With IP - 217.42.66.56:29070 
[Sat May 14 03:00:57 2016]  ClientBegin: 0
[Sat May 14 03:00:58 2016]  say: ^1M^7r ^1Ð^7innertime: ^1Boba^0Fett's ^3Ultra Utility ^7v3 ^5Beta 17a ^7- ^5U^7ltra^7-^5U^7tility^5.^7com
[Sat May 14 03:03:20 2016]  ClientDisconnect: 0
[Sat May 14 10:59:45 2016]  ClientConnect: 0
[Sat May 14 10:59:45 2016]  mlog:Player ^0Inspector^4Radisa, connected. With IP - 178.222.27.85:21381 
[Sat May 14 10:59:58 2016]  ClientBegin: 0
[Sat May 14 11:01:22 2016]  ClientDisconnect: 0
[Sat May 14 15:38:35 2016]  ClientConnect: 0
[Sat May 14 15:38:35 2016]  mlog:Player ^3B^3^5antha, connected. With IP - 88.132.123.123:29070 
[Sat May 14 15:39:02 2016]  ClientBegin: 0
[Sat May 14 15:44:52 2016]  ClientDisconnect: 0
[Sat May 14 19:47:36 2016]  ClientConnect: 0
[Sat May 14 19:47:36 2016]  mlog:Player Padawan, connected. With IP - 73.131.194.43:29070 
[Sat May 14 19:47:55 2016]  ClientBegin: 0
[Sat May 14 19:51:04 2016]  Kill: 0 0 39: jm killed jm by MOD_SUICIDE
[Sat May 14 19:52:38 2016]  Kill: 0 0 39: jm killed jm by MOD_SUICIDE
[Sat May 14 19:52:43 2016]  ClientDisconnect: 0
[Sat May 14 21:43:29 2016]  ClientConnect: 0
[Sat May 14 21:43:29 2016]  mlog:Player ^0Inspector^4Radisa, connected. With IP - 178.222.27.85:15886 
[Sat May 14 21:43:43 2016]  ClientBegin: 0
[Sat May 14 21:45:21 2016]  Kill: 0 0 39: InspektorRadisa killed InspektorRadisa by MOD_SUICIDE
[Sat May 14 21:45:21 2016]  setteam:  0 FREE SPECTATOR
[Sat May 14 21:45:21 2016]  ClientBegin: 0
[Sat May 14 21:45:30 2016]  setteam:  0 SPECTATOR FREE
[Sat May 14 21:45:30 2016]  ClientBegin: 0
[Sat May 14 22:14:35 2016]  ClientDisconnect: 0
[Sat May 14 22:14:46 2016]  ClientConnect: 0
[Sat May 14 22:14:46 2016]  mlog:Player ^6^1^2^3^4^4^7Inspektor^5Radisa, connected. With IP - 178.222.27.85:15886 
[Sat May 14 22:15:04 2016]  ClientBegin: 0
[Sat May 14 22:18:57 2016]  ClientDisconnect: 0
[Sat May 14 22:20:59 2016]  ClientConnect: 0
[Sat May 14 22:20:59 2016]  mlog:Player ^6^1^2^3^4^4^7Inspektor^5Radisa, connected. With IP - 178.222.27.85:15886 
[Sat May 14 22:21:17 2016]  ClientBegin: 0
[Sat May 14 22:25:18 2016]  ClientDisconnect: 0
