[Sat May 21 15:50:44 2016]  ------------------------------------------------------------
[Sat May 21 15:50:44 2016]  InitGame: \g_siegeTeam2\none\g_siegeTeam1\none\g_jediVmerc\0\g_maxGameClients\0\g_noSpecMove\0\g_debugMelee\1\g_siegeRespawn\20\g_siegeTeamSwitch\1\g_forceRegenTime\1\g_forcePowerDisable\0\g_weaponDisable\0\g_allowNPC\1\sv_allowDownload\0\sv_floodProtect\0\sv_maxPing\0\sv_minPing\0\sv_maxRate\5000\sv_maxclients\32\sv_hostname\^3Darkquake's Makermod Server\g_duelWeaponDisable\65531\g_forceBasedTeams\0\duel_fraglimit\10\g_maxForceRank\7\g_saberLocking\1\g_privateDuel\1\capturelimit\0\timelimit\120\fraglimit\0\dmflags\0\version\(internal)JAmp: v1.0.1.0 win-x86 Oct 30 2003\g_maxHolocronCarry\3\g_gametype\0\g_needpass\0\protocol\26\mapname\t2_trip\sv_privateClients\0\g_stepSlideFix\1\gamename\MakerMod\g_saberWallDamageScale\0.4\bg_fighterAltControl\0\g_showDuelHealths\0
[Sat May 21 16:50:17 2016]  ------------------------------------------------------------
[Sat May 21 16:50:17 2016]  InitGame: \dmflags\0\fraglimit\0\timelimit\120\capturelimit\0\g_privateDuel\1\g_saberLocking\1\g_maxForceRank\7\duel_fraglimit\10\g_forceBasedTeams\0\g_duelWeaponDisable\65531\sv_hostname\^3Darkquake's Makermod Server\sv_maxclients\32\sv_maxRate\5000\sv_minPing\0\sv_maxPing\0\sv_floodProtect\0\sv_allowDownload\0\g_allowNPC\1\g_weaponDisable\0\g_forcePowerDisable\0\g_forceRegenTime\1\g_siegeTeamSwitch\1\g_siegeRespawn\20\g_debugMelee\1\g_noSpecMove\0\g_maxGameClients\0\g_jediVmerc\0\g_siegeTeam1\none\g_siegeTeam2\none\version\(internal)JAmp: v1.0.1.0 win-x86 Oct 30 2003\g_maxHolocronCarry\3\g_gametype\0\g_needpass\0\protocol\26\mapname\t2_trip\sv_privateClients\0\g_stepSlideFix\1\gamename\MakerMod\g_saberWallDamageScale\0.4\bg_fighterAltControl\0\g_showDuelHealths\0
[Sun May 22 00:04:54 2016]  ClientConnect: 0
[Sun May 22 00:04:54 2016]  mlog:Player Tgraham5en, connected. With IP - 92.21.220.124:29070 
[Sun May 22 00:05:15 2016]  ClientBegin: 0
[Sun May 22 00:09:04 2016]  ClientConnect: 1
[Sun May 22 00:09:04 2016]  mlog:Player Montydog9, connected. With IP - 86.10.130.253:1025 
[Sun May 22 00:09:23 2016]  ClientBegin: 1
[Sun May 22 00:09:58 2016]  Kill: 1022 0 2: <world> killed Tgraham5en by MOD_MELEE
[Sun May 22 00:10:33 2016]  Kill: 1022 1 2: <world> killed Montydog9 by MOD_MELEE
[Sun May 22 00:11:26 2016]  Kill: 0 0 39: Tgraham5en killed Tgraham5en by MOD_SUICIDE
[Sun May 22 00:11:41 2016]  Kill: 0 0 39: Tgraham5en killed Tgraham5en by MOD_SUICIDE
[Sun May 22 00:11:58 2016]  Kill: 1 1 39: Montydog9 killed Montydog9 by MOD_SUICIDE
[Sun May 22 00:12:08 2016]  Kill: 1 1 39: Montydog9 killed Montydog9 by MOD_SUICIDE
[Sun May 22 00:12:23 2016]  ClientDisconnect: 1
[Sun May 22 00:13:51 2016]  ClientConnect: 1
[Sun May 22 00:13:51 2016]  mlog:Player Montydog9, connected. With IP - 86.10.130.253:29070 
[Sun May 22 00:14:02 2016]  ClientBegin: 1
[Sun May 22 00:14:14 2016]  Kill: 0 0 39: Tgraham5en killed Tgraham5en by MOD_SUICIDE
[Sun May 22 00:17:47 2016]  ClientDisconnect: 1
[Sun May 22 00:17:47 2016]  ClientConnect: 1
[Sun May 22 00:17:47 2016]  mlog:Player Montydog9, connected. With IP - 86.10.130.253:29070 
[Sun May 22 00:18:05 2016]  ClientBegin: 1
[Sun May 22 00:18:52 2016]  Kill: 0 1 7: Tgraham5en killed Montydog9 by MOD_TURBLAST
[Sun May 22 00:19:10 2016]  say: Montydog9: help
[Sun May 22 00:23:20 2016]  Kill: 1022 0 2: <world> killed Tgraham5en by MOD_MELEE
[Sun May 22 00:23:35 2016]  Kill: 1022 1 2: <world> killed Montydog9 by MOD_MELEE
[Sun May 22 00:24:00 2016]  Kill: 1022 0 2: <world> killed Tgraham5en by MOD_MELEE
[Sun May 22 00:24:52 2016]  Kill: 1022 0 2: <world> killed Tgraham5en by MOD_MELEE
[Sun May 22 00:25:13 2016]  Kill: 1022 1 2: <world> killed Montydog9 by MOD_MELEE
[Sun May 22 00:27:05 2016]  Kill: 0 0 39: Tgraham5en killed Tgraham5en by MOD_SUICIDE
[Sun May 22 00:32:50 2016]  Kill: 1 1 39: Montydog9 killed Montydog9 by MOD_SUICIDE
[Sun May 22 00:33:20 2016]  Kill: 1022 1 2: <world> killed Montydog9 by MOD_MELEE
[Sun May 22 00:34:43 2016]  Kill: 0 0 39: Tgraham5en killed Tgraham5en by MOD_SUICIDE
[Sun May 22 00:34:48 2016]  Item: 1 weapon_rocket_launcher
[Sun May 22 00:35:34 2016]  ClientDisconnect: 1
[Sun May 22 00:35:34 2016]  ClientConnect: 1
[Sun May 22 00:35:34 2016]  mlog:Player Montydog9, connected. With IP - 86.10.130.253:29070 
[Sun May 22 00:35:52 2016]  ClientBegin: 1
[Sun May 22 00:37:37 2016]  ClientDisconnect: 1
[Sun May 22 00:37:37 2016]  ClientConnect: 1
[Sun May 22 00:37:37 2016]  mlog:Player Montydog9, connected. With IP - 86.10.130.253:29070 
[Sun May 22 00:37:54 2016]  ClientBegin: 1
[Sun May 22 00:42:24 2016]  say: Montydog9: ..cg_dismember
[Sun May 22 00:43:16 2016]  ClientDisconnect: 1
[Sun May 22 00:43:16 2016]  ClientConnect: 1
[Sun May 22 00:43:16 2016]  mlog:Player Montydog9, connected. With IP - 86.10.130.253:29070 
[Sun May 22 00:43:35 2016]  ClientBegin: 1
[Sun May 22 00:44:31 2016]  say: Montydog9: tp
[Sun May 22 00:46:31 2016]  say: Tgraham5en: .npc spawn vehicle atst_vehicle
[Sun May 22 00:46:57 2016]  say: Montydog9: /npc spawn vehicle atst_vehicle
[Sun May 22 00:49:00 2016]  say: Tgraham5en: .npc spawn vehicle tie-bomber
[Sun May 22 00:49:38 2016]  Item: 0 ammo_all
[Sun May 22 00:49:41 2016]  Item: 0 ammo_all
[Sun May 22 00:50:01 2016]  Item: 0 ammo_all
[Sun May 22 00:54:05 2016]  Kill: 1 1 39: Montydog9 killed Montydog9 by MOD_SUICIDE
[Sun May 22 00:58:04 2016]  Kill: 1022 0 37: <world> killed Tgraham5en by MOD_TELEFRAG
[Sun May 22 00:58:08 2016]  Item: 1 weapon_blaster
[Sun May 22 00:58:20 2016]  Kill: 1 0 28: Montydog9 killed Tgraham5en by MOD_VEHICLE
[Sun May 22 00:58:46 2016]  Kill: 1 0 28: Montydog9 killed Tgraham5en by MOD_VEHICLE
[Sun May 22 01:01:07 2016]  tell: Tgraham5en to Montydog9: /kill
[Sun May 22 01:01:10 2016]  Kill: 0 0 39: Tgraham5en killed Tgraham5en by MOD_SUICIDE
[Sun May 22 01:01:15 2016]  Kill: 1 1 39: Montydog9 killed Montydog9 by MOD_SUICIDE
[Sun May 22 01:01:23 2016]  say: Montydog9: ]graham5en
[Sun May 22 01:02:26 2016]  Item: 0 ammo_all
[Sun May 22 01:02:41 2016]  Item: 1 ammo_all
[Sun May 22 01:02:55 2016]  Kill: 0 1 3: Tgraham5en killed Montydog9 by MOD_SABER
[Sun May 22 01:04:56 2016]  Kill: 1 1 39: Montydog9 killed Montydog9 by MOD_SUICIDE
[Sun May 22 01:09:04 2016]  Kill: 0 1 3: Tgraham5en killed Montydog9 by MOD_SABER
[Sun May 22 01:13:56 2016]  ClientDisconnect: 1
[Sun May 22 01:14:28 2016]  ClientConnect: 1
[Sun May 22 01:14:28 2016]  mlog:Player Montydog9, connected. With IP - 86.10.130.253:29070 
[Sun May 22 01:14:47 2016]  ClientBegin: 1
[Sun May 22 01:14:56 2016]  say: Montydog9: npc spawn player
[Sun May 22 01:15:36 2016]  -8<------- Crash Information ------->8-
[Sun May 22 01:15:36 2016]      Please forward to Scooper 
[Sun May 22 01:15:36 2016]  ---------------------------------------
[Sun May 22 01:15:36 2016]  Version: MakerMod Win32
[Sun May 22 01:15:36 2016]  Build Date: Dec 27 2010[Sun May 22 01:15:36 2016]  Build Time: 23:45:02[Sun May 22 01:15:36 2016]  Map: t2_trip
[Sun May 22 01:15:36 2016]  Exception: Access violation (0xc0000005)
[Sun May 22 01:15:36 2016]  Exception Address: 0x201299d8
[Sun May 22 01:15:36 2016]  DLL Information:
[Sun May 22 01:15:36 2016]  0x00400000	jampDed
[Sun May 22 01:15:36 2016]  0x77bd0000	ntdll
[Sun May 22 01:15:36 2016]  0x76b50000	kernel32
[Sun May 22 01:15:36 2016]  0x75630000	KERNELBASE
[Sun May 22 01:15:36 2016]  0x75350000	WSOCK32
[Sun May 22 01:15:36 2016]  0x76cc0000	WS2_32
[Sun May 22 01:15:36 2016]  0x76aa0000	msvcrt
[Sun May 22 01:15:36 2016]  0x76fa0000	RPCRT4
[Sun May 22 01:15:36 2016]  0x755d0000	SspiCli
[Sun May 22 01:15:36 2016]  0x755c0000	CRYPTBASE
[Sun May 22 01:15:36 2016]  0x75720000	sechost
[Sun May 22 01:15:36 2016]  0x775f0000	NSI
[Sun May 22 01:15:36 2016]  0x73d70000	WINMM
[Sun May 22 01:15:36 2016]  0x76ea0000	USER32
[Sun May 22 01:15:36 2016]  0x763b0000	GDI32
[Sun May 22 01:15:36 2016]  0x775e0000	LPK
[Sun May 22 01:15:36 2016]  0x776e0000	USP10
[Sun May 22 01:15:36 2016]  0x77610000	ADVAPI32
[Sun May 22 01:15:36 2016]  0x77170000	IMM32
[Sun May 22 01:15:36 2016]  0x765c0000	MSCTF
[Sun May 22 01:15:36 2016]  0x752f0000	mswsock
[Sun May 22 01:15:36 2016]  0x752e0000	wshtcpip
[Sun May 22 01:15:36 2016]  0x71670000	NLAapi
[Sun May 22 01:15:36 2016]  0x72e10000	napinsp
[Sun May 22 01:15:36 2016]  0x72df0000	pnrpnsp
[Sun May 22 01:15:36 2016]  0x720d0000	DNSAPI
[Sun May 22 01:15:36 2016]  0x72de0000	winrnr
[Sun May 22 01:15:36 2016]  0x72080000	WLIDNSP
[Sun May 22 01:15:36 2016]  0x77ba0000	PSAPI
[Sun May 22 01:15:36 2016]  0x76c60000	SHLWAPI
[Sun May 22 01:15:36 2016]  0x72dd0000	wshbth
[Sun May 22 01:15:36 2016]  0x73e30000	IPHLPAPI
[Sun May 22 01:15:36 2016]  0x73e20000	WINNSI
[Sun May 22 01:15:36 2016]  0x72040000	fwpuclnt
[Sun May 22 01:15:36 2016]  0x72030000	rasadhlp
[Sun May 22 01:15:36 2016]  0x20000000	jampgamex86
[Sun May 22 01:15:36 2016]  0x777a0000	IMAGEHLP
[Sun May 22 01:15:36 2016]  0x6f480000	dbghelp
[Sun May 22 01:15:36 2016]  Backtrace:
[Sun May 22 01:15:36 2016]  (0) E:\Program Files (x86)\LucasArts\Star Wars Jedi Knight Jedi Academy\GameData\makermod\jampgamex86.dll(dllEntry+0x67c08) [0x201299d8]
[Sun May 22 01:15:36 2016]  (1) E:\Program Files (x86)\LucasArts\Star Wars Jedi Knight Jedi Academy\GameData\makermod\jampgamex86.dll(dllEntry+0x67d32) [0x20129b02]
[Sun May 22 01:15:36 2016]  (2) E:\Program Files (x86)\LucasArts\Star Wars Jedi Knight Jedi Academy\GameData\makermod\jampgamex86.dll [0x20043eab]
[Sun May 22 01:15:36 2016]  (3) E:\Program Files (x86)\LucasArts\Star Wars Jedi Knight Jedi Academy\GameData\makermod\jampgamex86.dll [0x20044d48]
[Sun May 22 01:15:36 2016]  (4) E:\Program Files (x86)\LucasArts\Star Wars Jedi Knight Jedi Academy\GameData\makermod\jampgamex86.dll [0x20044679]
[Sun May 22 01:15:36 2016]  (5) E:\Program Files (x86)\LucasArts\Star Wars Jedi Knight Jedi Academy\GameData\makermod\jampgamex86.dll [0x200450b2]
[Sun May 22 01:15:36 2016]  (6) E:\Program Files (x86)\LucasArts\Star Wars Jedi Knight Jedi Academy\GameData\makermod\jampgamex86.dll [0x20045225]
[Sun May 22 01:15:36 2016]  (7) E:\Program Files (x86)\LucasArts\Star Wars Jedi Knight Jedi Academy\GameData\makermod\jampgamex86.dll [0x20045988]
[Sun May 22 01:15:36 2016]  (8) E:\Program Files (x86)\LucasArts\Star Wars Jedi Knight Jedi Academy\GameData\makermod\jampgamex86.dll(dllEntry+0x5fbe1) [0x201219b1]
[Sun May 22 01:15:36 2016]  (9) E:\Program Files (x86)\LucasArts\Star Wars Jedi Knight Jedi Academy\GameData\makermod\jampgamex86.dll(dllEntry+0x5dbc4) [0x2011f994]
[Sun May 22 01:15:36 2016]  (10) E:\Program Files (x86)\LucasArts\Star Wars Jedi Knight Jedi Academy\GameData\makermod\jampgamex86.dll(dllEntry+0x5e59b) [0x2012036b]
[Sun May 22 01:15:36 2016]  (11) E:\Program Files (x86)\LucasArts\Star Wars Jedi Knight Jedi Academy\GameData\makermod\jampgamex86.dll(dllEntry+0x5f03f) [0x20120e0f]
[Sun May 22 01:15:36 2016]  (12) E:\Program Files (x86)\LucasArts\Star Wars Jedi Knight Jedi Academy\GameData\makermod\jampgamex86.dll [0x20081fd7]
[Sun May 22 01:15:36 2016]  (13) E:\Program Files (x86)\LucasArts\Star Wars Jedi Knight Jedi Academy\GameData\makermod\jampgamex86.dll(vmMain+0xca) [0x2009f63a]
[Sun May 22 01:15:36 2016]  (14) E:\Program Files (x86)\LucasArts\Star Wars Jedi Knight Jedi Academy\GameData\jampDed.exe [0x004226ff]
[Sun May 22 01:15:36 2016]  (15) E:\Program Files (x86)\LucasArts\Star Wars Jedi Knight Jedi Academy\GameData\jampDed.exe [0x0043c45e]
[Sun May 22 01:15:36 2016]  (16) E:\Program Files (x86)\LucasArts\Star Wars Jedi Knight Jedi Academy\GameData\jampDed.exe [0x00444213]
[Sun May 22 01:15:36 2016]  (17) E:\Program Files (x86)\LucasArts\Star Wars Jedi Knight Jedi Academy\GameData\jampDed.exe [0x0043c45e]
[Sun May 22 01:15:36 2016]  (18) E:\Program Files (x86)\LucasArts\Star Wars Jedi Knight Jedi Academy\GameData\jampDed.exe [0x00444213]
[Sun May 22 01:15:36 2016]  (19) E:\Program Files (x86)\LucasArts\Star Wars Jedi Knight Jedi Academy\GameData\jampDed.exe [0x0043c1e0]
[Sun May 22 01:15:36 2016]  (20) E:\Program Files (x86)\LucasArts\Star Wars Jedi Knight Jedi Academy\GameData\jampDed.exe [0x0044c751]
[Sun May 22 01:15:36 2016]  (21) E:\Program Files (x86)\LucasArts\Star Wars Jedi Knight Jedi Academy\GameData\jampDed.exe [0x00411e0d]
[Sun May 22 01:15:36 2016]  (22) C:\Windows\syswow64\kernel32.dll(BaseThreadInitThunk+0x12) [0x76b6338a]
[Sun May 22 01:15:36 2016]  (23) C:\Windows\SysWOW64\ntdll.dll(RtlInitializeExceptionChain+0x63) [0x77c09902]
[Sun May 22 01:15:36 2016]  (24) C:\Windows\SysWOW64\ntdll.dll(RtlInitializeExceptionChain+0x36) [0x77c098d5]
[Sun May 22 01:15:36 2016]  -8<--------------------------------->8-

[Sun May 22 01:15:36 2016]  Attempting to clean up.
[Sun May 22 01:15:36 2016]  ShutdownGame:
[Sun May 22 01:15:36 2016]  ------------------------------------------------------------
