[Tue Oct 08 08:55:14 2013]  ------------------------------------------------------------
[Tue Oct 08 08:55:14 2013]  InitGame: \g_siegeTeam2\none\g_siegeTeam1\none\g_jediVmerc\0\g_maxGameClients\0\g_noSpecMove\0\g_debugMelee\1\g_siegeRespawn\20\g_siegeTeamSwitch\1\g_forceRegenTime\0\g_forcePowerDisable\0\g_weaponDisable\0\g_allowNPC\1\bot_minplayers\0\sv_allowDownload\1\sv_floodProtect\0\sv_maxPing\0\sv_minPing\0\sv_maxRate\5000\sv_maxclients\32\sv_hostname\^3Darkquake's Makermod Server\g_duelWeaponDisable\65531\g_forceBasedTeams\0\duel_fraglimit\10\g_maxForceRank\7\g_saberLocking\1\g_privateDuel\1\capturelimit\0\timelimit\120\fraglimit\0\dmflags\0\version\(internal)JAmp: v1.0.1.0 win-x86 Oct 30 2003\g_maxHolocronCarry\3\g_gametype\0\g_needpass\0\protocol\26\mapname\mp/siege_desert\sv_privateClients\0\g_stepSlideFix\1\gamename\MakerMod\g_saberWallDamageScale\0.4\bg_fighterAltControl\0\g_showDuelHealths\0
[Tue Oct 08 08:55:15 2013]  ClientConnect: 0
[Tue Oct 08 08:55:15 2013]  ClientConnect: 1
[Tue Oct 08 08:55:25 2013]  ClientBegin: 1
[Tue Oct 08 08:55:43 2013]  ClientBegin: 0
[Tue Oct 08 08:56:32 2013]  Kill: 1 1 27: Padawan killed Padawan by MOD_DET_PACK_SPLASH
[Tue Oct 08 08:57:22 2013]  Kill: 0 1 3: ^2Padawan killed Padawan by MOD_SABER
[Tue Oct 08 08:58:37 2013]  Kill: 1 1 39: Padawan killed Padawan by MOD_SUICIDE
[Tue Oct 08 08:59:15 2013]  Kill: 0 1 3: ^2Padawan killed Padawan by MOD_SABER
[Tue Oct 08 08:59:23 2013]  Kill: 1 1 39: Padawan killed Padawan by MOD_SUICIDE
[Tue Oct 08 09:00:06 2013]  Kill: 1022 1 39: <world> killed Padawan by MOD_SUICIDE
[Tue Oct 08 09:00:14 2013]  Kill: 1 1 39: Padawan killed Padawan by MOD_SUICIDE
[Tue Oct 08 09:07:51 2013]  Kill: 0 1 27: ^2Padawan killed Padawan by MOD_DET_PACK_SPLASH
[Tue Oct 08 09:08:00 2013]  Kill: 1 1 39: Padawan killed Padawan by MOD_SUICIDE
[Tue Oct 08 09:09:05 2013]  say: ^2Padawan: god
[Tue Oct 08 09:11:00 2013]  Kill: 1 1 39: Padawan killed Padawan by MOD_SUICIDE
[Tue Oct 08 09:11:08 2013]  Kill: 1 1 39: Padawan killed Padawan by MOD_SUICIDE
[Tue Oct 08 09:13:08 2013]  ClientConnect: 2
[Tue Oct 08 09:13:08 2013]  mlog:Player Padawan, connected. With IP - 109.47.3.95:-11743 
[Tue Oct 08 09:14:03 2013]  Kill: 1 1 39: Padawan killed Padawan by MOD_SUICIDE
[Tue Oct 08 09:14:14 2013]  Kill: 1 1 39: Padawan killed Padawan by MOD_SUICIDE
[Tue Oct 08 09:15:26 2013]  Kill: 0 1 3: ^2Padawan killed Padawan by MOD_SABER
[Tue Oct 08 09:15:32 2013]  Kill: 1 1 39: Padawan killed Padawan by MOD_SUICIDE
[Tue Oct 08 09:15:44 2013]  ClientBegin: 2
[Tue Oct 08 09:15:49 2013]  say: ^2Padawan: ïðèâåò!
[Tue Oct 08 09:15:56 2013]  say: Padawan: ïðèâåò
[Tue Oct 08 09:16:04 2013]  say: ^2Padawan: hi!
[Tue Oct 08 09:16:04 2013]  Item: 0 ammo_all
[Tue Oct 08 09:16:09 2013]  say: ^0Xe®a^2th: hi
[Tue Oct 08 09:16:19 2013]  say: ^2Padawan: speak rus?
[Tue Oct 08 09:16:27 2013]  say: ^0Xe®a^2th: no
[Tue Oct 08 09:16:32 2013]  say: ^2Padawan: c
[Tue Oct 08 09:16:33 2013]  say: ^0Xe®a^2th: uhm
[Tue Oct 08 09:16:41 2013]  say: ^2Padawan: duel
[Tue Oct 08 09:16:41 2013]  say: ^0Xe®a^2th: gg+
[Tue Oct 08 09:16:45 2013]  say: ^0Xe®a^2th: lol
[Tue Oct 08 09:16:52 2013]  say: ^0Xe®a^2th: my headset is fucking up
[Tue Oct 08 09:16:57 2013]  say: ^0Xe®a^2th: fucked*
[Tue Oct 08 09:17:20 2013]  say: ^0Xe®a^2th: .
[Tue Oct 08 09:18:24 2013]  say: ^2Padawan: help my!!! plz!
[Tue Oct 08 09:18:33 2013]  say: ^2Padawan: help!
[Tue Oct 08 09:18:37 2013]  say: ^2Padawan: help!
[Tue Oct 08 09:18:40 2013]  say: ^2Padawan: help!
[Tue Oct 08 09:18:50 2013]  say: ^2Padawan: Xe
[Tue Oct 08 09:18:50 2013]  say: Padawan: help
[Tue Oct 08 09:19:01 2013]  say: ^2Padawan: help my and padawan
[Tue Oct 08 09:20:01 2013]  say: ^0Xe®a^2th: i'll reconnect
[Tue Oct 08 09:20:03 2013]  ClientDisconnect: 2
[Tue Oct 08 09:20:23 2013]  Kill: 0 1 38: ^2Padawan killed Padawan by MOD_FALLING
[Tue Oct 08 09:22:08 2013]  ClientConnect: 2
[Tue Oct 08 09:22:08 2013]  mlog:Player Padawan, connected. With IP - 109.47.3.95:-26883 
[Tue Oct 08 09:22:50 2013]  ClientBegin: 2
[Tue Oct 08 09:22:55 2013]  say: ^2Padawan: hi!)
[Tue Oct 08 09:23:02 2013]  say: ^0Xe®a^2th: hi
[Tue Oct 08 09:23:06 2013]  say: ^0Xe®a^2th: i lag :S
[Tue Oct 08 09:23:11 2013]  say: ^2Padawan: lol
[Tue Oct 08 09:23:20 2013]  say: ^0Xe®a^2th: -.-
[Tue Oct 08 09:24:22 2013]  say: ^0Xe®a^2th: i'll reconnect again
[Tue Oct 08 09:24:24 2013]  ClientDisconnect: 2
[Tue Oct 08 09:24:52 2013]  ClientDisconnect: 0
[Tue Oct 08 09:25:29 2013]  ClientDisconnect: 1
[Tue Oct 08 10:55:13 2013]  Exit: Timelimit hit.
[Tue Oct 08 16:13:51 2013]  ClientConnect: 0
[Tue Oct 08 16:13:51 2013]  mlog:Player ^5No^3i^2con, connected. With IP - 86.160.95.5:29070 
[Tue Oct 08 16:14:20 2013]  ClientBegin: 0
[Tue Oct 08 16:14:26 2013]  ShutdownGame:
[Tue Oct 08 16:14:26 2013]  ------------------------------------------------------------
[Tue Oct 08 16:14:27 2013]  ------------------------------------------------------------
[Tue Oct 08 16:14:27 2013]  InitGame: \g_siegeTeam2\none\g_siegeTeam1\none\g_jediVmerc\0\g_maxGameClients\0\g_noSpecMove\0\g_debugMelee\1\g_siegeRespawn\20\g_siegeTeamSwitch\1\g_forceRegenTime\0\g_forcePowerDisable\0\g_weaponDisable\0\g_allowNPC\1\bot_minplayers\0\sv_allowDownload\1\sv_floodProtect\0\sv_maxPing\0\sv_minPing\0\sv_maxRate\5000\sv_maxclients\32\sv_hostname\^3Darkquake's Makermod Server\g_duelWeaponDisable\65531\g_forceBasedTeams\0\duel_fraglimit\10\g_maxForceRank\7\g_saberLocking\1\g_privateDuel\1\capturelimit\0\timelimit\120\fraglimit\0\dmflags\0\version\(internal)JAmp: v1.0.1.0 win-x86 Oct 30 2003\g_maxHolocronCarry\3\g_gametype\0\g_needpass\0\protocol\26\mapname\t2_trip\sv_privateClients\0\g_stepSlideFix\1\gamename\MakerMod\g_saberWallDamageScale\0.4\bg_fighterAltControl\0\g_showDuelHealths\0
[Tue Oct 08 16:14:28 2013]  ClientConnect: 0
[Tue Oct 08 16:14:59 2013]  ClientBegin: 0
[Tue Oct 08 16:26:59 2013]  ClientDisconnect: 0
[Tue Oct 08 18:14:26 2013]  Exit: Timelimit hit.
[Tue Oct 08 18:33:01 2013]  ShutdownGame:
[Tue Oct 08 18:33:01 2013]  ------------------------------------------------------------
[Tue Oct 08 18:33:02 2013]  ------------------------------------------------------------
[Tue Oct 08 18:33:02 2013]  InitGame: \g_siegeTeam2\none\g_siegeTeam1\none\g_jediVmerc\0\g_maxGameClients\0\g_noSpecMove\0\g_debugMelee\1\g_siegeRespawn\20\g_siegeTeamSwitch\1\g_forceRegenTime\1\g_forcePowerDisable\0\g_weaponDisable\0\g_allowNPC\1\bot_minplayers\0\sv_allowDownload\1\sv_floodProtect\0\sv_maxPing\0\sv_minPing\0\sv_maxRate\5000\sv_maxclients\32\sv_hostname\^3Darkquake's Makermod Server\g_duelWeaponDisable\65531\g_forceBasedTeams\0\duel_fraglimit\10\g_maxForceRank\7\g_saberLocking\1\g_privateDuel\1\capturelimit\0\timelimit\120\fraglimit\0\dmflags\0\version\(internal)JAmp: v1.0.1.0 win-x86 Oct 30 2003\g_maxHolocronCarry\3\g_gametype\0\g_needpass\0\protocol\26\mapname\t2_trip\sv_privateClients\0\g_stepSlideFix\1\gamename\MakerMod\g_saberWallDamageScale\0.4\bg_fighterAltControl\0\g_showDuelHealths\0
[Tue Oct 08 20:33:01 2013]  Exit: Timelimit hit.
[Tue Oct 08 22:20:40 2013]  ClientConnect: 0
[Tue Oct 08 22:20:40 2013]  mlog:Player ^5»^0SK^5|||^0WØLF^5«^0™, connected. With IP - 177.188.128.64:-25066 
[Tue Oct 08 22:22:00 2013]  ClientBegin: 0
[Tue Oct 08 22:22:00 2013]  say: ^5»^0SK^5|||^0WØLF^5«^0™: ^1Boba^0Fett's ^3Ultra Utility ^7v3 ^5Beta 17a ^7- ^5U^7ltra^7-^5U^7tility^5.^7com
[Tue Oct 08 22:22:14 2013]  ClientDisconnect: 0
[Wed Oct 09 02:13:34 2013]  ClientConnect: 0
[Wed Oct 09 02:13:34 2013]  mlog:Player ^0»[^2L^0]«^7Ska^2l^0l^7i^0|^7C^2, connected. With IP - 91.61.37.236:29070 
[Wed Oct 09 02:13:51 2013]  ClientConnect: 1
[Wed Oct 09 02:13:51 2013]  mlog:Player ^0»[L]«S^2h^3o^7ne^0|JK, connected. With IP - 83.113.41.7:29070 
[Wed Oct 09 02:14:21 2013]  ClientBegin: 0
[Wed Oct 09 02:14:23 2013]  ClientBegin: 1
[Wed Oct 09 02:14:28 2013]  say: ^0e^3|^0e^7c: skall?
[Wed Oct 09 02:14:39 2013]  ShutdownGame:
[Wed Oct 09 02:14:39 2013]  ------------------------------------------------------------
