[Thu Oct 17 01:17:43 2013]  ------------------------------------------------------------
[Thu Oct 17 01:17:43 2013]  InitGame: \dmflags\0\fraglimit\0\timelimit\120\capturelimit\0\g_privateDuel\1\g_saberLocking\1\g_maxForceRank\7\duel_fraglimit\10\g_forceBasedTeams\0\g_duelWeaponDisable\65531\sv_hostname\^3Darkquake's Makermod Server\sv_maxclients\32\sv_maxRate\5000\sv_minPing\0\sv_maxPing\0\sv_floodProtect\0\sv_allowDownload\1\bot_minplayers\0\g_allowNPC\1\g_weaponDisable\0\g_forcePowerDisable\0\g_forceRegenTime\0\g_siegeTeamSwitch\1\g_siegeRespawn\20\g_debugMelee\1\g_noSpecMove\0\g_maxGameClients\0\g_jediVmerc\0\g_siegeTeam1\none\g_siegeTeam2\none\version\(internal)JAmp: v1.0.1.0 win-x86 Oct 30 2003\g_maxHolocronCarry\3\g_gametype\0\g_needpass\0\protocol\26\mapname\t2_trip\sv_privateClients\0\g_stepSlideFix\1\gamename\MakerMod\g_saberWallDamageScale\0.4\bg_fighterAltControl\0\g_showDuelHealths\0
[Thu Oct 17 01:17:45 2013]  ClientConnect: 0
[Thu Oct 17 01:18:00 2013]  ClientBegin: 0
[Thu Oct 17 01:21:19 2013]  ClientDisconnect: 0
[Thu Oct 17 03:17:41 2013]  Exit: Timelimit hit.
[Thu Oct 17 06:43:56 2013]  ClientConnect: 0
[Thu Oct 17 06:43:56 2013]  mlog:Player Bens_192, connected. With IP - 46.174.248.17:29070 
[Thu Oct 17 06:44:23 2013]  ClientBegin: 0
[Thu Oct 17 06:44:35 2013]  print "Padawan^7 @@@PLRENAME Bens_192
"[Thu Oct 17 06:44:41 2013]  ShutdownGame:
[Thu Oct 17 06:44:41 2013]  ------------------------------------------------------------
[Thu Oct 17 06:44:42 2013]  ------------------------------------------------------------
[Thu Oct 17 06:44:42 2013]  InitGame: \dmflags\0\fraglimit\0\timelimit\120\capturelimit\0\g_privateDuel\1\g_saberLocking\1\g_maxForceRank\7\duel_fraglimit\10\g_forceBasedTeams\0\g_duelWeaponDisable\65531\sv_hostname\^3Darkquake's Makermod Server\sv_maxclients\32\sv_maxRate\5000\sv_minPing\0\sv_maxPing\0\sv_floodProtect\0\sv_allowDownload\1\bot_minplayers\0\g_allowNPC\1\g_weaponDisable\0\g_forcePowerDisable\0\g_forceRegenTime\0\g_siegeTeamSwitch\1\g_siegeRespawn\20\g_debugMelee\1\g_noSpecMove\0\g_maxGameClients\0\g_jediVmerc\0\g_siegeTeam1\none\g_siegeTeam2\none\version\(internal)JAmp: v1.0.1.0 win-x86 Oct 30 2003\g_maxHolocronCarry\3\g_gametype\0\g_needpass\0\protocol\26\mapname\mp/siege_desert\sv_privateClients\0\g_stepSlideFix\1\gamename\MakerMod\g_saberWallDamageScale\0.4\bg_fighterAltControl\0\g_showDuelHealths\0
[Thu Oct 17 06:44:43 2013]  ClientConnect: 0
[Thu Oct 17 06:44:57 2013]  ClientBegin: 0
[Thu Oct 17 06:45:07 2013]  say: Bens_192: ^1^^0Sharingan-Script by ^0Revan and ^1^^0 Madara Uchiha
[Thu Oct 17 06:48:52 2013]  ClientDisconnect: 0
[Thu Oct 17 07:39:15 2013]  ClientConnect: 0
[Thu Oct 17 07:39:15 2013]  mlog:Player ^3BorBorys^1), connected. With IP - 188.92.0.200:29070 
[Thu Oct 17 07:39:42 2013]  ClientBegin: 0
[Thu Oct 17 07:41:36 2013]  ClientConnect: 1
[Thu Oct 17 07:41:36 2013]  mlog:Player Bens_192, connected. With IP - 46.174.248.17:29070 
[Thu Oct 17 07:41:58 2013]  ClientBegin: 1
[Thu Oct 17 07:42:58 2013]  say: -=^1{^0W:K^1}^7.^1PÀRA^0SHUT^7=-: My origin is: (3992 -432 -200) - You can teleport here with /mtelelast

[Thu Oct 17 07:43:52 2013]  say: -=^1{^0W:K^1}^7.^1PÀRA^0SHUT^7=-: /exec 4
[Thu Oct 17 07:44:13 2013]  say: -=^1{^0W:K^1}^7.^1PÀRA^0SHUT^7=-: /bind 4 exec 4
[Thu Oct 17 07:46:56 2013]  Kill: 0 1 0: -=^1{^0W:K^1}^7.^1PÀRA^0SHUT^7=- killed Bens_192 by MOD_UNKNOWN
[Thu Oct 17 07:48:30 2013]  say: Bens_192: mempower
[Thu Oct 17 07:49:14 2013]  Kill: 0 1 37: -=^1{^0W:K^1}^7.^1PÀRA^0SHUT^7=- killed Bens_192 by MOD_TELEFRAG
[Thu Oct 17 07:49:48 2013]  say: -=^1{^0W:K^1}^7.^1PÀRA^0SHUT^7=-: My origin is: (1970 255 -479) - You can teleport here with /mtelelast

[Thu Oct 17 07:50:31 2013]  Kill: 0 1 31: -=^1{^0W:K^1}^7.^1PÀRA^0SHUT^7=- killed Bens_192 by MOD_FORCE_DARK
[Thu Oct 17 07:54:58 2013]  ClientDisconnect: 1
[Thu Oct 17 07:55:04 2013]  ClientConnect: 1
[Thu Oct 17 07:55:04 2013]  mlog:Player Bens_192, connected. With IP - 46.174.248.17:29070 
[Thu Oct 17 07:55:11 2013]  ClientBegin: 1
[Thu Oct 17 07:56:40 2013]  Kill: 0 1 36: -=^1{^0W:K^1}^7.^1PÀRA^0SHUT^7=- killed Bens_192 by MOD_CRUSH
[Thu Oct 17 08:02:32 2013]  ClientDisconnect: 1
[Thu Oct 17 08:02:32 2013]  ClientConnect: 1
[Thu Oct 17 08:02:32 2013]  mlog:Player Bens_192, connected. With IP - 46.174.248.17:29070 
[Thu Oct 17 08:02:39 2013]  ClientDisconnect: 0
[Thu Oct 17 08:02:39 2013]  ClientConnect: 0
[Thu Oct 17 08:02:39 2013]  mlog:Player ^3BorBorys^1), connected. With IP - 188.92.0.200:29070 
[Thu Oct 17 08:02:49 2013]  ClientBegin: 1
[Thu Oct 17 08:03:33 2013]  ClientBegin: 0
[Thu Oct 17 08:06:45 2013]  Kill: 0 1 3: -=^1{^0W:K^1}^7.^1PÀRA^0SHUT^7=- killed Bens_192 by MOD_SABER
[Thu Oct 17 08:07:01 2013]  say: -=^1{^0W:K^1}^7.^1PÀRA^0SHUT^7=-: My origin is: (8311 1617 -487) - You can teleport here with /mtelelast

[Thu Oct 17 08:07:07 2013]  Kill: 1 0 37: Bens_192 killed -=^1{^0W:K^1}^7.^1PÀRA^0SHUT^7=- by MOD_TELEFRAG
[Thu Oct 17 08:08:58 2013]  Kill: 0 0 39: -=^1{^0W:K^1}^7.^1PÀRA^0SHUT^7=- killed -=^1{^0W:K^1}^7.^1PÀRA^0SHUT^7=- by MOD_SUICIDE
[Thu Oct 17 08:08:58 2013]  setteam:  0 FREE SPECTATOR
[Thu Oct 17 08:08:58 2013]  ClientBegin: 0
[Thu Oct 17 08:09:12 2013]  setteam:  0 SPECTATOR FREE
[Thu Oct 17 08:09:12 2013]  ClientBegin: 0
[Thu Oct 17 08:10:09 2013]  Kill: 1022 1 36: <world> killed Bens_192 by MOD_CRUSH
[Thu Oct 17 08:10:53 2013]  Kill: 0 0 39: -=^1{^0W:K^1}^7.^1PÀRA^0SHUT^7=- killed -=^1{^0W:K^1}^7.^1PÀRA^0SHUT^7=- by MOD_SUICIDE
[Thu Oct 17 08:10:53 2013]  setteam:  0 FREE SPECTATOR
[Thu Oct 17 08:10:53 2013]  ClientBegin: 0
[Thu Oct 17 08:11:01 2013]  setteam:  0 SPECTATOR FREE
[Thu Oct 17 08:11:01 2013]  ClientBegin: 0
[Thu Oct 17 08:11:02 2013]  Kill: 1 1 39: Bens_192 killed Bens_192 by MOD_SUICIDE
[Thu Oct 17 08:11:32 2013]  Kill: 0 0 39: -=^1{^0W:K^1}^7.^1PÀRA^0SHUT^7=- killed -=^1{^0W:K^1}^7.^1PÀRA^0SHUT^7=- by MOD_SUICIDE
[Thu Oct 17 08:11:32 2013]  setteam:  0 FREE SPECTATOR
[Thu Oct 17 08:11:32 2013]  ClientBegin: 0
[Thu Oct 17 08:11:37 2013]  setteam:  0 SPECTATOR FREE
[Thu Oct 17 08:11:37 2013]  ClientBegin: 0
[Thu Oct 17 08:11:57 2013]  Kill: 1022 0 36: <world> killed -=^1{^0W:K^1}^7.^1PÀRA^0SHUT^7=- by MOD_CRUSH
[Thu Oct 17 08:12:51 2013]  Kill: 0 0 39: -=^1{^0W:K^1}^7.^1PÀRA^0SHUT^7=- killed -=^1{^0W:K^1}^7.^1PÀRA^0SHUT^7=- by MOD_SUICIDE
[Thu Oct 17 08:13:19 2013]  ClientDisconnect: 0
[Thu Oct 17 08:13:26 2013]  ClientDisconnect: 1
[Thu Oct 17 08:44:41 2013]  Exit: Timelimit hit.
[Thu Oct 17 11:42:03 2013]  ClientConnect: 0
[Thu Oct 17 11:42:03 2013]  mlog:Player ^3BorBorys^1), connected. With IP - 188.92.0.200:29070 
[Thu Oct 17 11:42:08 2013]  ClientConnect: 1
[Thu Oct 17 11:42:08 2013]  mlog:Player Bens_192, connected. With IP - 46.174.248.17:29070 
[Thu Oct 17 11:42:26 2013]  ClientBegin: 1
[Thu Oct 17 11:42:29 2013]  ClientBegin: 0
[Thu Oct 17 11:42:35 2013]  ShutdownGame:
[Thu Oct 17 11:42:35 2013]  ------------------------------------------------------------
[Thu Oct 17 11:42:36 2013]  ------------------------------------------------------------
[Thu Oct 17 11:42:36 2013]  InitGame: \dmflags\0\fraglimit\0\timelimit\120\capturelimit\0\g_privateDuel\1\g_saberLocking\1\g_maxForceRank\7\duel_fraglimit\10\g_forceBasedTeams\0\g_duelWeaponDisable\65531\sv_hostname\^3Darkquake's Makermod Server\sv_maxclients\32\sv_maxRate\5000\sv_minPing\0\sv_maxPing\0\sv_floodProtect\0\sv_allowDownload\1\bot_minplayers\0\g_allowNPC\1\g_weaponDisable\0\g_forcePowerDisable\0\g_forceRegenTime\0\g_siegeTeamSwitch\1\g_siegeRespawn\20\g_debugMelee\1\g_noSpecMove\0\g_maxGameClients\0\g_jediVmerc\0\g_siegeTeam1\none\g_siegeTeam2\none\version\(internal)JAmp: v1.0.1.0 win-x86 Oct 30 2003\g_maxHolocronCarry\3\g_gametype\0\g_needpass\0\protocol\26\mapname\t2_trip\sv_privateClients\0\g_stepSlideFix\1\gamename\MakerMod\g_saberWallDamageScale\0.4\bg_fighterAltControl\0\g_showDuelHealths\0
[Thu Oct 17 11:42:37 2013]  ClientConnect: 0
[Thu Oct 17 11:42:37 2013]  ClientConnect: 1
[Thu Oct 17 11:42:55 2013]  ClientBegin: 1
[Thu Oct 17 11:43:16 2013]  ClientDisconnect: 0
[Thu Oct 17 11:43:16 2013]  ClientConnect: 0
[Thu Oct 17 11:43:16 2013]  mlog:Player -=^1{^0W:K^1}^7.^1PÀRA^0SHUT^7=-, connected. With IP - 188.92.0.200:29070 
[Thu Oct 17 11:44:21 2013]  ClientDisconnect: 0
[Thu Oct 17 11:44:21 2013]  ClientConnect: 0
[Thu Oct 17 11:44:21 2013]  mlog:Player -=^1{^0W:K^1}^7.^1PÀRA^0SHUT^7=-, connected. With IP - 188.92.0.200:29070 
[Thu Oct 17 11:44:41 2013]  ClientBegin: 0
[Thu Oct 17 11:47:13 2013]  Kill: 0 1 3: -=^1{^0W:K^1}^7.^1PÀRA^0SHUT^7=- killed Bens_192 by MOD_SABER
[Thu Oct 17 11:47:20 2013]  Kill: 0 1 37: -=^1{^0W:K^1}^7.^1PÀRA^0SHUT^7=- killed Bens_192 by MOD_TELEFRAG
[Thu Oct 17 11:48:03 2013]  Kill: 0 1 3: -=^1{^0W:K^1}^7.^1PÀRA^0SHUT^7=- killed Bens_192 by MOD_SABER
[Thu Oct 17 11:48:10 2013]  Kill: 0 1 3: -=^1{^0W:K^1}^7.^1PÀRA^0SHUT^7=- killed Bens_192 by MOD_SABER
[Thu Oct 17 11:48:21 2013]  Kill: 0 1 37: -=^1{^0W:K^1}^7.^1PÀRA^0SHUT^7=- killed Bens_192 by MOD_TELEFRAG
[Thu Oct 17 11:48:38 2013]  Kill: 0 1 3: -=^1{^0W:K^1}^7.^1PÀRA^0SHUT^7=- killed Bens_192 by MOD_SABER
[Thu Oct 17 11:48:47 2013]  Kill: 1022 1 36: <world> killed Bens_192 by MOD_CRUSH
[Thu Oct 17 11:49:02 2013]  Kill: 0 1 3: -=^1{^0W:K^1}^7.^1PÀRA^0SHUT^7=- killed Bens_192 by MOD_SABER
[Thu Oct 17 11:50:55 2013]  Kill: 0 1 3: -=^1{^0W:K^1}^7.^1PÀRA^0SHUT^7=- killed Bens_192 by MOD_SABER
[Thu Oct 17 11:51:34 2013]  Kill: 0 1 2: -=^1{^0W:K^1}^7.^1PÀRA^0SHUT^7=- killed Bens_192 by MOD_MELEE
[Thu Oct 17 11:51:36 2013]  Kill: 1022 0 6: <world> killed -=^1{^0W:K^1}^7.^1PÀRA^0SHUT^7=- by MOD_BLASTER
[Thu Oct 17 11:52:42 2013]  Kill: 0 1 37: -=^1{^0W:K^1}^7.^1PÀRA^0SHUT^7=- killed Bens_192 by MOD_TELEFRAG
[Thu Oct 17 11:53:12 2013]  ClientDisconnect: 1
[Thu Oct 17 11:53:40 2013]  ClientDisconnect: 0
[Thu Oct 17 11:54:06 2013]  ClientConnect: 0
[Thu Oct 17 11:54:06 2013]  mlog:Player Bens_192, connected. With IP - 46.174.248.17:29070 
[Thu Oct 17 11:54:27 2013]  ClientConnect: 1
[Thu Oct 17 11:54:27 2013]  mlog:Player ^3BorBorys^1), connected. With IP - 188.92.0.200:29070 
[Thu Oct 17 11:54:27 2013]  ClientBegin: 0
[Thu Oct 17 11:54:40 2013]  say: Bens_192: ^1^^0Sharingan-Script by ^0Revan and ^1^^0 Madara Uchiha
[Thu Oct 17 11:54:57 2013]  ClientBegin: 1
[Thu Oct 17 11:55:22 2013]  Kill: 1 0 3: -=^1{^0W:K^1}^7.^1PÀRA^0SHUT^7=- killed Bens_192 by MOD_SABER
[Thu Oct 17 11:55:42 2013]  say: Bens_192: ^1^^0Sharingan-Script by ^0Revan and ^1^^0 Madara Uchiha
[Thu Oct 17 11:55:54 2013]  say: Bens_192: ^1^^0Sharingan-Script by ^0Revan and ^1^^0 Madara Uchiha
[Thu Oct 17 11:56:03 2013]  say: Bens_192: ^1^^0Sharingan-Script by ^0Revan and ^1^^0 Madara Uchiha
[Thu Oct 17 11:56:19 2013]  say: Bens_192: ^1^^0Sharingan-Script by ^0Revan and ^1^^0 Madara Uchiha
[Thu Oct 17 11:56:31 2013]  say: Bens_192: ^1^^0Sharingan-Script by ^0Revan and ^1^^0 Madara Uchiha
[Thu Oct 17 11:56:32 2013]  say: Bens_192: ^1^^0Sharingan-Script by ^0Revan and ^1^^0 Madara Uchiha
[Thu Oct 17 11:56:32 2013]  say: Bens_192: ^1^^0Sharingan-Script by ^0Revan and ^1^^0 Madara Uchiha
[Thu Oct 17 11:56:32 2013]  say: Bens_192: ^1^^0Sharingan-Script by ^0Revan and ^1^^0 Madara Uchiha
[Thu Oct 17 11:56:32 2013]  say: Bens_192: ^1^^0Sharingan-Script by ^0Revan and ^1^^0 Madara Uchiha
[Thu Oct 17 11:56:36 2013]  Kill: 1 0 5: -=^1{^0W:K^1}^7.^1PÀRA^0SHUT^7=- killed Bens_192 by MOD_BRYAR_PISTOL_ALT
[Thu Oct 17 11:57:04 2013]  say: Bens_192: ^1^^0Sharingan-Script by ^0Revan and ^1^^0 Madara Uchiha
[Thu Oct 17 11:57:05 2013]  say: Bens_192: ^1^^0Sharingan-Script by ^0Revan and ^1^^0 Madara Uchiha
[Thu Oct 17 11:57:05 2013]  say: Bens_192: ^1^^0Sharingan-Script by ^0Revan and ^1^^0 Madara Uchiha
[Thu Oct 17 11:57:05 2013]  say: Bens_192: ^1^^0Sharingan-Script by ^0Revan and ^1^^0 Madara Uchiha
[Thu Oct 17 11:57:05 2013]  say: Bens_192: ^1^^0Sharingan-Script by ^0Revan and ^1^^0 Madara Uchiha
[Thu Oct 17 11:57:05 2013]  say: Bens_192: ^1^^0Sharingan-Script by ^0Revan and ^1^^0 Madara Uchiha
[Thu Oct 17 11:57:08 2013]  say: Bens_192: ^1^^0Sharingan-Script by ^0Revan and ^1^^0 Madara Uchiha
[Thu Oct 17 11:57:13 2013]  say: Bens_192: ^1^^0Sharingan-Script by ^0Revan and ^1^^0 Madara Uchiha
[Thu Oct 17 11:57:14 2013]  say: Bens_192: ^1^^0Sharingan-Script by ^0Revan and ^1^^0 Madara Uchiha
[Thu Oct 17 11:57:14 2013]  say: Bens_192: ^1^^0Sharingan-Script by ^0Revan and ^1^^0 Madara Uchiha
[Thu Oct 17 11:57:14 2013]  say: Bens_192: ^1^^0Sharingan-Script by ^0Revan and ^1^^0 Madara Uchiha
[Thu Oct 17 11:57:14 2013]  say: Bens_192: ^1^^0Sharingan-Script by ^0Revan and ^1^^0 Madara Uchiha
[Thu Oct 17 11:57:14 2013]  say: Bens_192: ^1^^0Sharingan-Script by ^0Revan and ^1^^0 Madara Uchiha
[Thu Oct 17 11:57:14 2013]  say: Bens_192: ^1^^0Sharingan-Script by ^0Revan and ^1^^0 Madara Uchiha
[Thu Oct 17 11:57:14 2013]  say: Bens_192: ^1^^0Sharingan-Script by ^0Revan and ^1^^0 Madara Uchiha
[Thu Oct 17 11:57:14 2013]  say: Bens_192: ^1^^0Sharingan-Script by ^0Revan and ^1^^0 Madara Uchiha
[Thu Oct 17 11:57:14 2013]  say: Bens_192: ^1^^0Sharingan-Script by ^0Revan and ^1^^0 Madara Uchiha
[Thu Oct 17 11:57:14 2013]  say: Bens_192: ^1^^0Sharingan-Script by ^0Revan and ^1^^0 Madara Uchiha
[Thu Oct 17 11:57:14 2013]  say: Bens_192: ^1^^0Sharingan-Script by ^0Revan and ^1^^0 Madara Uchiha
[Thu Oct 17 11:57:14 2013]  say: Bens_192: ^1^^0Sharingan-Script by ^0Revan and ^1^^0 Madara Uchiha
[Thu Oct 17 11:57:14 2013]  say: Bens_192: ^1^^0Sharingan-Script by ^0Revan and ^1^^0 Madara Uchiha
[Thu Oct 17 11:57:15 2013]  say: Bens_192: ^1^^0Sharingan-Script by ^0Revan and ^1^^0 Madara Uchiha
[Thu Oct 17 11:57:15 2013]  say: Bens_192: ^1^^0Sharingan-Script by ^0Revan and ^1^^0 Madara Uchiha
[Thu Oct 17 11:57:19 2013]  say: Bens_192: ^1^^0Sharingan-Script by ^0Revan and ^1^^0 Madara Uchiha
[Thu Oct 17 11:57:29 2013]  Kill: 1 0 5: -=^1{^0W:K^1}^7.^1PÀRA^0SHUT^7=- killed Bens_192 by MOD_BRYAR_PISTOL_ALT
[Thu Oct 17 11:57:34 2013]  ClientDisconnect: 0
[Thu Oct 17 11:59:06 2013]  ClientDisconnect: 1
[Thu Oct 17 12:02:29 2013]  ClientConnect: 0
[Thu Oct 17 12:02:29 2013]  mlog:Player Bens_192, connected. With IP - 46.174.248.17:29070 
[Thu Oct 17 12:02:51 2013]  ClientBegin: 0
[Thu Oct 17 12:04:17 2013]  ClientDisconnect: 0
[Thu Oct 17 12:04:57 2013]  ClientConnect: 0
[Thu Oct 17 12:04:57 2013]  mlog:Player Bens_192, connected. With IP - 46.174.248.17:29070 
[Thu Oct 17 12:05:19 2013]  ClientBegin: 0
[Thu Oct 17 12:06:16 2013]  ClientConnect: 1
[Thu Oct 17 12:06:16 2013]  mlog:Player ^3BorBorys^1), connected. With IP - 188.92.0.200:29070 
[Thu Oct 17 12:06:50 2013]  ClientBegin: 1
[Thu Oct 17 12:07:10 2013]  ClientDisconnect: 0
[Thu Oct 17 12:07:50 2013]  ClientDisconnect: 1
[Thu Oct 17 12:08:35 2013]  ClientConnect: 0
[Thu Oct 17 12:08:35 2013]  mlog:Player Bens_192, connected. With IP - 46.174.248.17:29070 
[Thu Oct 17 12:08:57 2013]  ClientBegin: 0
[Thu Oct 17 12:09:18 2013]  ClientDisconnect: 0
[Thu Oct 17 12:09:50 2013]  ClientConnect: 0
[Thu Oct 17 12:09:50 2013]  mlog:Player ^3BorBorys^1), connected. With IP - 188.92.0.200:29070 
[Thu Oct 17 12:10:23 2013]  ClientBegin: 0
[Thu Oct 17 12:12:35 2013]  ClientConnect: 1
[Thu Oct 17 12:12:35 2013]  mlog:Player Bens_192, connected. With IP - 46.174.248.17:29070 
[Thu Oct 17 12:12:57 2013]  ClientBegin: 1
[Thu Oct 17 12:13:10 2013]  Item: 1 ammo_all
[Thu Oct 17 12:13:10 2013]  Item: 1 ammo_rockets
[Thu Oct 17 12:13:10 2013]  Item: 1 ammo_metallic_bolts
[Thu Oct 17 12:13:10 2013]  Item: 1 ammo_powercell
[Thu Oct 17 12:13:10 2013]  Item: 1 ammo_blaster
[Thu Oct 17 12:13:10 2013]  Item: 1 ammo_force
[Thu Oct 17 12:13:10 2013]  Item: 1 ammo_detpack
[Thu Oct 17 12:13:10 2013]  Item: 1 ammo_tripmine
[Thu Oct 17 12:13:10 2013]  Item: 1 ammo_thermal
[Thu Oct 17 12:13:10 2013]  Item: 1 item_ysalimari
[Thu Oct 17 12:13:10 2013]  Item: 1 item_cloak
[Thu Oct 17 12:13:10 2013]  Item: 1 item_eweb_holdable
[Thu Oct 17 12:13:10 2013]  Item: 1 item_ammodisp
[Thu Oct 17 12:13:10 2013]  Item: 1 item_healthdisp
[Thu Oct 17 12:13:10 2013]  Item: 1 item_jetpack
[Thu Oct 17 12:13:10 2013]  Item: 1 item_sentry_gun
[Thu Oct 17 12:13:10 2013]  Item: 1 item_binoculars
[Thu Oct 17 12:13:10 2013]  Item: 1 item_medpac_big
[Thu Oct 17 12:13:10 2013]  Item: 1 item_medpac
[Thu Oct 17 12:13:10 2013]  Item: 1 item_shield
[Thu Oct 17 12:13:10 2013]  Item: 1 item_shield_lrg_instant
[Thu Oct 17 12:13:10 2013]  Item: 1 weapon_demp2
[Thu Oct 17 12:13:10 2013]  Item: 1 weapon_flechette
[Thu Oct 17 12:13:10 2013]  Item: 1 weapon_rocket_launcher
[Thu Oct 17 12:13:10 2013]  Item: 1 weapon_repeater
[Thu Oct 17 12:13:10 2013]  Item: 1 weapon_bowcaster
[Thu Oct 17 12:13:10 2013]  Item: 1 weapon_disruptor
[Thu Oct 17 12:13:10 2013]  Item: 1 weapon_blaster
[Thu Oct 17 12:13:10 2013]  Item: 1 weapon_concussion_rifle
[Thu Oct 17 12:13:10 2013]  Item: 1 weapon_bryar_pistol
[Thu Oct 17 12:13:10 2013]  Item: 1 weapon_melee
[Thu Oct 17 12:13:10 2013]  Item: 1 weapon_stun_baton
[Thu Oct 17 12:14:55 2013]  ClientDisconnect: 1
[Thu Oct 17 12:16:48 2013]  ClientConnect: 1
[Thu Oct 17 12:16:48 2013]  mlog:Player Bens_192, connected. With IP - 46.174.248.17:29070 
[Thu Oct 17 12:17:09 2013]  ClientBegin: 1
[Thu Oct 17 12:20:31 2013]  say: -=^1{^0W:K^1}^7.^1PÀRA^0SHUT^7=-: bint
[Thu Oct 17 12:20:41 2013]  say: -=^1{^0W:K^1}^7.^1PÀRA^0SHUT^7=-: /bind 9 klmglmsg
[Thu Oct 17 12:22:51 2013]  Kill: 1022 0 36: <world> killed -=^1{^0W:K^1}^7.^1PÀRA^0SHUT^7=- by MOD_CRUSH
[Thu Oct 17 12:23:32 2013]  Kill: 1022 1 36: <world> killed Bens_192 by MOD_CRUSH
[Thu Oct 17 12:23:41 2013]  ClientDisconnect: 0
[Thu Oct 17 12:23:43 2013]  ClientDisconnect: 1
[Thu Oct 17 12:28:32 2013]  ClientConnect: 0
[Thu Oct 17 12:28:32 2013]  mlog:Player ^3BorBorys^1), connected. With IP - 188.92.0.200:29070 
[Thu Oct 17 12:28:58 2013]  ClientConnect: 1
[Thu Oct 17 12:28:58 2013]  mlog:Player Bens_192, connected. With IP - 46.174.248.17:29070 
[Thu Oct 17 12:29:02 2013]  ClientBegin: 0
[Thu Oct 17 12:29:22 2013]  ClientDisconnect: 1
[Thu Oct 17 12:29:32 2013]  ClientConnect: 1
[Thu Oct 17 12:29:32 2013]  mlog:Player Bens_192, connected. With IP - 46.174.248.17:29070 
[Thu Oct 17 12:29:41 2013]  ClientBegin: 1
[Thu Oct 17 12:35:36 2013]  Kill: 0 1 31: -=^1{^0W:K^1}^7.^1PÀRA^0SHUT^7=- killed Bens_192 by MOD_FORCE_DARK
[Thu Oct 17 12:36:29 2013]  Kill: 1022 1 2: <world> killed Bens_192 by MOD_MELEE
[Thu Oct 17 12:37:51 2013]  Kill: 1022 1 36: <world> killed Bens_192 by MOD_CRUSH
[Thu Oct 17 12:40:44 2013]  Kill: 1022 1 38: <world> killed Bens_192 by MOD_FALLING
[Thu Oct 17 12:41:38 2013]  Kill: 1022 1 36: <world> killed Bens_192 by MOD_CRUSH
[Thu Oct 17 12:42:41 2013]  Kill: 0 0 39: -=^1{^0W:K^1}^7.^1PÀRA^0SHUT^7=- killed -=^1{^0W:K^1}^7.^1PÀRA^0SHUT^7=- by MOD_SUICIDE
[Thu Oct 17 12:42:58 2013]  Kill: 1022 1 36: <world> killed Bens_192 by MOD_CRUSH
[Thu Oct 17 12:43:43 2013]  Kill: 1022 1 2: <world> killed Bens_192 by MOD_MELEE
[Thu Oct 17 12:44:02 2013]  Kill: 0 1 2: -=^1{^0W:K^1}^7.^1PÀRA^0SHUT^7=- killed Bens_192 by MOD_MELEE
[Thu Oct 17 12:44:04 2013]  Kill: 1022 0 6: <world> killed -=^1{^0W:K^1}^7.^1PÀRA^0SHUT^7=- by MOD_BLASTER
[Thu Oct 17 12:44:17 2013]  Kill: 1022 0 36: <world> killed -=^1{^0W:K^1}^7.^1PÀRA^0SHUT^7=- by MOD_CRUSH
[Thu Oct 17 12:44:26 2013]  Kill: 1022 1 36: <world> killed Bens_192 by MOD_CRUSH
[Thu Oct 17 12:46:42 2013]  Kill: 0 1 3: -=^1{^0W:K^1}^7.^1PÀRA^0SHUT^7=- killed Bens_192 by MOD_SABER
[Thu Oct 17 12:47:01 2013]  Kill: 1022 0 2: <world> killed -=^1{^0W:K^1}^7.^1PÀRA^0SHUT^7=- by MOD_MELEE
[Thu Oct 17 12:47:42 2013]  ClientDisconnect: 0
[Thu Oct 17 12:49:09 2013]  ClientDisconnect: 1
[Thu Oct 17 12:50:25 2013]  ClientConnect: 0
[Thu Oct 17 12:50:25 2013]  mlog:Player Bens_192, connected. With IP - 46.174.248.17:29070 
[Thu Oct 17 12:50:48 2013]  ClientBegin: 0
[Thu Oct 17 12:51:53 2013]  Kill: 1022 0 38: <world> killed Bens_192 by MOD_FALLING
[Thu Oct 17 12:52:16 2013]  ClientDisconnect: 0
[Thu Oct 17 12:55:57 2013]  ClientConnect: 0
[Thu Oct 17 12:55:57 2013]  mlog:Player Bens_192, connected. With IP - 46.174.248.17:29070 
[Thu Oct 17 12:56:20 2013]  ClientBegin: 0
[Thu Oct 17 12:57:07 2013]  ClientDisconnect: 0
[Thu Oct 17 12:57:25 2013]  ClientConnect: 0
[Thu Oct 17 12:57:25 2013]  mlog:Player Bens_192, connected. With IP - 46.174.248.17:29070 
[Thu Oct 17 12:57:48 2013]  ClientBegin: 0
[Thu Oct 17 12:58:10 2013]  Kill: 1022 0 2: <world> killed Bens_192 by MOD_MELEE
[Thu Oct 17 13:00:18 2013]  ClientDisconnect: 0
[Thu Oct 17 13:00:24 2013]  ClientConnect: 0
[Thu Oct 17 13:00:24 2013]  mlog:Player Bens_192, connected. With IP - 46.174.248.17:29070 
[Thu Oct 17 13:00:33 2013]  ClientBegin: 0
[Thu Oct 17 13:01:32 2013]  ClientDisconnect: 0
[Thu Oct 17 13:01:54 2013]  ClientConnect: 0
[Thu Oct 17 13:01:54 2013]  mlog:Player Bens_192, connected. With IP - 46.174.248.17:29070 
[Thu Oct 17 13:02:18 2013]  ClientBegin: 0
[Thu Oct 17 13:04:13 2013]  ClientDisconnect: 0
[Thu Oct 17 13:04:21 2013]  ClientConnect: 0
[Thu Oct 17 13:04:21 2013]  mlog:Player ^3BorBorys^1), connected. With IP - 188.92.0.200:29070 
[Thu Oct 17 13:05:08 2013]  ClientBegin: 0
[Thu Oct 17 13:06:12 2013]  ClientConnect: 1
[Thu Oct 17 13:06:12 2013]  mlog:Player Bens_192, connected. With IP - 46.174.248.17:29070 
[Thu Oct 17 13:06:19 2013]  say: -=^1{^0W:K^1}^7.^1PÀRA^0SHUT^7=-: ^8 shhhh shhh shh b00m
[Thu Oct 17 13:06:19 2013]  Kill: 0 0 36: -=^1{^0W:K^1}^7.^1PÀRA^0SHUT^7=- killed -=^1{^0W:K^1}^7.^1PÀRA^0SHUT^7=- by MOD_CRUSH
[Thu Oct 17 13:06:29 2013]  ClientDisconnect: 0
[Thu Oct 17 13:06:37 2013]  ClientBegin: 1
[Thu Oct 17 13:08:00 2013]  ClientDisconnect: 1
[Thu Oct 17 13:42:35 2013]  Exit: Timelimit hit.
[Thu Oct 17 14:10:35 2013]  ClientConnect: 0
[Thu Oct 17 14:10:35 2013]  mlog:Player Bens_192, connected. With IP - 46.174.248.17:29070 
[Thu Oct 17 14:11:00 2013]  ClientBegin: 0
[Thu Oct 17 14:11:05 2013]  ShutdownGame:
[Thu Oct 17 14:11:05 2013]  ------------------------------------------------------------
[Thu Oct 17 14:11:06 2013]  ------------------------------------------------------------
[Thu Oct 17 14:11:06 2013]  InitGame: \dmflags\0\fraglimit\0\timelimit\120\capturelimit\0\g_privateDuel\1\g_saberLocking\1\g_maxForceRank\7\duel_fraglimit\10\g_forceBasedTeams\0\g_duelWeaponDisable\65531\sv_hostname\^3Darkquake's Makermod Server\sv_maxclients\32\sv_maxRate\5000\sv_minPing\0\sv_maxPing\0\sv_floodProtect\0\sv_allowDownload\1\bot_minplayers\0\g_allowNPC\1\g_weaponDisable\0\g_forcePowerDisable\0\g_forceRegenTime\0\g_siegeTeamSwitch\1\g_siegeRespawn\20\g_debugMelee\1\g_noSpecMove\0\g_maxGameClients\0\g_jediVmerc\0\g_siegeTeam1\none\g_siegeTeam2\none\version\(internal)JAmp: v1.0.1.0 win-x86 Oct 30 2003\g_maxHolocronCarry\3\g_gametype\0\g_needpass\0\protocol\26\mapname\mp/siege_desert\sv_privateClients\0\g_stepSlideFix\1\gamename\MakerMod\g_saberWallDamageScale\0.4\bg_fighterAltControl\0\g_showDuelHealths\0
[Thu Oct 17 14:11:06 2013]  ClientConnect: 0
[Thu Oct 17 14:11:18 2013]  ClientDisconnect: 0
[Thu Oct 17 16:11:05 2013]  Exit: Timelimit hit.
[Thu Oct 17 17:35:20 2013]  ClientConnect: 0
[Thu Oct 17 17:35:20 2013]  mlog:Player ^1ARTRIX, connected. With IP - 89.18.53.175:29070 
[Thu Oct 17 17:35:41 2013]  ClientBegin: 0
[Thu Oct 17 17:35:44 2013]  ShutdownGame:
[Thu Oct 17 17:35:44 2013]  ------------------------------------------------------------
[Thu Oct 17 17:35:45 2013]  ------------------------------------------------------------
[Thu Oct 17 17:35:45 2013]  InitGame: \dmflags\0\fraglimit\0\timelimit\120\capturelimit\0\g_privateDuel\1\g_saberLocking\1\g_maxForceRank\7\duel_fraglimit\10\g_forceBasedTeams\0\g_duelWeaponDisable\65531\sv_hostname\^3Darkquake's Makermod Server\sv_maxclients\32\sv_maxRate\5000\sv_minPing\0\sv_maxPing\0\sv_floodProtect\0\sv_allowDownload\1\bot_minplayers\0\g_allowNPC\1\g_weaponDisable\0\g_forcePowerDisable\0\g_forceRegenTime\0\g_siegeTeamSwitch\1\g_siegeRespawn\20\g_debugMelee\1\g_noSpecMove\0\g_maxGameClients\0\g_jediVmerc\0\g_siegeTeam1\none\g_siegeTeam2\none\version\(internal)JAmp: v1.0.1.0 win-x86 Oct 30 2003\g_maxHolocronCarry\3\g_gametype\0\g_needpass\0\protocol\26\mapname\t2_trip\sv_privateClients\0\g_stepSlideFix\1\gamename\MakerMod\g_saberWallDamageScale\0.4\bg_fighterAltControl\0\g_showDuelHealths\0
[Thu Oct 17 17:35:46 2013]  ClientConnect: 0
[Thu Oct 17 17:36:02 2013]  ClientBegin: 0
[Thu Oct 17 17:39:26 2013]  ClientDisconnect: 0
