[Tue Oct 01 07:40:08 2013]  ------------------------------------------------------------
[Tue Oct 01 07:40:08 2013]  InitGame: \g_siegeTeam2\none\g_siegeTeam1\none\g_jediVmerc\0\g_maxGameClients\0\g_noSpecMove\0\g_debugMelee\1\g_siegeRespawn\20\g_siegeTeamSwitch\1\g_forceRegenTime\0\g_forcePowerDisable\0\g_weaponDisable\0\g_allowNPC\1\bot_minplayers\0\sv_allowDownload\1\sv_floodProtect\0\sv_maxPing\0\sv_minPing\0\sv_maxRate\5000\sv_maxclients\32\sv_hostname\^3Darkquake's Makermod Server\g_duelWeaponDisable\65531\g_forceBasedTeams\0\duel_fraglimit\10\g_maxForceRank\7\g_saberLocking\1\g_privateDuel\1\capturelimit\0\timelimit\120\fraglimit\0\dmflags\0\version\(internal)JAmp: v1.0.1.0 win-x86 Oct 30 2003\g_maxHolocronCarry\3\g_gametype\0\g_needpass\0\protocol\26\mapname\mp/siege_desert\sv_privateClients\0\g_stepSlideFix\1\gamename\MakerMod\g_saberWallDamageScale\0.4\bg_fighterAltControl\0\g_showDuelHealths\0
[Tue Oct 01 07:40:09 2013]  ClientConnect: 0
[Tue Oct 01 07:40:23 2013]  ClientBegin: 0
[Tue Oct 01 07:40:56 2013]  say: ^4Da^5n Pla^0yes SWMCAP: ^1Combat ^0Script V1.1 By ^0Jawa Hunter
[Tue Oct 01 07:40:57 2013]  say: ^4Da^5n Pla^0yes SWMCAP: ^0ARG!!!!! 
[Tue Oct 01 07:41:21 2013]  say: ^4Da^5n Pla^0yes SWMCAP: notarfet
[Tue Oct 01 07:41:49 2013]  say: ^4Da^5n Pla^0yes SWMCAP: ^1ARG!!!^0HELP ME!!!
[Tue Oct 01 07:41:51 2013]  say: ^4Da^5n Pla^0yes SWMCAP: ^1AHHHHHHHH!!!!!
[Tue Oct 01 07:42:05 2013]  say: ^4Da^5n Pla^0yes SWMCAP: ^0ELEMENT SCRIPT V2 ^5By ^1µ^2/^0Ðàrk^1Qµàkè^2/^1S
[Tue Oct 01 07:42:06 2013]  say: ^4Da^5n Pla^0yes SWMCAP: ^6I call the four ^3elements: ^1Fire, ^5Air, ^4Water ^6and ^2Earth ^6to fight along side me!
[Tue Oct 01 07:42:10 2013]  say: ^4Da^5n Pla^0yes SWMCAP: ^1FIRE BALL!
[Tue Oct 01 07:42:29 2013]  say: ^4Da^5n Pla^0yes SWMCAP: ^4ELEMENT SCRIPT V1 ^5by ^1µ^2/^0Ðàrk^1Qµàkè^2/^1S
[Tue Oct 01 07:42:34 2013]  say: ^4Da^5n Pla^0yes SWMCAP: ^1FORCE DESTRUCTION!
[Tue Oct 01 07:42:37 2013]  say: ^4Da^5n Pla^0yes SWMCAP: ^1FORCE DESTRUCTION!
[Tue Oct 01 07:43:31 2013]  say: ^4Da^5n Pla^0yes SWMCAP: ^0ELEMENT SCRIPT V2 ^5By ^1µ^2/^0Ðàrk^1Qµàkè^2/^1S
[Tue Oct 01 07:43:32 2013]  say: ^4Da^5n Pla^0yes SWMCAP: ^6I call the four ^3elements: ^1Fire, ^5Air, ^4Water ^6and ^2Earth ^6to fight along side me!
[Tue Oct 01 07:43:39 2013]  say: ^4Da^5n Pla^0yes SWMCAP: ^1FIRE BALL!
[Tue Oct 01 07:43:58 2013]  say: ^4Da^5n Pla^0yes SWMCAP: ^1FIRE BALL!
[Tue Oct 01 07:47:02 2013]  ClientDisconnect: 0
[Tue Oct 01 09:40:07 2013]  Exit: Timelimit hit.
[Tue Oct 01 14:39:36 2013]  ------------------------------------------------------------
[Tue Oct 01 14:39:36 2013]  InitGame: \dmflags\0\fraglimit\0\timelimit\120\capturelimit\0\g_privateDuel\1\g_saberLocking\1\g_maxForceRank\7\duel_fraglimit\10\g_forceBasedTeams\0\g_duelWeaponDisable\65531\sv_hostname\^3Darkquake's Makermod Server\sv_maxclients\32\sv_maxRate\5000\sv_minPing\0\sv_maxPing\0\sv_floodProtect\0\sv_allowDownload\1\g_allowNPC\1\g_weaponDisable\0\g_forcePowerDisable\0\g_forceRegenTime\1\g_siegeTeamSwitch\1\g_siegeRespawn\20\g_debugMelee\1\g_noSpecMove\0\g_maxGameClients\0\g_jediVmerc\0\g_siegeTeam1\none\g_siegeTeam2\none\version\(internal)JAmp: v1.0.1.0 win-x86 Oct 30 2003\g_maxHolocronCarry\3\g_gametype\0\g_needpass\0\protocol\26\mapname\t2_trip\sv_privateClients\0\g_stepSlideFix\1\gamename\MakerMod\g_saberWallDamageScale\0.4\bg_fighterAltControl\0\g_showDuelHealths\0
[Tue Oct 01 14:55:41 2013]  ------------------------------------------------------------
[Tue Oct 01 14:55:41 2013]  InitGame: \g_siegeTeam2\none\g_siegeTeam1\none\g_jediVmerc\0\g_maxGameClients\0\g_noSpecMove\0\g_debugMelee\1\g_siegeRespawn\20\g_siegeTeamSwitch\1\g_forceRegenTime\1\g_forcePowerDisable\0\g_weaponDisable\0\g_allowNPC\1\sv_allowDownload\1\sv_floodProtect\0\sv_maxPing\0\sv_minPing\0\sv_maxRate\5000\sv_maxclients\32\sv_hostname\^3Darkquake's Makermod Server\g_duelWeaponDisable\65531\g_forceBasedTeams\0\duel_fraglimit\10\g_maxForceRank\7\g_saberLocking\1\g_privateDuel\1\capturelimit\0\timelimit\120\fraglimit\0\dmflags\0\version\(internal)JAmp: v1.0.1.0 win-x86 Oct 30 2003\g_maxHolocronCarry\3\g_gametype\0\g_needpass\0\protocol\26\mapname\t2_trip\sv_privateClients\0\g_stepSlideFix\1\gamename\MakerMod\g_saberWallDamageScale\0.4\bg_fighterAltControl\0\g_showDuelHealths\0
[Tue Oct 01 14:58:51 2013]  ClientConnect: 0
[Tue Oct 01 14:58:51 2013]  mlog:Player ^0ÐàrkQµàkè, connected. With IP - 192.168.1.3:29071 
[Tue Oct 01 14:59:20 2013]  ClientBegin: 0
[Tue Oct 01 14:59:29 2013]  ClientDisconnect: 0
[Tue Oct 01 14:59:29 2013]  ClientDisconnect: 0
[Tue Oct 01 14:59:29 2013]  ClientConnect: 0
[Tue Oct 01 14:59:29 2013]  mlog:Player ^0ÐàrkQµàkè, connected. With IP - 192.168.1.3:29071 
[Tue Oct 01 14:59:35 2013]  ClientBegin: 0
[Tue Oct 01 15:04:21 2013]  ShutdownGame:
[Tue Oct 01 15:04:21 2013]  ------------------------------------------------------------
[Tue Oct 01 15:04:21 2013]  ------------------------------------------------------------
[Tue Oct 01 15:04:21 2013]  InitGame: \g_siegeTeam2\none\g_siegeTeam1\none\g_jediVmerc\0\g_maxGameClients\0\g_noSpecMove\0\g_debugMelee\1\g_siegeRespawn\20\g_siegeTeamSwitch\1\g_forceRegenTime\0\g_forcePowerDisable\0\g_weaponDisable\0\g_allowNPC\1\bot_minplayers\0\sv_allowDownload\1\sv_floodProtect\0\sv_maxPing\0\sv_minPing\0\sv_maxRate\5000\sv_maxclients\32\sv_hostname\^3Darkquake's Makermod Server\g_duelWeaponDisable\65531\g_forceBasedTeams\0\duel_fraglimit\10\g_maxForceRank\7\g_saberLocking\1\g_privateDuel\1\capturelimit\0\timelimit\120\fraglimit\0\dmflags\0\version\(internal)JAmp: v1.0.1.0 win-x86 Oct 30 2003\g_maxHolocronCarry\3\g_gametype\0\g_needpass\0\protocol\26\mapname\t2_trip\sv_privateClients\0\g_stepSlideFix\1\gamename\MakerMod\g_saberWallDamageScale\0.4\bg_fighterAltControl\0\g_showDuelHealths\0
[Tue Oct 01 15:04:23 2013]  ClientConnect: 0
[Tue Oct 01 15:04:29 2013]  ClientBegin: 0
[Tue Oct 01 15:04:43 2013]  ShutdownGame:
[Tue Oct 01 15:04:43 2013]  ------------------------------------------------------------
[Tue Oct 01 15:04:44 2013]  ------------------------------------------------------------
[Tue Oct 01 15:04:44 2013]  InitGame: \g_siegeTeam2\none\g_siegeTeam1\none\g_jediVmerc\0\g_maxGameClients\0\g_noSpecMove\0\g_debugMelee\1\g_siegeRespawn\20\g_siegeTeamSwitch\1\g_forceRegenTime\0\g_forcePowerDisable\0\g_weaponDisable\0\g_allowNPC\1\bot_minplayers\0\sv_allowDownload\1\sv_floodProtect\0\sv_maxPing\0\sv_minPing\0\sv_maxRate\5000\sv_maxclients\32\sv_hostname\^3Darkquake's Makermod Server\g_duelWeaponDisable\65531\g_forceBasedTeams\0\duel_fraglimit\10\g_maxForceRank\7\g_saberLocking\1\g_privateDuel\1\capturelimit\0\timelimit\120\fraglimit\0\dmflags\0\version\(internal)JAmp: v1.0.1.0 win-x86 Oct 30 2003\g_maxHolocronCarry\3\g_gametype\0\g_needpass\0\protocol\26\mapname\t2_trip\sv_privateClients\0\g_stepSlideFix\1\gamename\MakerMod\g_saberWallDamageScale\0.4\bg_fighterAltControl\0\g_showDuelHealths\0
[Tue Oct 01 15:04:45 2013]  ClientConnect: 0
[Tue Oct 01 15:04:49 2013]  ClientBegin: 0
[Tue Oct 01 15:11:37 2013]  say: ^0ÐàrkQµàkè: g_bob
[Tue Oct 01 16:36:14 2013]  ClientConnect: 1
[Tue Oct 01 16:36:14 2013]  mlog:Player Altair Karon, connected. With IP - 89.145.152.30:29070 
[Tue Oct 01 16:36:32 2013]  ClientBegin: 1
[Tue Oct 01 16:36:46 2013]  say: Altair Karon: helpusobi 1
[Tue Oct 01 16:37:07 2013]  say: Altair Karon: òû ðóññêèéú
[Tue Oct 01 16:37:21 2013]  ClientDisconnect: 1
[Tue Oct 01 16:37:36 2013]  ClientConnect: 1
[Tue Oct 01 16:37:36 2013]  mlog:Player ^7»^0Exo^1Ð^0us^7«, connected. With IP - 64.111.247.110:29070 
[Tue Oct 01 16:38:47 2013]  ClientBegin: 1
[Tue Oct 01 16:39:34 2013]  Kill: 1 0 10: ^7»^0Exo^1Ð^0us^7« killed ^0ÐàrkQµàkè by MOD_DISRUPTOR_SNIPER
[Tue Oct 01 16:41:48 2013]  say: ^7»^0Exo^1Ð^0us^7«: mplace factory/catw2_b
[Tue Oct 01 17:04:43 2013]  Exit: Timelimit hit.
[Tue Oct 01 17:04:43 2013]  score: 1  ping: 161  client: 1 ^7»^0Exo^1Ð^0us^7«
[Tue Oct 01 17:04:43 2013]  score: 0  ping: 0  client: 0 ^0ÐàrkQµàkè
[Tue Oct 01 17:05:57 2013]  ShutdownGame:
[Tue Oct 01 17:05:57 2013]  ------------------------------------------------------------
[Tue Oct 01 17:05:58 2013]  ------------------------------------------------------------
[Tue Oct 01 17:05:58 2013]  InitGame: \g_siegeTeam2\none\g_siegeTeam1\none\g_jediVmerc\0\g_maxGameClients\0\g_noSpecMove\0\g_debugMelee\1\g_siegeRespawn\20\g_siegeTeamSwitch\1\g_forceRegenTime\0\g_forcePowerDisable\0\g_weaponDisable\0\g_allowNPC\1\bot_minplayers\0\sv_allowDownload\1\sv_floodProtect\0\sv_maxPing\0\sv_minPing\0\sv_maxRate\5000\sv_maxclients\32\sv_hostname\^3Darkquake's Makermod Server\g_duelWeaponDisable\65531\g_forceBasedTeams\0\duel_fraglimit\10\g_maxForceRank\7\g_saberLocking\1\g_privateDuel\1\capturelimit\0\timelimit\120\fraglimit\0\dmflags\0\version\(internal)JAmp: v1.0.1.0 win-x86 Oct 30 2003\g_maxHolocronCarry\3\g_gametype\0\g_needpass\0\protocol\26\mapname\mp/siege_desert\sv_privateClients\0\g_stepSlideFix\1\gamename\MakerMod\g_saberWallDamageScale\0.4\bg_fighterAltControl\0\g_showDuelHealths\0
[Tue Oct 01 17:05:58 2013]  ClientConnect: 0
[Tue Oct 01 17:05:58 2013]  ClientConnect: 1
[Tue Oct 01 17:06:11 2013]  ClientBegin: 0
[Tue Oct 01 17:06:15 2013]  ClientBegin: 1
[Tue Oct 01 17:09:22 2013]  ClientDisconnect: 1
[Tue Oct 01 17:09:23 2013]  ClientDisconnect: 1
[Tue Oct 01 17:09:23 2013]  ClientConnect: 1
[Tue Oct 01 17:09:23 2013]  mlog:Player ^7»^0Exo^1Ð^0us^7«, connected. With IP - 64.111.247.110:29070 
[Tue Oct 01 17:09:32 2013]  ClientBegin: 1
[Tue Oct 01 17:16:41 2013]  ClientDisconnect: 1
[Tue Oct 01 18:17:40 2013]  ClientConnect: 1
[Tue Oct 01 18:17:40 2013]  mlog:Player Maestro Hispano ^3Amras, connected. With IP - 85.219.4.121:29070 
[Tue Oct 01 18:17:56 2013]  ClientBegin: 1
[Tue Oct 01 18:18:00 2013]  say: Maestro Hispano ^3Amras: hoola hi
[Tue Oct 01 18:25:50 2013]  say: Maestro Hispano ^3Amras: Hi?
[Tue Oct 01 18:32:13 2013]  Kill: 1 1 39: Maestro Hispano ^3Amras killed Maestro Hispano ^3Amras by MOD_SUICIDE
[Tue Oct 01 18:32:46 2013]  Kill: 1 1 39: Maestro Hispano ^3Amras killed Maestro Hispano ^3Amras by MOD_SUICIDE
[Tue Oct 01 18:33:56 2013]  ClientDisconnect: 1
[Tue Oct 01 18:48:14 2013]  ClientConnect: 1
[Tue Oct 01 18:48:14 2013]  mlog:Player ^0Krack ^33000#, connected. With IP - 109.152.1.113:29070 
[Tue Oct 01 18:48:50 2013]  ClientBegin: 1
[Tue Oct 01 18:49:08 2013]  say: ^4Da^5n Pla^0yes SWMCAP: hi quake
[Tue Oct 01 18:53:04 2013]  Kill: 1 1 39: ^4Da^5n Pla^0yes SWMCAP killed ^4Da^5n Pla^0yes SWMCAP by MOD_SUICIDE
[Tue Oct 01 18:53:04 2013]  setteam:  1 FREE SPECTATOR
[Tue Oct 01 18:53:04 2013]  ClientBegin: 1
[Tue Oct 01 18:53:15 2013]  setteam:  1 SPECTATOR FREE
[Tue Oct 01 18:53:15 2013]  ClientBegin: 1
[Tue Oct 01 18:54:46 2013]  print "^4Da^5n Pla^0yes SWMCAP^7 @@@PLRENAME ^4^0Darth^1 Racto
"[Tue Oct 01 18:54:48 2013]  Kill: 1 0 3: ^4^0Darth^1 Racto killed ^0ÐàrkQµàkè by MOD_SABER
[Tue Oct 01 18:54:52 2013]  Kill: 1 1 39: ^4^0Darth^1 Racto killed ^4^0Darth^1 Racto by MOD_SUICIDE
[Tue Oct 01 19:00:34 2013]  ClientConnect: 2
[Tue Oct 01 19:00:34 2013]  mlog:Player ^1|^0EK^1|^0ei^1T^0ani^1[^0J^1], connected. With IP - 174.64.177.102:29070 
[Tue Oct 01 19:00:54 2013]  print "^4^0Darth^1 Racto^7 @@@PLRENAME ^4^0Darth^1 Racto^1 Sw
"[Tue Oct 01 19:02:46 2013]  ClientBegin: 2
[Tue Oct 01 19:02:59 2013]  say: ^4^0Darth^1 Racto^1 Sw: hello
[Tue Oct 01 19:03:03 2013]  say: ^7E^0itani: hi
[Tue Oct 01 19:05:04 2013]  say: ^4^0Darth^1 Racto^1 Sw: what scritp it that
[Tue Oct 01 19:05:08 2013]  say: ^4^0Darth^1 Racto^1 Sw: script
[Tue Oct 01 19:05:12 2013]  say: ^7E^0itani: mine
[Tue Oct 01 19:05:15 2013]  say: ^4^0Darth^1 Racto^1 Sw: oh nice
[Tue Oct 01 19:05:57 2013]  Exit: Timelimit hit.
[Tue Oct 01 19:05:57 2013]  score: 17  ping: 175  client: 2 ^7E^0itani
[Tue Oct 01 19:05:57 2013]  score: 9  ping: 72  client: 1 ^4^0Darth^1 Racto^1 Sw
[Tue Oct 01 19:05:57 2013]  score: 0  ping: 7  client: 0 ^0ÐàrkQµàkè
[Tue Oct 01 19:06:11 2013]  say: ^4^0Darth^1 Racto^1 Sw: darkquake is afk
[Tue Oct 01 19:06:13 2013]  ShutdownGame:
[Tue Oct 01 19:06:13 2013]  ------------------------------------------------------------
[Tue Oct 01 19:06:13 2013]  ------------------------------------------------------------
[Tue Oct 01 19:06:13 2013]  InitGame: \g_siegeTeam2\none\g_siegeTeam1\none\g_jediVmerc\0\g_maxGameClients\0\g_noSpecMove\0\g_debugMelee\1\g_siegeRespawn\20\g_siegeTeamSwitch\1\g_forceRegenTime\0\g_forcePowerDisable\0\g_weaponDisable\0\g_allowNPC\1\bot_minplayers\0\sv_allowDownload\1\sv_floodProtect\0\sv_maxPing\0\sv_minPing\0\sv_maxRate\5000\sv_maxclients\32\sv_hostname\^3Darkquake's Makermod Server\g_duelWeaponDisable\65531\g_forceBasedTeams\0\duel_fraglimit\10\g_maxForceRank\7\g_saberLocking\1\g_privateDuel\1\capturelimit\0\timelimit\120\fraglimit\0\dmflags\0\version\(internal)JAmp: v1.0.1.0 win-x86 Oct 30 2003\g_maxHolocronCarry\3\g_gametype\0\g_needpass\0\protocol\26\mapname\t2_trip\sv_privateClients\0\g_stepSlideFix\1\gamename\MakerMod\g_saberWallDamageScale\0.4\bg_fighterAltControl\0\g_showDuelHealths\0
[Tue Oct 01 19:06:15 2013]  ClientConnect: 0
[Tue Oct 01 19:06:15 2013]  ClientConnect: 1
[Tue Oct 01 19:06:15 2013]  ClientConnect: 2
[Tue Oct 01 19:06:20 2013]  ClientBegin: 0
[Tue Oct 01 19:06:30 2013]  ClientBegin: 2
[Tue Oct 01 19:06:33 2013]  Kill: 1 2 37: ^4^0Darth^1 Racto^1 Sw killed ^7E^0itani by MOD_TELEFRAG
[Tue Oct 01 19:06:33 2013]  ClientBegin: 1
[Tue Oct 01 19:06:33 2013]  ClientDisconnect: 2
[Tue Oct 01 19:06:33 2013]  ClientDisconnect: 2
[Tue Oct 01 19:06:33 2013]  ClientConnect: 2
[Tue Oct 01 19:06:33 2013]  mlog:Player ^7E^0itani, connected. With IP - 174.64.177.102:29070 
[Tue Oct 01 19:06:39 2013]  ClientBegin: 2
[Tue Oct 01 19:06:50 2013]  say: ^4^0Darth^1 Racto^1 Sw: do you know who darth kuge is
[Tue Oct 01 19:06:55 2013]  say: ^7E^0itani: nope
[Tue Oct 01 19:06:56 2013]  Kill: 1 0 3: ^4^0Darth^1 Racto^1 Sw killed ^0ÐàrkQµàkè by MOD_SABER
[Tue Oct 01 19:07:16 2013]  say: ^4^0Darth^1 Racto^1 Sw: ^0ELEMENT SCRIPT V2 ^5By ^1µ^2/^0Ðàrk^1Qµàkè^2/^1S
[Tue Oct 01 19:07:17 2013]  say: ^4^0Darth^1 Racto^1 Sw: ^6I call the four ^3elements: ^1Fire, ^5Air, ^4Water ^6and ^2Earth ^6to fight along side me!
[Tue Oct 01 19:07:27 2013]  say: ^7E^0itani: oh so thats his script :3
[Tue Oct 01 19:07:31 2013]  say: ^4^0Darth^1 Racto^1 Sw: yeah 
[Tue Oct 01 19:07:32 2013]  say: ^7E^0itani: i remember that
[Tue Oct 01 19:07:37 2013]  say: ^4^0Darth^1 Racto^1 Sw: and v1 is still here
[Tue Oct 01 19:07:41 2013]  say: ^4^0Darth^1 Racto^1 Sw: ^4ELEMENT SCRIPT V1 ^5by ^1µ^2/^0Ðàrk^1Qµàkè^2/^1S
[Tue Oct 01 19:07:43 2013]  say: ^7E^0itani: everyone and their mothers used to have it
[Tue Oct 01 19:07:57 2013]  say: ^4^0Darth^1 Racto^1 Sw: is a nice script
[Tue Oct 01 19:08:00 2013]  say: ^4^0Darth^1 Racto^1 Sw: ^1FORCE DESTRUCTION!
[Tue Oct 01 19:08:07 2013]  say: ^4^0Darth^1 Racto^1 Sw: ^1FORCE DESTRUCTION!
[Tue Oct 01 19:08:13 2013]  say: ^4^0Darth^1 Racto^1 Sw: i cant do it
[Tue Oct 01 19:08:14 2013]  say: ^4^0Darth^1 Racto^1 Sw: ?
[Tue Oct 01 19:08:22 2013]  say: ^4^0Darth^1 Racto^1 Sw: ^1FORCE DESTRUCTION!
[Tue Oct 01 19:08:26 2013]  say: ^4^0Darth^1 Racto^1 Sw: there we go
[Tue Oct 01 19:08:26 2013]  say: ^4^0Darth^1 Racto^1 Sw: ^3DROP SELECTED OBJECT/S!
[Tue Oct 01 19:08:31 2013]  say: ^4^0Darth^1 Racto^1 Sw: ^5FORCE ^5BLAST!
[Tue Oct 01 19:09:11 2013]  say: ^4^0Darth^1 Racto^1 Sw: ahhhhhhhhhh
[Tue Oct 01 19:09:13 2013]  say: ^7E^0itani: oops
[Tue Oct 01 19:09:55 2013]  say: ^4^0Darth^1 Racto^1 Sw: ^1Combat ^0Script V1.1 By ^0Jawa Hunter
[Tue Oct 01 19:09:56 2013]  say: ^4^0Darth^1 Racto^1 Sw: ^0ARG!!!!! 
[Tue Oct 01 19:10:59 2013]  Kill: 1 0 3: ^4^0Darth^1 Racto^1 Sw killed ^0ÐàrkQµàkè by MOD_SABER
[Tue Oct 01 19:11:56 2013]  say: ^4^0Darth^1 Racto^1 Sw: stop sniping me
[Tue Oct 01 19:12:13 2013]  Kill: 2 0 3: ^7E^0itani killed ^0ÐàrkQµàkè by MOD_SABER
[Tue Oct 01 19:12:50 2013]  ClientDisconnect: 2
[Tue Oct 01 19:12:53 2013]  say: ^4^0Darth^1 Racto^1 Sw: ?
[Tue Oct 01 19:13:00 2013]  ClientDisconnect: 1
[Tue Oct 01 20:18:32 2013]  ClientConnect: 1
[Tue Oct 01 20:18:32 2013]  mlog:Player ^0Krack ^33000#, connected. With IP - 109.152.1.113:29070 
[Tue Oct 01 20:19:06 2013]  ClientBegin: 1
[Tue Oct 01 20:19:23 2013]  say: ^4^0Darth^1 Racto^1 Sw: hi
[Tue Oct 01 20:19:29 2013]  Kill: 1 1 39: ^4^0Darth^1 Racto^1 Sw killed ^4^0Darth^1 Racto^1 Sw by MOD_SUICIDE
[Tue Oct 01 20:19:41 2013]  Kill: 1 0 3: ^4^0Darth^1 Racto^1 Sw killed ^0ÐàrkQµàkè by MOD_SABER
[Tue Oct 01 20:24:26 2013]  Kill: 1 0 3: ^4^0Darth^1 Racto^1 Sw killed ^0ÐàrkQµàkè by MOD_SABER
[Tue Oct 01 20:42:51 2013]  Kill: 1 0 3: ^4^0Darth^1 Racto^1 Sw killed ^0ÐàrkQµàkè by MOD_SABER
[Tue Oct 01 20:44:19 2013]  Kill: 1 0 3: ^4^0Darth^1 Racto^1 Sw killed ^0ÐàrkQµàkè by MOD_SABER
[Tue Oct 01 20:44:50 2013]  say: ^4^0Darth^1 Racto^1 Sw: ^4ELEMENT SCRIPT V1 ^5by ^1µ^2/^0Ðàrk^1Qµàkè^2/^1S
[Tue Oct 01 20:44:57 2013]  say: ^4^0Darth^1 Racto^1 Sw: ^1FORCE DESTRUCTION!
[Tue Oct 01 20:45:16 2013]  say: ^4^0Darth^1 Racto^1 Sw: ^1FORCE DESTRUCTION!
[Tue Oct 01 20:45:20 2013]  say: ^4^0Darth^1 Racto^1 Sw: ^1FORCE DESTRUCTION!
[Tue Oct 01 20:46:09 2013]  say: ^4^0Darth^1 Racto^1 Sw: ^7SILVER ^7SUIT!
[Tue Oct 01 20:46:15 2013]  say: ^4^0Darth^1 Racto^1 Sw: ^3SUPER ^3LIGHTNING!
[Tue Oct 01 20:46:19 2013]  say: ^4^0Darth^1 Racto^1 Sw: ^0ELECTRICITY ^0ATTACK!
[Tue Oct 01 20:46:26 2013]  say: ^4^0Darth^1 Racto^1 Sw: ^0SITH ^0APPRENTICE ^0CLOTHES!
[Tue Oct 01 20:46:36 2013]  Kill: 1 1 39: ^4^0Darth^1 Racto^1 Sw killed ^4^0Darth^1 Racto^1 Sw by MOD_SUICIDE
[Tue Oct 01 20:46:36 2013]  setteam:  1 FREE SPECTATOR
[Tue Oct 01 20:46:36 2013]  ClientBegin: 1
[Tue Oct 01 20:46:41 2013]  setteam:  1 SPECTATOR FREE
[Tue Oct 01 20:46:41 2013]  ClientBegin: 1
[Tue Oct 01 20:47:00 2013]  Kill: 1 0 3: ^4^0Darth^1 Racto^1 Sw killed ^0ÐàrkQµàkè by MOD_SABER
[Tue Oct 01 20:48:37 2013]  Kill: 1 0 6: ^4^0Darth^1 Racto^1 Sw killed ^0ÐàrkQµàkè by MOD_BLASTER
[Tue Oct 01 20:49:13 2013]  say: ^4^0Darth^1 Racto^1 Sw: ^0ELECTRICITY ^0ATTACK!
[Tue Oct 01 20:49:20 2013]  say: ^4^0Darth^1 Racto^1 Sw: ^0ELECTRICITY ^0ATTACK!
[Tue Oct 01 20:49:56 2013]  ClientDisconnect: 1
[Tue Oct 01 21:06:12 2013]  Exit: Timelimit hit.
[Tue Oct 01 21:06:12 2013]  score: 0  ping: 0  client: 0 ^0ÐàrkQµàkè
[Tue Oct 01 21:30:36 2013]  ShutdownGame:
[Tue Oct 01 21:30:36 2013]  ------------------------------------------------------------
[Tue Oct 01 21:30:36 2013]  ------------------------------------------------------------
[Tue Oct 01 21:30:36 2013]  InitGame: \g_siegeTeam2\none\g_siegeTeam1\none\g_jediVmerc\0\g_maxGameClients\0\g_noSpecMove\0\g_debugMelee\1\g_siegeRespawn\20\g_siegeTeamSwitch\1\g_forceRegenTime\0\g_forcePowerDisable\0\g_weaponDisable\0\g_allowNPC\1\bot_minplayers\0\sv_allowDownload\1\sv_floodProtect\0\sv_maxPing\0\sv_minPing\0\sv_maxRate\5000\sv_maxclients\32\sv_hostname\^3Darkquake's Makermod Server\g_duelWeaponDisable\65531\g_forceBasedTeams\0\duel_fraglimit\10\g_maxForceRank\7\g_saberLocking\1\g_privateDuel\1\capturelimit\0\timelimit\120\fraglimit\0\dmflags\0\version\(internal)JAmp: v1.0.1.0 win-x86 Oct 30 2003\g_maxHolocronCarry\3\g_gametype\0\g_needpass\0\protocol\26\mapname\mp/siege_desert\sv_privateClients\0\g_stepSlideFix\1\gamename\MakerMod\g_saberWallDamageScale\0.4\bg_fighterAltControl\0\g_showDuelHealths\0
[Tue Oct 01 21:30:37 2013]  ClientConnect: 0
[Tue Oct 01 21:30:42 2013]  ClientBegin: 0
[Tue Oct 01 21:30:57 2013]  ShutdownGame:
[Tue Oct 01 21:30:57 2013]  ------------------------------------------------------------
[Tue Oct 01 21:30:57 2013]  ------------------------------------------------------------
[Tue Oct 01 21:30:57 2013]  InitGame: \g_siegeTeam2\none\g_siegeTeam1\none\g_jediVmerc\0\g_maxGameClients\0\g_noSpecMove\0\g_debugMelee\1\g_siegeRespawn\20\g_siegeTeamSwitch\1\g_forceRegenTime\0\g_forcePowerDisable\0\g_weaponDisable\0\g_allowNPC\1\bot_minplayers\0\sv_allowDownload\1\sv_floodProtect\0\sv_maxPing\0\sv_minPing\0\sv_maxRate\5000\sv_maxclients\32\sv_hostname\^3Darkquake's Makermod Server\g_duelWeaponDisable\65531\g_forceBasedTeams\0\duel_fraglimit\10\g_maxForceRank\7\g_saberLocking\1\g_privateDuel\1\capturelimit\0\timelimit\120\fraglimit\0\dmflags\0\version\(internal)JAmp: v1.0.1.0 win-x86 Oct 30 2003\g_maxHolocronCarry\3\g_gametype\0\g_needpass\0\protocol\26\mapname\t2_trip\sv_privateClients\0\g_stepSlideFix\1\gamename\MakerMod\g_saberWallDamageScale\0.4\bg_fighterAltControl\0\g_showDuelHealths\0
[Tue Oct 01 21:30:59 2013]  ClientConnect: 0
[Tue Oct 01 21:31:02 2013]  ClientBegin: 0
[Tue Oct 01 21:32:02 2013]  ShutdownGame:
[Tue Oct 01 21:32:02 2013]  ------------------------------------------------------------
[Tue Oct 01 21:32:02 2013]  ------------------------------------------------------------
[Tue Oct 01 21:32:02 2013]  InitGame: \g_siegeTeam2\none\g_siegeTeam1\none\g_jediVmerc\0\g_maxGameClients\0\g_noSpecMove\0\g_debugMelee\1\g_siegeRespawn\20\g_siegeTeamSwitch\1\g_forceRegenTime\0\g_forcePowerDisable\0\g_weaponDisable\0\g_allowNPC\1\bot_minplayers\0\sv_allowDownload\1\sv_floodProtect\0\sv_maxPing\0\sv_minPing\0\sv_maxRate\5000\sv_maxclients\32\sv_hostname\^3Darkquake's Makermod Server\g_duelWeaponDisable\65531\g_forceBasedTeams\0\duel_fraglimit\10\g_maxForceRank\7\g_saberLocking\1\g_privateDuel\1\capturelimit\0\timelimit\120\fraglimit\0\dmflags\0\version\(internal)JAmp: v1.0.1.0 win-x86 Oct 30 2003\g_maxHolocronCarry\3\g_gametype\0\g_needpass\0\protocol\26\mapname\t2_trip\sv_privateClients\0\g_stepSlideFix\1\gamename\MakerMod\g_saberWallDamageScale\0.4\bg_fighterAltControl\0\g_showDuelHealths\0
[Tue Oct 01 21:32:04 2013]  ClientConnect: 0
[Tue Oct 01 21:32:10 2013]  ClientBegin: 0
[Tue Oct 01 21:33:07 2013]  ------------------------------------------------------------
[Tue Oct 01 21:33:07 2013]  InitGame: \dmflags\0\fraglimit\0\timelimit\120\capturelimit\0\g_privateDuel\1\g_saberLocking\1\g_maxForceRank\7\duel_fraglimit\10\g_forceBasedTeams\0\g_duelWeaponDisable\65531\sv_hostname\^3Darkquake's Makermod Server\sv_maxclients\32\sv_maxRate\5000\sv_minPing\0\sv_maxPing\0\sv_floodProtect\0\sv_allowDownload\1\g_allowNPC\1\g_weaponDisable\0\g_forcePowerDisable\0\g_forceRegenTime\1\g_siegeTeamSwitch\1\g_siegeRespawn\20\g_debugMelee\1\g_noSpecMove\0\g_maxGameClients\0\g_jediVmerc\0\g_siegeTeam1\none\g_siegeTeam2\none\version\(internal)JAmp: v1.0.1.0 win-x86 Oct 30 2003\g_maxHolocronCarry\3\g_gametype\0\g_needpass\0\protocol\26\mapname\t2_trip\sv_privateClients\0\g_stepSlideFix\1\gamename\MakerMod\g_saberWallDamageScale\0.4\bg_fighterAltControl\0\g_showDuelHealths\0
[Tue Oct 01 21:33:13 2013]  ClientConnect: 0
[Tue Oct 01 21:33:13 2013]  mlog:Player ^0ÐàrkQµàkè, connected. With IP - 192.168.1.3:29071 
[Tue Oct 01 21:33:20 2013]  ClientBegin: 0
[Tue Oct 01 21:36:11 2013]  ShutdownGame:
[Tue Oct 01 21:36:11 2013]  ------------------------------------------------------------
[Tue Oct 01 21:36:11 2013]  ------------------------------------------------------------
[Tue Oct 01 21:36:11 2013]  InitGame: \dmflags\0\fraglimit\0\timelimit\120\capturelimit\0\g_privateDuel\1\g_saberLocking\1\g_maxForceRank\7\duel_fraglimit\10\g_forceBasedTeams\0\g_duelWeaponDisable\65531\sv_hostname\^3Darkquake's Makermod Server\sv_maxclients\32\sv_maxRate\5000\sv_minPing\0\sv_maxPing\0\sv_floodProtect\0\sv_allowDownload\1\bot_minplayers\0\g_allowNPC\1\g_weaponDisable\0\g_forcePowerDisable\0\g_forceRegenTime\0\g_siegeTeamSwitch\1\g_siegeRespawn\20\g_debugMelee\1\g_noSpecMove\0\g_maxGameClients\0\g_jediVmerc\0\g_siegeTeam1\none\g_siegeTeam2\none\version\(internal)JAmp: v1.0.1.0 win-x86 Oct 30 2003\g_maxHolocronCarry\3\g_gametype\0\g_needpass\0\protocol\26\mapname\t2_trip\sv_privateClients\0\g_stepSlideFix\1\gamename\MakerMod\g_saberWallDamageScale\0.4\bg_fighterAltControl\0\g_showDuelHealths\0
[Tue Oct 01 21:36:13 2013]  ClientConnect: 0
[Tue Oct 01 21:36:17 2013]  ClientBegin: 0
[Tue Oct 01 21:39:11 2013]  ShutdownGame:
[Tue Oct 01 21:39:11 2013]  ------------------------------------------------------------
[Tue Oct 01 21:39:11 2013]  ------------------------------------------------------------
[Tue Oct 01 21:39:11 2013]  InitGame: \dmflags\0\fraglimit\0\timelimit\120\capturelimit\0\g_privateDuel\1\g_saberLocking\1\g_maxForceRank\7\duel_fraglimit\10\g_forceBasedTeams\0\g_duelWeaponDisable\65531\sv_hostname\^3Darkquake's Makermod Server\sv_maxclients\32\sv_maxRate\5000\sv_minPing\0\sv_maxPing\0\sv_floodProtect\0\sv_allowDownload\1\bot_minplayers\0\g_allowNPC\1\g_weaponDisable\0\g_forcePowerDisable\0\g_forceRegenTime\0\g_siegeTeamSwitch\1\g_siegeRespawn\20\g_debugMelee\1\g_noSpecMove\0\g_maxGameClients\0\g_jediVmerc\0\g_siegeTeam1\none\g_siegeTeam2\none\version\(internal)JAmp: v1.0.1.0 win-x86 Oct 30 2003\g_maxHolocronCarry\3\g_gametype\0\g_needpass\0\protocol\26\mapname\t2_trip\sv_privateClients\0\g_stepSlideFix\1\gamename\MakerMod\g_saberWallDamageScale\0.4\bg_fighterAltControl\0\g_showDuelHealths\0
[Tue Oct 01 21:39:13 2013]  ClientConnect: 0
[Tue Oct 01 21:39:17 2013]  ClientBegin: 0
[Tue Oct 01 21:41:19 2013]  ShutdownGame:
[Tue Oct 01 21:41:19 2013]  ------------------------------------------------------------
[Tue Oct 01 21:41:20 2013]  ------------------------------------------------------------
[Tue Oct 01 21:41:20 2013]  InitGame: \dmflags\0\fraglimit\0\timelimit\120\capturelimit\0\g_privateDuel\1\g_saberLocking\1\g_maxForceRank\7\duel_fraglimit\10\g_forceBasedTeams\0\g_duelWeaponDisable\65531\sv_hostname\^3Darkquake's Makermod Server\sv_maxclients\32\sv_maxRate\5000\sv_minPing\0\sv_maxPing\0\sv_floodProtect\0\sv_allowDownload\1\bot_minplayers\0\g_allowNPC\1\g_weaponDisable\0\g_forcePowerDisable\0\g_forceRegenTime\0\g_siegeTeamSwitch\1\g_siegeRespawn\20\g_debugMelee\1\g_noSpecMove\0\g_maxGameClients\0\g_jediVmerc\0\g_siegeTeam1\none\g_siegeTeam2\none\version\(internal)JAmp: v1.0.1.0 win-x86 Oct 30 2003\g_maxHolocronCarry\3\g_gametype\0\g_needpass\0\protocol\26\mapname\t2_trip\sv_privateClients\0\g_stepSlideFix\1\gamename\MakerMod\g_saberWallDamageScale\0.4\bg_fighterAltControl\0\g_showDuelHealths\0
[Tue Oct 01 21:41:21 2013]  ClientConnect: 0
[Tue Oct 01 21:41:26 2013]  ClientBegin: 0
[Tue Oct 01 21:42:37 2013]  ShutdownGame:
[Tue Oct 01 21:42:37 2013]  ------------------------------------------------------------
[Tue Oct 01 21:42:37 2013]  ------------------------------------------------------------
[Tue Oct 01 21:42:37 2013]  InitGame: \dmflags\0\fraglimit\0\timelimit\120\capturelimit\0\g_privateDuel\1\g_saberLocking\1\g_maxForceRank\7\duel_fraglimit\10\g_forceBasedTeams\0\g_duelWeaponDisable\65531\sv_hostname\^3Darkquake's Makermod Server\sv_maxclients\32\sv_maxRate\5000\sv_minPing\0\sv_maxPing\0\sv_floodProtect\0\sv_allowDownload\1\bot_minplayers\0\g_allowNPC\1\g_weaponDisable\0\g_forcePowerDisable\0\g_forceRegenTime\0\g_siegeTeamSwitch\1\g_siegeRespawn\20\g_debugMelee\1\g_noSpecMove\0\g_maxGameClients\0\g_jediVmerc\0\g_siegeTeam1\none\g_siegeTeam2\none\version\(internal)JAmp: v1.0.1.0 win-x86 Oct 30 2003\g_maxHolocronCarry\3\g_gametype\0\g_needpass\0\protocol\26\mapname\t2_trip\sv_privateClients\0\g_stepSlideFix\1\gamename\MakerMod\g_saberWallDamageScale\0.4\bg_fighterAltControl\0\g_showDuelHealths\0
[Tue Oct 01 21:42:39 2013]  ClientConnect: 0
[Tue Oct 01 21:42:43 2013]  ClientBegin: 0
[Tue Oct 01 21:43:22 2013]  ShutdownGame:
[Tue Oct 01 21:43:22 2013]  ------------------------------------------------------------
[Tue Oct 01 21:43:23 2013]  ------------------------------------------------------------
[Tue Oct 01 21:43:23 2013]  InitGame: \dmflags\0\fraglimit\0\timelimit\120\capturelimit\0\g_privateDuel\1\g_saberLocking\1\g_maxForceRank\7\duel_fraglimit\10\g_forceBasedTeams\0\g_duelWeaponDisable\65531\sv_hostname\^3Darkquake's Makermod Server\sv_maxclients\32\sv_maxRate\5000\sv_minPing\0\sv_maxPing\0\sv_floodProtect\0\sv_allowDownload\1\bot_minplayers\0\g_allowNPC\1\g_weaponDisable\0\g_forcePowerDisable\0\g_forceRegenTime\0\g_siegeTeamSwitch\1\g_siegeRespawn\20\g_debugMelee\1\g_noSpecMove\0\g_maxGameClients\0\g_jediVmerc\0\g_siegeTeam1\none\g_siegeTeam2\none\version\(internal)JAmp: v1.0.1.0 win-x86 Oct 30 2003\g_maxHolocronCarry\3\g_gametype\0\g_needpass\0\protocol\26\mapname\t2_trip\sv_privateClients\0\g_stepSlideFix\1\gamename\MakerMod\g_saberWallDamageScale\0.4\bg_fighterAltControl\0\g_showDuelHealths\0
[Tue Oct 01 21:43:24 2013]  ClientConnect: 0
[Tue Oct 01 21:43:28 2013]  ClientBegin: 0
[Tue Oct 01 21:45:07 2013]  ShutdownGame:
[Tue Oct 01 21:45:07 2013]  ------------------------------------------------------------
[Tue Oct 01 21:45:07 2013]  ------------------------------------------------------------
[Tue Oct 01 21:45:07 2013]  InitGame: \dmflags\0\fraglimit\0\timelimit\120\capturelimit\0\g_privateDuel\1\g_saberLocking\1\g_maxForceRank\7\duel_fraglimit\10\g_forceBasedTeams\0\g_duelWeaponDisable\65531\sv_hostname\^3Darkquake's Makermod Server\sv_maxclients\32\sv_maxRate\5000\sv_minPing\0\sv_maxPing\0\sv_floodProtect\0\sv_allowDownload\1\bot_minplayers\0\g_allowNPC\1\g_weaponDisable\0\g_forcePowerDisable\0\g_forceRegenTime\0\g_siegeTeamSwitch\1\g_siegeRespawn\20\g_debugMelee\1\g_noSpecMove\0\g_maxGameClients\0\g_jediVmerc\0\g_siegeTeam1\none\g_siegeTeam2\none\version\(internal)JAmp: v1.0.1.0 win-x86 Oct 30 2003\g_maxHolocronCarry\3\g_gametype\0\g_needpass\0\protocol\26\mapname\t2_trip\sv_privateClients\0\g_stepSlideFix\1\gamename\MakerMod\g_saberWallDamageScale\0.4\bg_fighterAltControl\0\g_showDuelHealths\0
[Tue Oct 01 21:45:09 2013]  ClientConnect: 0
[Tue Oct 01 21:45:13 2013]  ClientBegin: 0
[Tue Oct 01 21:45:58 2013]  ShutdownGame:
[Tue Oct 01 21:45:58 2013]  ------------------------------------------------------------
[Tue Oct 01 21:45:59 2013]  ------------------------------------------------------------
[Tue Oct 01 21:45:59 2013]  InitGame: \dmflags\0\fraglimit\0\timelimit\120\capturelimit\0\g_privateDuel\1\g_saberLocking\1\g_maxForceRank\7\duel_fraglimit\10\g_forceBasedTeams\0\g_duelWeaponDisable\65531\sv_hostname\^3Darkquake's Makermod Server\sv_maxclients\32\sv_maxRate\5000\sv_minPing\0\sv_maxPing\0\sv_floodProtect\0\sv_allowDownload\1\bot_minplayers\0\g_allowNPC\1\g_weaponDisable\0\g_forcePowerDisable\0\g_forceRegenTime\0\g_siegeTeamSwitch\1\g_siegeRespawn\20\g_debugMelee\1\g_noSpecMove\0\g_maxGameClients\0\g_jediVmerc\0\g_siegeTeam1\none\g_siegeTeam2\none\version\(internal)JAmp: v1.0.1.0 win-x86 Oct 30 2003\g_maxHolocronCarry\3\g_gametype\0\g_needpass\0\protocol\26\mapname\t2_trip\sv_privateClients\0\g_stepSlideFix\1\gamename\MakerMod\g_saberWallDamageScale\0.4\bg_fighterAltControl\0\g_showDuelHealths\0
[Tue Oct 01 21:46:00 2013]  ClientConnect: 0
[Tue Oct 01 21:46:04 2013]  ClientBegin: 0
[Tue Oct 01 21:47:12 2013]  ShutdownGame:
[Tue Oct 01 21:47:12 2013]  ------------------------------------------------------------
[Tue Oct 01 21:47:12 2013]  ------------------------------------------------------------
[Tue Oct 01 21:47:12 2013]  InitGame: \dmflags\0\fraglimit\0\timelimit\120\capturelimit\0\g_privateDuel\1\g_saberLocking\1\g_maxForceRank\7\duel_fraglimit\10\g_forceBasedTeams\0\g_duelWeaponDisable\65531\sv_hostname\^3Darkquake's Makermod Server\sv_maxclients\32\sv_maxRate\5000\sv_minPing\0\sv_maxPing\0\sv_floodProtect\0\sv_allowDownload\1\bot_minplayers\0\g_allowNPC\1\g_weaponDisable\0\g_forcePowerDisable\0\g_forceRegenTime\0\g_siegeTeamSwitch\1\g_siegeRespawn\20\g_debugMelee\1\g_noSpecMove\0\g_maxGameClients\0\g_jediVmerc\0\g_siegeTeam1\none\g_siegeTeam2\none\version\(internal)JAmp: v1.0.1.0 win-x86 Oct 30 2003\g_maxHolocronCarry\3\g_gametype\0\g_needpass\0\protocol\26\mapname\t2_trip\sv_privateClients\0\g_stepSlideFix\1\gamename\MakerMod\g_saberWallDamageScale\0.4\bg_fighterAltControl\0\g_showDuelHealths\0
[Tue Oct 01 21:47:14 2013]  ClientConnect: 0
[Tue Oct 01 21:47:18 2013]  ClientBegin: 0
[Tue Oct 01 21:48:45 2013]  ShutdownGame:
[Tue Oct 01 21:48:45 2013]  ------------------------------------------------------------
[Tue Oct 01 21:48:45 2013]  ------------------------------------------------------------
[Tue Oct 01 21:48:45 2013]  InitGame: \dmflags\0\fraglimit\0\timelimit\120\capturelimit\0\g_privateDuel\1\g_saberLocking\1\g_maxForceRank\7\duel_fraglimit\10\g_forceBasedTeams\0\g_duelWeaponDisable\65531\sv_hostname\^3Darkquake's Makermod Server\sv_maxclients\32\sv_maxRate\5000\sv_minPing\0\sv_maxPing\0\sv_floodProtect\0\sv_allowDownload\1\bot_minplayers\0\g_allowNPC\1\g_weaponDisable\0\g_forcePowerDisable\0\g_forceRegenTime\0\g_siegeTeamSwitch\1\g_siegeRespawn\20\g_debugMelee\1\g_noSpecMove\0\g_maxGameClients\0\g_jediVmerc\0\g_siegeTeam1\none\g_siegeTeam2\none\version\(internal)JAmp: v1.0.1.0 win-x86 Oct 30 2003\g_maxHolocronCarry\3\g_gametype\0\g_needpass\0\protocol\26\mapname\t2_trip\sv_privateClients\0\g_stepSlideFix\1\gamename\MakerMod\g_saberWallDamageScale\0.4\bg_fighterAltControl\0\g_showDuelHealths\0
[Tue Oct 01 21:48:47 2013]  ClientConnect: 0
[Tue Oct 01 21:48:51 2013]  ClientBegin: 0
[Tue Oct 01 21:52:38 2013]  say: ^0ÐàrkQµàkè: ontimer
[Tue Oct 01 22:01:06 2013]  ShutdownGame:
[Tue Oct 01 22:01:06 2013]  ------------------------------------------------------------
[Tue Oct 01 22:01:07 2013]  ------------------------------------------------------------
[Tue Oct 01 22:01:07 2013]  InitGame: \dmflags\0\fraglimit\0\timelimit\120\capturelimit\0\g_privateDuel\1\g_saberLocking\1\g_maxForceRank\7\duel_fraglimit\10\g_forceBasedTeams\0\g_duelWeaponDisable\65531\sv_hostname\^3Darkquake's Makermod Server\sv_maxclients\32\sv_maxRate\5000\sv_minPing\0\sv_maxPing\0\sv_floodProtect\0\sv_allowDownload\1\bot_minplayers\0\g_allowNPC\1\g_weaponDisable\0\g_forcePowerDisable\0\g_forceRegenTime\0\g_siegeTeamSwitch\1\g_siegeRespawn\20\g_debugMelee\1\g_noSpecMove\0\g_maxGameClients\0\g_jediVmerc\0\g_siegeTeam1\none\g_siegeTeam2\none\version\(internal)JAmp: v1.0.1.0 win-x86 Oct 30 2003\g_maxHolocronCarry\3\g_gametype\0\g_needpass\0\protocol\26\mapname\t2_trip\sv_privateClients\0\g_stepSlideFix\1\gamename\MakerMod\g_saberWallDamageScale\0.4\bg_fighterAltControl\0\g_showDuelHealths\0
[Tue Oct 01 22:01:08 2013]  ClientConnect: 0
[Tue Oct 01 22:01:12 2013]  ClientBegin: 0
[Tue Oct 01 22:02:27 2013]  ShutdownGame:
[Tue Oct 01 22:02:27 2013]  ------------------------------------------------------------
[Tue Oct 01 22:02:27 2013]  ------------------------------------------------------------
[Tue Oct 01 22:02:27 2013]  InitGame: \dmflags\0\fraglimit\0\timelimit\120\capturelimit\0\g_privateDuel\1\g_saberLocking\1\g_maxForceRank\7\duel_fraglimit\10\g_forceBasedTeams\0\g_duelWeaponDisable\65531\sv_hostname\^3Darkquake's Makermod Server\sv_maxclients\32\sv_maxRate\5000\sv_minPing\0\sv_maxPing\0\sv_floodProtect\0\sv_allowDownload\1\bot_minplayers\0\g_allowNPC\1\g_weaponDisable\0\g_forcePowerDisable\0\g_forceRegenTime\0\g_siegeTeamSwitch\1\g_siegeRespawn\20\g_debugMelee\1\g_noSpecMove\0\g_maxGameClients\0\g_jediVmerc\0\g_siegeTeam1\none\g_siegeTeam2\none\version\(internal)JAmp: v1.0.1.0 win-x86 Oct 30 2003\g_maxHolocronCarry\3\g_gametype\0\g_needpass\0\protocol\26\mapname\t2_trip\sv_privateClients\0\g_stepSlideFix\1\gamename\MakerMod\g_saberWallDamageScale\0.4\bg_fighterAltControl\0\g_showDuelHealths\0
[Tue Oct 01 22:02:29 2013]  ClientConnect: 0
[Tue Oct 01 22:02:33 2013]  ClientBegin: 0
[Tue Oct 01 22:04:15 2013]  ShutdownGame:
[Tue Oct 01 22:04:15 2013]  ------------------------------------------------------------
[Tue Oct 01 22:04:16 2013]  ------------------------------------------------------------
[Tue Oct 01 22:04:16 2013]  InitGame: \dmflags\0\fraglimit\0\timelimit\120\capturelimit\0\g_privateDuel\1\g_saberLocking\1\g_maxForceRank\7\duel_fraglimit\10\g_forceBasedTeams\0\g_duelWeaponDisable\65531\sv_hostname\^3Darkquake's Makermod Server\sv_maxclients\32\sv_maxRate\5000\sv_minPing\0\sv_maxPing\0\sv_floodProtect\0\sv_allowDownload\1\bot_minplayers\0\g_allowNPC\1\g_weaponDisable\0\g_forcePowerDisable\0\g_forceRegenTime\0\g_siegeTeamSwitch\1\g_siegeRespawn\20\g_debugMelee\1\g_noSpecMove\0\g_maxGameClients\0\g_jediVmerc\0\g_siegeTeam1\none\g_siegeTeam2\none\version\(internal)JAmp: v1.0.1.0 win-x86 Oct 30 2003\g_maxHolocronCarry\3\g_gametype\0\g_needpass\0\protocol\26\mapname\t2_trip\sv_privateClients\0\g_stepSlideFix\1\gamename\MakerMod\g_saberWallDamageScale\0.4\bg_fighterAltControl\0\g_showDuelHealths\0
[Tue Oct 01 22:04:17 2013]  ClientConnect: 0
[Tue Oct 01 22:04:21 2013]  ClientBegin: 0
[Tue Oct 01 22:05:47 2013]  ShutdownGame:
[Tue Oct 01 22:05:47 2013]  ------------------------------------------------------------
[Tue Oct 01 22:05:47 2013]  ------------------------------------------------------------
[Tue Oct 01 22:05:47 2013]  InitGame: \dmflags\0\fraglimit\0\timelimit\120\capturelimit\0\g_privateDuel\1\g_saberLocking\1\g_maxForceRank\7\duel_fraglimit\10\g_forceBasedTeams\0\g_duelWeaponDisable\65531\sv_hostname\^3Darkquake's Makermod Server\sv_maxclients\32\sv_maxRate\5000\sv_minPing\0\sv_maxPing\0\sv_floodProtect\0\sv_allowDownload\1\bot_minplayers\0\g_allowNPC\1\g_weaponDisable\0\g_forcePowerDisable\0\g_forceRegenTime\0\g_siegeTeamSwitch\1\g_siegeRespawn\20\g_debugMelee\1\g_noSpecMove\0\g_maxGameClients\0\g_jediVmerc\0\g_siegeTeam1\none\g_siegeTeam2\none\version\(internal)JAmp: v1.0.1.0 win-x86 Oct 30 2003\g_maxHolocronCarry\3\g_gametype\0\g_needpass\0\protocol\26\mapname\t2_trip\sv_privateClients\0\g_stepSlideFix\1\gamename\MakerMod\g_saberWallDamageScale\0.4\bg_fighterAltControl\0\g_showDuelHealths\0
[Tue Oct 01 22:05:49 2013]  ClientConnect: 0
[Tue Oct 01 22:05:53 2013]  ClientBegin: 0
[Tue Oct 01 22:06:54 2013]  ShutdownGame:
[Tue Oct 01 22:06:54 2013]  ------------------------------------------------------------
[Tue Oct 01 22:06:55 2013]  ------------------------------------------------------------
[Tue Oct 01 22:06:55 2013]  InitGame: \dmflags\0\fraglimit\0\timelimit\120\capturelimit\0\g_privateDuel\1\g_saberLocking\1\g_maxForceRank\7\duel_fraglimit\10\g_forceBasedTeams\0\g_duelWeaponDisable\65531\sv_hostname\^3Darkquake's Makermod Server\sv_maxclients\32\sv_maxRate\5000\sv_minPing\0\sv_maxPing\0\sv_floodProtect\0\sv_allowDownload\1\bot_minplayers\0\g_allowNPC\1\g_weaponDisable\0\g_forcePowerDisable\0\g_forceRegenTime\0\g_siegeTeamSwitch\1\g_siegeRespawn\20\g_debugMelee\1\g_noSpecMove\0\g_maxGameClients\0\g_jediVmerc\0\g_siegeTeam1\none\g_siegeTeam2\none\version\(internal)JAmp: v1.0.1.0 win-x86 Oct 30 2003\g_maxHolocronCarry\3\g_gametype\0\g_needpass\0\protocol\26\mapname\t2_trip\sv_privateClients\0\g_stepSlideFix\1\gamename\MakerMod\g_saberWallDamageScale\0.4\bg_fighterAltControl\0\g_showDuelHealths\0
[Tue Oct 01 22:06:56 2013]  ClientConnect: 0
[Tue Oct 01 22:07:00 2013]  ClientBegin: 0
[Tue Oct 01 22:07:54 2013]  ShutdownGame:
[Tue Oct 01 22:07:54 2013]  ------------------------------------------------------------
[Tue Oct 01 22:07:54 2013]  ------------------------------------------------------------
[Tue Oct 01 22:07:54 2013]  InitGame: \dmflags\0\fraglimit\0\timelimit\120\capturelimit\0\g_privateDuel\1\g_saberLocking\1\g_maxForceRank\7\duel_fraglimit\10\g_forceBasedTeams\0\g_duelWeaponDisable\65531\sv_hostname\^3Darkquake's Makermod Server\sv_maxclients\32\sv_maxRate\5000\sv_minPing\0\sv_maxPing\0\sv_floodProtect\0\sv_allowDownload\1\bot_minplayers\0\g_allowNPC\1\g_weaponDisable\0\g_forcePowerDisable\0\g_forceRegenTime\0\g_siegeTeamSwitch\1\g_siegeRespawn\20\g_debugMelee\1\g_noSpecMove\0\g_maxGameClients\0\g_jediVmerc\0\g_siegeTeam1\none\g_siegeTeam2\none\version\(internal)JAmp: v1.0.1.0 win-x86 Oct 30 2003\g_maxHolocronCarry\3\g_gametype\0\g_needpass\0\protocol\26\mapname\t2_trip\sv_privateClients\0\g_stepSlideFix\1\gamename\MakerMod\g_saberWallDamageScale\0.4\bg_fighterAltControl\0\g_showDuelHealths\0
[Tue Oct 01 22:07:56 2013]  ClientConnect: 0
[Tue Oct 01 22:08:00 2013]  ClientBegin: 0
[Tue Oct 01 22:08:20 2013]  ShutdownGame:
[Tue Oct 01 22:08:20 2013]  ------------------------------------------------------------
[Tue Oct 01 22:08:21 2013]  ------------------------------------------------------------
[Tue Oct 01 22:08:21 2013]  InitGame: \dmflags\0\fraglimit\0\timelimit\120\capturelimit\0\g_privateDuel\1\g_saberLocking\1\g_maxForceRank\7\duel_fraglimit\10\g_forceBasedTeams\0\g_duelWeaponDisable\65531\sv_hostname\^3Darkquake's Makermod Server\sv_maxclients\32\sv_maxRate\5000\sv_minPing\0\sv_maxPing\0\sv_floodProtect\0\sv_allowDownload\1\bot_minplayers\0\g_allowNPC\1\g_weaponDisable\0\g_forcePowerDisable\0\g_forceRegenTime\0\g_siegeTeamSwitch\1\g_siegeRespawn\20\g_debugMelee\1\g_noSpecMove\0\g_maxGameClients\0\g_jediVmerc\0\g_siegeTeam1\none\g_siegeTeam2\none\version\(internal)JAmp: v1.0.1.0 win-x86 Oct 30 2003\g_maxHolocronCarry\3\g_gametype\0\g_needpass\0\protocol\26\mapname\t2_trip\sv_privateClients\0\g_stepSlideFix\1\gamename\MakerMod\g_saberWallDamageScale\0.4\bg_fighterAltControl\0\g_showDuelHealths\0
[Tue Oct 01 22:08:22 2013]  ClientConnect: 0
[Tue Oct 01 22:08:27 2013]  ClientBegin: 0
[Tue Oct 01 22:10:16 2013]  ShutdownGame:
[Tue Oct 01 22:10:16 2013]  ------------------------------------------------------------
[Tue Oct 01 22:10:17 2013]  ------------------------------------------------------------
[Tue Oct 01 22:10:17 2013]  InitGame: \dmflags\0\fraglimit\0\timelimit\120\capturelimit\0\g_privateDuel\1\g_saberLocking\1\g_maxForceRank\7\duel_fraglimit\10\g_forceBasedTeams\0\g_duelWeaponDisable\65531\sv_hostname\^3Darkquake's Makermod Server\sv_maxclients\32\sv_maxRate\5000\sv_minPing\0\sv_maxPing\0\sv_floodProtect\0\sv_allowDownload\1\bot_minplayers\0\g_allowNPC\1\g_weaponDisable\0\g_forcePowerDisable\0\g_forceRegenTime\0\g_siegeTeamSwitch\1\g_siegeRespawn\20\g_debugMelee\1\g_noSpecMove\0\g_maxGameClients\0\g_jediVmerc\0\g_siegeTeam1\none\g_siegeTeam2\none\version\(internal)JAmp: v1.0.1.0 win-x86 Oct 30 2003\g_maxHolocronCarry\3\g_gametype\0\g_needpass\0\protocol\26\mapname\t2_trip\sv_privateClients\0\g_stepSlideFix\1\gamename\MakerMod\g_saberWallDamageScale\0.4\bg_fighterAltControl\0\g_showDuelHealths\0
[Tue Oct 01 22:10:18 2013]  ClientConnect: 0
[Tue Oct 01 22:10:22 2013]  ClientBegin: 0
[Tue Oct 01 22:12:02 2013]  ShutdownGame:
[Tue Oct 01 22:12:02 2013]  ------------------------------------------------------------
[Tue Oct 01 22:12:02 2013]  ------------------------------------------------------------
[Tue Oct 01 22:12:02 2013]  InitGame: \dmflags\0\fraglimit\0\timelimit\120\capturelimit\0\g_privateDuel\1\g_saberLocking\1\g_maxForceRank\7\duel_fraglimit\10\g_forceBasedTeams\0\g_duelWeaponDisable\65531\sv_hostname\^3Darkquake's Makermod Server\sv_maxclients\32\sv_maxRate\5000\sv_minPing\0\sv_maxPing\0\sv_floodProtect\0\sv_allowDownload\1\bot_minplayers\0\g_allowNPC\1\g_weaponDisable\0\g_forcePowerDisable\0\g_forceRegenTime\0\g_siegeTeamSwitch\1\g_siegeRespawn\20\g_debugMelee\1\g_noSpecMove\0\g_maxGameClients\0\g_jediVmerc\0\g_siegeTeam1\none\g_siegeTeam2\none\version\(internal)JAmp: v1.0.1.0 win-x86 Oct 30 2003\g_maxHolocronCarry\3\g_gametype\0\g_needpass\0\protocol\26\mapname\t2_trip\sv_privateClients\0\g_stepSlideFix\1\gamename\MakerMod\g_saberWallDamageScale\0.4\bg_fighterAltControl\0\g_showDuelHealths\0
[Tue Oct 01 22:12:04 2013]  ClientConnect: 0
[Tue Oct 01 22:12:08 2013]  ClientBegin: 0
[Tue Oct 01 22:14:26 2013]  ShutdownGame:
[Tue Oct 01 22:14:26 2013]  ------------------------------------------------------------
[Tue Oct 01 22:14:27 2013]  ------------------------------------------------------------
[Tue Oct 01 22:14:27 2013]  InitGame: \dmflags\0\fraglimit\0\timelimit\120\capturelimit\0\g_privateDuel\1\g_saberLocking\1\g_maxForceRank\7\duel_fraglimit\10\g_forceBasedTeams\0\g_duelWeaponDisable\65531\sv_hostname\^3Darkquake's Makermod Server\sv_maxclients\32\sv_maxRate\5000\sv_minPing\0\sv_maxPing\0\sv_floodProtect\0\sv_allowDownload\1\bot_minplayers\0\g_allowNPC\1\g_weaponDisable\0\g_forcePowerDisable\0\g_forceRegenTime\0\g_siegeTeamSwitch\1\g_siegeRespawn\20\g_debugMelee\1\g_noSpecMove\0\g_maxGameClients\0\g_jediVmerc\0\g_siegeTeam1\none\g_siegeTeam2\none\version\(internal)JAmp: v1.0.1.0 win-x86 Oct 30 2003\g_maxHolocronCarry\3\g_gametype\0\g_needpass\0\protocol\26\mapname\t2_trip\sv_privateClients\0\g_stepSlideFix\1\gamename\MakerMod\g_saberWallDamageScale\0.4\bg_fighterAltControl\0\g_showDuelHealths\0
[Tue Oct 01 22:14:28 2013]  ClientConnect: 0
[Tue Oct 01 22:14:32 2013]  ClientBegin: 0
[Tue Oct 01 22:15:42 2013]  ShutdownGame:
[Tue Oct 01 22:15:42 2013]  ------------------------------------------------------------
[Tue Oct 01 22:15:42 2013]  ------------------------------------------------------------
[Tue Oct 01 22:15:42 2013]  InitGame: \dmflags\0\fraglimit\0\timelimit\120\capturelimit\0\g_privateDuel\1\g_saberLocking\1\g_maxForceRank\7\duel_fraglimit\10\g_forceBasedTeams\0\g_duelWeaponDisable\65531\sv_hostname\^3Darkquake's Makermod Server\sv_maxclients\32\sv_maxRate\5000\sv_minPing\0\sv_maxPing\0\sv_floodProtect\0\sv_allowDownload\1\bot_minplayers\0\g_allowNPC\1\g_weaponDisable\0\g_forcePowerDisable\0\g_forceRegenTime\0\g_siegeTeamSwitch\1\g_siegeRespawn\20\g_debugMelee\1\g_noSpecMove\0\g_maxGameClients\0\g_jediVmerc\0\g_siegeTeam1\none\g_siegeTeam2\none\version\(internal)JAmp: v1.0.1.0 win-x86 Oct 30 2003\g_maxHolocronCarry\3\g_gametype\0\g_needpass\0\protocol\26\mapname\t2_trip\sv_privateClients\0\g_stepSlideFix\1\gamename\MakerMod\g_saberWallDamageScale\0.4\bg_fighterAltControl\0\g_showDuelHealths\0
[Tue Oct 01 22:15:44 2013]  ClientConnect: 0
[Tue Oct 01 22:15:48 2013]  ClientBegin: 0
[Tue Oct 01 22:17:09 2013]  ------------------------------------------------------------
[Tue Oct 01 22:17:09 2013]  InitGame: \g_siegeTeam2\none\g_siegeTeam1\none\g_jediVmerc\0\g_maxGameClients\0\g_noSpecMove\0\g_debugMelee\1\g_siegeRespawn\20\g_siegeTeamSwitch\1\g_forceRegenTime\1\g_forcePowerDisable\0\g_weaponDisable\0\g_allowNPC\1\sv_allowDownload\1\sv_floodProtect\0\sv_maxPing\0\sv_minPing\0\sv_maxRate\5000\sv_maxclients\32\sv_hostname\^3Darkquake's Makermod Server\g_duelWeaponDisable\65531\g_forceBasedTeams\0\duel_fraglimit\10\g_maxForceRank\7\g_saberLocking\1\g_privateDuel\1\capturelimit\0\timelimit\120\fraglimit\0\dmflags\0\version\(internal)JAmp: v1.0.1.0 win-x86 Oct 30 2003\g_maxHolocronCarry\3\g_gametype\0\g_needpass\0\protocol\26\mapname\t2_trip\sv_privateClients\0\g_stepSlideFix\1\gamename\MakerMod\g_saberWallDamageScale\0.4\bg_fighterAltControl\0\g_showDuelHealths\0
[Tue Oct 01 22:17:23 2013]  ClientConnect: 0
[Tue Oct 01 22:17:23 2013]  mlog:Player ^0ÐàrkQµàkè, connected. With IP - 192.168.1.3:29071 
[Tue Oct 01 22:17:27 2013]  ClientBegin: 0
[Tue Oct 01 22:26:53 2013]  ShutdownGame:
[Tue Oct 01 22:26:53 2013]  ------------------------------------------------------------
[Tue Oct 01 22:26:54 2013]  ------------------------------------------------------------
[Tue Oct 01 22:26:54 2013]  InitGame: \g_siegeTeam2\none\g_siegeTeam1\none\g_jediVmerc\0\g_maxGameClients\0\g_noSpecMove\0\g_debugMelee\1\g_siegeRespawn\20\g_siegeTeamSwitch\1\g_forceRegenTime\0\g_forcePowerDisable\0\g_weaponDisable\0\g_allowNPC\1\bot_minplayers\0\sv_allowDownload\1\sv_floodProtect\0\sv_maxPing\0\sv_minPing\0\sv_maxRate\5000\sv_maxclients\32\sv_hostname\^3Darkquake's Makermod Server\g_duelWeaponDisable\65531\g_forceBasedTeams\0\duel_fraglimit\10\g_maxForceRank\7\g_saberLocking\1\g_privateDuel\1\capturelimit\0\timelimit\120\fraglimit\0\dmflags\0\version\(internal)JAmp: v1.0.1.0 win-x86 Oct 30 2003\g_maxHolocronCarry\3\g_gametype\0\g_needpass\0\protocol\26\mapname\t2_trip\sv_privateClients\0\g_stepSlideFix\1\gamename\MakerMod\g_saberWallDamageScale\0.4\bg_fighterAltControl\0\g_showDuelHealths\0
[Tue Oct 01 22:26:55 2013]  ClientConnect: 0
[Tue Oct 01 22:27:00 2013]  ClientBegin: 0
[Tue Oct 01 22:27:53 2013]  ShutdownGame:
[Tue Oct 01 22:27:53 2013]  ------------------------------------------------------------
[Tue Oct 01 22:27:53 2013]  ------------------------------------------------------------
[Tue Oct 01 22:27:53 2013]  InitGame: \g_siegeTeam2\none\g_siegeTeam1\none\g_jediVmerc\0\g_maxGameClients\0\g_noSpecMove\0\g_debugMelee\1\g_siegeRespawn\20\g_siegeTeamSwitch\1\g_forceRegenTime\0\g_forcePowerDisable\0\g_weaponDisable\0\g_allowNPC\1\bot_minplayers\0\sv_allowDownload\1\sv_floodProtect\0\sv_maxPing\0\sv_minPing\0\sv_maxRate\5000\sv_maxclients\32\sv_hostname\^3Darkquake's Makermod Server\g_duelWeaponDisable\65531\g_forceBasedTeams\0\duel_fraglimit\10\g_maxForceRank\7\g_saberLocking\1\g_privateDuel\1\capturelimit\0\timelimit\120\fraglimit\0\dmflags\0\version\(internal)JAmp: v1.0.1.0 win-x86 Oct 30 2003\g_maxHolocronCarry\3\g_gametype\0\g_needpass\0\protocol\26\mapname\t2_trip\sv_privateClients\0\g_stepSlideFix\1\gamename\MakerMod\g_saberWallDamageScale\0.4\bg_fighterAltControl\0\g_showDuelHealths\0
[Tue Oct 01 22:27:55 2013]  ClientConnect: 0
[Tue Oct 01 22:27:59 2013]  ClientBegin: 0
[Tue Oct 01 22:29:26 2013]  ShutdownGame:
[Tue Oct 01 22:29:26 2013]  ------------------------------------------------------------
[Tue Oct 01 22:29:26 2013]  ------------------------------------------------------------
[Tue Oct 01 22:29:26 2013]  InitGame: \g_siegeTeam2\none\g_siegeTeam1\none\g_jediVmerc\0\g_maxGameClients\0\g_noSpecMove\0\g_debugMelee\1\g_siegeRespawn\20\g_siegeTeamSwitch\1\g_forceRegenTime\0\g_forcePowerDisable\0\g_weaponDisable\0\g_allowNPC\1\bot_minplayers\0\sv_allowDownload\1\sv_floodProtect\0\sv_maxPing\0\sv_minPing\0\sv_maxRate\5000\sv_maxclients\32\sv_hostname\^3Darkquake's Makermod Server\g_duelWeaponDisable\65531\g_forceBasedTeams\0\duel_fraglimit\10\g_maxForceRank\7\g_saberLocking\1\g_privateDuel\1\capturelimit\0\timelimit\120\fraglimit\0\dmflags\0\version\(internal)JAmp: v1.0.1.0 win-x86 Oct 30 2003\g_maxHolocronCarry\3\g_gametype\0\g_needpass\0\protocol\26\mapname\t2_trip\sv_privateClients\0\g_stepSlideFix\1\gamename\MakerMod\g_saberWallDamageScale\0.4\bg_fighterAltControl\0\g_showDuelHealths\0
[Tue Oct 01 22:29:28 2013]  ClientConnect: 0
[Tue Oct 01 22:29:34 2013]  ClientBegin: 0
[Tue Oct 01 22:32:00 2013]  ShutdownGame:
[Tue Oct 01 22:32:00 2013]  ------------------------------------------------------------
[Tue Oct 01 22:32:01 2013]  ------------------------------------------------------------
[Tue Oct 01 22:32:01 2013]  InitGame: \g_siegeTeam2\none\g_siegeTeam1\none\g_jediVmerc\0\g_maxGameClients\0\g_noSpecMove\0\g_debugMelee\1\g_siegeRespawn\20\g_siegeTeamSwitch\1\g_forceRegenTime\0\g_forcePowerDisable\0\g_weaponDisable\0\g_allowNPC\1\bot_minplayers\0\sv_allowDownload\1\sv_floodProtect\0\sv_maxPing\0\sv_minPing\0\sv_maxRate\5000\sv_maxclients\32\sv_hostname\^3Darkquake's Makermod Server\g_duelWeaponDisable\65531\g_forceBasedTeams\0\duel_fraglimit\10\g_maxForceRank\7\g_saberLocking\1\g_privateDuel\1\capturelimit\0\timelimit\120\fraglimit\0\dmflags\0\version\(internal)JAmp: v1.0.1.0 win-x86 Oct 30 2003\g_maxHolocronCarry\3\g_gametype\0\g_needpass\0\protocol\26\mapname\mp/siege_desert\sv_privateClients\0\g_stepSlideFix\1\gamename\MakerMod\g_saberWallDamageScale\0.4\bg_fighterAltControl\0\g_showDuelHealths\0
[Tue Oct 01 22:32:02 2013]  ClientConnect: 0
[Tue Oct 01 22:32:06 2013]  ClientBegin: 0
[Tue Oct 01 22:33:20 2013]  ShutdownGame:
[Tue Oct 01 22:33:20 2013]  ------------------------------------------------------------
[Tue Oct 01 22:33:21 2013]  ------------------------------------------------------------
[Tue Oct 01 22:33:21 2013]  InitGame: \g_siegeTeam2\none\g_siegeTeam1\none\g_jediVmerc\0\g_maxGameClients\0\g_noSpecMove\0\g_debugMelee\1\g_siegeRespawn\20\g_siegeTeamSwitch\1\g_forceRegenTime\0\g_forcePowerDisable\0\g_weaponDisable\0\g_allowNPC\1\bot_minplayers\0\sv_allowDownload\1\sv_floodProtect\0\sv_maxPing\0\sv_minPing\0\sv_maxRate\5000\sv_maxclients\32\sv_hostname\^3Darkquake's Makermod Server\g_duelWeaponDisable\65531\g_forceBasedTeams\0\duel_fraglimit\10\g_maxForceRank\7\g_saberLocking\1\g_privateDuel\1\capturelimit\0\timelimit\120\fraglimit\0\dmflags\0\version\(internal)JAmp: v1.0.1.0 win-x86 Oct 30 2003\g_maxHolocronCarry\3\g_gametype\0\g_needpass\0\protocol\26\mapname\mp/siege_desert\sv_privateClients\0\g_stepSlideFix\1\gamename\MakerMod\g_saberWallDamageScale\0.4\bg_fighterAltControl\0\g_showDuelHealths\0
[Tue Oct 01 22:33:21 2013]  ClientConnect: 0
[Tue Oct 01 22:33:27 2013]  ClientBegin: 0
[Tue Oct 01 22:33:42 2013]  ShutdownGame:
[Tue Oct 01 22:33:42 2013]  ------------------------------------------------------------
[Tue Oct 01 22:33:43 2013]  ------------------------------------------------------------
[Tue Oct 01 22:33:43 2013]  InitGame: \g_siegeTeam2\none\g_siegeTeam1\none\g_jediVmerc\0\g_maxGameClients\0\g_noSpecMove\0\g_debugMelee\1\g_siegeRespawn\20\g_siegeTeamSwitch\1\g_forceRegenTime\0\g_forcePowerDisable\0\g_weaponDisable\0\g_allowNPC\1\bot_minplayers\0\sv_allowDownload\1\sv_floodProtect\0\sv_maxPing\0\sv_minPing\0\sv_maxRate\5000\sv_maxclients\32\sv_hostname\^3Darkquake's Makermod Server\g_duelWeaponDisable\65531\g_forceBasedTeams\0\duel_fraglimit\10\g_maxForceRank\7\g_saberLocking\1\g_privateDuel\1\capturelimit\0\timelimit\120\fraglimit\0\dmflags\0\version\(internal)JAmp: v1.0.1.0 win-x86 Oct 30 2003\g_maxHolocronCarry\3\g_gametype\0\g_needpass\0\protocol\26\mapname\t2_trip\sv_privateClients\0\g_stepSlideFix\1\gamename\MakerMod\g_saberWallDamageScale\0.4\bg_fighterAltControl\0\g_showDuelHealths\0
[Tue Oct 01 22:33:44 2013]  ClientConnect: 0
[Tue Oct 01 22:33:50 2013]  ClientBegin: 0
[Tue Oct 01 22:36:57 2013]  ClientDisconnect: 0
[Tue Oct 01 23:00:22 2013]  ClientConnect: 0
[Tue Oct 01 23:00:22 2013]  mlog:Player ^0ÐàrkQµàkè, connected. With IP - 192.168.1.3:29071 
[Tue Oct 01 23:00:49 2013]  ClientBegin: 0
[Tue Oct 01 23:02:17 2013]  ClientDisconnect: 0
[Tue Oct 01 23:02:24 2013]  ShutdownGame:
[Tue Oct 01 23:02:24 2013]  ------------------------------------------------------------
[Tue Oct 01 23:02:25 2013]  ------------------------------------------------------------
[Tue Oct 01 23:02:25 2013]  InitGame: \g_siegeTeam2\none\g_siegeTeam1\none\g_jediVmerc\0\g_maxGameClients\0\g_noSpecMove\0\g_debugMelee\1\g_siegeRespawn\20\g_siegeTeamSwitch\1\g_forceRegenTime\0\g_forcePowerDisable\0\g_weaponDisable\0\g_allowNPC\1\bot_minplayers\0\sv_allowDownload\1\sv_floodProtect\0\sv_maxPing\0\sv_minPing\0\sv_maxRate\5000\sv_maxclients\32\sv_hostname\^3Darkquake's Makermod Server\g_duelWeaponDisable\65531\g_forceBasedTeams\0\duel_fraglimit\10\g_maxForceRank\7\g_saberLocking\1\g_privateDuel\1\capturelimit\0\timelimit\120\fraglimit\0\dmflags\0\version\(internal)JAmp: v1.0.1.0 win-x86 Oct 30 2003\g_maxHolocronCarry\3\g_gametype\0\g_needpass\0\protocol\26\mapname\t2_trip\sv_privateClients\0\g_stepSlideFix\1\gamename\MakerMod\g_saberWallDamageScale\0.4\bg_fighterAltControl\0\g_showDuelHealths\0
[Wed Oct 02 01:02:24 2013]  Exit: Timelimit hit.
[Wed Oct 02 13:05:51 2013]  ClientConnect: 0
[Wed Oct 02 13:05:51 2013]  mlog:Player Padawan, connected. With IP - 46.39.244.66:-11486 
[Wed Oct 02 13:06:15 2013]  ClientBegin: 0
[Wed Oct 02 13:06:26 2013]  ShutdownGame:
[Wed Oct 02 13:06:26 2013]  ------------------------------------------------------------
