[Tue Oct 29 07:42:14 2013]  ------------------------------------------------------------
[Tue Oct 29 07:42:14 2013]  InitGame: \g_siegeTeam2\none\g_siegeTeam1\none\g_jediVmerc\0\g_maxGameClients\0\g_noSpecMove\0\g_debugMelee\1\g_siegeRespawn\20\g_siegeTeamSwitch\1\g_forceRegenTime\0\g_forcePowerDisable\0\g_weaponDisable\0\g_allowNPC\1\bot_minplayers\0\sv_allowDownload\1\sv_floodProtect\0\sv_maxPing\0\sv_minPing\0\sv_maxRate\5000\sv_maxclients\32\sv_hostname\^3Darkquake's Makermod Server\g_duelWeaponDisable\65531\g_forceBasedTeams\0\duel_fraglimit\10\g_maxForceRank\7\g_saberLocking\1\g_privateDuel\1\capturelimit\0\timelimit\120\fraglimit\0\dmflags\0\version\(internal)JAmp: v1.0.1.0 win-x86 Oct 30 2003\g_maxHolocronCarry\3\g_gametype\0\g_needpass\0\protocol\26\mapname\mp/siege_desert\sv_privateClients\0\g_stepSlideFix\1\gamename\MakerMod\g_saberWallDamageScale\0.4\bg_fighterAltControl\0\g_showDuelHealths\0
[Tue Oct 29 07:42:15 2013]  ClientConnect: 0
[Tue Oct 29 07:42:15 2013]  ClientConnect: 1
[Tue Oct 29 07:42:15 2013]  ClientConnect: 2
[Tue Oct 29 07:42:18 2013]  ClientBegin: 0
[Tue Oct 29 07:42:27 2013]  ClientBegin: 2
[Tue Oct 29 07:42:44 2013]  ClientBegin: 1
[Tue Oct 29 07:43:00 2013]  say: ^5Di^2Na^9Mi^4T: exec sor
[Tue Oct 29 07:45:03 2013]  Kill: 1 2 3: ^5Di^2Na^9Mi^4T killed ^3213121 by MOD_SABER
[Tue Oct 29 07:47:26 2013]  say: ^3213121: My origin is: (-9067 9 -109) - You can teleport here with /mtelelast

[Tue Oct 29 07:49:51 2013]  ClientConnect: 3
[Tue Oct 29 07:49:51 2013]  mlog:Player ^4|^0EK^4|^7E^0itani^4[^0J^4], connected. With IP - 174.64.177.102:29070 
[Tue Oct 29 07:50:10 2013]  ClientBegin: 3
[Tue Oct 29 07:50:29 2013]  Kill: 1 0 3: ^5Di^2Na^9Mi^4T killed ^6Pinkie Bot^7 by MOD_SABER
[Tue Oct 29 07:50:41 2013]  say: ^5Di^2Na^9Mi^4T: hello
[Tue Oct 29 07:50:44 2013]  say: ^7E^0itani: hi
[Tue Oct 29 07:50:47 2013]  say: ^5Di^2Na^9Mi^4T: rus?
[Tue Oct 29 07:50:53 2013]  say: ^7E^0itani: no
[Tue Oct 29 07:50:55 2013]  say: ^7E^0itani: american
[Tue Oct 29 07:51:23 2013]  say: ^5Di^2Na^9Mi^4T: skin
[Tue Oct 29 07:51:27 2013]  say: ^7E^0itani: ?
[Tue Oct 29 07:54:42 2013]  Kill: 1 2 3: ^5Di^2Na^9Mi^4T killed ^3213121 by MOD_SABER
[Tue Oct 29 07:55:02 2013]  say: ^5Di^2Na^9Mi^4T: My origin is: (-7823 -1687 80) - You can teleport here with /mtelelast

[Tue Oct 29 07:55:05 2013]  say: ^7E^0itani: oop
[Tue Oct 29 07:55:09 2013]  say: ^7E^0itani: sry
[Tue Oct 29 07:55:14 2013]  say: ^3213121: My origin is: (11026 418 -487) - You can teleport here with /mtelelast

[Tue Oct 29 07:55:15 2013]  Kill: 1022 3 0: <world> killed ^7E^0itani by MOD_UNKNOWN
[Tue Oct 29 07:56:46 2013]  Kill: 3 0 2: ^7E^0itani killed ^6Pinkie Bot^7 by MOD_MELEE
[Tue Oct 29 07:57:15 2013]  say: ^3213121: My origin is: (8996 -628 -440) - You can teleport here with /mtelelast

[Tue Oct 29 07:57:29 2013]  say: ^7E^0itani: lolwth?
[Tue Oct 29 07:59:02 2013]  ClientDisconnect: 1
[Tue Oct 29 07:59:16 2013]  ClientDisconnect: 2
[Tue Oct 29 07:59:17 2013]  Kill: 3 0 3: ^7E^0itani killed ^6Pinkie Bot^7 by MOD_SABER
[Tue Oct 29 07:59:23 2013]  ClientDisconnect: 3
[Tue Oct 29 09:25:41 2013]  ClientConnect: 1
[Tue Oct 29 09:25:41 2013]  mlog:Player Hake'ukesodan, connected. With IP - 149.254.181.212:19946 
[Tue Oct 29 09:26:41 2013]  ClientBegin: 1
[Tue Oct 29 09:28:27 2013]  say: Hake'ukesohan: ^1Combat ^0Script V1.1 By ^0Jawa Hunter
[Tue Oct 29 09:28:27 2013]  say: Hake'ukesohan: ^0ARG!!!!! 
[Tue Oct 29 09:29:19 2013]  say: Hake'ukesohan: pinkie bot
[Tue Oct 29 09:29:45 2013]  Kill: 1 0 31: Hake'ukesohan killed ^6Pinkie Bot^7 by MOD_FORCE_DARK
[Tue Oct 29 09:30:38 2013]  ClientDisconnect: 1
[Tue Oct 29 09:42:14 2013]  Exit: Timelimit hit.
[Tue Oct 29 09:42:14 2013]  score: 0  ping: 50  client: 0 ^6Pinkie Bot^7
[Tue Oct 29 14:15:10 2013]  ------------------------------------------------------------
[Tue Oct 29 14:15:10 2013]  InitGame: \dmflags\0\fraglimit\0\timelimit\120\capturelimit\0\g_privateDuel\1\g_saberLocking\1\g_maxForceRank\7\duel_fraglimit\10\g_forceBasedTeams\0\g_duelWeaponDisable\65531\sv_hostname\^3Darkquake's Makermod Server\sv_maxclients\32\sv_maxRate\5000\sv_minPing\0\sv_maxPing\0\sv_floodProtect\0\sv_allowDownload\1\g_allowNPC\1\g_weaponDisable\0\g_forcePowerDisable\0\g_forceRegenTime\1\g_siegeTeamSwitch\1\g_siegeRespawn\20\g_debugMelee\1\g_noSpecMove\0\g_maxGameClients\0\g_jediVmerc\0\g_siegeTeam1\none\g_siegeTeam2\none\version\(internal)JAmp: v1.0.1.0 win-x86 Oct 30 2003\g_maxHolocronCarry\3\g_gametype\0\g_needpass\0\protocol\26\mapname\t2_trip\sv_privateClients\0\g_stepSlideFix\1\gamename\MakerMod\g_saberWallDamageScale\0.4\bg_fighterAltControl\0\g_showDuelHealths\0
[Tue Oct 29 15:48:50 2013]  ------------------------------------------------------------
[Tue Oct 29 15:48:50 2013]  InitGame: \g_siegeTeam2\none\g_siegeTeam1\none\g_jediVmerc\0\g_maxGameClients\0\g_noSpecMove\0\g_debugMelee\1\g_siegeRespawn\20\g_siegeTeamSwitch\1\g_forceRegenTime\1\g_forcePowerDisable\0\g_weaponDisable\0\g_allowNPC\1\sv_allowDownload\1\sv_floodProtect\0\sv_maxPing\0\sv_minPing\0\sv_maxRate\5000\sv_maxclients\32\sv_hostname\^3Darkquake's Makermod Server\g_duelWeaponDisable\65531\g_forceBasedTeams\0\duel_fraglimit\10\g_maxForceRank\7\g_saberLocking\1\g_privateDuel\1\capturelimit\0\timelimit\120\fraglimit\0\dmflags\0\version\(internal)JAmp: v1.0.1.0 win-x86 Oct 30 2003\g_maxHolocronCarry\3\g_gametype\0\g_needpass\0\protocol\26\mapname\t2_trip\sv_privateClients\0\g_stepSlideFix\1\gamename\MakerMod\g_saberWallDamageScale\0.4\bg_fighterAltControl\0\g_showDuelHealths\0
[Tue Oct 29 15:48:54 2013]  ClientConnect: 0
[Tue Oct 29 15:48:54 2013]  mlog:Player ^6Pinkie Bot^7, connected. With IP - 79.100.96.163:29072 
[Tue Oct 29 15:48:58 2013]  ClientBegin: 0
[Tue Oct 29 17:11:31 2013]  ClientConnect: 1
[Tue Oct 29 17:11:31 2013]  mlog:Player ^0Fire^2fox, connected. With IP - 85.173.64.84:29070 
[Tue Oct 29 17:11:56 2013]  ClientBegin: 1
[Tue Oct 29 17:17:03 2013]  ClientDisconnect: 1
[Tue Oct 29 17:45:53 2013]  ClientConnect: 1
[Tue Oct 29 17:45:53 2013]  mlog:Player Padawan, connected. With IP - 201.223.147.2:29070 
[Tue Oct 29 17:47:42 2013]  ClientDisconnect: 1
[Tue Oct 29 17:48:44 2013]  Exit: Timelimit hit.
[Tue Oct 29 17:48:44 2013]  score: 0  ping: 70  client: 0 ^6Pinkie Bot^7
[Tue Oct 29 18:30:32 2013]  ClientConnect: 1
[Tue Oct 29 18:30:32 2013]  mlog:Player blacksun, connected. With IP - 71.178.250.72:29070 
[Tue Oct 29 18:30:46 2013]  ClientBegin: 1
[Tue Oct 29 18:30:59 2013]  ShutdownGame:
[Tue Oct 29 18:30:59 2013]  ------------------------------------------------------------
[Tue Oct 29 18:31:00 2013]  ------------------------------------------------------------
[Tue Oct 29 18:31:00 2013]  InitGame: \g_siegeTeam2\none\g_siegeTeam1\none\g_jediVmerc\0\g_maxGameClients\0\g_noSpecMove\0\g_debugMelee\1\g_siegeRespawn\20\g_siegeTeamSwitch\1\g_forceRegenTime\0\g_forcePowerDisable\0\g_weaponDisable\0\g_allowNPC\1\bot_minplayers\0\sv_allowDownload\1\sv_floodProtect\0\sv_maxPing\0\sv_minPing\0\sv_maxRate\5000\sv_maxclients\32\sv_hostname\^3Darkquake's Makermod Server\g_duelWeaponDisable\65531\g_forceBasedTeams\0\duel_fraglimit\10\g_maxForceRank\7\g_saberLocking\1\g_privateDuel\1\capturelimit\0\timelimit\120\fraglimit\0\dmflags\0\version\(internal)JAmp: v1.0.1.0 win-x86 Oct 30 2003\g_maxHolocronCarry\3\g_gametype\0\g_needpass\0\protocol\26\mapname\mp/siege_desert\sv_privateClients\0\g_stepSlideFix\1\gamename\MakerMod\g_saberWallDamageScale\0.4\bg_fighterAltControl\0\g_showDuelHealths\0
[Tue Oct 29 18:31:01 2013]  ClientConnect: 0
[Tue Oct 29 18:31:01 2013]  ClientConnect: 1
[Tue Oct 29 18:31:03 2013]  ClientBegin: 0
[Tue Oct 29 18:33:10 2013]  ClientDisconnect: 1
[Tue Oct 29 20:05:30 2013]  ClientConnect: 1
[Tue Oct 29 20:05:30 2013]  mlog:Player newcomer, connected. With IP - 37.204.196.173:29070 
[Tue Oct 29 20:06:20 2013]  ClientBegin: 1
[Tue Oct 29 20:08:09 2013]  Item: 1 weapon_melee
[Tue Oct 29 20:26:34 2013]  ClientDisconnect: 1
[Tue Oct 29 20:30:59 2013]  Exit: Timelimit hit.
[Tue Oct 29 20:30:59 2013]  score: 0  ping: 68  client: 0 ^6Pinkie Bot^7
[Tue Oct 29 21:27:01 2013]  ClientConnect: 1
[Tue Oct 29 21:27:01 2013]  mlog:Player ^0Krack ^33000#, connected. With IP - 86.182.62.203:29070 
[Tue Oct 29 21:27:33 2013]  ClientBegin: 1
[Tue Oct 29 21:27:55 2013]  ShutdownGame:
[Tue Oct 29 21:27:55 2013]  ------------------------------------------------------------
[Tue Oct 29 21:27:56 2013]  ------------------------------------------------------------
[Tue Oct 29 21:27:56 2013]  InitGame: \g_siegeTeam2\none\g_siegeTeam1\none\g_jediVmerc\0\g_maxGameClients\0\g_noSpecMove\0\g_debugMelee\1\g_siegeRespawn\20\g_siegeTeamSwitch\1\g_forceRegenTime\0\g_forcePowerDisable\0\g_weaponDisable\0\g_allowNPC\1\bot_minplayers\0\sv_allowDownload\1\sv_floodProtect\0\sv_maxPing\0\sv_minPing\0\sv_maxRate\5000\sv_maxclients\32\sv_hostname\^3Darkquake's Makermod Server\g_duelWeaponDisable\65531\g_forceBasedTeams\0\duel_fraglimit\10\g_maxForceRank\7\g_saberLocking\1\g_privateDuel\1\capturelimit\0\timelimit\120\fraglimit\0\dmflags\0\version\(internal)JAmp: v1.0.1.0 win-x86 Oct 30 2003\g_maxHolocronCarry\3\g_gametype\0\g_needpass\0\protocol\26\mapname\t2_trip\sv_privateClients\0\g_stepSlideFix\1\gamename\MakerMod\g_saberWallDamageScale\0.4\bg_fighterAltControl\0\g_showDuelHealths\0
[Tue Oct 29 21:27:57 2013]  ClientConnect: 0
[Tue Oct 29 21:27:57 2013]  ClientConnect: 1
[Tue Oct 29 21:28:05 2013]  ClientBegin: 0
[Tue Oct 29 21:28:21 2013]  ClientBegin: 1
[Tue Oct 29 21:28:40 2013]  print "^3^0Darth^8 ^7Clac^8k^7 @@@PLRENAME ^3^0Darth^8 ^7Clac^8k DL
"[Tue Oct 29 21:28:45 2013]  Kill: 1 0 3: ^3^0Darth^8 ^7Clac^8k DL killed ^6Pinkie Bot^7 by MOD_SABER
[Tue Oct 29 21:29:12 2013]  say: ^3^0Darth^8 ^7Clac^8k DL: you were strong but you cannot defeat me!
[Tue Oct 29 21:30:35 2013]  say: ^3^0Darth^8 ^7Clac^8k DL: klill
[Tue Oct 29 21:30:38 2013]  Kill: 1 1 39: ^3^0Darth^8 ^7Clac^8k DL killed ^3^0Darth^8 ^7Clac^8k DL by MOD_SUICIDE
[Tue Oct 29 21:31:01 2013]  Kill: 1 0 3: ^3^0Darth^8 ^7Clac^8k DL killed ^6Pinkie Bot^7 by MOD_SABER
[Tue Oct 29 21:31:06 2013]  say: ^3^0Darth^8 ^7Clac^8k DL: you were strong but you cannot defeat me!
[Tue Oct 29 21:33:10 2013]  say: ^3^0Darth^8 ^7Clac^8k DL: ^2X^1D
[Tue Oct 29 21:33:46 2013]  Kill: 1 0 3: ^3^0Darth^8 ^7Clac^8k DL killed ^6Pinkie Bot^7 by MOD_SABER
[Tue Oct 29 21:33:49 2013]  say: ^3^0Darth^8 ^7Clac^8k DL: you were strong but you cannot defeat me!
[Tue Oct 29 21:35:59 2013]  Kill: 1 0 3: ^3^0Darth^8 ^7Clac^8k DL killed ^6Pinkie Bot^7 by MOD_SABER
[Tue Oct 29 21:36:07 2013]  say: ^3^0Darth^8 ^7Clac^8k DL: you were strong but you cannot defeat me!
[Tue Oct 29 21:36:42 2013]  say: ^3^0Darth^8 ^7Clac^8k DL: hehe if u wonder what ^0DL means it means DARK LORD
[Tue Oct 29 21:36:59 2013]  say: ^3^0Darth^8 ^7Clac^8k DL: there are only 2  price of death QUAKE
[Tue Oct 29 21:37:02 2013]  ClientDisconnect: 1
[Tue Oct 29 23:27:55 2013]  Exit: Timelimit hit.
[Tue Oct 29 23:27:55 2013]  score: 0  ping: 61  client: 0 ^6Pinkie Bot^7
[Wed Oct 30 06:42:43 2013]  ClientConnect: 1
[Wed Oct 30 06:42:43 2013]  mlog:Player maxim, connected. With IP - 46.39.248.67:-6264 
[Wed Oct 30 06:43:08 2013]  ClientBegin: 1
[Wed Oct 30 06:43:20 2013]  ShutdownGame:
[Wed Oct 30 06:43:20 2013]  ------------------------------------------------------------
