[Thu Oct 03 12:28:48 2013]  ------------------------------------------------------------
[Thu Oct 03 12:28:48 2013]  InitGame: \dmflags\0\fraglimit\0\timelimit\120\capturelimit\0\g_privateDuel\1\g_saberLocking\1\g_maxForceRank\7\duel_fraglimit\10\g_forceBasedTeams\0\g_duelWeaponDisable\65531\sv_hostname\^3Darkquake's Makermod Server\sv_maxclients\32\sv_maxRate\5000\sv_minPing\0\sv_maxPing\0\sv_floodProtect\0\sv_allowDownload\1\g_allowNPC\1\g_weaponDisable\0\g_forcePowerDisable\0\g_forceRegenTime\1\g_siegeTeamSwitch\1\g_siegeRespawn\20\g_debugMelee\1\g_noSpecMove\0\g_maxGameClients\0\g_jediVmerc\0\g_siegeTeam1\none\g_siegeTeam2\none\version\(internal)JAmp: v1.0.1.0 win-x86 Oct 30 2003\g_maxHolocronCarry\3\g_gametype\0\g_needpass\0\protocol\26\mapname\t2_trip\sv_privateClients\0\g_stepSlideFix\1\gamename\MakerMod\g_saberWallDamageScale\0.4\bg_fighterAltControl\0\g_showDuelHealths\0
[Thu Oct 03 13:47:20 2013]  ClientConnect: 0
[Thu Oct 03 13:47:20 2013]  mlog:Player Altair Karon, connected. With IP - 89.145.152.30:29070 
[Thu Oct 03 13:47:43 2013]  ClientBegin: 0
[Thu Oct 03 14:28:42 2013]  Exit: Timelimit hit.
[Thu Oct 03 14:28:42 2013]  score: 0  ping: 999  client: 0 Altair Karon
[Thu Oct 03 14:46:36 2013]  setteam:  0 FREE SPECTATOR
[Thu Oct 03 14:46:36 2013]  ClientBegin: 0
[Thu Oct 03 16:00:08 2013]  ClientConnect: 1
[Thu Oct 03 16:00:08 2013]  mlog:Player Padawan, connected. With IP - 46.39.244.66:-4381 
[Thu Oct 03 16:00:33 2013]  ClientBegin: 1
[Thu Oct 03 16:00:42 2013]  say: maxim: jgf
[Thu Oct 03 16:00:46 2013]  say: maxim: опа
[Thu Oct 03 16:00:53 2013]  ShutdownGame:
[Thu Oct 03 16:00:53 2013]  ------------------------------------------------------------
[Thu Oct 03 16:00:54 2013]  ------------------------------------------------------------
[Thu Oct 03 16:00:54 2013]  InitGame: \dmflags\0\fraglimit\0\timelimit\120\capturelimit\0\g_privateDuel\1\g_saberLocking\1\g_maxForceRank\7\duel_fraglimit\10\g_forceBasedTeams\0\g_duelWeaponDisable\65531\sv_hostname\^3Darkquake's Makermod Server\sv_maxclients\32\sv_maxRate\5000\sv_minPing\0\sv_maxPing\0\sv_floodProtect\0\sv_allowDownload\1\bot_minplayers\0\g_allowNPC\1\g_weaponDisable\0\g_forcePowerDisable\0\g_forceRegenTime\0\g_siegeTeamSwitch\1\g_siegeRespawn\20\g_debugMelee\1\g_noSpecMove\0\g_maxGameClients\0\g_jediVmerc\0\g_siegeTeam1\none\g_siegeTeam2\none\version\(internal)JAmp: v1.0.1.0 win-x86 Oct 30 2003\g_maxHolocronCarry\3\g_gametype\0\g_needpass\0\protocol\26\mapname\mp/siege_desert\sv_privateClients\0\g_stepSlideFix\1\gamename\MakerMod\g_saberWallDamageScale\0.4\bg_fighterAltControl\0\g_showDuelHealths\0
[Thu Oct 03 16:00:55 2013]  ClientConnect: 0
[Thu Oct 03 16:00:55 2013]  ClientConnect: 1
[Thu Oct 03 16:01:06 2013]  ClientBegin: 1
[Thu Oct 03 16:02:35 2013]  ClientDisconnect: 0
[Thu Oct 03 16:02:35 2013]  ClientConnect: 0
[Thu Oct 03 16:02:35 2013]  mlog:Player Altair Karon, connected. With IP - 89.145.152.30:29070 
[Thu Oct 03 16:02:45 2013]  say: maxim: опа какие люди
[Thu Oct 03 16:03:09 2013]  ClientBegin: 0
[Thu Oct 03 16:03:22 2013]  say: maxim: че делал 1?
[Thu Oct 03 16:03:33 2013]  say: Altair Karon: ehjrb
[Thu Oct 03 16:03:37 2013]  say: Altair Karon: уроки
[Thu Oct 03 16:03:45 2013]  say: maxim: мм
[Thu Oct 03 16:03:51 2013]  say: maxim: а тебе скок лет?
[Thu Oct 03 16:03:56 2013]  say: Altair Karon: 15
[Thu Oct 03 16:04:02 2013]  say: maxim: мну 13
[Thu Oct 03 16:04:15 2013]  say: Altair Karon: я знаю
[Thu Oct 03 16:04:17 2013]  ClientConnect: 2
[Thu Oct 03 16:04:17 2013]  mlog:Player ^7»^0Exo^1Р^0us^7«, connected. With IP - 64.111.247.110:29070 
[Thu Oct 03 16:04:22 2013]  say: maxim: как?
[Thu Oct 03 16:04:33 2013]  say: Altair Karon: у меня криминальный ум
[Thu Oct 03 16:04:42 2013]  say: Altair Karon: helpusobi 1
[Thu Oct 03 16:04:45 2013]  say: maxim: врешь на самом деле мне 11
[Thu Oct 03 16:04:51 2013]  ClientBegin: 2
[Thu Oct 03 16:05:09 2013]  say: Altair Karon: ns ult
[Thu Oct 03 16:05:15 2013]  say: Altair Karon: т где
[Thu Oct 03 16:05:33 2013]  say: maxim: нажми /mtelesp
[Thu Oct 03 16:06:40 2013]  say: Altair Karon: Эй 
[Thu Oct 03 16:07:13 2013]  Kill: 0 2 3: Altair Karon killed ^7»^0Exo^1Р^0us^7« by MOD_SABER
[Thu Oct 03 16:07:54 2013]  say: Altair Karon: давай подеремся
[Thu Oct 03 16:08:50 2013]  say: maxim: хахах
[Thu Oct 03 16:09:34 2013]  say: Altair Karon: yf vtxf[
[Thu Oct 03 16:09:44 2013]  say: maxim: встань суда
[Thu Oct 03 16:09:48 2013]  say: maxim: тут баг
[Thu Oct 03 16:09:51 2013]  say: maxim: смари
[Thu Oct 03 16:09:55 2013]  say: maxim: встань
[Thu Oct 03 16:10:02 2013]  say: maxim: ну
[Thu Oct 03 16:10:26 2013]  say: Altair Karon: я тебя на атомы щас пидарасить буду
[Thu Oct 03 16:10:30 2013]  Kill: 1022 0 0: <world> killed Altair Karon by MOD_UNKNOWN
[Thu Oct 03 16:10:34 2013]  say: maxim: хаха
[Thu Oct 03 16:10:43 2013]  Kill: 2 1 0: ^7»^0Exo^1Р^0us^7« killed maxim by MOD_UNKNOWN
[Thu Oct 03 16:10:51 2013]  say: maxim: /god
[Thu Oct 03 16:10:56 2013]  Kill: 0 1 3: Altair Karon killed maxim by MOD_SABER
[Thu Oct 03 16:10:57 2013]  say: ^7»^0Exo^1Р^0us^7«: lol.
[Thu Oct 03 16:11:06 2013]  say: ^7»^0Exo^1Р^0us^7«: /god is nothing to this attack :P
[Thu Oct 03 16:11:52 2013]  Kill: 1022 1 0: <world> killed maxim by MOD_UNKNOWN
[Thu Oct 03 16:11:56 2013]  Kill: 2 0 0: ^7»^0Exo^1Р^0us^7« killed Altair Karon by MOD_UNKNOWN
[Thu Oct 03 16:12:09 2013]  say: Altair Karon: мочи парпазита
[Thu Oct 03 16:12:19 2013]  say: maxim: го туда за мной
[Thu Oct 03 16:12:31 2013]  Kill: 1022 0 0: <world> killed Altair Karon by MOD_UNKNOWN
[Thu Oct 03 16:12:42 2013]  say: maxim: ходи всегда в ноцлип
[Thu Oct 03 16:13:41 2013]  ClientDisconnect: 1
[Thu Oct 03 16:13:45 2013]  Kill: 2 0 0: ^7»^0Exo^1Р^0us^7« killed Altair Karon by MOD_UNKNOWN
[Thu Oct 03 16:13:46 2013]  ClientConnect: 1
[Thu Oct 03 16:13:46 2013]  mlog:Player maxim, connected. With IP - 46.39.244.66:-4381 
[Thu Oct 03 16:13:53 2013]  ClientBegin: 1
[Thu Oct 03 16:14:29 2013]  say: maxim: го нп
[Thu Oct 03 16:14:54 2013]  say: maxim: го на сервер фуриус маркер мод помнишь в прошлый раз
[Thu Oct 03 16:15:26 2013]  say: Altair Karon: ты иди я потом тебя найду  и зайду
[Thu Oct 03 16:15:30 2013]  ClientDisconnect: 0
[Thu Oct 03 16:15:32 2013]  say: maxim: jr
[Thu Oct 03 16:15:34 2013]  say: maxim: ок
[Thu Oct 03 16:15:36 2013]  ClientDisconnect: 1
[Thu Oct 03 16:15:58 2013]  ClientConnect: 0
[Thu Oct 03 16:15:58 2013]  mlog:Player Altair Karon, connected. With IP - 89.145.152.30:29070 
[Thu Oct 03 16:16:06 2013]  ClientBegin: 0
[Thu Oct 03 16:16:21 2013]  ClientDisconnect: 0
[Thu Oct 03 16:16:47 2013]  print "^7»^0Exo^1Р^0us^7«^7 @@@PLRENAME ^7?55
"[Thu Oct 03 16:16:53 2013]  print "^7?55^7 @@@PLRENAME ^7 
"[Thu Oct 03 16:17:21 2013]  say: ^7 : ^0Black^1dragon^3 ^7Beginning ^3script by ^1THE ^7»^0Exo^1Р^0us^7«^3!!
[Thu Oct 03 16:17:47 2013]  print "^7 ^7 @@@PLRENAME ^8Mine125
"[Thu Oct 03 16:23:11 2013]  print "^8Mine125^7 @@@PLRENAME ^7 
"[Thu Oct 03 16:23:21 2013]  print "^7 ^7 @@@PLRENAME ^8Mine125
"[Thu Oct 03 16:23:29 2013]  ClientDisconnect: 2
[Thu Oct 03 17:19:14 2013]  ClientConnect: 0
[Thu Oct 03 17:19:14 2013]  mlog:Player ^7»^0Exo^1Р^0us^7«, connected. With IP - 64.111.247.110:29070 
[Thu Oct 03 17:19:31 2013]  ClientBegin: 0
[Thu Oct 03 17:25:20 2013]  ClientDisconnect: 0
[Thu Oct 03 18:00:53 2013]  Exit: Timelimit hit.
[Thu Oct 03 19:23:15 2013]  ClientConnect: 0
[Thu Oct 03 19:23:15 2013]  mlog:Player ^0D^6o^0c^6t^0o^6rClack300, connected. With IP - 109.152.1.113:29070 
[Thu Oct 03 19:23:35 2013]  ClientBegin: 0
[Thu Oct 03 19:25:02 2013]  print "^4^0Darth^1 Racto^1 Sw^7 @@@PLRENAME ^0D^6o^0c^0^6t^0o^6rEX3000
"[Thu Oct 03 19:25:10 2013]  ShutdownGame:
[Thu Oct 03 19:25:10 2013]  ------------------------------------------------------------
[Thu Oct 03 19:25:10 2013]  ------------------------------------------------------------
[Thu Oct 03 19:25:10 2013]  InitGame: \dmflags\0\fraglimit\0\timelimit\120\capturelimit\0\g_privateDuel\1\g_saberLocking\1\g_maxForceRank\7\duel_fraglimit\10\g_forceBasedTeams\0\g_duelWeaponDisable\65531\sv_hostname\^3Darkquake's Makermod Server\sv_maxclients\32\sv_maxRate\5000\sv_minPing\0\sv_maxPing\0\sv_floodProtect\0\sv_allowDownload\1\bot_minplayers\0\g_allowNPC\1\g_weaponDisable\0\g_forcePowerDisable\0\g_forceRegenTime\0\g_siegeTeamSwitch\1\g_siegeRespawn\20\g_debugMelee\1\g_noSpecMove\0\g_maxGameClients\0\g_jediVmerc\0\g_siegeTeam1\none\g_siegeTeam2\none\version\(internal)JAmp: v1.0.1.0 win-x86 Oct 30 2003\g_maxHolocronCarry\3\g_gametype\0\g_needpass\0\protocol\26\mapname\t2_trip\sv_privateClients\0\g_stepSlideFix\1\gamename\MakerMod\g_saberWallDamageScale\0.4\bg_fighterAltControl\0\g_showDuelHealths\0
[Thu Oct 03 19:25:12 2013]  ClientConnect: 0
[Thu Oct 03 19:25:32 2013]  ClientBegin: 0
[Thu Oct 03 19:29:30 2013]  Kill: 0 0 39: ^0D^6o^0c^0^6t^0o^6rEX3000 killed ^0D^6o^0c^0^6t^0o^6rEX3000 by MOD_SUICIDE
[Thu Oct 03 19:29:30 2013]  setteam:  0 FREE SPECTATOR
[Thu Oct 03 19:29:30 2013]  ClientBegin: 0
[Thu Oct 03 19:29:39 2013]  setteam:  0 SPECTATOR FREE
[Thu Oct 03 19:29:39 2013]  ClientBegin: 0
[Thu Oct 03 19:29:45 2013]  Kill: 0 0 39: ^0D^6o^0c^0^6t^0o^6rEX3000 killed ^0D^6o^0c^0^6t^0o^6rEX3000 by MOD_SUICIDE
[Thu Oct 03 19:53:52 2013]  ClientDisconnect: 0
[Thu Oct 03 21:25:09 2013]  Exit: Timelimit hit.
[Thu Oct 03 22:02:46 2013]  ClientConnect: 0
[Thu Oct 03 22:02:46 2013]  mlog:Player ^5»^0SK^5|||^0WШLF^5«^0™, connected. With IP - 177.138.47.141:7153 
[Thu Oct 03 22:04:08 2013]  ClientBegin: 0
[Thu Oct 03 22:04:08 2013]  say: ^5»^0SK^5|||^0WШLF^5«^0™: ^1Boba^0Fett's ^3Ultra Utility ^7v3 ^5Beta 17a ^7- ^5U^7ltra^7-^5U^7tility^5.^7com
[Thu Oct 03 22:04:18 2013]  ShutdownGame:
[Thu Oct 03 22:04:18 2013]  ------------------------------------------------------------
[Thu Oct 03 22:04:18 2013]  ------------------------------------------------------------
[Thu Oct 03 22:04:18 2013]  InitGame: \dmflags\0\fraglimit\0\timelimit\120\capturelimit\0\g_privateDuel\1\g_saberLocking\1\g_maxForceRank\7\duel_fraglimit\10\g_forceBasedTeams\0\g_duelWeaponDisable\65531\sv_hostname\^3Darkquake's Makermod Server\sv_maxclients\32\sv_maxRate\5000\sv_minPing\0\sv_maxPing\0\sv_floodProtect\0\sv_allowDownload\1\bot_minplayers\0\g_allowNPC\1\g_weaponDisable\0\g_forcePowerDisable\0\g_forceRegenTime\0\g_siegeTeamSwitch\1\g_siegeRespawn\20\g_debugMelee\1\g_noSpecMove\0\g_maxGameClients\0\g_jediVmerc\0\g_siegeTeam1\none\g_siegeTeam2\none\version\(internal)JAmp: v1.0.1.0 win-x86 Oct 30 2003\g_maxHolocronCarry\3\g_gametype\0\g_needpass\0\protocol\26\mapname\mp/siege_desert\sv_privateClients\0\g_stepSlideFix\1\gamename\MakerMod\g_saberWallDamageScale\0.4\bg_fighterAltControl\0\g_showDuelHealths\0
[Thu Oct 03 22:04:19 2013]  ClientConnect: 0
[Thu Oct 03 22:04:53 2013]  ClientBegin: 0
[Thu Oct 03 22:04:54 2013]  say: ^5»^0SK^5|||^0WШLF^5«^0™: ^1Boba^0Fett's ^3Ultra Utility ^7v3 ^5Beta 17a ^7- ^5U^7ltra^7-^5U^7tility^5.^7com
[Thu Oct 03 22:08:17 2013]  Kill: 1022 0 2: <world> killed ^5»^0SK^5|||^0WШLF^5«^0™ by MOD_MELEE
[Thu Oct 03 22:22:17 2013]  say: ^5»^0SK^5|||^0WШLF^5«^0™: !chatstyle 0
[Thu Oct 03 22:22:17 2013]  say: ^5»^0SK^5|||^0WШLF^5«^0™: ^0Chatstyles ^7- ^0Chatstyle set to ^5^2»^0SK^2|||^0WШLF^2«^0™
[Thu Oct 03 22:22:17 2013]  ClientDisconnect: 0
[Fri Oct 04 00:04:17 2013]  Exit: Timelimit hit.
[Fri Oct 04 09:34:34 2013]  ClientConnect: 0
[Fri Oct 04 09:34:34 2013]  mlog:Player Altair Karon, connected. With IP - 89.145.152.30:29070 
[Fri Oct 04 09:34:50 2013]  ClientBegin: 0
[Fri Oct 04 09:34:52 2013]  setteam:  0 FREE SPECTATOR
[Fri Oct 04 09:34:52 2013]  ClientBegin: 0
[Fri Oct 04 09:34:52 2013]  ShutdownGame:
[Fri Oct 04 09:34:52 2013]  ------------------------------------------------------------
