[Sun Oct 13 06:28:30 2013]  ------------------------------------------------------------
[Sun Oct 13 06:28:30 2013]  InitGame: \g_siegeTeam2\none\g_siegeTeam1\none\g_jediVmerc\0\g_maxGameClients\0\g_noSpecMove\0\g_debugMelee\1\g_siegeRespawn\20\g_siegeTeamSwitch\1\g_forceRegenTime\0\g_forcePowerDisable\0\g_weaponDisable\0\g_allowNPC\1\bot_minplayers\0\sv_allowDownload\1\sv_floodProtect\0\sv_maxPing\0\sv_minPing\0\sv_maxRate\5000\sv_maxclients\32\sv_hostname\^3Darkquake's Makermod Server\g_duelWeaponDisable\65531\g_forceBasedTeams\0\duel_fraglimit\10\g_maxForceRank\7\g_saberLocking\1\g_privateDuel\1\capturelimit\0\timelimit\120\fraglimit\0\dmflags\0\version\(internal)JAmp: v1.0.1.0 win-x86 Oct 30 2003\g_maxHolocronCarry\3\g_gametype\0\g_needpass\0\protocol\26\mapname\t2_trip\sv_privateClients\0\g_stepSlideFix\1\gamename\MakerMod\g_saberWallDamageScale\0.4\bg_fighterAltControl\0\g_showDuelHealths\0
[Sun Oct 13 06:28:32 2013]  ClientConnect: 0
[Sun Oct 13 06:28:48 2013]  ClientBegin: 0
[Sun Oct 13 06:30:58 2013]  ClientDisconnect: 0
[Sun Oct 13 06:32:20 2013]  ClientConnect: 0
[Sun Oct 13 06:32:20 2013]  mlog:Player Dark, connected. With IP - 217.118.91.43:30935 
[Sun Oct 13 06:32:45 2013]  ClientBegin: 0
[Sun Oct 13 06:33:41 2013]  Kill: 0 0 39: Dark killed Dark by MOD_SUICIDE
[Sun Oct 13 06:34:11 2013]  Item: 0 weapon_blaster
[Sun Oct 13 06:40:35 2013]  Item: 0 weapon_blaster
[Sun Oct 13 06:48:39 2013]  say: Dark: dog
[Sun Oct 13 07:00:11 2013]  Kill: 0 0 39: Dark killed Dark by MOD_SUICIDE
[Sun Oct 13 07:07:42 2013]  ClientDisconnect: 0
[Sun Oct 13 08:09:35 2013]  ClientConnect: 0
[Sun Oct 13 08:09:35 2013]  mlog:Player maxim, connected. With IP - 46.39.244.66:-10754 
[Sun Oct 13 08:10:00 2013]  ClientBegin: 0
[Sun Oct 13 08:14:38 2013]  ClientDisconnect: 0
[Sun Oct 13 08:28:29 2013]  Exit: Timelimit hit.
[Sun Oct 13 09:40:53 2013]  ClientConnect: 0
[Sun Oct 13 09:40:53 2013]  mlog:Player ^1Sweet.Tooth, connected. With IP - 46.242.119.238:29070 
[Sun Oct 13 09:41:25 2013]  ClientBegin: 0
[Sun Oct 13 09:41:29 2013]  ShutdownGame:
[Sun Oct 13 09:41:29 2013]  ------------------------------------------------------------
[Sun Oct 13 09:41:29 2013]  ------------------------------------------------------------
[Sun Oct 13 09:41:29 2013]  InitGame: \g_siegeTeam2\none\g_siegeTeam1\none\g_jediVmerc\0\g_maxGameClients\0\g_noSpecMove\0\g_debugMelee\1\g_siegeRespawn\20\g_siegeTeamSwitch\1\g_forceRegenTime\0\g_forcePowerDisable\0\g_weaponDisable\0\g_allowNPC\1\bot_minplayers\0\sv_allowDownload\1\sv_floodProtect\0\sv_maxPing\0\sv_minPing\0\sv_maxRate\5000\sv_maxclients\32\sv_hostname\^3Darkquake's Makermod Server\g_duelWeaponDisable\65531\g_forceBasedTeams\0\duel_fraglimit\10\g_maxForceRank\7\g_saberLocking\1\g_privateDuel\1\capturelimit\0\timelimit\120\fraglimit\0\dmflags\0\version\(internal)JAmp: v1.0.1.0 win-x86 Oct 30 2003\g_maxHolocronCarry\3\g_gametype\0\g_needpass\0\protocol\26\mapname\mp/siege_desert\sv_privateClients\0\g_stepSlideFix\1\gamename\MakerMod\g_saberWallDamageScale\0.4\bg_fighterAltControl\0\g_showDuelHealths\0
[Sun Oct 13 09:41:30 2013]  ClientConnect: 0
[Sun Oct 13 09:41:58 2013]  ClientBegin: 0
[Sun Oct 13 09:42:03 2013]  ClientDisconnect: 0
[Sun Oct 13 11:41:28 2013]  Exit: Timelimit hit.
[Sun Oct 13 13:36:20 2013]  ClientConnect: 0
[Sun Oct 13 13:36:20 2013]  mlog:Player -=^1{^0W:K^1}^7.^1PÀRA^0SHUT^7=-, connected. With IP - 188.92.0.200:29070 
[Sun Oct 13 13:36:31 2013]  ClientBegin: 0
[Sun Oct 13 13:36:37 2013]  ShutdownGame:
[Sun Oct 13 13:36:37 2013]  ------------------------------------------------------------
[Sun Oct 13 13:36:37 2013]  ------------------------------------------------------------
[Sun Oct 13 13:36:37 2013]  InitGame: \g_siegeTeam2\none\g_siegeTeam1\none\g_jediVmerc\0\g_maxGameClients\0\g_noSpecMove\0\g_debugMelee\1\g_siegeRespawn\20\g_siegeTeamSwitch\1\g_forceRegenTime\0\g_forcePowerDisable\0\g_weaponDisable\0\g_allowNPC\1\bot_minplayers\0\sv_allowDownload\1\sv_floodProtect\0\sv_maxPing\0\sv_minPing\0\sv_maxRate\5000\sv_maxclients\32\sv_hostname\^3Darkquake's Makermod Server\g_duelWeaponDisable\65531\g_forceBasedTeams\0\duel_fraglimit\10\g_maxForceRank\7\g_saberLocking\1\g_privateDuel\1\capturelimit\0\timelimit\120\fraglimit\0\dmflags\0\version\(internal)JAmp: v1.0.1.0 win-x86 Oct 30 2003\g_maxHolocronCarry\3\g_gametype\0\g_needpass\0\protocol\26\mapname\t2_trip\sv_privateClients\0\g_stepSlideFix\1\gamename\MakerMod\g_saberWallDamageScale\0.4\bg_fighterAltControl\0\g_showDuelHealths\0
[Sun Oct 13 13:36:39 2013]  ClientConnect: 0
[Sun Oct 13 13:36:46 2013]  ClientConnect: 1
[Sun Oct 13 13:36:46 2013]  mlog:Player Bens_192, connected. With IP - 46.174.248.17:29070 
[Sun Oct 13 13:36:59 2013]  ClientBegin: 1
[Sun Oct 13 13:37:07 2013]  ClientBegin: 0
[Sun Oct 13 13:37:33 2013]  Kill: 0 1 3: -=^1{^0W:K^1}^7.^1PÀRA^0SHUT^7=- killed Bens_192 by MOD_SABER
[Sun Oct 13 13:37:55 2013]  Kill: 0 1 3: -=^1{^0W:K^1}^7.^1PÀRA^0SHUT^7=- killed Bens_192 by MOD_SABER
[Sun Oct 13 13:38:12 2013]  Kill: 0 1 3: -=^1{^0W:K^1}^7.^1PÀRA^0SHUT^7=- killed Bens_192 by MOD_SABER
[Sun Oct 13 13:38:34 2013]  Kill: 0 1 3: -=^1{^0W:K^1}^7.^1PÀRA^0SHUT^7=- killed Bens_192 by MOD_SABER
[Sun Oct 13 13:39:05 2013]  Kill: 0 1 3: -=^1{^0W:K^1}^7.^1PÀRA^0SHUT^7=- killed Bens_192 by MOD_SABER
[Sun Oct 13 13:39:33 2013]  say: -=^1{^0W:K^1}^7.^1PÀRA^0SHUT^7=-: /mempower
[Sun Oct 13 13:40:04 2013]  ClientConnect: 2
[Sun Oct 13 13:40:04 2013]  mlog:Player ^1Z^0eratul, connected. With IP - 109.47.0.26:-4947 
[Sun Oct 13 13:40:04 2013]  Kill: 0 1 3: -=^1{^0W:K^1}^7.^1PÀRA^0SHUT^7=- killed Bens_192 by MOD_SABER
[Sun Oct 13 13:40:22 2013]  ClientBegin: 2
[Sun Oct 13 13:40:35 2013]  ClientConnect: 3
[Sun Oct 13 13:40:35 2013]  mlog:Player ^4Derpy^5Hoove§, connected. With IP - 92.20.191.76:29070 
[Sun Oct 13 13:40:40 2013]  Kill: 2 1 0: ^1Z^0eratul killed Bens_192 by MOD_UNKNOWN
[Sun Oct 13 13:41:01 2013]  say: Bens_192: pliz stop it
[Sun Oct 13 13:41:05 2013]  ClientBegin: 3
[Sun Oct 13 13:41:07 2013]  say: ^1Z^0eratul: pliz lol
[Sun Oct 13 13:41:14 2013]  say: Padawan: heya
[Sun Oct 13 13:41:17 2013]  say: ^1Z^0eratul: hi
[Sun Oct 13 13:41:24 2013]  print "Padawan^7 @@@PLRENAME ^4Derpy^5Hooves
"[Sun Oct 13 13:41:27 2013]  say: ^4Derpy^5Hooves: u a pony
[Sun Oct 13 13:41:48 2013]  ClientConnect: 4
[Sun Oct 13 13:41:48 2013]  mlog:Player maxim, connected. With IP - 46.39.244.66:-12550 
[Sun Oct 13 13:42:00 2013]  say: ^4Derpy^5Hooves: give all
[Sun Oct 13 13:42:14 2013]  ClientBegin: 4
[Sun Oct 13 13:42:27 2013]  Kill: 0 1 31: -=^1{^0W:K^1}^7.^1PÀRA^0SHUT^7=- killed Bens_192 by MOD_FORCE_DARK
[Sun Oct 13 13:43:15 2013]  Kill: 3 3 39: ^4Derpy^5Hooves killed ^4Derpy^5Hooves by MOD_SUICIDE
[Sun Oct 13 13:43:23 2013]  Kill: 2 4 37: ^1Z^0eratul killed maxim by MOD_TELEFRAG
[Sun Oct 13 13:43:23 2013]  Kill: 2 3 37: ^1Z^0eratul killed ^4Derpy^5Hooves by MOD_TELEFRAG
[Sun Oct 13 13:43:24 2013]  Kill: 0 1 20: -=^1{^0W:K^1}^7.^1PÀRA^0SHUT^7=- killed Bens_192 by MOD_ROCKET_SPLASH
[Sun Oct 13 13:43:26 2013]  say: ^4Derpy^5Hooves: LOL
[Sun Oct 13 13:43:31 2013]  Kill: 4 1 37: maxim killed Bens_192 by MOD_TELEFRAG
[Sun Oct 13 13:43:32 2013]  Kill: 1 4 37: Bens_192 killed maxim by MOD_TELEFRAG
[Sun Oct 13 13:43:33 2013]  say: ^1Z^0eratul: double kill
[Sun Oct 13 13:43:57 2013]  Kill: 2 3 37: ^1Z^0eratul killed ^4Derpy^5Hooves by MOD_TELEFRAG
[Sun Oct 13 13:43:57 2013]  Kill: 0 1 3: -=^1{^0W:K^1}^7.^1PÀRA^0SHUT^7=- killed Bens_192 by MOD_SABER
[Sun Oct 13 13:43:57 2013]  Item: 2 weapon_flechette
[Sun Oct 13 13:43:59 2013]  say: ^4Derpy^5Hooves: wtf
[Sun Oct 13 13:44:05 2013]  say: ^1Z^0eratul: i can break the godmode
[Sun Oct 13 13:44:10 2013]  say: ^4Derpy^5Hooves: how u dothat
[Sun Oct 13 13:44:22 2013]  say: ^4Derpy^5Hooves: u a admin
[Sun Oct 13 13:44:25 2013]  say: ^1Z^0eratul: no lol
[Sun Oct 13 13:44:26 2013]  Item: 4 weapon_concussion_rifle
[Sun Oct 13 13:44:32 2013]  Item: 4 weapon_bryar_pistol
[Sun Oct 13 13:44:48 2013]  say: ^4Derpy^5Hooves: whats the command for that
[Sun Oct 13 13:44:52 2013]  say: ^1Z^0eratul: stfu 
[Sun Oct 13 13:45:07 2013]  ClientConnect: 5
[Sun Oct 13 13:45:07 2013]  mlog:Player ^0Krack ^33000#, connected. With IP - 86.182.89.57:29070 
[Sun Oct 13 13:45:09 2013]  say: maxim: ect kto russki
[Sun Oct 13 13:45:13 2013]  say: maxim: ïðèâåò âñåì
[Sun Oct 13 13:45:14 2013]  Kill: 2 0 37: ^1Z^0eratul killed -=^1{^0W:K^1}^7.^1PÀRA^0SHUT^7=- by MOD_TELEFRAG
[Sun Oct 13 13:45:18 2013]  say: maxim: åñòü êòî ðóñ
[Sun Oct 13 13:45:22 2013]  ClientDisconnect: 0
[Sun Oct 13 13:45:23 2013]  ClientDisconnect: 1
[Sun Oct 13 13:45:29 2013]  say: maxim: .òùåôêïóå
[Sun Oct 13 13:45:39 2013]  say: ^4Derpy^5Hooves: XD
[Sun Oct 13 13:45:49 2013]  say: ^1Z^0eratul: kk
[Sun Oct 13 13:45:50 2013]  ClientBegin: 5
[Sun Oct 13 13:46:02 2013]  say: ^0Darth^1 Kuge ^0P@am: hi everyone
[Sun Oct 13 13:46:03 2013]  ClientDisconnect: 4
[Sun Oct 13 13:46:03 2013]  say: ^1Z^0eratul: stop spaming fag
[Sun Oct 13 13:46:08 2013]  say: ^4Derpy^5Hooves: how u tpa to me
[Sun Oct 13 13:46:24 2013]  Kill: 2 3 37: ^1Z^0eratul killed ^4Derpy^5Hooves by MOD_TELEFRAG
[Sun Oct 13 13:46:26 2013]  say: ^4Derpy^5Hooves: cries
[Sun Oct 13 13:46:33 2013]  say: ^4Derpy^5Hooves: i win
[Sun Oct 13 13:46:39 2013]  say: ^1Z^0eratul: duel
[Sun Oct 13 13:46:48 2013]  say: ^1Z^0eratul: too weak?
[Sun Oct 13 13:47:03 2013]  say: ^1Z^0eratul: come on
[Sun Oct 13 13:47:07 2013]  say: ^4Derpy^5Hooves: hehe
[Sun Oct 13 13:47:16 2013]  Kill: 2 3 3: ^1Z^0eratul killed ^4Derpy^5Hooves by MOD_SABER
[Sun Oct 13 13:47:16 2013]  say: ^0Darth^1 Kuge ^0P@am: zeratul are u xion? 
[Sun Oct 13 13:47:19 2013]  say: ^1Z^0eratul: yes
[Sun Oct 13 13:47:22 2013]  say: ^0Darth^1 Kuge ^0P@am: 2
[Sun Oct 13 13:47:23 2013]  say: ^0Darth^1 Kuge ^0P@am: ^2X^1D
[Sun Oct 13 13:47:27 2013]  say: ^1Z^0eratul: dw member :P
[Sun Oct 13 13:47:32 2013]  say: ^0Darth^1 Kuge ^0P@am: yeah :)
[Sun Oct 13 13:48:06 2013]  say: ^1Z^0eratul: kk fag
[Sun Oct 13 13:48:06 2013]  say: ^0Darth^1 Kuge ^0P@am: do u know this base 
[Sun Oct 13 13:48:06 2013]  say: ^4Derpy^5Hooves: XD
[Sun Oct 13 13:48:08 2013]  say: ^1Z^0eratul: time to die
[Sun Oct 13 13:48:16 2013]  say: ^1Z^0eratul: if i get the right hit
[Sun Oct 13 13:48:19 2013]  say: ^0Darth^1 Kuge ^0P@am: on this server
[Sun Oct 13 13:48:20 2013]  say: ^1Z^0eratul: i can break the noclip too
[Sun Oct 13 13:48:24 2013]  say: ^0Darth^1 Kuge ^0P@am: ^2X^1D
[Sun Oct 13 13:48:31 2013]  say: ^1Z^0eratul: i can make a base too
[Sun Oct 13 13:48:42 2013]  say: ^4Derpy^5Hooves: XD
[Sun Oct 13 13:48:51 2013]  say: ^0Darth^1 Kuge ^0P@am: i have quakes scripts 
[Sun Oct 13 13:48:52 2013]  say: ^0Darth^1 Kuge ^0P@am: ^2X^1D
[Sun Oct 13 13:48:55 2013]  say: ^0Darth^1 Kuge ^0P@am: ^0ELEMENT SCRIPT V2 ^5By ^1µ^2/^0Ðàrk^1Qµàkè^2/^1S
[Sun Oct 13 13:48:56 2013]  say: ^4Derpy^5Hooves: wow
[Sun Oct 13 13:48:57 2013]  say: ^0Darth^1 Kuge ^0P@am: ^6I call the four ^3elements: ^1Fire, ^5Air, ^4Water ^6and ^2Earth ^6to fight along side me!
[Sun Oct 13 13:49:00 2013]  say: ^0Darth^1 Kuge ^0P@am: ^4ELEMENT SCRIPT V1 ^5by ^1µ^2/^0Ðàrk^1Qµàkè^2/^1S
[Sun Oct 13 13:49:01 2013]  say: ^1Z^0eratul: i have my own scripts
[Sun Oct 13 13:49:10 2013]  say: ^4Derpy^5Hooves: u got admin scripts
[Sun Oct 13 13:49:11 2013]  say: ^0Darth^1 Kuge ^0P@am: so do i but some arnt in use
[Sun Oct 13 13:49:19 2013]  say: ^1Z^0eratul: i dont have admin scripts u fool
[Sun Oct 13 13:49:24 2013]  say: ^4Derpy^5Hooves: im a foal
[Sun Oct 13 13:49:27 2013]  say: ^4Derpy^5Hooves: im a pony
[Sun Oct 13 13:49:40 2013]  say: ^1Z^0eratul: a stupid pony
[Sun Oct 13 13:49:50 2013]  say: ^4Derpy^5Hooves: tnx
[Sun Oct 13 13:50:06 2013]  say: ^4Derpy^5Hooves: WTF
[Sun Oct 13 13:50:07 2013]  say: ^1Z^0eratul: say hi to your new home
[Sun Oct 13 13:50:07 2013]  Kill: 3 3 39: ^4Derpy^5Hooves killed ^4Derpy^5Hooves by MOD_SUICIDE
[Sun Oct 13 13:50:11 2013]  say: ^4Derpy^5Hooves: cries
[Sun Oct 13 13:50:22 2013]  say: ^0Darth^1 Kuge ^0P@am: whoes home
[Sun Oct 13 13:50:23 2013]  Kill: 1022 2 36: <world> killed ^1Z^0eratul by MOD_CRUSH
[Sun Oct 13 13:50:24 2013]  say: ^1Z^0eratul: too ez for me
[Sun Oct 13 13:50:25 2013]  say: ^4Derpy^5Hooves: gg
[Sun Oct 13 13:50:39 2013]  Kill: 2 3 37: ^1Z^0eratul killed ^4Derpy^5Hooves by MOD_TELEFRAG
[Sun Oct 13 13:50:41 2013]  say: ^4Derpy^5Hooves: wow
[Sun Oct 13 13:50:45 2013]  say: ^0Darth^1 Kuge ^0P@am: tele script
[Sun Oct 13 13:51:13 2013]  say: ^1Z^0eratul: hi rancor
[Sun Oct 13 13:51:27 2013]  say: ^0Darth^1 Kuge ^0P@am: get that rancor on the  brown floor
[Sun Oct 13 13:51:34 2013]  say: ^4Derpy^5Hooves: cries
[Sun Oct 13 13:51:37 2013]  Kill: 3 3 39: ^4Derpy^5Hooves killed ^4Derpy^5Hooves by MOD_SUICIDE
[Sun Oct 13 13:51:42 2013]  say: ^4Derpy^5Hooves: i want to tpa
[Sun Oct 13 13:51:52 2013]  say: ^0Darth^1 Kuge ^0P@am: ^1FORCE DESTRUCTION!
[Sun Oct 13 13:52:02 2013]  say: ^0Darth^1 Kuge ^0P@am: ^1FORCE DESTRUCTION!
[Sun Oct 13 13:52:09 2013]  say: ^0Darth^1 Kuge ^0P@am: ^0TRAP!
[Sun Oct 13 13:52:16 2013]  say: ^0Darth^1 Kuge ^0P@am: the rancor will die
[Sun Oct 13 13:52:18 2013]  say: ^4Derpy^5Hooves: wtf
[Sun Oct 13 13:52:19 2013]  Kill: 3 3 39: ^4Derpy^5Hooves killed ^4Derpy^5Hooves by MOD_SUICIDE
[Sun Oct 13 13:52:23 2013]  say: ^4Derpy^5Hooves: how u even do that
[Sun Oct 13 13:52:28 2013]  say: ^4Derpy^5Hooves: gg
[Sun Oct 13 13:52:29 2013]  say: ^0Darth^1 Kuge ^0P@am: there
[Sun Oct 13 13:52:30 2013]  say: ^1Z^0eratul: its just a illusion
[Sun Oct 13 13:52:31 2013]  say: ^4Derpy^5Hooves: XD
[Sun Oct 13 13:52:35 2013]  say: ^4Derpy^5Hooves: wtf
[Sun Oct 13 13:52:35 2013]  say: ^0Darth^1 Kuge ^0P@am: rancor is dead
[Sun Oct 13 13:52:37 2013]  say: ^0Darth^1 Kuge ^0P@am: ^2X^1D
[Sun Oct 13 13:52:45 2013]  say: ^4Derpy^5Hooves: stop it
[Sun Oct 13 13:52:46 2013]  say: ^0Darth^1 Kuge ^0P@am: ^0TRAP!
[Sun Oct 13 13:53:00 2013]  Kill: 3 3 39: ^4Derpy^5Hooves killed ^4Derpy^5Hooves by MOD_SUICIDE
[Sun Oct 13 13:53:14 2013]  say: ^4Derpy^5Hooves: i dont like the tpa
[Sun Oct 13 13:53:16 2013]  Kill: 3 3 39: ^4Derpy^5Hooves killed ^4Derpy^5Hooves by MOD_SUICIDE
[Sun Oct 13 13:53:20 2013]  say: ^0Darth^1 Kuge ^0P@am: whats taht
[Sun Oct 13 13:53:34 2013]  say: ^1Z^0eratul: sweet
[Sun Oct 13 13:53:36 2013]  say: ^4Derpy^5Hooves: gg
[Sun Oct 13 13:53:37 2013]  say: ^0Darth^1 Kuge ^0P@am: stop spawning rancors
[Sun Oct 13 13:53:44 2013]  say: ^4Derpy^5Hooves: tell me how to tpa
[Sun Oct 13 13:53:48 2013]  say: ^1Z^0eratul: nothing
[Sun Oct 13 13:53:49 2013]  say: ^0Darth^1 Kuge ^0P@am: WHAT IS IT
[Sun Oct 13 13:53:50 2013]  say: ^1Z^0eratul: can kill me
[Sun Oct 13 13:53:58 2013]  say: ^0Darth^1 Kuge ^0P@am: u got 999 health
[Sun Oct 13 13:54:01 2013]  say: ^1Z^0eratul: yep
[Sun Oct 13 13:54:16 2013]  say: ^0Darth^1 Kuge ^0P@am: how do u get that much though
[Sun Oct 13 13:54:22 2013]  Kill: 2 3 37: ^1Z^0eratul killed ^4Derpy^5Hooves by MOD_TELEFRAG
[Sun Oct 13 13:54:30 2013]  say: ^4Derpy^5Hooves: how u tpa into me thats admin shit
[Sun Oct 13 13:54:40 2013]  say: ^1Z^0eratul: Hooves 
[Sun Oct 13 13:54:42 2013]  say: ^0Darth^1 Kuge ^0P@am: /mlistadmins
[Sun Oct 13 13:54:44 2013]  say: ^4Derpy^5Hooves: yeah
[Sun Oct 13 13:54:44 2013]  say: ^1Z^0eratul: /mlistadmins
[Sun Oct 13 13:54:49 2013]  Kill: 2 3 37: ^1Z^0eratul killed ^4Derpy^5Hooves by MOD_TELEFRAG
[Sun Oct 13 13:54:54 2013]  say: ^4Derpy^5Hooves: oh
[Sun Oct 13 13:54:58 2013]  Kill: 2 3 3: ^1Z^0eratul killed ^4Derpy^5Hooves by MOD_SABER
[Sun Oct 13 13:55:00 2013]  say: ^4Derpy^5Hooves: but u can tpa to me
[Sun Oct 13 13:55:05 2013]  say: ^1Z^0eratul: i know
[Sun Oct 13 13:55:18 2013]  say: ^1Z^0eratul: i can make myself invisible
[Sun Oct 13 13:55:28 2013]  say: ^0Darth^1 Kuge ^0P@am: cloak?
[Sun Oct 13 13:55:31 2013]  say: ^1Z^0eratul: nope
[Sun Oct 13 13:55:33 2013]  say: ^0Darth^1 Kuge ^0P@am: HOW
[Sun Oct 13 13:55:36 2013]  say: ^1Z^0eratul: i fall into the 
[Sun Oct 13 13:55:39 2013]  say: ^1Z^0eratul: ground
[Sun Oct 13 13:55:42 2013]  say: ^0Darth^1 Kuge ^0P@am: i know
[Sun Oct 13 13:55:50 2013]  say: ^0Darth^1 Kuge ^0P@am: dont tell him
[Sun Oct 13 13:55:54 2013]  say: ^4Derpy^5Hooves: her
[Sun Oct 13 13:55:54 2013]  say: ^1Z^0eratul: i wont lol
[Sun Oct 13 13:55:58 2013]  say: ^0Darth^1 Kuge ^0P@am: ok her
[Sun Oct 13 13:55:58 2013]  say: ^1Z^0eratul: my scripts
[Sun Oct 13 13:56:12 2013]  say: ^1Z^0eratul: i scripts are secret for everyone
[Sun Oct 13 13:56:16 2013]  say: ^0Darth^1 Kuge ^0P@am: why so much rancors
[Sun Oct 13 13:56:21 2013]  say: ^4Derpy^5Hooves: they love u
[Sun Oct 13 13:56:22 2013]  say: ^1Z^0eratul: cuz no brain
[Sun Oct 13 13:57:14 2013]  ClientDisconnect: 5
[Sun Oct 13 13:57:14 2013]  ClientConnect: 5
[Sun Oct 13 13:57:14 2013]  mlog:Player ^0Krack ^33000#, connected. With IP - 86.182.89.57:29070 
[Sun Oct 13 13:57:28 2013]  ClientDisconnect: 3
[Sun Oct 13 13:57:28 2013]  ClientConnect: 3
[Sun Oct 13 13:57:28 2013]  mlog:Player Padawan, connected. With IP - 92.20.191.76:29070 
[Sun Oct 13 13:57:52 2013]  ClientBegin: 5
[Sun Oct 13 13:57:54 2013]  ClientBegin: 3
[Sun Oct 13 13:59:52 2013]  ClientDisconnect: 2
[Sun Oct 13 14:01:14 2013]  ClientDisconnect: 5
[Sun Oct 13 14:01:15 2013]  ClientDisconnect: 3
[Sun Oct 13 14:14:57 2013]  ClientConnect: 0
[Sun Oct 13 14:14:57 2013]  mlog:Player PASHA, connected. With IP - 188.92.0.200:29070 
[Sun Oct 13 14:15:26 2013]  ClientBegin: 0
[Sun Oct 13 14:15:31 2013]  ClientConnect: 1
[Sun Oct 13 14:15:31 2013]  mlog:Player Bens_192, connected. With IP - 46.174.248.17:29070 
[Sun Oct 13 14:15:53 2013]  ClientBegin: 1
[Sun Oct 13 14:17:34 2013]  ClientDisconnect: 1
[Sun Oct 13 14:18:43 2013]  ClientConnect: 1
[Sun Oct 13 14:18:43 2013]  mlog:Player Bens_192, connected. With IP - 46.174.248.17:29070 
[Sun Oct 13 14:19:05 2013]  ClientBegin: 1
[Sun Oct 13 14:19:40 2013]  Kill: 0 1 36: -=^1{^0W:K^1}^7.^1PÀRA^0SHUT^7=- killed Bens_192 by MOD_CRUSH
[Sun Oct 13 14:20:58 2013]  Kill: 0 1 36: -=^1{^0W:K^1}^7.^1PÀRA^0SHUT^7=- killed Bens_192 by MOD_CRUSH
[Sun Oct 13 14:23:04 2013]  Kill: 0 1 36: -=^1{^0W:K^1}^7.^1PÀRA^0SHUT^7=- killed Bens_192 by MOD_CRUSH
[Sun Oct 13 14:24:32 2013]  Kill: 0 1 0: -=^1{^0W:K^1}^7.^1PÀRA^0SHUT^7=- killed Bens_192 by MOD_UNKNOWN
[Sun Oct 13 14:25:40 2013]  Kill: 1022 1 36: <world> killed Bens_192 by MOD_CRUSH
[Sun Oct 13 14:27:17 2013]  Kill: 0 1 3: -=^1{^0W:K^1}^7.^1PÀRA^0SHUT^7=- killed Bens_192 by MOD_SABER
[Sun Oct 13 14:27:51 2013]  Kill: 0 1 3: -=^1{^0W:K^1}^7.^1PÀRA^0SHUT^7=- killed Bens_192 by MOD_SABER
[Sun Oct 13 14:28:06 2013]  Kill: 0 1 3: -=^1{^0W:K^1}^7.^1PÀRA^0SHUT^7=- killed Bens_192 by MOD_SABER
[Sun Oct 13 14:28:22 2013]  Kill: 0 1 3: -=^1{^0W:K^1}^7.^1PÀRA^0SHUT^7=- killed Bens_192 by MOD_SABER
[Sun Oct 13 14:29:24 2013]  Kill: 0 1 3: -=^1{^0W:K^1}^7.^1PÀRA^0SHUT^7=- killed Bens_192 by MOD_SABER
[Sun Oct 13 14:31:06 2013]  Kill: 0 1 3: -=^1{^0W:K^1}^7.^1PÀRA^0SHUT^7=- killed Bens_192 by MOD_SABER
[Sun Oct 13 14:31:41 2013]  Kill: 0 1 3: -=^1{^0W:K^1}^7.^1PÀRA^0SHUT^7=- killed Bens_192 by MOD_SABER
[Sun Oct 13 14:33:15 2013]  Kill: 0 1 3: -=^1{^0W:K^1}^7.^1PÀRA^0SHUT^7=- killed Bens_192 by MOD_SABER
[Sun Oct 13 14:33:36 2013]  Kill: 0 1 3: -=^1{^0W:K^1}^7.^1PÀRA^0SHUT^7=- killed Bens_192 by MOD_SABER
[Sun Oct 13 14:33:53 2013]  ClientConnect: 2
[Sun Oct 13 14:33:53 2013]  mlog:Player ^0Krack ^33000#, connected. With IP - 86.182.89.57:29070 
[Sun Oct 13 14:34:31 2013]  ClientBegin: 2
[Sun Oct 13 14:34:33 2013]  ClientDisconnect: 1
[Sun Oct 13 14:34:40 2013]  say: ^0Darth^1 Kuge ^0P@am: hi everyone
[Sun Oct 13 14:35:04 2013]  say: ^0Darth^1 Kuge ^0P@am: hahaha
[Sun Oct 13 14:35:44 2013]  ClientDisconnect: 0
[Sun Oct 13 14:36:31 2013]  ClientDisconnect: 2
[Sun Oct 13 14:37:47 2013]  ClientConnect: 0
[Sun Oct 13 14:37:47 2013]  mlog:Player ^4Derpy^5Hooves, connected. With IP - 92.20.191.76:29070 
[Sun Oct 13 14:38:02 2013]  ClientBegin: 0
[Sun Oct 13 14:38:38 2013]  ClientDisconnect: 0
[Sun Oct 13 15:22:32 2013]  ClientConnect: 0
[Sun Oct 13 15:22:32 2013]  mlog:Player ^0Krack ^33000#, connected. With IP - 86.182.89.57:29070 
[Sun Oct 13 15:23:08 2013]  ClientBegin: 0
[Sun Oct 13 15:23:33 2013]  ClientConnect: 1
[Sun Oct 13 15:23:33 2013]  mlog:Player ^1Mat^0rix, connected. With IP - 86.182.89.57:1024 
[Sun Oct 13 15:24:16 2013]  print "^0Darth^1 Kuge ^0P@am^7 @@@PLRENAME ^2Nathan
"[Sun Oct 13 15:24:21 2013]  ClientConnect: 2
[Sun Oct 13 15:24:21 2013]  mlog:Player maxim, connected. With IP - 46.39.244.66:-11297 
[Sun Oct 13 15:24:31 2013]  ClientBegin: 2
[Sun Oct 13 15:24:39 2013]  ClientBegin: 1
[Sun Oct 13 15:25:07 2013]  print "^1Mat^0rix^7 @@@PLRENAME ^1N^4o^4^3i^0con
"[Sun Oct 13 15:25:14 2013]  say: ^1N^4o^4^3i^0con: hi everyone
[Sun Oct 13 15:25:18 2013]  say: maxim: g
[Sun Oct 13 15:25:20 2013]  say: maxim: êó
[Sun Oct 13 15:25:33 2013]  say: maxim: hi
[Sun Oct 13 15:25:43 2013]  say: ^2Nathan: hi
[Sun Oct 13 15:26:57 2013]  say: ^1N^4o^4^3i^0con: stop maxim
[Sun Oct 13 15:27:29 2013]  say: ^1N^4o^4^3i^0con: Stop maxim
[Sun Oct 13 15:27:33 2013]  say: maxim: ok
[Sun Oct 13 15:27:38 2013]  say: maxim: go build
[Sun Oct 13 15:27:42 2013]  say: ^1N^4o^4^3i^0con: no
[Sun Oct 13 15:28:09 2013]  ClientDisconnect: 2
[Sun Oct 13 15:28:58 2013]  say: ^1N^4o^4^3i^0con: My origin is: (12073 7877 1592) - You can teleport here with /mtelelast

[Sun Oct 13 15:29:05 2013]  say: ^1N^4o^4^3i^0con: do /mtelelast
[Sun Oct 13 15:33:19 2013]  say: ^1N^4o^4^3i^0con: ^1x^0D
[Sun Oct 13 15:33:25 2013]  ClientDisconnect: 1
[Sun Oct 13 15:36:24 2013]  ClientConnect: 1
[Sun Oct 13 15:36:24 2013]  mlog:Player ^1Killer ^2Crock, connected. With IP - 86.182.89.57:1024 
[Sun Oct 13 15:36:36 2013]  Exit: Timelimit hit.
[Sun Oct 13 15:36:36 2013]  score: 3  ping: 17  client: 0 ^2Nathan
[Sun Oct 13 15:36:49 2013]  ClientConnect: 2
[Sun Oct 13 15:36:49 2013]  mlog:Player ^0Boba ^1^3Fett, connected. With IP - 83.166.208.200:-1105 
[Sun Oct 13 15:37:00 2013]  ClientBegin: 2
[Sun Oct 13 15:37:13 2013]  ShutdownGame:
[Sun Oct 13 15:37:13 2013]  ------------------------------------------------------------
[Sun Oct 13 15:37:13 2013]  ------------------------------------------------------------
[Sun Oct 13 15:37:13 2013]  InitGame: \g_siegeTeam2\none\g_siegeTeam1\none\g_jediVmerc\0\g_maxGameClients\0\g_noSpecMove\0\g_debugMelee\1\g_siegeRespawn\20\g_siegeTeamSwitch\1\g_forceRegenTime\0\g_forcePowerDisable\0\g_weaponDisable\0\g_allowNPC\1\bot_minplayers\0\sv_allowDownload\1\sv_floodProtect\0\sv_maxPing\0\sv_minPing\0\sv_maxRate\5000\sv_maxclients\32\sv_hostname\^3Darkquake's Makermod Server\g_duelWeaponDisable\65531\g_forceBasedTeams\0\duel_fraglimit\10\g_maxForceRank\7\g_saberLocking\1\g_privateDuel\1\capturelimit\0\timelimit\120\fraglimit\0\dmflags\0\version\(internal)JAmp: v1.0.1.0 win-x86 Oct 30 2003\g_maxHolocronCarry\3\g_gametype\0\g_needpass\0\protocol\26\mapname\mp/siege_desert\sv_privateClients\0\g_stepSlideFix\1\gamename\MakerMod\g_saberWallDamageScale\0.4\bg_fighterAltControl\0\g_showDuelHealths\0
[Sun Oct 13 15:37:14 2013]  ClientConnect: 0
[Sun Oct 13 15:37:14 2013]  ClientConnect: 1
[Sun Oct 13 15:37:14 2013]  ClientConnect: 2
[Sun Oct 13 15:37:22 2013]  ClientBegin: 2
[Sun Oct 13 15:37:30 2013]  ClientBegin: 0
[Sun Oct 13 15:37:54 2013]  ClientBegin: 1
[Sun Oct 13 15:38:08 2013]  Kill: 2 2 39: ^0Boba ^1^3Fett killed ^0Boba ^1^3Fett by MOD_SUICIDE
[Sun Oct 13 15:38:23 2013]  say: ^1N^4o^4^3i^0con: hi all
[Sun Oct 13 15:38:28 2013]  say: ^2Nathan: hi
[Sun Oct 13 15:41:26 2013]  ClientDisconnect: 2
[Sun Oct 13 15:42:51 2013]  say: ^1N^4o^4^3i^0con: do /mkill
[Sun Oct 13 15:42:56 2013]  say: ^1N^4o^4^3i^0con: or /
[Sun Oct 13 15:43:28 2013]  say: ^1N^4o^4^3i^0con: My origin is: (-1945 -748 193) - You can teleport here with /mtelelast

[Sun Oct 13 15:43:33 2013]  ClientConnect: 2
[Sun Oct 13 15:43:33 2013]  mlog:Player ^1Z^0eratul, connected. With IP - 109.47.0.26:-25903 
[Sun Oct 13 15:43:34 2013]  say: ^1N^4o^4^3i^0con: do /mtelelast
[Sun Oct 13 15:43:56 2013]  ClientBegin: 2
[Sun Oct 13 15:44:04 2013]  print "^1N^4o^4^3i^0con^7 @@@PLRENAME ^1^1^0Darth^1 Kuge^0 P@am
"[Sun Oct 13 15:44:10 2013]  say: ^1^1^0Darth^1 Kuge^0 P@am: hi zeratul
[Sun Oct 13 15:44:25 2013]  say: ^1Z^0eratul: ^1UAAAAAAAAAH THIS LAG MAKE ME MAD
[Sun Oct 13 15:46:05 2013]  ClientDisconnect: 1
[Sun Oct 13 15:46:05 2013]  ClientDisconnect: 1
[Sun Oct 13 15:46:05 2013]  ClientConnect: 1
[Sun Oct 13 15:46:05 2013]  mlog:Player ^1^1^0Darth^1 Kuge^0 P@am, connected. With IP - 86.182.89.57:1024 
[Sun Oct 13 15:46:19 2013]  ClientBegin: 1
[Sun Oct 13 15:46:22 2013]  ClientDisconnect: 0
[Sun Oct 13 15:46:29 2013]  say: ^1Z^0eratul: ^1kuge
[Sun Oct 13 15:46:31 2013]  say: ^1Z^0eratul: ^1your ping o.o
[Sun Oct 13 15:46:31 2013]  say: ^1^1^0Darth^1 Kuge^0 P@am: yes
[Sun Oct 13 15:46:35 2013]  say: ^1^1^0Darth^1 Kuge^0 P@am: >
[Sun Oct 13 15:46:36 2013]  say: ^1^1^0Darth^1 Kuge^0 P@am: ?
[Sun Oct 13 15:46:46 2013]  say: ^1Z^0eratul: ^1its a nice ping :S
[Sun Oct 13 15:46:49 2013]  say: ^1Z^0eratul: ^1BUT MY
[Sun Oct 13 15:46:53 2013]  say: ^1^1^0Darth^1 Kuge^0 P@am: gg
[Sun Oct 13 15:46:56 2013]  say: ^1Z^0eratul: ^1Lol i go bb
[Sun Oct 13 15:47:00 2013]  say: ^1^1^0Darth^1 Kuge^0 P@am: me to
[Sun Oct 13 15:47:01 2013]  say: ^1Z^0eratul: ^1this make me crazy
[Sun Oct 13 15:47:04 2013]  ClientDisconnect: 1
[Sun Oct 13 15:47:09 2013]  ClientDisconnect: 2
[Sun Oct 13 17:37:12 2013]  Exit: Timelimit hit.
[Sun Oct 13 23:22:28 2013]  ClientConnect: 0
[Sun Oct 13 23:22:28 2013]  mlog:Player ^1Fulltime, connected. With IP - 108.50.21.202:29070 
[Sun Oct 13 23:22:44 2013]  ClientBegin: 0
[Sun Oct 13 23:22:48 2013]  ShutdownGame:
[Sun Oct 13 23:22:48 2013]  ------------------------------------------------------------
[Sun Oct 13 23:22:49 2013]  ------------------------------------------------------------
[Sun Oct 13 23:22:49 2013]  InitGame: \g_siegeTeam2\none\g_siegeTeam1\none\g_jediVmerc\0\g_maxGameClients\0\g_noSpecMove\0\g_debugMelee\1\g_siegeRespawn\20\g_siegeTeamSwitch\1\g_forceRegenTime\0\g_forcePowerDisable\0\g_weaponDisable\0\g_allowNPC\1\bot_minplayers\0\sv_allowDownload\1\sv_floodProtect\0\sv_maxPing\0\sv_minPing\0\sv_maxRate\5000\sv_maxclients\32\sv_hostname\^3Darkquake's Makermod Server\g_duelWeaponDisable\65531\g_forceBasedTeams\0\duel_fraglimit\10\g_maxForceRank\7\g_saberLocking\1\g_privateDuel\1\capturelimit\0\timelimit\120\fraglimit\0\dmflags\0\version\(internal)JAmp: v1.0.1.0 win-x86 Oct 30 2003\g_maxHolocronCarry\3\g_gametype\0\g_needpass\0\protocol\26\mapname\t2_trip\sv_privateClients\0\g_stepSlideFix\1\gamename\MakerMod\g_saberWallDamageScale\0.4\bg_fighterAltControl\0\g_showDuelHealths\0
[Sun Oct 13 23:22:50 2013]  ClientConnect: 0
[Sun Oct 13 23:23:03 2013]  ClientBegin: 0
[Sun Oct 13 23:25:04 2013]  ClientConnect: 1
[Sun Oct 13 23:25:04 2013]  mlog:Player Padawan, connected. With IP - 174.60.91.129:29070 
[Sun Oct 13 23:25:23 2013]  ClientBegin: 1
[Sun Oct 13 23:26:02 2013]  print "Padawan^7 @@@PLRENAME thecokeman
"[Sun Oct 13 23:30:54 2013]  Kill: 0 0 39: ^1Fulltime killed ^1Fulltime by MOD_SUICIDE
[Sun Oct 13 23:31:19 2013]  Kill: 0 0 39: ^1Fulltime killed ^1Fulltime by MOD_SUICIDE
[Sun Oct 13 23:31:45 2013]  Kill: 0 1 3: ^1Fulltime killed thecokeman by MOD_SABER
[Sun Oct 13 23:31:52 2013]  ClientDisconnect: 0
[Sun Oct 13 23:32:38 2013]  Kill: 1 1 39: thecokeman killed thecokeman by MOD_SUICIDE
[Sun Oct 13 23:34:51 2013]  Kill: 1 1 39: thecokeman killed thecokeman by MOD_SUICIDE
[Sun Oct 13 23:37:21 2013]  Kill: 1 1 39: thecokeman killed thecokeman by MOD_SUICIDE
[Sun Oct 13 23:43:45 2013]  Kill: 1 1 39: thecokeman killed thecokeman by MOD_SUICIDE
[Mon Oct 14 00:20:33 2013]  ClientConnect: 0
[Mon Oct 14 00:20:33 2013]  mlog:Player ^1Fulltime, connected. With IP - 108.50.21.202:29070 
[Mon Oct 14 00:20:52 2013]  ClientBegin: 0
[Mon Oct 14 00:21:16 2013]  Kill: 0 0 39: ^1Fulltime killed ^1Fulltime by MOD_SUICIDE
[Mon Oct 14 00:21:53 2013]  say: ^1Fulltime: npc spawn rancor
[Mon Oct 14 00:23:09 2013]  Kill: 1022 0 2: <world> killed ^1Fulltime by MOD_MELEE
[Mon Oct 14 00:23:47 2013]  Kill: 1022 0 2: <world> killed ^1Fulltime by MOD_MELEE
[Mon Oct 14 00:24:06 2013]  Kill: 1022 0 2: <world> killed ^1Fulltime by MOD_MELEE
[Mon Oct 14 00:24:13 2013]  say: thecokeman: NKILL
[Mon Oct 14 00:24:20 2013]  Kill: 1 1 39: thecokeman killed thecokeman by MOD_SUICIDE
[Mon Oct 14 00:24:27 2013]  Kill: 1022 0 38: <world> killed ^1Fulltime by MOD_FALLING
[Mon Oct 14 00:24:37 2013]  Kill: 1022 0 2: <world> killed ^1Fulltime by MOD_MELEE
[Mon Oct 14 00:25:08 2013]  Kill: 1022 1 2: <world> killed thecokeman by MOD_MELEE
[Mon Oct 14 00:25:18 2013]  Kill: 1022 0 2: <world> killed ^1Fulltime by MOD_MELEE
[Mon Oct 14 00:26:41 2013]  say: thecokeman: ANOCLIP
[Mon Oct 14 00:27:26 2013]  Kill: 0 0 39: ^1Fulltime killed ^1Fulltime by MOD_SUICIDE
[Mon Oct 14 00:29:26 2013]  Kill: 1 0 3: thecokeman killed ^1Fulltime by MOD_SABER
[Mon Oct 14 00:30:25 2013]  say: ^1Fulltime: ^1Combat ^0Script V1.1 By ^0Jawa Hunter
[Mon Oct 14 00:30:26 2013]  say: ^1Fulltime: ^0ARG!!!!! 
[Mon Oct 14 00:30:39 2013]  Kill: 1022 1 38: <world> killed thecokeman by MOD_FALLING
[Mon Oct 14 00:30:50 2013]  Kill: 1 0 31: thecokeman killed ^1Fulltime by MOD_FORCE_DARK
[Mon Oct 14 00:30:55 2013]  say: ^1Fulltime: ^1Combat ^0Abilities off
[Mon Oct 14 00:30:58 2013]  say: ^1Fulltime: ^1Combat ^0Abilities off
[Mon Oct 14 00:31:04 2013]  say: ^1Fulltime: ^1Combat ^0Abilities off
[Mon Oct 14 00:31:05 2013]  say: ^1Fulltime: ^0DARK ENERGY!!!
[Mon Oct 14 00:31:07 2013]  say: ^1Fulltime: ^0DARK ENERGY!!!
[Mon Oct 14 00:31:08 2013]  say: ^1Fulltime: ^0DARK ENERGY!!!
[Mon Oct 14 00:31:13 2013]  say: ^1Fulltime: ^1Combat ^0Abilities off
[Mon Oct 14 00:31:15 2013]  say: ^1Fulltime: ^1*Uses Medpac*
[Mon Oct 14 00:31:16 2013]  say: ^1Fulltime: ^1*Uses Medpac*
[Mon Oct 14 00:31:16 2013]  say: ^1Fulltime: ^1*Uses Medpac*
[Mon Oct 14 00:31:18 2013]  say: ^1Fulltime: ^1*Uses Medpac*
[Mon Oct 14 00:31:37 2013]  say: ^1Fulltime: ^1Combat ^0Abilities off
[Mon Oct 14 00:31:48 2013]  say: ^1Fulltime: ^1Combat ^0Abilities off
[Mon Oct 14 00:31:50 2013]  say: ^1Fulltime: ^0DARK ENERGY!!!
[Mon Oct 14 00:31:56 2013]  say: ^1Fulltime: ^1Combat ^0Abilities off
[Mon Oct 14 00:31:57 2013]  say: ^1Fulltime: ^1FIRE ^0SPIT!!!!!!
[Mon Oct 14 00:32:03 2013]  say: ^1Fulltime: ^0FIRE ^1& FLAMES!!!!!!
[Mon Oct 14 00:32:06 2013]  Kill: 1 0 31: thecokeman killed ^1Fulltime by MOD_FORCE_DARK
[Mon Oct 14 00:32:16 2013]  say: ^1Fulltime: ^0RAGNOS'!!!! ^1WRATH!!!!!!
[Mon Oct 14 00:32:20 2013]  say: ^1Fulltime: ^0RAGNOS'!!!! ^1WRATH!!!!!!
[Mon Oct 14 00:32:24 2013]  say: ^1Fulltime: ^1Combat ^0Abilities off
[Mon Oct 14 00:32:29 2013]  say: ^1Fulltime: ^0HAZZARD ^1STRIKE!!!
[Mon Oct 14 00:32:29 2013]  Kill: 0 1 0: ^1Fulltime killed thecokeman by MOD_UNKNOWN
[Mon Oct 14 00:32:31 2013]  say: ^1Fulltime: ^1Combat ^0Abilities off
[Mon Oct 14 00:32:37 2013]  say: ^1Fulltime: ^0HAZZARD ^1STRIKE!!!
[Mon Oct 14 00:32:37 2013]  Kill: 0 1 0: ^1Fulltime killed thecokeman by MOD_UNKNOWN
[Mon Oct 14 00:32:39 2013]  say: ^1Fulltime: ^1Combat ^0Abilities off
[Mon Oct 14 00:32:51 2013]  say: ^1Fulltime: ^1DEATH ^0BALL!!!!!
[Mon Oct 14 00:32:57 2013]  say: ^1Fulltime: ^1Combat ^0Abilities off
[Mon Oct 14 00:32:59 2013]  say: ^1Fulltime: ^1DEATH ^0BALL!!!!!
[Mon Oct 14 00:33:02 2013]  say: ^1Fulltime: ^1Combat ^0Abilities off
[Mon Oct 14 00:33:19 2013]  say: ^1Fulltime: ^0HAZZARD ^1STRIKE!!!
[Mon Oct 14 00:33:19 2013]  Kill: 0 1 36: ^1Fulltime killed thecokeman by MOD_CRUSH
[Mon Oct 14 00:33:19 2013]  Kill: 0 0 36: ^1Fulltime killed ^1Fulltime by MOD_CRUSH
[Mon Oct 14 00:33:20 2013]  Kill: 1 0 37: thecokeman killed ^1Fulltime by MOD_TELEFRAG
[Mon Oct 14 00:33:21 2013]  say: ^1Fulltime: ^1Combat ^0Abilities off
[Mon Oct 14 00:33:33 2013]  say: ^1Fulltime: ^1ARG!!!^0HELP ME!!!
[Mon Oct 14 00:33:34 2013]  say: ^1Fulltime: ^1AHHHHHHHH!!!!!
[Mon Oct 14 00:33:34 2013]  Kill: 0 0 36: ^1Fulltime killed ^1Fulltime by MOD_CRUSH
[Mon Oct 14 00:33:45 2013]  say: ^1Fulltime: ^1ARG!!!^0HELP ME!!!
[Mon Oct 14 00:33:46 2013]  say: ^1Fulltime: ^1AHHHHHHHH!!!!!
[Mon Oct 14 00:33:46 2013]  Kill: 0 1 36: ^1Fulltime killed thecokeman by MOD_CRUSH
[Mon Oct 14 00:33:46 2013]  Kill: 0 0 36: ^1Fulltime killed ^1Fulltime by MOD_CRUSH
[Mon Oct 14 00:33:50 2013]  say: ^1Fulltime: ^1Combat ^0Abilities off
[Mon Oct 14 00:33:50 2013]  say: ^1Fulltime: ^1ARG!!!^0HELP ME!!!
[Mon Oct 14 00:33:51 2013]  say: ^1Fulltime: ^1AHHHHHHHH!!!!!
[Mon Oct 14 00:33:54 2013]  say: ^1Fulltime: ^1Combat ^0Abilities off
[Mon Oct 14 00:34:04 2013]  say: ^1Fulltime: ^1DEATH ^0BALL!!!!!
[Mon Oct 14 00:34:08 2013]  say: ^1Fulltime: ^1Combat ^0Abilities off
[Mon Oct 14 00:34:12 2013]  say: ^1Fulltime: ^0HAZZARD ^1STRIKE!!!
[Mon Oct 14 00:34:15 2013]  say: ^1Fulltime: ^1Combat ^0Abilities off
[Mon Oct 14 00:35:30 2013]  say: ^1Fulltime: ^6*Focuses to use uber haxx*
[Mon Oct 14 00:35:32 2013]  Kill: 0 0 0: ^1Fulltime killed ^1Fulltime by MOD_UNKNOWN
[Mon Oct 14 00:35:45 2013]  say: ^1Fulltime: ^4FIRE THE ARROWS
[Mon Oct 14 00:35:52 2013]  say: ^1Fulltime: ^1Ninja abilities off
[Mon Oct 14 00:35:55 2013]  say: ^1Fulltime: ^1Ninja fire scroll activated
[Mon Oct 14 00:36:04 2013]  say: ^1Fulltime: ^1Ninja abilities off
[Mon Oct 14 00:36:08 2013]  say: ^1Fulltime: ^1Ninja's spawned
[Mon Oct 14 00:36:18 2013]  Kill: 1022 1 3: <world> killed thecokeman by MOD_SABER
[Mon Oct 14 00:36:20 2013]  say: ^1Fulltime: ^1Ninja abilities off
[Mon Oct 14 00:36:33 2013]  Kill: 1 1 39: thecokeman killed thecokeman by MOD_SUICIDE
[Mon Oct 14 00:36:39 2013]  say: ^1Fulltime: ^1Meditation session started.
[Mon Oct 14 00:36:50 2013]  Kill: 0 1 36: ^1Fulltime killed thecokeman by MOD_CRUSH
[Mon Oct 14 00:37:09 2013]  Kill: 1 0 5: thecokeman killed ^1Fulltime by MOD_BRYAR_PISTOL_ALT
[Mon Oct 14 00:37:19 2013]  say: ^1Fulltime: ^3ULTRA ELEMENT ATTACK!
[Mon Oct 14 00:37:26 2013]  say: ^1Fulltime: ^3ULTRA ELEMENT ATTACK!
[Mon Oct 14 00:37:29 2013]  say: ^1Fulltime: ^1Ninja abilities off
[Mon Oct 14 00:38:01 2013]  say: ^1Fulltime: ^1SHURIKENS!
[Mon Oct 14 00:38:05 2013]  say: ^1Fulltime: ^1Ninja abilities off
[Mon Oct 14 00:38:06 2013]  say: ^1Fulltime: ^1SHURIKENS!
[Mon Oct 14 00:38:08 2013]  say: ^1Fulltime: ^1Ninja abilities off
[Mon Oct 14 00:38:10 2013]  say: ^1Fulltime: ^4^^0Dark Ninja Arts activated!
[Mon Oct 14 00:38:20 2013]  say: ^1Fulltime: ^1Ninja abilities off
[Mon Oct 14 00:38:26 2013]  say: ^1Fulltime: ^3NINJA ^3FLIPS!
[Mon Oct 14 00:38:29 2013]  say: ^1Fulltime: ^3NINJA ^3FLIPS!
[Mon Oct 14 00:38:32 2013]  say: ^1Fulltime: ^3NINJA ^3FLIPS!
[Mon Oct 14 00:38:33 2013]  say: ^1Fulltime: ^1Ninja abilities off
[Mon Oct 14 00:38:48 2013]  say: ^1Fulltime: ^4^^0Kunai!
[Mon Oct 14 00:38:48 2013]  say: ^1Fulltime: ^1Kunai!
[Mon Oct 14 00:38:51 2013]  say: ^1Fulltime: ^1Ninja abilities off
[Mon Oct 14 00:38:59 2013]  say: ^1Fulltime: ^7I AM BEING SUPER CHARGED, ^7KILL ME NOW BEFORE IM INVINCIBLE!
[Mon Oct 14 00:39:11 2013]  say: ^1Fulltime: ^7I HAVE BEEN SUPER CHARGED!
[Mon Oct 14 00:39:19 2013]  say: ^1Fulltime: ^1Ninja scroll of hidden activated
[Mon Oct 14 00:39:31 2013]  say: ^1Fulltime: ^1Ninja abilities off
[Mon Oct 14 00:39:38 2013]  say: ^1Fulltime: ^1Ninja's spawned
[Mon Oct 14 00:40:47 2013]  Kill: 0 1 3: ^1Fulltime killed thecokeman by MOD_SABER
[Mon Oct 14 00:40:56 2013]  say: ^1Fulltime: ^1Ninja's spawned
[Mon Oct 14 00:41:47 2013]  say: ^1Fulltime: ^1Ninja scroll of hidden activated
[Mon Oct 14 00:41:50 2013]  say: ^1Fulltime: ^1Ninja abilities off
[Mon Oct 14 00:41:52 2013]  say: ^1Fulltime: ^1Ninja abilities off
[Mon Oct 14 00:42:00 2013]  say: ^1Fulltime: ^7I AM BEING SUPER CHARGED, ^7KILL ME NOW BEFORE IM INVINCIBLE!
[Mon Oct 14 00:42:07 2013]  say: ^1Fulltime: ^7I HAVE BEEN SUPER CHARGED!
[Mon Oct 14 00:42:28 2013]  Kill: 0 1 3: ^1Fulltime killed thecokeman by MOD_SABER
[Mon Oct 14 00:42:32 2013]  say: ^1Fulltime: ^1Ninja abilities off
[Mon Oct 14 00:43:32 2013]  say: ^1Fulltime: ^1^^0Sharingan-Script by ^0Revan and ^1^^0 Madara Uchiha
[Mon Oct 14 00:43:44 2013]  say: ^1Fulltime: ^1KATON GOKAKYU NO JUTSU!
[Mon Oct 14 00:43:49 2013]  say: ^1Fulltime: ^1^0I haven't enough Chakra!
[Mon Oct 14 00:43:54 2013]  say: ^1Fulltime: ^5CHIDORI!!
[Mon Oct 14 00:44:03 2013]  say: ^1Fulltime: ^5CHIDORI!!
[Mon Oct 14 00:44:05 2013]  say: ^1Fulltime: ^1^0I haven't enough Chakra!
[Mon Oct 14 00:44:10 2013]  say: ^1Fulltime: ^1KATON RYUKA NO JUTSU!!
[Mon Oct 14 00:44:15 2013]  say: ^1Fulltime: ^1KATON RYUKA NO JUTSU!!
[Mon Oct 14 00:44:16 2013]  say: ^1Fulltime: ^1^0I haven't enough Chakra!
[Mon Oct 14 00:44:17 2013]  say: ^1Fulltime: ^1^0I haven't enough Chakra!
[Mon Oct 14 00:44:17 2013]  say: ^1Fulltime: ^1^0I haven't enough Chakra!
[Mon Oct 14 00:44:22 2013]  say: ^1Fulltime: ^8AAHH the Seal takes me over!!!!!
[Mon Oct 14 00:44:31 2013]  Kill: 0 1 3: ^1Fulltime killed thecokeman by MOD_SABER
[Mon Oct 14 00:44:41 2013]  say: ^1Fulltime: ^5I am a Taijutsu Master!
[Mon Oct 14 00:44:51 2013]  say: ^1Fulltime: ^5Recover Chakra!!
[Mon Oct 14 00:44:55 2013]  say: ^1Fulltime: ^1^0I haven't enough Chakra!
[Mon Oct 14 00:45:11 2013]  say: ^1Fulltime: ^1SHARINGAN!!
[Mon Oct 14 00:45:24 2013]  say: ^1Fulltime: ^1^0I haven't enough Chakra!
[Mon Oct 14 00:45:42 2013]  say: ^1Fulltime: ^1MANGEKYOU SHARINGAN!!
[Mon Oct 14 00:45:57 2013]  say: ^1Fulltime: ^1MANGEKYOU SHARINGAN!!
[Mon Oct 14 00:45:57 2013]  say: ^1Fulltime: ^1^0I haven't enough Chakra!
[Mon Oct 14 00:45:57 2013]  say: ^1Fulltime: ^1^0I haven't enough Chakra!
[Mon Oct 14 00:45:57 2013]  say: ^1Fulltime: ^1^0I haven't enough Chakra!
[Mon Oct 14 00:46:06 2013]  say: ^1Fulltime: ^1^^0AMATERASU!!!!!!!
[Mon Oct 14 00:46:16 2013]  say: ^1Fulltime: ^1^0I haven't enough Chakra!
[Mon Oct 14 00:46:22 2013]  say: ^1Fulltime: ^1^^0TSUKUYOMI!!!!!!
[Mon Oct 14 00:46:43 2013]  say: ^1Fulltime: ^1^^0TSUKUYOMI!!!!!!
[Mon Oct 14 00:48:28 2013]  Kill: 1022 1 2: <world> killed thecokeman by MOD_MELEE
[Mon Oct 14 00:49:05 2013]  say: ^1Fulltime: ^4Ninja-Script by ^0Revan
[Mon Oct 14 00:49:08 2013]  Kill: 1022 1 2: <world> killed thecokeman by MOD_MELEE
[Mon Oct 14 00:49:14 2013]  Kill: 0 0 39: ^1Fulltime killed ^1Fulltime by MOD_SUICIDE
[Mon Oct 14 00:49:19 2013]  say: ^1Fulltime: ^4Ninja ^5Powers off
[Mon Oct 14 00:49:46 2013]  say: ^1Fulltime: ^4Kagebunshin!!
[Mon Oct 14 00:50:01 2013]  say: ^1Fulltime: ^6Rasengan!!
[Mon Oct 14 00:50:04 2013]  say: ^1Fulltime: ^4Ninja ^5Powers off
[Mon Oct 14 00:50:09 2013]  say: ^1Fulltime: ^5Hakke Rokujuyon Sho!!
[Mon Oct 14 00:50:18 2013]  say: ^1Fulltime: ^4Ninja ^5Powers off
[Mon Oct 14 00:50:28 2013]  say: ^1Fulltime: ^3Suna no Tate!
[Mon Oct 14 00:50:33 2013]  say: ^1Fulltime: ^4Ninja ^5Powers off
[Mon Oct 14 00:50:41 2013]  say: ^1Fulltime: ^6Super Rasengan!!
[Mon Oct 14 00:50:53 2013]  say: ^1Fulltime: ^4Ninja ^5Powers off
[Mon Oct 14 00:51:06 2013]  say: ^1Fulltime: ^4Kagebunshin!!
[Mon Oct 14 00:51:41 2013]  say: ^1Fulltime: ^4Lightning-^5Script by ^0Revan
[Mon Oct 14 00:51:42 2013]  Kill: 1022 1 3: <world> killed thecokeman by MOD_SABER
[Mon Oct 14 00:51:47 2013]  say: ^1Fulltime: ^4Lightning ^5Powers off
[Mon Oct 14 00:51:55 2013]  say: ^1Fulltime: ^4Lightning!
[Mon Oct 14 00:52:12 2013]  Kill: 1 0 3: thecokeman killed ^1Fulltime by MOD_SABER
[Mon Oct 14 00:52:17 2013]  say: ^1Fulltime: ^4Lightning ^5Powers off
[Mon Oct 14 00:52:29 2013]  say: ^1Fulltime: ^4Raikiri!!
[Mon Oct 14 00:52:45 2013]  say: ^1Fulltime: ^4Lightning ^5Powers off
[Mon Oct 14 00:52:46 2013]  say: ^1Fulltime: ^5Shock!
[Mon Oct 14 00:52:55 2013]  Kill: 1 0 3: thecokeman killed ^1Fulltime by MOD_SABER
[Mon Oct 14 00:52:57 2013]  say: ^1Fulltime: ^4Lightning ^5Powers off
[Mon Oct 14 00:53:18 2013]  say: ^1Fulltime: ^4Push!
[Mon Oct 14 00:53:22 2013]  say: ^1Fulltime: ^4Push!
[Mon Oct 14 00:53:23 2013]  Kill: 1 0 4: thecokeman killed ^1Fulltime by MOD_BRYAR_PISTOL
[Mon Oct 14 00:53:23 2013]  say: ^1Fulltime: ^4Lightning ^5Powers off
[Mon Oct 14 00:53:34 2013]  say: ^1Fulltime: ^5Lightning Bolt!
[Mon Oct 14 00:53:41 2013]  say: ^1Fulltime: ^5Lightning Bolt!
[Mon Oct 14 00:53:44 2013]  say: ^1Fulltime: ^5Lightning Bolt!
[Mon Oct 14 00:53:46 2013]  say: ^1Fulltime: ^4Lightning ^5Powers off
[Mon Oct 14 00:53:47 2013]  say: ^1Fulltime: ^5Lightning Bolt!
[Mon Oct 14 00:53:49 2013]  say: ^1Fulltime: ^4Lightning ^5Powers off
[Mon Oct 14 00:53:50 2013]  say: ^1Fulltime: ^4Storm Portal!!
[Mon Oct 14 00:53:55 2013]  say: ^1Fulltime: ^4Lightning ^5Powers off
[Mon Oct 14 00:54:03 2013]  say: ^1Fulltime: ^4Storm Portal!!
[Mon Oct 14 00:54:06 2013]  say: ^1Fulltime: ^4Lightning ^5Powers off
[Mon Oct 14 00:54:13 2013]  say: ^1Fulltime: ^4Lightning!
[Mon Oct 14 00:54:18 2013]  Kill: 1 0 3: thecokeman killed ^1Fulltime by MOD_SABER
[Mon Oct 14 00:54:19 2013]  say: ^1Fulltime: ^4Lightning ^5Powers off
[Mon Oct 14 00:54:25 2013]  say: ^1Fulltime: ^5Meditation!
[Mon Oct 14 00:54:32 2013]  say: ^1Fulltime: ^4Lightning ^5Powers off
[Mon Oct 14 00:54:35 2013]  say: ^1Fulltime: ^4Storm Portal!!
[Mon Oct 14 00:54:40 2013]  say: ^1Fulltime: ^4Lightning ^5Powers off
[Mon Oct 14 00:54:46 2013]  say: ^1Fulltime: ^4Push!
[Mon Oct 14 00:54:51 2013]  say: ^1Fulltime: ^4Lightning ^5Powers off
[Mon Oct 14 00:54:52 2013]  say: ^1Fulltime: ^4Lightning ^5Powers off
[Mon Oct 14 00:54:52 2013]  say: ^1Fulltime: ^4Lightning ^5Powers off
[Mon Oct 14 00:55:44 2013]  Kill: 1 0 3: thecokeman killed ^1Fulltime by MOD_SABER
[Mon Oct 14 00:56:21 2013]  Kill: 1 0 3: thecokeman killed ^1Fulltime by MOD_SABER
[Mon Oct 14 00:57:27 2013]  Kill: 0 1 3: ^1Fulltime killed thecokeman by MOD_SABER
[Mon Oct 14 00:59:01 2013]  say: thecokeman: NOCLIIP
[Mon Oct 14 00:59:29 2013]  say: ^1Fulltime: ^1Naruto ^2script by:^1Cloud ^4Strife
[Mon Oct 14 00:59:29 2013]  Kill: 1 0 31: thecokeman killed ^1Fulltime by MOD_FORCE_DARK
[Mon Oct 14 00:59:44 2013]  say: ^1Fulltime: ^4Push!
[Mon Oct 14 00:59:46 2013]  say: ^1Fulltime: ^4Lightning ^5Powers off
[Mon Oct 14 00:59:50 2013]  say: ^1Fulltime: ^1Naruto ^2script by:^1Cloud ^4Strife
[Mon Oct 14 00:59:56 2013]  say: ^1Fulltime: ^4Storm Portal!!
[Mon Oct 14 00:59:59 2013]  say: ^1Fulltime: ^4Lightning ^5Powers off
[Mon Oct 14 01:00:14 2013]  say: ^1Fulltime: ^1Combat ^0Script V1.1 By ^0Jawa Hunter
[Mon Oct 14 01:00:15 2013]  say: ^1Fulltime: ^0ARG!!!!! 
[Mon Oct 14 01:00:17 2013]  Kill: 1 0 31: thecokeman killed ^1Fulltime by MOD_FORCE_DARK
[Mon Oct 14 01:01:10 2013]  say: ^1Fulltime: ^1Naruto ^2script by:^1Cloud ^4Strife
[Mon Oct 14 01:01:19 2013]  say: ^1Fulltime: ^1ARG!!!^0HELP ME!!!
[Mon Oct 14 01:01:20 2013]  say: ^1Fulltime: ^1AHHHHHHHH!!!!!
[Mon Oct 14 01:01:21 2013]  Kill: 0 0 36: ^1Fulltime killed ^1Fulltime by MOD_CRUSH
[Mon Oct 14 01:01:39 2013]  say: ^1Fulltime: ^0HAZZARD ^1STRIKE!!!
[Mon Oct 14 01:01:40 2013]  Kill: 0 1 0: ^1Fulltime killed thecokeman by MOD_UNKNOWN
[Mon Oct 14 01:01:42 2013]  say: ^1Fulltime: ^1Combat ^0Abilities off
[Mon Oct 14 01:01:57 2013]  say: ^1Fulltime: ^0HAZZARD ^1STRIKE!!!
[Mon Oct 14 01:01:57 2013]  Kill: 0 1 36: ^1Fulltime killed thecokeman by MOD_CRUSH
[Mon Oct 14 01:01:58 2013]  say: ^1Fulltime: ^1Combat ^0Abilities off
[Mon Oct 14 01:02:03 2013]  say: ^1Fulltime: ^1DEATH ^0BALL!!!!!
[Mon Oct 14 01:02:32 2013]  say: ^1Fulltime: ^1Combat ^0Abilities off
[Mon Oct 14 01:03:00 2013]  say: ^1Fulltime: ^1Ninja's spawned
[Mon Oct 14 01:03:15 2013]  say: ^1Fulltime: ^1Ninja's spawned
[Mon Oct 14 01:03:27 2013]  say: ^1Fulltime: ^1Ninja's spawned
[Mon Oct 14 01:04:08 2013]  say: ^1Fulltime: ^1Ninja abilities off
[Mon Oct 14 01:04:12 2013]  say: ^1Fulltime: ^1Ninja's spawned
[Mon Oct 14 01:04:17 2013]  say: ^1Fulltime: ^1Ninja abilities off
[Mon Oct 14 01:04:20 2013]  say: ^1Fulltime: ^1Ninja abilities off
[Mon Oct 14 01:04:21 2013]  say: ^1Fulltime: ^1Ninja abilities off
[Mon Oct 14 01:04:22 2013]  say: ^1Fulltime: ^1Ninja abilities off
[Mon Oct 14 01:04:23 2013]  say: ^1Fulltime: ^1Ninja abilities off
[Mon Oct 14 01:04:24 2013]  say: ^1Fulltime: ^1Ninja abilities off
[Mon Oct 14 01:04:24 2013]  say: ^1Fulltime: ^1Ninja abilities off
[Mon Oct 14 01:04:25 2013]  say: ^1Fulltime: ^1Ninja abilities off
[Mon Oct 14 01:04:25 2013]  say: ^1Fulltime: ^1Ninja abilities off
[Mon Oct 14 01:04:25 2013]  say: ^1Fulltime: ^1Ninja abilities off
[Mon Oct 14 01:04:25 2013]  say: ^1Fulltime: ^1Ninja abilities off
[Mon Oct 14 01:04:27 2013]  say: ^1Fulltime: ^1Ninja's spawned
[Mon Oct 14 01:08:01 2013]  Kill: 1 0 31: thecokeman killed ^1Fulltime by MOD_FORCE_DARK
[Mon Oct 14 01:08:36 2013]  say: ^1Fulltime: ^1Ninja's spawned
[Mon Oct 14 01:08:50 2013]  say: ^1Fulltime: ^1Ninja abilities off
[Mon Oct 14 01:09:53 2013]  Kill: 1022 1 3: <world> killed thecokeman by MOD_SABER
[Mon Oct 14 01:10:09 2013]  say: ^1Fulltime: ^1Ninja abilities off
[Mon Oct 14 01:10:18 2013]  say: thecokeman: NICLIP
[Mon Oct 14 01:10:38 2013]  Kill: 1022 1 3: <world> killed thecokeman by MOD_SABER
[Mon Oct 14 01:12:12 2013]  say: ^1Fulltime: ^4Chidori!
[Mon Oct 14 01:12:16 2013]  say: ^1Fulltime: ^4Chidori!
[Mon Oct 14 01:12:16 2013]  Kill: 0 0 36: ^1Fulltime killed ^1Fulltime by MOD_CRUSH
[Mon Oct 14 01:12:19 2013]  say: ^1Fulltime: ^1Ninja abilities off
[Mon Oct 14 01:12:22 2013]  Kill: 1022 1 3: <world> killed thecokeman by MOD_SABER
[Mon Oct 14 01:12:40 2013]  Kill: 1022 0 3: <world> killed ^1Fulltime by MOD_SABER
[Mon Oct 14 01:14:10 2013]  say: ^1Fulltime: ^1Ninja's spawned
[Mon Oct 14 01:14:32 2013]  Kill: 1 1 39: thecokeman killed thecokeman by MOD_SUICIDE
[Mon Oct 14 01:17:44 2013]  say: ^1Fulltime: ^1Katon, Goukakyuu no jutsu!
[Mon Oct 14 01:18:00 2013]  say: ^1Fulltime: ^1Ninja abilities off
[Mon Oct 14 01:18:07 2013]  say: ^1Fulltime: ^5Kage Bunshin no jutsu!
[Mon Oct 14 01:18:15 2013]  say: ^1Fulltime: ^3Byakugan!
[Mon Oct 14 01:18:40 2013]  say: ^1Fulltime: ^3Konoha Sempuu!
[Mon Oct 14 01:18:40 2013]  Kill: 0 1 0: ^1Fulltime killed thecokeman by MOD_UNKNOWN
[Mon Oct 14 01:18:47 2013]  say: ^1Fulltime: ^1Ninja abilities off
[Mon Oct 14 01:19:03 2013]  say: ^1Fulltime: Hakke Rokujuu Yonshou!
[Mon Oct 14 01:19:09 2013]  say: ^1Fulltime: ^1Ninja abilities off
[Mon Oct 14 01:19:17 2013]  say: ^1Fulltime: ^4Hakke Shou Kaiten!
[Mon Oct 14 01:19:21 2013]  say: ^1Fulltime: ^1Ninja abilities off
[Mon Oct 14 01:19:27 2013]  say: ^1Fulltime: Kugutsu no jutsu!
[Mon Oct 14 01:19:37 2013]  say: ^1Fulltime: Mikazuki no mai!
[Mon Oct 14 01:19:41 2013]  say: ^1Fulltime: ^4Suiton Suijinheki!
[Mon Oct 14 01:19:47 2013]  say: ^1Fulltime: ^1Ninja abilities off
[Mon Oct 14 01:19:54 2013]  say: ^1Fulltime: Orioke no Jutsu!
[Mon Oct 14 01:20:01 2013]  say: ^1Fulltime: ^0Forbidden Jutsu: Kyuchiyose Edo Tensei!
[Mon Oct 14 01:20:10 2013]  Kill: 1 0 3: thecokeman killed ^1Fulltime by MOD_SABER
[Mon Oct 14 01:20:43 2013]  say: ^1Fulltime: ^1Summoning Jutsu!
[Mon Oct 14 01:20:54 2013]  say: ^1Fulltime: ^4Oodami Rasengan!
[Mon Oct 14 01:21:11 2013]  say: ^1Fulltime: ^1Ninja abilities off
[Mon Oct 14 01:21:12 2013]  say: ^1Fulltime: ^4Oodami Rasengan!
[Mon Oct 14 01:21:15 2013]  say: ^1Fulltime: ^1Ninja abilities off
[Mon Oct 14 01:21:17 2013]  say: ^1Fulltime: ^0Mangekyu Chidori!
[Mon Oct 14 01:21:28 2013]  say: ^1Fulltime: ^1Ninja abilities off
[Mon Oct 14 01:21:30 2013]  say: ^1Fulltime: ^5Raikiri!
[Mon Oct 14 01:21:39 2013]  say: ^1Fulltime: ^5Raikiri!
[Mon Oct 14 01:21:39 2013]  Kill: 0 1 36: ^1Fulltime killed thecokeman by MOD_CRUSH
[Mon Oct 14 01:21:39 2013]  Kill: 0 0 36: ^1Fulltime killed ^1Fulltime by MOD_CRUSH
[Mon Oct 14 01:21:50 2013]  say: ^1Fulltime: ^1Ninja abilities off
[Mon Oct 14 01:21:55 2013]  say: ^1Fulltime: ^5Kawamiri no Jutsu!
[Mon Oct 14 01:22:35 2013]  say: ^1Fulltime: ^1Rasengan!
[Mon Oct 14 01:22:46 2013]  say: ^1Fulltime: ^5Kawamiri no Jutsu!
[Mon Oct 14 01:22:48 2013]  Exit: Timelimit hit.
[Mon Oct 14 01:22:48 2013]  score: 36  ping: 120  client: 1 thecokeman
[Mon Oct 14 01:22:48 2013]  score: 5  ping: 155  client: 0 ^1Fulltime
[Mon Oct 14 01:23:16 2013]  ShutdownGame:
[Mon Oct 14 01:23:16 2013]  ------------------------------------------------------------
