[Thu Oct 10 08:19:20 2013]  ------------------------------------------------------------
[Thu Oct 10 08:19:20 2013]  InitGame: \g_siegeTeam2\none\g_siegeTeam1\none\g_jediVmerc\0\g_maxGameClients\0\g_noSpecMove\0\g_debugMelee\1\g_siegeRespawn\20\g_siegeTeamSwitch\1\g_forceRegenTime\0\g_forcePowerDisable\0\g_weaponDisable\0\g_allowNPC\1\bot_minplayers\0\sv_allowDownload\1\sv_floodProtect\0\sv_maxPing\0\sv_minPing\0\sv_maxRate\5000\sv_maxclients\32\sv_hostname\^3Darkquake's Makermod Server\g_duelWeaponDisable\65531\g_forceBasedTeams\0\duel_fraglimit\10\g_maxForceRank\7\g_saberLocking\1\g_privateDuel\1\capturelimit\0\timelimit\120\fraglimit\0\dmflags\0\version\(internal)JAmp: v1.0.1.0 win-x86 Oct 30 2003\g_maxHolocronCarry\3\g_gametype\0\g_needpass\0\protocol\26\mapname\mp/siege_desert\sv_privateClients\0\g_stepSlideFix\1\gamename\MakerMod\g_saberWallDamageScale\0.4\bg_fighterAltControl\0\g_showDuelHealths\0
[Thu Oct 10 08:19:21 2013]  ClientConnect: 0
[Thu Oct 10 08:19:39 2013]  ClientBegin: 0
[Thu Oct 10 08:20:02 2013]  say: ^0^1Darth ^0Kuge ISBACK: u could of least still sayed the note or u are X;
[Thu Oct 10 08:21:11 2013]  ClientDisconnect: 0
[Thu Oct 10 09:24:55 2013]  ClientConnect: 0
[Thu Oct 10 09:24:55 2013]  mlog:Player ^1Z^0eratul, connected. With IP - 109.47.3.95:-7527 
[Thu Oct 10 09:25:30 2013]  ClientBegin: 0
[Thu Oct 10 09:30:21 2013]  ClientDisconnect: 0
[Thu Oct 10 10:19:19 2013]  Exit: Timelimit hit.
[Thu Oct 10 10:29:19 2013]  ClientConnect: 0
[Thu Oct 10 10:29:19 2013]  mlog:Player Padawan, connected. With IP - 109.47.3.95:-9281 
[Thu Oct 10 10:29:26 2013]  ClientDisconnect: 0
[Thu Oct 10 10:29:26 2013]  ClientConnect: 0
[Thu Oct 10 10:29:26 2013]  mlog:Player Padawan, connected. With IP - 109.47.3.95:-9281 
[Thu Oct 10 10:30:06 2013]  ClientBegin: 0
[Thu Oct 10 10:30:31 2013]  ShutdownGame:
[Thu Oct 10 10:30:31 2013]  ------------------------------------------------------------
[Thu Oct 10 10:30:31 2013]  ------------------------------------------------------------
[Thu Oct 10 10:30:31 2013]  InitGame: \g_siegeTeam2\none\g_siegeTeam1\none\g_jediVmerc\0\g_maxGameClients\0\g_noSpecMove\0\g_debugMelee\1\g_siegeRespawn\20\g_siegeTeamSwitch\1\g_forceRegenTime\0\g_forcePowerDisable\0\g_weaponDisable\0\g_allowNPC\1\bot_minplayers\0\sv_allowDownload\1\sv_floodProtect\0\sv_maxPing\0\sv_minPing\0\sv_maxRate\5000\sv_maxclients\32\sv_hostname\^3Darkquake's Makermod Server\g_duelWeaponDisable\65531\g_forceBasedTeams\0\duel_fraglimit\10\g_maxForceRank\7\g_saberLocking\1\g_privateDuel\1\capturelimit\0\timelimit\120\fraglimit\0\dmflags\0\version\(internal)JAmp: v1.0.1.0 win-x86 Oct 30 2003\g_maxHolocronCarry\3\g_gametype\0\g_needpass\0\protocol\26\mapname\t2_trip\sv_privateClients\0\g_stepSlideFix\1\gamename\MakerMod\g_saberWallDamageScale\0.4\bg_fighterAltControl\0\g_showDuelHealths\0
[Thu Oct 10 10:30:33 2013]  ClientConnect: 0
[Thu Oct 10 10:30:55 2013]  ClientBegin: 0
[Thu Oct 10 10:36:26 2013]  ClientDisconnect: 0
[Thu Oct 10 12:30:30 2013]  Exit: Timelimit hit.
[Thu Oct 10 14:15:48 2013]  ClientConnect: 0
[Thu Oct 10 14:15:48 2013]  mlog:Player ^1Z^0eratul, connected. With IP - 109.47.3.95:-24455 
[Thu Oct 10 14:16:17 2013]  ClientBegin: 0
[Thu Oct 10 14:16:18 2013]  say: ^1Z^0eratul: ^1Boba^0Fett's ^3Ultra Utility ^7v3 ^5Beta 17a ^7- ^5U^7ltra^7-^5U^7tility^5.^7com
[Thu Oct 10 14:16:33 2013]  ShutdownGame:
[Thu Oct 10 14:16:33 2013]  ------------------------------------------------------------
[Thu Oct 10 14:16:33 2013]  ------------------------------------------------------------
[Thu Oct 10 14:16:33 2013]  InitGame: \g_siegeTeam2\none\g_siegeTeam1\none\g_jediVmerc\0\g_maxGameClients\0\g_noSpecMove\0\g_debugMelee\1\g_siegeRespawn\20\g_siegeTeamSwitch\1\g_forceRegenTime\0\g_forcePowerDisable\0\g_weaponDisable\0\g_allowNPC\1\bot_minplayers\0\sv_allowDownload\1\sv_floodProtect\0\sv_maxPing\0\sv_minPing\0\sv_maxRate\5000\sv_maxclients\32\sv_hostname\^3Darkquake's Makermod Server\g_duelWeaponDisable\65531\g_forceBasedTeams\0\duel_fraglimit\10\g_maxForceRank\7\g_saberLocking\1\g_privateDuel\1\capturelimit\0\timelimit\120\fraglimit\0\dmflags\0\version\(internal)JAmp: v1.0.1.0 win-x86 Oct 30 2003\g_maxHolocronCarry\3\g_gametype\0\g_needpass\0\protocol\26\mapname\mp/siege_desert\sv_privateClients\0\g_stepSlideFix\1\gamename\MakerMod\g_saberWallDamageScale\0.4\bg_fighterAltControl\0\g_showDuelHealths\0
[Thu Oct 10 14:16:34 2013]  ClientConnect: 0
[Thu Oct 10 14:16:53 2013]  ClientBegin: 0
[Thu Oct 10 14:16:54 2013]  say: ^1Z^0eratul: ^1Boba^0Fett's ^3Ultra Utility ^7v3 ^5Beta 17a ^7- ^5U^7ltra^7-^5U^7tility^5.^7com
[Thu Oct 10 14:20:31 2013]  Kill: 0 0 36: ^1Z^0eratul killed ^1Z^0eratul by MOD_CRUSH
[Thu Oct 10 14:30:51 2013]  Kill: 0 0 36: ^1Z^0eratul killed ^1Z^0eratul by MOD_CRUSH
[Thu Oct 10 14:30:55 2013]  ClientDisconnect: 0
[Thu Oct 10 16:16:32 2013]  Exit: Timelimit hit.
[Thu Oct 10 16:39:05 2013]  ClientConnect: 0
[Thu Oct 10 16:39:05 2013]  mlog:Player Padawan, connected. With IP - 91.61.1.246:29070 
[Thu Oct 10 16:39:24 2013]  ClientBegin: 0
[Thu Oct 10 16:39:48 2013]  ShutdownGame:
[Thu Oct 10 16:39:48 2013]  ------------------------------------------------------------
[Thu Oct 10 16:39:49 2013]  ------------------------------------------------------------
[Thu Oct 10 16:39:49 2013]  InitGame: \g_siegeTeam2\none\g_siegeTeam1\none\g_jediVmerc\0\g_maxGameClients\0\g_noSpecMove\0\g_debugMelee\1\g_siegeRespawn\20\g_siegeTeamSwitch\1\g_forceRegenTime\0\g_forcePowerDisable\0\g_weaponDisable\0\g_allowNPC\1\bot_minplayers\0\sv_allowDownload\1\sv_floodProtect\0\sv_maxPing\0\sv_minPing\0\sv_maxRate\5000\sv_maxclients\32\sv_hostname\^3Darkquake's Makermod Server\g_duelWeaponDisable\65531\g_forceBasedTeams\0\duel_fraglimit\10\g_maxForceRank\7\g_saberLocking\1\g_privateDuel\1\capturelimit\0\timelimit\120\fraglimit\0\dmflags\0\version\(internal)JAmp: v1.0.1.0 win-x86 Oct 30 2003\g_maxHolocronCarry\3\g_gametype\0\g_needpass\0\protocol\26\mapname\t2_trip\sv_privateClients\0\g_stepSlideFix\1\gamename\MakerMod\g_saberWallDamageScale\0.4\bg_fighterAltControl\0\g_showDuelHealths\0
[Thu Oct 10 16:39:50 2013]  ClientConnect: 0
[Thu Oct 10 16:40:05 2013]  ClientBegin: 0
[Thu Oct 10 16:40:55 2013]  Kill: 0 0 39: skallu killed skallu by MOD_SUICIDE
[Thu Oct 10 16:40:59 2013]  Kill: 0 0 39: skallu killed skallu by MOD_SUICIDE
[Thu Oct 10 16:41:07 2013]  Kill: 0 0 39: skallu killed skallu by MOD_SUICIDE
[Thu Oct 10 16:51:06 2013]  ClientDisconnect: 0
[Thu Oct 10 18:39:48 2013]  Exit: Timelimit hit.
[Thu Oct 10 20:02:47 2013]  ClientConnect: 0
[Thu Oct 10 20:02:47 2013]  mlog:Player pam, connected. With IP - 159.255.234.38:29070 
[Thu Oct 10 20:02:59 2013]  ClientBegin: 0
[Thu Oct 10 20:03:02 2013]  ShutdownGame:
[Thu Oct 10 20:03:02 2013]  ------------------------------------------------------------
[Thu Oct 10 20:03:03 2013]  ------------------------------------------------------------
[Thu Oct 10 20:03:03 2013]  InitGame: \g_siegeTeam2\none\g_siegeTeam1\none\g_jediVmerc\0\g_maxGameClients\0\g_noSpecMove\0\g_debugMelee\1\g_siegeRespawn\20\g_siegeTeamSwitch\1\g_forceRegenTime\0\g_forcePowerDisable\0\g_weaponDisable\0\g_allowNPC\1\bot_minplayers\0\sv_allowDownload\1\sv_floodProtect\0\sv_maxPing\0\sv_minPing\0\sv_maxRate\5000\sv_maxclients\32\sv_hostname\^3Darkquake's Makermod Server\g_duelWeaponDisable\65531\g_forceBasedTeams\0\duel_fraglimit\10\g_maxForceRank\7\g_saberLocking\1\g_privateDuel\1\capturelimit\0\timelimit\120\fraglimit\0\dmflags\0\version\(internal)JAmp: v1.0.1.0 win-x86 Oct 30 2003\g_maxHolocronCarry\3\g_gametype\0\g_needpass\0\protocol\26\mapname\mp/siege_desert\sv_privateClients\0\g_stepSlideFix\1\gamename\MakerMod\g_saberWallDamageScale\0.4\bg_fighterAltControl\0\g_showDuelHealths\0
[Thu Oct 10 20:03:04 2013]  ClientConnect: 0
[Thu Oct 10 20:03:12 2013]  ClientBegin: 0
[Thu Oct 10 20:04:25 2013]  ClientDisconnect: 0
[Thu Oct 10 22:03:02 2013]  Exit: Timelimit hit.
[Fri Oct 11 11:34:21 2013]  ClientConnect: 0
[Fri Oct 11 11:34:21 2013]  mlog:Player DETH, connected. With IP - 213.251.210.7:-761 
[Fri Oct 11 11:34:33 2013]  ClientBegin: 0
[Fri Oct 11 11:34:37 2013]  ClientDisconnect: 0
[Fri Oct 11 17:00:17 2013]  ClientConnect: 0
[Fri Oct 11 17:00:17 2013]  mlog:Player ^3R^0O^3N, connected. With IP - 213.251.210.7:-5724 
[Fri Oct 11 17:00:29 2013]  ClientBegin: 0
[Fri Oct 11 17:00:32 2013]  ClientDisconnect: 0
[Fri Oct 11 18:44:31 2013]  ClientConnect: 0
[Fri Oct 11 18:44:31 2013]  mlog:Player Rickadonia, connected. With IP - 91.23.191.188:29070 
[Fri Oct 11 18:44:50 2013]  ClientBegin: 0
[Fri Oct 11 18:45:04 2013]  ShutdownGame:
[Fri Oct 11 18:45:04 2013]  ------------------------------------------------------------
