[Sun Oct 20 14:11:26 2013]  ------------------------------------------------------------
[Sun Oct 20 14:11:26 2013]  InitGame: \dmflags\0\fraglimit\0\timelimit\120\capturelimit\0\g_privateDuel\1\g_saberLocking\1\g_maxForceRank\7\duel_fraglimit\10\g_forceBasedTeams\0\g_duelWeaponDisable\65531\sv_hostname\^3Darkquake's Makermod Server\sv_maxclients\32\sv_maxRate\5000\sv_minPing\0\sv_maxPing\0\sv_floodProtect\0\sv_allowDownload\1\bot_minplayers\0\g_allowNPC\1\g_weaponDisable\0\g_forcePowerDisable\0\g_forceRegenTime\0\g_siegeTeamSwitch\1\g_siegeRespawn\20\g_debugMelee\1\g_noSpecMove\0\g_maxGameClients\0\g_jediVmerc\0\g_siegeTeam1\none\g_siegeTeam2\none\version\(internal)JAmp: v1.0.1.0 win-x86 Oct 30 2003\g_maxHolocronCarry\3\g_gametype\0\g_needpass\0\protocol\26\mapname\mp/siege_desert\sv_privateClients\0\g_stepSlideFix\1\gamename\MakerMod\g_saberWallDamageScale\0.4\bg_fighterAltControl\0\g_showDuelHealths\0
[Sun Oct 20 14:11:27 2013]  ClientConnect: 0
[Sun Oct 20 14:11:45 2013]  ClientBegin: 0
[Sun Oct 20 14:12:36 2013]  say: ^3^0Darth^8 ^7Clac^8k: hi
[Sun Oct 20 14:13:00 2013]  say: ^3^0Darth^8 ^7Clac^8k: when that rancor stops does it go to sleep
[Sun Oct 20 14:13:57 2013]  say: ^3^0Darth^8 ^7Clac^8k: ^7Death^3 Script^3 B^0y^4 ^7 Clac^0k
[Sun Oct 20 14:14:06 2013]  say: ^3^0Darth^8 ^7Clac^8k: ^1Combat ^0Script V1.1 By ^0Jawa Hunter
[Sun Oct 20 14:14:07 2013]  say: ^3^0Darth^8 ^7Clac^8k: ^0ARG!!!!! 
[Sun Oct 20 14:14:43 2013]  Kill: 0 0 39: ^3^0Darth^8 ^7Clac^8k killed ^3^0Darth^8 ^7Clac^8k by MOD_SUICIDE
[Sun Oct 20 14:15:06 2013]  Item: 0 weapon_rocket_launcher
[Sun Oct 20 14:15:40 2013]  say: ^3^0Darth^8 ^7Clac^8k: ^1ARG!!!^0HELP ME!!!
[Sun Oct 20 14:15:41 2013]  say: ^3^0Darth^8 ^7Clac^8k: ^1AHHHHHHHH!!!!!
[Sun Oct 20 14:15:47 2013]  ClientConnect: 1
[Sun Oct 20 14:15:47 2013]  mlog:Player ^1{^0Mandalore^1}Xion{^0DW^1}, connected. With IP - 109.47.3.250:-32270 
[Sun Oct 20 14:15:55 2013]  say: ^3^0Darth^8 ^7Clac^8k: ^1ARG!!!^0HELP ME!!!
[Sun Oct 20 14:15:56 2013]  say: ^3^0Darth^8 ^7Clac^8k: ^1AHHHHHHHH!!!!!
[Sun Oct 20 14:16:10 2013]  ClientBegin: 1
[Sun Oct 20 14:16:17 2013]  say: ^3^0Darth^8 ^7Clac^8k: hi
[Sun Oct 20 14:16:48 2013]  say: ^3^0Darth^8 ^7Clac^8k: hi xion
[Sun Oct 20 14:16:57 2013]  say: ^1Z^0eratul: HI lol
[Sun Oct 20 14:17:02 2013]  say: ^3^0Darth^8 ^7Clac^8k: what
[Sun Oct 20 14:17:16 2013]  say: ^1Z^0eratul: uhm
[Sun Oct 20 14:17:27 2013]  say: ^1Z^0eratul: rules no npc spamming :P
[Sun Oct 20 14:17:34 2013]  say: ^3^0Darth^8 ^7Clac^8k: i dident
[Sun Oct 20 14:18:25 2013]  say: ^1Z^0eratul: where are u?
[Sun Oct 20 14:18:38 2013]  say: ^3^0Darth^8 ^7Clac^8k: at falcon why
[Sun Oct 20 14:19:05 2013]  say: ^1Z^0eratul: lol
[Sun Oct 20 14:19:25 2013]  say: ^1Z^0eratul: HEY
[Sun Oct 20 14:19:26 2013]  say: ^1Z^0eratul: D:
[Sun Oct 20 14:19:45 2013]  say: ^3^0Darth^8 ^7Clac^8k: didn't even kill them
[Sun Oct 20 14:19:49 2013]  say: ^1Z^0eratul: u did
[Sun Oct 20 14:19:52 2013]  say: ^1Z^0eratul: D:
[Sun Oct 20 14:19:59 2013]  say: ^3^0Darth^8 ^7Clac^8k: i dont have point
[Sun Oct 20 14:20:07 2013]  say: ^1Z^0eratul: they was phatoms D:
[Sun Oct 20 14:20:16 2013]  say: ^3^0Darth^8 ^7Clac^8k: :?
[Sun Oct 20 14:20:41 2013]  say: ^1Z^0eratul: mhm
[Sun Oct 20 14:20:42 2013]  say: ^1Z^0eratul: i go bb
[Sun Oct 20 14:20:44 2013]  ClientDisconnect: 1
[Sun Oct 20 14:20:45 2013]  say: ^3^0Darth^8 ^7Clac^8k: why
[Sun Oct 20 14:21:51 2013]  ClientDisconnect: 0
[Sun Oct 20 15:05:24 2013]  ClientConnect: 0
[Sun Oct 20 15:05:24 2013]  mlog:Player Padawan, connected. With IP - 93.91.151.44:29070 
[Sun Oct 20 15:05:58 2013]  ClientBegin: 0
[Sun Oct 20 15:06:30 2013]  say: Padawan: ^0ELEMENT SCRIPT V2 ^5By ^1µ^2/^0Ðàrk^1Qµàkè^2/^1S
[Sun Oct 20 15:06:31 2013]  say: Padawan: ^6I call the four ^3elements: ^1Fire, ^5Air, ^4Water ^6and ^2Earth ^6to fight along side me!
[Sun Oct 20 15:06:52 2013]  say: Padawan: ^1Aiming...
[Sun Oct 20 15:06:55 2013]  say: Padawan: ^1Aiming...
[Sun Oct 20 15:07:07 2013]  say: Padawan: ^1FIRE BALL!
[Sun Oct 20 15:07:11 2013]  say: Padawan: ^1FIRE BALL!
[Sun Oct 20 15:07:20 2013]  say: Padawan: ^1FIRE ^5SURROUND!
[Sun Oct 20 15:07:25 2013]  say: Padawan: ^1FIRE ^5SURROUND!
[Sun Oct 20 15:07:33 2013]  say: Padawan: ^1FIRE BALL!
[Sun Oct 20 15:07:38 2013]  say: Padawan: ^1FIRE BALL!
[Sun Oct 20 15:07:39 2013]  say: Padawan: ^1FIRE BALL!
[Sun Oct 20 15:07:47 2013]  say: Padawan: ^1Aiming...
[Sun Oct 20 15:07:47 2013]  say: Padawan: ^1FIRE ^5SURROUND!
[Sun Oct 20 15:08:09 2013]  say: Padawan: ^1FIRE ^5SURROUND!
[Sun Oct 20 15:08:23 2013]  say: Padawan: ^1Aiming...
[Sun Oct 20 15:08:28 2013]  say: Padawan: ^1FIRE ^5SURROUND!
[Sun Oct 20 15:08:32 2013]  say: Padawan: ^1FIRE ^5SURROUND!
[Sun Oct 20 15:08:52 2013]  ClientDisconnect: 0
[Sun Oct 20 16:11:25 2013]  Exit: Timelimit hit.
[Sun Oct 20 16:51:46 2013]  ClientConnect: 0
[Sun Oct 20 16:51:46 2013]  mlog:Player ^0ÐàrkQµàkè, connected. With IP - 192.168.1.3:29071 
[Sun Oct 20 16:52:09 2013]  ClientBegin: 0
[Sun Oct 20 16:52:11 2013]  ShutdownGame:
[Sun Oct 20 16:52:11 2013]  ------------------------------------------------------------
[Sun Oct 20 16:52:12 2013]  ------------------------------------------------------------
[Sun Oct 20 16:52:12 2013]  InitGame: \dmflags\0\fraglimit\0\timelimit\120\capturelimit\0\g_privateDuel\1\g_saberLocking\1\g_maxForceRank\7\duel_fraglimit\10\g_forceBasedTeams\0\g_duelWeaponDisable\65531\sv_hostname\^3Darkquake's Makermod Server\sv_maxclients\32\sv_maxRate\5000\sv_minPing\0\sv_maxPing\0\sv_floodProtect\0\sv_allowDownload\1\bot_minplayers\0\g_allowNPC\1\g_weaponDisable\0\g_forcePowerDisable\0\g_forceRegenTime\0\g_siegeTeamSwitch\1\g_siegeRespawn\20\g_debugMelee\1\g_noSpecMove\0\g_maxGameClients\0\g_jediVmerc\0\g_siegeTeam1\none\g_siegeTeam2\none\version\(internal)JAmp: v1.0.1.0 win-x86 Oct 30 2003\g_maxHolocronCarry\3\g_gametype\0\g_needpass\0\protocol\26\mapname\t2_trip\sv_privateClients\0\g_stepSlideFix\1\gamename\MakerMod\g_saberWallDamageScale\0.4\bg_fighterAltControl\0\g_showDuelHealths\0
[Sun Oct 20 16:52:13 2013]  ClientConnect: 0
[Sun Oct 20 16:52:32 2013]  ClientBegin: 0
[Sun Oct 20 16:56:06 2013]  ShutdownGame:
[Sun Oct 20 16:56:06 2013]  ------------------------------------------------------------
[Sun Oct 20 16:56:07 2013]  ------------------------------------------------------------
[Sun Oct 20 16:56:07 2013]  InitGame: \dmflags\0\fraglimit\0\timelimit\120\capturelimit\0\g_privateDuel\1\g_saberLocking\1\g_maxForceRank\7\duel_fraglimit\10\g_forceBasedTeams\0\g_duelWeaponDisable\65531\sv_hostname\^3Darkquake's Makermod Server\sv_maxclients\32\sv_maxRate\5000\sv_minPing\0\sv_maxPing\0\sv_floodProtect\0\sv_allowDownload\1\bot_minplayers\0\g_allowNPC\1\g_weaponDisable\0\g_forcePowerDisable\0\g_forceRegenTime\1\g_siegeTeamSwitch\1\g_siegeRespawn\20\g_debugMelee\1\g_noSpecMove\0\g_maxGameClients\0\g_jediVmerc\0\g_siegeTeam1\none\g_siegeTeam2\none\version\(internal)JAmp: v1.0.1.0 win-x86 Oct 30 2003\g_maxHolocronCarry\3\g_gametype\0\g_needpass\0\protocol\26\mapname\t2_trip\sv_privateClients\0\g_stepSlideFix\1\gamename\MakerMod\g_saberWallDamageScale\0.4\bg_fighterAltControl\0\g_showDuelHealths\0
[Sun Oct 20 16:56:08 2013]  ClientConnect: 0
[Sun Oct 20 16:56:21 2013]  ClientDisconnect: 0
[Sun Oct 20 16:56:21 2013]  ClientConnect: 0
[Sun Oct 20 16:56:21 2013]  mlog:Player ^0ÐàrkQµàkè, connected. With IP - 192.168.1.3:29071 
[Sun Oct 20 16:56:47 2013]  ClientBegin: 0
[Sun Oct 20 16:57:17 2013]  ------------------------------------------------------------
[Sun Oct 20 16:57:17 2013]  InitGame: \g_siegeTeam2\none\g_siegeTeam1\none\g_jediVmerc\0\g_maxGameClients\0\g_noSpecMove\0\g_debugMelee\1\g_siegeRespawn\20\g_siegeTeamSwitch\1\g_forceRegenTime\1\g_forcePowerDisable\0\g_weaponDisable\0\g_allowNPC\1\sv_allowDownload\1\sv_floodProtect\0\sv_maxPing\0\sv_minPing\0\sv_maxRate\5000\sv_maxclients\32\sv_hostname\^3Darkquake's Makermod Server\g_duelWeaponDisable\65531\g_forceBasedTeams\0\duel_fraglimit\10\g_maxForceRank\7\g_saberLocking\1\g_privateDuel\1\capturelimit\0\timelimit\120\fraglimit\0\dmflags\0\version\(internal)JAmp: v1.0.1.0 win-x86 Oct 30 2003\g_maxHolocronCarry\3\g_gametype\0\g_needpass\0\protocol\26\mapname\t2_trip\sv_privateClients\0\g_stepSlideFix\1\gamename\MakerMod\g_saberWallDamageScale\0.4\bg_fighterAltControl\0\g_showDuelHealths\0
[Sun Oct 20 16:57:55 2013]  ShutdownGame:
[Sun Oct 20 16:57:55 2013]  ------------------------------------------------------------
[Sun Oct 20 16:57:56 2013]  ------------------------------------------------------------
[Sun Oct 20 16:57:56 2013]  InitGame: \g_siegeTeam2\none\g_siegeTeam1\none\g_jediVmerc\0\g_maxGameClients\0\g_noSpecMove\0\g_debugMelee\1\g_siegeRespawn\20\g_siegeTeamSwitch\1\g_forceRegenTime\1\g_forcePowerDisable\0\g_weaponDisable\0\g_allowNPC\1\bot_minplayers\0\sv_allowDownload\1\sv_floodProtect\0\sv_maxPing\0\sv_minPing\0\sv_maxRate\5000\sv_maxclients\32\sv_hostname\^3Darkquake's Makermod Server\g_duelWeaponDisable\65531\g_forceBasedTeams\0\duel_fraglimit\10\g_maxForceRank\7\g_saberLocking\1\g_privateDuel\1\capturelimit\0\timelimit\120\fraglimit\0\dmflags\0\version\(internal)JAmp: v1.0.1.0 win-x86 Oct 30 2003\g_maxHolocronCarry\3\g_gametype\0\g_needpass\0\protocol\26\mapname\t2_trip\sv_privateClients\0\g_stepSlideFix\1\gamename\MakerMod\g_saberWallDamageScale\0.4\bg_fighterAltControl\0\g_showDuelHealths\0
[Sun Oct 20 16:58:15 2013]  ClientConnect: 0
[Sun Oct 20 16:58:15 2013]  mlog:Player ^0ÐàrkQµàkè, connected. With IP - 192.168.1.3:29071 
[Sun Oct 20 16:58:41 2013]  ClientBegin: 0
[Sun Oct 20 17:02:54 2013]  say: ^0ÐàrkQµàkè: ^0ELEMENT SCRIPT V2 MODIFIED (Basis for V3) ^5By ^0ÐàrkQµàkè
[Sun Oct 20 17:02:55 2013]  say: ^0ÐàrkQµàkè: ^6I call the four ^3elements: ^1Fire, ^5Air, ^4Water ^6and ^2Earth ^6to fight along side me!
[Sun Oct 20 17:08:22 2013]  ClientDisconnect: 0
[Sun Oct 20 17:35:09 2013]  ClientConnect: 0
[Sun Oct 20 17:35:09 2013]  mlog:Player Moanoli, connected. With IP - 91.1.192.218:29070 
[Sun Oct 20 17:35:22 2013]  ClientBegin: 0
[Sun Oct 20 17:35:29 2013]  ClientConnect: 1
[Sun Oct 20 17:35:29 2013]  mlog:Player Rickadonia, connected. With IP - 91.23.148.200:29070 
[Sun Oct 20 17:35:58 2013]  ClientBegin: 1
[Sun Oct 20 17:36:52 2013]  say: Moanoli: npc spawn luke
[Sun Oct 20 17:43:51 2013]  ClientDisconnect: 1
[Sun Oct 20 17:48:07 2013]  ClientDisconnect: 0
[Sun Oct 20 17:49:19 2013]  ClientConnect: 0
[Sun Oct 20 17:49:19 2013]  mlog:Player Moanoli, connected. With IP - 91.1.192.218:29070 
[Sun Oct 20 17:49:27 2013]  ClientBegin: 0
[Sun Oct 20 17:49:32 2013]  ClientDisconnect: 0
[Sun Oct 20 17:52:36 2013]  ClientConnect: 0
[Sun Oct 20 17:52:36 2013]  mlog:Player Moanoli, connected. With IP - 91.1.192.218:29070 
[Sun Oct 20 17:53:19 2013]  ClientBegin: 0
[Sun Oct 20 17:54:02 2013]  say: Moanoli: npc spawn RANCOR_VEHICLE
[Sun Oct 20 17:54:09 2013]  ClientConnect: 1
[Sun Oct 20 17:54:09 2013]  mlog:Player Rickadonia, connected. With IP - 91.23.148.200:29070 
[Sun Oct 20 17:54:23 2013]  Item: 0 ammo_all
[Sun Oct 20 17:54:33 2013]  say: Moanoli: RANCOR_VEHICLE
[Sun Oct 20 17:54:48 2013]  ClientBegin: 1
[Sun Oct 20 17:54:53 2013]  Kill: 0 1 27: Moanoli killed Rickadonia by MOD_DET_PACK_SPLASH
[Sun Oct 20 17:55:44 2013]  say: Rickadonia: setforce all
[Sun Oct 20 17:55:45 2013]  say: Moanoli: RANCOR_VEHICLE
[Sun Oct 20 17:56:05 2013]  say: Moanoli: setforceall 9
[Sun Oct 20 17:56:15 2013]  say: Rickadonia: setforceall 2
[Sun Oct 20 17:56:36 2013]  say: Moanoli: RANCOR_VEHICLE
[Sun Oct 20 17:57:54 2013]  say: Moanoli: /kill
[Sun Oct 20 17:57:57 2013]  Kill: 0 0 39: Moanoli killed Moanoli by MOD_SUICIDE
[Sun Oct 20 17:58:21 2013]  say: Moanoli: male sex
[Sun Oct 20 17:58:31 2013]  say: Rickadonia: male sex
[Sun Oct 20 18:00:36 2013]  say: Moanoli: nolcip
[Sun Oct 20 18:02:22 2013]  ClientConnect: 2
[Sun Oct 20 18:02:22 2013]  mlog:Player ^2DiNa^9MiT^0]ILLUMINATI[, connected. With IP - 178.123.92.130:29070 
[Sun Oct 20 18:03:07 2013]  ClientBegin: 2
[Sun Oct 20 18:03:29 2013]  say: Moanoli: help
[Sun Oct 20 18:03:37 2013]  say: ^3Di^2Na^9Mi^4T: ðóññêèå
[Sun Oct 20 18:03:43 2013]  say: ^3Di^2Na^9Mi^4T: ahh
[Sun Oct 20 18:03:48 2013]  say: ^3Di^2Na^9Mi^4T: hi all
[Sun Oct 20 18:03:56 2013]  say: ^3Di^2Na^9Mi^4T: My origin is: (-6719 -20528 1484) - You can teleport here with /mtelelast

[Sun Oct 20 18:04:14 2013]  Kill: 2 2 39: ^3Di^2Na^9Mi^4T killed ^3Di^2Na^9Mi^4T by MOD_SUICIDE
[Sun Oct 20 18:04:14 2013]  setteam:  2 FREE SPECTATOR
[Sun Oct 20 18:04:14 2013]  ClientBegin: 2
[Sun Oct 20 18:04:23 2013]  setteam:  2 SPECTATOR FREE
[Sun Oct 20 18:04:23 2013]  ClientBegin: 2
[Sun Oct 20 18:05:06 2013]  say: Moanoli: whats that?
[Sun Oct 20 18:07:02 2013]  say: Moanoli: wtf??
[Sun Oct 20 18:07:09 2013]  say: Moanoli: big
[Sun Oct 20 18:07:58 2013]  ClientDisconnect: 0
[Sun Oct 20 18:08:05 2013]  ClientDisconnect: 1
[Sun Oct 20 18:08:25 2013]  ClientDisconnect: 2
[Sun Oct 20 18:57:55 2013]  Exit: Timelimit hit.
[Mon Oct 21 14:45:08 2013]  ClientConnect: 0
[Mon Oct 21 14:45:08 2013]  mlog:Player DETH, connected. With IP - 213.251.210.7:-4357 
[Mon Oct 21 14:45:24 2013]  ClientBegin: 0
[Mon Oct 21 14:45:29 2013]  ClientDisconnect: 0
[Mon Oct 21 18:10:18 2013]  ClientConnect: 0
[Mon Oct 21 18:10:18 2013]  mlog:Player Padawan, connected. With IP - 188.26.51.68:29070 
[Mon Oct 21 18:10:58 2013]  ClientBegin: 0
[Mon Oct 21 18:11:01 2013]  ShutdownGame:
[Mon Oct 21 18:11:01 2013]  ------------------------------------------------------------
