[Fri Oct 04 09:34:53 2013]  ------------------------------------------------------------
[Fri Oct 04 09:34:53 2013]  InitGame: \dmflags\0\fraglimit\0\timelimit\120\capturelimit\0\g_privateDuel\1\g_saberLocking\1\g_maxForceRank\7\duel_fraglimit\10\g_forceBasedTeams\0\g_duelWeaponDisable\65531\sv_hostname\^3Darkquake's Makermod Server\sv_maxclients\32\sv_maxRate\5000\sv_minPing\0\sv_maxPing\0\sv_floodProtect\0\sv_allowDownload\1\bot_minplayers\0\g_allowNPC\1\g_weaponDisable\0\g_forcePowerDisable\0\g_forceRegenTime\0\g_siegeTeamSwitch\1\g_siegeRespawn\20\g_debugMelee\1\g_noSpecMove\0\g_maxGameClients\0\g_jediVmerc\0\g_siegeTeam1\none\g_siegeTeam2\none\version\(internal)JAmp: v1.0.1.0 win-x86 Oct 30 2003\g_maxHolocronCarry\3\g_gametype\0\g_needpass\0\protocol\26\mapname\t2_trip\sv_privateClients\0\g_stepSlideFix\1\gamename\MakerMod\g_saberWallDamageScale\0.4\bg_fighterAltControl\0\g_showDuelHealths\0
[Fri Oct 04 09:34:54 2013]  ClientConnect: 0
[Fri Oct 04 09:35:11 2013]  ClientBegin: 0
[Fri Oct 04 09:35:15 2013]  setteam:  0 SPECTATOR FREE
[Fri Oct 04 09:35:15 2013]  ClientBegin: 0
[Fri Oct 04 09:35:23 2013]  say: Altair Karon: helpusobi 1
[Fri Oct 04 09:38:16 2013]  ClientDisconnect: 0
[Fri Oct 04 11:34:52 2013]  Exit: Timelimit hit.
[Fri Oct 04 15:43:22 2013]  ClientConnect: 0
[Fri Oct 04 15:43:22 2013]  mlog:Player Nast, connected. With IP - 89.145.152.30:29070 
[Fri Oct 04 15:44:02 2013]  ClientBegin: 0
[Fri Oct 04 15:44:21 2013]  ShutdownGame:
[Fri Oct 04 15:44:21 2013]  ------------------------------------------------------------
[Fri Oct 04 15:44:22 2013]  ------------------------------------------------------------
[Fri Oct 04 15:44:22 2013]  InitGame: \dmflags\0\fraglimit\0\timelimit\120\capturelimit\0\g_privateDuel\1\g_saberLocking\1\g_maxForceRank\7\duel_fraglimit\10\g_forceBasedTeams\0\g_duelWeaponDisable\65531\sv_hostname\^3Darkquake's Makermod Server\sv_maxclients\32\sv_maxRate\5000\sv_minPing\0\sv_maxPing\0\sv_floodProtect\0\sv_allowDownload\1\bot_minplayers\0\g_allowNPC\1\g_weaponDisable\0\g_forcePowerDisable\0\g_forceRegenTime\0\g_siegeTeamSwitch\1\g_siegeRespawn\20\g_debugMelee\1\g_noSpecMove\0\g_maxGameClients\0\g_jediVmerc\0\g_siegeTeam1\none\g_siegeTeam2\none\version\(internal)JAmp: v1.0.1.0 win-x86 Oct 30 2003\g_maxHolocronCarry\3\g_gametype\0\g_needpass\0\protocol\26\mapname\mp/siege_desert\sv_privateClients\0\g_stepSlideFix\1\gamename\MakerMod\g_saberWallDamageScale\0.4\bg_fighterAltControl\0\g_showDuelHealths\0
[Fri Oct 04 15:44:22 2013]  ClientConnect: 0
[Fri Oct 04 15:44:36 2013]  ClientBegin: 0
[Fri Oct 04 15:49:36 2013]  Kill: 0 0 39: Altair Karon killed Altair Karon by MOD_SUICIDE
[Fri Oct 04 15:49:36 2013]  setteam:  0 FREE SPECTATOR
[Fri Oct 04 15:49:36 2013]  ClientBegin: 0
[Fri Oct 04 15:49:42 2013]  ClientDisconnect: 0
[Fri Oct 04 17:03:07 2013]  ClientConnect: 0
[Fri Oct 04 17:03:07 2013]  mlog:Player ^3R^0O^3N, connected. With IP - 213.251.210.3:-12099 
[Fri Oct 04 17:03:23 2013]  ClientBegin: 0
[Fri Oct 04 17:04:20 2013]  ClientDisconnect: 0
[Fri Oct 04 17:34:12 2013]  ClientConnect: 0
[Fri Oct 04 17:34:12 2013]  mlog:Player DETH, connected. With IP - 213.251.210.3:-15217 
[Fri Oct 04 17:34:22 2013]  ClientBegin: 0
[Fri Oct 04 17:34:25 2013]  ClientDisconnect: 0
[Fri Oct 04 17:44:20 2013]  Exit: Timelimit hit.
[Fri Oct 04 19:54:14 2013]  ClientConnect: 0
[Fri Oct 04 19:54:14 2013]  mlog:Player ^4Lord ^5Equinox, connected. With IP - 108.51.167.48:29070 
[Fri Oct 04 19:54:26 2013]  ClientBegin: 0
[Fri Oct 04 19:54:31 2013]  ShutdownGame:
[Fri Oct 04 19:54:31 2013]  ------------------------------------------------------------
[Fri Oct 04 19:54:31 2013]  ------------------------------------------------------------
[Fri Oct 04 19:54:31 2013]  InitGame: \dmflags\0\fraglimit\0\timelimit\120\capturelimit\0\g_privateDuel\1\g_saberLocking\1\g_maxForceRank\7\duel_fraglimit\10\g_forceBasedTeams\0\g_duelWeaponDisable\65531\sv_hostname\^3Darkquake's Makermod Server\sv_maxclients\32\sv_maxRate\5000\sv_minPing\0\sv_maxPing\0\sv_floodProtect\0\sv_allowDownload\1\bot_minplayers\0\g_allowNPC\1\g_weaponDisable\0\g_forcePowerDisable\0\g_forceRegenTime\0\g_siegeTeamSwitch\1\g_siegeRespawn\20\g_debugMelee\1\g_noSpecMove\0\g_maxGameClients\0\g_jediVmerc\0\g_siegeTeam1\none\g_siegeTeam2\none\version\(internal)JAmp: v1.0.1.0 win-x86 Oct 30 2003\g_maxHolocronCarry\3\g_gametype\0\g_needpass\0\protocol\26\mapname\t2_trip\sv_privateClients\0\g_stepSlideFix\1\gamename\MakerMod\g_saberWallDamageScale\0.4\bg_fighterAltControl\0\g_showDuelHealths\0
[Fri Oct 04 19:54:33 2013]  ClientConnect: 0
[Fri Oct 04 19:54:41 2013]  ClientBegin: 0
[Fri Oct 04 20:11:45 2013]  ClientDisconnect: 0
[Fri Oct 04 21:54:30 2013]  Exit: Timelimit hit.
