[Mon Oct 07 01:22:52 2013]  ------------------------------------------------------------
[Mon Oct 07 01:22:52 2013]  InitGame: \dmflags\0\fraglimit\0\timelimit\120\capturelimit\0\g_privateDuel\1\g_saberLocking\1\g_maxForceRank\7\duel_fraglimit\10\g_forceBasedTeams\0\g_duelWeaponDisable\65531\sv_hostname\^3Darkquake's Makermod Server\sv_maxclients\32\sv_maxRate\5000\sv_minPing\0\sv_maxPing\0\sv_floodProtect\0\sv_allowDownload\1\bot_minplayers\0\g_allowNPC\1\g_weaponDisable\0\g_forcePowerDisable\0\g_forceRegenTime\0\g_siegeTeamSwitch\1\g_siegeRespawn\20\g_debugMelee\1\g_noSpecMove\0\g_maxGameClients\0\g_jediVmerc\0\g_siegeTeam1\none\g_siegeTeam2\none\version\(internal)JAmp: v1.0.1.0 win-x86 Oct 30 2003\g_maxHolocronCarry\3\g_gametype\0\g_needpass\0\protocol\26\mapname\t2_trip\sv_privateClients\0\g_stepSlideFix\1\gamename\MakerMod\g_saberWallDamageScale\0.4\bg_fighterAltControl\0\g_showDuelHealths\0
[Mon Oct 07 01:22:54 2013]  ClientConnect: 0
[Mon Oct 07 01:23:00 2013]  ClientBegin: 0
[Mon Oct 07 01:23:57 2013]  ClientDisconnect: 0
[Mon Oct 07 03:10:12 2013]  ClientConnect: 0
[Mon Oct 07 03:10:12 2013]  mlog:Player ^1M^7a^1®Z, connected. With IP - 174.68.113.8:29070 
[Mon Oct 07 03:10:40 2013]  ClientBegin: 0
[Mon Oct 07 03:10:41 2013]  say: ^5§^0had^50^0w: ^1Boba^0Fett's ^3Ultra Utility ^7v3 ^5Beta 17a ^7- ^5U^7ltra^7-^5U^7tility^5.^7com
[Mon Oct 07 03:11:24 2013]  Kill: 0 0 39: ^5§^0had^50^0w killed ^5§^0had^50^0w by MOD_SUICIDE
[Mon Oct 07 03:12:19 2013]  ClientDisconnect: 0
[Mon Oct 07 03:22:51 2013]  Exit: Timelimit hit.
[Mon Oct 07 14:59:04 2013]  ClientConnect: 0
[Mon Oct 07 14:59:04 2013]  mlog:Player maxim, connected. With IP - 46.39.244.66:-12598 
[Mon Oct 07 14:59:22 2013]  ClientBegin: 0
[Mon Oct 07 14:59:29 2013]  ShutdownGame:
[Mon Oct 07 14:59:29 2013]  ------------------------------------------------------------
[Mon Oct 07 14:59:29 2013]  ------------------------------------------------------------
[Mon Oct 07 14:59:29 2013]  InitGame: \dmflags\0\fraglimit\0\timelimit\120\capturelimit\0\g_privateDuel\1\g_saberLocking\1\g_maxForceRank\7\duel_fraglimit\10\g_forceBasedTeams\0\g_duelWeaponDisable\65531\sv_hostname\^3Darkquake's Makermod Server\sv_maxclients\32\sv_maxRate\5000\sv_minPing\0\sv_maxPing\0\sv_floodProtect\0\sv_allowDownload\1\bot_minplayers\0\g_allowNPC\1\g_weaponDisable\0\g_forcePowerDisable\0\g_forceRegenTime\0\g_siegeTeamSwitch\1\g_siegeRespawn\20\g_debugMelee\1\g_noSpecMove\0\g_maxGameClients\0\g_jediVmerc\0\g_siegeTeam1\none\g_siegeTeam2\none\version\(internal)JAmp: v1.0.1.0 win-x86 Oct 30 2003\g_maxHolocronCarry\3\g_gametype\0\g_needpass\0\protocol\26\mapname\mp/siege_desert\sv_privateClients\0\g_stepSlideFix\1\gamename\MakerMod\g_saberWallDamageScale\0.4\bg_fighterAltControl\0\g_showDuelHealths\0
[Mon Oct 07 14:59:30 2013]  ClientConnect: 0
[Mon Oct 07 14:59:36 2013]  ClientBegin: 0
[Mon Oct 07 15:00:44 2013]  say: maxim: g
[Mon Oct 07 15:08:30 2013]  ClientDisconnect: 0
[Mon Oct 07 16:59:28 2013]  Exit: Timelimit hit.
[Mon Oct 07 17:57:55 2013]  ClientConnect: 0
[Mon Oct 07 17:57:55 2013]  mlog:Player Lisymord, connected. With IP - 176.103.92.54:29070 
[Mon Oct 07 17:58:07 2013]  ClientConnect: 1
[Mon Oct 07 17:58:07 2013]  mlog:Player Padawan, connected. With IP - 109.111.29.133:29070 
[Mon Oct 07 17:58:14 2013]  ClientBegin: 0
[Mon Oct 07 17:58:27 2013]  ClientBegin: 1
[Mon Oct 07 17:58:37 2013]  ShutdownGame:
[Mon Oct 07 17:58:37 2013]  ------------------------------------------------------------
[Mon Oct 07 17:58:38 2013]  ------------------------------------------------------------
[Mon Oct 07 17:58:38 2013]  InitGame: \dmflags\0\fraglimit\0\timelimit\120\capturelimit\0\g_privateDuel\1\g_saberLocking\1\g_maxForceRank\7\duel_fraglimit\10\g_forceBasedTeams\0\g_duelWeaponDisable\65531\sv_hostname\^3Darkquake's Makermod Server\sv_maxclients\32\sv_maxRate\5000\sv_minPing\0\sv_maxPing\0\sv_floodProtect\0\sv_allowDownload\1\bot_minplayers\0\g_allowNPC\1\g_weaponDisable\0\g_forcePowerDisable\0\g_forceRegenTime\0\g_siegeTeamSwitch\1\g_siegeRespawn\20\g_debugMelee\1\g_noSpecMove\0\g_maxGameClients\0\g_jediVmerc\0\g_siegeTeam1\none\g_siegeTeam2\none\version\(internal)JAmp: v1.0.1.0 win-x86 Oct 30 2003\g_maxHolocronCarry\3\g_gametype\0\g_needpass\0\protocol\26\mapname\t2_trip\sv_privateClients\0\g_stepSlideFix\1\gamename\MakerMod\g_saberWallDamageScale\0.4\bg_fighterAltControl\0\g_showDuelHealths\0
[Mon Oct 07 17:58:39 2013]  ClientConnect: 0
[Mon Oct 07 17:58:39 2013]  ClientConnect: 1
[Mon Oct 07 17:58:54 2013]  ClientBegin: 0
[Mon Oct 07 17:58:56 2013]  ClientBegin: 1
[Mon Oct 07 18:02:45 2013]  Kill: 1022 1 38: <world> killed Padawan by MOD_FALLING
[Mon Oct 07 18:03:46 2013]  ClientDisconnect: 0
[Mon Oct 07 18:03:47 2013]  ClientDisconnect: 1
[Mon Oct 07 19:58:37 2013]  Exit: Timelimit hit.
[Mon Oct 07 20:06:28 2013]  ClientConnect: 0
[Mon Oct 07 20:06:28 2013]  mlog:Player Hake'ukesohan, connected. With IP - 2.97.201.129:29070 
[Mon Oct 07 20:06:49 2013]  ClientBegin: 0
[Mon Oct 07 20:06:57 2013]  ShutdownGame:
[Mon Oct 07 20:06:57 2013]  ------------------------------------------------------------
[Mon Oct 07 20:06:58 2013]  ------------------------------------------------------------
[Mon Oct 07 20:06:58 2013]  InitGame: \dmflags\0\fraglimit\0\timelimit\120\capturelimit\0\g_privateDuel\1\g_saberLocking\1\g_maxForceRank\7\duel_fraglimit\10\g_forceBasedTeams\0\g_duelWeaponDisable\65531\sv_hostname\^3Darkquake's Makermod Server\sv_maxclients\32\sv_maxRate\5000\sv_minPing\0\sv_maxPing\0\sv_floodProtect\0\sv_allowDownload\1\bot_minplayers\0\g_allowNPC\1\g_weaponDisable\0\g_forcePowerDisable\0\g_forceRegenTime\0\g_siegeTeamSwitch\1\g_siegeRespawn\20\g_debugMelee\1\g_noSpecMove\0\g_maxGameClients\0\g_jediVmerc\0\g_siegeTeam1\none\g_siegeTeam2\none\version\(internal)JAmp: v1.0.1.0 win-x86 Oct 30 2003\g_maxHolocronCarry\3\g_gametype\0\g_needpass\0\protocol\26\mapname\mp/siege_desert\sv_privateClients\0\g_stepSlideFix\1\gamename\MakerMod\g_saberWallDamageScale\0.4\bg_fighterAltControl\0\g_showDuelHealths\0
[Mon Oct 07 20:06:59 2013]  ClientConnect: 0
[Mon Oct 07 20:07:16 2013]  ClientBegin: 0
[Mon Oct 07 20:11:06 2013]  Kill: 1022 0 36: <world> killed Hake'ukesohan by MOD_CRUSH
[Mon Oct 07 20:11:17 2013]  Kill: 1022 0 36: <world> killed Hake'ukesohan by MOD_CRUSH
[Mon Oct 07 20:11:27 2013]  Kill: 1022 0 36: <world> killed Hake'ukesohan by MOD_CRUSH
[Mon Oct 07 20:11:39 2013]  Kill: 1022 0 36: <world> killed Hake'ukesohan by MOD_CRUSH
[Mon Oct 07 20:11:52 2013]  Kill: 1022 0 36: <world> killed Hake'ukesohan by MOD_CRUSH
[Mon Oct 07 20:12:00 2013]  Kill: 1022 0 36: <world> killed Hake'ukesohan by MOD_CRUSH
[Mon Oct 07 20:12:07 2013]  Kill: 1022 0 36: <world> killed Hake'ukesohan by MOD_CRUSH
[Mon Oct 07 20:12:24 2013]  Kill: 1022 0 36: <world> killed Hake'ukesohan by MOD_CRUSH
[Mon Oct 07 20:13:12 2013]  Kill: 1022 0 36: <world> killed Hake'ukesohan by MOD_CRUSH
[Mon Oct 07 20:20:06 2013]  ClientConnect: 1
[Mon Oct 07 20:20:06 2013]  mlog:Player Maestro Hispano ^3Amras, connected. With IP - 85.219.4.121:29070 
[Mon Oct 07 20:20:38 2013]  ClientBegin: 1
[Mon Oct 07 20:20:49 2013]  say: Maestro Hispano ^3Amras: hola hi
[Mon Oct 07 20:20:53 2013]  say: Hake'ukesohan: hi
[Mon Oct 07 20:22:01 2013]  say: Maestro Hispano ^3Amras: what type?
[Mon Oct 07 20:22:05 2013]  say: Maestro Hispano ^3Amras: 7noclip
[Mon Oct 07 20:22:41 2013]  say: Hake'ukesohan: lol
[Mon Oct 07 20:23:00 2013]  say: Hake'ukesohan: do u own scripts?
[Mon Oct 07 20:23:30 2013]  say: Maestro Hispano ^3Amras: what scrips?
[Mon Oct 07 20:23:36 2013]  say: Hake'ukesohan: nm
[Mon Oct 07 20:23:37 2013]  say: Maestro Hispano ^3Amras: is not a type?
[Mon Oct 07 20:23:43 2013]  say: Hake'ukesohan: r u using god mode?
[Mon Oct 07 20:23:48 2013]  say: Maestro Hispano ^3Amras: yes xD
[Mon Oct 07 20:23:54 2013]  say: Hake'ukesohan: wuss lol
[Mon Oct 07 20:26:43 2013]  Kill: 1 0 3: Maestro Hispano ^3Amras killed Hake'ukesohan by MOD_SABER
[Mon Oct 07 20:26:45 2013]  say: Maestro Hispano ^3Amras: gf
[Mon Oct 07 20:26:53 2013]  say: Hake'ukesohan: lol well
[Mon Oct 07 20:27:22 2013]  Kill: 1022 0 36: <world> killed Hake'ukesohan by MOD_CRUSH
[Mon Oct 07 20:27:29 2013]  say: Maestro Hispano ^3Amras: xD god mode
[Mon Oct 07 20:29:14 2013]  say: Hake'ukesohan: where did u run off to?
[Mon Oct 07 20:29:55 2013]  say: Maestro Hispano ^3Amras: xDD
[Mon Oct 07 20:29:59 2013]  Kill: 0 0 39: Hake'ukesohan killed Hake'ukesohan by MOD_SUICIDE
[Mon Oct 07 20:29:59 2013]  setteam:  0 FREE SPECTATOR
[Mon Oct 07 20:29:59 2013]  ClientBegin: 0
[Mon Oct 07 20:30:00 2013]  say: Maestro Hispano ^3Amras: u can see me?
[Mon Oct 07 20:30:09 2013]  say: Hake'ukesohan: ur tiny
[Mon Oct 07 20:30:37 2013]  say: Maestro Hispano ^3Amras: yes
[Mon Oct 07 20:31:05 2013]  setteam:  0 SPECTATOR FREE
[Mon Oct 07 20:31:05 2013]  ClientBegin: 0
[Mon Oct 07 20:32:13 2013]  say: Hake'ukesohan: gunna find u
[Mon Oct 07 20:32:28 2013]  say: Maestro Hispano ^3Amras: xD
[Mon Oct 07 20:33:04 2013]  say: Hake'ukesohan: im gunna
[Mon Oct 07 20:33:33 2013]  say: Maestro Hispano ^3Amras: ok xD
[Mon Oct 07 20:33:55 2013]  ClientConnect: 2
[Mon Oct 07 20:33:55 2013]  mlog:Player ^3Sla^1me XD, connected. With IP - 86.160.95.5:29070 
[Mon Oct 07 20:34:01 2013]  say: Hake'ukesohan: hey slame
[Mon Oct 07 20:34:06 2013]  say: Maestro Hispano ^3Amras: hoola hi
[Mon Oct 07 20:34:17 2013]  ClientBegin: 2
[Mon Oct 07 20:34:22 2013]  say: Hake'ukesohan: Kuge!
[Mon Oct 07 20:34:27 2013]  say: ^0^1Darth ^0Kuge : YES
[Mon Oct 07 20:34:30 2013]  say: ^0^1Darth ^0Kuge : Im back
[Mon Oct 07 20:34:33 2013]  say: ^0^1Darth ^0Kuge : in action
[Mon Oct 07 20:34:41 2013]  print "^0^1Darth ^0Kuge ^7 @@@PLRENAME ^0^1Darth ^0Kuge ISBACK
"[Mon Oct 07 20:34:58 2013]  say: Hake'ukesohan: i was once segwanarus
[Mon Oct 07 20:35:13 2013]  say: ^0^1Darth ^0Kuge ISBACK: ^1Combat ^0Script V1.1 By ^0Jawa Hunter
[Mon Oct 07 20:35:14 2013]  say: ^0^1Darth ^0Kuge ISBACK: ^0ARG!!!!! 
[Mon Oct 07 20:35:37 2013]  say: ^0^1Darth ^0Kuge ISBACK: i just need to find quake
[Mon Oct 07 20:35:48 2013]  say: Hake'ukesohan: still havemt found him?
[Mon Oct 07 20:35:51 2013]  say: ^0^1Darth ^0Kuge ISBACK: no
[Mon Oct 07 20:36:13 2013]  say: ^0^1Darth ^0Kuge ISBACK: stop
[Mon Oct 07 20:36:26 2013]  say: Hake'ukesohan: lool fine
[Mon Oct 07 20:36:44 2013]  say: ^0^1Darth ^0Kuge ISBACK: and have u seen^1 ARTRIX?
[Mon Oct 07 20:36:44 2013]  say: Hake'ukesohan: can i ask a question
[Mon Oct 07 20:36:47 2013]  say: ^0^1Darth ^0Kuge ISBACK: what
[Mon Oct 07 20:37:03 2013]  say: Hake'ukesohan: what skin am i?
[Mon Oct 07 20:37:04 2013]  say: ^0^1Darth ^0Kuge ISBACK: what is the question
[Mon Oct 07 20:37:08 2013]  say: ^0^1Darth ^0Kuge ISBACK: a reborn
[Mon Oct 07 20:37:14 2013]  say: ^0^1Darth ^0Kuge ISBACK: so like a orange one
[Mon Oct 07 20:37:17 2013]  ClientConnect: 3
[Mon Oct 07 20:37:17 2013]  mlog:Player ^3T^6i^3^4t^1a^0n^2ikK, connected. With IP - 178.123.50.128:15351 
[Mon Oct 07 20:37:23 2013]  say: Hake'ukesohan: am i wearing a hood?
[Mon Oct 07 20:37:24 2013]  ClientConnect: 4
[Mon Oct 07 20:37:24 2013]  mlog:Player ^2Di^3Na^9Mi^4T, connected. With IP - 178.121.162.121:29070 
[Mon Oct 07 20:37:30 2013]  say: ^0^1Darth ^0Kuge ISBACK: kind of
[Mon Oct 07 20:37:33 2013]  ClientBegin: 3
[Mon Oct 07 20:37:59 2013]  ClientBegin: 4
[Mon Oct 07 20:38:06 2013]  say: Maestro Hispano ^3Amras: hola hi
[Mon Oct 07 20:38:06 2013]  say: Hake'ukesohan: damm
[Mon Oct 07 20:38:13 2013]  say: ^0^1Darth ^0Kuge ISBACK: ^1ARG!!!^0HELP ME!!!
[Mon Oct 07 20:38:15 2013]  say: ^0^1Darth ^0Kuge ISBACK: ^1AHHHHHHHH!!!!!
[Mon Oct 07 20:38:24 2013]  say: ^2Padawan: hi Darth
[Mon Oct 07 20:38:26 2013]  say: Hake'ukesohan: combat script
[Mon Oct 07 20:38:29 2013]  say: ^0^1Darth ^0Kuge ISBACK: hi
[Mon Oct 07 20:38:37 2013]  say: ^0^1Darth ^0Kuge ISBACK: yes
[Mon Oct 07 20:40:00 2013]  Kill: 4 3 3: ^2Padawan killed Padawan by MOD_SABER
[Mon Oct 07 20:40:08 2013]  say: ^0^1Darth ^0Kuge ISBACK: ^4ELEMENT SCRIPT V1 ^5by ^1µ^2/^0Ðàrk^1Qµàkè^2/^1S
[Mon Oct 07 20:40:12 2013]  say: ^0^1Darth ^0Kuge ISBACK: ^0ELEMENT SCRIPT V2 ^5By ^1µ^2/^0Ðàrk^1Qµàkè^2/^1S
[Mon Oct 07 20:40:13 2013]  say: ^0^1Darth ^0Kuge ISBACK: ^6I call the four ^3elements: ^1Fire, ^5Air, ^4Water ^6and ^2Earth ^6to fight along side me!
[Mon Oct 07 20:40:24 2013]  say: ^0^1Darth ^0Kuge ISBACK: both his versions
[Mon Oct 07 20:40:33 2013]  say: ^0^1Darth ^0Kuge ISBACK: ^1FIRE BALL!
[Mon Oct 07 20:40:38 2013]  say: ^0^1Darth ^0Kuge ISBACK: there
[Mon Oct 07 20:40:44 2013]  say: Hake'ukesohan: u have a lot of scripts i own
[Mon Oct 07 20:40:51 2013]  say: ^0^1Darth ^0Kuge ISBACK: ?
[Mon Oct 07 20:40:57 2013]  say: ^0^1Darth ^0Kuge ISBACK: thats only combta
[Mon Oct 07 20:41:41 2013]  say: Hake'ukesohan: where r u?
[Mon Oct 07 20:41:44 2013]  Kill: 4 3 3: ^2Padawan killed Padawan by MOD_SABER
[Mon Oct 07 20:41:46 2013]  say: ^0^1Darth ^0Kuge ISBACK: me
[Mon Oct 07 20:41:47 2013]  say: Maestro Hispano ^3Amras: who
[Mon Oct 07 20:42:02 2013]  say: Hake'ukesohan: ypractically evryone
[Mon Oct 07 20:42:34 2013]  say: Maestro Hispano ^3Amras: take care all
[Mon Oct 07 20:42:36 2013]  Kill: 4 4 39: ^2Padawan killed ^2Padawan by MOD_SUICIDE
[Mon Oct 07 20:42:36 2013]  ClientDisconnect: 1
[Mon Oct 07 20:42:43 2013]  say: ^0^1Darth ^0Kuge ISBACK: My origin is: (-11142 -543 8) - You can teleport here with /mtelelast

[Mon Oct 07 20:43:05 2013]  say: Hake'ukesohan: nice
[Mon Oct 07 20:43:39 2013]  Kill: 1022 3 36: <world> killed Padawan by MOD_CRUSH
[Mon Oct 07 20:44:30 2013]  Kill: 1022 3 36: <world> killed Padawan by MOD_CRUSH
[Mon Oct 07 20:44:54 2013]  say: Hake'ukesohan: look im doing backflips
[Mon Oct 07 20:45:01 2013]  say: ^0^1Darth ^0Kuge ISBACK: lol
[Mon Oct 07 20:45:07 2013]  say: ^2Padawan: lol
[Mon Oct 07 20:45:25 2013]  Kill: 4 3 3: ^2Padawan killed Padawan by MOD_SABER
[Mon Oct 07 20:45:26 2013]  Item: 4 weapon_demp2
[Mon Oct 07 20:45:33 2013]  Item: 0 item_cloak
[Mon Oct 07 20:45:33 2013]  Item: 0 item_seeker
[Mon Oct 07 20:45:33 2013]  Item: 0 item_binoculars
[Mon Oct 07 20:45:33 2013]  Item: 0 item_sentry_gun
[Mon Oct 07 20:45:33 2013]  Item: 0 item_medpac
[Mon Oct 07 20:45:33 2013]  Item: 0 item_shield
[Mon Oct 07 20:45:33 2013]  Item: 0 item_medpac_big
[Mon Oct 07 20:45:33 2013]  Item: 0 item_eweb_holdable
[Mon Oct 07 20:47:02 2013]  Kill: 4 3 36: ^2Padawan killed Padawan by MOD_CRUSH
[Mon Oct 07 20:47:33 2013]  Kill: 4 3 31: ^2Padawan killed Padawan by MOD_FORCE_DARK
[Mon Oct 07 20:47:33 2013]  Item: 2 weapon_flechette
[Mon Oct 07 20:47:42 2013]  say: ^0^1Darth ^0Kuge ISBACK: thx for push lol
[Mon Oct 07 20:49:43 2013]  say: ^0^1Darth ^0Kuge ISBACK: ^1FIRE BALL!
[Mon Oct 07 20:50:46 2013]  Kill: 2 2 39: ^0^1Darth ^0Kuge ISBACK killed ^0^1Darth ^0Kuge ISBACK by MOD_SUICIDE
[Mon Oct 07 20:50:46 2013]  setteam:  2 FREE SPECTATOR
[Mon Oct 07 20:50:46 2013]  ClientBegin: 2
[Mon Oct 07 20:50:52 2013]  setteam:  2 SPECTATOR FREE
[Mon Oct 07 20:50:52 2013]  ClientBegin: 2
[Mon Oct 07 20:51:13 2013]  Item: 3 ammo_all
[Mon Oct 07 20:51:51 2013]  say: ^0^1Darth ^0Kuge ISBACK: bye all
[Mon Oct 07 20:51:55 2013]  say: Hake'ukesohan: NOOOOOOOOOOOOOOOO
[Mon Oct 07 20:51:58 2013]  say: ^0^1Darth ^0Kuge ISBACK: what
[Mon Oct 07 20:52:03 2013]  say: Hake'ukesohan: lol
[Mon Oct 07 20:52:13 2013]  say: ^0^1Darth ^0Kuge ISBACK: -_-
[Mon Oct 07 20:52:16 2013]  say: Hake'ukesohan: My origin is: (-6452 -1009 -487) - You can teleport here with /mtelelast

[Mon Oct 07 20:52:27 2013]  say: ^0^1Darth ^0Kuge ISBACK: cya akk
[Mon Oct 07 20:52:30 2013]  ClientDisconnect: 2
[Mon Oct 07 20:58:19 2013]  Kill: 4 4 39: ^2Padawan killed ^2Padawan by MOD_SUICIDE
[Mon Oct 07 20:58:22 2013]  Kill: 3 3 39: Padawan killed Padawan by MOD_SUICIDE
[Mon Oct 07 20:58:27 2013]  say: Hake'ukesohan: My origin is: (-12630 -694 -183) - You can teleport here with /mtelelast

[Mon Oct 07 21:00:36 2013]  say: Hake'ukesohan: My origin is: (-12877 -772 -180) - You can teleport here with /mtelelast

[Mon Oct 07 21:01:05 2013]  say: Hake'ukesohan: r u using god mode?
[Mon Oct 07 21:02:09 2013]  Kill: 0 0 39: Hake'ukesohan killed Hake'ukesohan by MOD_SUICIDE
[Mon Oct 07 21:02:09 2013]  setteam:  0 FREE SPECTATOR
[Mon Oct 07 21:02:09 2013]  ClientBegin: 0
[Mon Oct 07 21:02:47 2013]  setteam:  0 SPECTATOR FREE
[Mon Oct 07 21:02:47 2013]  ClientBegin: 0
[Mon Oct 07 21:02:48 2013]  say: Hake'ukesohan: ^5Maker^7Module ^3Client Plugin ^2v0.61a
[Mon Oct 07 21:02:54 2013]  Kill: 4 4 39: ^2Padawan killed ^2Padawan by MOD_SUICIDE
[Mon Oct 07 21:03:07 2013]  Item: 0 item_cloak
[Mon Oct 07 21:03:07 2013]  Item: 0 item_seeker
[Mon Oct 07 21:03:07 2013]  Item: 0 item_binoculars
[Mon Oct 07 21:03:07 2013]  Item: 0 item_sentry_gun
[Mon Oct 07 21:03:07 2013]  Item: 0 item_medpac
[Mon Oct 07 21:03:07 2013]  Item: 0 item_shield
[Mon Oct 07 21:03:07 2013]  Item: 0 item_medpac_big
[Mon Oct 07 21:03:07 2013]  Item: 0 item_eweb_holdable
[Mon Oct 07 21:03:41 2013]  say: ^2Padawan: nooooo!
[Mon Oct 07 21:03:47 2013]  say: ^2Padawan: !
[Mon Oct 07 21:03:53 2013]  say: Padawan: NOOOOOOOOOOOOOOOOOOOOOOOOOOOOOOOOOO
[Mon Oct 07 21:04:03 2013]  say: ^2Padawan: my base!
[Mon Oct 07 21:04:05 2013]  say: Hake'ukesohan: mwahahahahaha!
[Mon Oct 07 21:05:52 2013]  Kill: 4 3 3: ^2Padawan killed Padawan by MOD_SABER
[Mon Oct 07 21:07:40 2013]  Kill: 1022 3 36: <world> killed Padawan by MOD_CRUSH
[Mon Oct 07 21:07:53 2013]  ClientDisconnect: 3
[Mon Oct 07 21:08:47 2013]  ClientDisconnect: 4
[Mon Oct 07 21:08:54 2013]  Item: 0 weapon_disruptor
[Mon Oct 07 21:10:27 2013]  ClientDisconnect: 0
[Mon Oct 07 21:59:53 2013]  ------------------------------------------------------------
[Mon Oct 07 21:59:53 2013]  InitGame: \g_siegeTeam2\none\g_siegeTeam1\none\g_jediVmerc\0\g_maxGameClients\0\g_noSpecMove\0\g_debugMelee\1\g_siegeRespawn\20\g_siegeTeamSwitch\1\g_forceRegenTime\1\g_forcePowerDisable\0\g_weaponDisable\0\g_allowNPC\1\sv_allowDownload\1\sv_floodProtect\0\sv_maxPing\0\sv_minPing\0\sv_maxRate\5000\sv_maxclients\32\sv_hostname\^3Darkquake's Makermod Server\g_duelWeaponDisable\65531\g_forceBasedTeams\0\duel_fraglimit\10\g_maxForceRank\7\g_saberLocking\1\g_privateDuel\1\capturelimit\0\timelimit\120\fraglimit\0\dmflags\0\version\(internal)JAmp: v1.0.1.0 win-x86 Oct 30 2003\g_maxHolocronCarry\3\g_gametype\0\g_needpass\0\protocol\26\mapname\t2_trip\sv_privateClients\0\g_stepSlideFix\1\gamename\MakerMod\g_saberWallDamageScale\0.4\bg_fighterAltControl\0\g_showDuelHealths\0
[Mon Oct 07 23:59:47 2013]  Exit: Timelimit hit.
[Tue Oct 08 01:34:37 2013]  ClientConnect: 0
[Tue Oct 08 01:34:37 2013]  mlog:Player ^5»^0SK^5|||^0WØLF^5«^0™, connected. With IP - 177.188.128.64:-32009 
[Tue Oct 08 01:39:30 2013]  ClientDisconnect: 0
[Tue Oct 08 02:13:18 2013]  ClientConnect: 0
[Tue Oct 08 02:13:18 2013]  mlog:Player Eruntale, connected. With IP - 188.82.248.143:29070 
[Tue Oct 08 02:16:39 2013]  ClientDisconnect: 0
[Tue Oct 08 08:54:35 2013]  ClientConnect: 0
[Tue Oct 08 08:54:35 2013]  mlog:Player ^2Di^3Na^9Mi^4T, connected. With IP - 178.123.24.67:29070 
[Tue Oct 08 08:54:51 2013]  ClientConnect: 1
[Tue Oct 08 08:54:51 2013]  mlog:Player ^3T^6i^3^4t^1a^0n^2ikK, connected. With IP - 178.123.45.6:12557 
[Tue Oct 08 08:55:10 2013]  ClientBegin: 1
[Tue Oct 08 08:55:13 2013]  ShutdownGame:
[Tue Oct 08 08:55:13 2013]  ------------------------------------------------------------
