[Sat May 31 09:51:37 2014]  ------------------------------------------------------------
[Sat May 31 09:51:37 2014]  InitGame: \dmflags\0\fraglimit\0\timelimit\120\capturelimit\0\g_privateDuel\1\g_saberLocking\1\g_maxForceRank\7\duel_fraglimit\10\g_forceBasedTeams\0\g_duelWeaponDisable\65531\sv_hostname\^3Darkquake's Makermod Server\sv_maxclients\32\sv_maxRate\5000\sv_minPing\0\sv_maxPing\0\sv_floodProtect\0\sv_allowDownload\1\bot_minplayers\0\g_allowNPC\1\g_weaponDisable\0\g_forcePowerDisable\0\g_forceRegenTime\0\g_siegeTeamSwitch\1\g_siegeRespawn\20\g_debugMelee\1\g_noSpecMove\0\g_maxGameClients\0\g_jediVmerc\0\g_siegeTeam1\none\g_siegeTeam2\none\version\(internal)JAmp: v1.0.1.0 win-x86 Oct 30 2003\g_maxHolocronCarry\3\g_gametype\0\g_needpass\0\protocol\26\mapname\mp/siege_desert\sv_privateClients\0\g_stepSlideFix\1\gamename\MakerMod\g_saberWallDamageScale\0.4\bg_fighterAltControl\0\g_showDuelHealths\0
[Sat May 31 09:51:38 2014]  ClientConnect: 0
[Sat May 31 09:51:55 2014]  ClientBegin: 0
[Sat May 31 09:51:55 2014]  say: ^0U^4nDea^0D: ^1Boba^0Fett's ^3Ultra Utility ^7v3 ^5Beta 17a ^7- ^5U^7ltra^7-^5U^7tility^5.^7com
[Sat May 31 09:52:01 2014]  ClientDisconnect: 0
[Sat May 31 09:52:01 2014]  ClientDisconnect: 0
[Sat May 31 09:52:01 2014]  ClientConnect: 0
[Sat May 31 09:52:01 2014]  mlog:Player ^0U^4nDea^0D, connected. With IP - 88.132.148.182:29070 
[Sat May 31 09:52:09 2014]  ClientBegin: 0
[Sat May 31 09:52:10 2014]  say: ^0U^4nDea^0D: ^1Boba^0Fett's ^3Ultra Utility ^7v3 ^5Beta 17a ^7- ^5U^7ltra^7-^5U^7tility^5.^7com
[Sat May 31 09:57:04 2014]  ClientDisconnect: 0
[Sat May 31 10:03:41 2014]  ClientConnect: 0
[Sat May 31 10:03:41 2014]  mlog:Player ^2T^5res^2H, connected. With IP - 88.132.148.182:29070 
[Sat May 31 10:04:08 2014]  ClientBegin: 0
[Sat May 31 10:04:09 2014]  say: ^0U^4nDea^0D: ^1Boba^0Fett's ^3Ultra Utility ^7v3 ^5Beta 17a ^7- ^5U^7ltra^7-^5U^7tility^5.^7com
[Sat May 31 10:09:26 2014]  tell: ^0U^4nDea^0D to ^0U^4nDea^0D: ^3UU ^2- ^7JA ^2Minimized
[Sat May 31 10:11:06 2014]  tell: ^0U^4nDea^0D to ^0U^4nDea^0D: ^3UU ^2- ^7JA ^2Restored
[Sat May 31 10:11:58 2014]  tell: ^0U^4nDea^0D to ^0U^4nDea^0D: ^3UU ^2- ^7JA ^2Minimized
[Sat May 31 10:13:28 2014]  tell: ^0U^4nDea^0D to ^0U^4nDea^0D: ^3UU ^2- ^7JA ^2Restored
[Sat May 31 10:13:41 2014]  tell: ^0U^4nDea^0D to ^0U^4nDea^0D: ^3UU ^2- ^7JA ^2Minimized
[Sat May 31 10:13:59 2014]  tell: ^0U^4nDea^0D to ^0U^4nDea^0D: ^3UU ^2- ^7JA ^2Restored
[Sat May 31 10:14:18 2014]  tell: ^0U^4nDea^0D to ^0U^4nDea^0D: ^3UU ^2- ^7JA ^2Minimized
[Sat May 31 10:14:37 2014]  tell: ^0U^4nDea^0D to ^0U^4nDea^0D: ^3UU ^2- ^7JA ^2Restored
[Sat May 31 10:16:48 2014]  tell: ^0U^4nDea^0D to ^0U^4nDea^0D: ^3UU ^2- ^7JA ^2Minimized
[Sat May 31 10:16:54 2014]  tell: ^0U^4nDea^0D to ^0U^4nDea^0D: ^3UU ^2- ^7JA ^2Restored
[Sat May 31 10:19:17 2014]  tell: ^0U^4nDea^0D to ^0U^4nDea^0D: ^3UU ^2- ^7JA ^2Minimized
[Sat May 31 10:19:45 2014]  tell: ^0U^4nDea^0D to ^0U^4nDea^0D: ^3UU ^2- ^7JA ^2Restored
[Sat May 31 10:20:07 2014]  tell: ^0U^4nDea^0D to ^0U^4nDea^0D: ^3UU ^2- ^7JA ^2Minimized
[Sat May 31 10:20:14 2014]  tell: ^0U^4nDea^0D to ^0U^4nDea^0D: ^3UU ^2- ^7JA ^2Restored
[Sat May 31 10:35:30 2014]  tell: ^0U^4nDea^0D to ^0U^4nDea^0D: ^3UU ^2- ^7JA ^2Minimized
[Sat May 31 10:40:05 2014]  tell: ^0U^4nDea^0D to ^0U^4nDea^0D: ^3UU ^2- ^7JA ^2Restored
[Sat May 31 10:40:21 2014]  tell: ^0U^4nDea^0D to ^0U^4nDea^0D: ^3UU ^2- ^7JA ^2Minimized
[Sat May 31 10:40:40 2014]  tell: ^0U^4nDea^0D to ^0U^4nDea^0D: ^3UU ^2- ^7JA ^2Restored
[Sat May 31 10:46:20 2014]  ClientDisconnect: 0
[Sat May 31 11:51:36 2014]  Exit: Timelimit hit.
[Sun Jun 01 03:43:08 2014]  ClientConnect: 0
[Sun Jun 01 03:43:08 2014]  mlog:Player THECRONAN, connected. With IP - 71.163.115.75:29070 
[Sun Jun 01 03:43:29 2014]  ClientBegin: 0
[Sun Jun 01 03:44:53 2014]  ClientConnect: 1
[Sun Jun 01 03:44:53 2014]  mlog:Player THEJORY, connected. With IP - 46.197.223.33:29070 
[Sun Jun 01 03:45:05 2014]  ClientBegin: 1
[Sun Jun 01 03:45:19 2014]  ShutdownGame:
[Sun Jun 01 03:45:19 2014]  ------------------------------------------------------------
