[Thu May 29 04:46:29 2014]  ------------------------------------------------------------
[Thu May 29 04:46:29 2014]  InitGame: \g_siegeTeam2\none\g_siegeTeam1\none\g_jediVmerc\0\g_maxGameClients\0\g_noSpecMove\0\g_debugMelee\1\g_siegeRespawn\20\g_siegeTeamSwitch\1\g_forceRegenTime\0\g_forcePowerDisable\0\g_weaponDisable\0\g_allowNPC\1\bot_minplayers\0\sv_allowDownload\1\sv_floodProtect\0\sv_maxPing\0\sv_minPing\0\sv_maxRate\5000\sv_maxclients\32\sv_hostname\^3Darkquake's Makermod Server\g_duelWeaponDisable\65531\g_forceBasedTeams\0\duel_fraglimit\10\g_maxForceRank\7\g_saberLocking\1\g_privateDuel\1\capturelimit\0\timelimit\120\fraglimit\0\dmflags\0\version\(internal)JAmp: v1.0.1.0 win-x86 Oct 30 2003\g_maxHolocronCarry\3\g_gametype\0\g_needpass\0\protocol\26\mapname\mp/siege_desert\sv_privateClients\0\g_stepSlideFix\1\gamename\MakerMod\g_saberWallDamageScale\0.4\bg_fighterAltControl\0\g_showDuelHealths\0
[Thu May 29 04:46:30 2014]  ClientConnect: 0
[Thu May 29 04:46:31 2014]  ClientConnect: 1
[Thu May 29 04:46:31 2014]  mlog:Player BioJaeger, connected. With IP - 178.166.45.235:-5434 
[Thu May 29 04:46:46 2014]  ClientBegin: 0
[Thu May 29 04:46:58 2014]  ClientBegin: 1
[Thu May 29 04:47:17 2014]  say: BioJaeger: tas?
[Thu May 29 04:47:26 2014]  say: Dal-Gurak: yeah
[Thu May 29 04:47:34 2014]  say: BioJaeger: aqui nao carrega os 4 sabres que te queria mostrar --'
[Thu May 29 04:48:04 2014]  say: BioJaeger: tas onde?
[Thu May 29 04:48:13 2014]  say: Dal-Gurak: por ai xD
[Thu May 29 04:48:19 2014]  Kill: 1022 1 39: <world> killed BioJaeger by MOD_SUICIDE
[Thu May 29 04:48:27 2014]  say: BioJaeger: matei-mxD
[Thu May 29 04:49:22 2014]  Kill: 1 0 3: BioJaeger killed Dal-Gurak by MOD_SABER
[Thu May 29 04:49:32 2014]  say: Dal-Gurak: dafuck
[Thu May 29 04:49:39 2014]  say: BioJaeger: como é que se atira o sabre?
[Thu May 29 04:50:57 2014]  say: BioJaeger: ja viste a minha skin do assassins creed? XD
[Thu May 29 04:51:36 2014]  say: BioJaeger: tas ai?
[Thu May 29 04:51:42 2014]  say: Dal-Gurak: yes xD
[Thu May 29 04:52:10 2014]  say: BioJaeger: o mapa é grande fdx 
[Thu May 29 04:52:51 2014]  Kill: 1022 0 39: <world> killed Dal-Gurak by MOD_SUICIDE
[Thu May 29 04:53:30 2014]  say: BioJaeger: porque que eu acho que ist o vai demorar
[Thu May 29 04:53:41 2014]  say: BioJaeger: to sem vida
[Thu May 29 04:53:58 2014]  Kill: 0 1 31: Dal-Gurak killed BioJaeger by MOD_FORCE_DARK
[Thu May 29 04:54:13 2014]  say: BioJaeger: lol eu ia a fugir isto lago e depois n sei xD fizeste o que?
[Thu May 29 04:54:22 2014]  say: Dal-Gurak: force :D
[Thu May 29 04:54:34 2014]  say: BioJaeger: eu so tenho pull e push
[Thu May 29 04:55:29 2014]  say: BioJaeger: como é que isso se faz?
[Thu May 29 04:55:37 2014]  say: Dal-Gurak: profile
[Thu May 29 04:57:14 2014]  say: BioJaeger: tenho que voltar a lembrar-me disto tudo
[Thu May 29 04:57:17 2014]  say: BioJaeger: xD
[Thu May 29 04:57:44 2014]  say: BioJaeger: este mapa tem 2 lados e n sei como ir para esse XD
[Thu May 29 04:59:32 2014]  say: Dal-Gurak: ESTE MAPA E BIG
[Thu May 29 04:59:42 2014]  say: BioJaeger: eu ja descobri nem por isso
[Thu May 29 04:59:50 2014]  say: BioJaeger: tem e uma muralha no meio
[Thu May 29 04:59:54 2014]  say: BioJaeger: e n sei como passar
[Thu May 29 05:00:25 2014]  say: BioJaeger: bora par aum com peesoal?
[Thu May 29 05:01:26 2014]  say: Dal-Gurak: yeah 
[Thu May 29 05:01:35 2014]  say: BioJaeger: siga
[Thu May 29 05:01:49 2014]  ClientDisconnect: 1
[Thu May 29 05:02:19 2014]  ClientDisconnect: 0
[Thu May 29 06:46:28 2014]  Exit: Timelimit hit.
[Thu May 29 08:32:08 2014]  ClientConnect: 0
[Thu May 29 08:32:08 2014]  mlog:Player ^1Dauren, connected. With IP - 37.151.216.87:29070 
[Thu May 29 08:32:14 2014]  ClientConnect: 1
[Thu May 29 08:32:14 2014]  mlog:Player ^0<^1<^0L^7ord^1_^0A^7cyart^1>^0>, connected. With IP - 91.105.176.185:30816 
[Thu May 29 08:32:23 2014]  ClientBegin: 0
[Thu May 29 08:32:27 2014]  ShutdownGame:
[Thu May 29 08:32:27 2014]  ------------------------------------------------------------
[Thu May 29 10:48:00 2014]  ------------------------------------------------------------
[Thu May 29 10:48:00 2014]  InitGame: \dmflags\0\fraglimit\0\timelimit\120\capturelimit\0\g_privateDuel\1\g_saberLocking\1\g_maxForceRank\7\duel_fraglimit\10\g_forceBasedTeams\0\g_duelWeaponDisable\65531\sv_hostname\^3Darkquake's Makermod Server\sv_maxclients\32\sv_maxRate\5000\sv_minPing\0\sv_maxPing\0\sv_floodProtect\0\sv_allowDownload\1\g_allowNPC\1\g_weaponDisable\0\g_forcePowerDisable\0\g_forceRegenTime\1\g_siegeTeamSwitch\1\g_siegeRespawn\20\g_debugMelee\1\g_noSpecMove\0\g_maxGameClients\0\g_jediVmerc\0\g_siegeTeam1\none\g_siegeTeam2\none\version\(internal)JAmp: v1.0.1.0 win-x86 Oct 30 2003\g_maxHolocronCarry\3\g_gametype\0\g_needpass\0\protocol\26\mapname\t2_trip\sv_privateClients\0\g_stepSlideFix\1\gamename\MakerMod\g_saberWallDamageScale\0.4\bg_fighterAltControl\0\g_showDuelHealths\0
[Thu May 29 12:21:02 2014]  ClientConnect: 0
[Thu May 29 12:21:02 2014]  mlog:Player ^1D^2ark^3S^5ide, connected. With IP - 178.167.121.181:29070 
[Thu May 29 12:21:18 2014]  ClientBegin: 0
[Thu May 29 12:21:42 2014]  Kill: 0 0 39: Kyle_Katarn_Knight killed Kyle_Katarn_Knight by MOD_SUICIDE
[Thu May 29 12:21:42 2014]  setteam:  0 FREE SPECTATOR
[Thu May 29 12:21:42 2014]  ClientBegin: 0
[Thu May 29 12:21:49 2014]  setteam:  0 SPECTATOR FREE
[Thu May 29 12:21:49 2014]  ClientBegin: 0
[Thu May 29 12:22:30 2014]  Kill: 1022 0 20: <world> killed Kyle_Katarn_Knight by MOD_ROCKET_SPLASH
[Thu May 29 12:23:00 2014]  Kill: 1022 0 19: <world> killed Kyle_Katarn_Knight by MOD_ROCKET
[Thu May 29 12:45:13 2014]  Item: 248 weapon_rocket_launcher
[Thu May 29 12:45:13 2014]  Item: 287 weapon_rocket_launcher
[Thu May 29 12:45:15 2014]  Item: 0 weapon_rocket_launcher
[Thu May 29 12:45:16 2014]  Item: 0 weapon_rocket_launcher
[Thu May 29 12:47:54 2014]  Exit: Timelimit hit.
[Thu May 29 12:47:54 2014]  score: 49  ping: 90  client: 0 Kyle_Katarn_Knight
[Thu May 29 12:48:00 2014]  ShutdownGame:
[Thu May 29 12:48:00 2014]  ------------------------------------------------------------
[Thu May 29 12:48:01 2014]  ------------------------------------------------------------
[Thu May 29 12:48:01 2014]  InitGame: \dmflags\0\fraglimit\0\timelimit\120\capturelimit\0\g_privateDuel\1\g_saberLocking\1\g_maxForceRank\7\duel_fraglimit\10\g_forceBasedTeams\0\g_duelWeaponDisable\65531\sv_hostname\^3Darkquake's Makermod Server\sv_maxclients\32\sv_maxRate\5000\sv_minPing\0\sv_maxPing\0\sv_floodProtect\0\sv_allowDownload\1\bot_minplayers\0\g_allowNPC\1\g_weaponDisable\0\g_forcePowerDisable\0\g_forceRegenTime\0\g_siegeTeamSwitch\1\g_siegeRespawn\20\g_debugMelee\1\g_noSpecMove\0\g_maxGameClients\0\g_jediVmerc\0\g_siegeTeam1\none\g_siegeTeam2\none\version\(internal)JAmp: v1.0.1.0 win-x86 Oct 30 2003\g_maxHolocronCarry\3\g_gametype\0\g_needpass\0\protocol\26\mapname\mp/siege_desert\sv_privateClients\0\g_stepSlideFix\1\gamename\MakerMod\g_saberWallDamageScale\0.4\bg_fighterAltControl\0\g_showDuelHealths\0
[Thu May 29 12:48:01 2014]  ClientConnect: 0
[Thu May 29 12:48:09 2014]  ClientBegin: 0
[Thu May 29 12:48:58 2014]  ClientDisconnect: 0
[Thu May 29 14:48:00 2014]  Exit: Timelimit hit.
[Thu May 29 15:35:25 2014]  ClientConnect: 0
[Thu May 29 15:35:25 2014]  mlog:Player ^1D^2ark^3S^5ide, connected. With IP - 178.167.121.181:29070 
[Thu May 29 15:35:40 2014]  ClientBegin: 0
[Thu May 29 15:35:55 2014]  print "Kyle_Katarn_Knight^7 @@@PLRENAME Jaden
"[Thu May 29 15:35:55 2014]  ShutdownGame:
[Thu May 29 15:35:55 2014]  ------------------------------------------------------------
[Thu May 29 15:35:57 2014]  ------------------------------------------------------------
[Thu May 29 15:35:57 2014]  InitGame: \dmflags\0\fraglimit\0\timelimit\120\capturelimit\0\g_privateDuel\1\g_saberLocking\1\g_maxForceRank\7\duel_fraglimit\10\g_forceBasedTeams\0\g_duelWeaponDisable\65531\sv_hostname\^3Darkquake's Makermod Server\sv_maxclients\32\sv_maxRate\5000\sv_minPing\0\sv_maxPing\0\sv_floodProtect\0\sv_allowDownload\1\bot_minplayers\0\g_allowNPC\1\g_weaponDisable\0\g_forcePowerDisable\0\g_forceRegenTime\0\g_siegeTeamSwitch\1\g_siegeRespawn\20\g_debugMelee\1\g_noSpecMove\0\g_maxGameClients\0\g_jediVmerc\0\g_siegeTeam1\none\g_siegeTeam2\none\version\(internal)JAmp: v1.0.1.0 win-x86 Oct 30 2003\g_maxHolocronCarry\3\g_gametype\0\g_needpass\0\protocol\26\mapname\t2_trip\sv_privateClients\0\g_stepSlideFix\1\gamename\MakerMod\g_saberWallDamageScale\0.4\bg_fighterAltControl\0\g_showDuelHealths\0
[Thu May 29 15:36:00 2014]  ClientConnect: 0
[Thu May 29 15:36:11 2014]  ClientBegin: 0
[Thu May 29 15:37:27 2014]  print "Jaden^7 @@@PLRENAME ^1DARK^3SIDE
"[Thu May 29 16:03:40 2014]  Kill: 1022 0 38: <world> killed ^1DARK^3SIDE by MOD_FALLING
[Thu May 29 16:04:45 2014]  Kill: 0 0 27: ^1DARK^3SIDE killed ^1DARK^3SIDE by MOD_DET_PACK_SPLASH
[Thu May 29 16:04:49 2014]  ClientDisconnect: 0
[Thu May 29 17:35:55 2014]  Exit: Timelimit hit.
[Thu May 29 21:03:27 2014]  ------------------------------------------------------------
[Thu May 29 21:03:27 2014]  InitGame: \g_siegeTeam2\none\g_siegeTeam1\none\g_jediVmerc\0\g_maxGameClients\0\g_noSpecMove\0\g_debugMelee\1\g_siegeRespawn\20\g_siegeTeamSwitch\1\g_forceRegenTime\1\g_forcePowerDisable\0\g_weaponDisable\0\g_allowNPC\1\sv_allowDownload\1\sv_floodProtect\0\sv_maxPing\0\sv_minPing\0\sv_maxRate\5000\sv_maxclients\32\sv_hostname\^3Darkquake's Makermod Server\g_duelWeaponDisable\65531\g_forceBasedTeams\0\duel_fraglimit\10\g_maxForceRank\7\g_saberLocking\1\g_privateDuel\1\capturelimit\0\timelimit\120\fraglimit\0\dmflags\0\version\(internal)JAmp: v1.0.1.0 win-x86 Oct 30 2003\g_maxHolocronCarry\3\g_gametype\0\g_needpass\0\protocol\26\mapname\t2_trip\sv_privateClients\0\g_stepSlideFix\1\gamename\MakerMod\g_saberWallDamageScale\0.4\bg_fighterAltControl\0\g_showDuelHealths\0
[Thu May 29 22:25:33 2014]  ClientConnect: 0
[Thu May 29 22:25:33 2014]  mlog:Player Eklesiast, connected. With IP - 93.175.236.230:-10260 
[Thu May 29 22:29:42 2014]  ClientDisconnect: 0
[Thu May 29 22:33:39 2014]  ClientConnect: 0
[Thu May 29 22:33:39 2014]  mlog:Player Eklesiast, connected. With IP - 93.175.236.230:-10260 
[Thu May 29 22:37:03 2014]  ClientDisconnect: 0
[Thu May 29 23:03:12 2014]  Exit: Timelimit hit.
[Fri May 30 13:49:42 2014]  ClientConnect: 0
[Fri May 30 13:49:42 2014]  mlog:Player ^0ÐàrkQµàkè, connected. With IP - 192.168.1.3:29071 
[Fri May 30 13:50:11 2014]  ClientBegin: 0
[Fri May 30 13:50:14 2014]  ShutdownGame:
[Fri May 30 13:50:14 2014]  ------------------------------------------------------------
