[Sun May 04 12:49:12 2014]  ------------------------------------------------------------
[Sun May 04 12:49:12 2014]  InitGame: \g_siegeTeam2\none\g_siegeTeam1\none\g_jediVmerc\0\g_maxGameClients\0\g_noSpecMove\0\g_debugMelee\1\g_siegeRespawn\20\g_siegeTeamSwitch\1\g_forceRegenTime\0\g_forcePowerDisable\0\g_weaponDisable\0\g_allowNPC\1\bot_minplayers\0\sv_allowDownload\1\sv_floodProtect\0\sv_maxPing\0\sv_minPing\0\sv_maxRate\5000\sv_maxclients\32\sv_hostname\^3Darkquake's Makermod Server\g_duelWeaponDisable\65531\g_forceBasedTeams\0\duel_fraglimit\10\g_maxForceRank\7\g_saberLocking\1\g_privateDuel\1\capturelimit\0\timelimit\120\fraglimit\0\dmflags\0\version\(internal)JAmp: v1.0.1.0 win-x86 Oct 30 2003\g_maxHolocronCarry\3\g_gametype\0\g_needpass\0\protocol\26\mapname\mp/siege_desert\sv_privateClients\0\g_stepSlideFix\1\gamename\MakerMod\g_saberWallDamageScale\0.4\bg_fighterAltControl\0\g_showDuelHealths\0
[Sun May 04 12:49:13 2014]  ClientConnect: 0
[Sun May 04 12:49:20 2014]  ClientBegin: 0
[Sun May 04 12:56:57 2014]  ClientDisconnect: 0
[Sun May 04 13:05:17 2014]  ClientConnect: 0
[Sun May 04 13:05:17 2014]  mlog:Player Taser-Lizard, connected. With IP - 95.26.198.58:29070 
[Sun May 04 13:05:18 2014]  ClientConnect: 1
[Sun May 04 13:05:18 2014]  mlog:Player Rollin'Barrel, connected. With IP - 93.80.35.73:29070 
[Sun May 04 13:05:22 2014]  ClientBegin: 0
[Sun May 04 13:05:48 2014]  ClientBegin: 1
[Sun May 04 13:10:54 2014]  Kill: 1022 0 38: <world> killed Taser-Lizard by MOD_FALLING
[Sun May 04 13:11:51 2014]  Kill: 1 0 5: Rollin'Barrel killed Taser-Lizard by MOD_BRYAR_PISTOL_ALT
[Sun May 04 13:23:34 2014]  Kill: 1022 1 39: <world> killed Rollin'Barrel by MOD_SUICIDE
[Sun May 04 13:24:05 2014]  ClientDisconnect: 1
[Sun May 04 13:24:12 2014]  ClientDisconnect: 0
[Sun May 04 14:49:10 2014]  Exit: Timelimit hit.
[Sun May 04 19:14:20 2014]  ClientConnect: 0
[Sun May 04 19:14:20 2014]  mlog:Player Padawan, connected. With IP - 86.40.166.200:-2438 
[Sun May 04 19:14:21 2014]  ClientConnect: 1
[Sun May 04 19:14:21 2014]  mlog:Player Padawan, connected. With IP - 86.41.65.53:29070 
[Sun May 04 19:14:32 2014]  ClientBegin: 0
[Sun May 04 19:14:39 2014]  ClientBegin: 1
[Sun May 04 19:14:48 2014]  print "Padawan^7 @@@PLRENAME Snoopiwan
"[Sun May 04 19:14:52 2014]  print "Padawan^7 @@@PLRENAME OniShiAku
"[Sun May 04 19:18:23 2014]  ShutdownGame:
[Sun May 04 19:18:23 2014]  ------------------------------------------------------------
[Sun May 04 19:18:24 2014]  ------------------------------------------------------------
[Sun May 04 19:18:24 2014]  InitGame: \g_siegeTeam2\none\g_siegeTeam1\none\g_jediVmerc\0\g_maxGameClients\0\g_noSpecMove\0\g_debugMelee\1\g_siegeRespawn\20\g_siegeTeamSwitch\1\g_forceRegenTime\0\g_forcePowerDisable\0\g_weaponDisable\0\g_allowNPC\1\bot_minplayers\0\sv_allowDownload\1\sv_floodProtect\0\sv_maxPing\0\sv_minPing\0\sv_maxRate\5000\sv_maxclients\32\sv_hostname\^3Darkquake's Makermod Server\g_duelWeaponDisable\65531\g_forceBasedTeams\0\duel_fraglimit\10\g_maxForceRank\7\g_saberLocking\1\g_privateDuel\1\capturelimit\0\timelimit\120\fraglimit\0\dmflags\0\version\(internal)JAmp: v1.0.1.0 win-x86 Oct 30 2003\g_maxHolocronCarry\3\g_gametype\0\g_needpass\0\protocol\26\mapname\t2_trip\sv_privateClients\0\g_stepSlideFix\1\gamename\MakerMod\g_saberWallDamageScale\0.4\bg_fighterAltControl\0\g_showDuelHealths\0
[Sun May 04 19:18:26 2014]  ClientConnect: 0
[Sun May 04 19:18:26 2014]  ClientConnect: 1
[Sun May 04 19:18:38 2014]  ClientBegin: 0
[Sun May 04 19:18:40 2014]  ClientBegin: 1
[Sun May 04 19:19:49 2014]  Kill: 0 1 3: Snoopiwan killed OniShiAku by MOD_SABER
[Sun May 04 19:20:09 2014]  Kill: 0 1 3: Snoopiwan killed OniShiAku by MOD_SABER
[Sun May 04 19:20:52 2014]  Kill: 0 1 3: Snoopiwan killed OniShiAku by MOD_SABER
[Sun May 04 19:21:19 2014]  Kill: 1 0 3: OniShiAku killed Snoopiwan by MOD_SABER
[Sun May 04 19:22:19 2014]  Kill: 0 1 3: Snoopiwan killed OniShiAku by MOD_SABER
[Sun May 04 19:22:40 2014]  Kill: 0 1 3: Snoopiwan killed OniShiAku by MOD_SABER
[Sun May 04 19:22:53 2014]  Kill: 0 1 3: Snoopiwan killed OniShiAku by MOD_SABER
[Sun May 04 19:23:05 2014]  Kill: 0 1 3: Snoopiwan killed OniShiAku by MOD_SABER
[Sun May 04 19:23:19 2014]  Kill: 0 1 3: Snoopiwan killed OniShiAku by MOD_SABER
[Sun May 04 19:23:34 2014]  Kill: 1 0 3: OniShiAku killed Snoopiwan by MOD_SABER
[Sun May 04 19:24:02 2014]  Kill: 0 1 3: Snoopiwan killed OniShiAku by MOD_SABER
[Sun May 04 19:24:30 2014]  Kill: 1 0 3: OniShiAku killed Snoopiwan by MOD_SABER
[Sun May 04 19:24:39 2014]  Kill: 0 1 3: Snoopiwan killed OniShiAku by MOD_SABER
[Sun May 04 19:24:50 2014]  Kill: 0 1 3: Snoopiwan killed OniShiAku by MOD_SABER
[Sun May 04 19:24:59 2014]  Kill: 1 0 3: OniShiAku killed Snoopiwan by MOD_SABER
[Sun May 04 19:25:26 2014]  Kill: 0 1 3: Snoopiwan killed OniShiAku by MOD_SABER
[Sun May 04 19:26:00 2014]  Kill: 1 0 3: OniShiAku killed Snoopiwan by MOD_SABER
[Sun May 04 19:26:08 2014]  Kill: 0 1 3: Snoopiwan killed OniShiAku by MOD_SABER
[Sun May 04 19:26:50 2014]  Kill: 0 1 3: Snoopiwan killed OniShiAku by MOD_SABER
[Sun May 04 19:28:04 2014]  Kill: 0 1 3: Snoopiwan killed OniShiAku by MOD_SABER
[Sun May 04 19:29:19 2014]  Kill: 0 1 3: Snoopiwan killed OniShiAku by MOD_SABER
[Sun May 04 19:29:30 2014]  Kill: 0 1 3: Snoopiwan killed OniShiAku by MOD_SABER
[Sun May 04 19:30:47 2014]  Kill: 0 1 3: Snoopiwan killed OniShiAku by MOD_SABER
[Sun May 04 19:30:59 2014]  Kill: 0 1 3: Snoopiwan killed OniShiAku by MOD_SABER
[Sun May 04 19:31:54 2014]  Kill: 0 1 3: Snoopiwan killed OniShiAku by MOD_SABER
[Sun May 04 19:32:05 2014]  Kill: 0 1 3: Snoopiwan killed OniShiAku by MOD_SABER
[Sun May 04 19:32:36 2014]  Kill: 1 0 3: OniShiAku killed Snoopiwan by MOD_SABER
[Sun May 04 19:32:43 2014]  Kill: 0 1 3: Snoopiwan killed OniShiAku by MOD_SABER
[Sun May 04 19:32:57 2014]  ClientDisconnect: 1
[Sun May 04 19:32:59 2014]  ClientDisconnect: 0
[Sun May 04 21:18:22 2014]  Exit: Timelimit hit.
[Sun May 04 23:50:11 2014]  ClientConnect: 0
[Sun May 04 23:50:11 2014]  mlog:Player Otetas, connected. With IP - 2.83.224.128:-11966 
[Mon May 05 00:07:32 2014]  ClientDisconnect: 0
[Mon May 05 00:10:09 2014]  ClientConnect: 0
[Mon May 05 00:10:09 2014]  mlog:Player Askarath, connected. With IP - 84.129.246.66:29070 
[Mon May 05 00:10:13 2014]  ClientConnect: 1
[Mon May 05 00:10:13 2014]  mlog:Player ÐæmøÑ, connected. With IP - 88.68.23.45:29074 
[Mon May 05 00:10:24 2014]  ClientBegin: 0
[Mon May 05 00:10:27 2014]  ClientBegin: 1
[Mon May 05 00:10:42 2014]  ShutdownGame:
[Mon May 05 00:10:42 2014]  ------------------------------------------------------------
