[Sat May 03 16:14:08 2014]  ------------------------------------------------------------
[Sat May 03 16:14:08 2014]  InitGame: \g_siegeTeam2\none\g_siegeTeam1\none\g_jediVmerc\0\g_maxGameClients\0\g_noSpecMove\0\g_debugMelee\1\g_siegeRespawn\20\g_siegeTeamSwitch\1\g_forceRegenTime\0\g_forcePowerDisable\0\g_weaponDisable\0\g_allowNPC\1\bot_minplayers\0\sv_allowDownload\1\sv_floodProtect\0\sv_maxPing\0\sv_minPing\0\sv_maxRate\5000\sv_maxclients\32\sv_hostname\^3Darkquake's Makermod Server\g_duelWeaponDisable\65531\g_forceBasedTeams\0\duel_fraglimit\10\g_maxForceRank\7\g_saberLocking\1\g_privateDuel\1\capturelimit\0\timelimit\120\fraglimit\0\dmflags\0\version\(internal)JAmp: v1.0.1.0 win-x86 Oct 30 2003\g_maxHolocronCarry\3\g_gametype\0\g_needpass\0\protocol\26\mapname\mp/siege_desert\sv_privateClients\0\g_stepSlideFix\1\gamename\MakerMod\g_saberWallDamageScale\0.4\bg_fighterAltControl\0\g_showDuelHealths\0
[Sat May 03 16:14:09 2014]  ClientConnect: 0
[Sat May 03 16:14:16 2014]  ClientBegin: 0
[Sat May 03 16:15:15 2014]  ClientDisconnect: 0
[Sat May 03 18:14:08 2014]  Exit: Timelimit hit.
[Sat May 03 19:36:42 2014]  ClientConnect: 0
[Sat May 03 19:36:42 2014]  mlog:Player TOBBE, connected. With IP - 79.136.64.108:-6869 
[Sat May 03 19:36:47 2014]  ClientDisconnect: 0
[Sat May 03 21:33:29 2014]  ClientConnect: 0
[Sat May 03 21:33:29 2014]  mlog:Player bob the hat, connected. With IP - 151.228.39.34:29070 
[Sat May 03 21:33:41 2014]  ClientBegin: 0
[Sat May 03 21:33:46 2014]  ClientConnect: 1
[Sat May 03 21:33:46 2014]  mlog:Player Joemcdeath, connected. With IP - 86.18.226.208:29070 
[Sat May 03 21:33:58 2014]  ClientBegin: 1
[Sat May 03 21:34:19 2014]  ShutdownGame:
[Sat May 03 21:34:19 2014]  ------------------------------------------------------------
[Sat May 03 21:34:19 2014]  ------------------------------------------------------------
[Sat May 03 21:34:19 2014]  InitGame: \g_siegeTeam2\none\g_siegeTeam1\none\g_jediVmerc\0\g_maxGameClients\0\g_noSpecMove\0\g_debugMelee\1\g_siegeRespawn\20\g_siegeTeamSwitch\1\g_forceRegenTime\0\g_forcePowerDisable\0\g_weaponDisable\0\g_allowNPC\1\bot_minplayers\0\sv_allowDownload\1\sv_floodProtect\0\sv_maxPing\0\sv_minPing\0\sv_maxRate\5000\sv_maxclients\32\sv_hostname\^3Darkquake's Makermod Server\g_duelWeaponDisable\65531\g_forceBasedTeams\0\duel_fraglimit\10\g_maxForceRank\7\g_saberLocking\1\g_privateDuel\1\capturelimit\0\timelimit\120\fraglimit\0\dmflags\0\version\(internal)JAmp: v1.0.1.0 win-x86 Oct 30 2003\g_maxHolocronCarry\3\g_gametype\0\g_needpass\0\protocol\26\mapname\t2_trip\sv_privateClients\0\g_stepSlideFix\1\gamename\MakerMod\g_saberWallDamageScale\0.4\bg_fighterAltControl\0\g_showDuelHealths\0
[Sat May 03 21:34:21 2014]  ClientConnect: 0
[Sat May 03 21:34:21 2014]  ClientConnect: 1
[Sat May 03 21:34:33 2014]  ClientBegin: 0
[Sat May 03 21:34:34 2014]  ClientBegin: 1
[Sat May 03 21:35:41 2014]  Kill: 1 0 3: Joemcdeath killed bob the hat by MOD_SABER
[Sat May 03 21:36:56 2014]  Kill: 1 0 3: Joemcdeath killed bob the hat by MOD_SABER
[Sat May 03 21:37:10 2014]  Kill: 0 1 31: bob the hat killed Joemcdeath by MOD_FORCE_DARK
[Sat May 03 21:37:18 2014]  Kill: 1 0 3: Joemcdeath killed bob the hat by MOD_SABER
[Sat May 03 21:38:06 2014]  Kill: 1 0 3: Joemcdeath killed bob the hat by MOD_SABER
[Sat May 03 21:38:16 2014]  Kill: 0 1 38: bob the hat killed Joemcdeath by MOD_FALLING
[Sat May 03 21:39:09 2014]  Kill: 0 1 31: bob the hat killed Joemcdeath by MOD_FORCE_DARK
[Sat May 03 21:39:18 2014]  Kill: 1 0 3: Joemcdeath killed bob the hat by MOD_SABER
[Sat May 03 21:40:07 2014]  Kill: 1 0 3: Joemcdeath killed bob the hat by MOD_SABER
[Sat May 03 21:41:12 2014]  Kill: 1 0 3: Joemcdeath killed bob the hat by MOD_SABER
[Sat May 03 21:41:28 2014]  Kill: 0 1 3: bob the hat killed Joemcdeath by MOD_SABER
[Sat May 03 21:41:45 2014]  Kill: 0 1 3: bob the hat killed Joemcdeath by MOD_SABER
[Sat May 03 21:41:56 2014]  Kill: 1 0 3: Joemcdeath killed bob the hat by MOD_SABER
[Sat May 03 21:42:08 2014]  Kill: 0 1 3: bob the hat killed Joemcdeath by MOD_SABER
[Sat May 03 21:42:31 2014]  Kill: 1 0 3: Joemcdeath killed bob the hat by MOD_SABER
[Sat May 03 21:42:55 2014]  Kill: 0 1 3: bob the hat killed Joemcdeath by MOD_SABER
[Sat May 03 21:43:04 2014]  Kill: 0 1 3: bob the hat killed Joemcdeath by MOD_SABER
[Sat May 03 21:43:35 2014]  Kill: 0 1 3: bob the hat killed Joemcdeath by MOD_SABER
[Sat May 03 21:44:25 2014]  Kill: 0 1 3: bob the hat killed Joemcdeath by MOD_SABER
[Sat May 03 21:44:31 2014]  Kill: 1 0 3: Joemcdeath killed bob the hat by MOD_SABER
[Sat May 03 21:44:50 2014]  Kill: 0 1 3: bob the hat killed Joemcdeath by MOD_SABER
[Sat May 03 21:46:44 2014]  Kill: 0 1 3: bob the hat killed Joemcdeath by MOD_SABER
[Sat May 03 21:46:55 2014]  ClientDisconnect: 0
[Sat May 03 21:47:00 2014]  ClientDisconnect: 1
[Sat May 03 22:44:22 2014]  ClientConnect: 0
[Sat May 03 22:44:22 2014]  mlog:Player Padawan, connected. With IP - 65.27.168.17:29070 
[Sat May 03 22:44:35 2014]  ClientBegin: 0
[Sat May 03 22:47:49 2014]  say: Padawan: ?not
[Sat May 03 22:53:17 2014]  ClientConnect: 1
[Sat May 03 22:53:17 2014]  mlog:Player Lukas, connected. With IP - 176.74.157.134:1024 
[Sat May 03 22:53:25 2014]  say: Padawan: npc kill all
[Sat May 03 22:53:36 2014]  ClientConnect: 2
[Sat May 03 22:53:36 2014]  mlog:Player Artey, connected. With IP - 176.74.157.134:29070 
[Sat May 03 22:53:41 2014]  print "Padawan^7 @@@PLRENAME klaisner
"[Sat May 03 22:53:47 2014]  ClientBegin: 1
[Sat May 03 22:53:49 2014]  say: klaisner: hello
[Sat May 03 22:54:00 2014]  ClientBegin: 2
[Sat May 03 22:54:02 2014]  say: klaisner: ?
[Sat May 03 22:54:15 2014]  say: Padawan: ?
[Sat May 03 22:54:18 2014]  say: klaisner: hi
[Sat May 03 22:54:23 2014]  say: Padawan: hi
[Sat May 03 22:54:24 2014]  Kill: 0 1 12: klaisner killed Padawan by MOD_REPEATER
[Sat May 03 22:54:27 2014]  Kill: 0 2 14: klaisner killed Artey by MOD_REPEATER_ALT_SPLASH
[Sat May 03 22:54:33 2014]  say: klaisner: op attacking me plz
[Sat May 03 22:55:31 2014]  Kill: 1 1 39: Padawan killed Padawan by MOD_SUICIDE
[Sat May 03 22:55:31 2014]  setteam:  1 FREE SPECTATOR
[Sat May 03 22:55:31 2014]  ClientBegin: 1
[Sat May 03 22:55:37 2014]  say: klaisner: NO
[Sat May 03 22:55:57 2014]  setteam:  1 SPECTATOR FREE
[Sat May 03 22:55:57 2014]  ClientBegin: 1
[Sat May 03 22:56:27 2014]  Kill: 0 1 31: klaisner killed Padawan by MOD_FORCE_DARK
[Sat May 03 22:56:48 2014]  Kill: 0 2 29: klaisner killed Artey by MOD_CONC
[Sat May 03 22:56:55 2014]  say: klaisner: hey guys
[Sat May 03 22:57:05 2014]  Kill: 0 1 15: klaisner killed Padawan by MOD_DEMP2
[Sat May 03 22:57:12 2014]  say: Padawan: why I have bugs
[Sat May 03 22:57:24 2014]  say: Padawan: I cant choose sword :/
[Sat May 03 22:57:24 2014]  say: klaisner: because this is a maker mod server
[Sat May 03 22:57:29 2014]  say: klaisner: yes u can
[Sat May 03 22:57:43 2014]  say: klaisner: go to the icon on the bottom right hand on screen
[Sat May 03 22:57:57 2014]  say: Padawan: I am neo
[Sat May 03 22:58:03 2014]  say: klaisner: oh
[Sat May 03 22:58:10 2014]  Item: 1 ammo_all
[Sat May 03 22:58:25 2014]  say: Padawan: bye
[Sat May 03 22:58:37 2014]  say: Padawan: you cant see me
[Sat May 03 22:59:17 2014]  Kill: 2 1 3: Artey killed Padawan by MOD_SABER
[Sat May 03 22:59:49 2014]  Kill: 0 2 6: klaisner killed Artey by MOD_BLASTER
[Sat May 03 23:00:42 2014]  Kill: 1 2 3: Padawan killed Artey by MOD_SABER
[Sat May 03 23:00:54 2014]  Kill: 0 1 29: klaisner killed Padawan by MOD_CONC
[Sat May 03 23:01:03 2014]  say: Padawan: ho many hp you have?
[Sat May 03 23:01:20 2014]  say: klaisner: i have god
[Sat May 03 23:01:27 2014]  say: klaisner: i will turn it off
[Sat May 03 23:01:43 2014]  Kill: 1 2 3: Padawan killed Artey by MOD_SABER
[Sat May 03 23:02:39 2014]  Kill: 0 1 30: klaisner killed Padawan by MOD_CONC_ALT
[Sat May 03 23:03:04 2014]  Kill: 0 2 29: klaisner killed Artey by MOD_CONC
[Sat May 03 23:03:22 2014]  Kill: 0 1 24: klaisner killed Padawan by MOD_THERMAL_SPLASH
[Sat May 03 23:03:55 2014]  Kill: 1 2 3: Padawan killed Artey by MOD_SABER
[Sat May 03 23:04:13 2014]  Kill: 1 2 3: Padawan killed Artey by MOD_SABER
[Sat May 03 23:04:41 2014]  say: Padawan: where are you
[Sat May 03 23:04:57 2014]  say: klaisner: DO MTELESP
[Sat May 03 23:05:02 2014]  say: klaisner: in console
[Sat May 03 23:05:19 2014]  Kill: 2 1 3: Artey killed Padawan by MOD_SABER
[Sat May 03 23:05:39 2014]  Kill: 2 1 3: Artey killed Padawan by MOD_SABER
[Sat May 03 23:05:43 2014]  Kill: 0 0 39: klaisner killed klaisner by MOD_SUICIDE
[Sat May 03 23:05:51 2014]  Kill: 1 2 3: Padawan killed Artey by MOD_SABER
[Sat May 03 23:06:05 2014]  say: klaisner: My origin is: (-5573 -22266 1704) - You can teleport here with /mtelelast

[Sat May 03 23:06:44 2014]  Kill: 1022 2 3: <world> killed Artey by MOD_SABER
[Sat May 03 23:07:00 2014]  Kill: 2 1 3: Artey killed Padawan by MOD_SABER
[Sat May 03 23:07:03 2014]  Kill: 0 2 3: klaisner killed Artey by MOD_SABER
[Sat May 03 23:07:19 2014]  Kill: 0 2 6: klaisner killed Artey by MOD_BLASTER
[Sat May 03 23:07:29 2014]  Kill: 0 1 6: klaisner killed Padawan by MOD_BLASTER
[Sat May 03 23:07:37 2014]  Kill: 0 1 25: klaisner killed Padawan by MOD_TRIP_MINE_SPLASH
[Sat May 03 23:07:39 2014]  Kill: 0 2 25: klaisner killed Artey by MOD_TRIP_MINE_SPLASH
[Sat May 03 23:08:42 2014]  Kill: 0 2 21: klaisner killed Artey by MOD_ROCKET_HOMING
[Sat May 03 23:08:46 2014]  Kill: 0 1 29: klaisner killed Padawan by MOD_CONC
[Sat May 03 23:09:33 2014]  Kill: 0 1 29: klaisner killed Padawan by MOD_CONC
[Sat May 03 23:09:52 2014]  Kill: 0 1 25: klaisner killed Padawan by MOD_TRIP_MINE_SPLASH
[Sat May 03 23:10:26 2014]  Kill: 0 1 23: klaisner killed Padawan by MOD_THERMAL
[Sat May 03 23:10:34 2014]  Kill: 0 2 24: klaisner killed Artey by MOD_THERMAL_SPLASH
[Sat May 03 23:11:03 2014]  Kill: 0 2 24: klaisner killed Artey by MOD_THERMAL_SPLASH
[Sat May 03 23:11:16 2014]  ClientDisconnect: 0
[Sat May 03 23:11:52 2014]  Kill: 2 1 3: Artey killed Padawan by MOD_SABER
[Sat May 03 23:12:14 2014]  Kill: 2 1 3: Artey killed Padawan by MOD_SABER
[Sat May 03 23:12:27 2014]  Kill: 1 2 3: Padawan killed Artey by MOD_SABER
[Sat May 03 23:13:07 2014]  Kill: 2 1 3: Artey killed Padawan by MOD_SABER
[Sat May 03 23:13:28 2014]  Kill: 2 1 3: Artey killed Padawan by MOD_SABER
[Sat May 03 23:13:44 2014]  Kill: 1 2 3: Padawan killed Artey by MOD_SABER
[Sat May 03 23:13:57 2014]  Kill: 2 1 3: Artey killed Padawan by MOD_SABER
[Sat May 03 23:14:13 2014]  Kill: 1 2 3: Padawan killed Artey by MOD_SABER
[Sat May 03 23:14:22 2014]  Kill: 2 1 3: Artey killed Padawan by MOD_SABER
[Sat May 03 23:14:45 2014]  Kill: 2 1 3: Artey killed Padawan by MOD_SABER
[Sat May 03 23:15:00 2014]  Kill: 1 2 3: Padawan killed Artey by MOD_SABER
[Sat May 03 23:15:09 2014]  Kill: 2 1 3: Artey killed Padawan by MOD_SABER
[Sat May 03 23:15:36 2014]  Kill: 2 1 3: Artey killed Padawan by MOD_SABER
[Sat May 03 23:16:02 2014]  Kill: 1 2 3: Padawan killed Artey by MOD_SABER
[Sat May 03 23:16:40 2014]  Kill: 2 1 3: Artey killed Padawan by MOD_SABER
[Sat May 03 23:16:57 2014]  Kill: 1 2 3: Padawan killed Artey by MOD_SABER
[Sat May 03 23:17:43 2014]  Kill: 2 1 3: Artey killed Padawan by MOD_SABER
[Sat May 03 23:18:00 2014]  Kill: 1 2 3: Padawan killed Artey by MOD_SABER
[Sat May 03 23:19:55 2014]  Kill: 2 1 3: Artey killed Padawan by MOD_SABER
[Sat May 03 23:20:24 2014]  Kill: 2 2 39: Artey killed Artey by MOD_SUICIDE
[Sat May 03 23:20:24 2014]  setteam:  2 FREE SPECTATOR
[Sat May 03 23:20:25 2014]  ClientBegin: 2
[Sat May 03 23:20:33 2014]  setteam:  2 SPECTATOR FREE
[Sat May 03 23:20:33 2014]  ClientBegin: 2
[Sat May 03 23:20:47 2014]  Kill: 1 2 3: Padawan killed Artey by MOD_SABER
[Sat May 03 23:21:18 2014]  Kill: 2 1 3: Artey killed Padawan by MOD_SABER
[Sat May 03 23:22:07 2014]  Kill: 2 1 3: Artey killed Padawan by MOD_SABER
[Sat May 03 23:22:27 2014]  Kill: 1 2 3: Padawan killed Artey by MOD_SABER
[Sat May 03 23:22:50 2014]  Kill: 2 1 3: Artey killed Padawan by MOD_SABER
[Sat May 03 23:23:01 2014]  Kill: 2 1 3: Artey killed Padawan by MOD_SABER
[Sat May 03 23:23:08 2014]  Kill: 2 1 3: Artey killed Padawan by MOD_SABER
[Sat May 03 23:23:28 2014]  Kill: 2 1 3: Artey killed Padawan by MOD_SABER
[Sat May 03 23:23:41 2014]  Kill: 1 2 3: Padawan killed Artey by MOD_SABER
[Sat May 03 23:23:52 2014]  Kill: 2 1 3: Artey killed Padawan by MOD_SABER
[Sat May 03 23:24:03 2014]  Kill: 1 2 3: Padawan killed Artey by MOD_SABER
[Sat May 03 23:24:07 2014]  Kill: 1 2 3: Padawan killed Artey by MOD_SABER
[Sat May 03 23:24:13 2014]  Kill: 2 1 3: Artey killed Padawan by MOD_SABER
[Sat May 03 23:24:22 2014]  Kill: 1 2 3: Padawan killed Artey by MOD_SABER
[Sat May 03 23:24:30 2014]  Kill: 2 1 3: Artey killed Padawan by MOD_SABER
[Sat May 03 23:24:47 2014]  Kill: 1 2 3: Padawan killed Artey by MOD_SABER
[Sat May 03 23:25:24 2014]  Kill: 2 1 3: Artey killed Padawan by MOD_SABER
[Sat May 03 23:25:46 2014]  Kill: 1 2 3: Padawan killed Artey by MOD_SABER
[Sat May 03 23:27:08 2014]  Kill: 2 1 3: Artey killed Padawan by MOD_SABER
[Sat May 03 23:27:13 2014]  ClientDisconnect: 1
[Sat May 03 23:27:16 2014]  ClientDisconnect: 2
[Sat May 03 23:34:18 2014]  Exit: Timelimit hit.
[Sun May 04 07:11:38 2014]  ClientConnect: 0
[Sun May 04 07:11:38 2014]  mlog:Player Anonymous, connected. With IP - 46.211.113.90:1024 
[Sun May 04 07:11:42 2014]  ClientConnect: 1
[Sun May 04 07:11:42 2014]  mlog:Player Anonymous, connected. With IP - 46.211.113.90:29070 
[Sun May 04 07:11:44 2014]  ClientDisconnect: 0
[Sun May 04 07:11:49 2014]  ClientDisconnect: 1
[Sun May 04 11:48:43 2014]  ClientConnect: 0
[Sun May 04 11:48:43 2014]  mlog:Player Liveratplay, connected. With IP - 105.208.137.48:1025 
[Sun May 04 11:49:00 2014]  ClientBegin: 0
[Sun May 04 11:49:37 2014]  ClientDisconnect: 0
[Sun May 04 12:48:46 2014]  ClientConnect: 0
[Sun May 04 12:48:46 2014]  mlog:Player Taser-Lizard, connected. With IP - 95.26.198.58:29070 
[Sun May 04 12:48:59 2014]  ClientBegin: 0
[Sun May 04 12:49:11 2014]  ShutdownGame:
[Sun May 04 12:49:11 2014]  ------------------------------------------------------------
