[Thu May 15 03:53:45 2014]  ------------------------------------------------------------
[Thu May 15 03:53:45 2014]  InitGame: \g_siegeTeam2\none\g_siegeTeam1\none\g_jediVmerc\0\g_maxGameClients\0\g_noSpecMove\0\g_debugMelee\1\g_siegeRespawn\20\g_siegeTeamSwitch\1\g_forceRegenTime\0\g_forcePowerDisable\0\g_weaponDisable\0\g_allowNPC\1\bot_minplayers\0\sv_allowDownload\1\sv_floodProtect\0\sv_maxPing\0\sv_minPing\0\sv_maxRate\5000\sv_maxclients\32\sv_hostname\^3Darkquake's Makermod Server\g_duelWeaponDisable\65531\g_forceBasedTeams\0\duel_fraglimit\10\g_maxForceRank\7\g_saberLocking\1\g_privateDuel\1\capturelimit\0\timelimit\120\fraglimit\0\dmflags\0\version\(internal)JAmp: v1.0.1.0 win-x86 Oct 30 2003\g_maxHolocronCarry\3\g_gametype\0\g_needpass\0\protocol\26\mapname\t2_trip\sv_privateClients\0\g_stepSlideFix\1\gamename\MakerMod\g_saberWallDamageScale\0.4\bg_fighterAltControl\0\g_showDuelHealths\0
[Thu May 15 03:53:46 2014]  ClientConnect: 0
[Thu May 15 03:53:55 2014]  ClientBegin: 0
[Thu May 15 03:54:21 2014]  Kill: 0 0 39: Padawan killed Padawan by MOD_SUICIDE
[Thu May 15 03:54:24 2014]  ClientDisconnect: 0
[Thu May 15 03:54:24 2014]  ClientDisconnect: 0
[Thu May 15 03:54:24 2014]  ClientConnect: 0
[Thu May 15 03:54:24 2014]  mlog:Player Padawan, connected. With IP - 174.64.179.213:29070 
[Thu May 15 03:54:30 2014]  ClientBegin: 0
[Thu May 15 03:54:39 2014]  print "Padawan^7 @@@PLRENAME ^7E^0itani
"[Thu May 15 03:56:12 2014]  ClientDisconnect: 0
[Thu May 15 05:53:44 2014]  Exit: Timelimit hit.
[Thu May 15 15:38:51 2014]  ClientConnect: 0
[Thu May 15 15:38:51 2014]  mlog:Player Norton, connected. With IP - 194.190.115.4:-19873 
[Thu May 15 15:39:07 2014]  ClientBegin: 0
[Thu May 15 15:39:42 2014]  ShutdownGame:
[Thu May 15 15:39:42 2014]  ------------------------------------------------------------
[Thu May 15 15:39:42 2014]  ------------------------------------------------------------
[Thu May 15 15:39:42 2014]  InitGame: \g_siegeTeam2\none\g_siegeTeam1\none\g_jediVmerc\0\g_maxGameClients\0\g_noSpecMove\0\g_debugMelee\1\g_siegeRespawn\20\g_siegeTeamSwitch\1\g_forceRegenTime\0\g_forcePowerDisable\0\g_weaponDisable\0\g_allowNPC\1\bot_minplayers\0\sv_allowDownload\1\sv_floodProtect\0\sv_maxPing\0\sv_minPing\0\sv_maxRate\5000\sv_maxclients\32\sv_hostname\^3Darkquake's Makermod Server\g_duelWeaponDisable\65531\g_forceBasedTeams\0\duel_fraglimit\10\g_maxForceRank\7\g_saberLocking\1\g_privateDuel\1\capturelimit\0\timelimit\120\fraglimit\0\dmflags\0\version\(internal)JAmp: v1.0.1.0 win-x86 Oct 30 2003\g_maxHolocronCarry\3\g_gametype\0\g_needpass\0\protocol\26\mapname\mp/siege_desert\sv_privateClients\0\g_stepSlideFix\1\gamename\MakerMod\g_saberWallDamageScale\0.4\bg_fighterAltControl\0\g_showDuelHealths\0
[Thu May 15 15:39:43 2014]  ClientConnect: 0
[Thu May 15 15:39:55 2014]  ClientBegin: 0
[Thu May 15 15:41:51 2014]  ClientDisconnect: 0
[Thu May 15 15:43:10 2014]  ClientConnect: 0
[Thu May 15 15:43:10 2014]  mlog:Player Padawan, connected. With IP - 37.1.31.199:29070 
[Thu May 15 15:43:11 2014]  ClientConnect: 1
[Thu May 15 15:43:11 2014]  mlog:Player Norton, connected. With IP - 194.190.115.4:-19873 
[Thu May 15 15:43:18 2014]  ClientBegin: 1
[Thu May 15 15:43:30 2014]  ClientBegin: 0
[Thu May 15 15:44:08 2014]  Kill: 1 0 3: Norton killed Padawan by MOD_SABER
[Thu May 15 15:46:24 2014]  Kill: 1022 1 38: <world> killed Norton by MOD_FALLING
[Thu May 15 15:49:00 2014]  Kill: 0 1 3: Padawan killed Norton by MOD_SABER
[Thu May 15 15:49:15 2014]  print "Padawan^7 @@@PLRENAME FeeNo
"[Thu May 15 15:50:03 2014]  Kill: 1022 0 39: <world> killed FeeNo by MOD_SUICIDE
[Thu May 15 15:51:04 2014]  Kill: 0 1 3: FeeNo killed Norton by MOD_SABER
[Thu May 15 15:58:12 2014]  Kill: 1022 0 38: <world> killed FeeNo by MOD_FALLING
[Thu May 15 15:58:27 2014]  Kill: 0 1 3: FeeNo killed Norton by MOD_SABER
[Thu May 15 15:59:05 2014]  ClientDisconnect: 1
[Thu May 15 15:59:20 2014]  ClientDisconnect: 0
[Thu May 15 16:18:59 2014]  ClientConnect: 0
[Thu May 15 16:18:59 2014]  mlog:Player Padawan, connected. With IP - 37.1.31.199:29070 
[Thu May 15 16:19:06 2014]  ClientBegin: 0
[Thu May 15 16:19:17 2014]  ClientDisconnect: 0
[Thu May 15 17:39:42 2014]  Exit: Timelimit hit.
[Thu May 15 23:38:08 2014]  ClientConnect: 0
[Thu May 15 23:38:08 2014]  mlog:Player ^0{^4LR^0}^7S^0pio^5R^7, connected. With IP - 79.100.205.55:29071 
[Thu May 15 23:38:17 2014]  ClientBegin: 0
[Thu May 15 23:38:19 2014]  ShutdownGame:
[Thu May 15 23:38:19 2014]  ------------------------------------------------------------
[Thu May 15 23:38:20 2014]  ------------------------------------------------------------
[Thu May 15 23:38:20 2014]  InitGame: \g_siegeTeam2\none\g_siegeTeam1\none\g_jediVmerc\0\g_maxGameClients\0\g_noSpecMove\0\g_debugMelee\1\g_siegeRespawn\20\g_siegeTeamSwitch\1\g_forceRegenTime\0\g_forcePowerDisable\0\g_weaponDisable\0\g_allowNPC\1\bot_minplayers\0\sv_allowDownload\1\sv_floodProtect\0\sv_maxPing\0\sv_minPing\0\sv_maxRate\5000\sv_maxclients\32\sv_hostname\^3Darkquake's Makermod Server\g_duelWeaponDisable\65531\g_forceBasedTeams\0\duel_fraglimit\10\g_maxForceRank\7\g_saberLocking\1\g_privateDuel\1\capturelimit\0\timelimit\120\fraglimit\0\dmflags\0\version\(internal)JAmp: v1.0.1.0 win-x86 Oct 30 2003\g_maxHolocronCarry\3\g_gametype\0\g_needpass\0\protocol\26\mapname\t2_trip\sv_privateClients\0\g_stepSlideFix\1\gamename\MakerMod\g_saberWallDamageScale\0.4\bg_fighterAltControl\0\g_showDuelHealths\0
[Thu May 15 23:38:22 2014]  ClientConnect: 0
[Thu May 15 23:38:26 2014]  ClientConnect: 1
[Thu May 15 23:38:26 2014]  mlog:Player Padawan, connected. With IP - 5.14.29.101:-5135 
[Thu May 15 23:38:28 2014]  ClientBegin: 0
[Thu May 15 23:38:32 2014]  ClientDisconnect: 1
[Thu May 15 23:41:23 2014]  ClientDisconnect: 0
[Fri May 16 01:38:18 2014]  Exit: Timelimit hit.
[Fri May 16 09:43:03 2014]  ClientConnect: 0
[Fri May 16 09:43:03 2014]  mlog:Player Padawan, connected. With IP - 162.234.97.59:29070 
[Fri May 16 09:43:22 2014]  ClientBegin: 0
[Fri May 16 09:43:28 2014]  ShutdownGame:
[Fri May 16 09:43:28 2014]  ------------------------------------------------------------
