[Mon May 19 09:35:02 2014]  ------------------------------------------------------------
[Mon May 19 09:35:02 2014]  InitGame: \dmflags\0\fraglimit\0\timelimit\120\capturelimit\0\g_privateDuel\1\g_saberLocking\1\g_maxForceRank\7\duel_fraglimit\10\g_forceBasedTeams\0\g_duelWeaponDisable\65531\sv_hostname\^3Darkquake's Makermod Server\sv_maxclients\32\sv_maxRate\5000\sv_minPing\0\sv_maxPing\0\sv_floodProtect\0\sv_allowDownload\1\bot_minplayers\0\g_allowNPC\1\g_weaponDisable\0\g_forcePowerDisable\0\g_forceRegenTime\0\g_siegeTeamSwitch\1\g_siegeRespawn\20\g_debugMelee\1\g_noSpecMove\0\g_maxGameClients\0\g_jediVmerc\0\g_siegeTeam1\none\g_siegeTeam2\none\version\(internal)JAmp: v1.0.1.0 win-x86 Oct 30 2003\g_maxHolocronCarry\3\g_gametype\0\g_needpass\0\protocol\26\mapname\mp/siege_desert\sv_privateClients\0\g_stepSlideFix\1\gamename\MakerMod\g_saberWallDamageScale\0.4\bg_fighterAltControl\0\g_showDuelHealths\0
[Mon May 19 09:35:03 2014]  ClientConnect: 0
[Mon May 19 09:35:14 2014]  ClientBegin: 0
[Mon May 19 09:39:21 2014]  ClientDisconnect: 0
[Mon May 19 11:34:59 2014]  Exit: Timelimit hit.
[Mon May 19 23:39:42 2014]  ClientConnect: 0
[Mon May 19 23:39:42 2014]  mlog:Player Padawan, connected. With IP - 70.234.170.21:29070 
[Mon May 19 23:39:57 2014]  ClientBegin: 0
[Mon May 19 23:40:06 2014]  print "Padawan^7 @@@PLRENAME ^1Teratronic
"[Mon May 19 23:40:07 2014]  ShutdownGame:
[Mon May 19 23:40:07 2014]  ------------------------------------------------------------
[Mon May 19 23:40:08 2014]  ------------------------------------------------------------
[Mon May 19 23:40:08 2014]  InitGame: \dmflags\0\fraglimit\0\timelimit\120\capturelimit\0\g_privateDuel\1\g_saberLocking\1\g_maxForceRank\7\duel_fraglimit\10\g_forceBasedTeams\0\g_duelWeaponDisable\65531\sv_hostname\^3Darkquake's Makermod Server\sv_maxclients\32\sv_maxRate\5000\sv_minPing\0\sv_maxPing\0\sv_floodProtect\0\sv_allowDownload\1\bot_minplayers\0\g_allowNPC\1\g_weaponDisable\0\g_forcePowerDisable\0\g_forceRegenTime\0\g_siegeTeamSwitch\1\g_siegeRespawn\20\g_debugMelee\1\g_noSpecMove\0\g_maxGameClients\0\g_jediVmerc\0\g_siegeTeam1\none\g_siegeTeam2\none\version\(internal)JAmp: v1.0.1.0 win-x86 Oct 30 2003\g_maxHolocronCarry\3\g_gametype\0\g_needpass\0\protocol\26\mapname\t2_trip\sv_privateClients\0\g_stepSlideFix\1\gamename\MakerMod\g_saberWallDamageScale\0.4\bg_fighterAltControl\0\g_showDuelHealths\0
[Mon May 19 23:40:10 2014]  ClientConnect: 0
[Mon May 19 23:40:25 2014]  ClientBegin: 0
[Mon May 19 23:42:01 2014]  say: ^1Teratronic: ^4Lightning-^5Script by ^0Revan
[Mon May 19 23:42:08 2014]  say: ^1Teratronic: ^4Lightning ^5Powers off
[Mon May 19 23:42:09 2014]  say: ^1Teratronic: ^4Lightning ^5Powers off
[Mon May 19 23:42:10 2014]  say: ^1Teratronic: ^4Lightning ^5Powers off
[Mon May 19 23:42:11 2014]  say: ^1Teratronic: ^4Lightning ^5Powers off
[Mon May 19 23:42:11 2014]  say: ^1Teratronic: ^4Lightning ^5Powers off
[Mon May 19 23:42:11 2014]  say: ^1Teratronic: ^4Lightning ^5Powers off
[Mon May 19 23:42:11 2014]  say: ^1Teratronic: ^4Lightning ^5Powers off
[Mon May 19 23:42:11 2014]  say: ^1Teratronic: ^4Lightning ^5Powers off
[Mon May 19 23:42:11 2014]  say: ^1Teratronic: ^4Lightning ^5Powers off
[Mon May 19 23:42:11 2014]  say: ^1Teratronic: ^4Lightning ^5Powers off
[Mon May 19 23:42:11 2014]  say: ^1Teratronic: ^4Lightning ^5Powers off
[Mon May 19 23:42:11 2014]  say: ^1Teratronic: ^4Lightning ^5Powers off
[Mon May 19 23:42:11 2014]  say: ^1Teratronic: ^4Lightning ^5Powers off
[Mon May 19 23:42:11 2014]  say: ^1Teratronic: ^4Lightning ^5Powers off
[Mon May 19 23:42:11 2014]  say: ^1Teratronic: ^4Lightning ^5Powers off
[Mon May 19 23:42:11 2014]  say: ^1Teratronic: ^4Lightning ^5Powers off
[Mon May 19 23:42:11 2014]  say: ^1Teratronic: ^4Lightning ^5Powers off
[Mon May 19 23:42:11 2014]  say: ^1Teratronic: ^4Lightning ^5Powers off
[Mon May 19 23:42:11 2014]  say: ^1Teratronic: ^4Lightning ^5Powers off
[Mon May 19 23:42:11 2014]  say: ^1Teratronic: ^4Lightning ^5Powers off
[Mon May 19 23:42:14 2014]  say: ^1Teratronic: ^4Lightning ^5Powers off
[Mon May 19 23:42:22 2014]  say: ^1Teratronic: ^4Lightning ^5Powers off
[Mon May 19 23:42:33 2014]  say: ^1Teratronic: ^4Lightning ^5Powers off
[Mon May 19 23:42:45 2014]  say: ^1Teratronic: ^4Lightning ^5Powers off
[Mon May 19 23:42:54 2014]  ClientDisconnect: 0
[Tue May 20 01:40:07 2014]  Exit: Timelimit hit.
[Tue May 20 17:39:28 2014]  ClientConnect: 0
[Tue May 20 17:39:28 2014]  mlog:Player Jan, connected. With IP - 31.209.83.130:29070 
[Tue May 20 17:39:51 2014]  ClientBegin: 0
[Tue May 20 17:39:59 2014]  ShutdownGame:
[Tue May 20 17:39:59 2014]  ------------------------------------------------------------
