[Wed May 07 06:46:28 2014]  ------------------------------------------------------------
[Wed May 07 06:46:28 2014]  InitGame: \g_siegeTeam2\none\g_siegeTeam1\none\g_jediVmerc\0\g_maxGameClients\0\g_noSpecMove\0\g_debugMelee\1\g_siegeRespawn\20\g_siegeTeamSwitch\1\g_forceRegenTime\0\g_forcePowerDisable\0\g_weaponDisable\0\g_allowNPC\1\bot_minplayers\0\sv_allowDownload\1\sv_floodProtect\0\sv_maxPing\0\sv_minPing\0\sv_maxRate\5000\sv_maxclients\32\sv_hostname\^3Darkquake's Makermod Server\g_duelWeaponDisable\65531\g_forceBasedTeams\0\duel_fraglimit\10\g_maxForceRank\7\g_saberLocking\1\g_privateDuel\1\capturelimit\0\timelimit\120\fraglimit\0\dmflags\0\version\(internal)JAmp: v1.0.1.0 win-x86 Oct 30 2003\g_maxHolocronCarry\3\g_gametype\0\g_needpass\0\protocol\26\mapname\t2_trip\sv_privateClients\0\g_stepSlideFix\1\gamename\MakerMod\g_saberWallDamageScale\0.4\bg_fighterAltControl\0\g_showDuelHealths\0
[Wed May 07 06:46:29 2014]  ClientConnect: 0
[Wed May 07 06:46:43 2014]  ClientBegin: 0
[Wed May 07 06:48:15 2014]  say: ^0{^1AWP^0}^1ß^0am{^1Element^0}: ^7Road House!
[Wed May 07 06:48:16 2014]  say: ^0{^1AWP^0}^1ß^0am{^1Element^0}: ^7Road House!
[Wed May 07 06:48:37 2014]  say: ^0{^1AWP^0}^1ß^0am{^1Element^0}: ^7Road House!
[Wed May 07 06:48:39 2014]  say: ^0{^1AWP^0}^1ß^0am{^1Element^0}: ^7Road House!
[Wed May 07 06:49:04 2014]  say: ^0{^1AWP^0}^1ß^0am{^1Element^0}: ^5Friendly ^5H^0arriers ^1I^0nbound^5.
[Wed May 07 06:49:45 2014]  say: ^0{^1AWP^0}^1ß^0am{^1Element^0}: ^7Road House!
[Wed May 07 06:49:57 2014]  say: ^0{^1AWP^0}^1ß^0am{^1Element^0}: ^7Road House!
[Wed May 07 06:49:59 2014]  say: ^0{^1AWP^0}^1ß^0am{^1Element^0}: ^7Road House!
[Wed May 07 06:50:00 2014]  say: ^0{^1AWP^0}^1ß^0am{^1Element^0}: ^7Road House!
[Wed May 07 06:51:08 2014]  say: ^0{^1AWP^0}^1ß^0am{^1Element^0}: ^7Road House!
[Wed May 07 06:51:17 2014]  say: ^0{^1AWP^0}^1ß^0am{^1Element^0}: ^7Road House!
[Wed May 07 06:51:18 2014]  say: ^0{^1AWP^0}^1ß^0am{^1Element^0}: ^7Road House!
[Wed May 07 06:51:19 2014]  say: ^0{^1AWP^0}^1ß^0am{^1Element^0}: ^7Road House!
[Wed May 07 06:51:20 2014]  say: ^0{^1AWP^0}^1ß^0am{^1Element^0}: ^7Road House!
[Wed May 07 06:51:21 2014]  say: ^0{^1AWP^0}^1ß^0am{^1Element^0}: ^7Road House!
[Wed May 07 06:51:22 2014]  say: ^0{^1AWP^0}^1ß^0am{^1Element^0}: ^7Road House!
[Wed May 07 06:51:23 2014]  say: ^0{^1AWP^0}^1ß^0am{^1Element^0}: ^7Road House!
[Wed May 07 06:51:24 2014]  say: ^0{^1AWP^0}^1ß^0am{^1Element^0}: ^7Road House!
[Wed May 07 06:51:25 2014]  say: ^0{^1AWP^0}^1ß^0am{^1Element^0}: ^7Road House!
[Wed May 07 06:51:26 2014]  say: ^0{^1AWP^0}^1ß^0am{^1Element^0}: ^7Road House!
[Wed May 07 06:51:26 2014]  say: ^0{^1AWP^0}^1ß^0am{^1Element^0}: ^7Road House!
[Wed May 07 06:51:27 2014]  say: ^0{^1AWP^0}^1ß^0am{^1Element^0}: ^7Road House!
[Wed May 07 06:51:28 2014]  say: ^0{^1AWP^0}^1ß^0am{^1Element^0}: ^7Road House!
[Wed May 07 06:51:29 2014]  say: ^0{^1AWP^0}^1ß^0am{^1Element^0}: ^7Road House!
[Wed May 07 06:51:30 2014]  say: ^0{^1AWP^0}^1ß^0am{^1Element^0}: ^7Road House!
[Wed May 07 06:51:31 2014]  say: ^0{^1AWP^0}^1ß^0am{^1Element^0}: ^7Road House!
[Wed May 07 06:51:32 2014]  say: ^0{^1AWP^0}^1ß^0am{^1Element^0}: ^7Road House!
[Wed May 07 06:51:33 2014]  say: ^0{^1AWP^0}^1ß^0am{^1Element^0}: ^7Road House!
[Wed May 07 06:51:34 2014]  say: ^0{^1AWP^0}^1ß^0am{^1Element^0}: ^7Road House!
[Wed May 07 06:51:35 2014]  say: ^0{^1AWP^0}^1ß^0am{^1Element^0}: ^7Road House!
[Wed May 07 06:51:36 2014]  say: ^0{^1AWP^0}^1ß^0am{^1Element^0}: ^7Road House!
[Wed May 07 06:51:37 2014]  say: ^0{^1AWP^0}^1ß^0am{^1Element^0}: ^7Road House!
[Wed May 07 06:51:39 2014]  say: ^0{^1AWP^0}^1ß^0am{^1Element^0}: ^7Road House!
[Wed May 07 06:51:40 2014]  say: ^0{^1AWP^0}^1ß^0am{^1Element^0}: ^7Road House!
[Wed May 07 06:51:41 2014]  say: ^0{^1AWP^0}^1ß^0am{^1Element^0}: ^7Road House!
[Wed May 07 06:51:42 2014]  say: ^0{^1AWP^0}^1ß^0am{^1Element^0}: ^7Road House!
[Wed May 07 06:51:43 2014]  say: ^0{^1AWP^0}^1ß^0am{^1Element^0}: ^7Road House!
[Wed May 07 06:51:44 2014]  say: ^0{^1AWP^0}^1ß^0am{^1Element^0}: ^7Road House!
[Wed May 07 06:51:45 2014]  say: ^0{^1AWP^0}^1ß^0am{^1Element^0}: ^7Road House!
[Wed May 07 06:51:46 2014]  say: ^0{^1AWP^0}^1ß^0am{^1Element^0}: ^7Road House!
[Wed May 07 06:51:47 2014]  say: ^0{^1AWP^0}^1ß^0am{^1Element^0}: ^7Road House!
[Wed May 07 06:51:48 2014]  say: ^0{^1AWP^0}^1ß^0am{^1Element^0}: ^7Road House!
[Wed May 07 06:51:49 2014]  say: ^0{^1AWP^0}^1ß^0am{^1Element^0}: ^7Road House!
[Wed May 07 06:51:50 2014]  say: ^0{^1AWP^0}^1ß^0am{^1Element^0}: ^7Road House!
[Wed May 07 06:51:51 2014]  say: ^0{^1AWP^0}^1ß^0am{^1Element^0}: ^7Road House!
[Wed May 07 06:51:52 2014]  say: ^0{^1AWP^0}^1ß^0am{^1Element^0}: ^7Road House!
[Wed May 07 06:51:53 2014]  say: ^0{^1AWP^0}^1ß^0am{^1Element^0}: ^7Road House!
[Wed May 07 06:51:54 2014]  say: ^0{^1AWP^0}^1ß^0am{^1Element^0}: ^7Road House!
[Wed May 07 06:51:55 2014]  say: ^0{^1AWP^0}^1ß^0am{^1Element^0}: ^7Road House!
[Wed May 07 06:51:56 2014]  say: ^0{^1AWP^0}^1ß^0am{^1Element^0}: ^7Road House!
[Wed May 07 06:51:57 2014]  say: ^0{^1AWP^0}^1ß^0am{^1Element^0}: ^7Road House!
[Wed May 07 06:51:58 2014]  say: ^0{^1AWP^0}^1ß^0am{^1Element^0}: ^7Road House!
[Wed May 07 06:51:59 2014]  say: ^0{^1AWP^0}^1ß^0am{^1Element^0}: help
[Wed May 07 06:52:17 2014]  say: ^0{^1AWP^0}^1ß^0am{^1Element^0}: ^7Road House!
[Wed May 07 06:52:19 2014]  say: ^0{^1AWP^0}^1ß^0am{^1Element^0}: ^1W^0UBBLE ^1B^0ITCH ^1W^0UBBLE
[Wed May 07 06:55:04 2014]  say: ^0{^1AWP^0}^1ß^0am{^1Element^0}: ^7Road House!
[Wed May 07 06:55:23 2014]  ClientDisconnect: 0
[Wed May 07 08:46:26 2014]  Exit: Timelimit hit.
[Wed May 07 09:53:19 2014]  ClientConnect: 0
[Wed May 07 09:53:19 2014]  mlog:Player Padawan, connected. With IP - 128.73.13.89:29070 
[Wed May 07 09:53:37 2014]  ClientConnect: 1
[Wed May 07 09:53:37 2014]  mlog:Player Lord_Rain, connected. With IP - 176.212.240.125:29070 
[Wed May 07 09:53:39 2014]  ClientBegin: 0
[Wed May 07 09:54:01 2014]  ClientBegin: 1
[Wed May 07 09:54:11 2014]  ShutdownGame:
[Wed May 07 09:54:11 2014]  ------------------------------------------------------------
[Wed May 07 09:54:11 2014]  ------------------------------------------------------------
[Wed May 07 09:54:11 2014]  InitGame: \g_siegeTeam2\none\g_siegeTeam1\none\g_jediVmerc\0\g_maxGameClients\0\g_noSpecMove\0\g_debugMelee\1\g_siegeRespawn\20\g_siegeTeamSwitch\1\g_forceRegenTime\0\g_forcePowerDisable\0\g_weaponDisable\0\g_allowNPC\1\bot_minplayers\0\sv_allowDownload\1\sv_floodProtect\0\sv_maxPing\0\sv_minPing\0\sv_maxRate\5000\sv_maxclients\32\sv_hostname\^3Darkquake's Makermod Server\g_duelWeaponDisable\65531\g_forceBasedTeams\0\duel_fraglimit\10\g_maxForceRank\7\g_saberLocking\1\g_privateDuel\1\capturelimit\0\timelimit\120\fraglimit\0\dmflags\0\version\(internal)JAmp: v1.0.1.0 win-x86 Oct 30 2003\g_maxHolocronCarry\3\g_gametype\0\g_needpass\0\protocol\26\mapname\mp/siege_desert\sv_privateClients\0\g_stepSlideFix\1\gamename\MakerMod\g_saberWallDamageScale\0.4\bg_fighterAltControl\0\g_showDuelHealths\0
[Wed May 07 09:54:12 2014]  ClientConnect: 0
[Wed May 07 09:54:12 2014]  ClientConnect: 1
[Wed May 07 09:54:21 2014]  ClientBegin: 0
[Wed May 07 09:54:22 2014]  ClientBegin: 1
[Wed May 07 09:54:35 2014]  Kill: 1 0 3: Rainsss killed Padawan by MOD_SABER
[Wed May 07 09:57:14 2014]  Kill: 1022 1 39: <world> killed Rainsss by MOD_SUICIDE
[Wed May 07 09:58:37 2014]  Kill: 1 0 3: Rainsss killed Padawan by MOD_SABER
[Wed May 07 09:58:43 2014]  ClientDisconnect: 0
[Wed May 07 09:59:05 2014]  ClientConnect: 0
[Wed May 07 09:59:05 2014]  mlog:Player Padawan, connected. With IP - 128.73.13.89:29070 
[Wed May 07 09:59:18 2014]  ClientBegin: 0
[Wed May 07 10:01:41 2014]  ClientConnect: 2
[Wed May 07 10:01:41 2014]  mlog:Player Lexasss, connected. With IP - 176.212.235.23:29070 
[Wed May 07 10:02:04 2014]  ClientBegin: 2
[Wed May 07 10:03:08 2014]  Kill: 2 0 3: Lexasss killed Padawan by MOD_SABER
[Wed May 07 10:03:51 2014]  Kill: 1 0 3: Rainsss killed Padawan by MOD_SABER
[Wed May 07 10:04:00 2014]  ClientDisconnect: 0
[Wed May 07 10:04:14 2014]  Kill: 1022 2 38: <world> killed Lexasss by MOD_FALLING
[Wed May 07 10:04:26 2014]  ClientConnect: 0
[Wed May 07 10:04:26 2014]  mlog:Player Padawan, connected. With IP - 128.73.13.89:29070 
[Wed May 07 10:04:40 2014]  ClientBegin: 0
[Wed May 07 10:04:57 2014]  Kill: 0 1 31: Padawan killed Rainsss by MOD_FORCE_DARK
[Wed May 07 10:05:09 2014]  Kill: 2 0 3: Lexasss killed Padawan by MOD_SABER
[Wed May 07 10:05:36 2014]  Kill: 1 0 3: Rainsss killed Padawan by MOD_SABER
[Wed May 07 10:06:36 2014]  Kill: 1022 1 39: <world> killed Rainsss by MOD_SUICIDE
[Wed May 07 10:07:31 2014]  Kill: 1022 1 39: <world> killed Rainsss by MOD_SUICIDE
[Wed May 07 10:08:27 2014]  Kill: 1022 0 2: <world> killed Padawan by MOD_MELEE
[Wed May 07 10:08:36 2014]  Kill: 1 2 3: Rainsss killed Lexasss by MOD_SABER
[Wed May 07 10:10:32 2014]  Kill: 1022 2 39: <world> killed Lexasss by MOD_SUICIDE
[Wed May 07 10:11:43 2014]  Kill: 1 2 3: Rainsss killed Lexasss by MOD_SABER
[Wed May 07 10:12:09 2014]  Kill: 2 0 3: Lexasss killed Padawan by MOD_SABER
[Wed May 07 10:12:14 2014]  Kill: 1022 1 39: <world> killed Rainsss by MOD_SUICIDE
[Wed May 07 10:12:36 2014]  Kill: 1 2 3: Rainsss killed Lexasss by MOD_SABER
[Wed May 07 10:12:37 2014]  ClientConnect: 3
[Wed May 07 10:12:37 2014]  mlog:Player Emil_doc, connected. With IP - 128.73.184.153:29070 
[Wed May 07 10:12:56 2014]  ClientBegin: 3
[Wed May 07 10:13:11 2014]  Kill: 1022 1 39: <world> killed Rainsss by MOD_SUICIDE
[Wed May 07 10:13:15 2014]  Kill: 2 3 3: Lexasss killed Emil by MOD_SABER
[Wed May 07 10:13:23 2014]  Kill: 2 0 3: Lexasss killed Padawan by MOD_SABER
[Wed May 07 10:13:42 2014]  Kill: 3 1 3: Emil killed Rainsss by MOD_SABER
[Wed May 07 10:15:39 2014]  Kill: 1022 3 0: <world> killed Emil by MOD_UNKNOWN
[Wed May 07 10:15:56 2014]  Kill: 2 1 3: Lexasss killed Rainsss by MOD_SABER
[Wed May 07 10:16:11 2014]  Kill: 1 0 5: Rainsss killed Padawan by MOD_BRYAR_PISTOL_ALT
[Wed May 07 10:16:15 2014]  Kill: 2 3 3: Lexasss killed Emil by MOD_SABER
[Wed May 07 10:16:44 2014]  Kill: 1022 1 39: <world> killed Rainsss by MOD_SUICIDE
[Wed May 07 10:17:59 2014]  Kill: 2 0 3: Lexasss killed Padawan by MOD_SABER
[Wed May 07 10:18:34 2014]  Kill: 1 3 3: Rainsss killed Emil by MOD_SABER
[Wed May 07 10:18:44 2014]  Kill: 1022 1 39: <world> killed Rainsss by MOD_SUICIDE
[Wed May 07 10:19:19 2014]  Kill: 0 3 3: Padawan killed Emil by MOD_SABER
[Wed May 07 10:19:28 2014]  Kill: 2 1 3: Lexasss killed Rainsss by MOD_SABER
[Wed May 07 10:19:46 2014]  Kill: 1 0 3: Rainsss killed Padawan by MOD_SABER
[Wed May 07 10:19:53 2014]  ClientDisconnect: 0
[Wed May 07 10:19:55 2014]  Kill: 3 2 31: Emil killed Lexasss by MOD_FORCE_DARK
[Wed May 07 10:19:58 2014]  ClientDisconnect: 1
[Wed May 07 10:20:02 2014]  ClientDisconnect: 2
[Wed May 07 10:20:06 2014]  ClientDisconnect: 3
[Wed May 07 11:54:10 2014]  Exit: Timelimit hit.
[Wed May 07 14:23:47 2014]  ClientConnect: 0
[Wed May 07 14:23:47 2014]  mlog:Player novals, connected. With IP - 88.135.199.173:29070 
[Wed May 07 14:23:58 2014]  ClientBegin: 0
[Wed May 07 14:24:07 2014]  ClientDisconnect: 0
[Wed May 07 14:29:10 2014]  ClientConnect: 0
[Wed May 07 14:29:10 2014]  mlog:Player novals, connected. With IP - 88.135.199.173:29070 
[Wed May 07 14:29:18 2014]  ClientBegin: 0
[Wed May 07 14:29:24 2014]  ShutdownGame:
[Wed May 07 14:29:24 2014]  ------------------------------------------------------------
[Wed May 07 14:29:25 2014]  ------------------------------------------------------------
[Wed May 07 14:29:25 2014]  InitGame: \g_siegeTeam2\none\g_siegeTeam1\none\g_jediVmerc\0\g_maxGameClients\0\g_noSpecMove\0\g_debugMelee\1\g_siegeRespawn\20\g_siegeTeamSwitch\1\g_forceRegenTime\0\g_forcePowerDisable\0\g_weaponDisable\0\g_allowNPC\1\bot_minplayers\0\sv_allowDownload\1\sv_floodProtect\0\sv_maxPing\0\sv_minPing\0\sv_maxRate\5000\sv_maxclients\32\sv_hostname\^3Darkquake's Makermod Server\g_duelWeaponDisable\65531\g_forceBasedTeams\0\duel_fraglimit\10\g_maxForceRank\7\g_saberLocking\1\g_privateDuel\1\capturelimit\0\timelimit\120\fraglimit\0\dmflags\0\version\(internal)JAmp: v1.0.1.0 win-x86 Oct 30 2003\g_maxHolocronCarry\3\g_gametype\0\g_needpass\0\protocol\26\mapname\t2_trip\sv_privateClients\0\g_stepSlideFix\1\gamename\MakerMod\g_saberWallDamageScale\0.4\bg_fighterAltControl\0\g_showDuelHealths\0
[Wed May 07 14:29:27 2014]  ClientConnect: 0
[Wed May 07 14:29:39 2014]  ClientBegin: 0
[Wed May 07 14:30:19 2014]  say: novals: ‡Û
[Wed May 07 14:30:23 2014]  ClientDisconnect: 0
[Wed May 07 16:29:24 2014]  Exit: Timelimit hit.
[Wed May 07 17:51:05 2014]  ClientConnect: 0
[Wed May 07 17:51:05 2014]  mlog:Player Ramesh, connected. With IP - 90.221.5.247:29070 
[Wed May 07 17:51:46 2014]  ClientBegin: 0
[Wed May 07 17:51:58 2014]  ShutdownGame:
[Wed May 07 17:51:58 2014]  ------------------------------------------------------------
[Wed May 07 17:52:00 2014]  ------------------------------------------------------------
[Wed May 07 17:52:00 2014]  InitGame: \g_siegeTeam2\none\g_siegeTeam1\none\g_jediVmerc\0\g_maxGameClients\0\g_noSpecMove\0\g_debugMelee\1\g_siegeRespawn\20\g_siegeTeamSwitch\1\g_forceRegenTime\0\g_forcePowerDisable\0\g_weaponDisable\0\g_allowNPC\1\bot_minplayers\0\sv_allowDownload\1\sv_floodProtect\0\sv_maxPing\0\sv_minPing\0\sv_maxRate\5000\sv_maxclients\32\sv_hostname\^3Darkquake's Makermod Server\g_duelWeaponDisable\65531\g_forceBasedTeams\0\duel_fraglimit\10\g_maxForceRank\7\g_saberLocking\1\g_privateDuel\1\capturelimit\0\timelimit\120\fraglimit\0\dmflags\0\version\(internal)JAmp: v1.0.1.0 win-x86 Oct 30 2003\g_maxHolocronCarry\3\g_gametype\0\g_needpass\0\protocol\26\mapname\mp/siege_desert\sv_privateClients\0\g_stepSlideFix\1\gamename\MakerMod\g_saberWallDamageScale\0.4\bg_fighterAltControl\0\g_showDuelHealths\0
[Wed May 07 17:52:00 2014]  ClientConnect: 0
[Wed May 07 17:52:21 2014]  ClientBegin: 0
[Wed May 07 17:52:36 2014]  ClientConnect: 1
[Wed May 07 17:52:36 2014]  mlog:Player Shadow, connected. With IP - 90.221.6.176:29070 
[Wed May 07 17:52:46 2014]  ClientBegin: 1
[Wed May 07 17:53:57 2014]  Kill: 1022 0 39: <world> killed Ramesh by MOD_SUICIDE
[Wed May 07 17:53:57 2014]  Kill: 1022 1 39: <world> killed Shadow by MOD_SUICIDE
[Wed May 07 17:54:52 2014]  Kill: 0 1 3: Ramesh killed Shadow by MOD_SABER
[Wed May 07 17:56:56 2014]  ClientDisconnect: 0
[Wed May 07 17:57:07 2014]  ClientDisconnect: 1
[Wed May 07 19:51:58 2014]  Exit: Timelimit hit.
[Thu May 08 12:45:24 2014]  ClientConnect: 0
[Thu May 08 12:45:24 2014]  mlog:Player Emil_doc, connected. With IP - 128.73.70.49:29070 
[Thu May 08 12:45:42 2014]  ClientBegin: 0
[Thu May 08 12:45:42 2014]  ClientConnect: 1
[Thu May 08 12:45:42 2014]  mlog:Player Bokser*, connected. With IP - 78.106.151.131:29070 
[Thu May 08 12:45:59 2014]  ClientBegin: 1
[Thu May 08 12:46:17 2014]  ShutdownGame:
[Thu May 08 12:46:17 2014]  ------------------------------------------------------------
