[Mon Sep 19 19:29:46 2016]  ------------------------------------------------------------
[Mon Sep 19 19:29:46 2016]  InitGame: \g_siegeTeam2\none\g_siegeTeam1\none\g_jediVmerc\0\g_maxGameClients\0\g_noSpecMove\0\g_debugMelee\1\g_siegeRespawn\20\g_siegeTeamSwitch\1\g_forceRegenTime\0\g_forcePowerDisable\0\g_weaponDisable\0\g_allowNPC\1\bot_minplayers\0\sv_allowDownload\0\sv_floodProtect\0\sv_maxPing\0\sv_minPing\0\sv_maxRate\5000\sv_maxclients\32\sv_hostname\^3Darkquake's Makermod Server\g_duelWeaponDisable\65531\g_forceBasedTeams\0\duel_fraglimit\10\g_maxForceRank\7\g_saberLocking\1\g_privateDuel\1\capturelimit\0\timelimit\0\fraglimit\0\dmflags\0\version\(internal)JAmp: v1.0.1.0 win-x86 Oct 30 2003\g_maxHolocronCarry\3\g_gametype\0\g_needpass\0\protocol\26\mapname\t2_trip\sv_privateClients\0\g_stepSlideFix\1\gamename\MakerMod\g_saberWallDamageScale\0.4\bg_fighterAltControl\0\g_showDuelHealths\0
[Mon Sep 19 19:29:48 2016]  ClientConnect: 0
[Mon Sep 19 19:29:59 2016]  ClientBegin: 0
[Mon Sep 19 19:30:07 2016]  Item: 0 weapon_melee
[Mon Sep 19 19:30:58 2016]  ClientDisconnect: 0
[Mon Sep 19 19:30:58 2016]  ClientDisconnect: 0
[Mon Sep 19 19:30:58 2016]  ClientConnect: 0
[Mon Sep 19 19:30:58 2016]  mlog:Player ^0Shadow^5seer, connected. With IP - 178.66.149.232:29070 
[Mon Sep 19 19:31:11 2016]  ClientBegin: 0
[Mon Sep 19 19:31:32 2016]  Item: 0 weapon_melee
[Mon Sep 19 19:31:35 2016]  ClientConnect: 1
[Mon Sep 19 19:31:35 2016]  mlog:Player kosher, connected. With IP - 91.230.25.125:29070 
[Mon Sep 19 19:32:16 2016]  ClientBegin: 1
[Mon Sep 19 19:32:21 2016]  Kill: 0 1 37: ^0Shadow^5seer killed kosher by MOD_TELEFRAG
[Mon Sep 19 19:33:39 2016]  say: kosher: a
[Mon Sep 19 19:34:09 2016]  Kill: 1022 1 6: <world> killed kosher by MOD_BLASTER
[Mon Sep 19 19:34:15 2016]  Kill: 1022 1 2: <world> killed kosher by MOD_MELEE
[Mon Sep 19 19:34:20 2016]  Kill: 1022 1 2: <world> killed kosher by MOD_MELEE
[Mon Sep 19 19:34:23 2016]  say: kosher: kakdela
[Mon Sep 19 19:35:13 2016]  Kill: 1 1 39: kosher killed kosher by MOD_SUICIDE
[Mon Sep 19 19:35:13 2016]  setteam:  1 FREE SPECTATOR
[Mon Sep 19 19:35:13 2016]  ClientBegin: 1
[Mon Sep 19 19:35:23 2016]  say: kosher: kak
[Mon Sep 19 19:35:26 2016]  setteam:  1 SPECTATOR FREE
[Mon Sep 19 19:35:26 2016]  ClientBegin: 1
[Mon Sep 19 19:35:46 2016]  Kill: 1 1 39: kosher killed kosher by MOD_SUICIDE
[Mon Sep 19 19:35:46 2016]  setteam:  1 FREE SPECTATOR
[Mon Sep 19 19:35:46 2016]  ClientBegin: 1
[Mon Sep 19 19:36:02 2016]  say: kosher: kakkdakkkdak
[Mon Sep 19 19:36:04 2016]  setteam:  1 SPECTATOR FREE
[Mon Sep 19 19:36:04 2016]  ClientBegin: 1
[Mon Sep 19 19:39:17 2016]  Kill: 1 1 39: kosher killed kosher by MOD_SUICIDE
[Mon Sep 19 19:39:17 2016]  setteam:  1 FREE SPECTATOR
[Mon Sep 19 19:39:17 2016]  ClientBegin: 1
[Mon Sep 19 19:39:24 2016]  setteam:  1 SPECTATOR FREE
[Mon Sep 19 19:39:24 2016]  ClientBegin: 1
[Mon Sep 19 19:39:48 2016]  Kill: 0 1 37: ^0Shadow^5seer killed kosher by MOD_TELEFRAG
[Mon Sep 19 19:39:55 2016]  Kill: 0 1 37: ^0Shadow^5seer killed kosher by MOD_TELEFRAG
[Mon Sep 19 19:41:31 2016]  Kill: 1022 1 37: <world> killed kosher by MOD_TELEFRAG
[Mon Sep 19 19:41:43 2016]  Kill: 1022 1 37: <world> killed kosher by MOD_TELEFRAG
[Mon Sep 19 19:45:51 2016]  say: ^0Shadow^5seer: привет
[Mon Sep 19 19:45:55 2016]  say: kosher: privet
[Mon Sep 19 19:46:32 2016]  ClientDisconnect: 1
[Mon Sep 19 23:00:00 2016]  say: ^0Shadow^5seer: Battle Wizard script by ^0Shadow^5seer
[Mon Sep 19 23:00:22 2016]  say: ^0Shadow^5seer: Battle Wizard script by ^0Shadow^5seer
[Mon Sep 19 23:00:31 2016]  say: ^0Shadow^5seer: Battle Wizard script by ^0Shadow^5seer
[Mon Sep 19 23:00:55 2016]  say: ^0Shadow^5seer: Battle Wizard script by ^0Shadow^5seer
[Mon Sep 19 23:01:16 2016]  say: ^0Shadow^5seer: Battle Wizard script by ^0Shadow^5seer
[Mon Sep 19 23:01:49 2016]  say: ^0Shadow^5seer: Battle Wizard script by ^0Shadow^5seer
[Mon Sep 19 23:01:56 2016]  say: ^0Shadow^5seer: Battle Wizard script by ^0Shadow^5seer
[Mon Sep 19 23:02:09 2016]  say: ^0Shadow^5seer: Battle Wizard script by ^0Shadow^5seer
[Mon Sep 19 23:13:02 2016]  say: ^0Shadow^5seer: Battle Wizard script by ^0Shadow^5seer
[Mon Sep 19 23:20:26 2016]  say: ^0Shadow^5seer: Battle Wizard script by ^0Shadow^5seer
[Mon Sep 19 23:22:03 2016]  say: ^0Shadow^5seer: Battle Wizard script by ^0Shadow^5seer
[Mon Sep 19 23:23:45 2016]  say: ^0Shadow^5seer: Battle Wizard script by ^0Shadow^5seer
[Mon Sep 19 23:24:24 2016]  say: ^0Shadow^5seer: Battle Wizard script by ^0Shadow^5seer
[Mon Sep 19 23:25:17 2016]  say: ^0Shadow^5seer: Battle Wizard script by ^0Shadow^5seer
[Mon Sep 19 23:27:45 2016]  say: ^0Shadow^5seer: Battle Wizard script by ^0Shadow^5seer
[Mon Sep 19 23:30:23 2016]  say: ^0Shadow^5seer: Battle Wizard script by ^0Shadow^5seer
[Mon Sep 19 23:31:35 2016]  say: ^0Shadow^5seer: Battle Wizard script by ^0Shadow^5seer
[Mon Sep 19 23:33:29 2016]  say: ^0Shadow^5seer: Battle Wizard script by ^0Shadow^5seer
[Mon Sep 19 23:35:03 2016]  say: ^0Shadow^5seer: Battle Wizard script by ^0Shadow^5seer
[Mon Sep 19 23:40:51 2016]  say: ^0Shadow^5seer: Battle Wizard script by ^0Shadow^5seer
[Mon Sep 19 23:41:25 2016]  say: ^0Shadow^5seer: Battle Wizard script by ^0Shadow^5seer
[Mon Sep 19 23:50:03 2016]  say: ^0Shadow^5seer: Battle Wizard script by ^0Shadow^5seer
[Mon Sep 19 23:52:51 2016]  say: ^0Shadow^5seer: Battle Wizard script by ^0Shadow^5seer
[Mon Sep 19 23:54:26 2016]  say: ^0Shadow^5seer: Battle Wizard script by ^0Shadow^5seer
[Mon Sep 19 23:59:30 2016]  say: ^0Shadow^5seer: Battle Wizard script by ^0Shadow^5seer
[Tue Sep 20 00:07:39 2016]  say: ^0Shadow^5seer: Battle Wizard script by ^0Shadow^5seer
[Tue Sep 20 00:08:14 2016]  say: ^0Shadow^5seer: Battle Wizard script by ^0Shadow^5seer
[Tue Sep 20 00:09:03 2016]  say: ^0Shadow^5seer: Battle Wizard script by ^0Shadow^5seer
[Tue Sep 20 00:09:29 2016]  say: ^0Shadow^5seer: Battle Wizard script by ^0Shadow^5seer
[Tue Sep 20 01:28:03 2016]  say: ^0Shadow^5seer: Battle Wizard script by ^0Shadow^5seer
[Tue Sep 20 01:28:56 2016]  say: ^0Shadow^5seer: Battle Wizard script by ^0Shadow^5seer
[Tue Sep 20 01:31:44 2016]  say: ^0Shadow^5seer: Battle Wizard script by ^0Shadow^5seer
[Tue Sep 20 01:38:11 2016]  say: ^0Shadow^5seer: Battle Wizard script by ^0Shadow^5seer
[Tue Sep 20 01:38:50 2016]  say: ^0Shadow^5seer: Battle Wizard script by ^0Shadow^5seer
[Tue Sep 20 01:41:33 2016]  say: ^0Shadow^5seer: Battle Wizard script by ^0Shadow^5seer
[Tue Sep 20 01:42:20 2016]  say: ^0Shadow^5seer: Battle Wizard script by ^0Shadow^5seer
[Tue Sep 20 01:46:12 2016]  say: ^0Shadow^5seer: Battle Wizard script by ^0Shadow^5seer
[Tue Sep 20 01:47:50 2016]  say: ^0Shadow^5seer: Battle Wizard script by ^0Shadow^5seer
[Tue Sep 20 01:57:00 2016]  say: ^0Shadow^5seer: Battle Wizard script by ^0Shadow^5seer
[Tue Sep 20 01:57:56 2016]  say: ^0Shadow^5seer: Battle Wizard script by ^0Shadow^5seer
[Tue Sep 20 02:00:25 2016]  say: ^0Shadow^5seer: Battle Wizard script by ^0Shadow^5seer
[Tue Sep 20 02:01:15 2016]  say: ^0Shadow^5seer: Battle Wizard script by ^0Shadow^5seer
[Tue Sep 20 02:02:28 2016]  say: ^0Shadow^5seer: Battle Wizard script by ^0Shadow^5seer
[Tue Sep 20 02:12:07 2016]  ClientDisconnect: 0
[Tue Sep 20 03:18:41 2016]  ClientConnect: 0
[Tue Sep 20 03:18:41 2016]  mlog:Player ^0Shadow^5seer, connected. With IP - 178.66.149.232:29070 
[Tue Sep 20 03:19:04 2016]  ClientBegin: 0
[Tue Sep 20 03:19:22 2016]  Item: 0 weapon_melee
[Tue Sep 20 03:19:39 2016]  say: ^0Shadow^5seer: Battle Wizard script by ^0Shadow^5seer
[Tue Sep 20 03:20:55 2016]  ClientDisconnect: 0
[Tue Sep 20 03:23:27 2016]  ClientConnect: 0
[Tue Sep 20 03:23:27 2016]  mlog:Player ^0Shadow^5seer, connected. With IP - 178.66.149.232:29070 
[Tue Sep 20 03:23:50 2016]  ClientBegin: 0
[Tue Sep 20 03:24:08 2016]  Item: 0 weapon_melee
[Tue Sep 20 03:24:22 2016]  say: ^0Shadow^5seer: Battle Wizard script by ^0Shadow^5seer
[Tue Sep 20 03:29:15 2016]  ClientDisconnect: 0
[Tue Sep 20 03:52:52 2016]  ClientConnect: 0
[Tue Sep 20 03:52:52 2016]  mlog:Player ^0Shadow^5seer, connected. With IP - 178.66.149.232:29070 
[Tue Sep 20 03:53:14 2016]  ClientBegin: 0
[Tue Sep 20 03:53:32 2016]  Item: 0 weapon_melee
[Tue Sep 20 03:53:52 2016]  say: ^0Shadow^5seer: ^4Battle Wizard ^3script by ^0Shadow^5seer
[Tue Sep 20 03:54:49 2016]  ClientDisconnect: 0
[Tue Sep 20 03:59:21 2016]  ClientConnect: 0
[Tue Sep 20 03:59:21 2016]  mlog:Player ^0Shadow^5seer, connected. With IP - 178.66.149.232:29070 
[Tue Sep 20 03:59:43 2016]  ClientBegin: 0
[Tue Sep 20 04:00:01 2016]  Item: 0 weapon_melee
[Tue Sep 20 04:00:16 2016]  say: ^0Shadow^5seer: ^4Battle Wizard ^3script by ^0Shadow^5seer
[Tue Sep 20 04:01:37 2016]  ClientDisconnect: 0
[Tue Sep 20 04:02:48 2016]  ClientConnect: 0
[Tue Sep 20 04:02:48 2016]  mlog:Player ^0Shadow^5seer, connected. With IP - 178.66.149.232:29070 
[Tue Sep 20 04:03:11 2016]  ClientBegin: 0
[Tue Sep 20 04:03:28 2016]  Item: 0 weapon_melee
[Tue Sep 20 04:03:42 2016]  say: ^0Shadow^5seer: ^4Battle Wizard ^3script by ^0Shadow^5seer
[Tue Sep 20 04:04:51 2016]  ClientDisconnect: 0
[Tue Sep 20 04:11:51 2016]  ClientConnect: 0
[Tue Sep 20 04:11:51 2016]  mlog:Player ^0Shadow^5seer, connected. With IP - 178.66.149.232:29070 
[Tue Sep 20 04:12:13 2016]  ClientBegin: 0
[Tue Sep 20 04:12:30 2016]  Item: 0 weapon_melee
[Tue Sep 20 04:12:43 2016]  say: ^0Shadow^5seer: ^4Battle Wizard ^3script by ^0Shadow^5seer
[Tue Sep 20 04:13:21 2016]  say: ^0Shadow^5seer: ^4Battle Wizard ^3script by ^0Shadow^5seer
[Tue Sep 20 04:16:39 2016]  ClientDisconnect: 0
[Tue Sep 20 04:24:15 2016]  ClientConnect: 0
[Tue Sep 20 04:24:15 2016]  mlog:Player ^0Shadow^5seer, connected. With IP - 178.66.149.232:29070 
[Tue Sep 20 04:24:38 2016]  ClientBegin: 0
[Tue Sep 20 04:24:55 2016]  Item: 0 weapon_melee
[Tue Sep 20 04:25:09 2016]  say: ^0Shadow^5seer: ^4Battle Wizard ^3script by ^0Shadow^5seer
[Tue Sep 20 04:29:41 2016]  say: ^0Shadow^5seer: ^1Battle Wizard ^3script by ^0Shadow^5seer
[Tue Sep 20 04:30:34 2016]  say: ^0Shadow^5seer: ^1Battle Wizard ^3script by ^0Shadow^5seer
[Tue Sep 20 04:31:37 2016]  say: ^0Shadow^5seer: ^1Battle Wizard ^3script by ^0Shadow^5seer
[Tue Sep 20 04:32:04 2016]  say: ^0Shadow^5seer: ^1Battle Wizard ^3script by ^0Shadow^5seer
[Tue Sep 20 04:33:58 2016]  say: ^0Shadow^5seer: ^1Battle Wizard ^3script by ^0Shadow^5seer
[Tue Sep 20 04:47:43 2016]  say: ^0Shadow^5seer: ^1Battle Wizard ^3script by ^0Shadow^5seer
[Tue Sep 20 04:51:12 2016]  say: ^0Shadow^5seer: ^5Banshee Scream!
[Tue Sep 20 04:54:27 2016]  ClientDisconnect: 0
[Tue Sep 20 05:05:16 2016]  ClientConnect: 0
[Tue Sep 20 05:05:16 2016]  mlog:Player ^0Shadow^5seer, connected. With IP - 178.66.149.232:29070 
[Tue Sep 20 05:05:45 2016]  ClientBegin: 0
[Tue Sep 20 05:06:03 2016]  Item: 0 weapon_melee
[Tue Sep 20 05:06:16 2016]  say: ^0Shadow^5seer: ^1Battle Wizard ^3script by ^0Shadow^5seer
[Tue Sep 20 05:07:11 2016]  say: ^0Shadow^5seer: ^1Battle Wizard ^3script by ^0Shadow^5seer
[Tue Sep 20 05:08:11 2016]  ClientDisconnect: 0
[Tue Sep 20 08:26:32 2016]  ClientConnect: 0
[Tue Sep 20 08:26:32 2016]  mlog:Player ^1DeadP^0(^7*^0)(^7*^0)^1l, connected. With IP - 37.213.59.81:29070 
[Tue Sep 20 08:26:54 2016]  ClientBegin: 0
[Tue Sep 20 08:28:28 2016]  ClientConnect: 1
[Tue Sep 20 08:28:28 2016]  mlog:Player ^8n!k^9^4!ta, connected. With IP - 95.30.42.182:29070 
[Tue Sep 20 08:28:49 2016]  ClientBegin: 1
[Tue Sep 20 08:29:13 2016]  Kill: 1 1 39: ^0n!k^3^4!ta killed ^0n!k^3^4!ta by MOD_SUICIDE
[Tue Sep 20 08:29:13 2016]  setteam:  1 FREE SPECTATOR
[Tue Sep 20 08:29:13 2016]  ClientBegin: 1
[Tue Sep 20 08:29:17 2016]  say: ^0n!k^3^4!ta: я тутъ
[Tue Sep 20 08:29:19 2016]  say: ^1-^0INV^1- ^0Raven^1[War]: ну что
[Tue Sep 20 08:29:19 2016]  setteam:  1 SPECTATOR FREE
[Tue Sep 20 08:29:19 2016]  ClientBegin: 1
[Tue Sep 20 08:29:27 2016]  say: ^0n!k^3^4!ta: мне цат уфо забанил
[Tue Sep 20 08:29:35 2016]  say: ^1-^0INV^1- ^0Raven^1[War]: ну мутнул тебя
[Tue Sep 20 08:30:20 2016]  say: ^0n!k^3^4!ta: навсегда прецем забанил
[Tue Sep 20 08:30:25 2016]  say: ^1-^0INV^1- ^0Raven^1[War]: а чего так?
[Tue Sep 20 08:30:32 2016]  say: ^0n!k^3^4!ta: я не знаю
[Tue Sep 20 08:30:43 2016]  say: ^0n!k^3^4!ta: но эта толка на том серве
[Tue Sep 20 08:31:01 2016]  say: ^1-^0INV^1- ^0Raven^1[War]: это все что ты хотел сказать?
[Tue Sep 20 08:31:12 2016]  say: ^1-^0INV^1- ^0Raven^1[War]: ладно
[Tue Sep 20 08:31:14 2016]  say: ^0n!k^3^4!ta: го тут
[Tue Sep 20 08:31:16 2016]  say: ^1-^0INV^1- ^0Raven^1[War]: не
[Tue Sep 20 08:31:22 2016]  say: ^0n!k^3^4!ta: а куда
[Tue Sep 20 08:31:26 2016]  say: ^1-^0INV^1- ^0Raven^1[War]: туда же
[Tue Sep 20 08:31:30 2016]  say: ^0n!k^3^4!ta: ок
[Tue Sep 20 08:31:31 2016]  ClientDisconnect: 0
[Tue Sep 20 08:31:34 2016]  ClientDisconnect: 1
[Tue Sep 20 08:31:51 2016]  ClientConnect: 0
[Tue Sep 20 08:31:51 2016]  mlog:Player Locus Pokus, connected. With IP - 83.149.19.234:17354 
[Tue Sep 20 08:32:22 2016]  ClientBegin: 0
[Tue Sep 20 08:33:17 2016]  ClientDisconnect: 0
[Tue Sep 20 16:19:36 2016]  ClientConnect: 0
[Tue Sep 20 16:19:36 2016]  mlog:Player ^0Shadow^5seer, connected. With IP - 178.66.130.246:29070 
[Tue Sep 20 16:20:10 2016]  ClientBegin: 0
[Tue Sep 20 16:20:28 2016]  Item: 0 weapon_melee
[Tue Sep 20 16:20:41 2016]  say: ^0Shadow^5seer: ^1Battle Wizard ^3script by ^0Shadow^5seer
[Tue Sep 20 16:21:23 2016]  say: ^0Shadow^5seer: ^1Battle Wizard ^3script by ^0Shadow^5seer
[Tue Sep 20 16:21:45 2016]  say: ^0Shadow^5seer: ^1Battle Wizard ^3script by ^0Shadow^5seer
[Tue Sep 20 16:22:05 2016]  ClientConnect: 1
[Tue Sep 20 16:22:05 2016]  mlog:Player kosher, connected. With IP - 91.230.25.125:29070 
[Tue Sep 20 16:22:28 2016]  ClientDisconnect: 0
[Tue Sep 20 16:22:31 2016]  ClientBegin: 1
[Tue Sep 20 16:23:34 2016]  ClientDisconnect: 1
[Tue Sep 20 16:26:27 2016]  ClientConnect: 0
[Tue Sep 20 16:26:27 2016]  mlog:Player ^0Shadow^5seer, connected. With IP - 178.66.130.246:29070 
[Tue Sep 20 16:26:49 2016]  ClientBegin: 0
[Tue Sep 20 16:27:07 2016]  Item: 0 weapon_melee
[Tue Sep 20 16:27:24 2016]  ShutdownGame:
[Tue Sep 20 16:27:24 2016]  ------------------------------------------------------------
