[Tue Sep 20 16:27:25 2016]  ------------------------------------------------------------
[Tue Sep 20 16:27:25 2016]  InitGame: \g_siegeTeam2\none\g_siegeTeam1\none\g_jediVmerc\0\g_maxGameClients\0\g_noSpecMove\0\g_debugMelee\1\g_siegeRespawn\20\g_siegeTeamSwitch\1\g_forceRegenTime\0\g_forcePowerDisable\0\g_weaponDisable\0\g_allowNPC\1\bot_minplayers\0\sv_allowDownload\0\sv_floodProtect\0\sv_maxPing\0\sv_minPing\0\sv_maxRate\5000\sv_maxclients\32\sv_hostname\^3Darkquake's Makermod Server\g_duelWeaponDisable\65531\g_forceBasedTeams\0\duel_fraglimit\10\g_maxForceRank\7\g_saberLocking\1\g_privateDuel\1\capturelimit\0\timelimit\0\fraglimit\0\dmflags\0\version\(internal)JAmp: v1.0.1.0 win-x86 Oct 30 2003\g_maxHolocronCarry\3\g_gametype\0\g_needpass\0\protocol\26\mapname\t2_trip\sv_privateClients\0\g_stepSlideFix\1\gamename\MakerMod\g_saberWallDamageScale\0.4\bg_fighterAltControl\0\g_showDuelHealths\0
[Tue Sep 20 16:27:28 2016]  ClientConnect: 0
[Tue Sep 20 16:27:39 2016]  ClientBegin: 0
[Tue Sep 20 16:27:44 2016]  Item: 0 weapon_melee
[Tue Sep 20 16:28:42 2016]  ClientDisconnect: 0
[Tue Sep 20 16:28:42 2016]  ClientDisconnect: 0
[Tue Sep 20 16:28:42 2016]  ClientConnect: 0
[Tue Sep 20 16:28:42 2016]  mlog:Player ^0Shadow^5seer, connected. With IP - 178.66.130.246:29070 
[Tue Sep 20 16:28:55 2016]  ClientBegin: 0
[Tue Sep 20 16:29:12 2016]  Item: 0 weapon_melee
[Tue Sep 20 17:31:44 2016]  ClientDisconnect: 0
[Tue Sep 20 17:48:32 2016]  ClientConnect: 0
[Tue Sep 20 17:48:32 2016]  mlog:Player ^0Shadow^5seer, connected. With IP - 178.66.130.246:29070 
[Tue Sep 20 17:48:55 2016]  ClientBegin: 0
[Tue Sep 20 17:49:13 2016]  Item: 0 weapon_melee
[Tue Sep 20 17:51:42 2016]  ClientDisconnect: 0
[Tue Sep 20 18:39:32 2016]  ClientConnect: 0
[Tue Sep 20 18:39:32 2016]  mlog:Player NET, connected. With IP - 84.51.107.216:29070 
[Tue Sep 20 18:39:49 2016]  ClientBegin: 0
[Tue Sep 20 18:41:46 2016]  ClientConnect: 1
[Tue Sep 20 18:41:46 2016]  mlog:Player Fast, connected. With IP - 84.51.80.237:29070 
[Tue Sep 20 18:42:05 2016]  ClientBegin: 1
[Tue Sep 20 18:43:03 2016]  say: Fast: нг
[Tue Sep 20 18:44:28 2016]  Kill: 0 1 3: NET killed Fast by MOD_SABER
[Tue Sep 20 18:45:35 2016]  Kill: 1022 1 3: <world> killed Fast by MOD_SABER
[Tue Sep 20 18:45:42 2016]  Kill: 1022 0 3: <world> killed NET by MOD_SABER
[Tue Sep 20 18:47:33 2016]  Kill: 1022 1 3: <world> killed Fast by MOD_SABER
[Tue Sep 20 18:52:40 2016]  ClientDisconnect: 1
[Tue Sep 20 18:52:55 2016]  ClientDisconnect: 0
[Tue Sep 20 19:01:57 2016]  ClientConnect: 0
[Tue Sep 20 19:01:57 2016]  mlog:Player ^0Shadow^5seer, connected. With IP - 178.66.130.246:29070 
[Tue Sep 20 19:02:21 2016]  ClientBegin: 0
[Tue Sep 20 19:02:44 2016]  Item: 0 weapon_melee
[Tue Sep 20 19:07:00 2016]  ClientDisconnect: 0
[Tue Sep 20 19:48:22 2016]  ClientConnect: 0
[Tue Sep 20 19:48:22 2016]  mlog:Player ^0Shadow^5seer, connected. With IP - 178.66.130.246:29070 
[Tue Sep 20 19:48:44 2016]  ClientBegin: 0
[Tue Sep 20 19:52:11 2016]  Item: 0 weapon_melee
[Tue Sep 20 20:41:14 2016]  ClientDisconnect: 0
[Wed Sep 21 21:29:08 2016]  ClientConnect: 0
[Wed Sep 21 21:29:08 2016]  mlog:Player ^0Shadow^5seer, connected. With IP - 188.242.247.46:29070 
[Wed Sep 21 21:29:26 2016]  ClientBegin: 0
[Wed Sep 21 21:29:44 2016]  Item: 0 weapon_melee
[Wed Sep 21 21:29:54 2016]  ClientDisconnect: 0
[Wed Sep 21 21:30:31 2016]  ClientConnect: 0
[Wed Sep 21 21:30:31 2016]  mlog:Player ^0Shadow^5seer, connected. With IP - 188.242.247.46:1024 
[Wed Sep 21 21:30:52 2016]  ClientBegin: 0
[Wed Sep 21 21:31:15 2016]  Item: 0 weapon_melee
[Wed Sep 21 21:31:26 2016]  ClientDisconnect: 0
