[Wed Sep 28 14:30:11 2016]  ------------------------------------------------------------
[Wed Sep 28 14:30:11 2016]  InitGame: \g_siegeTeam2\none\g_siegeTeam1\none\g_jediVmerc\0\g_maxGameClients\0\g_noSpecMove\0\g_debugMelee\1\g_siegeRespawn\20\g_siegeTeamSwitch\1\g_forceRegenTime\0\g_forcePowerDisable\0\g_weaponDisable\0\g_allowNPC\1\bot_minplayers\0\sv_allowDownload\0\sv_floodProtect\0\sv_maxPing\0\sv_minPing\0\sv_maxRate\5000\sv_maxclients\32\sv_hostname\^3Darkquake's Makermod Server\g_duelWeaponDisable\65531\g_forceBasedTeams\0\duel_fraglimit\10\g_maxForceRank\7\g_saberLocking\1\g_privateDuel\1\capturelimit\0\timelimit\0\fraglimit\0\dmflags\0\version\(internal)JAmp: v1.0.1.0 win-x86 Oct 30 2003\g_maxHolocronCarry\3\g_gametype\0\g_needpass\0\protocol\26\mapname\t2_trip\sv_privateClients\0\g_stepSlideFix\1\gamename\MakerMod\g_saberWallDamageScale\0.4\bg_fighterAltControl\0\g_showDuelHealths\0
[Wed Sep 28 14:30:13 2016]  ClientConnect: 0
[Wed Sep 28 14:30:24 2016]  ClientBegin: 0
[Wed Sep 28 14:30:31 2016]  Item: 0 weapon_melee
[Wed Sep 28 14:37:45 2016]  ClientDisconnect: 0
[Thu Sep 29 10:55:11 2016]  ClientConnect: 0
[Thu Sep 29 10:55:11 2016]  mlog:Player ^0Shadow^5seer, connected. With IP - 178.66.128.246:29070 
[Thu Sep 29 10:55:40 2016]  ClientBegin: 0
[Thu Sep 29 10:56:00 2016]  Item: 0 weapon_melee
[Thu Sep 29 11:22:17 2016]  ClientDisconnect: 0
[Thu Sep 29 11:22:17 2016]  ClientConnect: 0
[Thu Sep 29 11:22:17 2016]  mlog:Player ^0Shadow^5seer, connected. With IP - 178.66.128.246:29070 
[Thu Sep 29 11:22:40 2016]  ClientBegin: 0
[Thu Sep 29 11:22:57 2016]  Item: 0 weapon_melee
[Thu Sep 29 11:47:12 2016]  say: ^0Shadow^5seer: mmove -78 0 76
[Thu Sep 29 12:17:30 2016]  ClientConnect: 1
[Thu Sep 29 12:17:30 2016]  mlog:Player ^0Shadow^5seer, connected. With IP - 178.66.179.255:29070 
[Thu Sep 29 12:17:43 2016]  ClientBegin: 1
[Thu Sep 29 12:18:00 2016]  Item: 1 weapon_melee
[Thu Sep 29 12:18:51 2016]  ClientDisconnect: 0
[Thu Sep 29 14:21:12 2016]  ShutdownGame:
[Thu Sep 29 14:21:12 2016]  ------------------------------------------------------------
