[Sun Feb 21 22:08:14 2016]  ------------------------------------------------------------
[Sun Feb 21 22:08:14 2016]  InitGame: \g_siegeTeam2\none\g_siegeTeam1\none\g_jediVmerc\0\g_maxGameClients\0\g_noSpecMove\0\g_debugMelee\1\g_siegeRespawn\20\g_siegeTeamSwitch\1\g_forceRegenTime\1\g_forcePowerDisable\0\g_weaponDisable\0\g_allowNPC\1\sv_allowDownload\0\sv_floodProtect\0\sv_maxPing\0\sv_minPing\0\sv_maxRate\5000\sv_maxclients\32\sv_hostname\^3Darkquake's Makermod Server\g_duelWeaponDisable\65531\g_forceBasedTeams\0\duel_fraglimit\10\g_maxForceRank\7\g_saberLocking\1\g_privateDuel\1\capturelimit\0\timelimit\120\fraglimit\0\dmflags\0\version\(internal)JAmp: v1.0.1.0 win-x86 Oct 30 2003\g_maxHolocronCarry\3\g_gametype\0\g_needpass\0\protocol\26\mapname\t2_trip\sv_privateClients\0\g_stepSlideFix\1\gamename\MakerMod\g_saberWallDamageScale\0.4\bg_fighterAltControl\0\g_showDuelHealths\0
[Mon Feb 22 17:28:04 2016]  ClientConnect: 0
[Mon Feb 22 17:28:04 2016]  mlog:Player ^1Ele, connected. With IP - 85.178.168.3:29070 
[Mon Feb 22 17:28:11 2016]  ClientDisconnect: 0
[Mon Feb 22 21:39:30 2016]  ClientConnect: 0
[Mon Feb 22 21:39:30 2016]  mlog:Player spyhopping, connected. With IP - 77.107.176.222:29070 
[Mon Feb 22 21:43:07 2016]  ClientDisconnect: 0
[Tue Feb 23 09:54:04 2016]  ClientConnect: 0
[Tue Feb 23 09:54:04 2016]  mlog:Player Padawan, connected. With IP - 79.173.117.20:29070 
[Tue Feb 23 09:54:20 2016]  ClientBegin: 0
[Tue Feb 23 09:56:35 2016]  ClientDisconnect: 0
[Wed Feb 24 02:36:18 2016]  ClientConnect: 0
[Wed Feb 24 02:36:18 2016]  mlog:Player Padawan, connected. With IP - 75.118.6.39:29070 
[Wed Feb 24 02:36:38 2016]  ClientBegin: 0
[Wed Feb 24 02:37:53 2016]  print "Padawan^7 @@@PLRENAME Matrixninja101
"[Wed Feb 24 02:38:46 2016]  ClientDisconnect: 0
[Wed Feb 24 02:39:26 2016]  ClientConnect: 0
[Wed Feb 24 02:39:26 2016]  mlog:Player Desolator, connected. With IP - 76.181.44.67:29070 
[Wed Feb 24 02:39:39 2016]  ClientConnect: 1
[Wed Feb 24 02:39:39 2016]  mlog:Player Matrixninja101, connected. With IP - 75.118.6.39:29070 
[Wed Feb 24 02:39:42 2016]  ClientBegin: 0
[Wed Feb 24 02:39:48 2016]  ClientBegin: 1
[Wed Feb 24 02:41:11 2016]  Kill: 0 1 3: Desolator killed Matrixninja101 by MOD_SABER
[Wed Feb 24 02:42:01 2016]  Kill: 0 1 3: Desolator killed Matrixninja101 by MOD_SABER
[Wed Feb 24 02:42:40 2016]  Kill: 0 1 3: Desolator killed Matrixninja101 by MOD_SABER
[Wed Feb 24 02:44:22 2016]  say: Matrixninja101: yhello
[Wed Feb 24 02:44:26 2016]  say: Matrixninja101: fuc
[Wed Feb 24 02:46:40 2016]  Kill: 1 0 3: Matrixninja101 killed Desolator by MOD_SABER
[Wed Feb 24 02:47:33 2016]  Kill: 0 1 3: Desolator killed Matrixninja101 by MOD_SABER
[Wed Feb 24 02:48:47 2016]  Kill: 1 0 3: Matrixninja101 killed Desolator by MOD_SABER
[Wed Feb 24 02:49:19 2016]  Kill: 0 1 3: Desolator killed Matrixninja101 by MOD_SABER
[Wed Feb 24 02:50:08 2016]  Kill: 1 0 3: Matrixninja101 killed Desolator by MOD_SABER
[Wed Feb 24 02:50:33 2016]  Kill: 0 1 3: Desolator killed Matrixninja101 by MOD_SABER
[Wed Feb 24 02:51:19 2016]  say: Desolator: helpusobi 1
[Wed Feb 24 02:51:28 2016]  say: Desolator: iknowkungfu
[Wed Feb 24 02:51:33 2016]  say: Desolator: helpusobi1
[Wed Feb 24 02:55:20 2016]  say: Matrixninja101: t
[Wed Feb 24 02:57:00 2016]  say: Matrixninja101: t
[Wed Feb 24 02:58:20 2016]  Kill: 1022 1 38: <world> killed Matrixninja101 by MOD_FALLING
[Wed Feb 24 03:01:21 2016]  Kill: 0 1 3: Desolator killed Matrixninja101 by MOD_SABER
[Wed Feb 24 03:03:51 2016]  Kill: 0 1 3: Desolator killed Matrixninja101 by MOD_SABER
[Wed Feb 24 03:07:00 2016]  Kill: 0 1 31: Desolator killed Matrixninja101 by MOD_FORCE_DARK
[Wed Feb 24 03:07:42 2016]  Kill: 0 1 3: Desolator killed Matrixninja101 by MOD_SABER
[Wed Feb 24 03:08:04 2016]  Kill: 0 1 3: Desolator killed Matrixninja101 by MOD_SABER
[Wed Feb 24 03:08:48 2016]  Kill: 0 1 3: Desolator killed Matrixninja101 by MOD_SABER
[Wed Feb 24 03:08:58 2016]  Kill: 1 0 3: Matrixninja101 killed Desolator by MOD_SABER
[Wed Feb 24 03:09:42 2016]  Kill: 0 1 3: Desolator killed Matrixninja101 by MOD_SABER
[Wed Feb 24 03:10:38 2016]  Kill: 1 0 3: Matrixninja101 killed Desolator by MOD_SABER
[Wed Feb 24 03:10:55 2016]  Kill: 0 1 3: Desolator killed Matrixninja101 by MOD_SABER
[Wed Feb 24 03:11:12 2016]  Kill: 1 0 3: Matrixninja101 killed Desolator by MOD_SABER
[Wed Feb 24 03:13:01 2016]  Kill: 0 1 31: Desolator killed Matrixninja101 by MOD_FORCE_DARK
[Wed Feb 24 03:14:17 2016]  Kill: 0 1 3: Desolator killed Matrixninja101 by MOD_SABER
[Wed Feb 24 03:14:56 2016]  Kill: 1 0 3: Matrixninja101 killed Desolator by MOD_SABER
[Wed Feb 24 03:15:21 2016]  Kill: 0 1 3: Desolator killed Matrixninja101 by MOD_SABER
[Wed Feb 24 03:16:02 2016]  Kill: 0 1 31: Desolator killed Matrixninja101 by MOD_FORCE_DARK
[Wed Feb 24 03:16:32 2016]  Kill: 1 0 3: Matrixninja101 killed Desolator by MOD_SABER
[Wed Feb 24 03:17:10 2016]  Kill: 1 0 3: Matrixninja101 killed Desolator by MOD_SABER
[Wed Feb 24 03:17:57 2016]  Kill: 0 1 3: Desolator killed Matrixninja101 by MOD_SABER
[Wed Feb 24 03:20:27 2016]  Kill: 0 1 3: Desolator killed Matrixninja101 by MOD_SABER
[Wed Feb 24 03:21:14 2016]  Kill: 1 0 3: Matrixninja101 killed Desolator by MOD_SABER
[Wed Feb 24 03:22:06 2016]  ClientDisconnect: 1
[Wed Feb 24 03:22:06 2016]  ClientDisconnect: 0
[Wed Feb 24 17:40:58 2016]  ClientConnect: 0
[Wed Feb 24 17:40:58 2016]  mlog:Player ^0Star^3Lord, connected. With IP - 80.69.119.103:29070 
[Wed Feb 24 17:41:06 2016]  ClientDisconnect: 0
[Wed Feb 24 18:09:08 2016]  ClientConnect: 0
[Wed Feb 24 18:09:08 2016]  mlog:Player ^0Star^3Lord, connected. With IP - 80.69.119.103:29070 
[Wed Feb 24 18:09:24 2016]  ClientBegin: 0
[Wed Feb 24 18:09:45 2016]  ClientDisconnect: 0
[Wed Feb 24 18:13:32 2016]  ClientConnect: 0
[Wed Feb 24 18:13:32 2016]  mlog:Player Master Kalantin, connected. With IP - 109.173.223.149:-26478 
[Wed Feb 24 18:13:44 2016]  ClientDisconnect: 0
[Wed Feb 24 21:38:08 2016]  ClientConnect: 0
[Wed Feb 24 21:38:08 2016]  mlog:Player ^0Shadow^5seer, connected. With IP - 188.242.247.46:29070 
[Wed Feb 24 21:38:24 2016]  ClientBegin: 0
[Wed Feb 24 21:38:30 2016]  Item: 0 weapon_melee
[Wed Feb 24 21:42:47 2016]  ClientDisconnect: 0
[Wed Feb 24 21:43:31 2016]  ClientConnect: 0
[Wed Feb 24 21:43:31 2016]  mlog:Player ^0Shadow^5seer, connected. With IP - 188.242.247.46:29070 
[Wed Feb 24 21:43:46 2016]  ClientBegin: 0
[Wed Feb 24 21:43:51 2016]  Item: 0 weapon_melee
[Wed Feb 24 21:47:00 2016]  ClientDisconnect: 0
