[Sun Feb 14 20:24:07 2016]  ------------------------------------------------------------
[Sun Feb 14 20:24:07 2016]  InitGame: \dmflags\0\fraglimit\0\timelimit\120\capturelimit\0\g_privateDuel\1\g_saberLocking\1\g_maxForceRank\7\duel_fraglimit\10\g_forceBasedTeams\0\g_duelWeaponDisable\65531\sv_hostname\^3Darkquake's Makermod Server\sv_maxclients\32\sv_maxRate\5000\sv_minPing\0\sv_maxPing\0\sv_floodProtect\0\sv_allowDownload\0\g_allowNPC\1\g_weaponDisable\0\g_forcePowerDisable\0\g_forceRegenTime\1\g_siegeTeamSwitch\1\g_siegeRespawn\20\g_debugMelee\1\g_noSpecMove\0\g_maxGameClients\0\g_jediVmerc\0\g_siegeTeam1\none\g_siegeTeam2\none\version\(internal)JAmp: v1.0.1.0 win-x86 Oct 30 2003\g_maxHolocronCarry\3\g_gametype\0\g_needpass\0\protocol\26\mapname\t2_trip\sv_privateClients\0\g_stepSlideFix\1\gamename\MakerMod\g_saberWallDamageScale\0.4\bg_fighterAltControl\0\g_showDuelHealths\0
[Mon Feb 15 16:39:53 2016]  ClientConnect: 0
[Mon Feb 15 16:39:53 2016]  mlog:Player ^0Shadow^5seer, connected. With IP - 188.242.247.46:29070 
[Mon Feb 15 16:40:08 2016]  ClientBegin: 0
[Mon Feb 15 16:40:15 2016]  Item: 0 weapon_melee
[Mon Feb 15 17:02:35 2016]  ClientDisconnect: 0
[Mon Feb 15 18:45:06 2016]  ClientConnect: 0
[Mon Feb 15 18:45:06 2016]  mlog:Player ^0Shadow^5seer, connected. With IP - 188.242.247.46:29070 
[Mon Feb 15 18:45:22 2016]  ClientBegin: 0
[Mon Feb 15 18:45:28 2016]  Item: 0 weapon_melee
[Mon Feb 15 19:20:55 2016]  ClientDisconnect: 0
[Tue Feb 16 16:38:19 2016]  ClientConnect: 0
[Tue Feb 16 16:38:19 2016]  mlog:Player ^0Shadow^5seer, connected. With IP - 188.242.247.46:29070 
[Tue Feb 16 16:38:35 2016]  ClientBegin: 0
[Tue Feb 16 16:39:53 2016]  Item: 0 weapon_melee
[Tue Feb 16 16:44:30 2016]  ClientDisconnect: 0
[Tue Feb 16 20:12:29 2016]  ClientConnect: 0
[Tue Feb 16 20:12:29 2016]  mlog:Player Padawan, connected. With IP - 89.169.91.228:29070 
[Tue Feb 16 20:12:49 2016]  ClientBegin: 0
[Tue Feb 16 20:14:11 2016]  print "Padawan^7 @@@PLRENAME DimaPein069
"[Tue Feb 16 20:14:33 2016]  Kill: 0 0 39: DimaPein069 killed DimaPein069 by MOD_SUICIDE
[Tue Feb 16 20:14:33 2016]  setteam:  0 FREE SPECTATOR
[Tue Feb 16 20:14:33 2016]  ClientBegin: 0
[Tue Feb 16 20:14:42 2016]  setteam:  0 SPECTATOR FREE
[Tue Feb 16 20:14:42 2016]  ClientBegin: 0
[Tue Feb 16 20:29:23 2016]  ClientDisconnect: 0
[Tue Feb 16 20:29:26 2016]  ClientConnect: 0
[Tue Feb 16 20:29:26 2016]  mlog:Player An.Razer, connected. With IP - 95.64.182.135:29070 
[Tue Feb 16 20:29:36 2016]  ClientBegin: 0
[Tue Feb 16 20:30:28 2016]  ClientConnect: 1
[Tue Feb 16 20:30:28 2016]  mlog:Player Padawan, connected. With IP - 89.169.91.228:29070 
[Tue Feb 16 20:30:47 2016]  ClientBegin: 1
[Tue Feb 16 20:31:59 2016]  say: DimaPein069: /msaveods!
[Tue Feb 16 20:32:15 2016]  say: DimaPein069: of
[Tue Feb 16 20:32:18 2016]  say: DimaPein069: on
[Tue Feb 16 20:32:28 2016]  say: DimaPein069: /ms
[Tue Feb 16 20:32:55 2016]  Kill: 1 0 5: DimaPein069 killed An.Razer by MOD_BRYAR_PISTOL_ALT
[Tue Feb 16 20:33:34 2016]  Kill: 1 0 5: DimaPein069 killed An.Razer by MOD_BRYAR_PISTOL_ALT
[Tue Feb 16 20:33:56 2016]  say: DimaPein069: /yews
[Tue Feb 16 20:34:17 2016]  Kill: 1 0 3: DimaPein069 killed An.Razer by MOD_SABER
[Tue Feb 16 20:34:27 2016]  Kill: 1 0 3: DimaPein069 killed An.Razer by MOD_SABER
[Tue Feb 16 20:34:36 2016]  Kill: 0 1 3: An.Razer killed DimaPein069 by MOD_SABER
[Tue Feb 16 20:34:52 2016]  Kill: 0 1 3: An.Razer killed DimaPein069 by MOD_SABER
[Tue Feb 16 20:35:00 2016]  Kill: 1 0 3: DimaPein069 killed An.Razer by MOD_SABER
[Tue Feb 16 20:36:01 2016]  Kill: 0 1 3: An.Razer killed DimaPein069 by MOD_SABER
[Tue Feb 16 20:36:35 2016]  Kill: 1 0 3: DimaPein069 killed An.Razer by MOD_SABER
[Tue Feb 16 20:36:43 2016]  Kill: 1 0 3: DimaPein069 killed An.Razer by MOD_SABER
[Tue Feb 16 20:37:00 2016]  Kill: 0 1 3: An.Razer killed DimaPein069 by MOD_SABER
[Tue Feb 16 20:37:19 2016]  Kill: 1 0 3: DimaPein069 killed An.Razer by MOD_SABER
[Tue Feb 16 20:37:37 2016]  Kill: 1 0 3: DimaPein069 killed An.Razer by MOD_SABER
[Tue Feb 16 20:39:22 2016]  Kill: 1 0 3: DimaPein069 killed An.Razer by MOD_SABER
[Tue Feb 16 20:39:38 2016]  ClientDisconnect: 1
[Tue Feb 16 20:41:09 2016]  ClientDisconnect: 0
[Tue Feb 16 21:03:18 2016]  ClientConnect: 0
[Tue Feb 16 21:03:18 2016]  mlog:Player Padawan, connected. With IP - 2.127.221.25:29070 
[Tue Feb 16 21:03:30 2016]  ClientBegin: 0
[Tue Feb 16 21:04:10 2016]  ClientDisconnect: 0
[Wed Feb 17 13:02:04 2016]  ClientConnect: 0
[Wed Feb 17 13:02:04 2016]  mlog:Player Obi Van, connected. With IP - 37.204.184.68:29070 
[Wed Feb 17 13:02:12 2016]  ClientDisconnect: 0
[Wed Feb 17 15:37:09 2016]  ClientConnect: 0
[Wed Feb 17 15:37:09 2016]  mlog:Player ^0Shadow^5seer, connected. With IP - 188.242.247.46:29070 
[Wed Feb 17 15:37:25 2016]  ClientBegin: 0
[Wed Feb 17 15:37:30 2016]  Item: 0 weapon_melee
[Wed Feb 17 15:37:55 2016]  ClientDisconnect: 0
[Thu Feb 18 22:53:42 2016]  ClientConnect: 0
[Thu Feb 18 22:53:42 2016]  mlog:Player Padawan, connected. With IP - 109.159.109.204:29070 
[Thu Feb 18 22:57:05 2016]  ClientDisconnect: 0
[Fri Feb 19 19:53:58 2016]  ClientConnect: 0
[Fri Feb 19 19:53:58 2016]  mlog:Player ^0Shadow^5seer, connected. With IP - 188.242.247.46:29070 
[Fri Feb 19 19:54:14 2016]  ClientBegin: 0
[Fri Feb 19 19:54:20 2016]  Item: 0 weapon_melee
[Fri Feb 19 20:01:28 2016]  ClientConnect: 1
[Fri Feb 19 20:01:28 2016]  mlog:Player Padawan, connected. With IP - 85.104.107.3:29070 
[Fri Feb 19 20:04:49 2016]  ClientDisconnect: 1
[Fri Feb 19 20:26:55 2016]  ClientConnect: 1
[Fri Feb 19 20:26:55 2016]  mlog:Player ^2|^0JD^2|^2Z^7antos'^2D, connected. With IP - 2.82.139.12:-11754 
[Fri Feb 19 20:27:12 2016]  ClientBegin: 1
[Fri Feb 19 20:27:19 2016]  say: ^2Zantos: hi
[Fri Feb 19 20:29:07 2016]  ClientDisconnect: 1
[Fri Feb 19 21:08:44 2016]  ClientDisconnect: 0
[Sat Feb 20 07:28:20 2016]  ClientConnect: 0
[Sat Feb 20 07:28:20 2016]  mlog:Player Jenna Starbane, connected. With IP - 68.133.41.11:29070 
[Sat Feb 20 07:28:50 2016]  ClientBegin: 0
[Sat Feb 20 07:28:59 2016]  ClientDisconnect: 0
[Sat Feb 20 17:11:09 2016]  ClientConnect: 0
[Sat Feb 20 17:11:09 2016]  mlog:Player ^6Warius, connected. With IP - 109.134.74.87:29070 
[Sat Feb 20 17:11:24 2016]  ClientBegin: 0
[Sat Feb 20 17:12:01 2016]  Kill: 0 0 39: ^3Warius killed ^3Warius by MOD_SUICIDE
[Sat Feb 20 17:12:01 2016]  setteam:  0 FREE SPECTATOR
[Sat Feb 20 17:12:01 2016]  ClientBegin: 0
[Sat Feb 20 17:12:06 2016]  setteam:  0 SPECTATOR FREE
[Sat Feb 20 17:12:06 2016]  ClientBegin: 0
[Sat Feb 20 17:12:42 2016]  Kill: 0 0 39: ^3Warius killed ^3Warius by MOD_SUICIDE
[Sat Feb 20 17:12:42 2016]  setteam:  0 FREE SPECTATOR
[Sat Feb 20 17:12:42 2016]  ClientBegin: 0
[Sat Feb 20 17:12:47 2016]  setteam:  0 SPECTATOR FREE
[Sat Feb 20 17:12:47 2016]  ClientBegin: 0
[Sat Feb 20 17:13:46 2016]  ClientDisconnect: 0
[Sun Feb 21 02:56:48 2016]  ClientConnect: 0
[Sun Feb 21 02:56:48 2016]  mlog:Player Kresh, connected. With IP - 78.21.223.123:29070 
[Sun Feb 21 02:56:57 2016]  ClientDisconnect: 0
