[Mon Feb 10 14:00:29 2014]  ------------------------------------------------------------
[Mon Feb 10 14:00:29 2014]  InitGame: \g_siegeTeam2\none\g_siegeTeam1\none\g_jediVmerc\0\g_maxGameClients\0\g_noSpecMove\0\g_debugMelee\1\g_siegeRespawn\20\g_siegeTeamSwitch\1\g_forceRegenTime\0\g_forcePowerDisable\0\g_weaponDisable\0\g_allowNPC\1\bot_minplayers\0\sv_allowDownload\1\sv_floodProtect\0\sv_maxPing\0\sv_minPing\0\sv_maxRate\5000\sv_maxclients\32\sv_hostname\^3Darkquake's Makermod Server\g_duelWeaponDisable\65531\g_forceBasedTeams\0\duel_fraglimit\10\g_maxForceRank\7\g_saberLocking\1\g_privateDuel\1\capturelimit\0\timelimit\120\fraglimit\0\dmflags\0\version\(internal)JAmp: v1.0.1.0 win-x86 Oct 30 2003\g_maxHolocronCarry\3\g_gametype\0\g_needpass\0\protocol\26\mapname\t2_trip\sv_privateClients\0\g_stepSlideFix\1\gamename\MakerMod\g_saberWallDamageScale\0.4\bg_fighterAltControl\0\g_showDuelHealths\0
[Mon Feb 10 14:00:31 2014]  ClientConnect: 0
[Mon Feb 10 14:00:56 2014]  ClientBegin: 0
[Mon Feb 10 14:00:56 2014]  say: ^1[^0:^7AoS^0:^1]Javimetal: ^1Boba^0Fett's ^3Ultra Utility ^7v3 ^5Beta 15 ^7- ^5U^7ltra^5U^7tility^5.^7net^5.^7tc
[Mon Feb 10 14:01:02 2014]  say: ^1[^0:^7AoS^0:^1]Javimetal: !god
[Mon Feb 10 14:01:43 2014]  print "^1[^0:^7AoS^0:^1]Javimetal^7 @@@PLRENAME ^1[:^7AoS^1:]Javimetal^0Gj
"[Mon Feb 10 14:04:13 2014]  ClientDisconnect: 0
[Mon Feb 10 15:15:12 2014]  ClientConnect: 0
[Mon Feb 10 15:15:12 2014]  mlog:Player InfinI^0 Penis^9', connected. With IP - 159.255.234.38:29070 
[Mon Feb 10 15:15:27 2014]  ClientBegin: 0
[Mon Feb 10 15:15:48 2014]  say: ^0racater_X{E.Wolvse}^9*AE: erte
[Mon Feb 10 15:19:42 2014]  Kill: 0 0 39: ^0racater_X{E.Wolvse}^9*AE killed ^0racater_X{E.Wolvse}^9*AE by MOD_SUICIDE
[Mon Feb 10 15:22:20 2014]  ClientDisconnect: 0
[Mon Feb 10 16:00:28 2014]  Exit: Timelimit hit.
[Tue Feb 11 02:30:52 2014]  ClientConnect: 0
[Tue Feb 11 02:30:52 2014]  mlog:Player Stepa*Jedi, connected. With IP - 94.19.3.173:29070 
[Tue Feb 11 02:31:14 2014]  ClientBegin: 0
[Tue Feb 11 02:31:28 2014]  ShutdownGame:
[Tue Feb 11 02:31:28 2014]  ------------------------------------------------------------
