[Fri Feb 07 17:57:31 2014]  ------------------------------------------------------------
[Fri Feb 07 17:57:31 2014]  InitGame: \g_siegeTeam2\none\g_siegeTeam1\none\g_jediVmerc\0\g_maxGameClients\0\g_noSpecMove\0\g_debugMelee\1\g_siegeRespawn\20\g_siegeTeamSwitch\1\g_forceRegenTime\0\g_forcePowerDisable\0\g_weaponDisable\0\g_allowNPC\1\bot_minplayers\0\sv_allowDownload\1\sv_floodProtect\0\sv_maxPing\0\sv_minPing\0\sv_maxRate\5000\sv_maxclients\32\sv_hostname\^3Darkquake's Makermod Server\g_duelWeaponDisable\65531\g_forceBasedTeams\0\duel_fraglimit\10\g_maxForceRank\7\g_saberLocking\1\g_privateDuel\1\capturelimit\0\timelimit\120\fraglimit\0\dmflags\0\version\(internal)JAmp: v1.0.1.0 win-x86 Oct 30 2003\g_maxHolocronCarry\3\g_gametype\0\g_needpass\0\protocol\26\mapname\t2_trip\sv_privateClients\0\g_stepSlideFix\1\gamename\MakerMod\g_saberWallDamageScale\0.4\bg_fighterAltControl\0\g_showDuelHealths\0
[Fri Feb 07 17:57:32 2014]  ClientConnect: 0
[Fri Feb 07 17:57:32 2014]  ClientConnect: 1
[Fri Feb 07 17:57:53 2014]  say: ^3P^0ROXY: привет
[Fri Feb 07 17:57:53 2014]  ClientBegin: 0
[Fri Feb 07 17:58:15 2014]  say: ^3P^0ROXY: ну
[Fri Feb 07 17:58:30 2014]  ClientBegin: 1
[Fri Feb 07 17:58:44 2014]  say: ^3P^0ROXY: заза ты
[Fri Feb 07 17:59:03 2014]  print "^2[KotMF]^3[Mortarol]^9[G]^7 @@@PLRENAME ^2zaza611
"[Fri Feb 07 17:59:58 2014]  say: ^3P^0ROXY: зазаз
[Fri Feb 07 18:00:09 2014]  Kill: 0 1 3: ^3P^0ROXY killed ^2zaza611 by MOD_SABER
[Fri Feb 07 18:00:38 2014]  say: ^3P^0ROXY: заза
[Fri Feb 07 18:00:45 2014]  say: ^2zaza611: ламер
[Fri Feb 07 18:01:21 2014]  say: ^3P^0ROXY: я без смертній
[Fri Feb 07 18:01:44 2014]  say: ^3P^0ROXY: ты де
[Fri Feb 07 18:01:52 2014]  say: ^2zaza611: найди
[Fri Feb 07 18:02:07 2014]  say: ^3P^0ROXY: блин
[Fri Feb 07 18:02:19 2014]  say: ^3P^0ROXY: зря я те споп дал
[Fri Feb 07 18:03:14 2014]  say: ^3P^0ROXY: ns lt
[Fri Feb 07 18:03:17 2014]  say: ^3P^0ROXY: ты де
[Fri Feb 07 18:03:25 2014]  say: ^2zaza611: летаю
[Fri Feb 07 18:03:39 2014]  say: ^3P^0ROXY: хочеш р2д2
[Fri Feb 07 18:03:47 2014]  say: ^2zaza611: нет
[Fri Feb 07 18:04:52 2014]  say: ^3P^0ROXY: блин я в доме
[Fri Feb 07 18:05:10 2014]  say: ^3P^0ROXY: найдеш если надо
[Fri Feb 07 18:05:27 2014]  say: ^2zaza611: как добавить транспорт?
[Fri Feb 07 18:05:35 2014]  Kill: 1 1 39: ^2zaza611 killed ^2zaza611 by MOD_SUICIDE
[Fri Feb 07 18:05:57 2014]  say: ^3P^0ROXY: /npc spawn vehicle swoop_mp
[Fri Feb 07 18:06:14 2014]  say: ^3P^0ROXY: /npc spawn vehicle atst
[Fri Feb 07 18:06:43 2014]  say: ^3P^0ROXY: ,kby ns lt
[Fri Feb 07 18:06:51 2014]  say: ^3P^0ROXY: gjvtyzq crby gkp
[Fri Feb 07 18:06:58 2014]  say: ^3P^0ROXY: поменяй скин
[Fri Feb 07 18:07:08 2014]  say: ^2zaza611: зачем
[Fri Feb 07 18:07:16 2014]  say: ^3P^0ROXY: у меня тебя не видно 
[Fri Feb 07 18:07:33 2014]  Kill: 1 1 39: ^2zaza611 killed ^2zaza611 by MOD_SUICIDE
[Fri Feb 07 18:07:35 2014]  say: ^3P^0ROXY: о
[Fri Feb 07 18:07:50 2014]  say: ^3P^0ROXY: смотри
[Fri Feb 07 18:08:26 2014]  say: ^2zaza611: ну?
[Fri Feb 07 18:08:45 2014]  say: ^2zaza611: я офф
[Fri Feb 07 18:08:52 2014]  ClientDisconnect: 1
[Fri Feb 07 18:08:54 2014]  say: ^3P^0ROXY: net
[Fri Feb 07 18:09:07 2014]  ClientDisconnect: 0
[Fri Feb 07 19:57:29 2014]  Exit: Timelimit hit.
[Sat Feb 08 04:34:38 2014]  ClientConnect: 0
[Sat Feb 08 04:34:38 2014]  mlog:Player ^1Darth^0Twin, connected. With IP - 188.19.145.101:29070 
[Sat Feb 08 04:34:49 2014]  ClientDisconnect: 0
[Sat Feb 08 13:12:19 2014]  ClientConnect: 0
[Sat Feb 08 13:12:19 2014]  mlog:Player ^0Lord ^1Javimetal, connected. With IP - 85.219.4.121:29070 
[Sat Feb 08 13:13:12 2014]  ClientBegin: 0
[Sat Feb 08 13:13:32 2014]  ShutdownGame:
[Sat Feb 08 13:13:32 2014]  ------------------------------------------------------------
