[Sun Feb 23 03:08:31 2014]  ------------------------------------------------------------
[Sun Feb 23 03:08:31 2014]  InitGame: \dmflags\0\fraglimit\0\timelimit\120\capturelimit\0\g_privateDuel\1\g_saberLocking\1\g_maxForceRank\7\duel_fraglimit\10\g_forceBasedTeams\0\g_duelWeaponDisable\65531\sv_hostname\^3Darkquake's Makermod Server\sv_maxclients\32\sv_maxRate\5000\sv_minPing\0\sv_maxPing\0\sv_floodProtect\0\sv_allowDownload\1\bot_minplayers\0\g_allowNPC\1\g_weaponDisable\0\g_forcePowerDisable\0\g_forceRegenTime\0\g_siegeTeamSwitch\1\g_siegeRespawn\20\g_debugMelee\1\g_noSpecMove\0\g_maxGameClients\0\g_jediVmerc\0\g_siegeTeam1\none\g_siegeTeam2\none\version\(internal)JAmp: v1.0.1.0 win-x86 Oct 30 2003\g_maxHolocronCarry\3\g_gametype\0\g_needpass\0\protocol\26\mapname\t2_trip\sv_privateClients\0\g_stepSlideFix\1\gamename\MakerMod\g_saberWallDamageScale\0.4\bg_fighterAltControl\0\g_showDuelHealths\0
[Sun Feb 23 03:08:32 2014]  ClientConnect: 0
[Sun Feb 23 03:08:37 2014]  ClientDisconnect: 0
[Sun Feb 23 05:08:30 2014]  Exit: Timelimit hit.
[Sun Feb 23 09:37:29 2014]  ClientConnect: 0
[Sun Feb 23 09:37:29 2014]  mlog:Player ^2[^1MiB^2]^3Sasha, connected. With IP - 95.72.80.204:29070 
[Sun Feb 23 09:37:57 2014]  ClientBegin: 0
[Sun Feb 23 09:38:05 2014]  ShutdownGame:
[Sun Feb 23 09:38:05 2014]  ------------------------------------------------------------
[Sun Feb 23 09:38:06 2014]  ------------------------------------------------------------
[Sun Feb 23 09:38:06 2014]  InitGame: \dmflags\0\fraglimit\0\timelimit\120\capturelimit\0\g_privateDuel\1\g_saberLocking\1\g_maxForceRank\7\duel_fraglimit\10\g_forceBasedTeams\0\g_duelWeaponDisable\65531\sv_hostname\^3Darkquake's Makermod Server\sv_maxclients\32\sv_maxRate\5000\sv_minPing\0\sv_maxPing\0\sv_floodProtect\0\sv_allowDownload\1\bot_minplayers\0\g_allowNPC\1\g_weaponDisable\0\g_forcePowerDisable\0\g_forceRegenTime\0\g_siegeTeamSwitch\1\g_siegeRespawn\20\g_debugMelee\1\g_noSpecMove\0\g_maxGameClients\0\g_jediVmerc\0\g_siegeTeam1\none\g_siegeTeam2\none\version\(internal)JAmp: v1.0.1.0 win-x86 Oct 30 2003\g_maxHolocronCarry\3\g_gametype\0\g_needpass\0\protocol\26\mapname\mp/siege_desert\sv_privateClients\0\g_stepSlideFix\1\gamename\MakerMod\g_saberWallDamageScale\0.4\bg_fighterAltControl\0\g_showDuelHealths\0
[Sun Feb 23 09:38:06 2014]  ClientConnect: 0
[Sun Feb 23 09:38:19 2014]  ClientBegin: 0
[Sun Feb 23 09:39:00 2014]  Kill: 0 0 39: ^2[^1MiB^2]^3Sasha killed ^2[^1MiB^2]^3Sasha by MOD_SUICIDE
[Sun Feb 23 09:41:29 2014]  ClientConnect: 1
[Sun Feb 23 09:41:29 2014]  mlog:Player GRASSBOLTER, connected. With IP - 95.191.39.22:29070 
[Sun Feb 23 09:41:41 2014]  ClientBegin: 1
[Sun Feb 23 09:42:19 2014]  print "Padawan^7 @@@PLRENAME GRASSBOLTER
"[Sun Feb 23 09:46:20 2014]  Item: 0 ammo_all
[Sun Feb 23 09:46:24 2014]  Item: 0 ammo_all
[Sun Feb 23 09:46:24 2014]  Item: 0 ammo_all
[Sun Feb 23 09:46:27 2014]  Item: 0 ammo_all
[Sun Feb 23 09:46:32 2014]  Item: 0 ammo_all
[Sun Feb 23 09:46:38 2014]  Item: 0 ammo_all
[Sun Feb 23 09:46:43 2014]  Item: 0 ammo_all
[Sun Feb 23 09:46:52 2014]  Item: 0 ammo_all
[Sun Feb 23 09:48:55 2014]  Kill: 1022 1 38: <world> killed GRASSBOLTER by MOD_FALLING
[Sun Feb 23 09:49:10 2014]  Kill: 1022 0 38: <world> killed ^2[^1MiB^2]^3Sasha by MOD_FALLING
[Sun Feb 23 09:56:09 2014]  Kill: 0 0 39: ^2[^1MiB^2]^3Sasha killed ^2[^1MiB^2]^3Sasha by MOD_SUICIDE
[Sun Feb 23 09:56:16 2014]  Kill: 1 1 39: GRASSBOLTER killed GRASSBOLTER by MOD_SUICIDE
[Sun Feb 23 09:56:39 2014]  Kill: 1 1 39: GRASSBOLTER killed GRASSBOLTER by MOD_SUICIDE
[Sun Feb 23 09:57:38 2014]  Kill: 1022 1 2: <world> killed GRASSBOLTER by MOD_MELEE
[Sun Feb 23 09:57:52 2014]  Kill: 1022 0 38: <world> killed ^2[^1MiB^2]^3Sasha by MOD_FALLING
[Sun Feb 23 09:57:54 2014]  Kill: 1 1 39: GRASSBOLTER killed GRASSBOLTER by MOD_SUICIDE
[Sun Feb 23 09:59:20 2014]  Kill: 1 1 39: GRASSBOLTER killed GRASSBOLTER by MOD_SUICIDE
[Sun Feb 23 09:59:46 2014]  Kill: 1022 1 36: <world> killed GRASSBOLTER by MOD_CRUSH
[Sun Feb 23 09:59:52 2014]  Kill: 1 1 39: GRASSBOLTER killed GRASSBOLTER by MOD_SUICIDE
[Sun Feb 23 09:59:58 2014]  Kill: 0 0 39: ^2[^1MiB^2]^3Sasha killed ^2[^1MiB^2]^3Sasha by MOD_SUICIDE
[Sun Feb 23 10:01:08 2014]  Kill: 1 1 39: GRASSBOLTER killed GRASSBOLTER by MOD_SUICIDE
[Sun Feb 23 10:04:48 2014]  Kill: 0 1 3: ^2[^1MiB^2]^3Sasha killed GRASSBOLTER by MOD_SABER
[Sun Feb 23 10:05:46 2014]  say: ^2[^1MiB^2]^3Sasha: lawdawdawd
[Sun Feb 23 10:05:56 2014]  say: GRASSBOLTER: olala
[Sun Feb 23 10:06:40 2014]  ClientDisconnect: 1
[Sun Feb 23 10:07:21 2014]  ClientDisconnect: 0
[Sun Feb 23 11:38:04 2014]  Exit: Timelimit hit.
[Sun Feb 23 21:48:39 2014]  ClientConnect: 0
[Sun Feb 23 21:48:39 2014]  mlog:Player JEDI MASTER SITH MAN, connected. With IP - 79.114.105.50:29070 
[Sun Feb 23 21:48:50 2014]  say: JEDI MASTER SITH MAN: weapon 13
[Sun Feb 23 21:48:50 2014]  ClientBegin: 0
[Sun Feb 23 21:48:53 2014]  ShutdownGame:
[Sun Feb 23 21:48:53 2014]  ------------------------------------------------------------
[Sun Feb 23 21:48:54 2014]  ------------------------------------------------------------
[Sun Feb 23 21:48:54 2014]  InitGame: \dmflags\0\fraglimit\0\timelimit\120\capturelimit\0\g_privateDuel\1\g_saberLocking\1\g_maxForceRank\7\duel_fraglimit\10\g_forceBasedTeams\0\g_duelWeaponDisable\65531\sv_hostname\^3Darkquake's Makermod Server\sv_maxclients\32\sv_maxRate\5000\sv_minPing\0\sv_maxPing\0\sv_floodProtect\0\sv_allowDownload\1\bot_minplayers\0\g_allowNPC\1\g_weaponDisable\0\g_forcePowerDisable\0\g_forceRegenTime\0\g_siegeTeamSwitch\1\g_siegeRespawn\20\g_debugMelee\1\g_noSpecMove\0\g_maxGameClients\0\g_jediVmerc\0\g_siegeTeam1\none\g_siegeTeam2\none\version\(internal)JAmp: v1.0.1.0 win-x86 Oct 30 2003\g_maxHolocronCarry\3\g_gametype\0\g_needpass\0\protocol\26\mapname\t2_trip\sv_privateClients\0\g_stepSlideFix\1\gamename\MakerMod\g_saberWallDamageScale\0.4\bg_fighterAltControl\0\g_showDuelHealths\0
[Sun Feb 23 21:48:55 2014]  ClientConnect: 0
[Sun Feb 23 21:49:08 2014]  ClientBegin: 0
[Sun Feb 23 21:49:28 2014]  Kill: 0 0 0: JEDI MASTER SITH MAN killed JEDI MASTER SITH MAN by MOD_UNKNOWN
[Sun Feb 23 21:50:19 2014]  Kill: 0 0 0: JEDI MASTER SITH MAN killed JEDI MASTER SITH MAN by MOD_UNKNOWN
[Sun Feb 23 21:51:20 2014]  Kill: 0 0 0: JEDI MASTER SITH MAN killed JEDI MASTER SITH MAN by MOD_UNKNOWN
[Sun Feb 23 21:54:54 2014]  ClientDisconnect: 0
[Sun Feb 23 23:48:52 2014]  Exit: Timelimit hit.
[Tue Feb 25 01:32:00 2014]  ClientConnect: 0
[Tue Feb 25 01:32:00 2014]  mlog:Player ^1R^0amen, connected. With IP - 190.101.105.147:29163 
[Tue Feb 25 01:32:18 2014]  ClientBegin: 0
[Tue Feb 25 01:32:22 2014]  ShutdownGame:
[Tue Feb 25 01:32:22 2014]  ------------------------------------------------------------
