[Sat Feb 08 13:13:33 2014]  ------------------------------------------------------------
[Sat Feb 08 13:13:33 2014]  InitGame: \g_siegeTeam2\none\g_siegeTeam1\none\g_jediVmerc\0\g_maxGameClients\0\g_noSpecMove\0\g_debugMelee\1\g_siegeRespawn\20\g_siegeTeamSwitch\1\g_forceRegenTime\0\g_forcePowerDisable\0\g_weaponDisable\0\g_allowNPC\1\bot_minplayers\0\sv_allowDownload\1\sv_floodProtect\0\sv_maxPing\0\sv_minPing\0\sv_maxRate\5000\sv_maxclients\32\sv_hostname\^3Darkquake's Makermod Server\g_duelWeaponDisable\65531\g_forceBasedTeams\0\duel_fraglimit\10\g_maxForceRank\7\g_saberLocking\1\g_privateDuel\1\capturelimit\0\timelimit\120\fraglimit\0\dmflags\0\version\(internal)JAmp: v1.0.1.0 win-x86 Oct 30 2003\g_maxHolocronCarry\3\g_gametype\0\g_needpass\0\protocol\26\mapname\mp/siege_desert\sv_privateClients\0\g_stepSlideFix\1\gamename\MakerMod\g_saberWallDamageScale\0.4\bg_fighterAltControl\0\g_showDuelHealths\0
[Sat Feb 08 13:13:34 2014]  ClientConnect: 0
[Sat Feb 08 13:13:50 2014]  ClientBegin: 0
[Sat Feb 08 13:14:27 2014]  ClientConnect: 1
[Sat Feb 08 13:14:27 2014]  mlog:Player ^4I^6^5C^3^4E, connected. With IP - 93.79.154.196:29070 
[Sat Feb 08 13:15:39 2014]  ClientBegin: 1
[Sat Feb 08 13:15:44 2014]  say: ^0Darth ^1Javimetal: hola hi
[Sat Feb 08 13:16:01 2014]  say: ^3P^0ROXY: привет русский
[Sat Feb 08 13:16:03 2014]  say: ^0Darth ^1Javimetal: ?
[Sat Feb 08 13:16:17 2014]  say: ^3P^0ROXY: ok hello
[Sat Feb 08 13:16:48 2014]  say: ^3P^0ROXY: hwere are you
[Sat Feb 08 13:17:00 2014]  say: ^0Darth ^1Javimetal: im fine, and u?
[Sat Feb 08 13:17:08 2014]  say: ^3P^0ROXY: norm
[Sat Feb 08 13:17:47 2014]  say: ^3P^0ROXY: do you instiled skin pack ?
[Sat Feb 08 13:18:00 2014]  say: ^0Darth ^1Javimetal: nop
[Sat Feb 08 13:18:08 2014]  say: ^3P^0ROXY: have got skype
[Sat Feb 08 13:18:28 2014]  say: ^0Darth ^1Javimetal: i see  a TK
[Sat Feb 08 13:18:36 2014]  say: ^3P^0ROXY: what
[Sat Feb 08 13:18:41 2014]  say: ^0Darth ^1Javimetal: u are a Tk
[Sat Feb 08 13:19:11 2014]  say: ^3P^0ROXY: write you skype
[Sat Feb 08 13:19:54 2014]  say: ^0Darth ^1Javimetal: marm 250
[Sat Feb 08 13:19:57 2014]  say: ^3P^0ROXY: hey
[Sat Feb 08 13:20:24 2014]  say: ^3P^0ROXY: write skype
[Sat Feb 08 13:20:29 2014]  say: ^0Darth ^1Javimetal: no xD sry
[Sat Feb 08 13:20:35 2014]  say: ^3P^0ROXY: why
[Sat Feb 08 13:20:50 2014]  say: ^3P^0ROXY: i have good skin pack hellowen
[Sat Feb 08 13:21:03 2014]  say: ^0Darth ^1Javimetal: no thx i dont like skins paks
[Sat Feb 08 13:21:23 2014]  say: ^3P^0ROXY: do you play crhris core final fantasy
[Sat Feb 08 13:21:36 2014]  say: ^0Darth ^1Javimetal: XD i use skins paks and i dont like
[Sat Feb 08 13:22:11 2014]  say: ^3P^0ROXY: sry weapon pack (pyramid heat weapon from final fantasy lovelles saber)
[Sat Feb 08 13:22:24 2014]  say: ^0Darth ^1Javimetal: xD no sry
[Sat Feb 08 13:22:45 2014]  say: ^0Darth ^1Javimetal: i dont like mods or expansions or packs
[Sat Feb 08 13:22:56 2014]  say: ^0Darth ^1Javimetal: i use only in Minecraft
[Sat Feb 08 13:23:14 2014]  say: ^3P^0ROXY: minecraft shit
[Sat Feb 08 13:23:21 2014]  say: ^0Darth ^1Javimetal: xD nope
[Sat Feb 08 13:23:54 2014]  ClientDisconnect: 1
[Sat Feb 08 13:25:38 2014]  Kill: 1022 0 0: <world> killed ^0Darth ^1Javimetal by MOD_UNKNOWN
[Sat Feb 08 13:37:36 2014]  say: ^0Darth ^1Javimetal: Mdrop
[Sat Feb 08 13:39:51 2014]  ClientDisconnect: 0
[Sat Feb 08 15:13:32 2014]  Exit: Timelimit hit.
[Sat Feb 08 15:20:38 2014]  ClientConnect: 0
[Sat Feb 08 15:20:38 2014]  mlog:Player ^4Star^0ples, connected. With IP - 37.112.22.204:29070 
[Sat Feb 08 15:20:49 2014]  ClientDisconnect: 0
[Sat Feb 08 18:53:32 2014]  ClientConnect: 0
[Sat Feb 08 18:53:32 2014]  mlog:Player Jimmy, connected. With IP - 174.21.6.78:29070 
[Sat Feb 08 18:53:42 2014]  ClientBegin: 0
[Sat Feb 08 18:53:45 2014]  ShutdownGame:
[Sat Feb 08 18:53:45 2014]  ------------------------------------------------------------
[Sat Feb 08 18:53:46 2014]  ------------------------------------------------------------
[Sat Feb 08 18:53:46 2014]  InitGame: \g_siegeTeam2\none\g_siegeTeam1\none\g_jediVmerc\0\g_maxGameClients\0\g_noSpecMove\0\g_debugMelee\1\g_siegeRespawn\20\g_siegeTeamSwitch\1\g_forceRegenTime\0\g_forcePowerDisable\0\g_weaponDisable\0\g_allowNPC\1\bot_minplayers\0\sv_allowDownload\1\sv_floodProtect\0\sv_maxPing\0\sv_minPing\0\sv_maxRate\5000\sv_maxclients\32\sv_hostname\^3Darkquake's Makermod Server\g_duelWeaponDisable\65531\g_forceBasedTeams\0\duel_fraglimit\10\g_maxForceRank\7\g_saberLocking\1\g_privateDuel\1\capturelimit\0\timelimit\120\fraglimit\0\dmflags\0\version\(internal)JAmp: v1.0.1.0 win-x86 Oct 30 2003\g_maxHolocronCarry\3\g_gametype\0\g_needpass\0\protocol\26\mapname\t2_trip\sv_privateClients\0\g_stepSlideFix\1\gamename\MakerMod\g_saberWallDamageScale\0.4\bg_fighterAltControl\0\g_showDuelHealths\0
[Sat Feb 08 18:53:48 2014]  ClientConnect: 0
[Sat Feb 08 18:53:57 2014]  ClientBegin: 0
[Sat Feb 08 19:01:50 2014]  say: Jimmy: noclip'
[Sat Feb 08 19:13:02 2014]  Kill: 1022 0 6: <world> killed Jimmy by MOD_BLASTER
[Sat Feb 08 19:13:08 2014]  ClientDisconnect: 0
[Sat Feb 08 20:53:45 2014]  Exit: Timelimit hit.
[Sat Feb 08 21:05:14 2014]  ClientConnect: 0
[Sat Feb 08 21:05:14 2014]  mlog:Player kna, connected. With IP - 159.255.234.38:29070 
[Sat Feb 08 21:05:28 2014]  ClientBegin: 0
[Sat Feb 08 21:05:49 2014]  ShutdownGame:
[Sat Feb 08 21:05:49 2014]  ------------------------------------------------------------
[Sat Feb 08 21:05:49 2014]  ------------------------------------------------------------
[Sat Feb 08 21:05:49 2014]  InitGame: \g_siegeTeam2\none\g_siegeTeam1\none\g_jediVmerc\0\g_maxGameClients\0\g_noSpecMove\0\g_debugMelee\1\g_siegeRespawn\20\g_siegeTeamSwitch\1\g_forceRegenTime\0\g_forcePowerDisable\0\g_weaponDisable\0\g_allowNPC\1\bot_minplayers\0\sv_allowDownload\1\sv_floodProtect\0\sv_maxPing\0\sv_minPing\0\sv_maxRate\5000\sv_maxclients\32\sv_hostname\^3Darkquake's Makermod Server\g_duelWeaponDisable\65531\g_forceBasedTeams\0\duel_fraglimit\10\g_maxForceRank\7\g_saberLocking\1\g_privateDuel\1\capturelimit\0\timelimit\120\fraglimit\0\dmflags\0\version\(internal)JAmp: v1.0.1.0 win-x86 Oct 30 2003\g_maxHolocronCarry\3\g_gametype\0\g_needpass\0\protocol\26\mapname\mp/siege_desert\sv_privateClients\0\g_stepSlideFix\1\gamename\MakerMod\g_saberWallDamageScale\0.4\bg_fighterAltControl\0\g_showDuelHealths\0
[Sat Feb 08 21:05:50 2014]  ClientConnect: 0
[Sat Feb 08 21:06:02 2014]  ClientBegin: 0
[Sat Feb 08 21:08:24 2014]  ClientDisconnect: 0
[Sat Feb 08 23:05:48 2014]  Exit: Timelimit hit.
[Mon Feb 10 03:32:54 2014]  ClientConnect: 0
[Mon Feb 10 03:32:54 2014]  mlog:Player DarekPurple, connected. With IP - 72.71.128.105:29070 
[Mon Feb 10 03:36:15 2014]  ClientDisconnect: 0
[Mon Feb 10 14:00:02 2014]  ClientConnect: 0
[Mon Feb 10 14:00:02 2014]  mlog:Player ^1[:^7AoS^1:]Javimetal^0Gj, connected. With IP - 85.219.4.121:29070 
[Mon Feb 10 14:00:24 2014]  ClientBegin: 0
[Mon Feb 10 14:00:25 2014]  say: ^1[^0:^7AoS^0:^1]Javimetal: ^1Boba^0Fett's ^3Ultra Utility ^7v3 ^5Beta 15 ^7- ^5U^7ltra^5U^7tility^5.^7net^5.^7tc
[Mon Feb 10 14:00:28 2014]  ShutdownGame:
[Mon Feb 10 14:00:28 2014]  ------------------------------------------------------------
