[Thu Feb 06 13:40:50 2014]  ------------------------------------------------------------
[Thu Feb 06 13:40:50 2014]  InitGame: \g_siegeTeam2\none\g_siegeTeam1\none\g_jediVmerc\0\g_maxGameClients\0\g_noSpecMove\0\g_debugMelee\1\g_siegeRespawn\20\g_siegeTeamSwitch\1\g_forceRegenTime\0\g_forcePowerDisable\0\g_weaponDisable\0\g_allowNPC\1\bot_minplayers\0\sv_allowDownload\1\sv_floodProtect\0\sv_maxPing\0\sv_minPing\0\sv_maxRate\5000\sv_maxclients\32\sv_hostname\^3Darkquake's Makermod Server\g_duelWeaponDisable\65531\g_forceBasedTeams\0\duel_fraglimit\10\g_maxForceRank\7\g_saberLocking\1\g_privateDuel\1\capturelimit\0\timelimit\120\fraglimit\0\dmflags\0\version\(internal)JAmp: v1.0.1.0 win-x86 Oct 30 2003\g_maxHolocronCarry\3\g_gametype\0\g_needpass\0\protocol\26\mapname\t2_trip\sv_privateClients\0\g_stepSlideFix\1\gamename\MakerMod\g_saberWallDamageScale\0.4\bg_fighterAltControl\0\g_showDuelHealths\0
[Thu Feb 06 13:40:52 2014]  ClientConnect: 0
[Thu Feb 06 13:40:52 2014]  ClientConnect: 1
[Thu Feb 06 13:41:07 2014]  ClientBegin: 1
[Thu Feb 06 13:41:12 2014]  ClientBegin: 0
[Thu Feb 06 13:41:57 2014]  Kill: 0 1 3: Karo killed I<3Karo by MOD_SABER
[Thu Feb 06 13:42:40 2014]  Kill: 0 0 39: Karo killed Karo by MOD_SUICIDE
[Thu Feb 06 13:42:57 2014]  say: Karo: npc spawn vehicle speeder
[Thu Feb 06 13:43:06 2014]  say: Karo: npc spawn luke
[Thu Feb 06 13:43:19 2014]  Kill: 0 1 3: Karo killed I<3Karo by MOD_SABER
[Thu Feb 06 13:43:35 2014]  Kill: 1 0 3: I<3Karo killed Karo by MOD_SABER
[Thu Feb 06 13:44:00 2014]  Kill: 0 1 5: Karo killed I<3Karo by MOD_BRYAR_PISTOL_ALT
[Thu Feb 06 13:44:16 2014]  Kill: 0 1 29: Karo killed I<3Karo by MOD_CONC
[Thu Feb 06 13:44:44 2014]  Kill: 0 1 29: Karo killed I<3Karo by MOD_CONC
[Thu Feb 06 13:45:07 2014]  Kill: 0 1 29: Karo killed I<3Karo by MOD_CONC
[Thu Feb 06 13:45:30 2014]  Kill: 0 1 22: Karo killed I<3Karo by MOD_ROCKET_HOMING_SPLASH
[Thu Feb 06 13:45:44 2014]  Kill: 0 1 21: Karo killed I<3Karo by MOD_ROCKET_HOMING
[Thu Feb 06 13:46:17 2014]  Kill: 0 1 22: Karo killed I<3Karo by MOD_ROCKET_HOMING_SPLASH
[Thu Feb 06 13:46:43 2014]  print "I<3Karo^7 @@@PLRENAME Battleboi 
"[Thu Feb 06 13:47:09 2014]  Kill: 0 1 27: Karo killed Battleboi  by MOD_DET_PACK_SPLASH
[Thu Feb 06 13:47:09 2014]  Kill: 0 0 27: Karo killed Karo by MOD_DET_PACK_SPLASH
[Thu Feb 06 13:47:13 2014]  Kill: 1 0 37: Battleboi  killed Karo by MOD_TELEFRAG
[Thu Feb 06 13:47:14 2014]  Kill: 0 1 37: Karo killed Battleboi  by MOD_TELEFRAG
[Thu Feb 06 13:47:38 2014]  ClientDisconnect: 1
[Thu Feb 06 13:49:02 2014]  ClientConnect: 1
[Thu Feb 06 13:49:02 2014]  mlog:Player Battleboi , connected. With IP - 84.180.115.90:29070 
[Thu Feb 06 13:49:09 2014]  ClientBegin: 1
[Thu Feb 06 13:49:12 2014]  say: Karo: spawn vehicle atst
[Thu Feb 06 13:49:18 2014]  say: Karo: npc spawn vehicle atst
[Thu Feb 06 13:49:33 2014]  Kill: 1 0 3: Battleboi  killed Karo by MOD_SABER
[Thu Feb 06 13:49:33 2014]  Item: 1 weapon_blaster
[Thu Feb 06 13:50:25 2014]  say: Karo: npc spawn vehicle atst
[Thu Feb 06 13:50:37 2014]  say: Karo: npc spawn vehicle swoop_mp
[Thu Feb 06 13:50:51 2014]  Kill: 0 0 39: Karo killed Karo by MOD_SUICIDE
[Thu Feb 06 13:51:08 2014]  Kill: 0 1 3: Karo killed Battleboi  by MOD_SABER
[Thu Feb 06 13:52:09 2014]  Kill: 0 1 22: Karo killed Battleboi  by MOD_ROCKET_HOMING_SPLASH
[Thu Feb 06 13:52:23 2014]  Kill: 0 1 22: Karo killed Battleboi  by MOD_ROCKET_HOMING_SPLASH
[Thu Feb 06 13:53:00 2014]  Kill: 0 1 29: Karo killed Battleboi  by MOD_CONC
[Thu Feb 06 13:54:17 2014]  Kill: 1 0 3: Battleboi  killed Karo by MOD_SABER
[Thu Feb 06 13:54:17 2014]  Item: 1 weapon_concussion_rifle
[Thu Feb 06 13:55:03 2014]  Kill: 0 1 31: Karo killed Battleboi  by MOD_FORCE_DARK
[Thu Feb 06 13:55:13 2014]  Kill: 0 1 3: Karo killed Battleboi  by MOD_SABER
[Thu Feb 06 13:55:40 2014]  Kill: 0 1 3: Karo killed Battleboi  by MOD_SABER
[Thu Feb 06 13:56:40 2014]  Kill: 0 1 21: Karo killed Battleboi  by MOD_ROCKET_HOMING
[Thu Feb 06 13:57:14 2014]  Kill: 0 1 19: Karo killed Battleboi  by MOD_ROCKET
[Thu Feb 06 13:57:57 2014]  Kill: 0 1 27: Karo killed Battleboi  by MOD_DET_PACK_SPLASH
[Thu Feb 06 13:58:20 2014]  Kill: 0 1 27: Karo killed Battleboi  by MOD_DET_PACK_SPLASH
[Thu Feb 06 13:59:39 2014]  Kill: 1022 0 39: <world> killed Karo by MOD_SUICIDE
[Thu Feb 06 13:59:56 2014]  say: Karo: npc spawn vehicle TIEBOMBER
[Thu Feb 06 14:00:02 2014]  say: Karo: 7npc spawn vehicle TIEBOMBER
[Thu Feb 06 14:01:30 2014]  Kill: 1 0 3: Battleboi  killed Karo by MOD_SABER
[Thu Feb 06 14:01:35 2014]  Kill: 1022 1 39: <world> killed Battleboi  by MOD_SUICIDE
[Thu Feb 06 14:01:48 2014]  Kill: 1022 0 39: <world> killed Karo by MOD_SUICIDE
[Thu Feb 06 14:01:48 2014]  Kill: 1022 1 39: <world> killed Battleboi  by MOD_SUICIDE
[Thu Feb 06 14:03:08 2014]  Kill: 0 1 28: Karo killed Battleboi  by MOD_VEHICLE
[Thu Feb 06 14:03:25 2014]  Kill: 1022 1 36: <world> killed Battleboi  by MOD_CRUSH
[Thu Feb 06 14:09:18 2014]  Kill: 1022 0 6: <world> killed Karo by MOD_BLASTER
[Thu Feb 06 14:11:05 2014]  Kill: 1022 0 6: <world> killed Karo by MOD_BLASTER
[Thu Feb 06 14:11:29 2014]  Kill: 1022 0 6: <world> killed Karo by MOD_BLASTER
[Thu Feb 06 14:12:16 2014]  Kill: 1022 0 6: <world> killed Karo by MOD_BLASTER
[Thu Feb 06 14:15:44 2014]  say: Battleboi : g_saberrealisticcombat 9
[Thu Feb 06 14:18:13 2014]  Kill: 0 0 27: Karo killed Karo by MOD_DET_PACK_SPLASH
[Thu Feb 06 14:19:58 2014]  Kill: 0 1 29: Karo killed Battleboi  by MOD_CONC
[Thu Feb 06 14:20:02 2014]  Item: 0 weapon_repeater
[Thu Feb 06 14:20:08 2014]  say: Battleboi : giveall
[Thu Feb 06 14:21:51 2014]  Kill: 0 1 29: Karo killed Battleboi  by MOD_CONC
[Thu Feb 06 14:21:54 2014]  Item: 0 weapon_rocket_launcher
[Thu Feb 06 14:22:14 2014]  Item: 0 ammo_all
[Thu Feb 06 14:22:49 2014]  Kill: 0 1 20: Karo killed Battleboi  by MOD_ROCKET_SPLASH
[Thu Feb 06 14:24:02 2014]  ClientDisconnect: 1
[Thu Feb 06 14:25:39 2014]  ClientConnect: 1
[Thu Feb 06 14:25:39 2014]  mlog:Player ^3-=DGS=-^4Sub-Zero^1|JD|, connected. With IP - 91.205.238.2:3151 
[Thu Feb 06 14:25:56 2014]  ClientDisconnect: 1
[Thu Feb 06 14:26:03 2014]  ClientDisconnect: 0
[Thu Feb 06 14:55:52 2014]  ClientConnect: 0
[Thu Feb 06 14:55:52 2014]  mlog:Player ^0Darth ^1Javimetal, connected. With IP - 85.219.4.121:29070 
[Thu Feb 06 14:56:27 2014]  ClientBegin: 0
[Thu Feb 06 15:04:19 2014]  say: ^0Darth ^1Javimetal: 7mlist
[Thu Feb 06 15:05:44 2014]  say: ^0Darth ^1Javimetal: 7mgrab
[Thu Feb 06 15:09:58 2014]  say: ^0Darth ^1Javimetal: 7mlist
[Thu Feb 06 15:17:17 2014]  ClientConnect: 1
[Thu Feb 06 15:17:17 2014]  mlog:Player bit, connected. With IP - 81.161.210.45:29070 
[Thu Feb 06 15:17:22 2014]  say: ^0Darth ^1Javimetal: hola hi
[Thu Feb 06 15:18:30 2014]  ClientBegin: 1
[Thu Feb 06 15:18:35 2014]  say: ^0Darth ^1Javimetal: hola hi
[Thu Feb 06 15:18:40 2014]  say: bit: hi
[Thu Feb 06 15:19:52 2014]  Kill: 0 1 0: ^0Darth ^1Javimetal killed bit by MOD_UNKNOWN
[Thu Feb 06 15:21:11 2014]  Item: 1 weapon_melee
[Thu Feb 06 15:28:49 2014]  say: bit: .é
[Thu Feb 06 15:28:50 2014]  ClientDisconnect: 1
[Thu Feb 06 15:32:14 2014]  ClientDisconnect: 0
[Thu Feb 06 15:34:46 2014]  ClientConnect: 0
[Thu Feb 06 15:34:46 2014]  mlog:Player ^0Darth ^1Javimetal, connected. With IP - 85.219.4.121:29070 
[Thu Feb 06 15:35:51 2014]  ClientBegin: 0
[Thu Feb 06 15:38:41 2014]  Kill: 1022 0 0: <world> killed ^0Darth ^1Javimetal by MOD_UNKNOWN
[Thu Feb 06 15:38:48 2014]  Kill: 0 0 36: ^0Darth ^1Javimetal killed ^0Darth ^1Javimetal by MOD_CRUSH
[Thu Feb 06 15:38:51 2014]  ClientDisconnect: 0
[Thu Feb 06 15:40:49 2014]  Exit: Timelimit hit.
[Thu Feb 06 17:09:01 2014]  ClientConnect: 0
[Thu Feb 06 17:09:01 2014]  mlog:Player Padawan, connected. With IP - 190.101.105.220:4425 
[Thu Feb 06 17:09:27 2014]  ClientBegin: 0
[Thu Feb 06 17:09:29 2014]  ShutdownGame:
[Thu Feb 06 17:09:29 2014]  ------------------------------------------------------------
[Thu Feb 06 17:09:30 2014]  ------------------------------------------------------------
[Thu Feb 06 17:09:30 2014]  InitGame: \g_siegeTeam2\none\g_siegeTeam1\none\g_jediVmerc\0\g_maxGameClients\0\g_noSpecMove\0\g_debugMelee\1\g_siegeRespawn\20\g_siegeTeamSwitch\1\g_forceRegenTime\0\g_forcePowerDisable\0\g_weaponDisable\0\g_allowNPC\1\bot_minplayers\0\sv_allowDownload\1\sv_floodProtect\0\sv_maxPing\0\sv_minPing\0\sv_maxRate\5000\sv_maxclients\32\sv_hostname\^3Darkquake's Makermod Server\g_duelWeaponDisable\65531\g_forceBasedTeams\0\duel_fraglimit\10\g_maxForceRank\7\g_saberLocking\1\g_privateDuel\1\capturelimit\0\timelimit\120\fraglimit\0\dmflags\0\version\(internal)JAmp: v1.0.1.0 win-x86 Oct 30 2003\g_maxHolocronCarry\3\g_gametype\0\g_needpass\0\protocol\26\mapname\mp/siege_desert\sv_privateClients\0\g_stepSlideFix\1\gamename\MakerMod\g_saberWallDamageScale\0.4\bg_fighterAltControl\0\g_showDuelHealths\0
[Thu Feb 06 17:09:31 2014]  ClientConnect: 0
[Thu Feb 06 17:09:45 2014]  ClientBegin: 0
[Thu Feb 06 17:10:21 2014]  Kill: 0 0 36: Padawan killed Padawan by MOD_CRUSH
[Thu Feb 06 17:31:38 2014]  say: Padawan: nco
[Thu Feb 06 17:31:40 2014]  say: Padawan: nco
[Thu Feb 06 17:38:45 2014]  ClientDisconnect: 0
[Thu Feb 06 19:09:29 2014]  Exit: Timelimit hit.
[Fri Feb 07 17:56:46 2014]  ClientConnect: 0
[Fri Feb 07 17:56:46 2014]  mlog:Player ^4RAIN, connected. With IP - 93.79.154.196:29070 
[Fri Feb 07 17:57:19 2014]  ClientConnect: 1
[Fri Feb 07 17:57:19 2014]  mlog:Player zaza611, connected. With IP - 78.25.120.19:-23796 
[Fri Feb 07 17:57:25 2014]  ClientBegin: 0
[Fri Feb 07 17:57:29 2014]  ShutdownGame:
[Fri Feb 07 17:57:29 2014]  ------------------------------------------------------------
