[Wed Feb 19 12:15:58 2014]  ------------------------------------------------------------
[Wed Feb 19 12:15:58 2014]  InitGame: \g_siegeTeam2\none\g_siegeTeam1\none\g_jediVmerc\0\g_maxGameClients\0\g_noSpecMove\0\g_debugMelee\1\g_siegeRespawn\20\g_siegeTeamSwitch\1\g_forceRegenTime\0\g_forcePowerDisable\0\g_weaponDisable\0\g_allowNPC\1\bot_minplayers\0\sv_allowDownload\1\sv_floodProtect\0\sv_maxPing\0\sv_minPing\0\sv_maxRate\5000\sv_maxclients\32\sv_hostname\^3Darkquake's Makermod Server\g_duelWeaponDisable\65531\g_forceBasedTeams\0\duel_fraglimit\10\g_maxForceRank\7\g_saberLocking\1\g_privateDuel\1\capturelimit\0\timelimit\120\fraglimit\0\dmflags\0\version\(internal)JAmp: v1.0.1.0 win-x86 Oct 30 2003\g_maxHolocronCarry\3\g_gametype\0\g_needpass\0\protocol\26\mapname\mp/siege_desert\sv_privateClients\0\g_stepSlideFix\1\gamename\MakerMod\g_saberWallDamageScale\0.4\bg_fighterAltControl\0\g_showDuelHealths\0
[Wed Feb 19 12:15:59 2014]  ClientConnect: 0
[Wed Feb 19 12:15:59 2014]  ClientConnect: 1
[Wed Feb 19 12:16:21 2014]  ClientBegin: 0
[Wed Feb 19 12:16:23 2014]  ClientBegin: 1
[Wed Feb 19 12:16:30 2014]  say: Vector: прив
[Wed Feb 19 12:16:31 2014]  say: mAxIm: о бля
[Wed Feb 19 12:16:38 2014]  say: mAxIm: здаровались
[Wed Feb 19 12:17:09 2014]  say: mAxIm: ну давай
[Wed Feb 19 12:17:12 2014]  say: mAxIm: ты ловушки
[Wed Feb 19 12:17:14 2014]  say: mAxIm: с базой
[Wed Feb 19 12:17:15 2014]  say: Vector: ок
[Wed Feb 19 12:17:17 2014]  say: mAxIm: я тее вчера
[Wed Feb 19 12:17:20 2014]  say: mAxIm: км говорил
[Wed Feb 19 12:17:24 2014]  say: mAxIm: показ места
[Wed Feb 19 12:17:32 2014]  say: Vector: кстати  спс  ещ  раз  что научил
[Wed Feb 19 12:17:44 2014]  say: mAxIm: пустяки
[Wed Feb 19 12:18:04 2014]  say: mAxIm: ты гду?
[Wed Feb 19 12:18:30 2014]  say: mAxIm: стой
[Wed Feb 19 12:18:37 2014]  say: mAxIm: хош покажу ок место?
[Wed Feb 19 12:18:42 2014]  say: Vector: го
[Wed Feb 19 12:18:55 2014]  say: mAxIm: тут по всюду
[Wed Feb 19 12:19:03 2014]  say: Vector: так  лифт  не робит  же
[Wed Feb 19 12:19:09 2014]  say: mAxIm: я сделаю
[Wed Feb 19 12:19:12 2014]  say: mAxIm: вон там
[Wed Feb 19 12:19:13 2014]  say: mAxIm: смари
[Wed Feb 19 12:19:14 2014]  say: Vector: ок спс
[Wed Feb 19 12:19:24 2014]  say: mAxIm: башни
[Wed Feb 19 12:19:25 2014]  say: mAxIm: ок
[Wed Feb 19 12:19:28 2014]  say: Vector: ок
[Wed Feb 19 12:19:33 2014]  say: mAxIm: два где лифт ставить?
[Wed Feb 19 12:19:46 2014]  say: Vector: ну  можно тут ?
[Wed Feb 19 12:19:52 2014]  say: mAxIm: слуш
[Wed Feb 19 12:19:56 2014]  say: Vector: ?
[Wed Feb 19 12:19:57 2014]  say: mAxIm: может чтоб не гемор
[Wed Feb 19 12:19:59 2014]  say: mAxIm: вот та
[Wed Feb 19 12:20:00 2014]  say: mAxIm: к
[Wed Feb 19 12:20:54 2014]  say: mAxIm: ghj,
[Wed Feb 19 12:20:56 2014]  say: mAxIm: пробуй
[Wed Feb 19 12:21:04 2014]  say: Vector: нормал)))
[Wed Feb 19 12:21:06 2014]  say: mAxIm: и снизу вверх?
[Wed Feb 19 12:21:07 2014]  say: mAxIm: да?
[Wed Feb 19 12:21:11 2014]  say: Vector: ну  давай
[Wed Feb 19 12:21:41 2014]  say: mAxIm: ок
[Wed Feb 19 12:21:42 2014]  say: mAxIm: смари
[Wed Feb 19 12:21:47 2014]  say: mAxIm: с низу
[Wed Feb 19 12:21:59 2014]  say: mAxIm: але?
[Wed Feb 19 12:22:07 2014]  say: Vector: норм
[Wed Feb 19 12:22:14 2014]  say: mAxIm: дава строй
[Wed Feb 19 12:22:17 2014]  say: mAxIm: я отойду
[Wed Feb 19 12:22:21 2014]  say: mAxIm: скажишь
[Wed Feb 19 12:22:22 2014]  say: Vector: что  они  не дропаются  тут
[Wed Feb 19 12:22:31 2014]  say: mAxIm: что?
[Wed Feb 19 12:22:38 2014]  say: Vector: вс  робит
[Wed Feb 19 12:24:10 2014]  say: Vector: блин  их не поставить
[Wed Feb 19 12:24:17 2014]  say: mAxIm: че?
[Wed Feb 19 12:24:22 2014]  say: mAxIm: а error ?
[Wed Feb 19 12:24:27 2014]  say: Vector: да
[Wed Feb 19 12:24:34 2014]  say: mAxIm: с ука
[Wed Feb 19 12:24:39 2014]  say: mAxIm: так и знал
[Wed Feb 19 12:24:47 2014]  say: mAxIm: ну-ка
[Wed Feb 19 12:24:51 2014]  say: mAxIm: да поч?
[Wed Feb 19 12:24:55 2014]  say: mAxIm: ставиться?
[Wed Feb 19 12:25:02 2014]  say: mAxIm: ты слишк ладеко не дел
[Wed Feb 19 12:25:10 2014]  say: Vector: о  вот  норм
[Wed Feb 19 12:25:13 2014]  say: Vector: сори
[Wed Feb 19 12:31:57 2014]  say: Vector: готово
[Wed Feb 19 12:32:01 2014]  say: Vector: вроде  как)))
[Wed Feb 19 12:32:16 2014]  say: mAxIm: а я просто так не сидел...
[Wed Feb 19 12:32:20 2014]  say: mAxIm: ладно иду
[Wed Feb 19 12:33:37 2014]  say: Vector: ну что?
[Wed Feb 19 12:35:12 2014]  say: mAxIm: эй
[Wed Feb 19 12:35:15 2014]  say: mAxIm: с ноцлипом
[Wed Feb 19 12:35:18 2014]  say: mAxIm: нельзя
[Wed Feb 19 12:35:21 2014]  say: Vector: я  без
[Wed Feb 19 12:35:26 2014]  say: Vector: скорочть  вкл  можно?
[Wed Feb 19 12:35:38 2014]  say: Vector: ну  скилы
[Wed Feb 19 12:35:42 2014]  say: mAxIm: да
[Wed Feb 19 12:35:51 2014]  say: Vector: ну  вот, я  бег  просто  вкл
[Wed Feb 19 12:35:58 2014]  say: mAxIm: а
[Wed Feb 19 12:36:48 2014]  Kill: 1 0 29: mAxIm killed Vector by MOD_CONC
[Wed Feb 19 12:36:55 2014]  say: mAxIm: нана
[Wed Feb 19 12:36:58 2014]  say: Vector: че  за  перестрелка  в  чайно тауне?))))
[Wed Feb 19 12:37:02 2014]  Item: 1 weapon_disruptor
[Wed Feb 19 12:37:03 2014]  say: mAxIm: хз
[Wed Feb 19 12:37:10 2014]  say: mAxIm: дава я теерь
[Wed Feb 19 12:37:14 2014]  say: mAxIm: я покажу
[Wed Feb 19 12:37:15 2014]  say: Vector: ок  где
[Wed Feb 19 12:37:17 2014]  say: mAxIm: где я буду
[Wed Feb 19 12:37:31 2014]  say: mAxIm: го за мн
[Wed Feb 19 12:37:41 2014]  say: mAxIm: стой
[Wed Feb 19 12:37:43 2014]  say: mAxIm: вот тут
[Wed Feb 19 12:37:47 2014]  say: Vector: лол
[Wed Feb 19 12:37:51 2014]  say: Vector: божественно
[Wed Feb 19 12:37:52 2014]  say: mAxIm: в етом здании
[Wed Feb 19 12:37:55 2014]  say: mAxIm: терь пиздуй
[Wed Feb 19 12:37:56 2014]  say: mAxIm: сука
[Wed Feb 19 12:38:08 2014]  say: Vector: на  царя  не быч
[Wed Feb 19 12:41:00 2014]  say: mAxIm: а телепортом по модулю можн польз?
[Wed Feb 19 12:41:06 2014]  Item: 0 ammo_all
[Wed Feb 19 12:41:13 2014]  say: Vector: ye jr
[Wed Feb 19 12:41:17 2014]  say: Vector: ну ок
[Wed Feb 19 12:45:35 2014]  say: Vector: ну  что?
[Wed Feb 19 12:45:45 2014]  say: mAxIm: 1 vb
[Wed Feb 19 12:45:49 2014]  say: mAxIm: 1 min
[Wed Feb 19 12:49:21 2014]  say: mAxIm: все
[Wed Feb 19 12:49:23 2014]  say: mAxIm: иди
[Wed Feb 19 12:49:27 2014]  ClientConnect: 2
[Wed Feb 19 12:49:27 2014]  mlog:Player Padawan, connected. With IP - 64.231.63.209:29070 
[Wed Feb 19 12:49:39 2014]  ClientBegin: 2
[Wed Feb 19 12:49:43 2014]  say: Vector: jr
[Wed Feb 19 12:49:44 2014]  say: Vector: ок
[Wed Feb 19 12:50:11 2014]  say: Padawan: um hi
[Wed Feb 19 12:50:14 2014]  say: mAxIm: вот суда
[Wed Feb 19 12:50:17 2014]  say: mAxIm: hi
[Wed Feb 19 12:50:29 2014]  say: Padawan: so what do we try and do
[Wed Feb 19 12:51:41 2014]  say: Padawan: wow
[Wed Feb 19 12:52:13 2014]  say: Padawan: thats a cool screen
[Wed Feb 19 12:52:32 2014]  Kill: 0 0 25: Vector killed Vector by MOD_TRIP_MINE_SPLASH
[Wed Feb 19 12:52:32 2014]  ClientDisconnect: 2
[Wed Feb 19 12:52:38 2014]  say: Vector: да  что за  бред
[Wed Feb 19 12:52:38 2014]  say: mAxIm: хаха
[Wed Feb 19 12:52:45 2014]  say: Vector: мины  говно
[Wed Feb 19 12:52:46 2014]  say: mAxIm: я взорвал
[Wed Feb 19 12:52:49 2014]  say: mAxIm: я открыл
[Wed Feb 19 12:52:54 2014]  say: mAxIm: жверь и кинул
[Wed Feb 19 12:53:01 2014]  say: mAxIm: ультрафиолет
[Wed Feb 19 12:53:14 2014]  say: Vector: и  что  стаяли  мои  мины  и  мя  подорвали
[Wed Feb 19 12:53:19 2014]  say: Vector: я  мину  на  мину  кинул
[Wed Feb 19 12:53:20 2014]  say: mAxIm: ага
[Wed Feb 19 12:53:24 2014]  say: mAxIm: эй
[Wed Feb 19 12:53:26 2014]  say: mAxIm: иди суда
[Wed Feb 19 12:53:29 2014]  say: mAxIm: еще ко че
[Wed Feb 19 12:53:34 2014]  say: mAxIm: нравиться
[Wed Feb 19 12:53:36 2014]  say: mAxIm: суда
[Wed Feb 19 12:53:48 2014]  say: mAxIm: вот ето хр
[Wed Feb 19 12:53:54 2014]  say: Vector: я  видел
[Wed Feb 19 12:53:57 2014]  say: mAxIm: иди жми кнопку
[Wed Feb 19 12:54:00 2014]  say: mAxIm: там
[Wed Feb 19 12:54:10 2014]  say: mAxIm: да там
[Wed Feb 19 12:54:11 2014]  Item: 0 ammo_all
[Wed Feb 19 12:54:12 2014]  say: mAxIm: в здании
[Wed Feb 19 12:54:32 2014]  say: mAxIm: жми
[Wed Feb 19 12:54:44 2014]  Kill: 1022 1 0: <world> killed mAxIm by MOD_UNKNOWN
[Wed Feb 19 12:54:50 2014]  say: mAxIm: круть?
[Wed Feb 19 12:54:55 2014]  say: Vector: норм
[Wed Feb 19 12:55:31 2014]  say: mAxIm: ну-ка
[Wed Feb 19 12:55:33 2014]  say: mAxIm: пажи
[Wed Feb 19 12:55:39 2014]  say: mAxIm: я щя приду через 1 мин
[Wed Feb 19 12:55:41 2014]  say: mAxIm: ок?
[Wed Feb 19 12:55:52 2014]  say: mAxIm: ок?
[Wed Feb 19 12:55:53 2014]  say: Vector: я  через 10 минут  уже  сваливаю
[Wed Feb 19 12:56:01 2014]  ClientDisconnect: 1
[Wed Feb 19 12:57:07 2014]  Kill: 0 0 27: Vector killed Vector by MOD_DET_PACK_SPLASH
[Wed Feb 19 12:57:33 2014]  ClientConnect: 1
[Wed Feb 19 12:57:33 2014]  mlog:Player Padawan, connected. With IP - 46.39.248.67:-3295 
[Wed Feb 19 12:57:54 2014]  ClientBegin: 1
[Wed Feb 19 12:58:01 2014]  say: mAxIm: z ne
[Wed Feb 19 12:58:06 2014]  say: mAxIm: ая ту
[Wed Feb 19 12:58:06 2014]  Kill: 0 0 39: Vector killed Vector by MOD_SUICIDE
[Wed Feb 19 12:58:38 2014]  say: mAxIm: j t
[Wed Feb 19 12:58:40 2014]  say: mAxIm: ое
[Wed Feb 19 12:58:47 2014]  say: mAxIm: все есть
[Wed Feb 19 12:58:53 2014]  say: mAxIm: идь суд
[Wed Feb 19 12:59:41 2014]  say: mAxIm: ns ule&
[Wed Feb 19 12:59:45 2014]  say: mAxIm: ты гду?
[Wed Feb 19 12:59:52 2014]  say: Vector: на  ринге
[Wed Feb 19 12:59:57 2014]  say: mAxIm: а ид
[Wed Feb 19 12:59:59 2014]  say: mAxIm: смари
[Wed Feb 19 13:00:25 2014]  say: mAxIm: 'q
[Wed Feb 19 13:00:26 2014]  say: mAxIm: эй
[Wed Feb 19 13:00:34 2014]  say: Vector: да  что  за
[Wed Feb 19 13:00:45 2014]  say: mAxIm: смари
[Wed Feb 19 13:00:57 2014]  say: mAxIm: смаришь?
[Wed Feb 19 13:01:02 2014]  say: Vector: да  ладно...
[Wed Feb 19 13:01:07 2014]  say: mAxIm: не смари
[Wed Feb 19 13:01:08 2014]  say: Vector: да
[Wed Feb 19 13:01:13 2014]  say: mAxIm: вот так можЬ?
[Wed Feb 19 13:01:22 2014]  say: Vector: конечно  нет
[Wed Feb 19 13:01:28 2014]  say: mAxIm: е
[Wed Feb 19 13:01:30 2014]  ClientConnect: 2
[Wed Feb 19 13:01:30 2014]  mlog:Player Padawan, connected. With IP - 178.124.202.132:31462 
[Wed Feb 19 13:01:36 2014]  say: mAxIm: я буду спасителем твоей шкури
[Wed Feb 19 13:01:40 2014]  say: mAxIm: о пада
[Wed Feb 19 13:01:47 2014]  say: mAxIm: надо с ним ок говорить
[Wed Feb 19 13:02:05 2014]  ClientBegin: 2
[Wed Feb 19 13:02:25 2014]  say: mAxIm: hi
[Wed Feb 19 13:02:49 2014]  say: mAxIm: lord kerus
[Wed Feb 19 13:02:50 2014]  say: Vector: как  его призвать?
[Wed Feb 19 13:02:51 2014]  say: mAxIm: hi
[Wed Feb 19 13:03:01 2014]  say: ^1Lord Kerus: hi
[Wed Feb 19 13:03:02 2014]  say: mAxIm: lord kerus hi
[Wed Feb 19 13:03:06 2014]  say: mAxIm: tu russki
[Wed Feb 19 13:03:08 2014]  say: mAxIm: ?
[Wed Feb 19 13:03:12 2014]  say: mAxIm: you russian?
[Wed Feb 19 13:03:15 2014]  say: ^1Lord Kerus: no
[Wed Feb 19 13:03:43 2014]  say: mAxIm: im great friend =)
[Wed Feb 19 13:03:44 2014]  say: ^1Lord Kerus: i can talk at russian but i not russian
[Wed Feb 19 13:03:53 2014]  say: mAxIm: da nu nafig
[Wed Feb 19 13:03:59 2014]  say: mAxIm: ti ruski?
[Wed Feb 19 13:04:04 2014]  say: mAxIm: pochti
[Wed Feb 19 13:04:09 2014]  say: ^1Lord Kerus: представь
[Wed Feb 19 13:04:14 2014]  say: mAxIm: хе
[Wed Feb 19 13:04:27 2014]  say: mAxIm: ты поляк или укр ?
[Wed Feb 19 13:04:38 2014]  say: ^1Lord Kerus: белорус
[Wed Feb 19 13:04:46 2014]  say: mAxIm: все вектор мож идти дз делать
[Wed Feb 19 13:04:54 2014]  say: Vector: ок  пока  удачи
[Wed Feb 19 13:04:58 2014]  ClientDisconnect: 0
[Wed Feb 19 13:04:59 2014]  say: mAxIm: ну пока
[Wed Feb 19 13:05:08 2014]  say: mAxIm: иди к статуе
[Wed Feb 19 13:05:11 2014]  say: mAxIm: рагноса
[Wed Feb 19 13:05:16 2014]  say: ^1Lord Kerus: здесь удачане нужна
[Wed Feb 19 13:05:16 2014]  say: mAxIm: Лорд
[Wed Feb 19 13:05:21 2014]  say: ^1Lord Kerus: ок
[Wed Feb 19 13:05:35 2014]  say: mAxIm: O my Lord ...
[Wed Feb 19 13:05:46 2014]  say: ^1Lord Kerus: .noclip
[Wed Feb 19 13:05:49 2014]  say: ^1Lord Kerus: ops
[Wed Feb 19 13:05:53 2014]  say: mAxIm: пф
[Wed Feb 19 13:05:55 2014]  say: mAxIm: ф
[Wed Feb 19 13:06:19 2014]  say: mAxIm: тея как звать?
[Wed Feb 19 13:06:30 2014]  say: ^1Lord Kerus: лорд керус
[Wed Feb 19 13:06:35 2014]  say: mAxIm: а по наст?
[Wed Feb 19 13:06:41 2014]  say: ^1Lord Kerus: хз 
[Wed Feb 19 13:06:47 2014]  say: mAxIm: бля ...
[Wed Feb 19 13:06:51 2014]  say: mAxIm: меня макс
[Wed Feb 19 13:06:59 2014]  say: ^1Lord Kerus: лан шучу
[Wed Feb 19 13:07:03 2014]  say: ^1Lord Kerus: илья
[Wed Feb 19 13:07:05 2014]  say: mAxIm: ы
[Wed Feb 19 13:07:15 2014]  say: mAxIm: ты Лорд?
[Wed Feb 19 13:07:23 2014]  say: mAxIm: отойди-ка
[Wed Feb 19 13:07:47 2014]  say: ^1Lord Kerus: больно
[Wed Feb 19 13:07:52 2014]  say: mAxIm: да уж
[Wed Feb 19 13:08:00 2014]  say: mAxIm: Простите Лорд.
[Wed Feb 19 13:08:06 2014]  say: ^1Lord Kerus: хд
[Wed Feb 19 13:08:50 2014]  say: mAxIm: отойди Лорд
[Wed Feb 19 13:09:23 2014]  say: ^1Lord Kerus: ем че за команда ?
[Wed Feb 19 13:09:25 2014]  say: mAxIm: я Твой раб... если ты лорд
[Wed Feb 19 13:09:40 2014]  say: ^1Lord Kerus: не люблю рабов
[Wed Feb 19 13:09:45 2014]  say: mAxIm: тогда
[Wed Feb 19 13:09:49 2014]  say: mAxIm: прислужник
[Wed Feb 19 13:10:02 2014]  say: ^1Lord Kerus: не они у меня все в свтор
[Wed Feb 19 13:10:18 2014]  say: mAxIm: кароч делай что хошь со мной
[Wed Feb 19 13:10:56 2014]  say: mAxIm: 'q
[Wed Feb 19 13:10:58 2014]  say: mAxIm: эй
[Wed Feb 19 13:11:04 2014]  say: mAxIm: что сделать?
[Wed Feb 19 13:11:04 2014]  say: ^1Lord Kerus: че
[Wed Feb 19 13:11:09 2014]  say: mAxIm: сделать дом?
[Wed Feb 19 13:11:14 2014]  say: ^1Lord Kerus: нет
[Wed Feb 19 13:11:24 2014]  Kill: 1 2 37: mAxIm killed ^1Lord Kerus by MOD_TELEFRAG
[Wed Feb 19 13:11:29 2014]  say: mAxIm: ой извините
[Wed Feb 19 13:11:33 2014]  say: mAxIm: я нечайно
[Wed Feb 19 13:11:36 2014]  say: mAxIm: правдо
[Wed Feb 19 13:11:37 2014]  say: ^1Lord Kerus: .ьуьзщцук
[Wed Feb 19 13:12:03 2014]  Kill: 2 2 39: ^1Lord Kerus killed ^1Lord Kerus by MOD_SUICIDE
[Wed Feb 19 13:12:26 2014]  say: mAxIm: где вы7
[Wed Feb 19 13:12:47 2014]  say: ^1Lord Kerus: нах тебе знать
[Wed Feb 19 13:13:00 2014]  say: mAxIm: .ьуьзщцук
[Wed Feb 19 13:13:57 2014]  say: mAxIm: что вы хотите?
[Wed Feb 19 13:14:24 2014]  say: mAxIm: вот
[Wed Feb 19 13:14:56 2014]  Kill: 2 2 39: ^1Lord Kerus killed ^1Lord Kerus by MOD_SUICIDE
[Wed Feb 19 13:14:58 2014]  say: mAxIm: садитесь
[Wed Feb 19 13:15:38 2014]  say: mAxIm: эй
[Wed Feb 19 13:15:40 2014]  say: mAxIm: садитесь
[Wed Feb 19 13:15:49 2014]  say: mAxIm: куда?
[Wed Feb 19 13:16:04 2014]  say: ^1Lord Kerus: ЭТО ЧЕ ЗА ХРЕНЬ
[Wed Feb 19 13:16:22 2014]  say: ^1Lord Kerus: .пщв
[Wed Feb 19 13:16:23 2014]  say: mAxIm: вот ето?
[Wed Feb 19 13:16:55 2014]  say: ^1Lord Kerus: скучно на макермоде
[Wed Feb 19 13:17:02 2014]  say: mAxIm: нет
[Wed Feb 19 13:17:04 2014]  say: mAxIm: хошь
[Wed Feb 19 13:17:05 2014]  say: mAxIm: так
[Wed Feb 19 13:17:08 2014]  say: mAxIm: будем
[Wed Feb 19 13:17:12 2014]  say: mAxIm: я буду создавать
[Wed Feb 19 13:17:17 2014]  say: mAxIm: базу с ловушками
[Wed Feb 19 13:17:20 2014]  say: mAxIm: без тебя
[Wed Feb 19 13:17:23 2014]  say: mAxIm: а когда
[Wed Feb 19 13:17:25 2014]  say: mAxIm: позаву
[Wed Feb 19 13:17:27 2014]  say: mAxIm: ты будешь
[Wed Feb 19 13:17:29 2014]  say: mAxIm: нападать
[Wed Feb 19 13:17:32 2014]  say: mAxIm: на меня
[Wed Feb 19 13:17:36 2014]  say: mAxIm: и прохадить
[Wed Feb 19 13:17:38 2014]  say: mAxIm: ловушки
[Wed Feb 19 13:17:39 2014]  say: mAxIm: токо
[Wed Feb 19 13:17:44 2014]  say: mAxIm: запрещаеться
[Wed Feb 19 13:17:46 2014]  say: mAxIm: читы
[Wed Feb 19 13:17:48 2014]  say: mAxIm: как
[Wed Feb 19 13:17:57 2014]  say: mAxIm: гуд ноцлип нотаргет
[Wed Feb 19 13:17:58 2014]  say: ^1Lord Kerus: нет скучно я люблю когда много людей на серве
[Wed Feb 19 13:18:05 2014]  say: mAxIm: что делать будем
[Wed Feb 19 13:18:08 2014]  say: mAxIm: не уходи
[Wed Feb 19 13:18:10 2014]  say: mAxIm: плиз
[Wed Feb 19 13:18:18 2014]  say: mAxIm: хошь
[Wed Feb 19 13:18:21 2014]  say: mAxIm: командам научу
[Wed Feb 19 13:18:31 2014]  say: ^1Lord Kerus: я на какойнебудь лугормод пошел а на какой хз
[Wed Feb 19 13:18:32 2014]  say: mAxIm: вот так умеешь?
[Wed Feb 19 13:18:36 2014]  say: ^1Lord Kerus: как
[Wed Feb 19 13:18:50 2014]  say: mAxIm: телепорт?
[Wed Feb 19 13:18:54 2014]  say: ^1Lord Kerus: не я макермод не изучал
[Wed Feb 19 13:19:02 2014]  say: mAxIm: можно что хошь строить
[Wed Feb 19 13:19:21 2014]  say: ^1Lord Kerus: это я знаю строить не люблю
[Wed Feb 19 13:19:47 2014]  say: ^1Lord Kerus: так как тпшится
[Wed Feb 19 13:19:55 2014]  say: mAxIm: вот плиты?
[Wed Feb 19 13:20:02 2014]  say: ^1Lord Kerus: и
[Wed Feb 19 13:20:17 2014]  say: mAxIm: /mplace factory/catw2_b
[Wed Feb 19 13:20:58 2014]  say: ^1Lord Kerus: сор но я строить не люблю и это вписывать не буду
[Wed Feb 19 13:21:06 2014]  say: mAxIm: можно
[Wed Feb 19 13:21:07 2014]  say: mAxIm: вот так
[Wed Feb 19 13:21:10 2014]  say: mAxIm: сделать
[Wed Feb 19 13:21:11 2014]  say: mAxIm: чтобы
[Wed Feb 19 13:21:15 2014]  say: mAxIm: на 1 клавишу
[Wed Feb 19 13:21:18 2014]  say: mAxIm: и все было
[Wed Feb 19 13:21:21 2014]  say: mAxIm: хошь?
[Wed Feb 19 13:21:37 2014]  say: ^1Lord Kerus: я знаю как забандить
[Wed Feb 19 13:22:04 2014]  say: ^1Lord Kerus: команду чтоб тпшится скажи
[Wed Feb 19 13:22:12 2014]  say: mAxIm: телепорт?
[Wed Feb 19 13:22:16 2014]  say: ^1Lord Kerus: да
[Wed Feb 19 13:22:26 2014]  say: mAxIm: это надо модуль 
[Wed Feb 19 13:22:29 2014]  say: mAxIm: уст
[Wed Feb 19 13:23:08 2014]  say: mAxIm: я дом построю
[Wed Feb 19 13:23:13 2014]  say: mAxIm: логово
[Wed Feb 19 13:23:16 2014]  say: mAxIm: крутое
[Wed Feb 19 13:23:41 2014]  say: ^1Lord Kerus: я на лугормод там веселее если много налроду бб
[Wed Feb 19 13:23:46 2014]  ClientDisconnect: 1
[Wed Feb 19 13:23:51 2014]  ClientDisconnect: 2
[Wed Feb 19 14:15:56 2014]  Exit: Timelimit hit.
[Wed Feb 19 15:45:17 2014]  ClientConnect: 0
[Wed Feb 19 15:45:17 2014]  mlog:Player ^0AoS^7!^0Javimetal, connected. With IP - 85.219.4.121:29070 
[Wed Feb 19 15:45:42 2014]  ClientBegin: 0
[Wed Feb 19 15:45:43 2014]  say: ^0AoS^7!^0Javimetal: ^1Boba^0Fett's ^3Ultra Utility ^7v3 ^5Beta 15 ^7- ^5U^7ltra^5U^7tility^5.^7net^5.^7tc
[Wed Feb 19 15:45:45 2014]  ShutdownGame:
[Wed Feb 19 15:45:45 2014]  ------------------------------------------------------------
[Wed Feb 19 15:45:46 2014]  ------------------------------------------------------------
[Wed Feb 19 15:45:46 2014]  InitGame: \g_siegeTeam2\none\g_siegeTeam1\none\g_jediVmerc\0\g_maxGameClients\0\g_noSpecMove\0\g_debugMelee\1\g_siegeRespawn\20\g_siegeTeamSwitch\1\g_forceRegenTime\0\g_forcePowerDisable\0\g_weaponDisable\0\g_allowNPC\1\bot_minplayers\0\sv_allowDownload\1\sv_floodProtect\0\sv_maxPing\0\sv_minPing\0\sv_maxRate\5000\sv_maxclients\32\sv_hostname\^3Darkquake's Makermod Server\g_duelWeaponDisable\65531\g_forceBasedTeams\0\duel_fraglimit\10\g_maxForceRank\7\g_saberLocking\1\g_privateDuel\1\capturelimit\0\timelimit\120\fraglimit\0\dmflags\0\version\(internal)JAmp: v1.0.1.0 win-x86 Oct 30 2003\g_maxHolocronCarry\3\g_gametype\0\g_needpass\0\protocol\26\mapname\t2_trip\sv_privateClients\0\g_stepSlideFix\1\gamename\MakerMod\g_saberWallDamageScale\0.4\bg_fighterAltControl\0\g_showDuelHealths\0
[Wed Feb 19 15:45:47 2014]  ClientConnect: 0
[Wed Feb 19 15:46:15 2014]  ClientBegin: 0
[Wed Feb 19 15:46:15 2014]  say: ^0AoS^7!^0Javimetal: ^1Boba^0Fett's ^3Ultra Utility ^7v3 ^5Beta 15 ^7- ^5U^7ltra^5U^7tility^5.^7net^5.^7tc
[Wed Feb 19 15:52:25 2014]  ClientDisconnect: 0
[Wed Feb 19 17:45:44 2014]  Exit: Timelimit hit.
[Thu Feb 20 18:49:59 2014]  ClientConnect: 0
[Thu Feb 20 18:49:59 2014]  mlog:Player ^8*^7Bet^5e^8lg^5e^7use^8*, connected. With IP - 178.72.81.252:2371 
[Thu Feb 20 18:50:21 2014]  ClientBegin: 0
[Thu Feb 20 18:50:24 2014]  ShutdownGame:
[Thu Feb 20 18:50:24 2014]  ------------------------------------------------------------
