[Mon Oct 26 18:42:39 2015]  ------------------------------------------------------------
[Mon Oct 26 18:42:39 2015]  InitGame: \dmflags\0\fraglimit\0\timelimit\120\capturelimit\0\g_privateDuel\1\g_saberLocking\1\g_maxForceRank\7\duel_fraglimit\10\g_forceBasedTeams\0\g_duelWeaponDisable\65531\sv_hostname\^3Darkquake's Makermod Server\sv_maxclients\32\sv_maxRate\5000\sv_minPing\0\sv_maxPing\0\sv_floodProtect\0\sv_allowDownload\1\g_allowNPC\1\g_weaponDisable\0\g_forcePowerDisable\0\g_forceRegenTime\1\g_siegeTeamSwitch\1\g_siegeRespawn\20\g_debugMelee\1\g_noSpecMove\0\g_maxGameClients\0\g_jediVmerc\0\g_siegeTeam1\none\g_siegeTeam2\none\version\(internal)JAmp: v1.0.1.0 win-x86 Oct 30 2003\g_maxHolocronCarry\3\g_gametype\0\g_needpass\0\protocol\26\mapname\t2_trip\sv_privateClients\0\g_stepSlideFix\1\gamename\MakerMod\g_saberWallDamageScale\0.4\bg_fighterAltControl\0\g_showDuelHealths\0
[Mon Oct 26 18:43:54 2015]  ClientConnect: 0
[Mon Oct 26 18:43:54 2015]  mlog:Player ^5Disco^2bug, connected. With IP - 79.126.135.19:29070 
[Mon Oct 26 18:44:12 2015]  ClientBegin: 0
[Mon Oct 26 18:45:38 2015]  ClientConnect: 1
[Mon Oct 26 18:45:38 2015]  mlog:Player not Padawan, connected. With IP - 81.100.22.163:29070 
[Mon Oct 26 18:46:01 2015]  ClientBegin: 1
[Mon Oct 26 19:00:05 2015]  say: ^5Disco^2bug: ^ 2 Jekob
[Mon Oct 26 19:00:43 2015]  print "not Padawan^7 @@@PLRENAME ^6not ^8Padawan
"[Mon Oct 26 19:11:49 2015]  say: ^5Disco^2bug: minfo
[Mon Oct 26 19:25:22 2015]  Kill: 1 0 3: ^6not ^8Padawan killed ^5Disco^2bug by MOD_SABER
[Mon Oct 26 19:25:35 2015]  Kill: 1022 0 38: <world> killed ^5Disco^2bug by MOD_FALLING
[Mon Oct 26 19:26:13 2015]  Kill: 1 0 3: ^6not ^8Padawan killed ^5Disco^2bug by MOD_SABER
[Mon Oct 26 19:26:50 2015]  Kill: 0 1 3: ^5Disco^2bug killed ^6not ^8Padawan by MOD_SABER
[Mon Oct 26 19:27:42 2015]  Kill: 0 1 3: ^5Disco^2bug killed ^6not ^8Padawan by MOD_SABER
[Mon Oct 26 19:27:56 2015]  ClientDisconnect: 1
[Mon Oct 26 19:27:56 2015]  ClientDisconnect: 0
[Tue Oct 27 17:46:39 2015]  ClientConnect: 0
[Tue Oct 27 17:46:39 2015]  mlog:Player ^0T^1n^0G^1}{^0K^1a^0s^1me, connected. With IP - 89.166.56.251:29070 
[Tue Oct 27 17:46:56 2015]  ClientBegin: 0
[Tue Oct 27 17:46:57 2015]  ClientDisconnect: 0
[Tue Oct 27 21:49:36 2015]  ClientConnect: 0
[Tue Oct 27 21:49:36 2015]  mlog:Player Padawan, connected. With IP - 46.72.158.154:29070 
[Tue Oct 27 21:50:08 2015]  ClientBegin: 0
[Tue Oct 27 22:05:50 2015]  ClientDisconnect: 0
[Tue Oct 27 22:07:49 2015]  ClientConnect: 0
[Tue Oct 27 22:07:49 2015]  mlog:Player Padawan, connected. With IP - 46.72.158.154:29070 
[Tue Oct 27 22:08:13 2015]  ClientBegin: 0
[Tue Oct 27 22:11:59 2015]  ClientDisconnect: 0
[Thu Oct 29 08:36:18 2015]  ClientConnect: 0
[Thu Oct 29 08:36:18 2015]  mlog:Player bobkopf, connected. With IP - 84.177.197.84:29073 
[Thu Oct 29 08:36:33 2015]  ClientBegin: 0
[Thu Oct 29 08:36:59 2015]  say: bobkopf: 1
[Thu Oct 29 08:42:43 2015]  ClientDisconnect: 0
[Thu Oct 29 11:02:51 2015]  ClientConnect: 0
[Thu Oct 29 11:02:51 2015]  mlog:Player sammi-tyranis, connected. With IP - 91.205.239.32:19382 
[Thu Oct 29 11:03:15 2015]  ClientBegin: 0
[Thu Oct 29 11:03:24 2015]  ClientDisconnect: 0
[Fri Oct 30 08:07:35 2015]  ClientConnect: 0
[Fri Oct 30 08:07:35 2015]  mlog:Player Padawan, connected. With IP - 176.213.73.235:29070 
[Fri Oct 30 08:10:59 2015]  ClientDisconnect: 0
[Fri Oct 30 09:30:32 2015]  ClientConnect: 0
[Fri Oct 30 09:30:32 2015]  mlog:Player Padawan, connected. With IP - 176.213.73.235:29070 
[Fri Oct 30 09:30:53 2015]  ClientDisconnect: 0
[Fri Oct 30 09:31:34 2015]  ClientConnect: 0
[Fri Oct 30 09:31:34 2015]  mlog:Player Padawan, connected. With IP - 176.213.73.235:29070 
[Fri Oct 30 09:31:43 2015]  ClientBegin: 0
[Fri Oct 30 09:35:01 2015]  print "Padawan^7 @@@PLRENAME matata_mai
"[Fri Oct 30 09:37:35 2015]  ClientConnect: 1
[Fri Oct 30 09:37:35 2015]  mlog:Player sammi-tyranis, connected. With IP - 91.205.239.24:8184 
[Fri Oct 30 09:37:55 2015]  ClientBegin: 1
[Fri Oct 30 09:38:54 2015]  say: tyranis: знаеш русский
[Fri Oct 30 09:39:13 2015]  ClientDisconnect: 0
[Fri Oct 30 09:39:13 2015]  ClientConnect: 0
[Fri Oct 30 09:39:13 2015]  mlog:Player Padawan, connected. With IP - 176.213.73.235:29070 
[Fri Oct 30 09:39:33 2015]  ClientBegin: 0
[Fri Oct 30 09:39:39 2015]  print "Padawan^7 @@@PLRENAME matata_mai
"[Fri Oct 30 09:50:32 2015]  say: matata_mai: ... :(
[Fri Oct 30 09:50:41 2015]  Kill: 1 0 21: tyranis killed matata_mai by MOD_ROCKET_HOMING
[Fri Oct 30 09:50:42 2015]  say: tyranis: ?
[Fri Oct 30 09:51:01 2015]  say: matata_mai: expansion pack is out 
[Fri Oct 30 09:52:52 2015]  say: tyranis: )
[Fri Oct 30 09:53:30 2015]  say: matata_mai: :D
[Fri Oct 30 09:55:31 2015]  say: matata_mai: :P
[Fri Oct 30 09:59:30 2015]  Kill: 1 1 39: tyranis killed tyranis by MOD_SUICIDE
[Fri Oct 30 09:59:41 2015]  ClientDisconnect: 1
[Fri Oct 30 10:01:09 2015]  ClientDisconnect: 0
[Fri Oct 30 10:02:37 2015]  ClientConnect: 0
[Fri Oct 30 10:02:37 2015]  mlog:Player Padawan, connected. With IP - 176.213.73.235:29070 
[Fri Oct 30 10:02:58 2015]  ClientBegin: 0
[Fri Oct 30 10:03:06 2015]  print "Padawan^7 @@@PLRENAME mai_matata
"[Fri Oct 30 10:04:03 2015]  ClientDisconnect: 0
[Fri Oct 30 11:58:03 2015]  ClientConnect: 0
[Fri Oct 30 11:58:03 2015]  mlog:Player Padawan, connected. With IP - 176.213.73.235:29070 
[Fri Oct 30 11:58:29 2015]  ClientBegin: 0
[Fri Oct 30 11:59:02 2015]  ClientDisconnect: 0
[Fri Oct 30 21:05:05 2015]  ClientConnect: 0
[Fri Oct 30 21:05:05 2015]  mlog:Player ^5M^7olotow, connected. With IP - 31.46.123.17:29070 
[Fri Oct 30 21:05:32 2015]  ClientBegin: 0
[Fri Oct 30 21:05:53 2015]  Kill: 0 0 39: Padawan killed Padawan by MOD_SUICIDE
[Fri Oct 30 21:08:01 2015]  ClientConnect: 1
[Fri Oct 30 21:08:01 2015]  mlog:Player Padawan, connected. With IP - 91.82.18.91:29070 
[Fri Oct 30 21:08:13 2015]  ClientBegin: 1
[Fri Oct 30 21:10:16 2015]  Kill: 0 1 31: Padawan killed Padawan by MOD_FORCE_DARK
[Fri Oct 30 21:10:56 2015]  Kill: 1 0 31: Padawan killed Padawan by MOD_FORCE_DARK
[Fri Oct 30 21:11:13 2015]  Kill: 0 1 31: Padawan killed Padawan by MOD_FORCE_DARK
[Fri Oct 30 21:13:33 2015]  Kill: 1 0 3: Padawan killed Padawan by MOD_SABER
[Fri Oct 30 21:14:47 2015]  Kill: 1022 1 3: <world> killed Padawan by MOD_SABER
[Fri Oct 30 21:15:42 2015]  Kill: 1022 1 31: <world> killed Padawan by MOD_FORCE_DARK
[Fri Oct 30 21:15:47 2015]  say: Padawan: npc kill all
[Fri Oct 30 21:16:39 2015]  Kill: 1022 1 2: <world> killed Padawan by MOD_MELEE
[Fri Oct 30 21:17:35 2015]  say: Padawan: npc kill all
[Fri Oct 30 21:20:45 2015]  Kill: 0 1 10: Padawan killed Padawan by MOD_DISRUPTOR_SNIPER
[Fri Oct 30 21:21:01 2015]  say: Padawan:  
[Fri Oct 30 21:26:29 2015]  ClientDisconnect: 0
[Fri Oct 30 21:26:59 2015]  ClientDisconnect: 1
[Sun Nov 01 15:12:51 2015]  ClientConnect: 0
[Sun Nov 01 15:12:51 2015]  mlog:Player ^0!V!e^5Ta^7Gr^3Os^1$, connected. With IP - 81.61.44.113:29070 
[Sun Nov 01 15:13:29 2015]  ClientBegin: 0
[Sun Nov 01 15:20:33 2015]  ClientDisconnect: 0
[Mon Nov 02 13:53:00 2015]  ClientConnect: 0
[Mon Nov 02 13:53:00 2015]  mlog:Player oagrimsrud, connected. With IP - 80.212.52.242:29070 
[Mon Nov 02 13:56:21 2015]  ClientDisconnect: 0
[Tue Nov 03 05:28:20 2015]  ClientConnect: 0
[Tue Nov 03 05:28:20 2015]  mlog:Player Vendetta, connected. With IP - 46.61.66.104:29070 
[Tue Nov 03 05:28:43 2015]  ClientBegin: 0
[Tue Nov 03 06:01:26 2015]  print "Vendetta^7 @@@PLRENAME ^3[^5KOTR^3|^5Pluton^3|^5JK^3|^5SP
"[Tue Nov 03 06:02:00 2015]  ClientDisconnect: 0
[Tue Nov 03 17:37:08 2015]  ClientConnect: 0
[Tue Nov 03 17:37:08 2015]  mlog:Player ^7[^0H^7][^0Walking^7][^0PRL^7], connected. With IP - 46.61.127.220:29070 
[Tue Nov 03 17:38:44 2015]  ClientBegin: 0
[Tue Nov 03 17:43:54 2015]  Kill: 0 0 39: ^5Nevol^3ya^5shka killed ^5Nevol^3ya^5shka by MOD_SUICIDE
[Tue Nov 03 17:51:44 2015]  Kill: 0 0 39: ^5Nevol^3ya^5shka killed ^5Nevol^3ya^5shka by MOD_SUICIDE
[Tue Nov 03 18:00:50 2015]  ClientDisconnect: 0
[Fri Nov 06 21:27:29 2015]  ClientConnect: 0
[Fri Nov 06 21:27:29 2015]  mlog:Player ^3Spaghetti^6Rolls, connected. With IP - 90.216.253.205:29070 
[Fri Nov 06 21:27:40 2015]  ClientBegin: 0
[Fri Nov 06 21:28:12 2015]  say: Padawan: clip
[Fri Nov 06 21:31:45 2015]  Kill: 0 0 39: Padawan killed Padawan by MOD_SUICIDE
[Fri Nov 06 21:31:45 2015]  setteam:  0 FREE SPECTATOR
[Fri Nov 06 21:31:45 2015]  ClientBegin: 0
[Fri Nov 06 21:31:52 2015]  setteam:  0 SPECTATOR FREE
[Fri Nov 06 21:31:52 2015]  ClientBegin: 0
[Fri Nov 06 21:34:57 2015]  ClientDisconnect: 0
[Sat Nov 07 14:58:54 2015]  ClientConnect: 0
[Sat Nov 07 14:58:54 2015]  mlog:Player ^0Shadow^5seer, connected. With IP - 188.242.247.46:29070 
[Sat Nov 07 14:59:10 2015]  ClientBegin: 0
[Sat Nov 07 14:59:17 2015]  Item: 0 weapon_melee
[Sat Nov 07 14:59:53 2015]  say: ^0Shadow^5seer: ^5Banshee Scream!
[Sat Nov 07 15:00:02 2015]  say: ^0Shadow^5seer: ^5Facepalm...
[Sat Nov 07 15:00:39 2015]  ClientDisconnect: 0
[Sat Nov 07 15:39:55 2015]  ClientConnect: 0
[Sat Nov 07 15:39:55 2015]  mlog:Player Padawan, connected. With IP - 78.92.120.188:22092 
[Sat Nov 07 15:40:13 2015]  ClientBegin: 0
[Sat Nov 07 15:43:47 2015]  ClientDisconnect: 0
[Sat Nov 07 16:55:07 2015]  ClientConnect: 0
[Sat Nov 07 16:55:07 2015]  mlog:Player ^0Shadow^5seer, connected. With IP - 188.242.247.46:29070 
[Sat Nov 07 16:55:23 2015]  ClientBegin: 0
[Sat Nov 07 16:55:30 2015]  Item: 0 weapon_melee
[Sat Nov 07 17:03:29 2015]  ClientDisconnect: 0
