[Sun Sep 20 09:17:51 2015]  ------------------------------------------------------------
[Sun Sep 20 09:17:51 2015]  InitGame: \g_siegeTeam2\none\g_siegeTeam1\none\g_jediVmerc\0\g_maxGameClients\0\g_noSpecMove\0\g_debugMelee\1\g_siegeRespawn\20\g_siegeTeamSwitch\1\g_forceRegenTime\0\g_forcePowerDisable\0\g_weaponDisable\0\g_allowNPC\1\bot_minplayers\0\sv_allowDownload\1\sv_floodProtect\0\sv_maxPing\0\sv_minPing\0\sv_maxRate\5000\sv_maxclients\32\sv_hostname\^3Darkquake's Makermod Server\g_duelWeaponDisable\65531\g_forceBasedTeams\0\duel_fraglimit\10\g_maxForceRank\7\g_saberLocking\1\g_privateDuel\1\capturelimit\0\timelimit\120\fraglimit\0\dmflags\0\version\(internal)JAmp: v1.0.1.0 win-x86 Oct 30 2003\g_maxHolocronCarry\3\g_gametype\0\g_needpass\0\protocol\26\mapname\mp/siege_desert\sv_privateClients\0\g_stepSlideFix\1\gamename\MakerMod\g_saberWallDamageScale\0.4\bg_fighterAltControl\0\g_showDuelHealths\0
[Sun Sep 20 09:17:51 2015]  ClientConnect: 0
[Sun Sep 20 09:17:51 2015]  ClientConnect: 1
[Sun Sep 20 09:17:58 2015]  ClientBegin: 1
[Sun Sep 20 09:17:59 2015]  ClientBegin: 0
[Sun Sep 20 09:19:31 2015]  ClientDisconnect: 0
[Sun Sep 20 09:19:31 2015]  ClientDisconnect: 1
[Sun Sep 20 11:17:50 2015]  Exit: Timelimit hit.
[Sun Sep 20 11:33:39 2015]  ClientConnect: 0
[Sun Sep 20 11:33:39 2015]  mlog:Player ^0Shadow^5seer, connected. With IP - 188.242.247.46:29070 
[Sun Sep 20 11:33:51 2015]  ClientBegin: 0
[Sun Sep 20 11:33:54 2015]  ShutdownGame:
[Sun Sep 20 11:33:54 2015]  ------------------------------------------------------------
[Sun Sep 20 11:33:54 2015]  ------------------------------------------------------------
[Sun Sep 20 11:33:54 2015]  InitGame: \g_siegeTeam2\none\g_siegeTeam1\none\g_jediVmerc\0\g_maxGameClients\0\g_noSpecMove\0\g_debugMelee\1\g_siegeRespawn\20\g_siegeTeamSwitch\1\g_forceRegenTime\0\g_forcePowerDisable\0\g_weaponDisable\0\g_allowNPC\1\bot_minplayers\0\sv_allowDownload\1\sv_floodProtect\0\sv_maxPing\0\sv_minPing\0\sv_maxRate\5000\sv_maxclients\32\sv_hostname\^3Darkquake's Makermod Server\g_duelWeaponDisable\65531\g_forceBasedTeams\0\duel_fraglimit\10\g_maxForceRank\7\g_saberLocking\1\g_privateDuel\1\capturelimit\0\timelimit\120\fraglimit\0\dmflags\0\version\(internal)JAmp: v1.0.1.0 win-x86 Oct 30 2003\g_maxHolocronCarry\3\g_gametype\0\g_needpass\0\protocol\26\mapname\t2_trip\sv_privateClients\0\g_stepSlideFix\1\gamename\MakerMod\g_saberWallDamageScale\0.4\bg_fighterAltControl\0\g_showDuelHealths\0
[Sun Sep 20 11:33:56 2015]  ClientConnect: 0
[Sun Sep 20 11:34:05 2015]  ClientBegin: 0
[Sun Sep 20 11:34:12 2015]  Item: 0 weapon_melee
[Sun Sep 20 12:48:53 2015]  ClientDisconnect: 0
[Sun Sep 20 13:33:53 2015]  Exit: Timelimit hit.
[Sun Sep 20 14:22:27 2015]  ClientConnect: 0
[Sun Sep 20 14:22:27 2015]  mlog:Player ^3(J.N.R)^0S^7del^0(^7M3^0)^1, connected. With IP - 190.206.206.204:26305 
[Sun Sep 20 14:22:44 2015]  ClientBegin: 0
[Sun Sep 20 14:22:47 2015]  ShutdownGame:
[Sun Sep 20 14:22:47 2015]  ------------------------------------------------------------
[Sun Sep 20 14:22:47 2015]  ------------------------------------------------------------
[Sun Sep 20 14:22:47 2015]  InitGame: \g_siegeTeam2\none\g_siegeTeam1\none\g_jediVmerc\0\g_maxGameClients\0\g_noSpecMove\0\g_debugMelee\1\g_siegeRespawn\20\g_siegeTeamSwitch\1\g_forceRegenTime\0\g_forcePowerDisable\0\g_weaponDisable\0\g_allowNPC\1\bot_minplayers\0\sv_allowDownload\1\sv_floodProtect\0\sv_maxPing\0\sv_minPing\0\sv_maxRate\5000\sv_maxclients\32\sv_hostname\^3Darkquake's Makermod Server\g_duelWeaponDisable\65531\g_forceBasedTeams\0\duel_fraglimit\10\g_maxForceRank\7\g_saberLocking\1\g_privateDuel\1\capturelimit\0\timelimit\120\fraglimit\0\dmflags\0\version\(internal)JAmp: v1.0.1.0 win-x86 Oct 30 2003\g_maxHolocronCarry\3\g_gametype\0\g_needpass\0\protocol\26\mapname\mp/siege_desert\sv_privateClients\0\g_stepSlideFix\1\gamename\MakerMod\g_saberWallDamageScale\0.4\bg_fighterAltControl\0\g_showDuelHealths\0
[Sun Sep 20 14:22:48 2015]  ClientConnect: 0
[Sun Sep 20 14:22:56 2015]  ClientBegin: 0
[Sun Sep 20 14:24:01 2015]  ClientDisconnect: 0
[Sun Sep 20 14:24:09 2015]  ClientConnect: 0
[Sun Sep 20 14:24:09 2015]  mlog:Player ^3(J.N.R)^7Sdelt^17^7(M3), connected. With IP - 190.206.206.204:26305 
[Sun Sep 20 14:24:17 2015]  ClientBegin: 0
[Sun Sep 20 14:24:26 2015]  ClientDisconnect: 0
[Sun Sep 20 16:22:46 2015]  Exit: Timelimit hit.
[Sun Sep 20 20:12:52 2015]  ClientConnect: 0
[Sun Sep 20 20:12:52 2015]  mlog:Player Padawan, connected. With IP - 190.72.158.34:-24031 
[Sun Sep 20 20:13:10 2015]  ClientBegin: 0
[Sun Sep 20 20:13:13 2015]  ShutdownGame:
[Sun Sep 20 20:13:13 2015]  ------------------------------------------------------------
[Sun Sep 20 20:13:13 2015]  ------------------------------------------------------------
[Sun Sep 20 20:13:13 2015]  InitGame: \g_siegeTeam2\none\g_siegeTeam1\none\g_jediVmerc\0\g_maxGameClients\0\g_noSpecMove\0\g_debugMelee\1\g_siegeRespawn\20\g_siegeTeamSwitch\1\g_forceRegenTime\0\g_forcePowerDisable\0\g_weaponDisable\0\g_allowNPC\1\bot_minplayers\0\sv_allowDownload\1\sv_floodProtect\0\sv_maxPing\0\sv_minPing\0\sv_maxRate\5000\sv_maxclients\32\sv_hostname\^3Darkquake's Makermod Server\g_duelWeaponDisable\65531\g_forceBasedTeams\0\duel_fraglimit\10\g_maxForceRank\7\g_saberLocking\1\g_privateDuel\1\capturelimit\0\timelimit\120\fraglimit\0\dmflags\0\version\(internal)JAmp: v1.0.1.0 win-x86 Oct 30 2003\g_maxHolocronCarry\3\g_gametype\0\g_needpass\0\protocol\26\mapname\t2_trip\sv_privateClients\0\g_stepSlideFix\1\gamename\MakerMod\g_saberWallDamageScale\0.4\bg_fighterAltControl\0\g_showDuelHealths\0
[Sun Sep 20 20:13:15 2015]  ClientConnect: 0
[Sun Sep 20 20:13:27 2015]  ClientBegin: 0
[Sun Sep 20 20:17:08 2015]  ClientConnect: 1
[Sun Sep 20 20:17:08 2015]  mlog:Player ^3(J.N.R)^4Seba(AM2), connected. With IP - 186.18.71.12:29070 
[Sun Sep 20 20:17:48 2015]  ClientBegin: 1
[Sun Sep 20 20:18:08 2015]  say: ^3(J.N.R)^4Seba(AM2): este marker me recuerda a algo
[Sun Sep 20 20:18:16 2015]  say: ^3(J.N.R)^7Sdelt^17^7(M3): Kaiaté
[Sun Sep 20 20:18:16 2015]  say: ^3(J.N.R)^4Seba(AM2): seguramente a carlos tambien xd
[Sun Sep 20 20:18:33 2015]  say: ^3(J.N.R)^4Seba(AM2): me pregunto
[Sun Sep 20 20:18:37 2015]  say: ^3(J.N.R)^4Seba(AM2): como habra echo eso xD
[Sun Sep 20 20:18:40 2015]  say: ^3(J.N.R)^7Sdelt^17^7(M3): mapeo
[Sun Sep 20 20:19:04 2015]  say: ^3(J.N.R)^7Sdelt^17^7(M3): 32 personas
[Sun Sep 20 20:19:05 2015]  say: ^3(J.N.R)^7Sdelt^17^7(M3): luego dicen
[Sun Sep 20 20:19:08 2015]  say: ^3(J.N.R)^7Sdelt^17^7(M3): Sdel fuera del clan
[Sun Sep 20 20:19:09 2015]  say: ^3(J.N.R)^7Sdelt^17^7(M3): >:v
[Sun Sep 20 20:19:12 2015]  say: ^3(J.N.R)^4Seba(AM2): xD
[Sun Sep 20 20:20:00 2015]  say: ^3(J.N.R)^7Sdelt^17^7(M3): wey
[Sun Sep 20 20:20:05 2015]  say: ^3(J.N.R)^7Sdelt^17^7(M3): ya mejore el estilo de lucha ese
[Sun Sep 20 20:20:08 2015]  say: ^3(J.N.R)^4Seba(AM2): xD
[Sun Sep 20 20:20:11 2015]  say: ^3(J.N.R)^7Sdelt^17^7(M3): veni
[Sun Sep 20 20:20:13 2015]  say: ^3(J.N.R)^4Seba(AM2): el del tipo ese?
[Sun Sep 20 20:20:15 2015]  say: ^3(J.N.R)^7Sdelt^17^7(M3): se
[Sun Sep 20 20:20:21 2015]  say: ^3(J.N.R)^7Sdelt^17^7(M3): y me anda al tiro
[Sun Sep 20 20:20:30 2015]  say: ^3(J.N.R)^7Sdelt^17^7(M3): la wea es
[Sun Sep 20 20:20:36 2015]  say: ^3(J.N.R)^7Sdelt^17^7(M3): Dejar que el otro ataque
[Sun Sep 20 20:20:41 2015]  say: ^3(J.N.R)^7Sdelt^17^7(M3): o se arte de esperar
[Sun Sep 20 20:20:44 2015]  say: ^3(J.N.R)^7Sdelt^17^7(M3): tu ataque
[Sun Sep 20 20:20:47 2015]  say: ^3(J.N.R)^4Seba(AM2): xd
[Sun Sep 20 20:20:49 2015]  say: ^3(J.N.R)^7Sdelt^17^7(M3): Tienes que tener pascienca xd
[Sun Sep 20 20:20:53 2015]  say: ^3(J.N.R)^7Sdelt^17^7(M3): a ver atacame 
[Sun Sep 20 20:21:05 2015]  say: ^3(J.N.R)^4Seba(AM2): XDDD
[Sun Sep 20 20:21:06 2015]  say: ^3(J.N.R)^7Sdelt^17^7(M3): xDD
[Sun Sep 20 20:21:13 2015]  Kill: 0 1 3: ^3(J.N.R)^7Sdelt^17^7(M3) killed ^3(J.N.R)^4Seba(AM2) by MOD_SABER
[Sun Sep 20 20:21:14 2015]  say: ^3(J.N.R)^7Sdelt^17^7(M3): we
[Sun Sep 20 20:21:15 2015]  say: ^3(J.N.R)^4Seba(AM2): XD
[Sun Sep 20 20:21:17 2015]  say: ^3(J.N.R)^7Sdelt^17^7(M3): este maker
[Sun Sep 20 20:21:20 2015]  say: ^3(J.N.R)^7Sdelt^17^7(M3): tiene mas bockj
[Sun Sep 20 20:21:21 2015]  say: ^3(J.N.R)^7Sdelt^17^7(M3): block
[Sun Sep 20 20:21:23 2015]  say: ^3(J.N.R)^7Sdelt^17^7(M3): que la palabra
[Sun Sep 20 20:21:26 2015]  say: ^3(J.N.R)^4Seba(AM2): xd
[Sun Sep 20 20:21:30 2015]  say: ^3(J.N.R)^4Seba(AM2): el otro tambien lo tiene eso
[Sun Sep 20 20:21:34 2015]  say: ^3(J.N.R)^7Sdelt^17^7(M3): pero ni tanto
[Sun Sep 20 20:21:39 2015]  say: ^3(J.N.R)^4Seba(AM2): pero es el re quilombo hacerlo xd
[Sun Sep 20 20:21:53 2015]  say: ^3(J.N.R)^4Seba(AM2): xD
[Sun Sep 20 20:21:53 2015]  say: ^3(J.N.R)^7Sdelt^17^7(M3): LOL
[Sun Sep 20 20:21:56 2015]  say: ^3(J.N.R)^7Sdelt^17^7(M3): a ver
[Sun Sep 20 20:22:01 2015]  say: ^3(J.N.R)^7Sdelt^17^7(M3): ataquemos a la vez
[Sun Sep 20 20:22:02 2015]  say: ^3(J.N.R)^7Sdelt^17^7(M3): 1
[Sun Sep 20 20:22:03 2015]  say: ^3(J.N.R)^7Sdelt^17^7(M3): 2
[Sun Sep 20 20:22:05 2015]  say: ^3(J.N.R)^7Sdelt^17^7(M3): 3
[Sun Sep 20 20:22:21 2015]  say: ^3(J.N.R)^7Sdelt^17^7(M3): xd
[Sun Sep 20 20:22:23 2015]  say: ^3(J.N.R)^4Seba(AM2): xd
[Sun Sep 20 20:22:25 2015]  say: ^3(J.N.R)^7Sdelt^17^7(M3): a ver
[Sun Sep 20 20:22:27 2015]  say: ^3(J.N.R)^7Sdelt^17^7(M3): Duel air :o
[Sun Sep 20 20:22:35 2015]  say: ^3(J.N.R)^4Seba(AM2): XD
[Sun Sep 20 20:22:36 2015]  say: ^3(J.N.R)^7Sdelt^17^7(M3): WTF XD
[Sun Sep 20 20:22:52 2015]  Kill: 1 0 3: ^3(J.N.R)^4Seba(AM2) killed ^3(J.N.R)^7Sdelt^17^7(M3) by MOD_SABER
[Sun Sep 20 20:22:54 2015]  say: ^3(J.N.R)^7Sdelt^17^7(M3): x!
[Sun Sep 20 20:22:54 2015]  say: ^3(J.N.R)^4Seba(AM2): xDDD
[Sun Sep 20 20:22:57 2015]  say: ^3(J.N.R)^7Sdelt^17^7(M3): wey
[Sun Sep 20 20:22:59 2015]  say: ^3(J.N.R)^7Sdelt^17^7(M3): para mi que
[Sun Sep 20 20:22:59 2015]  say: ^3(J.N.R)^4Seba(AM2): en el aire 
[Sun Sep 20 20:23:02 2015]  say: ^3(J.N.R)^7Sdelt^17^7(M3): el tipo se drogo
[Sun Sep 20 20:23:05 2015]  say: ^3(J.N.R)^4Seba(AM2): si xD
[Sun Sep 20 20:23:06 2015]  say: ^3(J.N.R)^7Sdelt^17^7(M3): haciendo el sever
[Sun Sep 20 20:23:09 2015]  say: ^3(J.N.R)^7Sdelt^17^7(M3): mira
[Sun Sep 20 20:23:20 2015]  say: ^3(J.N.R)^7Sdelt^17^7(M3): arre
[Sun Sep 20 20:23:30 2015]  say: ^3(J.N.R)^4Seba(AM2): que mierda 
[Sun Sep 20 20:23:34 2015]  say: ^3(J.N.R)^7Sdelt^17^7(M3): xD
[Sun Sep 20 20:23:39 2015]  say: ^3(J.N.R)^7Sdelt^17^7(M3): cuando
[Sun Sep 20 20:23:45 2015]  say: ^3(J.N.R)^7Sdelt^17^7(M3): empeze a jugar jka por primeravez
[Sun Sep 20 20:23:47 2015]  say: ^3(J.N.R)^7Sdelt^17^7(M3): apareci aca
[Sun Sep 20 20:23:50 2015]  say: ^3(J.N.R)^7Sdelt^17^7(M3): asi
[Sun Sep 20 20:23:50 2015]  say: ^3(J.N.R)^4Seba(AM2): xD
[Sun Sep 20 20:24:03 2015]  say: ^3(J.N.R)^7Sdelt^17^7(M3): asi
[Sun Sep 20 20:24:07 2015]  say: ^3(J.N.R)^7Sdelt^17^7(M3): ponete
[Sun Sep 20 20:24:08 2015]  say: ^3(J.N.R)^7Sdelt^17^7(M3): aca
[Sun Sep 20 20:24:27 2015]  say: ^3(J.N.R)^7Sdelt^17^7(M3): aca
[Sun Sep 20 20:24:32 2015]  say: ^3(J.N.R)^7Sdelt^17^7(M3): vine
[Sun Sep 20 20:24:34 2015]  say: ^3(J.N.R)^7Sdelt^17^7(M3): hice esto
[Sun Sep 20 20:24:38 2015]  say: ^3(J.N.R)^7Sdelt^17^7(M3): habia un tipo ahi
[Sun Sep 20 20:24:40 2015]  say: ^3(J.N.R)^7Sdelt^17^7(M3): y me hizo
[Sun Sep 20 20:24:42 2015]  say: ^3(J.N.R)^7Sdelt^17^7(M3): y yo
[Sun Sep 20 20:24:43 2015]  say: ^3(J.N.R)^4Seba(AM2): xd
[Sun Sep 20 20:24:46 2015]  say: ^3(J.N.R)^7Sdelt^17^7(M3): lo ataco x
[Sun Sep 20 20:24:48 2015]  say: ^3(J.N.R)^7Sdelt^17^7(M3): me dio mundo
[Sun Sep 20 20:24:50 2015]  say: ^3(J.N.R)^7Sdelt^17^7(M3): me cago
[Sun Sep 20 20:24:52 2015]  say: ^3(J.N.R)^4Seba(AM2): xD
[Sun Sep 20 20:24:54 2015]  say: ^3(J.N.R)^7Sdelt^17^7(M3): me decian
[Sun Sep 20 20:24:55 2015]  say: ^3(J.N.R)^7Sdelt^17^7(M3): DONT LAME
[Sun Sep 20 20:25:01 2015]  say: ^3(J.N.R)^4Seba(AM2): XD
[Sun Sep 20 20:25:06 2015]  say: ^3(J.N.R)^7Sdelt^17^7(M3): Super sdelyin
[Sun Sep 20 20:25:22 2015]  say: ^3(J.N.R)^4Seba(AM2): vos conoces el anime saint seiya?
[Sun Sep 20 20:25:25 2015]  say: ^3(J.N.R)^7Sdelt^17^7(M3): se
[Sun Sep 20 20:25:28 2015]  say: ^3(J.N.R)^4Seba(AM2): bueno
[Sun Sep 20 20:25:33 2015]  say: ^3(J.N.R)^7Sdelt^17^7(M3): JAPONES
[Sun Sep 20 20:25:35 2015]  say: ^3(J.N.R)^4Seba(AM2): sos un caballero dorado con el cosmo al mango
[Sun Sep 20 20:25:36 2015]  say: ^3(J.N.R)^7Sdelt^17^7(M3): OTAKU
[Sun Sep 20 20:25:37 2015]  say: ^3(J.N.R)^4Seba(AM2): XD
[Sun Sep 20 20:25:40 2015]  say: ^3(J.N.R)^7Sdelt^17^7(M3): uwi
[Sun Sep 20 20:25:51 2015]  say: ^3(J.N.R)^4Seba(AM2): solo vi 3 animes
[Sun Sep 20 20:25:54 2015]  say: ^3(J.N.R)^7Sdelt^17^7(M3): e.e
[Sun Sep 20 20:26:03 2015]  say: ^3(J.N.R)^7Sdelt^17^7(M3): ven
[Sun Sep 20 20:26:05 2015]  say: ^3(J.N.R)^4Seba(AM2): uno que lo ve todo el mundo xd
[Sun Sep 20 20:26:09 2015]  say: ^3(J.N.R)^7Sdelt^17^7(M3): cual
[Sun Sep 20 20:26:10 2015]  say: ^3(J.N.R)^7Sdelt^17^7(M3): dbz xD
[Sun Sep 20 20:26:13 2015]  say: ^3(J.N.R)^4Seba(AM2): se xd
[Sun Sep 20 20:26:22 2015]  say: ^3(J.N.R)^7Sdelt^17^7(M3): lol
[Sun Sep 20 20:26:23 2015]  say: ^3(J.N.R)^7Sdelt^17^7(M3): cunas
[Sun Sep 20 20:26:26 2015]  say: ^3(J.N.R)^7Sdelt^17^7(M3): xD
[Sun Sep 20 20:26:27 2015]  say: ^3(J.N.R)^4Seba(AM2): xD
[Sun Sep 20 20:26:46 2015]  say: ^3(J.N.R)^7Sdelt^17^7(M3): arre
[Sun Sep 20 20:26:52 2015]  say: ^3(J.N.R)^4Seba(AM2): xd
[Sun Sep 20 20:26:54 2015]  say: ^3(J.N.R)^4Seba(AM2): re bug
[Sun Sep 20 20:26:59 2015]  say: ^3(J.N.R)^7Sdelt^17^7(M3): que carajos
[Sun Sep 20 20:27:08 2015]  say: ^3(J.N.R)^7Sdelt^17^7(M3): re bug
[Sun Sep 20 20:27:46 2015]  say: ^3(J.N.R)^7Sdelt^17^7(M3): alta mesa
[Sun Sep 20 20:27:50 2015]  say: ^3(J.N.R)^4Seba(AM2): xd
[Sun Sep 20 20:28:03 2015]  say: ^3(J.N.R)^7Sdelt^17^7(M3): se te rompio el espacio
[Sun Sep 20 20:28:08 2015]  say: ^3(J.N.R)^4Seba(AM2): xd
[Sun Sep 20 20:28:11 2015]  say: ^3(J.N.R)^7Sdelt^17^7(M3): che
[Sun Sep 20 20:28:13 2015]  say: ^3(J.N.R)^7Sdelt^17^7(M3): vamos a maker 2
[Sun Sep 20 20:28:15 2015]  say: ^3(J.N.R)^7Sdelt^17^7(M3): puse cosas nueva
[Sun Sep 20 20:28:20 2015]  say: ^3(J.N.R)^4Seba(AM2): ok
[Sun Sep 20 20:28:28 2015]  say: ^3(J.N.R)^7Sdelt^17^7(M3): vamos
[Sun Sep 20 20:28:29 2015]  say: ^3(J.N.R)^7Sdelt^17^7(M3): te veo ahi
[Sun Sep 20 20:28:31 2015]  ClientDisconnect: 0
[Sun Sep 20 20:28:32 2015]  ClientDisconnect: 1
[Sun Sep 20 22:13:12 2015]  Exit: Timelimit hit.
[Mon Sep 21 16:19:31 2015]  ClientConnect: 0
[Mon Sep 21 16:19:31 2015]  mlog:Player Whatever, connected. With IP - 89.24.248.54:12734 
[Mon Sep 21 16:19:46 2015]  ClientBegin: 0
[Mon Sep 21 16:19:54 2015]  ShutdownGame:
[Mon Sep 21 16:19:54 2015]  ------------------------------------------------------------
