[Wed Sep 23 00:19:57 2015]  ------------------------------------------------------------
[Wed Sep 23 00:19:57 2015]  InitGame: \g_siegeTeam2\none\g_siegeTeam1\none\g_jediVmerc\0\g_maxGameClients\0\g_noSpecMove\0\g_debugMelee\1\g_siegeRespawn\20\g_siegeTeamSwitch\1\g_forceRegenTime\0\g_forcePowerDisable\0\g_weaponDisable\0\g_allowNPC\1\bot_minplayers\0\sv_allowDownload\1\sv_floodProtect\0\sv_maxPing\0\sv_minPing\0\sv_maxRate\5000\sv_maxclients\32\sv_hostname\^3Darkquake's Makermod Server\g_duelWeaponDisable\65531\g_forceBasedTeams\0\duel_fraglimit\10\g_maxForceRank\7\g_saberLocking\1\g_privateDuel\1\capturelimit\0\timelimit\120\fraglimit\0\dmflags\0\version\(internal)JAmp: v1.0.1.0 win-x86 Oct 30 2003\g_maxHolocronCarry\3\g_gametype\0\g_needpass\0\protocol\26\mapname\t2_trip\sv_privateClients\0\g_stepSlideFix\1\gamename\MakerMod\g_saberWallDamageScale\0.4\bg_fighterAltControl\0\g_showDuelHealths\0
[Wed Sep 23 00:19:58 2015]  ClientConnect: 0
[Wed Sep 23 00:20:13 2015]  ClientDisconnect: 0
[Wed Sep 23 02:19:56 2015]  Exit: Timelimit hit.
[Wed Sep 23 18:56:25 2015]  ClientConnect: 0
[Wed Sep 23 18:56:25 2015]  mlog:Player ^0Ðàrk^2^1Qµàkè, connected. With IP - 192.168.1.2:29071 
[Wed Sep 23 18:56:41 2015]  ClientBegin: 0
[Wed Sep 23 18:56:53 2015]  ShutdownGame:
[Wed Sep 23 18:56:53 2015]  ------------------------------------------------------------
[Wed Sep 23 18:56:54 2015]  ------------------------------------------------------------
[Wed Sep 23 18:56:54 2015]  InitGame: \g_siegeTeam2\none\g_siegeTeam1\none\g_jediVmerc\0\g_maxGameClients\0\g_noSpecMove\0\g_debugMelee\1\g_siegeRespawn\20\g_siegeTeamSwitch\1\g_forceRegenTime\0\g_forcePowerDisable\0\g_weaponDisable\0\g_allowNPC\1\bot_minplayers\0\sv_allowDownload\1\sv_floodProtect\0\sv_maxPing\0\sv_minPing\0\sv_maxRate\5000\sv_maxclients\32\sv_hostname\^3Darkquake's Makermod Server\g_duelWeaponDisable\65531\g_forceBasedTeams\0\duel_fraglimit\10\g_maxForceRank\7\g_saberLocking\1\g_privateDuel\1\capturelimit\0\timelimit\120\fraglimit\0\dmflags\0\version\(internal)JAmp: v1.0.1.0 win-x86 Oct 30 2003\g_maxHolocronCarry\3\g_gametype\0\g_needpass\0\protocol\26\mapname\mp/siege_desert\sv_privateClients\0\g_stepSlideFix\1\gamename\MakerMod\g_saberWallDamageScale\0.4\bg_fighterAltControl\0\g_showDuelHealths\0
[Wed Sep 23 18:56:55 2015]  ClientConnect: 0
[Wed Sep 23 18:57:03 2015]  ClientBegin: 0
[Wed Sep 23 19:18:52 2015]  ShutdownGame:
[Wed Sep 23 19:18:52 2015]  ------------------------------------------------------------
[Wed Sep 23 19:18:52 2015]  ------------------------------------------------------------
[Wed Sep 23 19:18:52 2015]  InitGame: \g_siegeTeam2\none\g_siegeTeam1\none\g_jediVmerc\0\g_maxGameClients\0\g_noSpecMove\0\g_debugMelee\1\g_siegeRespawn\20\g_siegeTeamSwitch\1\g_forceRegenTime\0\g_forcePowerDisable\0\g_weaponDisable\0\g_allowNPC\1\bot_minplayers\0\sv_allowDownload\1\sv_floodProtect\0\sv_maxPing\0\sv_minPing\0\sv_maxRate\5000\sv_maxclients\32\sv_hostname\^3Darkquake's Makermod Server\g_duelWeaponDisable\65531\g_forceBasedTeams\0\duel_fraglimit\10\g_maxForceRank\7\g_saberLocking\1\g_privateDuel\1\capturelimit\0\timelimit\120\fraglimit\0\dmflags\0\version\(internal)JAmp: v1.0.1.0 win-x86 Oct 30 2003\g_maxHolocronCarry\3\g_gametype\0\g_needpass\0\protocol\26\mapname\t2_trip\sv_privateClients\0\g_stepSlideFix\1\gamename\MakerMod\g_saberWallDamageScale\0.4\bg_fighterAltControl\0\g_showDuelHealths\0
[Wed Sep 23 19:18:54 2015]  ClientConnect: 0
[Wed Sep 23 19:19:00 2015]  ClientBegin: 0
[Wed Sep 23 19:31:25 2015]  say: ^0Ðàrk^2^1Qµàkè: ^4ELEMENT SCRIPT V1 ^5by ^1µ^2/^0Ðàrk^1Qµàkè^2/^1S
[Wed Sep 23 19:31:41 2015]  say: ^0Ðàrk^2^1Qµàkè: ^4ELEMENT SCRIPT V1 ^5by ^1µ^2/^0Ðàrk^1Qµàkè^2/^1S
[Wed Sep 23 19:31:49 2015]  say: ^0Ðàrk^2^1Qµàkè: ^4ELEMENT SCRIPT V1 ^5by ^1µ^2/^0Ðàrk^1Qµàkè^2/^1S
[Wed Sep 23 19:50:57 2015]  say: ^0Ðàrk^2^1Qµàkè: ^4ELEMENT SCRIPT V1 ^5by ^1µ^2/^0Ðàrk^1Qµàkè^2/^1S
[Wed Sep 23 20:20:31 2015]  say: ^0Ðàrk^2^1Qµàkè: ^1Test
[Wed Sep 23 21:18:52 2015]  Exit: Timelimit hit.
[Wed Sep 23 21:18:52 2015]  score: 7  ping: 0  client: 0 ^0Ðàrk^2^1Qµàkè
[Thu Sep 24 17:59:12 2015]  ShutdownGame:
[Thu Sep 24 17:59:12 2015]  ------------------------------------------------------------
