[Mon Sep 21 16:19:54 2015]  ------------------------------------------------------------
[Mon Sep 21 16:19:54 2015]  InitGame: \g_siegeTeam2\none\g_siegeTeam1\none\g_jediVmerc\0\g_maxGameClients\0\g_noSpecMove\0\g_debugMelee\1\g_siegeRespawn\20\g_siegeTeamSwitch\1\g_forceRegenTime\0\g_forcePowerDisable\0\g_weaponDisable\0\g_allowNPC\1\bot_minplayers\0\sv_allowDownload\1\sv_floodProtect\0\sv_maxPing\0\sv_minPing\0\sv_maxRate\5000\sv_maxclients\32\sv_hostname\^3Darkquake's Makermod Server\g_duelWeaponDisable\65531\g_forceBasedTeams\0\duel_fraglimit\10\g_maxForceRank\7\g_saberLocking\1\g_privateDuel\1\capturelimit\0\timelimit\120\fraglimit\0\dmflags\0\version\(internal)JAmp: v1.0.1.0 win-x86 Oct 30 2003\g_maxHolocronCarry\3\g_gametype\0\g_needpass\0\protocol\26\mapname\mp/siege_desert\sv_privateClients\0\g_stepSlideFix\1\gamename\MakerMod\g_saberWallDamageScale\0.4\bg_fighterAltControl\0\g_showDuelHealths\0
[Mon Sep 21 16:19:55 2015]  ClientConnect: 0
[Mon Sep 21 16:20:03 2015]  ClientBegin: 0
[Mon Sep 21 16:32:30 2015]  ClientDisconnect: 0
[Mon Sep 21 16:36:06 2015]  ClientConnect: 0
[Mon Sep 21 16:36:06 2015]  mlog:Player Whatever, connected. With IP - 89.24.248.54:13568 
[Mon Sep 21 16:36:22 2015]  ClientBegin: 0
[Mon Sep 21 16:46:19 2015]  ClientDisconnect: 0
[Mon Sep 21 16:53:54 2015]  ClientConnect: 0
[Mon Sep 21 16:53:54 2015]  mlog:Player Whatever, connected. With IP - 89.24.248.54:14020 
[Mon Sep 21 16:54:05 2015]  ClientBegin: 0
[Mon Sep 21 16:57:26 2015]  ClientDisconnect: 0
[Mon Sep 21 16:57:47 2015]  ClientConnect: 0
[Mon Sep 21 16:57:47 2015]  mlog:Player Whatever, connected. With IP - 89.24.248.54:14020 
[Mon Sep 21 16:57:59 2015]  ClientBegin: 0
[Mon Sep 21 17:04:49 2015]  ClientDisconnect: 0
[Mon Sep 21 17:22:51 2015]  ClientConnect: 0
[Mon Sep 21 17:22:51 2015]  mlog:Player Whatever, connected. With IP - 89.24.248.54:15056 
[Mon Sep 21 17:23:02 2015]  ClientBegin: 0
[Mon Sep 21 17:23:52 2015]  ClientDisconnect: 0
[Mon Sep 21 17:26:11 2015]  ClientConnect: 0
[Mon Sep 21 17:26:11 2015]  mlog:Player Whatever, connected. With IP - 89.24.248.54:15056 
[Mon Sep 21 17:26:22 2015]  ClientBegin: 0
[Mon Sep 21 18:19:53 2015]  Exit: Timelimit hit.
[Mon Sep 21 18:19:53 2015]  score: 0  ping: 47  client: 0 ^2Jean-Luc^0-Picard
[Mon Sep 21 18:19:59 2015]  ShutdownGame:
[Mon Sep 21 18:19:59 2015]  ------------------------------------------------------------
[Mon Sep 21 18:20:00 2015]  ------------------------------------------------------------
[Mon Sep 21 18:20:00 2015]  InitGame: \g_siegeTeam2\none\g_siegeTeam1\none\g_jediVmerc\0\g_maxGameClients\0\g_noSpecMove\0\g_debugMelee\1\g_siegeRespawn\20\g_siegeTeamSwitch\1\g_forceRegenTime\0\g_forcePowerDisable\0\g_weaponDisable\0\g_allowNPC\1\bot_minplayers\0\sv_allowDownload\1\sv_floodProtect\0\sv_maxPing\0\sv_minPing\0\sv_maxRate\5000\sv_maxclients\32\sv_hostname\^3Darkquake's Makermod Server\g_duelWeaponDisable\65531\g_forceBasedTeams\0\duel_fraglimit\10\g_maxForceRank\7\g_saberLocking\1\g_privateDuel\1\capturelimit\0\timelimit\120\fraglimit\0\dmflags\0\version\(internal)JAmp: v1.0.1.0 win-x86 Oct 30 2003\g_maxHolocronCarry\3\g_gametype\0\g_needpass\0\protocol\26\mapname\t2_trip\sv_privateClients\0\g_stepSlideFix\1\gamename\MakerMod\g_saberWallDamageScale\0.4\bg_fighterAltControl\0\g_showDuelHealths\0
[Mon Sep 21 18:20:02 2015]  ClientConnect: 0
[Mon Sep 21 18:20:11 2015]  ClientBegin: 0
[Mon Sep 21 18:24:19 2015]  ClientConnect: 1
[Mon Sep 21 18:24:19 2015]  mlog:Player Barrel Titor, connected. With IP - 85.76.51.146:13237 
[Mon Sep 21 18:24:32 2015]  ClientConnect: 2
[Mon Sep 21 18:24:32 2015]  mlog:Player Padawan, connected. With IP - 86.32.34.62:29070 
[Mon Sep 21 18:24:35 2015]  ClientBegin: 1
[Mon Sep 21 18:24:47 2015]  ClientBegin: 2
[Mon Sep 21 18:26:05 2015]  Kill: 1 2 3: Barrel Titor killed Eschi by MOD_SABER
[Mon Sep 21 18:27:03 2015]  Kill: 2 1 3: Eschi killed Barrel Titor by MOD_SABER
[Mon Sep 21 18:27:51 2015]  Kill: 1 2 3: Barrel Titor killed Eschi by MOD_SABER
[Mon Sep 21 18:28:04 2015]  Kill: 2 1 3: Eschi killed Barrel Titor by MOD_SABER
[Mon Sep 21 18:28:59 2015]  Kill: 2 1 3: Eschi killed Barrel Titor by MOD_SABER
[Mon Sep 21 18:29:14 2015]  Kill: 2 1 3: Eschi killed Barrel Titor by MOD_SABER
[Mon Sep 21 18:29:43 2015]  Kill: 2 1 3: Eschi killed Barrel Titor by MOD_SABER
[Mon Sep 21 18:30:19 2015]  Kill: 1 2 3: Barrel Titor killed Eschi by MOD_SABER
[Mon Sep 21 18:31:02 2015]  Kill: 1022 1 0: <world> killed Barrel Titor by MOD_UNKNOWN
[Mon Sep 21 18:31:08 2015]  Kill: 1022 2 0: <world> killed Eschi by MOD_UNKNOWN
[Mon Sep 21 18:31:12 2015]  Kill: 1022 1 0: <world> killed Barrel Titor by MOD_UNKNOWN
[Mon Sep 21 18:31:39 2015]  Kill: 1022 1 0: <world> killed Barrel Titor by MOD_UNKNOWN
[Mon Sep 21 18:31:52 2015]  Kill: 1022 2 0: <world> killed Eschi by MOD_UNKNOWN
[Mon Sep 21 18:32:01 2015]  ClientDisconnect: 2
[Mon Sep 21 18:32:10 2015]  ClientDisconnect: 1
[Mon Sep 21 18:45:16 2015]  ClientDisconnect: 0
[Mon Sep 21 19:44:07 2015]  ClientConnect: 0
[Mon Sep 21 19:44:07 2015]  mlog:Player ^0Ownage, connected. With IP - 62.252.244.5:29070 
[Mon Sep 21 19:44:31 2015]  ClientBegin: 0
[Mon Sep 21 19:54:15 2015]  Item: 0 ammo_all
[Mon Sep 21 19:56:15 2015]  ClientDisconnect: 0
[Mon Sep 21 20:19:59 2015]  Exit: Timelimit hit.
[Tue Sep 22 07:31:48 2015]  ClientConnect: 0
[Tue Sep 22 07:31:48 2015]  mlog:Player POO FACE WEE BUM, connected. With IP - 60.242.200.124:29070 
[Tue Sep 22 07:35:08 2015]  ClientDisconnect: 0
[Tue Sep 22 17:06:10 2015]  ClientConnect: 0
[Tue Sep 22 17:06:10 2015]  mlog:Player Whatever, connected. With IP - 89.24.248.54:26101 
[Tue Sep 22 17:06:26 2015]  ClientBegin: 0
[Tue Sep 22 17:06:29 2015]  ShutdownGame:
[Tue Sep 22 17:06:29 2015]  ------------------------------------------------------------
