[Sun Jul 20 13:16:59 2014]  ------------------------------------------------------------
[Sun Jul 20 13:16:59 2014]  InitGame: \dmflags\0\fraglimit\0\timelimit\120\capturelimit\0\g_privateDuel\1\g_saberLocking\1\g_maxForceRank\7\duel_fraglimit\10\g_forceBasedTeams\0\g_duelWeaponDisable\65531\sv_hostname\^3Darkquake's Makermod Server\sv_maxclients\32\sv_maxRate\5000\sv_minPing\0\sv_maxPing\0\sv_floodProtect\0\sv_allowDownload\1\bot_minplayers\0\g_allowNPC\1\g_weaponDisable\0\g_forcePowerDisable\0\g_forceRegenTime\0\g_siegeTeamSwitch\1\g_siegeRespawn\20\g_debugMelee\1\g_noSpecMove\0\g_maxGameClients\0\g_jediVmerc\0\g_siegeTeam1\none\g_siegeTeam2\none\version\(internal)JAmp: v1.0.1.0 win-x86 Oct 30 2003\g_maxHolocronCarry\3\g_gametype\0\g_needpass\0\protocol\26\mapname\mp/siege_desert\sv_privateClients\0\g_stepSlideFix\1\gamename\MakerMod\g_saberWallDamageScale\0.4\bg_fighterAltControl\0\g_showDuelHealths\0
[Sun Jul 20 13:16:59 2014]  ClientConnect: 0
[Sun Jul 20 13:17:05 2014]  ClientBegin: 0
[Sun Jul 20 13:17:32 2014]  tell: ^7^9A^8xilia to ^7^9A^8xilia: ^3UU ^0- ^1JA ^3Minimized
[Sun Jul 20 13:17:37 2014]  tell: ^7^9A^8xilia to ^7^9A^8xilia: ^3UU ^0- ^1JA ^3Restored
[Sun Jul 20 13:18:30 2014]  Kill: 0 0 39: ^7^9A^8xilia killed ^7^9A^8xilia by MOD_SUICIDE
[Sun Jul 20 13:19:34 2014]  tell: ^7^9A^8xilia to ^7^9A^8xilia: ^3UU ^0- ^1JA ^3Minimized
[Sun Jul 20 13:19:46 2014]  tell: ^7^9A^8xilia to ^7^9A^8xilia: ^3UU ^0- ^1JA ^3Restored
[Sun Jul 20 13:20:55 2014]  tell: ^7^9A^8xilia to ^7^9A^8xilia: ^3UU ^0- ^1JA ^3Minimized
[Sun Jul 20 13:21:03 2014]  tell: ^7^9A^8xilia to ^7^9A^8xilia: ^3UU ^0- ^1JA ^3Restored
[Sun Jul 20 13:21:16 2014]  tell: ^7^9A^8xilia to ^7^9A^8xilia: ^3UU ^0- ^1JA ^3Minimized
[Sun Jul 20 13:21:16 2014]  tell: ^7^9A^8xilia to ^7^9A^8xilia: ^3UU ^0- ^1JA ^3Restored
[Sun Jul 20 13:21:20 2014]  say: ^7^9A^8xilia: ^2DINOK
[Sun Jul 20 13:21:20 2014]  say: ^7^9A^8xilia: ^2DaaL
[Sun Jul 20 13:21:21 2014]  say: ^7^9A^8xilia: ^2DILON
[Sun Jul 20 13:21:40 2014]  say: ^7^9A^8xilia: ^2DINOK
[Sun Jul 20 13:21:41 2014]  say: ^7^9A^8xilia: ^2DaaL
[Sun Jul 20 13:21:41 2014]  say: ^7^9A^8xilia: ^2DILON
[Sun Jul 20 13:22:11 2014]  say: ^7^9A^8xilia: ^2DINOK
[Sun Jul 20 13:22:12 2014]  say: ^7^9A^8xilia: ^2DaaL
[Sun Jul 20 13:22:13 2014]  say: ^7^9A^8xilia: ^2DILON
[Sun Jul 20 13:22:19 2014]  tell: ^7^9A^8xilia to ^7^9A^8xilia: ^3UU ^0- ^1JA ^3Minimized
[Sun Jul 20 13:22:23 2014]  tell: ^7^9A^8xilia to ^7^9A^8xilia: ^3UU ^0- ^1JA ^3Restored
[Sun Jul 20 13:22:27 2014]  say: ^7^9A^8xilia: ^9KReiN
[Sun Jul 20 13:22:28 2014]  say: ^7^9A^8xilia: ^9YOL
[Sun Jul 20 13:22:28 2014]  say: ^7^9A^8xilia: ^9Bah!
[Sun Jul 20 13:22:57 2014]  say: ^7^9A^8xilia: ^9KReiN
[Sun Jul 20 13:22:58 2014]  say: ^7^9A^8xilia: ^9YOL
[Sun Jul 20 13:22:58 2014]  say: ^7^9A^8xilia: ^9Bah!
[Sun Jul 20 13:23:05 2014]  tell: ^7^9A^8xilia to ^7^9A^8xilia: ^3UU ^0- ^1JA ^3Minimized
[Sun Jul 20 13:23:15 2014]  tell: ^7^9A^8xilia to ^7^9A^8xilia: ^3UU ^0- ^1JA ^3Restored
[Sun Jul 20 13:23:20 2014]  tell: ^7^9A^8xilia to ^7^9A^8xilia: ^3UU ^0- ^1JA ^3Minimized
[Sun Jul 20 13:23:20 2014]  tell: ^7^9A^8xilia to ^7^9A^8xilia: ^3UU ^0- ^1JA ^3Restored
[Sun Jul 20 13:23:30 2014]  tell: ^7^9A^8xilia to ^7^9A^8xilia: ^3UU ^0- ^1JA ^3Minimized
[Sun Jul 20 13:23:32 2014]  tell: ^7^9A^8xilia to ^7^9A^8xilia: ^3UU ^0- ^1JA ^3Restored
[Sun Jul 20 13:24:00 2014]  tell: ^7^9A^8xilia to ^7^9A^8xilia: ^3UU ^0- ^1JA ^3Minimized
[Sun Jul 20 13:24:05 2014]  tell: ^7^9A^8xilia to ^7^9A^8xilia: ^3UU ^0- ^1JA ^3Restored
[Sun Jul 20 13:24:11 2014]  say: ^7^9A^8xilia: ^9FORCE ATTACK!!!
[Sun Jul 20 13:24:39 2014]  tell: ^7^9A^8xilia to ^7^9A^8xilia: ^3UU ^0- ^1JA ^3Minimized
[Sun Jul 20 13:24:44 2014]  tell: ^7^9A^8xilia to ^7^9A^8xilia: ^3UU ^0- ^1JA ^3Restored
[Sun Jul 20 13:25:45 2014]  tell: ^7^9A^8xilia to ^7^9A^8xilia: ^3UU ^0- ^1JA ^3Minimized
[Sun Jul 20 13:25:48 2014]  tell: ^7^9A^8xilia to ^7^9A^8xilia: ^3UU ^0- ^1JA ^3Restored
[Sun Jul 20 13:26:15 2014]  tell: ^7^9A^8xilia to ^7^9A^8xilia: ^3UU ^0- ^1JA ^3Minimized
[Sun Jul 20 13:26:21 2014]  tell: ^7^9A^8xilia to ^7^9A^8xilia: ^3UU ^0- ^1JA ^3Restored
[Sun Jul 20 13:26:30 2014]  say: ^7^9A^8xilia: ^8FIRE ATTACK!!!
[Sun Jul 20 13:26:59 2014]  tell: ^7^9A^8xilia to ^7^9A^8xilia: ^3UU ^0- ^1JA ^3Minimized
[Sun Jul 20 13:27:11 2014]  tell: ^7^9A^8xilia to ^7^9A^8xilia: ^3UU ^0- ^1JA ^3Restored
[Sun Jul 20 13:27:14 2014]  tell: ^7^9A^8xilia to ^7^9A^8xilia: ^3UU ^0- ^1JA ^3Minimized
[Sun Jul 20 13:27:20 2014]  tell: ^7^9A^8xilia to ^7^9A^8xilia: ^3UU ^0- ^1JA ^3Restored
[Sun Jul 20 13:27:26 2014]  say: ^7^9A^8xilia: ^9D'ak Men'a M'oficus
[Sun Jul 20 13:27:37 2014]  say: ^7^9A^8xilia: ^9D'ak Men'a M'oficus
[Sun Jul 20 13:27:54 2014]  tell: ^7^9A^8xilia to ^7^9A^8xilia: ^3UU ^0- ^1JA ^3Minimized
[Sun Jul 20 13:28:08 2014]  tell: ^7^9A^8xilia to ^7^9A^8xilia: ^3UU ^0- ^1JA ^3Restored
[Sun Jul 20 13:28:33 2014]  tell: ^7^9A^8xilia to ^7^9A^8xilia: ^3UU ^0- ^1JA ^3Minimized
[Sun Jul 20 13:28:38 2014]  tell: ^7^9A^8xilia to ^7^9A^8xilia: ^3UU ^0- ^1JA ^3Restored
[Sun Jul 20 13:28:45 2014]  tell: ^7^9A^8xilia to ^7^9A^8xilia: ^3UU ^0- ^1JA ^3Minimized
[Sun Jul 20 13:28:47 2014]  tell: ^7^9A^8xilia to ^7^9A^8xilia: ^3UU ^0- ^1JA ^3Restored
[Sun Jul 20 13:29:14 2014]  tell: ^7^9A^8xilia to ^7^9A^8xilia: ^3UU ^0- ^1JA ^3Minimized
[Sun Jul 20 13:29:17 2014]  tell: ^7^9A^8xilia to ^7^9A^8xilia: ^3UU ^0- ^1JA ^3Restored
[Sun Jul 20 13:29:29 2014]  tell: ^7^9A^8xilia to ^7^9A^8xilia: ^3UU ^0- ^1JA ^3Minimized
[Sun Jul 20 13:29:33 2014]  tell: ^7^9A^8xilia to ^7^9A^8xilia: ^3UU ^0- ^1JA ^3Restored
[Sun Jul 20 13:29:42 2014]  Item: 0 weapon_melee
[Sun Jul 20 13:29:42 2014]  say: ^7^9A^8xilia: ^0Forbidden ^4Magic ^5script by ^0D^3arth ^0F^3urious
[Sun Jul 20 13:29:47 2014]  tell: ^7^9A^8xilia to ^7^9A^8xilia: ^3UU ^0- ^1JA ^3Minimized
[Sun Jul 20 13:30:01 2014]  tell: ^7^9A^8xilia to ^7^9A^8xilia: ^3UU ^0- ^1JA ^3Restored
[Sun Jul 20 13:30:31 2014]  say: ^7^9A^8xilia: ^8FIRE ATTACK!!!
[Sun Jul 20 13:31:00 2014]  ClientDisconnect: 0
[Sun Jul 20 15:16:57 2014]  Exit: Timelimit hit.
[Mon Jul 21 19:34:15 2014]  ClientConnect: 0
[Mon Jul 21 19:34:15 2014]  mlog:Player Padawan, connected. With IP - 24.160.80.86:29070 
[Mon Jul 21 19:34:30 2014]  ClientBegin: 0
[Mon Jul 21 19:34:37 2014]  ShutdownGame:
[Mon Jul 21 19:34:37 2014]  ------------------------------------------------------------
