[Sat Jul 05 20:12:35 2014]  ------------------------------------------------------------
[Sat Jul 05 20:12:35 2014]  InitGame: \dmflags\0\fraglimit\0\timelimit\120\capturelimit\0\g_privateDuel\1\g_saberLocking\1\g_maxForceRank\7\duel_fraglimit\10\g_forceBasedTeams\0\g_duelWeaponDisable\65531\sv_hostname\^3Darkquake's Makermod Server\sv_maxclients\32\sv_maxRate\5000\sv_minPing\0\sv_maxPing\0\sv_floodProtect\0\sv_allowDownload\1\bot_minplayers\0\g_allowNPC\1\g_weaponDisable\0\g_forcePowerDisable\0\g_forceRegenTime\0\g_siegeTeamSwitch\1\g_siegeRespawn\20\g_debugMelee\1\g_noSpecMove\0\g_maxGameClients\0\g_jediVmerc\0\g_siegeTeam1\none\g_siegeTeam2\none\version\(internal)JAmp: v1.0.1.0 win-x86 Oct 30 2003\g_maxHolocronCarry\3\g_gametype\0\g_needpass\0\protocol\26\mapname\t2_trip\sv_privateClients\0\g_stepSlideFix\1\gamename\MakerMod\g_saberWallDamageScale\0.4\bg_fighterAltControl\0\g_showDuelHealths\0
[Sat Jul 05 20:12:37 2014]  ClientConnect: 0
[Sat Jul 05 20:12:37 2014]  ClientConnect: 1
[Sat Jul 05 20:12:51 2014]  ClientBegin: 1
[Sat Jul 05 20:12:53 2014]  ClientBegin: 0
[Sat Jul 05 20:14:10 2014]  Kill: 1 0 3: ^2sasaoioop killed Padawan by MOD_SABER
[Sat Jul 05 20:14:17 2014]  Kill: 1 0 3: ^2sasaoioop killed Padawan by MOD_SABER
[Sat Jul 05 20:14:21 2014]  Kill: 0 1 3: Padawan killed ^2sasaoioop by MOD_SABER
[Sat Jul 05 20:14:53 2014]  Kill: 1 0 3: ^2sasaoioop killed Padawan by MOD_SABER
[Sat Jul 05 20:15:23 2014]  Kill: 1 0 3: ^2sasaoioop killed Padawan by MOD_SABER
[Sat Jul 05 20:16:19 2014]  Kill: 0 1 3: Padawan killed ^2sasaoioop by MOD_SABER
[Sat Jul 05 20:16:29 2014]  Kill: 1 0 3: ^2sasaoioop killed Padawan by MOD_SABER
[Sat Jul 05 20:16:47 2014]  Kill: 1 0 3: ^2sasaoioop killed Padawan by MOD_SABER
[Sat Jul 05 20:17:01 2014]  Kill: 1 0 3: ^2sasaoioop killed Padawan by MOD_SABER
[Sat Jul 05 20:17:12 2014]  Kill: 1 0 3: ^2sasaoioop killed Padawan by MOD_SABER
[Sat Jul 05 20:17:23 2014]  Kill: 1 0 3: ^2sasaoioop killed Padawan by MOD_SABER
[Sat Jul 05 20:17:32 2014]  Kill: 0 1 3: Padawan killed ^2sasaoioop by MOD_SABER
[Sat Jul 05 20:18:46 2014]  Kill: 0 1 3: Padawan killed ^2sasaoioop by MOD_SABER
[Sat Jul 05 20:19:06 2014]  Kill: 1 0 3: ^2sasaoioop killed Padawan by MOD_SABER
[Sat Jul 05 20:19:23 2014]  Kill: 1 0 3: ^2sasaoioop killed Padawan by MOD_SABER
[Sat Jul 05 20:20:51 2014]  Kill: 1 0 3: ^2sasaoioop killed Padawan by MOD_SABER
[Sat Jul 05 20:21:44 2014]  Kill: 1 0 3: ^2sasaoioop killed Padawan by MOD_SABER
[Sat Jul 05 20:21:55 2014]  Kill: 1 0 3: ^2sasaoioop killed Padawan by MOD_SABER
[Sat Jul 05 20:22:10 2014]  Kill: 1 0 3: ^2sasaoioop killed Padawan by MOD_SABER
[Sat Jul 05 20:22:19 2014]  Kill: 1 0 3: ^2sasaoioop killed Padawan by MOD_SABER
[Sat Jul 05 20:22:36 2014]  Kill: 1 0 3: ^2sasaoioop killed Padawan by MOD_SABER
[Sat Jul 05 20:22:43 2014]  Kill: 0 1 3: Padawan killed ^2sasaoioop by MOD_SABER
[Sat Jul 05 20:23:29 2014]  Kill: 0 1 3: Padawan killed ^2sasaoioop by MOD_SABER
[Sat Jul 05 20:23:39 2014]  Kill: 0 0 39: Padawan killed Padawan by MOD_SUICIDE
[Sat Jul 05 20:23:59 2014]  Kill: 1 0 3: ^2sasaoioop killed Padawan by MOD_SABER
[Sat Jul 05 20:24:14 2014]  Kill: 1 0 3: ^2sasaoioop killed Padawan by MOD_SABER
[Sat Jul 05 20:24:27 2014]  Kill: 0 1 3: Padawan killed ^2sasaoioop by MOD_SABER
[Sat Jul 05 20:24:33 2014]  Kill: 1 0 3: ^2sasaoioop killed Padawan by MOD_SABER
[Sat Jul 05 20:24:47 2014]  Kill: 1 0 3: ^2sasaoioop killed Padawan by MOD_SABER
[Sat Jul 05 20:25:46 2014]  Kill: 1 0 3: ^2sasaoioop killed Padawan by MOD_SABER
[Sat Jul 05 20:25:50 2014]  ClientDisconnect: 1
[Sat Jul 05 20:25:52 2014]  ClientDisconnect: 0
[Sat Jul 05 21:17:19 2014]  ClientConnect: 0
[Sat Jul 05 21:17:19 2014]  mlog:Player ^2N^5ewcomer, connected. With IP - 37.204.208.20:29070 
[Sat Jul 05 21:18:21 2014]  ClientBegin: 0
[Sat Jul 05 21:19:25 2014]  Item: 0 weapon_melee
[Sat Jul 05 21:26:55 2014]  say: ^2N^5ewcomer: npc kill all
[Sat Jul 05 21:29:12 2014]  ClientDisconnect: 0
[Sat Jul 05 22:12:33 2014]  Exit: Timelimit hit.
[Sun Jul 06 11:57:50 2014]  ClientConnect: 0
[Sun Jul 06 11:57:50 2014]  mlog:Player Padawan, connected. With IP - 159.255.234.38:29070 
[Sun Jul 06 11:58:10 2014]  ClientBegin: 0
[Sun Jul 06 11:58:18 2014]  ShutdownGame:
[Sun Jul 06 11:58:18 2014]  ------------------------------------------------------------
