[Sun Jul 06 11:58:21 2014]  ------------------------------------------------------------
[Sun Jul 06 11:58:21 2014]  InitGame: \dmflags\0\fraglimit\0\timelimit\120\capturelimit\0\g_privateDuel\1\g_saberLocking\1\g_maxForceRank\7\duel_fraglimit\10\g_forceBasedTeams\0\g_duelWeaponDisable\65531\sv_hostname\^3Darkquake's Makermod Server\sv_maxclients\32\sv_maxRate\5000\sv_minPing\0\sv_maxPing\0\sv_floodProtect\0\sv_allowDownload\1\bot_minplayers\0\g_allowNPC\1\g_weaponDisable\0\g_forcePowerDisable\0\g_forceRegenTime\0\g_siegeTeamSwitch\1\g_siegeRespawn\20\g_debugMelee\1\g_noSpecMove\0\g_maxGameClients\0\g_jediVmerc\0\g_siegeTeam1\none\g_siegeTeam2\none\version\(internal)JAmp: v1.0.1.0 win-x86 Oct 30 2003\g_maxHolocronCarry\3\g_gametype\0\g_needpass\0\protocol\26\mapname\mp/siege_desert\sv_privateClients\0\g_stepSlideFix\1\gamename\MakerMod\g_saberWallDamageScale\0.4\bg_fighterAltControl\0\g_showDuelHealths\0
[Sun Jul 06 11:58:24 2014]  ClientConnect: 0
[Sun Jul 06 11:58:33 2014]  ClientBegin: 0
[Sun Jul 06 11:59:01 2014]  ClientConnect: 1
[Sun Jul 06 11:59:01 2014]  mlog:Player ham, connected. With IP - 159.255.234.38:-4181 
[Sun Jul 06 11:59:20 2014]  ClientDisconnect: 0
[Sun Jul 06 11:59:21 2014]  ClientDisconnect: 1
[Sun Jul 06 13:10:10 2014]  ClientConnect: 0
[Sun Jul 06 13:10:10 2014]  mlog:Player ^5»^0SK^5|||^0WØLF^5«^0™, connected. With IP - 177.102.201.66:29070 
[Sun Jul 06 13:10:29 2014]  ClientBegin: 0
[Sun Jul 06 13:10:48 2014]  ClientDisconnect: 0
[Sun Jul 06 13:58:19 2014]  Exit: Timelimit hit.
[Sun Jul 06 18:45:23 2014]  ClientConnect: 0
[Sun Jul 06 18:45:23 2014]  mlog:Player home, connected. With IP - 159.255.234.38:29070 
[Sun Jul 06 18:45:32 2014]  ClientBegin: 0
[Sun Jul 06 18:45:37 2014]  ShutdownGame:
[Sun Jul 06 18:45:37 2014]  ------------------------------------------------------------
[Sun Jul 06 18:45:40 2014]  ------------------------------------------------------------
[Sun Jul 06 18:45:40 2014]  InitGame: \dmflags\0\fraglimit\0\timelimit\120\capturelimit\0\g_privateDuel\1\g_saberLocking\1\g_maxForceRank\7\duel_fraglimit\10\g_forceBasedTeams\0\g_duelWeaponDisable\65531\sv_hostname\^3Darkquake's Makermod Server\sv_maxclients\32\sv_maxRate\5000\sv_minPing\0\sv_maxPing\0\sv_floodProtect\0\sv_allowDownload\1\bot_minplayers\0\g_allowNPC\1\g_weaponDisable\0\g_forcePowerDisable\0\g_forceRegenTime\0\g_siegeTeamSwitch\1\g_siegeRespawn\20\g_debugMelee\1\g_noSpecMove\0\g_maxGameClients\0\g_jediVmerc\0\g_siegeTeam1\none\g_siegeTeam2\none\version\(internal)JAmp: v1.0.1.0 win-x86 Oct 30 2003\g_maxHolocronCarry\3\g_gametype\0\g_needpass\0\protocol\26\mapname\t2_trip\sv_privateClients\0\g_stepSlideFix\1\gamename\MakerMod\g_saberWallDamageScale\0.4\bg_fighterAltControl\0\g_showDuelHealths\0
[Sun Jul 06 18:45:43 2014]  ClientConnect: 0
[Sun Jul 06 18:45:53 2014]  ClientBegin: 0
[Sun Jul 06 18:46:19 2014]  ClientDisconnect: 0
[Sun Jul 06 20:45:37 2014]  Exit: Timelimit hit.
[Sun Jul 06 20:58:25 2014]  ClientConnect: 0
[Sun Jul 06 20:58:25 2014]  mlog:Player ^0G^6i^5th, connected. With IP - 78.11.4.9:29070 
[Sun Jul 06 20:58:51 2014]  ClientBegin: 0
[Sun Jul 06 20:59:05 2014]  print "^3Dz^7i^1HaD:C^7 @@@PLRENAME ^0GHOST^7(P^1L)
"[Sun Jul 06 20:59:06 2014]  ShutdownGame:
[Sun Jul 06 20:59:06 2014]  ------------------------------------------------------------
[Sun Jul 06 20:59:07 2014]  ------------------------------------------------------------
[Sun Jul 06 20:59:07 2014]  InitGame: \dmflags\0\fraglimit\0\timelimit\120\capturelimit\0\g_privateDuel\1\g_saberLocking\1\g_maxForceRank\7\duel_fraglimit\10\g_forceBasedTeams\0\g_duelWeaponDisable\65531\sv_hostname\^3Darkquake's Makermod Server\sv_maxclients\32\sv_maxRate\5000\sv_minPing\0\sv_maxPing\0\sv_floodProtect\0\sv_allowDownload\1\bot_minplayers\0\g_allowNPC\1\g_weaponDisable\0\g_forcePowerDisable\0\g_forceRegenTime\0\g_siegeTeamSwitch\1\g_siegeRespawn\20\g_debugMelee\1\g_noSpecMove\0\g_maxGameClients\0\g_jediVmerc\0\g_siegeTeam1\none\g_siegeTeam2\none\version\(internal)JAmp: v1.0.1.0 win-x86 Oct 30 2003\g_maxHolocronCarry\3\g_gametype\0\g_needpass\0\protocol\26\mapname\mp/siege_desert\sv_privateClients\0\g_stepSlideFix\1\gamename\MakerMod\g_saberWallDamageScale\0.4\bg_fighterAltControl\0\g_showDuelHealths\0
[Sun Jul 06 20:59:11 2014]  ClientConnect: 0
[Sun Jul 06 20:59:28 2014]  ClientBegin: 0
[Sun Jul 06 21:00:37 2014]  ClientDisconnect: 0
[Sun Jul 06 22:59:06 2014]  Exit: Timelimit hit.
