[Mon Jul 28 02:05:56 2014]  ------------------------------------------------------------
[Mon Jul 28 02:05:56 2014]  InitGame: \dmflags\0\fraglimit\0\timelimit\120\capturelimit\0\g_privateDuel\1\g_saberLocking\1\g_maxForceRank\7\duel_fraglimit\10\g_forceBasedTeams\0\g_duelWeaponDisable\65531\sv_hostname\^3Darkquake's Makermod Server\sv_maxclients\32\sv_maxRate\5000\sv_minPing\0\sv_maxPing\0\sv_floodProtect\0\sv_allowDownload\1\bot_minplayers\0\g_allowNPC\1\g_weaponDisable\0\g_forcePowerDisable\0\g_forceRegenTime\0\g_siegeTeamSwitch\1\g_siegeRespawn\20\g_debugMelee\1\g_noSpecMove\0\g_maxGameClients\0\g_jediVmerc\0\g_siegeTeam1\none\g_siegeTeam2\none\version\(internal)JAmp: v1.0.1.0 win-x86 Oct 30 2003\g_maxHolocronCarry\3\g_gametype\0\g_needpass\0\protocol\26\mapname\t2_trip\sv_privateClients\0\g_stepSlideFix\1\gamename\MakerMod\g_saberWallDamageScale\0.4\bg_fighterAltControl\0\g_showDuelHealths\0
[Mon Jul 28 02:05:58 2014]  ClientConnect: 0
[Mon Jul 28 02:05:58 2014]  ClientConnect: 1
[Mon Jul 28 02:06:06 2014]  ClientBegin: 1
[Mon Jul 28 02:06:08 2014]  ClientBegin: 0
[Mon Jul 28 02:06:34 2014]  print "Padawan^7 @@@PLRENAME reece
"[Mon Jul 28 02:09:20 2014]  Kill: 0 1 3: reece killed Gemmy by MOD_SABER
[Mon Jul 28 02:18:41 2014]  Kill: 1022 0 38: <world> killed reece by MOD_FALLING
[Mon Jul 28 02:19:14 2014]  ClientDisconnect: 1
[Mon Jul 28 02:19:48 2014]  ClientConnect: 1
[Mon Jul 28 02:19:48 2014]  mlog:Player Padawan, connected. With IP - 2.96.159.248:29070 
[Mon Jul 28 02:19:59 2014]  ClientBegin: 1
[Mon Jul 28 02:21:21 2014]  Kill: 0 1 3: reece killed Gemmy by MOD_SABER
[Mon Jul 28 02:21:27 2014]  Kill: 0 1 3: reece killed Gemmy by MOD_SABER
[Mon Jul 28 02:21:58 2014]  Kill: 0 1 3: reece killed Gemmy by MOD_SABER
[Mon Jul 28 02:23:03 2014]  Kill: 1 0 3: Gemmy killed reece by MOD_SABER
[Mon Jul 28 02:23:36 2014]  Kill: 1 0 3: Gemmy killed reece by MOD_SABER
[Mon Jul 28 02:23:59 2014]  Kill: 0 1 3: reece killed Gemmy by MOD_SABER
[Mon Jul 28 02:24:30 2014]  Kill: 1 0 3: Gemmy killed reece by MOD_SABER
[Mon Jul 28 02:25:21 2014]  Kill: 1 0 3: Gemmy killed reece by MOD_SABER
[Mon Jul 28 02:25:35 2014]  Kill: 1 0 3: Gemmy killed reece by MOD_SABER
[Mon Jul 28 02:25:57 2014]  Kill: 0 1 3: reece killed Gemmy by MOD_SABER
[Mon Jul 28 02:26:26 2014]  Kill: 0 1 3: reece killed Gemmy by MOD_SABER
[Mon Jul 28 02:27:18 2014]  Kill: 0 1 3: reece killed Gemmy by MOD_SABER
[Mon Jul 28 02:27:34 2014]  Kill: 1 0 3: Gemmy killed reece by MOD_SABER
[Mon Jul 28 02:29:14 2014]  Kill: 0 1 3: reece killed Gemmy by MOD_SABER
[Mon Jul 28 02:30:43 2014]  Kill: 1022 0 38: <world> killed reece by MOD_FALLING
[Mon Jul 28 02:31:04 2014]  Kill: 1 0 3: Gemmy killed reece by MOD_SABER
[Mon Jul 28 02:31:33 2014]  Kill: 0 1 3: reece killed Gemmy by MOD_SABER
[Mon Jul 28 02:31:45 2014]  Kill: 1 0 3: Gemmy killed reece by MOD_SABER
[Mon Jul 28 02:32:42 2014]  Kill: 0 1 3: reece killed Gemmy by MOD_SABER
[Mon Jul 28 02:32:47 2014]  Kill: 1 0 3: Gemmy killed reece by MOD_SABER
[Mon Jul 28 02:33:18 2014]  Kill: 0 1 3: reece killed Gemmy by MOD_SABER
[Mon Jul 28 02:33:25 2014]  Kill: 1 0 3: Gemmy killed reece by MOD_SABER
[Mon Jul 28 02:33:55 2014]  Kill: 1 0 3: Gemmy killed reece by MOD_SABER
[Mon Jul 28 02:35:01 2014]  Kill: 1 0 3: Gemmy killed reece by MOD_SABER
[Mon Jul 28 02:36:19 2014]  Kill: 1 0 3: Gemmy killed reece by MOD_SABER
[Mon Jul 28 02:36:40 2014]  Kill: 0 1 3: reece killed Gemmy by MOD_SABER
[Mon Jul 28 02:37:23 2014]  Kill: 0 1 3: reece killed Gemmy by MOD_SABER
[Mon Jul 28 02:37:39 2014]  Kill: 0 1 3: reece killed Gemmy by MOD_SABER
[Mon Jul 28 02:37:43 2014]  Kill: 1 0 3: Gemmy killed reece by MOD_SABER
[Mon Jul 28 02:39:41 2014]  Kill: 0 1 3: reece killed Gemmy by MOD_SABER
[Mon Jul 28 02:43:07 2014]  Kill: 1 0 3: Gemmy killed reece by MOD_SABER
[Mon Jul 28 02:43:52 2014]  Kill: 1 0 3: Gemmy killed reece by MOD_SABER
[Mon Jul 28 02:45:28 2014]  Kill: 1 0 3: Gemmy killed reece by MOD_SABER
[Mon Jul 28 02:45:40 2014]  Kill: 1 0 3: Gemmy killed reece by MOD_SABER
[Mon Jul 28 02:45:55 2014]  Kill: 1 0 3: Gemmy killed reece by MOD_SABER
[Mon Jul 28 02:46:12 2014]  Kill: 0 1 3: reece killed Gemmy by MOD_SABER
[Mon Jul 28 02:46:23 2014]  Kill: 0 1 3: reece killed Gemmy by MOD_SABER
[Mon Jul 28 02:46:52 2014]  Kill: 0 1 3: reece killed Gemmy by MOD_SABER
[Mon Jul 28 02:47:10 2014]  Kill: 1 0 3: Gemmy killed reece by MOD_SABER
[Mon Jul 28 02:47:34 2014]  Kill: 1 0 3: Gemmy killed reece by MOD_SABER
[Mon Jul 28 02:47:41 2014]  ClientDisconnect: 1
[Mon Jul 28 02:47:47 2014]  ClientDisconnect: 0
[Mon Jul 28 04:05:55 2014]  Exit: Timelimit hit.
[Tue Jul 29 19:03:07 2014]  ClientConnect: 0
[Tue Jul 29 19:03:07 2014]  mlog:Player ^1Sar^2kit, connected. With IP - 69.51.195.201:29070 
[Tue Jul 29 19:03:22 2014]  ClientBegin: 0
[Tue Jul 29 19:03:55 2014]  ShutdownGame:
[Tue Jul 29 19:03:55 2014]  ------------------------------------------------------------
