[Tue Mar 21 13:28:26 2017]  ------------------------------------------------------------
[Tue Mar 21 13:28:26 2017]  InitGame: \g_siegeTeam2\none\g_siegeTeam1\none\g_jediVmerc\0\g_maxGameClients\0\g_noSpecMove\0\g_debugMelee\1\g_siegeRespawn\20\g_siegeTeamSwitch\1\g_forceRegenTime\1\g_forcePowerDisable\0\g_weaponDisable\0\g_allowNPC\1\sv_allowDownload\0\sv_floodProtect\0\sv_maxPing\0\sv_minPing\0\sv_maxRate\5000\sv_maxclients\32\sv_hostname\^3Darkquake's Makermod Server\g_duelWeaponDisable\65531\g_forceBasedTeams\0\duel_fraglimit\10\g_maxForceRank\999\g_saberLocking\1\g_privateDuel\1\capturelimit\0\timelimit\120\fraglimit\0\dmflags\0\version\(internal)JAmp: v1.0.1.0 win-x86 Oct 30 2003\g_maxHolocronCarry\3\g_gametype\0\g_needpass\0\protocol\26\mapname\t2_trip\sv_privateClients\0\g_stepSlideFix\1\gamename\MakerMod\g_saberWallDamageScale\0.4\bg_fighterAltControl\0\g_showDuelHealths\0
[Tue Mar 21 14:45:30 2017]  ClientConnect: 0
[Tue Mar 21 14:45:30 2017]  mlog:Player Telp, connected. With IP - 73.19.166.208:29070 
[Tue Mar 21 14:45:48 2017]  ClientBegin: 0
[Tue Mar 21 14:46:22 2017]  ClientConnect: 1
[Tue Mar 21 14:46:22 2017]  mlog:Player ShoopDoop, connected. With IP - 24.214.58.80:29070 
[Tue Mar 21 14:46:48 2017]  ClientBegin: 1
[Tue Mar 21 14:46:55 2017]  Kill: 0 0 39: Telpersepholpalapilopolis killed Telpersepholpalapilopolis by MOD_SUICIDE
[Tue Mar 21 14:47:07 2017]  Kill: 0 1 3: Telpersepholpalapilopolis killed ShoopDoop by MOD_SABER
[Tue Mar 21 14:47:12 2017]  Kill: 0 0 39: Telpersepholpalapilopolis killed Telpersepholpalapilopolis by MOD_SUICIDE
[Tue Mar 21 14:47:19 2017]  Kill: 0 0 39: Telpersepholpalapilopolis killed Telpersepholpalapilopolis by MOD_SUICIDE
[Tue Mar 21 14:48:33 2017]  Kill: 0 1 3: Telpersepholpalapilopolis killed ShoopDoop by MOD_SABER
[Tue Mar 21 14:49:39 2017]  Kill: 0 1 3: Telpersepholpalapilopolis killed ShoopDoop by MOD_SABER
[Tue Mar 21 14:50:19 2017]  Kill: 0 1 3: Telpersepholpalapilopolis killed ShoopDoop by MOD_SABER
[Tue Mar 21 14:50:28 2017]  Kill: 1 0 3: ShoopDoop killed Telpersepholpalapilopolis by MOD_SABER
[Tue Mar 21 14:51:39 2017]  Kill: 0 1 3: Telpersepholpalapilopolis killed ShoopDoop by MOD_SABER
[Tue Mar 21 14:52:02 2017]  Kill: 0 1 3: Telpersepholpalapilopolis killed ShoopDoop by MOD_SABER
[Tue Mar 21 14:52:07 2017]  Kill: 1 0 3: ShoopDoop killed Telpersepholpalapilopolis by MOD_SABER
[Tue Mar 21 14:52:14 2017]  Kill: 0 1 3: Telpersepholpalapilopolis killed ShoopDoop by MOD_SABER
[Tue Mar 21 14:52:25 2017]  say: ShoopDoop: t
[Tue Mar 21 14:52:33 2017]  Kill: 0 1 3: Telpersepholpalapilopolis killed ShoopDoop by MOD_SABER
[Tue Mar 21 14:53:53 2017]  Kill: 1 0 5: ShoopDoop killed Telpersepholpalapilopolis by MOD_BRYAR_PISTOL_ALT
[Tue Mar 21 14:54:23 2017]  Kill: 1 0 3: ShoopDoop killed Telpersepholpalapilopolis by MOD_SABER
[Tue Mar 21 14:54:35 2017]  Kill: 0 1 3: Telpersepholpalapilopolis killed ShoopDoop by MOD_SABER
[Tue Mar 21 14:54:49 2017]  Kill: 0 1 3: Telpersepholpalapilopolis killed ShoopDoop by MOD_SABER
[Tue Mar 21 14:55:02 2017]  Kill: 1 0 3: ShoopDoop killed Telpersepholpalapilopolis by MOD_SABER
[Tue Mar 21 14:55:17 2017]  Kill: 0 1 3: Telpersepholpalapilopolis killed ShoopDoop by MOD_SABER
[Tue Mar 21 14:55:28 2017]  Kill: 0 1 3: Telpersepholpalapilopolis killed ShoopDoop by MOD_SABER
[Tue Mar 21 14:55:39 2017]  Kill: 1 0 3: ShoopDoop killed Telpersepholpalapilopolis by MOD_SABER
[Tue Mar 21 14:56:14 2017]  Kill: 1 0 3: ShoopDoop killed Telpersepholpalapilopolis by MOD_SABER
[Tue Mar 21 14:57:12 2017]  Kill: 0 1 3: Telpersepholpalapilopolis killed ShoopDoop by MOD_SABER
[Tue Mar 21 14:58:37 2017]  Kill: 0 1 5: Telpersepholpalapilopolis killed ShoopDoop by MOD_BRYAR_PISTOL_ALT
[Tue Mar 21 14:59:47 2017]  Kill: 0 1 3: Telpersepholpalapilopolis killed ShoopDoop by MOD_SABER
[Tue Mar 21 14:59:54 2017]  Kill: 0 0 39: Telpersepholpalapilopolis killed Telpersepholpalapilopolis by MOD_SUICIDE
[Tue Mar 21 15:00:11 2017]  ClientConnect: 2
[Tue Mar 21 15:00:11 2017]  mlog:Player Thugnasty, connected. With IP - 64.184.98.18:29070 
[Tue Mar 21 15:00:42 2017]  ClientBegin: 2
[Tue Mar 21 15:00:48 2017]  say: az^4.Thugnasty: hi
[Tue Mar 21 15:01:14 2017]  say: ShoopDoop: hey guys, joeysworld tour here
[Tue Mar 21 15:01:35 2017]  say: ShoopDoop: shaka bang ma ikia
[Tue Mar 21 15:02:22 2017]  Kill: 2 1 3: az^4.Thugnasty killed ShoopDoop by MOD_SABER
[Tue Mar 21 15:02:42 2017]  Kill: 2 0 3: az^4.Thugnasty killed Telpersepholpalapilopolis by MOD_SABER
[Tue Mar 21 15:03:17 2017]  say: az^4.Thugnasty: I like this server lol
[Tue Mar 21 15:03:29 2017]  say: ShoopDoop: XD
[Tue Mar 21 15:03:40 2017]  say: ShoopDoop: NIGGER
[Tue Mar 21 15:03:49 2017]  say: ShoopDoop: NIGGER
[Tue Mar 21 15:03:52 2017]  say: ShoopDoop: NIGGER
[Tue Mar 21 15:04:30 2017]  Kill: 2 0 3: az^4.Thugnasty killed Telpersepholpalapilopolis by MOD_SABER
[Tue Mar 21 15:04:37 2017]  say: az^4.Thugnasty: I also have my own server
[Tue Mar 21 15:04:42 2017]  Kill: 1022 1 36: <world> killed ShoopDoop by MOD_CRUSH
[Tue Mar 21 15:04:52 2017]  say: az^4.Thugnasty: if you guys ever wanna check it out I train people
[Tue Mar 21 15:04:59 2017]  say: ShoopDoop: HOW?
[Tue Mar 21 15:04:59 2017]  say: az^4.Thugnasty: its ..............................................ThugnastyAcademy
[Tue Mar 21 15:05:04 2017]  say: ShoopDoop: do it
[Tue Mar 21 15:05:09 2017]  say: ShoopDoop: train me daddy
[Tue Mar 21 15:05:19 2017]  say: ShoopDoop: or do you prefer master
[Tue Mar 21 15:05:39 2017]  Kill: 2 0 3: az^4.Thugnasty killed Telpersepholpalapilopolis by MOD_SABER
[Tue Mar 21 15:05:45 2017]  say: Telpersepholpalapilopolis: OH
[Tue Mar 21 15:05:46 2017]  say: az^4.Thugnasty: not today young padawan
[Tue Mar 21 15:05:52 2017]  say: Telpersepholpalapilopolis: you have god on
[Tue Mar 21 15:05:58 2017]  say: az^4.Thugnasty: lol I forgot
[Tue Mar 21 15:06:00 2017]  say: az^4.Thugnasty: im high
[Tue Mar 21 15:06:02 2017]  say: ShoopDoop: STICK IT IN MY ASS PLEASE
[Tue Mar 21 15:06:07 2017]  say: Telpersepholpalapilopolis: ur cool
[Tue Mar 21 15:06:17 2017]  Kill: 0 2 3: Telpersepholpalapilopolis killed az^4.Thugnasty by MOD_SABER
[Tue Mar 21 15:06:21 2017]  say: Telpersepholpalapilopolis: today?
[Tue Mar 21 15:06:27 2017]  say: az^4.Thugnasty: I dont like that parry thing
[Tue Mar 21 15:06:39 2017]  say: ShoopDoop: i dont like niggers
[Tue Mar 21 15:07:02 2017]  say: az^4.Thugnasty: that dont even happen in regular servers
[Tue Mar 21 15:07:09 2017]  say: ShoopDoop: it does though
[Tue Mar 21 15:07:11 2017]  Kill: 2 0 3: az^4.Thugnasty killed Telpersepholpalapilopolis by MOD_SABER
[Tue Mar 21 15:07:14 2017]  say: az^4.Thugnasty: it doesnt
[Tue Mar 21 15:07:23 2017]  say: ShoopDoop: u r dum XD
[Tue Mar 21 15:07:27 2017]  say: az^4.Thugnasty: that parry shit
[Tue Mar 21 15:07:33 2017]  say: az^4.Thugnasty: dont happen in regular servers
[Tue Mar 21 15:07:47 2017]  say: az^4.Thugnasty: I havent seen that since like 2010
[Tue Mar 21 15:07:52 2017]  say: az^4.Thugnasty: and I server surf a lot
[Tue Mar 21 15:07:56 2017]  say: az^4.Thugnasty: NIgga
[Tue Mar 21 15:08:02 2017]  say: ShoopDoop: NIGGER
[Tue Mar 21 15:08:08 2017]  say: az^4.Thugnasty: shutup lil bitch
[Tue Mar 21 15:08:32 2017]  say: ShoopDoop: that hurt my feelings ;-;
[Tue Mar 21 15:08:34 2017]  Kill: 2 0 3: az^4.Thugnasty killed Telpersepholpalapilopolis by MOD_SABER
[Tue Mar 21 15:08:42 2017]  say: Telpersepholpalapilopolis: thanks
[Tue Mar 21 15:08:43 2017]  Kill: 2 1 3: az^4.Thugnasty killed ShoopDoop by MOD_SABER
[Tue Mar 21 15:08:54 2017]  Kill: 1 2 3: ShoopDoop killed az^4.Thugnasty by MOD_SABER
[Tue Mar 21 15:09:02 2017]  Kill: 2 1 3: az^4.Thugnasty killed ShoopDoop by MOD_SABER
[Tue Mar 21 15:09:27 2017]  Kill: 0 1 29: Telpersepholpalapilopolis killed ShoopDoop by MOD_CONC
[Tue Mar 21 15:09:40 2017]  Kill: 0 2 30: Telpersepholpalapilopolis killed az^4.Thugnasty by MOD_CONC_ALT
[Tue Mar 21 15:09:42 2017]  say: az^4.Thugnasty: ow
[Tue Mar 21 15:09:52 2017]  Kill: 0 1 29: Telpersepholpalapilopolis killed ShoopDoop by MOD_CONC
[Tue Mar 21 15:10:12 2017]  Kill: 1 2 3: ShoopDoop killed az^4.Thugnasty by MOD_SABER
[Tue Mar 21 15:12:09 2017]  say: az^4.Thugnasty: Rancor wall LOL
[Tue Mar 21 15:12:22 2017]  say: az^4.Thugnasty: im fucking building on someone elses server XD
[Tue Mar 21 15:13:51 2017]  Kill: 2 2 39: az^4.Thugnasty killed az^4.Thugnasty by MOD_SUICIDE
[Tue Mar 21 15:16:03 2017]  Kill: 1 2 12: ShoopDoop killed az^4.Thugnasty by MOD_REPEATER
[Tue Mar 21 15:16:19 2017]  Kill: 0 0 39: Telpersepholpalapilopolis killed Telpersepholpalapilopolis by MOD_SUICIDE
[Tue Mar 21 15:16:29 2017]  Kill: 0 0 39: Telpersepholpalapilopolis killed Telpersepholpalapilopolis by MOD_SUICIDE
[Tue Mar 21 15:18:02 2017]  Kill: 1 0 3: ShoopDoop killed Telpersepholpalapilopolis by MOD_SABER
[Tue Mar 21 15:18:48 2017]  Kill: 1 1 27: ShoopDoop killed ShoopDoop by MOD_DET_PACK_SPLASH
[Tue Mar 21 15:18:48 2017]  Kill: 1 0 27: ShoopDoop killed Telpersepholpalapilopolis by MOD_DET_PACK_SPLASH
[Tue Mar 21 15:18:53 2017]  Kill: 0 1 37: Telpersepholpalapilopolis killed ShoopDoop by MOD_TELEFRAG
[Tue Mar 21 15:19:14 2017]  say: ShoopDoop: godmdoe
[Tue Mar 21 15:19:19 2017]  say: ShoopDoop: godmode
[Tue Mar 21 15:19:58 2017]  ClientDisconnect: 0
[Tue Mar 21 15:20:02 2017]  ClientDisconnect: 1
[Tue Mar 21 15:21:19 2017]  ClientDisconnect: 2
