[Sat Mar 04 19:00:22 2017]  ------------------------------------------------------------
[Sat Mar 04 19:00:22 2017]  InitGame: \dmflags\0\fraglimit\0\timelimit\120\capturelimit\0\g_privateDuel\1\g_saberLocking\1\g_maxForceRank\999\duel_fraglimit\10\g_forceBasedTeams\0\g_duelWeaponDisable\65531\sv_hostname\^3Darkquake's Makermod Server\sv_maxclients\32\sv_maxRate\5000\sv_minPing\0\sv_maxPing\0\sv_floodProtect\0\sv_allowDownload\0\g_allowNPC\1\g_weaponDisable\0\g_forcePowerDisable\0\g_forceRegenTime\1\g_siegeTeamSwitch\1\g_siegeRespawn\20\g_debugMelee\1\g_noSpecMove\0\g_maxGameClients\0\g_jediVmerc\0\g_siegeTeam1\none\g_siegeTeam2\none\version\(internal)JAmp: v1.0.1.0 win-x86 Oct 30 2003\g_maxHolocronCarry\3\g_gametype\0\g_needpass\0\protocol\26\mapname\t2_trip\sv_privateClients\0\g_stepSlideFix\1\gamename\MakerMod\g_saberWallDamageScale\0.4\bg_fighterAltControl\0\g_showDuelHealths\0
[Sat Mar 04 19:18:14 2017]  ClientConnect: 0
[Sat Mar 04 19:18:14 2017]  mlog:Player sed, connected. With IP - 31.28.116.167:29070 
[Sat Mar 04 19:18:48 2017]  ClientBegin: 0
[Sat Mar 04 19:20:02 2017]  ClientDisconnect: 0
[Sat Mar 04 19:26:14 2017]  ClientConnect: 0
[Sat Mar 04 19:26:14 2017]  mlog:Player sed, connected. With IP - 31.28.116.167:29070 
[Sat Mar 04 19:26:44 2017]  ClientBegin: 0
[Sat Mar 04 19:28:47 2017]  ClientDisconnect: 0
[Sat Mar 04 19:34:03 2017]  ClientConnect: 0
[Sat Mar 04 19:34:03 2017]  mlog:Player sed, connected. With IP - 31.28.116.167:29070 
[Sat Mar 04 19:34:32 2017]  ClientBegin: 0
[Sat Mar 04 19:35:08 2017]  ClientDisconnect: 0
[Sat Mar 04 19:36:05 2017]  ClientConnect: 0
[Sat Mar 04 19:36:05 2017]  mlog:Player sed, connected. With IP - 31.28.116.167:29070 
[Sat Mar 04 19:36:34 2017]  ClientBegin: 0
[Sat Mar 04 19:37:12 2017]  ClientDisconnect: 0
[Sat Mar 04 20:04:17 2017]  ClientConnect: 0
[Sat Mar 04 20:04:17 2017]  mlog:Player sed, connected. With IP - 31.28.116.167:29070 
[Sat Mar 04 20:04:48 2017]  ClientBegin: 0
[Sat Mar 04 20:05:37 2017]  ClientDisconnect: 0
[Sat Mar 04 20:10:33 2017]  ClientConnect: 0
[Sat Mar 04 20:10:33 2017]  mlog:Player sed, connected. With IP - 31.28.116.167:29070 
[Sat Mar 04 20:11:04 2017]  ClientBegin: 0
[Sat Mar 04 20:11:24 2017]  ClientDisconnect: 0
[Sat Mar 04 20:13:22 2017]  ClientConnect: 0
[Sat Mar 04 20:13:22 2017]  mlog:Player sed, connected. With IP - 31.28.116.167:29070 
[Sat Mar 04 20:13:59 2017]  ClientBegin: 0
[Sat Mar 04 20:15:18 2017]  ClientDisconnect: 0
[Sat Mar 04 20:20:42 2017]  ClientConnect: 0
[Sat Mar 04 20:20:42 2017]  mlog:Player sed, connected. With IP - 31.28.116.167:29070 
[Sat Mar 04 20:21:13 2017]  ClientBegin: 0
[Sat Mar 04 20:22:55 2017]  ClientDisconnect: 0
[Sat Mar 04 20:25:06 2017]  ClientConnect: 0
[Sat Mar 04 20:25:06 2017]  mlog:Player sed, connected. With IP - 31.28.116.167:29070 
[Sat Mar 04 20:25:37 2017]  ClientBegin: 0
[Sat Mar 04 20:26:31 2017]  ClientDisconnect: 0
[Sat Mar 04 20:28:04 2017]  ClientConnect: 0
[Sat Mar 04 20:28:04 2017]  mlog:Player sed, connected. With IP - 31.28.116.167:29070 
[Sat Mar 04 20:28:36 2017]  ClientBegin: 0
[Sat Mar 04 20:29:29 2017]  ClientDisconnect: 0
[Sat Mar 04 20:30:22 2017]  ClientConnect: 0
[Sat Mar 04 20:30:22 2017]  mlog:Player sed, connected. With IP - 31.28.116.167:29070 
[Sat Mar 04 20:30:53 2017]  ClientBegin: 0
[Sat Mar 04 20:32:25 2017]  ClientDisconnect: 0
[Sat Mar 04 20:53:07 2017]  ClientConnect: 0
[Sat Mar 04 20:53:07 2017]  mlog:Player ^0Shadow^5seer, connected. With IP - 93.185.19.23:16260 
[Sat Mar 04 20:53:28 2017]  ClientBegin: 0
[Sat Mar 04 20:53:34 2017]  Item: 0 weapon_melee
[Sat Mar 04 20:57:18 2017]  ClientDisconnect: 0
[Sun Mar 05 05:27:49 2017]  ClientConnect: 0
[Sun Mar 05 05:27:49 2017]  mlog:Player sed, connected. With IP - 31.28.116.167:29070 
[Sun Mar 05 05:28:23 2017]  ClientBegin: 0
[Sun Mar 05 05:34:01 2017]  Kill: 1022 0 38: <world> killed sed by MOD_FALLING
[Sun Mar 05 05:34:12 2017]  ClientDisconnect: 0
[Sun Mar 05 11:55:33 2017]  ClientConnect: 0
[Sun Mar 05 11:55:33 2017]  mlog:Player sed, connected. With IP - 31.28.116.167:29070 
[Sun Mar 05 11:56:10 2017]  ClientBegin: 0
[Sun Mar 05 11:58:57 2017]  ClientDisconnect: 0
[Mon Mar 06 06:07:47 2017]  ClientConnect: 0
[Mon Mar 06 06:07:47 2017]  mlog:Player Padawan, connected. With IP - 96.42.83.207:29070 
[Mon Mar 06 06:08:10 2017]  ClientConnect: 1
[Mon Mar 06 06:08:10 2017]  mlog:Player Literally Hitler, connected. With IP - 68.46.118.142:29070 
[Mon Mar 06 06:08:12 2017]  ClientBegin: 0
[Mon Mar 06 06:08:37 2017]  ClientBegin: 1
[Mon Mar 06 06:08:54 2017]  Kill: 0 1 3: Padawan killed Literally Hitler by MOD_SABER
[Mon Mar 06 06:11:57 2017]  Kill: 1 0 3: Literally Hitler killed Padawan by MOD_SABER
[Mon Mar 06 06:12:17 2017]  Kill: 1 0 3: Literally Hitler killed Padawan by MOD_SABER
[Mon Mar 06 06:12:54 2017]  Kill: 1 0 3: Literally Hitler killed Padawan by MOD_SABER
[Mon Mar 06 06:14:09 2017]  Kill: 1 0 3: Literally Hitler killed Padawan by MOD_SABER
[Mon Mar 06 06:14:45 2017]  Kill: 0 1 3: Padawan killed Literally Hitler by MOD_SABER
[Mon Mar 06 06:25:01 2017]  Kill: 1022 0 38: <world> killed Padawan by MOD_FALLING
[Mon Mar 06 06:25:11 2017]  Kill: 1022 1 38: <world> killed Literally Hitler by MOD_FALLING
[Mon Mar 06 06:25:31 2017]  Kill: 1 0 3: Literally Hitler killed Padawan by MOD_SABER
[Mon Mar 06 06:26:34 2017]  Kill: 1 0 3: Literally Hitler killed Padawan by MOD_SABER
[Mon Mar 06 06:27:24 2017]  Kill: 1 0 3: Literally Hitler killed Padawan by MOD_SABER
[Mon Mar 06 06:28:35 2017]  Kill: 0 1 31: Padawan killed Literally Hitler by MOD_FORCE_DARK
[Mon Mar 06 06:28:59 2017]  Kill: 1 0 3: Literally Hitler killed Padawan by MOD_SABER
[Mon Mar 06 06:31:03 2017]  Kill: 1 0 3: Literally Hitler killed Padawan by MOD_SABER
[Mon Mar 06 06:32:30 2017]  Kill: 0 1 3: Padawan killed Literally Hitler by MOD_SABER
[Mon Mar 06 06:33:28 2017]  Kill: 0 1 31: Padawan killed Literally Hitler by MOD_FORCE_DARK
[Mon Mar 06 06:34:59 2017]  Kill: 1 0 3: Literally Hitler killed Padawan by MOD_SABER
[Mon Mar 06 06:35:38 2017]  ClientConnect: 2
[Mon Mar 06 06:35:38 2017]  mlog:Player :^1), connected. With IP - 210.10.176.201:29070 
[Mon Mar 06 06:36:07 2017]  print "Padawan^7 @@@PLRENAME odox
"[Mon Mar 06 06:36:48 2017]  ClientBegin: 2
[Mon Mar 06 06:36:52 2017]  Kill: 2 2 39: The Lamer-Man killed The Lamer-Man by MOD_SUICIDE
[Mon Mar 06 06:36:52 2017]  setteam:  2 FREE SPECTATOR
[Mon Mar 06 06:36:52 2017]  ClientBegin: 2
[Mon Mar 06 06:36:57 2017]  setteam:  2 SPECTATOR SPECTATOR
[Mon Mar 06 06:36:57 2017]  ClientBegin: 2
[Mon Mar 06 06:37:03 2017]  setteam:  2 SPECTATOR FREE
[Mon Mar 06 06:37:03 2017]  ClientBegin: 2
[Mon Mar 06 06:37:06 2017]  say: The Lamer-Man: hmm
[Mon Mar 06 06:37:12 2017]  say: The Lamer-Man: time to kill prawns
[Mon Mar 06 06:37:15 2017]  say: Literally Hitler: HELLO YOUNG OTAKU
[Mon Mar 06 06:37:34 2017]  Kill: 2 1 3: The Lamer-Man killed Literally Hitler by MOD_SABER
[Mon Mar 06 06:37:38 2017]  say: The Lamer-Man: !
[Mon Mar 06 06:37:40 2017]  say: The Lamer-Man: next!
[Mon Mar 06 06:37:47 2017]  say: The Lamer-Man: you will rage quir
[Mon Mar 06 06:37:49 2017]  say: The Lamer-Man: quit
[Mon Mar 06 06:37:51 2017]  say: The Lamer-Man: give up now
[Mon Mar 06 06:37:56 2017]  Kill: 2 1 3: The Lamer-Man killed Literally Hitler by MOD_SABER
[Mon Mar 06 06:37:59 2017]  say: The Lamer-Man: lol
[Mon Mar 06 06:38:08 2017]  say: Literally Hitler: WAT IS HAPPENING
[Mon Mar 06 06:38:23 2017]  Kill: 2 0 31: The Lamer-Man killed odox by MOD_FORCE_DARK
[Mon Mar 06 06:38:33 2017]  say: The Lamer-Man: your death
[Mon Mar 06 06:38:43 2017]  Kill: 2 1 31: The Lamer-Man killed Literally Hitler by MOD_FORCE_DARK
[Mon Mar 06 06:38:53 2017]  Kill: 2 0 31: The Lamer-Man killed odox by MOD_FORCE_DARK
[Mon Mar 06 06:38:59 2017]  say: The Lamer-Man: i am god
[Mon Mar 06 06:39:06 2017]  say: Literally Hitler: I SHALL CALL YOU
[Mon Mar 06 06:39:06 2017]  say: odox: cool bro
[Mon Mar 06 06:39:10 2017]  say: Literally Hitler: DARTH MAGNUS
[Mon Mar 06 06:39:19 2017]  say: odox: master
[Mon Mar 06 06:39:25 2017]  Kill: 2 1 29: The Lamer-Man killed Literally Hitler by MOD_CONC
[Mon Mar 06 06:39:54 2017]  say: odox: well you ruined our fun
[Mon Mar 06 06:40:10 2017]  say: The Lamer-Man: lies
[Mon Mar 06 06:40:21 2017]  Kill: 2 0 20: The Lamer-Man killed odox by MOD_ROCKET_SPLASH
[Mon Mar 06 06:40:24 2017]  say: The Lamer-Man: LOL
[Mon Mar 06 06:40:35 2017]  say: The Lamer-Man: my minion will kill you
[Mon Mar 06 06:41:56 2017]  say: The Lamer-Man: kill them
[Mon Mar 06 06:42:13 2017]  Kill: 1022 0 3: <world> killed odox by MOD_SABER
[Mon Mar 06 06:42:15 2017]  Kill: 2 1 10: The Lamer-Man killed Literally Hitler by MOD_DISRUPTOR_SNIPER
[Mon Mar 06 06:42:20 2017]  say: The Lamer-Man: hahaha
[Mon Mar 06 06:42:27 2017]  Kill: 1022 0 3: <world> killed odox by MOD_SABER
[Mon Mar 06 06:42:28 2017]  say: Literally Hitler: THIS SOME SAO SHIT
[Mon Mar 06 06:42:40 2017]  say: The Lamer-Man: xDD
[Mon Mar 06 06:43:06 2017]  Kill: 1022 1 3: <world> killed Literally Hitler by MOD_SABER
[Mon Mar 06 06:43:12 2017]  say: The Lamer-Man: they are strong
[Mon Mar 06 06:43:30 2017]  Kill: 0 1 3: odox killed Literally Hitler by MOD_SABER
[Mon Mar 06 06:43:35 2017]  Kill: 2 0 10: The Lamer-Man killed odox by MOD_DISRUPTOR_SNIPER
[Mon Mar 06 06:43:40 2017]  say: The Lamer-Man: DISINTEGRATIOn
[Mon Mar 06 06:43:46 2017]  say: The Lamer-Man: good
[Mon Mar 06 06:43:50 2017]  say: The Lamer-Man: ^1Goooood
[Mon Mar 06 06:44:07 2017]  say: The Lamer-Man: in time 
[Mon Mar 06 06:44:07 2017]  Kill: 1 2 3: Literally Hitler killed The Lamer-Man by MOD_SABER
[Mon Mar 06 06:44:10 2017]  say: The Lamer-Man: why you!
[Mon Mar 06 06:44:16 2017]  say: The Lamer-Man: oox
[Mon Mar 06 06:44:18 2017]  say: The Lamer-Man: odox
[Mon Mar 06 06:44:20 2017]  say: The Lamer-Man: kill him
[Mon Mar 06 06:44:23 2017]  say: The Lamer-Man: and i may spare you
[Mon Mar 06 06:45:06 2017]  Kill: 1 0 3: Literally Hitler killed odox by MOD_SABER
[Mon Mar 06 06:45:19 2017]  Kill: 1 2 3: Literally Hitler killed The Lamer-Man by MOD_SABER
[Mon Mar 06 06:45:22 2017]  Kill: 0 1 3: odox killed Literally Hitler by MOD_SABER
[Mon Mar 06 06:45:22 2017]  say: The Lamer-Man: impossible!
[Mon Mar 06 06:45:38 2017]  say: Literally Hitler: i have outDONE YOU MASTER
[Mon Mar 06 06:45:40 2017]  Kill: 2 1 3: The Lamer-Man killed Literally Hitler by MOD_SABER
[Mon Mar 06 06:45:42 2017]  say: The Lamer-Man: no
[Mon Mar 06 06:45:47 2017]  Kill: 2 1 3: The Lamer-Man killed Literally Hitler by MOD_SABER
[Mon Mar 06 06:45:57 2017]  Kill: 2 1 31: The Lamer-Man killed Literally Hitler by MOD_FORCE_DARK
[Mon Mar 06 06:45:57 2017]  say: Literally Hitler: power
[Mon Mar 06 06:45:59 2017]  say: odox: please
[Mon Mar 06 06:46:02 2017]  say: The Lamer-Man: UNLIMITEEED POWER
[Mon Mar 06 06:46:04 2017]  say: odox: hes my old master
[Mon Mar 06 06:46:16 2017]  say: The Lamer-Man: hmm we shall see
[Mon Mar 06 06:46:19 2017]  Kill: 0 1 3: odox killed Literally Hitler by MOD_SABER
[Mon Mar 06 06:46:20 2017]  say: The Lamer-Man: you must survive
[Mon Mar 06 06:46:23 2017]  say: The Lamer-Man: against my PET
[Mon Mar 06 06:46:38 2017]  say: Literally Hitler: WTF
[Mon Mar 06 06:46:52 2017]  say: The Lamer-Man: i am ^3GOD!
[Mon Mar 06 06:47:03 2017]  say: Literally Hitler: It seems to be domesticated
[Mon Mar 06 06:47:10 2017]  say: The Lamer-Man: he is tame...for now
[Mon Mar 06 06:47:36 2017]  Kill: 1022 2 36: <world> killed The Lamer-Man by MOD_CRUSH
[Mon Mar 06 06:47:40 2017]  say: The Lamer-Man: lol!
[Mon Mar 06 06:48:20 2017]  say: Literally Hitler: it looked like it was suffering
[Mon Mar 06 06:48:24 2017]  say: odox: mater
[Mon Mar 06 06:48:27 2017]  say: Literally Hitler: otow
[Mon Mar 06 06:48:32 2017]  say: odox: master
[Mon Mar 06 06:48:42 2017]  say: The Lamer-Man: you have your hands full
[Mon Mar 06 06:48:46 2017]  say: The Lamer-Man: who will survive?
[Mon Mar 06 06:48:54 2017]  Kill: 2 1 3: The Lamer-Man killed Literally Hitler by MOD_SABER
[Mon Mar 06 06:49:11 2017]  say: The Lamer-Man: theres too many
[Mon Mar 06 06:49:19 2017]  Kill: 1022 1 3: <world> killed Literally Hitler by MOD_SABER
[Mon Mar 06 06:49:44 2017]  Kill: 0 1 3: odox killed Literally Hitler by MOD_SABER
[Mon Mar 06 06:49:49 2017]  say: The Lamer-Man: ha ha ha
[Mon Mar 06 06:50:43 2017]  say: The Lamer-Man: the rocket pursues!
[Mon Mar 06 06:50:43 2017]  say: odox: master
[Mon Mar 06 06:50:55 2017]  say: The Lamer-Man: xD
[Mon Mar 06 06:51:06 2017]  Kill: 2 1 22: The Lamer-Man killed Literally Hitler by MOD_ROCKET_HOMING_SPLASH
[Mon Mar 06 06:51:14 2017]  say: The Lamer-Man: haha good my apprentice goooood
[Mon Mar 06 06:51:29 2017]  say: odox: whats my name
[Mon Mar 06 06:51:33 2017]  say: The Lamer-Man: odox
[Mon Mar 06 06:51:36 2017]  say: The Lamer-Man: hmm
[Mon Mar 06 06:51:38 2017]  say: The Lamer-Man: Darth Odox
[Mon Mar 06 06:51:55 2017]  print "odox^7 @@@PLRENAME Darth Odox
"[Mon Mar 06 06:52:01 2017]  say: The Lamer-Man: gooood....GOOOOOOOD
[Mon Mar 06 06:52:12 2017]  say: The Lamer-Man: get him!
[Mon Mar 06 06:52:14 2017]  Kill: 1 0 3: Literally Hitler killed Darth Odox by MOD_SABER
[Mon Mar 06 06:52:37 2017]  Kill: 0 1 3: Darth Odox killed Literally Hitler by MOD_SABER
[Mon Mar 06 06:52:44 2017]  say: The Lamer-Man: good my apprentice
[Mon Mar 06 06:52:45 2017]  say: The Lamer-Man: good
[Mon Mar 06 06:52:50 2017]  say: The Lamer-Man: he is no match for you
[Mon Mar 06 06:52:57 2017]  say: The Lamer-Man: I grow with power
[Mon Mar 06 06:53:13 2017]  say: Darth Odox: we must persue him master
[Mon Mar 06 06:53:16 2017]  say: The Lamer-Man: agreed
[Mon Mar 06 06:53:38 2017]  say: The Lamer-Man: where is he?
[Mon Mar 06 06:53:43 2017]  say: The Lamer-Man: there
[Mon Mar 06 06:53:48 2017]  Kill: 1 2 3: Literally Hitler killed The Lamer-Man by MOD_SABER
[Mon Mar 06 06:53:55 2017]  say: The Lamer-Man: its a trap!
[Mon Mar 06 06:53:59 2017]  Kill: 1 0 3: Literally Hitler killed Darth Odox by MOD_SABER
[Mon Mar 06 06:54:07 2017]  say: Literally Hitler: I AM THE MASTER IN THIS REALM
[Mon Mar 06 06:54:11 2017]  say: The Lamer-Man: no
[Mon Mar 06 06:54:13 2017]  say: The Lamer-Man: prepare to die
[Mon Mar 06 06:54:19 2017]  say: Darth Odox: master we must retreat and train further
[Mon Mar 06 06:54:54 2017]  Kill: 2 1 31: The Lamer-Man killed Literally Hitler by MOD_FORCE_DARK
[Mon Mar 06 06:54:59 2017]  say: The Lamer-Man: he is nothing
[Mon Mar 06 06:55:03 2017]  say: The Lamer-Man: well done my apprentice
[Mon Mar 06 06:55:12 2017]  say: The Lamer-Man: come
[Mon Mar 06 06:55:43 2017]  say: The Lamer-Man: he will be here
[Mon Mar 06 06:55:49 2017]  say: Darth Odox: train me master
[Mon Mar 06 06:55:49 2017]  say: The Lamer-Man: we will ambush him
[Mon Mar 06 06:55:54 2017]  say: The Lamer-Man: very well
[Mon Mar 06 06:55:56 2017]  say: The Lamer-Man: come
[Mon Mar 06 06:56:00 2017]  say: The Lamer-Man: wait hes here!
[Mon Mar 06 06:56:03 2017]  Kill: 2 1 3: The Lamer-Man killed Literally Hitler by MOD_SABER
[Mon Mar 06 06:56:22 2017]  say: Darth Odox: we must no persue
[Mon Mar 06 06:56:34 2017]  say: Darth Odox: follow me to our base master
[Mon Mar 06 06:56:41 2017]  say: The Lamer-Man: gotta go bbl :)
[Mon Mar 06 06:56:42 2017]  ClientDisconnect: 2
[Mon Mar 06 06:56:46 2017]  say: Literally Hitler: aw
[Mon Mar 06 06:57:24 2017]  Kill: 0 1 3: Darth Odox killed Literally Hitler by MOD_SABER
[Mon Mar 06 06:58:06 2017]  ClientDisconnect: 1
[Mon Mar 06 06:58:07 2017]  ClientDisconnect: 0
