[Thu Mar 23 17:12:47 2017]  ------------------------------------------------------------
[Thu Mar 23 17:12:47 2017]  InitGame: \dmflags\0\fraglimit\0\timelimit\120\capturelimit\0\g_privateDuel\1\g_saberLocking\1\g_maxForceRank\999\duel_fraglimit\10\g_forceBasedTeams\0\g_duelWeaponDisable\65531\sv_hostname\^3Darkquake's Makermod Server\sv_maxclients\32\sv_maxRate\5000\sv_minPing\0\sv_maxPing\0\sv_floodProtect\0\sv_allowDownload\0\g_allowNPC\1\g_weaponDisable\0\g_forcePowerDisable\0\g_forceRegenTime\1\g_siegeTeamSwitch\1\g_siegeRespawn\20\g_debugMelee\1\g_noSpecMove\0\g_maxGameClients\0\g_jediVmerc\0\g_siegeTeam1\none\g_siegeTeam2\none\version\(internal)JAmp: v1.0.1.0 win-x86 Oct 30 2003\g_maxHolocronCarry\3\g_gametype\0\g_needpass\0\protocol\26\mapname\t2_trip\sv_privateClients\0\g_stepSlideFix\1\gamename\MakerMod\g_saberWallDamageScale\0.4\bg_fighterAltControl\0\g_showDuelHealths\0
[Thu Mar 23 20:23:09 2017]  ClientConnect: 0
[Thu Mar 23 20:23:09 2017]  mlog:Player ^0_^4Re^2^1@^4ver^0_, connected. With IP - 69.246.144.93:29070 
[Thu Mar 23 20:23:38 2017]  ClientBegin: 0
[Thu Mar 23 20:23:47 2017]  say: ^0_^4Re^2^1@^4ver^0_: npc spawn
[Thu Mar 23 20:24:05 2017]  ClientConnect: 1
[Thu Mar 23 20:24:05 2017]  mlog:Player BarBarBinks, connected. With IP - 85.218.98.62:-4743 
[Thu Mar 23 20:24:27 2017]  ClientBegin: 1
[Thu Mar 23 20:25:32 2017]  say: Kenooby: hi
[Thu Mar 23 20:25:36 2017]  say: ^0_^4Re^2^1@^4ver^0_: hi
[Thu Mar 23 20:25:37 2017]  say: ^0_^4Re^2^1@^4ver^0_: ya
[Thu Mar 23 20:25:59 2017]  ClientDisconnect: 1
[Thu Mar 23 20:28:53 2017]  Kill: 1022 0 38: <world> killed ^0_^4Re^2^1@^4ver^0_ by MOD_FALLING
[Thu Mar 23 20:29:03 2017]  Kill: 0 0 39: ^0_^4Re^2^1@^4ver^0_ killed ^0_^4Re^2^1@^4ver^0_ by MOD_SUICIDE
[Thu Mar 23 20:29:32 2017]  ClientConnect: 1
[Thu Mar 23 20:29:32 2017]  mlog:Player Padawan, connected. With IP - 73.193.26.124:29070 
[Thu Mar 23 20:29:35 2017]  ClientDisconnect: 0
[Thu Mar 23 20:29:36 2017]  ClientDisconnect: 0
[Thu Mar 23 20:29:36 2017]  ClientConnect: 0
[Thu Mar 23 20:29:36 2017]  mlog:Player ^0_^4Re^2^1@^4ver^0_, connected. With IP - 69.246.144.93:29070 
[Thu Mar 23 20:29:49 2017]  ClientBegin: 0
[Thu Mar 23 20:30:09 2017]  ClientBegin: 1
[Thu Mar 23 20:30:31 2017]  Kill: 0 1 2: ^0_^4Re^2^1@^4ver^0_ killed Padawan by MOD_MELEE
[Thu Mar 23 20:30:56 2017]  say: ^0_^4Re^2^1@^4ver^0_: npc spawn reborn
[Thu Mar 23 20:33:00 2017]  say: ^0_^4Re^2^1@^4ver^0_: otarget
[Thu Mar 23 20:33:10 2017]  Kill: 0 1 3: ^0_^4Re^2^1@^4ver^0_ killed Padawan by MOD_SABER
[Thu Mar 23 20:33:29 2017]  Kill: 0 0 27: ^0_^4Re^2^1@^4ver^0_ killed ^0_^4Re^2^1@^4ver^0_ by MOD_DET_PACK_SPLASH
[Thu Mar 23 20:34:37 2017]  Kill: 1 0 3: Padawan killed ^0_^4Re^2^1@^4ver^0_ by MOD_SABER
[Thu Mar 23 20:34:43 2017]  say: ^0_^4Re^2^1@^4ver^0_: fuck
[Thu Mar 23 20:34:46 2017]  say: Padawan: get fuked
[Thu Mar 23 20:34:47 2017]  Kill: 1022 1 3: <world> killed Padawan by MOD_SABER
[Thu Mar 23 20:35:00 2017]  say: Padawan: h*ck
[Thu Mar 23 20:35:05 2017]  say: ^0_^4Re^2^1@^4ver^0_: ^4 meme
[Thu Mar 23 20:35:10 2017]  say: Padawan: stop that
[Thu Mar 23 20:35:12 2017]  Kill: 0 0 39: ^0_^4Re^2^1@^4ver^0_ killed ^0_^4Re^2^1@^4ver^0_ by MOD_SUICIDE
[Thu Mar 23 20:35:39 2017]  say: ^0_^4Re^2^1@^4ver^0_: mplace
[Thu Mar 23 20:35:50 2017]  say: ^0_^4Re^2^1@^4ver^0_: noclip
[Thu Mar 23 20:35:56 2017]  say: ^0_^4Re^2^1@^4ver^0_: /noclip
[Thu Mar 23 20:36:09 2017]  Kill: 1 0 3: Padawan killed ^0_^4Re^2^1@^4ver^0_ by MOD_SABER
[Thu Mar 23 20:36:34 2017]  Kill: 0 1 3: ^0_^4Re^2^1@^4ver^0_ killed Padawan by MOD_SABER
[Thu Mar 23 20:36:37 2017]  Kill: 0 0 39: ^0_^4Re^2^1@^4ver^0_ killed ^0_^4Re^2^1@^4ver^0_ by MOD_SUICIDE
[Thu Mar 23 20:36:48 2017]  Kill: 1 0 3: Padawan killed ^0_^4Re^2^1@^4ver^0_ by MOD_SABER
[Thu Mar 23 20:37:06 2017]  Kill: 1 0 3: Padawan killed ^0_^4Re^2^1@^4ver^0_ by MOD_SABER
[Thu Mar 23 20:37:41 2017]  Kill: 1022 1 2: <world> killed Padawan by MOD_MELEE
[Thu Mar 23 20:39:32 2017]  Kill: 1022 0 2: <world> killed ^0_^4Re^2^1@^4ver^0_ by MOD_MELEE
[Thu Mar 23 20:39:49 2017]  Kill: 1022 1 2: <world> killed Padawan by MOD_MELEE
[Thu Mar 23 20:41:23 2017]  say: Padawan: gay
[Thu Mar 23 20:41:31 2017]  say: ^0_^4Re^2^1@^4ver^0_: ^4^ no you
[Thu Mar 23 20:42:59 2017]  Kill: 1022 1 20: <world> killed Padawan by MOD_ROCKET_SPLASH
[Thu Mar 23 20:43:39 2017]  Kill: 1022 1 20: <world> killed Padawan by MOD_ROCKET_SPLASH
[Thu Mar 23 20:44:04 2017]  Kill: 1022 1 20: <world> killed Padawan by MOD_ROCKET_SPLASH
[Thu Mar 23 20:44:50 2017]  Kill: 1 0 5: Padawan killed ^0_^4Re^2^1@^4ver^0_ by MOD_BRYAR_PISTOL_ALT
[Thu Mar 23 20:45:17 2017]  Kill: 1 0 5: Padawan killed ^0_^4Re^2^1@^4ver^0_ by MOD_BRYAR_PISTOL_ALT
[Thu Mar 23 20:45:40 2017]  Kill: 1022 1 20: <world> killed Padawan by MOD_ROCKET_SPLASH
[Thu Mar 23 20:46:12 2017]  Kill: 1022 0 19: <world> killed ^0_^4Re^2^1@^4ver^0_ by MOD_ROCKET
[Thu Mar 23 20:46:59 2017]  Kill: 1 0 3: Padawan killed ^0_^4Re^2^1@^4ver^0_ by MOD_SABER
[Thu Mar 23 20:47:43 2017]  Kill: 0 0 39: ^0_^4Re^2^1@^4ver^0_ killed ^0_^4Re^2^1@^4ver^0_ by MOD_SUICIDE
[Thu Mar 23 20:47:46 2017]  Kill: 0 0 39: ^0_^4Re^2^1@^4ver^0_ killed ^0_^4Re^2^1@^4ver^0_ by MOD_SUICIDE
[Thu Mar 23 20:47:49 2017]  Kill: 0 0 39: ^0_^4Re^2^1@^4ver^0_ killed ^0_^4Re^2^1@^4ver^0_ by MOD_SUICIDE
[Thu Mar 23 20:47:53 2017]  Kill: 0 0 39: ^0_^4Re^2^1@^4ver^0_ killed ^0_^4Re^2^1@^4ver^0_ by MOD_SUICIDE
[Thu Mar 23 20:47:57 2017]  Kill: 0 0 39: ^0_^4Re^2^1@^4ver^0_ killed ^0_^4Re^2^1@^4ver^0_ by MOD_SUICIDE
[Thu Mar 23 20:48:11 2017]  Kill: 1 0 3: Padawan killed ^0_^4Re^2^1@^4ver^0_ by MOD_SABER
[Thu Mar 23 20:48:16 2017]  Kill: 0 0 39: ^0_^4Re^2^1@^4ver^0_ killed ^0_^4Re^2^1@^4ver^0_ by MOD_SUICIDE
[Thu Mar 23 20:48:38 2017]  Kill: 1022 0 3: <world> killed ^0_^4Re^2^1@^4ver^0_ by MOD_SABER
[Thu Mar 23 20:48:52 2017]  Kill: 1022 1 3: <world> killed Padawan by MOD_SABER
[Thu Mar 23 20:48:57 2017]  Kill: 1022 0 3: <world> killed ^0_^4Re^2^1@^4ver^0_ by MOD_SABER
[Thu Mar 23 20:49:01 2017]  Kill: 1022 1 3: <world> killed Padawan by MOD_SABER
[Thu Mar 23 20:49:03 2017]  Kill: 1022 0 3: <world> killed ^0_^4Re^2^1@^4ver^0_ by MOD_SABER
[Thu Mar 23 20:49:10 2017]  Kill: 1022 1 3: <world> killed Padawan by MOD_SABER
[Thu Mar 23 20:49:55 2017]  Kill: 1 0 5: Padawan killed ^0_^4Re^2^1@^4ver^0_ by MOD_BRYAR_PISTOL_ALT
[Thu Mar 23 20:50:51 2017]  Kill: 1022 1 6: <world> killed Padawan by MOD_BLASTER
[Thu Mar 23 20:51:22 2017]  say: ^0_^4Re^2^1@^4ver^0_: ?mgrab
[Thu Mar 23 20:51:52 2017]  Kill: 1 0 3: Padawan killed ^0_^4Re^2^1@^4ver^0_ by MOD_SABER
[Thu Mar 23 20:52:44 2017]  Kill: 1022 1 6: <world> killed Padawan by MOD_BLASTER
[Thu Mar 23 20:52:56 2017]  Kill: 1022 0 6: <world> killed ^0_^4Re^2^1@^4ver^0_ by MOD_BLASTER
[Thu Mar 23 20:53:21 2017]  Kill: 0 1 27: ^0_^4Re^2^1@^4ver^0_ killed Padawan by MOD_DET_PACK_SPLASH
[Thu Mar 23 20:53:43 2017]  Kill: 0 1 25: ^0_^4Re^2^1@^4ver^0_ killed Padawan by MOD_TRIP_MINE_SPLASH
[Thu Mar 23 20:54:06 2017]  Kill: 0 0 27: ^0_^4Re^2^1@^4ver^0_ killed ^0_^4Re^2^1@^4ver^0_ by MOD_DET_PACK_SPLASH
[Thu Mar 23 20:54:16 2017]  Kill: 0 1 25: ^0_^4Re^2^1@^4ver^0_ killed Padawan by MOD_TRIP_MINE_SPLASH
[Thu Mar 23 20:54:25 2017]  Kill: 0 0 25: ^0_^4Re^2^1@^4ver^0_ killed ^0_^4Re^2^1@^4ver^0_ by MOD_TRIP_MINE_SPLASH
[Thu Mar 23 20:54:33 2017]  Kill: 0 1 25: ^0_^4Re^2^1@^4ver^0_ killed Padawan by MOD_TRIP_MINE_SPLASH
[Thu Mar 23 20:54:55 2017]  Kill: 0 1 22: ^0_^4Re^2^1@^4ver^0_ killed Padawan by MOD_ROCKET_HOMING_SPLASH
[Thu Mar 23 20:55:04 2017]  Kill: 0 1 21: ^0_^4Re^2^1@^4ver^0_ killed Padawan by MOD_ROCKET_HOMING
[Thu Mar 23 20:55:14 2017]  Kill: 0 1 21: ^0_^4Re^2^1@^4ver^0_ killed Padawan by MOD_ROCKET_HOMING
[Thu Mar 23 20:56:00 2017]  Kill: 0 1 21: ^0_^4Re^2^1@^4ver^0_ killed Padawan by MOD_ROCKET_HOMING
[Thu Mar 23 20:56:11 2017]  Kill: 1 0 5: Padawan killed ^0_^4Re^2^1@^4ver^0_ by MOD_BRYAR_PISTOL_ALT
[Thu Mar 23 20:56:29 2017]  Item: 0 weapon_rocket_launcher
[Thu Mar 23 20:56:43 2017]  Kill: 1 0 5: Padawan killed ^0_^4Re^2^1@^4ver^0_ by MOD_BRYAR_PISTOL_ALT
[Thu Mar 23 20:56:58 2017]  Kill: 1 0 5: Padawan killed ^0_^4Re^2^1@^4ver^0_ by MOD_BRYAR_PISTOL_ALT
[Thu Mar 23 20:57:15 2017]  say: ^0_^4Re^2^1@^4ver^0_: /give all
[Thu Mar 23 20:57:19 2017]  say: ^0_^4Re^2^1@^4ver^0_: /noclip
[Thu Mar 23 20:57:21 2017]  say: ^0_^4Re^2^1@^4ver^0_: /god
[Thu Mar 23 20:57:25 2017]  say: ^0_^4Re^2^1@^4ver^0_: /notarget
[Thu Mar 23 20:57:56 2017]  say: ^0_^4Re^2^1@^4ver^0_: /bind g noclip
[Thu Mar 23 20:58:14 2017]  Kill: 1 0 23: Padawan killed ^0_^4Re^2^1@^4ver^0_ by MOD_THERMAL
[Thu Mar 23 20:58:32 2017]  Kill: 1 1 27: Padawan killed Padawan by MOD_DET_PACK_SPLASH
[Thu Mar 23 21:00:14 2017]  say: ^0_^4Re^2^1@^4ver^0_: My origin is: (-5773 -21559 1582) - You can teleport here with /mtelelast

[Thu Mar 23 21:00:23 2017]  say: ^0_^4Re^2^1@^4ver^0_: My origin is: (-6464 -20528 1648) - You can teleport here with /mtelelast

[Thu Mar 23 21:00:23 2017]  say: ^0_^4Re^2^1@^4ver^0_: My origin is: (-6464 -20528 1648) - You can teleport here with /mtelelast

[Thu Mar 23 21:00:23 2017]  say: ^0_^4Re^2^1@^4ver^0_: My origin is: (-6464 -20528 1648) - You can teleport here with /mtelelast

[Thu Mar 23 21:00:23 2017]  say: ^0_^4Re^2^1@^4ver^0_: My origin is: (-6464 -20528 1648) - You can teleport here with /mtelelast

[Thu Mar 23 21:00:23 2017]  say: ^0_^4Re^2^1@^4ver^0_: My origin is: (-6464 -20528 1648) - You can teleport here with /mtelelast

[Thu Mar 23 21:00:23 2017]  say: ^0_^4Re^2^1@^4ver^0_: My origin is: (-6464 -20528 1648) - You can teleport here with /mtelelast

[Thu Mar 23 21:00:24 2017]  say: ^0_^4Re^2^1@^4ver^0_: My origin is: (-6464 -20528 1648) - You can teleport here with /mtelelast

[Thu Mar 23 21:00:24 2017]  say: ^0_^4Re^2^1@^4ver^0_: My origin is: (-6464 -20528 1648) - You can teleport here with /mtelelast

[Thu Mar 23 21:00:24 2017]  say: ^0_^4Re^2^1@^4ver^0_: My origin is: (-6464 -20528 1648) - You can teleport here with /mtelelast

[Thu Mar 23 21:00:24 2017]  say: ^0_^4Re^2^1@^4ver^0_: My origin is: (-6464 -20528 1648) - You can teleport here with /mtelelast

[Thu Mar 23 21:00:24 2017]  say: ^0_^4Re^2^1@^4ver^0_: My origin is: (-6464 -20528 1648) - You can teleport here with /mtelelast

[Thu Mar 23 21:00:24 2017]  say: ^0_^4Re^2^1@^4ver^0_: My origin is: (-6464 -20528 1648) - You can teleport here with /mtelelast

[Thu Mar 23 21:00:31 2017]  Kill: 0 0 39: ^0_^4Re^2^1@^4ver^0_ killed ^0_^4Re^2^1@^4ver^0_ by MOD_SUICIDE
[Thu Mar 23 21:00:47 2017]  say: ^0_^4Re^2^1@^4ver^0_: /minfo
[Thu Mar 23 21:01:11 2017]  Kill: 0 0 25: ^0_^4Re^2^1@^4ver^0_ killed ^0_^4Re^2^1@^4ver^0_ by MOD_TRIP_MINE_SPLASH
[Thu Mar 23 21:02:09 2017]  Kill: 0 1 2: ^0_^4Re^2^1@^4ver^0_ killed Padawan by MOD_MELEE
[Thu Mar 23 21:03:33 2017]  say: ^0_^4Re^2^1@^4ver^0_: /mempower
[Thu Mar 23 21:03:48 2017]  say: ^0_^4Re^2^1@^4ver^0_: ^4/memepower
[Thu Mar 23 21:04:51 2017]  say: ^0_^4Re^2^1@^4ver^0_: ^4^0nigger
[Thu Mar 23 21:04:58 2017]  say: ^0_^4Re^2^1@^4ver^0_: meme text
[Thu Mar 23 21:05:21 2017]  print "^0_^4Re^2^1@^4ver^0_^7 @@@PLRENAME ^3Shibe^5Wolfie
"[Thu Mar 23 21:05:23 2017]  say: ^3Shibe^5Wolfie: xddd
[Thu Mar 23 21:08:36 2017]  Kill: 1022 0 38: <world> killed ^3Shibe^5Wolfie by MOD_FALLING
[Thu Mar 23 21:11:51 2017]  Kill: 0 0 36: ^3Shibe^5Wolfie killed ^3Shibe^5Wolfie by MOD_CRUSH
[Thu Mar 23 21:12:00 2017]  Kill: 0 0 36: ^3Shibe^5Wolfie killed ^3Shibe^5Wolfie by MOD_CRUSH
[Thu Mar 23 21:13:17 2017]  Kill: 0 0 36: ^3Shibe^5Wolfie killed ^3Shibe^5Wolfie by MOD_CRUSH
[Thu Mar 23 21:13:58 2017]  Kill: 0 0 36: ^3Shibe^5Wolfie killed ^3Shibe^5Wolfie by MOD_CRUSH
[Thu Mar 23 21:14:26 2017]  Kill: 0 1 36: ^3Shibe^5Wolfie killed Padawan by MOD_CRUSH
[Thu Mar 23 21:17:39 2017]  Kill: 0 1 12: ^3Shibe^5Wolfie killed Padawan by MOD_REPEATER
[Thu Mar 23 21:17:42 2017]  say: ^3Shibe^5Wolfie: where r u
[Thu Mar 23 21:17:51 2017]  Item: 1 weapon_repeater
[Thu Mar 23 21:17:52 2017]  Item: 1 weapon_bryar_pistol
[Thu Mar 23 21:17:55 2017]  Kill: 1 0 3: Padawan killed ^3Shibe^5Wolfie by MOD_SABER
[Thu Mar 23 21:17:56 2017]  Item: 1 weapon_demp2
[Thu Mar 23 21:18:40 2017]  Kill: 1 0 3: Padawan killed ^3Shibe^5Wolfie by MOD_SABER
[Thu Mar 23 21:18:46 2017]  Kill: 0 1 3: ^3Shibe^5Wolfie killed Padawan by MOD_SABER
[Thu Mar 23 21:19:20 2017]  Kill: 0 1 3: ^3Shibe^5Wolfie killed Padawan by MOD_SABER
[Thu Mar 23 21:19:26 2017]  Kill: 0 0 39: ^3Shibe^5Wolfie killed ^3Shibe^5Wolfie by MOD_SUICIDE
[Thu Mar 23 21:20:36 2017]  Kill: 0 1 36: ^3Shibe^5Wolfie killed Padawan by MOD_CRUSH
[Thu Mar 23 21:20:39 2017]  Kill: 0 0 36: ^3Shibe^5Wolfie killed ^3Shibe^5Wolfie by MOD_CRUSH
[Thu Mar 23 21:22:37 2017]  say: ^3Shibe^5Wolfie: no
[Thu Mar 23 21:23:16 2017]  Kill: 0 0 36: ^3Shibe^5Wolfie killed ^3Shibe^5Wolfie by MOD_CRUSH
[Thu Mar 23 21:23:58 2017]  Kill: 0 1 0: ^3Shibe^5Wolfie killed Padawan by MOD_UNKNOWN
[Thu Mar 23 21:24:14 2017]  say: ^3Shibe^5Wolfie: pc spanw
[Thu Mar 23 21:24:14 2017]  Kill: 1 0 3: Padawan killed ^3Shibe^5Wolfie by MOD_SABER
[Thu Mar 23 21:25:04 2017]  Kill: 1022 0 36: <world> killed ^3Shibe^5Wolfie by MOD_CRUSH
[Thu Mar 23 21:27:57 2017]  Kill: 1022 1 20: <world> killed Padawan by MOD_ROCKET_SPLASH
[Thu Mar 23 21:28:11 2017]  Kill: 1022 0 20: <world> killed ^3Shibe^5Wolfie by MOD_ROCKET_SPLASH
[Thu Mar 23 21:28:57 2017]  Kill: 1022 1 17: <world> killed Padawan by MOD_FLECHETTE
[Thu Mar 23 21:29:26 2017]  Kill: 1022 0 3: <world> killed ^3Shibe^5Wolfie by MOD_SABER
[Thu Mar 23 21:29:59 2017]  Kill: 1 0 5: Padawan killed ^3Shibe^5Wolfie by MOD_BRYAR_PISTOL_ALT
[Thu Mar 23 21:31:10 2017]  say: Padawan: gay
[Thu Mar 23 21:31:12 2017]  say: ^3Shibe^5Wolfie: oh
[Thu Mar 23 21:31:16 2017]  say: Padawan: goteem
[Thu Mar 23 21:31:20 2017]  say: ^3Shibe^5Wolfie: u rite
[Thu Mar 23 21:31:23 2017]  say: ^3Shibe^5Wolfie: ^5 xddd
[Thu Mar 23 21:31:32 2017]  say: Padawan: roflmao xdd
[Thu Mar 23 21:31:38 2017]  say: ^3Shibe^5Wolfie: Xddd^4dddddd
[Thu Mar 23 21:31:46 2017]  say: ^3Shibe^5Wolfie: i g2g tbh
[Thu Mar 23 21:32:22 2017]  say: ^3Shibe^5Wolfie: ^3 toodooloo
[Thu Mar 23 21:32:23 2017]  Kill: 0 0 27: ^3Shibe^5Wolfie killed ^3Shibe^5Wolfie by MOD_DET_PACK_SPLASH
[Thu Mar 23 21:32:23 2017]  Kill: 0 1 27: ^3Shibe^5Wolfie killed Padawan by MOD_DET_PACK_SPLASH
[Thu Mar 23 21:32:42 2017]  say: ^3Shibe^5Wolfie: die
[Thu Mar 23 21:32:43 2017]  say: ^3Shibe^5Wolfie: oop[s
[Thu Mar 23 21:32:45 2017]  ClientDisconnect: 0
[Thu Mar 23 21:35:26 2017]  say: Padawan: gay
[Thu Mar 23 21:35:40 2017]  ClientDisconnect: 1
[Fri Mar 24 19:29:28 2017]  ClientConnect: 0
[Fri Mar 24 19:29:28 2017]  mlog:Player I might be ADOPTED, connected. With IP - 80.217.34.81:29070 
[Fri Mar 24 19:29:28 2017]  ClientConnect: 1
[Fri Mar 24 19:29:28 2017]  mlog:Player Padawan, connected. With IP - 81.234.148.19:29070 
[Fri Mar 24 19:29:50 2017]  ClientBegin: 1
[Fri Mar 24 19:29:54 2017]  ClientBegin: 0
[Fri Mar 24 19:32:34 2017]  Kill: 0 1 3: I might be ADOPTED killed Padawan by MOD_SABER
[Fri Mar 24 19:33:49 2017]  Kill: 1 0 3: Padawan killed I might be ADOPTED by MOD_SABER
[Fri Mar 24 19:33:54 2017]  ClientConnect: 2
[Fri Mar 24 19:33:54 2017]  mlog:Player eff^2.^7ãjar^2^0^2.^7JP, connected. With IP - 86.241.146.184:29070 
[Fri Mar 24 19:34:27 2017]  ClientBegin: 2
[Fri Mar 24 19:35:03 2017]  Kill: 0 1 3: I might be ADOPTED killed Padawan by MOD_SABER
[Fri Mar 24 19:35:29 2017]  Kill: 2 0 2: aj^7ar^2« killed I might be ADOPTED by MOD_MELEE
[Fri Mar 24 19:35:53 2017]  say: I might be ADOPTED: Man get the fuck out
[Fri Mar 24 19:36:07 2017]  say: aj^7ar^2«: <-?
[Fri Mar 24 19:36:20 2017]  Kill: 2 1 2: aj^7ar^2« killed Padawan by MOD_MELEE
[Fri Mar 24 19:36:32 2017]  say: aj^7ar^2«: why r u attacking me?
[Fri Mar 24 19:36:39 2017]  say: I might be ADOPTED: get out
[Fri Mar 24 19:36:46 2017]  say: aj^7ar^2«: public server
[Fri Mar 24 19:36:50 2017]  say: I might be ADOPTED: we are battleling to gether
[Fri Mar 24 19:36:55 2017]  say: Padawan: yt
[Fri Mar 24 19:36:57 2017]  say: I might be ADOPTED: fgt kys
[Fri Mar 24 19:37:05 2017]  say: aj^7ar^2«: fgt kys?
[Fri Mar 24 19:37:06 2017]  say: Padawan: plz leave we 1vs1 here
[Fri Mar 24 19:37:20 2017]  say: aj^7ar^2«: its the only makermod server on
[Fri Mar 24 19:37:22 2017]  say: aj^7ar^2«: i wont leave o,o
[Fri Mar 24 19:37:33 2017]  ClientDisconnect: 0
[Fri Mar 24 19:37:34 2017]  ClientDisconnect: 1
[Fri Mar 24 19:38:49 2017]  ClientDisconnect: 2
[Sat Mar 25 03:02:01 2017]  ClientConnect: 0
[Sat Mar 25 03:02:01 2017]  mlog:Player Tater, connected. With IP - 108.196.133.175:29070 
[Sat Mar 25 03:02:32 2017]  ClientBegin: 0
[Sat Mar 25 03:08:02 2017]  ClientDisconnect: 0
[Mon Mar 27 08:07:06 2017]  ClientConnect: 0
[Mon Mar 27 08:07:06 2017]  mlog:Player Darth Laza, connected. With IP - 216.164.237.65:29070 
[Mon Mar 27 08:07:32 2017]  ClientBegin: 0
[Mon Mar 27 08:08:15 2017]  ClientConnect: 1
[Mon Mar 27 08:08:15 2017]  mlog:Player This corn tastes like shit, connected. With IP - 69.253.79.12:29070 
[Mon Mar 27 08:09:02 2017]  ClientBegin: 1
[Mon Mar 27 08:09:33 2017]  print "Padawan^7 @@@PLRENAME Calidus
"[Mon Mar 27 08:09:34 2017]  ClientConnect: 2
[Mon Mar 27 08:09:34 2017]  mlog:Player The Lamer-Man, connected. With IP - 59.101.18.12:29070 
[Mon Mar 27 08:10:18 2017]  ClientBegin: 2
[Mon Mar 27 08:10:22 2017]  Kill: 2 2 39: The Lamer-Man killed The Lamer-Man by MOD_SUICIDE
[Mon Mar 27 08:10:22 2017]  setteam:  2 FREE SPECTATOR
[Mon Mar 27 08:10:22 2017]  ClientBegin: 2
[Mon Mar 27 08:10:29 2017]  say: The Lamer-Man: no escape!!
[Mon Mar 27 08:10:37 2017]  setteam:  2 SPECTATOR FREE
[Mon Mar 27 08:10:37 2017]  ClientBegin: 2
[Mon Mar 27 08:11:49 2017]  Kill: 2 1 3: The Lamer-Man killed The Last Sith by MOD_SABER
[Mon Mar 27 08:11:57 2017]  say: The Lamer-Man: maaaarcuuus
[Mon Mar 27 08:12:08 2017]  Kill: 2 1 3: The Lamer-Man killed The Last Sith by MOD_SABER
[Mon Mar 27 08:13:00 2017]  Kill: 1022 0 38: <world> killed Calidus by MOD_FALLING
[Mon Mar 27 08:13:02 2017]  print "The Last Sith^7 @@@PLRENAME Padawan
"[Mon Mar 27 08:13:13 2017]  say: The Lamer-Man: kill them
[Mon Mar 27 08:13:20 2017]  Kill: 2 1 3: The Lamer-Man killed Padawan by MOD_SABER
[Mon Mar 27 08:13:21 2017]  print "Padawan^7 @@@PLRENAME Calidus
"[Mon Mar 27 08:13:54 2017]  Kill: 2 2 39: The Lamer-Man killed The Lamer-Man by MOD_SUICIDE
[Mon Mar 27 08:14:06 2017]  Kill: 1022 1 3: <world> killed Calidus by MOD_SABER
[Mon Mar 27 08:15:34 2017]  say: Calidus: oy
[Mon Mar 27 08:15:53 2017]  Kill: 2 2 39: The Lamer-Man killed The Lamer-Man by MOD_SUICIDE
[Mon Mar 27 08:15:53 2017]  setteam:  2 FREE SPECTATOR
[Mon Mar 27 08:15:53 2017]  ClientBegin: 2
[Mon Mar 27 08:16:00 2017]  setteam:  2 SPECTATOR FREE
[Mon Mar 27 08:16:00 2017]  ClientBegin: 2
[Mon Mar 27 08:16:40 2017]  Kill: 1022 1 3: <world> killed Calidus by MOD_SABER
[Mon Mar 27 08:16:58 2017]  ClientConnect: 3
[Mon Mar 27 08:16:58 2017]  mlog:Player Turkey Muffin, connected. With IP - 71.113.158.90:29070 
[Mon Mar 27 08:17:34 2017]  Kill: 2 1 29: The Lamer-Man killed Calidus by MOD_CONC
[Mon Mar 27 08:17:39 2017]  ClientDisconnect: 1
[Mon Mar 27 08:17:44 2017]  ClientBegin: 3
[Mon Mar 27 08:17:46 2017]  -8<------- Crash Information ------->8-
[Mon Mar 27 08:17:46 2017]      Please forward to Scooper 
[Mon Mar 27 08:17:46 2017]  ---------------------------------------
[Mon Mar 27 08:17:46 2017]  Version: MakerMod Win32
[Mon Mar 27 08:17:46 2017]  Build Date: Dec 27 2010[Mon Mar 27 08:17:46 2017]  Build Time: 23:45:02[Mon Mar 27 08:17:46 2017]  Map: t2_trip
[Mon Mar 27 08:17:46 2017]  Exception: Access violation (0xc0000005)
[Mon Mar 27 08:17:46 2017]  Exception Address: 0x2015081a
[Mon Mar 27 08:17:46 2017]  DLL Information:
[Mon Mar 27 08:17:46 2017]  0x00400000	jampDed
[Mon Mar 27 08:17:46 2017]  0x77c80000	ntdll
[Mon Mar 27 08:17:46 2017]  0x77070000	kernel32
[Mon Mar 27 08:17:46 2017]  0x776c0000	KERNELBASE
[Mon Mar 27 08:17:46 2017]  0x74510000	WSOCK32
[Mon Mar 27 08:17:46 2017]  0x756c0000	WS2_32
[Mon Mar 27 08:17:46 2017]  0x75610000	msvcrt
[Mon Mar 27 08:17:46 2017]  0x75950000	RPCRT4
[Mon Mar 27 08:17:46 2017]  0x75520000	SspiCli
[Mon Mar 27 08:17:46 2017]  0x75510000	CRYPTBASE
[Mon Mar 27 08:17:46 2017]  0x76f20000	sechost
[Mon Mar 27 08:17:46 2017]  0x76f70000	NSI
[Mon Mar 27 08:17:46 2017]  0x71a00000	WINMM
[Mon Mar 27 08:17:46 2017]  0x75e40000	USER32
[Mon Mar 27 08:17:46 2017]  0x77200000	GDI32
[Mon Mar 27 08:17:46 2017]  0x771e0000	LPK
[Mon Mar 27 08:17:46 2017]  0x758b0000	USP10
[Mon Mar 27 08:17:46 2017]  0x75cf0000	ADVAPI32
[Mon Mar 27 08:17:46 2017]  0x75db0000	IMM32
[Mon Mar 27 08:17:46 2017]  0x77290000	MSCTF
[Mon Mar 27 08:17:46 2017]  0x744b0000	mswsock
[Mon Mar 27 08:17:46 2017]  0x744a0000	wshtcpip
[Mon Mar 27 08:17:46 2017]  0x71370000	NLAapi
[Mon Mar 27 08:17:46 2017]  0x6e2a0000	napinsp
[Mon Mar 27 08:17:46 2017]  0x6e280000	pnrpnsp
[Mon Mar 27 08:17:46 2017]  0x74020000	DNSAPI
[Mon Mar 27 08:17:46 2017]  0x6e270000	winrnr
[Mon Mar 27 08:17:46 2017]  0x16080000	mdnsNSP
[Mon Mar 27 08:17:46 2017]  0x743d0000	Iphlpapi
[Mon Mar 27 08:17:46 2017]  0x743b0000	WINNSI
[Mon Mar 27 08:17:46 2017]  0x6e260000	wshbth
[Mon Mar 27 08:17:46 2017]  0x70ce0000	fwpuclnt
[Mon Mar 27 08:17:46 2017]  0x71350000	rasadhlp
[Mon Mar 27 08:17:46 2017]  0x20000000	jampgamex86
[Mon Mar 27 08:17:46 2017]  0x75f40000	IMAGEHLP
[Mon Mar 27 08:17:46 2017]  0x6b640000	dbghelp
[Mon Mar 27 08:17:46 2017]  Backtrace:
[Mon Mar 27 08:17:46 2017]  (0) E:\Program Files (x86)\LucasArts\Star Wars Jedi Knight Jedi Academy\GameData\makermod\jampgamex86.dll(dllEntry+0x8ea4a) [0x2015081a]
[Mon Mar 27 08:17:46 2017]  (1) E:\Program Files (x86)\LucasArts\Star Wars Jedi Knight Jedi Academy\GameData\makermod\jampgamex86.dll(vmMain+0x63fe) [0x200a596e]
[Mon Mar 27 08:17:46 2017]  (2) E:\Program Files (x86)\LucasArts\Star Wars Jedi Knight Jedi Academy\GameData\makermod\jampgamex86.dll(vmMain+0xdd) [0x2009f64d]
[Mon Mar 27 08:17:46 2017]  (3) E:\Program Files (x86)\LucasArts\Star Wars Jedi Knight Jedi Academy\GameData\jampDed.exe [0x004226ff]
[Mon Mar 27 08:17:46 2017]  (4) E:\Program Files (x86)\LucasArts\Star Wars Jedi Knight Jedi Academy\GameData\jampDed.exe [0x0044c751]
[Mon Mar 27 08:17:46 2017]  (5) E:\Program Files (x86)\LucasArts\Star Wars Jedi Knight Jedi Academy\GameData\jampDed.exe [0x00411e0d]
[Mon Mar 27 08:17:46 2017]  (6) C:\Windows\syswow64\kernel32.dll(BaseThreadInitThunk+0x12) [0x7708336a]
[Mon Mar 27 08:17:46 2017]  (7) C:\Windows\SysWOW64\ntdll.dll(RtlInitializeExceptionChain+0x63) [0x77cb9902]
[Mon Mar 27 08:17:46 2017]  (8) C:\Windows\SysWOW64\ntdll.dll(RtlInitializeExceptionChain+0x36) [0x77cb98d5]
[Mon Mar 27 08:17:46 2017]  -8<--------------------------------->8-

[Mon Mar 27 08:17:46 2017]  Attempting to clean up.
[Mon Mar 27 08:17:46 2017]  ShutdownGame:
[Mon Mar 27 08:17:46 2017]  ------------------------------------------------------------
