[Wed Sep 11 00:12:49 2013]  ------------------------------------------------------------
[Wed Sep 11 00:12:49 2013]  InitGame: \sv_hostname\*Jedi*\sv_maxRate\0\sv_minPing\0\sv_maxPing\0\sv_floodProtect\1\g_redTeam\Empire\g_blueTeam\Rebellion\g_siegeTeamSwitch\1\version\JAmp: v1.0.0.0 win-x86 Jul 21 2003\dmflags\0\fraglimit\20\timelimit\0\g_maxHolocronCarry\3\g_privateDuel\1\g_saberLocking\1\g_maxForceRank\6\duel_fraglimit\10\g_forceBasedTeams\0\g_duelWeaponDisable\1\g_gametype\0\g_needpass\0\protocol\25\mapname\t2_trip\sv_privateClients\0\sv_maxclients\8\sv_allowAnonymous\0\sv_allowDownload\0\g_debugMelee\0\g_stepSlideFix\1\g_noSpecMove\0\gamename\MakerMod\g_maxGameClients\0\g_jediVmerc\0\g_allowNPC\1\g_forceRegenTime\200\g_forcePowerDisable\0\g_weaponDisable\0\g_siegeRespawn\20\g_saberWallDamageScale\0.4\bg_fighterAltControl\0\g_siegeTeam1\none\g_siegeTeam2\none\g_showDuelHealths\0
[Wed Sep 11 00:12:51 2013]  ClientConnect: 0
[Wed Sep 11 00:12:51 2013]  mlog:Player Padawan, connected. With IP - localhost 
[Wed Sep 11 00:12:52 2013]  ShutdownGame:
[Wed Sep 11 00:12:52 2013]  ------------------------------------------------------------
[Wed Sep 11 00:13:21 2013]  ------------------------------------------------------------
[Wed Sep 11 00:13:21 2013]  InitGame: \sv_hostname\*Jedi*\sv_maxRate\0\sv_minPing\0\sv_maxPing\0\sv_floodProtect\1\g_redTeam\Empire\g_blueTeam\Rebellion\g_siegeTeamSwitch\1\version\JAmp: v1.0.0.0 win-x86 Jul 21 2003\dmflags\0\fraglimit\20\timelimit\0\g_maxHolocronCarry\3\g_privateDuel\1\g_saberLocking\1\g_maxForceRank\6\duel_fraglimit\10\g_forceBasedTeams\0\g_duelWeaponDisable\1\g_gametype\8\g_needpass\0\protocol\25\mapname\mp/ctf1\sv_privateClients\0\sv_maxclients\8\sv_allowAnonymous\0\sv_allowDownload\0\bot_minplayers\0\g_debugMelee\0\g_stepSlideFix\1\g_noSpecMove\0\gamename\MakerMod\g_maxGameClients\0\g_jediVmerc\0\g_allowNPC\1\g_forceRegenTime\200\g_forcePowerDisable\0\g_weaponDisable\0\g_siegeRespawn\20\g_saberWallDamageScale\0.4\bg_fighterAltControl\0\g_siegeTeam1\none\g_siegeTeam2\none\g_showDuelHealths\0
[Wed Sep 11 00:13:21 2013]  ClientConnect: 0
[Wed Sep 11 00:13:21 2013]  mlog:Player Padawan, connected. With IP - localhost 
[Wed Sep 11 00:13:22 2013]  ShutdownGame:
[Wed Sep 11 00:13:22 2013]  ------------------------------------------------------------
[Wed Sep 11 00:18:22 2013]  ------------------------------------------------------------
[Wed Sep 11 00:18:22 2013]  InitGame: \g_siegeTeamSwitch\1\g_blueTeam\Rebellion\g_redTeam\Empire\sv_floodProtect\1\sv_maxPing\0\sv_minPing\0\sv_maxRate\0\sv_hostname\*Jedi*\version\JAmp: v1.0.0.0 win-x86 Jul 21 2003\dmflags\0\fraglimit\20\timelimit\0\g_maxHolocronCarry\3\g_privateDuel\1\g_saberLocking\1\g_maxForceRank\6\duel_fraglimit\10\g_forceBasedTeams\0\g_duelWeaponDisable\1\g_gametype\8\g_needpass\0\protocol\25\mapname\mp/ctf1\sv_privateClients\0\sv_maxclients\8\sv_allowAnonymous\0\sv_allowDownload\0\bot_minplayers\0\g_debugMelee\0\g_stepSlideFix\1\g_noSpecMove\0\gamename\basejk\g_maxGameClients\0\g_jediVmerc\0\g_allowNPC\1\g_forceRegenTime\200\g_forcePowerDisable\0\g_weaponDisable\0\g_siegeRespawn\20\g_saberWallDamageScale\0.4\bg_fighterAltControl\0\g_siegeTeam1\none\g_siegeTeam2\none\g_showDuelHealths\0
[Wed Sep 11 00:18:23 2013]  ClientConnect: 0
[Wed Sep 11 00:18:23 2013]  mlog:Player Padawan, connected. With IP - localhost 
[Wed Sep 11 00:18:24 2013]  ShutdownGame:
[Wed Sep 11 00:18:24 2013]  ------------------------------------------------------------
[Wed Sep 11 00:30:55 2013]  ------------------------------------------------------------
[Wed Sep 11 00:30:55 2013]  InitGame: \g_siegeTeam2\none\g_siegeTeam1\none\g_siegeRespawn\20\g_weaponDisable\0\g_forcePowerDisable\0\g_forceRegenTime\200\g_jediVmerc\0\g_maxGameClients\0\sv_maxclients\8\g_duelWeaponDisable\1\g_forceBasedTeams\0\duel_fraglimit\10\g_maxForceRank\6\g_saberLocking\1\g_privateDuel\1\timelimit\0\fraglimit\20\dmflags\0\sv_hostname\*Jedi*\sv_maxRate\0\sv_minPing\0\sv_maxPing\0\sv_floodProtect\1\g_redTeam\Empire\g_blueTeam\Rebellion\g_siegeTeamSwitch\1\version\JAmp: v1.0.0.0 win-x86 Jul 21 2003\g_maxHolocronCarry\3\g_gametype\8\g_needpass\0\protocol\25\mapname\mp/ctf1\sv_privateClients\0\sv_allowAnonymous\0\sv_allowDownload\0\g_debugMelee\0\g_stepSlideFix\1\g_noSpecMove\0\gamename\MakerMod\g_allowNPC\1\g_saberWallDamageScale\0.4\bg_fighterAltControl\0\g_showDuelHealths\0
[Wed Sep 11 00:30:55 2013]  ClientConnect: 0
[Wed Sep 11 00:30:55 2013]  mlog:Player Padawan, connected. With IP - localhost 
[Wed Sep 11 00:30:56 2013]  ShutdownGame:
[Wed Sep 11 00:30:56 2013]  ------------------------------------------------------------
[Wed Sep 11 00:41:15 2013]  ------------------------------------------------------------
[Wed Sep 11 00:41:15 2013]  InitGame: \g_siegeTeam2\none\g_siegeTeam1\none\g_siegeRespawn\20\g_weaponDisable\0\g_forcePowerDisable\0\g_forceRegenTime\200\g_jediVmerc\0\g_maxGameClients\0\sv_maxclients\8\g_duelWeaponDisable\1\g_forceBasedTeams\0\duel_fraglimit\10\g_maxForceRank\6\g_saberLocking\1\g_privateDuel\1\timelimit\0\fraglimit\20\dmflags\0\sv_hostname\*Jedi*\sv_maxRate\0\sv_minPing\0\sv_maxPing\0\sv_floodProtect\1\g_siegeTeamSwitch\1\capturelimit\8\version\JAmp: v1.0.1.0 win-x86 Oct 24 2003\g_maxHolocronCarry\3\g_gametype\8\g_needpass\0\protocol\26\mapname\mp/ctf1\sv_privateClients\0\sv_allowDownload\0\g_debugMelee\0\g_stepSlideFix\1\g_noSpecMove\0\gamename\MakerMod\g_allowNPC\1\g_saberWallDamageScale\0.4\bg_fighterAltControl\0\g_showDuelHealths\0
[Wed Sep 11 00:41:15 2013]  ClientConnect: 0
[Wed Sep 11 00:41:15 2013]  mlog:Player Padawan, connected. With IP - localhost 
[Wed Sep 11 00:41:25 2013]  ClientBegin: 0
[Wed Sep 11 00:41:52 2013]  setteam:  0 SPECTATOR BLUE
[Wed Sep 11 00:41:52 2013]  ClientBegin: 0
[Wed Sep 11 00:42:20 2013]  ShutdownGame:
[Wed Sep 11 00:42:20 2013]  ------------------------------------------------------------
[Wed Sep 11 00:42:20 2013]  ------------------------------------------------------------
[Wed Sep 11 00:42:20 2013]  InitGame: \g_siegeTeam2\none\g_siegeTeam1\none\g_siegeRespawn\20\g_weaponDisable\0\g_forcePowerDisable\0\g_forceRegenTime\200\g_jediVmerc\0\g_maxGameClients\0\sv_maxclients\8\g_duelWeaponDisable\1\g_forceBasedTeams\0\duel_fraglimit\10\g_maxForceRank\6\g_saberLocking\1\g_privateDuel\1\timelimit\0\fraglimit\20\dmflags\0\sv_hostname\*Jedi*\sv_maxRate\0\sv_minPing\0\sv_maxPing\0\sv_floodProtect\1\g_siegeTeamSwitch\1\capturelimit\8\version\JAmp: v1.0.1.0 win-x86 Oct 24 2003\g_maxHolocronCarry\3\g_gametype\8\g_needpass\0\protocol\26\mapname\t2_trip\sv_privateClients\0\sv_allowDownload\0\bot_minplayers\0\g_debugMelee\0\g_stepSlideFix\1\g_noSpecMove\0\gamename\MakerMod\g_allowNPC\1\g_saberWallDamageScale\0.4\bg_fighterAltControl\0\g_showDuelHealths\0
[Wed Sep 11 00:42:22 2013]  ClientConnect: 0
[Wed Sep 11 00:42:22 2013]  setteam:  0 FREE BLUE
[Wed Sep 11 00:42:28 2013]  ClientBegin: 0
[Wed Sep 11 00:42:54 2013]  say: Padawan: npc spawn vehicle swoop
[Wed Sep 11 00:43:17 2013]  Kill: 0 0 39: Padawan killed Padawan by MOD_SUICIDE
[Wed Sep 11 00:43:25 2013]  ShutdownGame:
[Wed Sep 11 00:43:25 2013]  ------------------------------------------------------------
[Wed Sep 11 01:44:09 2013]  ------------------------------------------------------------
[Wed Sep 11 01:44:09 2013]  InitGame: \capturelimit\8\g_siegeTeamSwitch\1\sv_floodProtect\1\sv_maxPing\0\sv_minPing\0\sv_maxRate\0\sv_hostname\*Jedi*\dmflags\0\fraglimit\20\timelimit\0\g_privateDuel\1\g_saberLocking\1\g_maxForceRank\6\duel_fraglimit\10\g_forceBasedTeams\0\g_duelWeaponDisable\1\sv_maxclients\8\g_maxGameClients\0\g_jediVmerc\0\g_forceRegenTime\200\g_forcePowerDisable\0\g_weaponDisable\0\g_siegeRespawn\20\g_siegeTeam1\none\g_siegeTeam2\none\version\JAmp: v1.0.1.0 win-x86 Oct 24 2003\g_maxHolocronCarry\3\g_gametype\0\g_needpass\0\protocol\26\mapname\t2_trip\sv_privateClients\0\sv_allowDownload\1\bg_fighterAltControl\0\g_debugMelee\0\g_stepSlideFix\1\g_noSpecMove\0\gamename\MakerMod\g_allowNPC\1\g_saberWallDamageScale\0.4\g_showDuelHealths\0
[Wed Sep 11 01:44:11 2013]  ClientConnect: 0
[Wed Sep 11 01:44:11 2013]  mlog:Player ^0Darkquake is back!, connected. With IP - localhost 
[Wed Sep 11 01:44:25 2013]  ClientBegin: 0
[Wed Sep 11 01:44:33 2013]  setteam:  0 SPECTATOR FREE
[Wed Sep 11 01:44:33 2013]  ClientBegin: 0
[Wed Sep 11 01:45:26 2013]  say: ^0Darkquake is back!: mmapmusic
[Wed Sep 11 01:47:05 2013]  say: ^0Darkquake is back!: ^0ELEMENT SCRIPT V2 ^5By ^1µ^2/^0Ðàrk^1Qµàkè^2/^1Dbn²
[Wed Sep 11 01:47:06 2013]  say: ^0Darkquake is back!: ^6I call the four ^3elements: ^1Fire, ^5Air, ^4Water ^6and ^2Earth ^6to fight along side me!
[Wed Sep 11 01:47:10 2013]  say: ^0Darkquake is back!: ^0ELEMENT SCRIPT V2 ^5By ^1µ^2/^0Ðàrk^1Qµàkè^2/^1Dbn²
[Wed Sep 11 01:47:11 2013]  say: ^0Darkquake is back!: ^6I call the four ^3elements: ^1Fire, ^5Air, ^4Water ^6and ^2Earth ^6to fight along side me!
[Wed Sep 11 01:47:34 2013]  say: ^0Darkquake is back!: ^0ELECTRICITY ^0BLAST!
[Wed Sep 11 01:47:40 2013]  say: ^0Darkquake is back!: ^3ELEMENTAL ^1B^5U^4R^2S^0T^3!
[Wed Sep 11 01:53:14 2013]  say: ^0Darkquake is back!: ip
[Wed Sep 11 01:53:52 2013]  ShutdownGame:
[Wed Sep 11 01:53:52 2013]  ------------------------------------------------------------
[Wed Sep 11 02:14:26 2013]  ------------------------------------------------------------
[Wed Sep 11 02:14:26 2013]  InitGame: \version\(internal)JAmp: v1.0.1.0 win-x86 Oct 30 2003\dmflags\0\fraglimit\0\timelimit\40\capturelimit\0\g_maxHolocronCarry\3\g_privateDuel\1\g_saberLocking\1\g_maxForceRank\7\duel_fraglimit\10\g_forceBasedTeams\0\g_duelWeaponDisable\65531\g_gametype\0\g_needpass\0\protocol\26\mapname\t2_trip\sv_privateClients\0\sv_hostname\^3My Makermod Server\sv_maxclients\12\sv_maxRate\5000\sv_minPing\0\sv_maxPing\0\sv_floodProtect\0\sv_allowDownload\0\g_allowNPC\1\g_weaponDisable\0\g_forcePowerDisable\0\g_forceRegenTime\1\g_siegeTeamSwitch\1\g_siegeRespawn\20\g_debugMelee\1\g_noSpecMove\0\g_stepSlideFix\1\gamename\MakerMod\g_maxGameClients\0\g_jediVmerc\0\g_saberWallDamageScale\0.4\bg_fighterAltControl\0\g_siegeTeam1\none\g_siegeTeam2\none\g_showDuelHealths\0
[Wed Sep 11 02:21:24 2013]  ClientConnect: 0
[Wed Sep 11 02:21:24 2013]  mlog:Player ^0Darkquake is back!, connected. With IP - 192.168.1.3:29070 
[Wed Sep 11 02:21:40 2013]  ClientBegin: 0
[Wed Sep 11 02:21:46 2013]  setteam:  0 SPECTATOR FREE
[Wed Sep 11 02:21:46 2013]  ClientBegin: 0
[Wed Sep 11 02:22:07 2013]  say: ^0Darkquake is back!: npc spawn vehicle hoverboard_if
[Wed Sep 11 02:24:08 2013]  ClientDisconnect: 0
[Wed Sep 11 18:15:28 2013]  ------------------------------------------------------------
[Wed Sep 11 18:15:28 2013]  InitGame: \capturelimit\8\g_siegeTeamSwitch\1\sv_floodProtect\1\sv_maxPing\0\sv_minPing\0\sv_maxRate\0\sv_hostname\*Jedi*\dmflags\0\fraglimit\20\timelimit\0\g_privateDuel\1\g_saberLocking\1\g_maxForceRank\6\duel_fraglimit\10\g_forceBasedTeams\0\g_duelWeaponDisable\1\sv_maxclients\8\g_maxGameClients\0\g_jediVmerc\0\g_forceRegenTime\200\g_forcePowerDisable\0\g_weaponDisable\0\g_siegeRespawn\20\g_siegeTeam1\none\g_siegeTeam2\none\version\JAmp: v1.0.1.0 win-x86 Oct 24 2003\g_maxHolocronCarry\3\g_gametype\0\g_needpass\0\protocol\26\mapname\t2_trip\sv_privateClients\0\sv_allowDownload\0\g_debugMelee\0\g_stepSlideFix\1\g_noSpecMove\0\gamename\MakerMod\g_allowNPC\1\g_saberWallDamageScale\0.4\bg_fighterAltControl\0\g_showDuelHealths\0
[Wed Sep 11 18:15:29 2013]  ClientConnect: 0
[Wed Sep 11 18:15:29 2013]  mlog:Player ^0Darkquake is back!, connected. With IP - localhost 
[Wed Sep 11 18:15:46 2013]  ClientBegin: 0
[Wed Sep 11 18:16:06 2013]  ShutdownGame:
[Wed Sep 11 18:16:06 2013]  ------------------------------------------------------------
[Wed Sep 11 18:17:00 2013]  ------------------------------------------------------------
[Wed Sep 11 18:17:00 2013]  InitGame: \capturelimit\8\g_siegeTeamSwitch\1\sv_floodProtect\1\sv_maxPing\0\sv_minPing\0\sv_maxRate\0\sv_hostname\*Jedi*\dmflags\0\fraglimit\20\timelimit\0\g_privateDuel\1\g_saberLocking\1\g_maxForceRank\7\duel_fraglimit\10\g_forceBasedTeams\0\g_duelWeaponDisable\1\sv_maxclients\8\g_maxGameClients\0\g_jediVmerc\0\g_forceRegenTime\200\g_forcePowerDisable\0\g_weaponDisable\0\g_siegeRespawn\20\g_siegeTeam1\none\g_siegeTeam2\none\version\JAmp: v1.0.1.0 win-x86 Oct 24 2003\g_maxHolocronCarry\3\g_gametype\8\g_needpass\0\protocol\26\mapname\mp/ctf1\sv_privateClients\0\sv_allowDownload\1\bot_minplayers\0\g_debugMelee\0\g_stepSlideFix\1\g_noSpecMove\0\gamename\MakerMod\g_allowNPC\1\g_saberWallDamageScale\0.4\bg_fighterAltControl\0\g_showDuelHealths\0
[Wed Sep 11 18:31:11 2013]  ShutdownGame:
[Wed Sep 11 18:31:11 2013]  ------------------------------------------------------------
[Wed Sep 11 18:33:45 2013]  ------------------------------------------------------------
[Wed Sep 11 18:33:45 2013]  InitGame: \g_siegeTeam2\none\g_siegeTeam1\none\g_jediVmerc\0\g_maxGameClients\0\g_noSpecMove\0\g_debugMelee\1\g_siegeRespawn\20\g_siegeTeamSwitch\1\g_forceRegenTime\1\g_forcePowerDisable\0\g_weaponDisable\0\g_allowNPC\1\sv_allowDownload\0\sv_floodProtect\0\sv_maxPing\0\sv_minPing\0\sv_maxRate\5000\sv_maxclients\12\sv_hostname\^3My Makermod Server\g_duelWeaponDisable\65531\g_forceBasedTeams\0\duel_fraglimit\10\g_maxForceRank\7\g_saberLocking\1\g_privateDuel\1\capturelimit\0\timelimit\40\fraglimit\0\dmflags\0\version\(internal)JAmp: v1.0.1.0 win-x86 Oct 30 2003\g_maxHolocronCarry\3\g_gametype\0\g_needpass\0\protocol\26\mapname\t2_trip\sv_privateClients\0\g_stepSlideFix\1\gamename\MakerMod\g_saberWallDamageScale\0.4\bg_fighterAltControl\0\g_showDuelHealths\0
[Wed Sep 11 18:41:14 2013]  ------------------------------------------------------------
[Wed Sep 11 18:41:14 2013]  InitGame: \dmflags\0\fraglimit\0\timelimit\40\capturelimit\0\g_privateDuel\1\g_saberLocking\1\g_maxForceRank\7\duel_fraglimit\10\g_forceBasedTeams\0\g_duelWeaponDisable\65531\sv_hostname\^3Darkquake's Makermod Server\sv_maxclients\32\sv_maxRate\5000\sv_minPing\0\sv_maxPing\0\sv_floodProtect\0\sv_allowDownload\1\g_allowNPC\1\g_weaponDisable\0\g_forcePowerDisable\0\g_forceRegenTime\1\g_siegeTeamSwitch\1\g_siegeRespawn\20\g_debugMelee\1\g_noSpecMove\0\g_maxGameClients\0\g_jediVmerc\0\g_siegeTeam1\none\g_siegeTeam2\none\version\(internal)JAmp: v1.0.1.0 win-x86 Oct 30 2003\g_maxHolocronCarry\3\g_gametype\0\g_needpass\0\protocol\26\mapname\t2_trip\sv_privateClients\0\g_stepSlideFix\1\gamename\MakerMod\g_saberWallDamageScale\0.4\bg_fighterAltControl\0\g_showDuelHealths\0
[Wed Sep 11 18:53:33 2013]  ------------------------------------------------------------
[Wed Sep 11 18:53:33 2013]  InitGame: \g_siegeTeam2\none\g_siegeTeam1\none\g_jediVmerc\0\g_maxGameClients\0\g_noSpecMove\0\g_debugMelee\1\g_siegeRespawn\20\g_siegeTeamSwitch\1\g_forceRegenTime\1\g_forcePowerDisable\0\g_weaponDisable\0\g_allowNPC\1\sv_allowDownload\1\sv_floodProtect\0\sv_maxPing\0\sv_minPing\0\sv_maxRate\5000\sv_maxclients\32\sv_hostname\^3Darkquake's Makermod Server\g_duelWeaponDisable\65531\g_forceBasedTeams\0\duel_fraglimit\10\g_maxForceRank\7\g_saberLocking\1\g_privateDuel\1\capturelimit\0\timelimit\40\fraglimit\0\dmflags\0\version\(internal)JAmp: v1.0.1.0 win-x86 Oct 30 2003\g_maxHolocronCarry\3\g_gametype\0\g_needpass\0\protocol\26\mapname\t2_trip\sv_privateClients\0\g_stepSlideFix\1\gamename\MakerMod\g_saberWallDamageScale\0.4\bg_fighterAltControl\0\g_showDuelHealths\0
[Wed Sep 11 19:08:31 2013]  ------------------------------------------------------------
[Wed Sep 11 19:08:31 2013]  InitGame: \dmflags\0\fraglimit\0\timelimit\40\capturelimit\0\g_privateDuel\1\g_saberLocking\1\g_maxForceRank\7\duel_fraglimit\10\g_forceBasedTeams\0\g_duelWeaponDisable\65531\sv_hostname\^3Darkquake's Makermod Server\sv_maxclients\32\sv_maxRate\5000\sv_minPing\0\sv_maxPing\0\sv_floodProtect\0\sv_allowDownload\1\g_allowNPC\1\g_weaponDisable\0\g_forcePowerDisable\0\g_forceRegenTime\1\g_siegeTeamSwitch\1\g_siegeRespawn\20\g_debugMelee\1\g_noSpecMove\0\g_maxGameClients\0\g_jediVmerc\0\g_siegeTeam1\none\g_siegeTeam2\none\version\(internal)JAmp: v1.0.1.0 win-x86 Oct 30 2003\g_maxHolocronCarry\3\g_gametype\0\g_needpass\0\protocol\26\mapname\t2_trip\sv_privateClients\0\g_stepSlideFix\1\gamename\MakerMod\g_saberWallDamageScale\0.4\bg_fighterAltControl\0\g_showDuelHealths\0
[Wed Sep 11 19:12:11 2013]  ClientConnect: 0
[Wed Sep 11 19:12:11 2013]  mlog:Player Padawan, connected. With IP - 109.47.3.196:-21856 
[Wed Sep 11 19:12:39 2013]  ClientDisconnect: 0
[Wed Sep 11 19:13:33 2013]  ClientConnect: 0
[Wed Sep 11 19:13:33 2013]  mlog:Player ^0Darkquake is back!, connected. With IP - 192.168.1.3:29070 
[Wed Sep 11 19:13:49 2013]  ClientBegin: 0
[Wed Sep 11 19:14:37 2013]  setteam:  0 SPECTATOR FREE
[Wed Sep 11 19:14:37 2013]  ClientBegin: 0
[Wed Sep 11 19:19:10 2013]  say: ^0Darkquake is back!: mstatus
[Wed Sep 11 19:20:47 2013]  say: ^0Darkquake is back!: mstatus
[Wed Sep 11 19:48:25 2013]  Exit: Timelimit hit.
[Wed Sep 11 19:48:25 2013]  score: 0  ping: 0  client: 0 ^0Darkquake is back!
[Wed Sep 11 19:49:24 2013]  ShutdownGame:
[Wed Sep 11 19:49:24 2013]  ------------------------------------------------------------
[Wed Sep 11 19:49:24 2013]  ------------------------------------------------------------
[Wed Sep 11 19:49:24 2013]  InitGame: \dmflags\0\fraglimit\0\timelimit\40\capturelimit\0\g_privateDuel\1\g_saberLocking\1\g_maxForceRank\7\duel_fraglimit\10\g_forceBasedTeams\0\g_duelWeaponDisable\65531\sv_hostname\^3Darkquake's Makermod Server\sv_maxclients\32\sv_maxRate\5000\sv_minPing\0\sv_maxPing\0\sv_floodProtect\0\sv_allowDownload\1\bot_minplayers\0\g_allowNPC\1\g_weaponDisable\0\g_forcePowerDisable\0\g_forceRegenTime\1\g_siegeTeamSwitch\1\g_siegeRespawn\20\g_debugMelee\1\g_noSpecMove\0\g_maxGameClients\0\g_jediVmerc\0\g_siegeTeam1\none\g_siegeTeam2\none\version\(internal)JAmp: v1.0.1.0 win-x86 Oct 30 2003\g_maxHolocronCarry\3\g_gametype\0\g_needpass\0\protocol\26\mapname\t2_trip\sv_privateClients\0\g_stepSlideFix\1\gamename\MakerMod\g_saberWallDamageScale\0.4\bg_fighterAltControl\0\g_showDuelHealths\0
[Wed Sep 11 19:49:26 2013]  ClientConnect: 0
[Wed Sep 11 19:49:29 2013]  ClientBegin: 0
[Wed Sep 11 19:59:37 2013]  say: ^0Darkquake is back!: npc spawn vehicle hoverboard_if
[Wed Sep 11 20:04:12 2013]  ClientDisconnect: 0
[Wed Sep 11 20:06:33 2013]  ------------------------------------------------------------
[Wed Sep 11 20:06:33 2013]  InitGame: \capturelimit\8\g_siegeTeamSwitch\1\sv_floodProtect\1\sv_maxPing\0\sv_minPing\0\sv_maxRate\0\sv_hostname\*Jedi*\dmflags\0\fraglimit\20\timelimit\0\g_privateDuel\1\g_saberLocking\1\g_maxForceRank\7\duel_fraglimit\10\g_forceBasedTeams\0\g_duelWeaponDisable\1\sv_maxclients\8\g_maxGameClients\0\g_jediVmerc\0\g_forceRegenTime\200\g_forcePowerDisable\0\g_weaponDisable\0\g_siegeRespawn\20\g_siegeTeam1\none\g_siegeTeam2\none\version\JAmp: v1.0.1.0 win-x86 Oct 24 2003\g_maxHolocronCarry\3\g_gametype\0\g_needpass\0\protocol\26\mapname\t2_trip\sv_privateClients\0\sv_allowDownload\0\bot_minplayers\0\g_debugMelee\0\g_stepSlideFix\1\g_noSpecMove\0\gamename\basejka\g_allowNPC\1\g_saberWallDamageScale\0.4\bg_fighterAltControl\0\g_showDuelHealths\0
[Wed Sep 11 20:06:35 2013]  ClientConnect: 0
[Wed Sep 11 20:06:35 2013]  mlog:Player ^0Darkquake is back!, connected. With IP - localhost 
[Wed Sep 11 20:06:49 2013]  ClientBegin: 0
[Wed Sep 11 20:09:08 2013]  ShutdownGame:
[Wed Sep 11 20:09:08 2013]  ------------------------------------------------------------
[Wed Sep 11 21:48:15 2013]  ------------------------------------------------------------
[Wed Sep 11 21:48:15 2013]  InitGame: \g_siegeTeam2\none\g_siegeTeam1\none\g_siegeRespawn\20\g_weaponDisable\0\g_forcePowerDisable\0\g_forceRegenTime\200\g_jediVmerc\0\g_maxGameClients\0\sv_maxclients\8\g_duelWeaponDisable\1\g_forceBasedTeams\0\duel_fraglimit\10\g_maxForceRank\7\g_saberLocking\1\g_privateDuel\1\timelimit\0\fraglimit\20\dmflags\0\sv_hostname\*Jedi*\sv_maxRate\0\sv_minPing\0\sv_maxPing\0\sv_floodProtect\1\g_siegeTeamSwitch\1\capturelimit\8\version\JAmp: v1.0.1.0 win-x86 Oct 24 2003\g_maxHolocronCarry\3\g_gametype\0\g_needpass\0\protocol\26\mapname\t2_trip\sv_privateClients\0\sv_allowDownload\0\bot_minplayers\0\g_debugMelee\0\g_stepSlideFix\1\g_noSpecMove\0\gamename\basejka\g_allowNPC\1\g_saberWallDamageScale\0.4\bg_fighterAltControl\0\g_showDuelHealths\0
[Wed Sep 11 21:48:17 2013]  ClientConnect: 0
[Wed Sep 11 21:48:17 2013]  mlog:Player ^0Darkquake is back!, connected. With IP - localhost 
[Wed Sep 11 21:48:31 2013]  ClientBegin: 0
[Wed Sep 11 21:55:33 2013]  ShutdownGame:
[Wed Sep 11 21:55:33 2013]  ------------------------------------------------------------
[Wed Sep 11 22:12:59 2013]  ------------------------------------------------------------
[Wed Sep 11 22:12:59 2013]  InitGame: \g_siegeTeam2\none\g_siegeTeam1\none\g_jediVmerc\0\g_maxGameClients\0\g_noSpecMove\0\g_debugMelee\1\g_siegeRespawn\20\g_siegeTeamSwitch\1\g_forceRegenTime\1\g_forcePowerDisable\0\g_weaponDisable\0\g_allowNPC\1\sv_allowDownload\1\sv_floodProtect\0\sv_maxPing\0\sv_minPing\0\sv_maxRate\5000\sv_maxclients\32\sv_hostname\^3Darkquake's Makermod Server\g_duelWeaponDisable\65531\g_forceBasedTeams\0\duel_fraglimit\10\g_maxForceRank\7\g_saberLocking\1\g_privateDuel\1\capturelimit\0\timelimit\0\fraglimit\0\dmflags\0\version\(internal)JAmp: v1.0.1.0 win-x86 Oct 30 2003\g_maxHolocronCarry\3\g_gametype\0\g_needpass\0\protocol\26\mapname\t2_trip\sv_privateClients\0\g_stepSlideFix\1\gamename\MakerMod\g_saberWallDamageScale\0.4\bg_fighterAltControl\0\g_showDuelHealths\0
[Wed Sep 11 22:30:16 2013]  ------------------------------------------------------------
[Wed Sep 11 22:30:16 2013]  InitGame: \dmflags\0\fraglimit\0\timelimit\0\capturelimit\0\g_privateDuel\1\g_saberLocking\1\g_maxForceRank\7\duel_fraglimit\10\g_forceBasedTeams\0\g_duelWeaponDisable\65531\sv_hostname\^3Darkquake's Makermod Server\sv_maxclients\32\sv_maxRate\5000\sv_minPing\0\sv_maxPing\0\sv_floodProtect\0\sv_allowDownload\1\g_allowNPC\1\g_weaponDisable\0\g_forcePowerDisable\0\g_forceRegenTime\1\g_siegeTeamSwitch\1\g_siegeRespawn\20\g_debugMelee\1\g_noSpecMove\0\g_maxGameClients\0\g_jediVmerc\0\g_siegeTeam1\none\g_siegeTeam2\none\version\(internal)JAmp: v1.0.1.0 win-x86 Oct 30 2003\g_maxHolocronCarry\3\g_gametype\0\g_needpass\0\protocol\26\mapname\t2_trip\sv_privateClients\0\g_stepSlideFix\1\gamename\MakerMod\g_saberWallDamageScale\0.4\bg_fighterAltControl\0\g_showDuelHealths\0
[Wed Sep 11 22:30:30 2013]  ShutdownGame:
[Wed Sep 11 22:30:30 2013]  ------------------------------------------------------------
[Wed Sep 11 22:30:31 2013]  ------------------------------------------------------------
[Wed Sep 11 22:30:31 2013]  InitGame: \dmflags\0\fraglimit\0\timelimit\0\capturelimit\0\g_privateDuel\1\g_saberLocking\1\g_maxForceRank\7\duel_fraglimit\10\g_forceBasedTeams\0\g_duelWeaponDisable\65531\sv_hostname\^3Darkquake's Makermod Server\sv_maxclients\32\sv_maxRate\5000\sv_minPing\0\sv_maxPing\0\sv_floodProtect\0\sv_allowDownload\1\bot_minplayers\0\g_allowNPC\1\g_weaponDisable\0\g_forcePowerDisable\0\g_forceRegenTime\1\g_siegeTeamSwitch\1\g_siegeRespawn\20\g_debugMelee\1\g_noSpecMove\0\g_maxGameClients\0\g_jediVmerc\0\g_siegeTeam1\none\g_siegeTeam2\none\version\(internal)JAmp: v1.0.1.0 win-x86 Oct 30 2003\g_maxHolocronCarry\3\g_gametype\0\g_needpass\0\protocol\26\mapname\blueice_twilight\sv_privateClients\0\g_stepSlideFix\1\gamename\MakerMod\g_saberWallDamageScale\0.4\bg_fighterAltControl\0\g_showDuelHealths\0
[Wed Sep 11 22:30:48 2013]  ClientConnect: 0
[Wed Sep 11 22:30:48 2013]  mlog:Player ^0Darkquake is back!, connected. With IP - 192.168.1.3:29070 
[Wed Sep 11 22:31:26 2013]  ClientBegin: 0
[Wed Sep 11 22:31:29 2013]  setteam:  0 SPECTATOR FREE
[Wed Sep 11 22:31:29 2013]  ClientBegin: 0
[Wed Sep 11 22:51:20 2013]  ShutdownGame:
[Wed Sep 11 22:51:20 2013]  ------------------------------------------------------------
[Wed Sep 11 22:51:20 2013]  ------------------------------------------------------------
[Wed Sep 11 22:51:20 2013]  InitGame: \dmflags\0\fraglimit\0\timelimit\0\capturelimit\0\g_privateDuel\1\g_saberLocking\1\g_maxForceRank\7\duel_fraglimit\10\g_forceBasedTeams\0\g_duelWeaponDisable\65531\sv_hostname\^3Darkquake's Makermod Server\sv_maxclients\32\sv_maxRate\5000\sv_minPing\0\sv_maxPing\0\sv_floodProtect\0\sv_allowDownload\1\bot_minplayers\0\g_allowNPC\1\g_weaponDisable\0\g_forcePowerDisable\0\g_forceRegenTime\1\g_siegeTeamSwitch\1\g_siegeRespawn\20\g_debugMelee\1\g_noSpecMove\0\g_maxGameClients\0\g_jediVmerc\0\g_siegeTeam1\none\g_siegeTeam2\none\version\(internal)JAmp: v1.0.1.0 win-x86 Oct 30 2003\g_maxHolocronCarry\3\g_gametype\0\g_needpass\0\protocol\26\mapname\blueice_twilight\sv_privateClients\0\g_stepSlideFix\1\gamename\MakerMod\g_saberWallDamageScale\0.4\bg_fighterAltControl\0\g_showDuelHealths\0
[Wed Sep 11 22:51:20 2013]  ClientConnect: 0
[Wed Sep 11 22:51:20 2013]  Couldn't find a spawn point[Wed Sep 11 22:51:20 2013]  ShutdownGame:
[Wed Sep 11 22:51:20 2013]  ------------------------------------------------------------
[Wed Sep 11 22:52:14 2013]  ------------------------------------------------------------
[Wed Sep 11 22:52:14 2013]  InitGame: \dmflags\0\fraglimit\0\timelimit\0\capturelimit\0\g_privateDuel\1\g_saberLocking\1\g_maxForceRank\7\duel_fraglimit\10\g_forceBasedTeams\0\g_duelWeaponDisable\65531\sv_hostname\^3Darkquake's Makermod Server\sv_maxclients\32\sv_maxRate\5000\sv_minPing\0\sv_maxPing\0\sv_floodProtect\0\sv_allowDownload\1\bot_minplayers\0\g_allowNPC\1\g_weaponDisable\0\g_forcePowerDisable\0\g_forceRegenTime\1\g_siegeTeamSwitch\1\g_siegeRespawn\20\g_debugMelee\1\g_noSpecMove\0\g_maxGameClients\0\g_jediVmerc\0\g_siegeTeam1\none\g_siegeTeam2\none\version\(internal)JAmp: v1.0.1.0 win-x86 Oct 30 2003\g_maxHolocronCarry\3\g_gametype\0\g_needpass\0\protocol\26\mapname\blueice_twilight\sv_privateClients\0\g_stepSlideFix\1\gamename\MakerMod\g_saberWallDamageScale\0.4\bg_fighterAltControl\0\g_showDuelHealths\0
[Wed Sep 11 22:54:57 2013]  ClientConnect: 0
[Wed Sep 11 22:54:57 2013]  mlog:Player ^6NANCY GHOST DOGS, connected. With IP - 63.152.76.136:29070 
[Wed Sep 11 22:55:21 2013]  ClientDisconnect: 0
[Wed Sep 11 23:03:18 2013]  ClientConnect: 0
[Wed Sep 11 23:03:18 2013]  mlog:Player ^0Darkquake is back!, connected. With IP - 192.168.1.3:29070 
[Wed Sep 11 23:03:30 2013]  ClientBegin: 0
[Wed Sep 11 23:03:36 2013]  setteam:  0 SPECTATOR FREE
[Wed Sep 11 23:03:36 2013]  ClientBegin: 0
[Wed Sep 11 23:03:44 2013]  say: ^0Darkquake is back!: g_npcLimit
[Wed Sep 11 23:07:02 2013]  ------------------------------------------------------------
[Wed Sep 11 23:07:02 2013]  InitGame: \g_siegeTeam2\none\g_siegeTeam1\none\g_jediVmerc\0\g_maxGameClients\0\g_noSpecMove\0\g_debugMelee\1\g_siegeRespawn\20\g_siegeTeamSwitch\1\g_forceRegenTime\1\g_forcePowerDisable\0\g_weaponDisable\0\g_allowNPC\1\sv_allowDownload\1\sv_floodProtect\0\sv_maxPing\0\sv_minPing\0\sv_maxRate\5000\sv_maxclients\32\sv_hostname\^3Darkquake's Makermod Server\g_duelWeaponDisable\65531\g_forceBasedTeams\0\duel_fraglimit\10\g_maxForceRank\7\g_saberLocking\1\g_privateDuel\1\capturelimit\0\timelimit\0\fraglimit\0\dmflags\0\version\(internal)JAmp: v1.0.1.0 win-x86 Oct 30 2003\g_maxHolocronCarry\3\g_gametype\0\g_needpass\0\protocol\26\mapname\t2_trip\sv_privateClients\0\g_stepSlideFix\1\gamename\MakerMod\g_saberWallDamageScale\0.4\bg_fighterAltControl\0\g_showDuelHealths\0
[Wed Sep 11 23:08:47 2013]  ClientConnect: 0
[Wed Sep 11 23:08:47 2013]  mlog:Player ^0Darkquake is back!, connected. With IP - 192.168.1.3:29070 
[Wed Sep 11 23:08:59 2013]  Couldn't find a spawn point[Wed Sep 11 23:08:59 2013]  ShutdownGame:
[Wed Sep 11 23:08:59 2013]  ------------------------------------------------------------
[Wed Sep 11 23:14:59 2013]  ------------------------------------------------------------
[Wed Sep 11 23:14:59 2013]  InitGame: \dmflags\0\fraglimit\0\timelimit\0\capturelimit\0\g_privateDuel\1\g_saberLocking\1\g_maxForceRank\7\duel_fraglimit\10\g_forceBasedTeams\0\g_duelWeaponDisable\65531\sv_hostname\^3Darkquake's Makermod Server\sv_maxclients\32\sv_maxRate\5000\sv_minPing\0\sv_maxPing\0\sv_floodProtect\0\sv_allowDownload\1\g_allowNPC\1\g_weaponDisable\0\g_forcePowerDisable\0\g_forceRegenTime\1\g_siegeTeamSwitch\1\g_siegeRespawn\20\g_debugMelee\1\g_noSpecMove\0\g_maxGameClients\0\g_jediVmerc\0\g_siegeTeam1\none\g_siegeTeam2\none\version\(internal)JAmp: v1.0.1.0 win-x86 Oct 30 2003\g_maxHolocronCarry\3\g_gametype\0\g_needpass\0\protocol\26\mapname\t2_trip\sv_privateClients\0\g_stepSlideFix\1\gamename\MakerMod\g_saberWallDamageScale\0.4\bg_fighterAltControl\0\g_showDuelHealths\0
[Wed Sep 11 23:17:55 2013]  ClientConnect: 0
[Wed Sep 11 23:17:55 2013]  mlog:Player ^0Darkquake is back!, connected. With IP - 192.168.1.3:29070 
[Wed Sep 11 23:17:58 2013]  ClientBegin: 0
[Wed Sep 11 23:17:59 2013]  setteam:  0 SPECTATOR FREE
[Wed Sep 11 23:17:59 2013]  ClientBegin: 0
[Wed Sep 11 23:20:20 2013]  BG_GetVehicleModelName:  couldn't find vehicle hoverboard_if3[Wed Sep 11 23:20:20 2013]  ShutdownGame:
[Wed Sep 11 23:20:20 2013]  ------------------------------------------------------------
[Wed Sep 11 23:25:01 2013]  ------------------------------------------------------------
[Wed Sep 11 23:25:01 2013]  InitGame: \g_siegeTeam2\none\g_siegeTeam1\none\g_jediVmerc\0\g_maxGameClients\0\g_noSpecMove\0\g_debugMelee\1\g_siegeRespawn\20\g_siegeTeamSwitch\1\g_forceRegenTime\1\g_forcePowerDisable\0\g_weaponDisable\0\g_allowNPC\1\sv_allowDownload\1\sv_floodProtect\0\sv_maxPing\0\sv_minPing\0\sv_maxRate\5000\sv_maxclients\32\sv_hostname\^3Darkquake's Makermod Server\g_duelWeaponDisable\65531\g_forceBasedTeams\0\duel_fraglimit\10\g_maxForceRank\7\g_saberLocking\1\g_privateDuel\1\capturelimit\0\timelimit\0\fraglimit\0\dmflags\0\version\(internal)JAmp: v1.0.1.0 win-x86 Oct 30 2003\g_maxHolocronCarry\3\g_gametype\0\g_needpass\0\protocol\26\mapname\t2_trip\sv_privateClients\0\g_stepSlideFix\1\gamename\MakerMod\g_saberWallDamageScale\0.4\bg_fighterAltControl\0\g_showDuelHealths\0
[Wed Sep 11 23:25:14 2013]  ShutdownGame:
[Wed Sep 11 23:25:14 2013]  ------------------------------------------------------------
[Wed Sep 11 23:25:15 2013]  ------------------------------------------------------------
[Wed Sep 11 23:25:15 2013]  InitGame: \g_siegeTeam2\none\g_siegeTeam1\none\g_jediVmerc\0\g_maxGameClients\0\g_noSpecMove\0\g_debugMelee\1\g_siegeRespawn\20\g_siegeTeamSwitch\1\g_forceRegenTime\1\g_forcePowerDisable\0\g_weaponDisable\0\g_allowNPC\1\bot_minplayers\0\sv_allowDownload\1\sv_floodProtect\0\sv_maxPing\0\sv_minPing\0\sv_maxRate\5000\sv_maxclients\32\sv_hostname\^3Darkquake's Makermod Server\g_duelWeaponDisable\65531\g_forceBasedTeams\0\duel_fraglimit\10\g_maxForceRank\7\g_saberLocking\1\g_privateDuel\1\capturelimit\0\timelimit\0\fraglimit\0\dmflags\0\version\(internal)JAmp: v1.0.1.0 win-x86 Oct 30 2003\g_maxHolocronCarry\3\g_gametype\0\g_needpass\0\protocol\26\mapname\makerparav1\sv_privateClients\0\g_stepSlideFix\1\gamename\MakerMod\g_saberWallDamageScale\0.4\bg_fighterAltControl\0\g_showDuelHealths\0
[Wed Sep 11 23:25:30 2013]  ClientConnect: 0
[Wed Sep 11 23:25:30 2013]  mlog:Player ^0Darkquake is back!, connected. With IP - 192.168.1.3:29070 
[Wed Sep 11 23:25:39 2013]  ClientBegin: 0
[Wed Sep 11 23:25:40 2013]  setteam:  0 SPECTATOR FREE
[Wed Sep 11 23:25:40 2013]  ClientBegin: 0
[Wed Sep 11 23:26:58 2013]  BG_GetVehicleModelName:  couldn't find vehicle hoverboard_if4[Wed Sep 11 23:26:58 2013]  ShutdownGame:
[Wed Sep 11 23:26:58 2013]  ------------------------------------------------------------
