[Sun Sep 22 15:22:13 2013]  ------------------------------------------------------------
[Sun Sep 22 15:22:13 2013]  InitGame: \dmflags\0\fraglimit\0\timelimit\0\capturelimit\0\g_privateDuel\1\g_saberLocking\1\g_maxForceRank\7\duel_fraglimit\10\g_forceBasedTeams\0\g_duelWeaponDisable\65531\sv_hostname\^3Darkquake's Makermod Server\sv_maxclients\32\sv_maxRate\5000\sv_minPing\0\sv_maxPing\0\sv_floodProtect\0\sv_allowDownload\1\g_allowNPC\1\g_weaponDisable\0\g_forcePowerDisable\0\g_forceRegenTime\1\g_siegeTeamSwitch\1\g_siegeRespawn\20\g_debugMelee\1\g_noSpecMove\0\g_maxGameClients\0\g_jediVmerc\0\g_siegeTeam1\none\g_siegeTeam2\none\version\(internal)JAmp: v1.0.1.0 win-x86 Oct 30 2003\g_maxHolocronCarry\3\g_gametype\0\g_needpass\0\protocol\26\mapname\t2_trip\sv_privateClients\0\g_stepSlideFix\1\gamename\MakerMod\g_saberWallDamageScale\0.4\bg_fighterAltControl\0\g_showDuelHealths\0
[Sun Sep 22 15:33:57 2013]  ClientConnect: 0
[Sun Sep 22 15:33:57 2013]  mlog:Player jason bourne, connected. With IP - 24.34.69.211:29070 
[Sun Sep 22 15:34:14 2013]  ClientBegin: 0
[Sun Sep 22 15:34:57 2013]  ClientConnect: 1
[Sun Sep 22 15:34:57 2013]  mlog:Player porPRamuK<@>, connected. With IP - 46.39.244.66:-8657 
[Sun Sep 22 15:35:04 2013]  ClientBegin: 1
[Sun Sep 22 15:35:12 2013]  say: maxim: hi
[Sun Sep 22 15:35:53 2013]  Kill: 1 0 3: maxim killed Padawan by MOD_SABER
[Sun Sep 22 15:36:03 2013]  say: maxim: dont kill me
[Sun Sep 22 15:36:09 2013]  ClientDisconnect: 0
[Sun Sep 22 15:36:21 2013]  ClientDisconnect: 1
[Sun Sep 22 16:55:50 2013]  ClientConnect: 0
[Sun Sep 22 16:55:50 2013]  mlog:Player ^0-^1^3[^1K^0R^3]^0-^1Ch^3ill^0ed, connected. With IP - 98.213.172.30:29070 
[Sun Sep 22 16:56:53 2013]  ClientBegin: 0
[Sun Sep 22 17:14:40 2013]  ClientConnect: 1
[Sun Sep 22 17:14:40 2013]  mlog:Player Padawan, connected. With IP - 79.114.203.134:29070 
[Sun Sep 22 17:15:01 2013]  ClientBegin: 1
[Sun Sep 22 17:15:01 2013]  say: panda: ^1Boba^0Fett's ^3Ultra Utility ^7v3 ^5Beta 16 ^7- ^5U^7ltra^7-^5U^7tility^5.^7com
[Sun Sep 22 17:16:46 2013]  say: panda: ^6Raawr ^3gives ^3you ^3the ^0''Up^0Spell''
[Sun Sep 22 17:21:22 2013]  ClientConnect: 2
[Sun Sep 22 17:21:22 2013]  mlog:Player Padawan, connected. With IP - 190.138.77.184:29070 
[Sun Sep 22 17:21:25 2013]  ClientDisconnect: 2
[Sun Sep 22 17:21:25 2013]  ClientConnect: 2
[Sun Sep 22 17:21:25 2013]  mlog:Player Padawan, connected. With IP - 190.138.77.184:29070 
[Sun Sep 22 17:21:25 2013]  Kill: 1 0 3: panda killed ch^3ill^0ed ^2{^7I^4} by MOD_SABER
[Sun Sep 22 17:21:25 2013]  tell: panda to ch^3ill^0ed ^2{^7I^4}: ^2^7ch^3ill^0ed ^2{^7I^4}, ^7I killed 3 people in total
[Sun Sep 22 17:21:34 2013]  ClientBegin: 2
[Sun Sep 22 17:21:34 2013]  say: Padawan: ^1Boba^0Fett's ^3Ultra Utility ^7v3 ^5Beta 16 ^7- ^5U^7ltra^7-^5U^7tility^5.^7com
[Sun Sep 22 17:21:46 2013]  Kill: 2 2 39: Padawan killed Padawan by MOD_SUICIDE
[Sun Sep 22 17:21:46 2013]  setteam:  2 FREE SPECTATOR
[Sun Sep 22 17:21:46 2013]  ClientBegin: 2
[Sun Sep 22 17:22:40 2013]  say: panda: ^1Welcome to Justin's buffet
[Sun Sep 22 20:42:17 2013]  ------------------------------------------------------------
[Sun Sep 22 20:42:17 2013]  InitGame: \g_siegeTeam2\none\g_siegeTeam1\none\g_jediVmerc\0\g_maxGameClients\0\g_noSpecMove\0\g_debugMelee\1\g_siegeRespawn\20\g_siegeTeamSwitch\1\g_forceRegenTime\1\g_forcePowerDisable\0\g_weaponDisable\0\g_allowNPC\1\sv_allowDownload\1\sv_floodProtect\0\sv_maxPing\0\sv_minPing\0\sv_maxRate\5000\sv_maxclients\32\sv_hostname\^3Darkquake's Makermod Server\g_duelWeaponDisable\65531\g_forceBasedTeams\0\duel_fraglimit\10\g_maxForceRank\7\g_saberLocking\1\g_privateDuel\1\capturelimit\0\timelimit\0\fraglimit\0\dmflags\0\version\(internal)JAmp: v1.0.1.0 win-x86 Oct 30 2003\g_maxHolocronCarry\3\g_gametype\0\g_needpass\0\protocol\26\mapname\t2_trip\sv_privateClients\0\g_stepSlideFix\1\gamename\MakerMod\g_saberWallDamageScale\0.4\bg_fighterAltControl\0\g_showDuelHealths\0
[Sun Sep 22 21:31:01 2013]  ClientConnect: 0
[Sun Sep 22 21:31:01 2013]  mlog:Player ^0Krack ^33000#, connected. With IP - 81.155.187.195:29070 
[Sun Sep 22 21:31:24 2013]  ClientBegin: 0
[Sun Sep 22 21:48:22 2013]  ClientDisconnect: 0
[Sun Sep 22 23:12:41 2013]  ClientConnect: 0
[Sun Sep 22 23:12:41 2013]  mlog:Player Padawan, connected. With IP - 190.30.148.176:29070 
[Sun Sep 22 23:12:52 2013]  ClientBegin: 0
[Sun Sep 22 23:12:52 2013]  say: Padawan: ^1Boba^0Fett's ^3Ultra Utility ^7v3 ^5Beta 16 ^7- ^5U^7ltra^7-^5U^7tility^5.^7com
[Sun Sep 22 23:16:02 2013]  Kill: 1022 0 36: <world> killed Padawan by MOD_CRUSH
[Sun Sep 22 23:16:36 2013]  Kill: 1022 0 3: <world> killed Padawan by MOD_SABER
[Sun Sep 22 23:20:23 2013]  Item: 114 weapon_bowcaster
[Sun Sep 22 23:20:24 2013]  Item: 128 weapon_bowcaster
[Sun Sep 22 23:22:16 2013]  Kill: 0 0 27: Padawan killed Padawan by MOD_DET_PACK_SPLASH
[Sun Sep 22 23:22:35 2013]  Item: 82 weapon_det_pack
[Sun Sep 22 23:26:48 2013]  Kill: 0 0 39: Padawan killed Padawan by MOD_SUICIDE
[Sun Sep 22 23:26:48 2013]  setteam:  0 FREE SPECTATOR
[Sun Sep 22 23:26:48 2013]  ClientBegin: 0
[Sun Sep 22 23:26:57 2013]  setteam:  0 SPECTATOR FREE
[Sun Sep 22 23:26:57 2013]  ClientBegin: 0
[Sun Sep 22 23:27:59 2013]  ClientDisconnect: 0
[Sun Sep 22 23:28:09 2013]  ClientConnect: 0
[Sun Sep 22 23:28:09 2013]  mlog:Player Padawan, connected. With IP - 190.30.148.176:29070 
[Sun Sep 22 23:28:14 2013]  ClientBegin: 0
[Sun Sep 22 23:28:17 2013]  say: Padawan: ^1Boba^0Fett's ^3Ultra Utility ^7v3 ^5Beta 16 ^7- ^5U^7ltra^7-^5U^7tility^5.^7com
[Sun Sep 22 23:30:00 2013]  ClientDisconnect: 0
[Mon Sep 23 09:27:15 2013]  ClientConnect: 0
[Mon Sep 23 09:27:15 2013]  mlog:Player ^4Anakin^9Skywalker, connected. With IP - 178.123.233.147:29070 
[Mon Sep 23 09:27:51 2013]  ClientBegin: 0
[Mon Sep 23 09:28:44 2013]  ClientConnect: 1
[Mon Sep 23 09:28:44 2013]  mlog:Player Padawan, connected. With IP - 178.123.211.133:15592 
[Mon Sep 23 09:28:49 2013]  Item: 0 weapon_melee
[Mon Sep 23 09:28:49 2013]  say: ^5^4Anakin^9Skywalker: ^0Battle ^4Sorcerer ^5script by ^0D^3arth ^0F^3urious
[Mon Sep 23 09:29:03 2013]  ClientBegin: 1
[Mon Sep 23 09:32:02 2013]  say: ^5^4Anakin^9Skywalker: /npc spawn jawa
[Mon Sep 23 09:33:42 2013]  Kill: 1 1 27: ^1Darth ^9^5sith killed ^1Darth ^9^5sith by MOD_DET_PACK_SPLASH
[Mon Sep 23 09:33:46 2013]  Kill: 1022 1 36: <world> killed ^1Darth ^9^5sith by MOD_CRUSH
[Mon Sep 23 09:33:52 2013]  Kill: 1022 1 36: <world> killed ^1Darth ^9^5sith by MOD_CRUSH
[Mon Sep 23 09:35:29 2013]  Kill: 0 1 36: ^5^4Anakin^9Skywalker killed ^1Darth ^9^5sith by MOD_CRUSH
[Mon Sep 23 09:38:39 2013]  Kill: 0 1 0: ^5^4Anakin^9Skywalker killed ^1Darth ^9^5sith by MOD_UNKNOWN
[Mon Sep 23 09:40:16 2013]  Kill: 0 1 36: ^5^4Anakin^9Skywalker killed ^1Darth ^9^5sith by MOD_CRUSH
[Mon Sep 23 09:40:27 2013]  Kill: 0 1 36: ^5^4Anakin^9Skywalker killed ^1Darth ^9^5sith by MOD_CRUSH
[Mon Sep 23 09:40:37 2013]  Kill: 0 1 36: ^5^4Anakin^9Skywalker killed ^1Darth ^9^5sith by MOD_CRUSH
[Mon Sep 23 09:40:44 2013]  Kill: 0 1 36: ^5^4Anakin^9Skywalker killed ^1Darth ^9^5sith by MOD_CRUSH
[Mon Sep 23 09:40:51 2013]  Kill: 0 1 36: ^5^4Anakin^9Skywalker killed ^1Darth ^9^5sith by MOD_CRUSH
[Mon Sep 23 09:41:29 2013]  Kill: 0 1 36: ^5^4Anakin^9Skywalker killed ^1Darth ^9^5sith by MOD_CRUSH
[Mon Sep 23 09:41:50 2013]  Kill: 0 1 36: ^5^4Anakin^9Skywalker killed ^1Darth ^9^5sith by MOD_CRUSH
[Mon Sep 23 09:42:00 2013]  Kill: 0 1 36: ^5^4Anakin^9Skywalker killed ^1Darth ^9^5sith by MOD_CRUSH
[Mon Sep 23 09:42:06 2013]  Kill: 0 1 36: ^5^4Anakin^9Skywalker killed ^1Darth ^9^5sith by MOD_CRUSH
[Mon Sep 23 09:42:13 2013]  Kill: 0 1 36: ^5^4Anakin^9Skywalker killed ^1Darth ^9^5sith by MOD_CRUSH
[Mon Sep 23 09:42:29 2013]  Kill: 0 1 36: ^5^4Anakin^9Skywalker killed ^1Darth ^9^5sith by MOD_CRUSH
[Mon Sep 23 09:42:44 2013]  Kill: 0 1 36: ^5^4Anakin^9Skywalker killed ^1Darth ^9^5sith by MOD_CRUSH
[Mon Sep 23 09:43:03 2013]  Kill: 0 1 36: ^5^4Anakin^9Skywalker killed ^1Darth ^9^5sith by MOD_CRUSH
[Mon Sep 23 09:43:18 2013]  Kill: 0 1 36: ^5^4Anakin^9Skywalker killed ^1Darth ^9^5sith by MOD_CRUSH
[Mon Sep 23 09:43:33 2013]  Kill: 0 1 36: ^5^4Anakin^9Skywalker killed ^1Darth ^9^5sith by MOD_CRUSH
[Mon Sep 23 09:43:39 2013]  Kill: 0 1 36: ^5^4Anakin^9Skywalker killed ^1Darth ^9^5sith by MOD_CRUSH
[Mon Sep 23 09:44:17 2013]  Kill: 0 1 36: ^5^4Anakin^9Skywalker killed ^1Darth ^9^5sith by MOD_CRUSH
[Mon Sep 23 09:44:47 2013]  Kill: 0 1 36: ^5^4Anakin^9Skywalker killed ^1Darth ^9^5sith by MOD_CRUSH
[Mon Sep 23 09:45:02 2013]  Kill: 0 1 0: ^5^4Anakin^9Skywalker killed ^1Darth ^9^5sith by MOD_UNKNOWN
[Mon Sep 23 09:45:25 2013]  Kill: 0 1 36: ^5^4Anakin^9Skywalker killed ^1Darth ^9^5sith by MOD_CRUSH
[Mon Sep 23 09:45:41 2013]  Kill: 0 1 36: ^5^4Anakin^9Skywalker killed ^1Darth ^9^5sith by MOD_CRUSH
[Mon Sep 23 09:45:59 2013]  Kill: 0 1 36: ^5^4Anakin^9Skywalker killed ^1Darth ^9^5sith by MOD_CRUSH
[Mon Sep 23 09:46:13 2013]  Kill: 0 1 36: ^5^4Anakin^9Skywalker killed ^1Darth ^9^5sith by MOD_CRUSH
[Mon Sep 23 09:46:33 2013]  Kill: 0 1 36: ^5^4Anakin^9Skywalker killed ^1Darth ^9^5sith by MOD_CRUSH
[Mon Sep 23 09:46:48 2013]  Kill: 0 1 36: ^5^4Anakin^9Skywalker killed ^1Darth ^9^5sith by MOD_CRUSH
[Mon Sep 23 09:47:17 2013]  Kill: 0 1 36: ^5^4Anakin^9Skywalker killed ^1Darth ^9^5sith by MOD_CRUSH
[Mon Sep 23 09:49:11 2013]  Kill: 0 1 36: ^5^4Anakin^9Skywalker killed ^1Darth ^9^5sith by MOD_CRUSH
[Mon Sep 23 09:49:27 2013]  Kill: 0 1 36: ^5^4Anakin^9Skywalker killed ^1Darth ^9^5sith by MOD_CRUSH
[Mon Sep 23 09:49:56 2013]  ClientDisconnect: 0
[Mon Sep 23 10:15:29 2013]  ClientDisconnect: 1
[Mon Sep 23 12:49:05 2013]  ClientConnect: 0
[Mon Sep 23 12:49:05 2013]  mlog:Player maxim, connected. With IP - 46.39.244.66:-11178 
[Mon Sep 23 12:49:19 2013]  ClientBegin: 0
[Mon Sep 23 12:56:42 2013]  Kill: 1022 0 2: <world> killed maxim by MOD_MELEE
[Mon Sep 23 12:58:27 2013]  Kill: 1022 0 40: <world> killed maxim by MOD_TARGET_LASER
[Mon Sep 23 13:06:38 2013]  ClientDisconnect: 0
[Mon Sep 23 13:49:33 2013]  ClientConnect: 0
[Mon Sep 23 13:49:33 2013]  mlog:Player max, connected. With IP - 46.39.244.66:-4389 
[Mon Sep 23 13:49:53 2013]  ClientBegin: 0
[Mon Sep 23 13:53:03 2013]  ClientDisconnect: 0
[Mon Sep 23 14:16:46 2013]  ShutdownGame:
[Mon Sep 23 14:16:46 2013]  ------------------------------------------------------------
