[Fri Sep 27 01:18:57 2013]  ------------------------------------------------------------
[Fri Sep 27 01:18:57 2013]  InitGame: \dmflags\0\fraglimit\0\timelimit\120\capturelimit\0\g_privateDuel\1\g_saberLocking\1\g_maxForceRank\7\duel_fraglimit\10\g_forceBasedTeams\0\g_duelWeaponDisable\65531\sv_hostname\^3Darkquake's Makermod Server\sv_maxclients\32\sv_maxRate\5000\sv_minPing\0\sv_maxPing\0\sv_floodProtect\0\sv_allowDownload\1\g_allowNPC\1\g_weaponDisable\0\g_forcePowerDisable\0\g_forceRegenTime\1\g_siegeTeamSwitch\1\g_siegeRespawn\20\g_debugMelee\1\g_noSpecMove\0\g_maxGameClients\0\g_jediVmerc\0\g_siegeTeam1\none\g_siegeTeam2\none\version\(internal)JAmp: v1.0.1.0 win-x86 Oct 30 2003\g_maxHolocronCarry\3\g_gametype\0\g_needpass\0\protocol\26\mapname\t2_trip\sv_privateClients\0\g_stepSlideFix\1\gamename\MakerMod\g_saberWallDamageScale\0.4\bg_fighterAltControl\0\g_showDuelHealths\0
[Fri Sep 27 01:19:12 2013]  ClientConnect: 0
[Fri Sep 27 01:19:12 2013]  mlog:Player ^0ÐàrkQµàkè, connected. With IP - 192.168.1.3:29070 
[Fri Sep 27 01:19:36 2013]  ClientBegin: 0
[Fri Sep 27 01:22:54 2013]  ClientDisconnect: 0
[Fri Sep 27 01:23:53 2013]  ------------------------------------------------------------
[Fri Sep 27 01:23:53 2013]  InitGame: \g_siegeTeam2\none\g_siegeTeam1\none\g_jediVmerc\0\g_maxGameClients\0\g_noSpecMove\0\g_debugMelee\1\g_siegeRespawn\20\g_siegeTeamSwitch\1\g_forceRegenTime\1\g_forcePowerDisable\0\g_weaponDisable\0\g_allowNPC\1\sv_allowDownload\1\sv_floodProtect\0\sv_maxPing\0\sv_minPing\0\sv_maxRate\5000\sv_maxclients\32\sv_hostname\^3Darkquake's Makermod Server\g_duelWeaponDisable\65531\g_forceBasedTeams\0\duel_fraglimit\10\g_maxForceRank\7\g_saberLocking\1\g_privateDuel\1\capturelimit\0\timelimit\120\fraglimit\0\dmflags\0\version\(internal)JAmp: v1.0.1.0 win-x86 Oct 30 2003\g_maxHolocronCarry\3\g_gametype\0\g_needpass\0\protocol\26\mapname\t2_trip\sv_privateClients\0\g_stepSlideFix\1\gamename\MakerMod\g_saberWallDamageScale\0.4\bg_fighterAltControl\0\g_showDuelHealths\0
[Fri Sep 27 01:24:03 2013]  ClientConnect: 0
[Fri Sep 27 01:24:03 2013]  mlog:Player ^0ÐàrkQµàkè, connected. With IP - 192.168.1.3:29070 
[Fri Sep 27 01:24:24 2013]  ClientBegin: 0
[Fri Sep 27 02:23:47 2013]  Exit: Timelimit hit.
[Fri Sep 27 02:23:47 2013]  score: 0  ping: 0  client: 0 ^0ÐàrkQµàkè
[Fri Sep 27 07:44:11 2013]  ShutdownGame:
[Fri Sep 27 07:44:11 2013]  ------------------------------------------------------------
[Fri Sep 27 07:44:11 2013]  ------------------------------------------------------------
[Fri Sep 27 07:44:11 2013]  InitGame: \g_siegeTeam2\none\g_siegeTeam1\none\g_jediVmerc\0\g_maxGameClients\0\g_noSpecMove\0\g_debugMelee\1\g_siegeRespawn\20\g_siegeTeamSwitch\1\g_forceRegenTime\0\g_forcePowerDisable\0\g_weaponDisable\0\g_allowNPC\1\bot_minplayers\0\sv_allowDownload\1\sv_floodProtect\0\sv_maxPing\0\sv_minPing\0\sv_maxRate\5000\sv_maxclients\32\sv_hostname\^3Darkquake's Makermod Server\g_duelWeaponDisable\65531\g_forceBasedTeams\0\duel_fraglimit\10\g_maxForceRank\7\g_saberLocking\1\g_privateDuel\1\capturelimit\0\timelimit\60\fraglimit\0\dmflags\0\version\(internal)JAmp: v1.0.1.0 win-x86 Oct 30 2003\g_maxHolocronCarry\3\g_gametype\0\g_needpass\0\protocol\26\mapname\mp/siege_desert\sv_privateClients\0\g_stepSlideFix\1\gamename\MakerMod\g_saberWallDamageScale\0.4\bg_fighterAltControl\0\g_showDuelHealths\0
[Fri Sep 27 07:44:12 2013]  ClientConnect: 0
[Fri Sep 27 07:44:24 2013]  ClientBegin: 0
[Fri Sep 27 07:48:05 2013]  ShutdownGame:
[Fri Sep 27 07:48:05 2013]  ------------------------------------------------------------
[Fri Sep 27 07:48:05 2013]  ------------------------------------------------------------
[Fri Sep 27 07:48:05 2013]  InitGame: \g_siegeTeam2\none\g_siegeTeam1\none\g_jediVmerc\0\g_maxGameClients\0\g_noSpecMove\0\g_debugMelee\1\g_siegeRespawn\20\g_siegeTeamSwitch\1\g_forceRegenTime\0\g_forcePowerDisable\0\g_weaponDisable\0\g_allowNPC\1\bot_minplayers\0\sv_allowDownload\1\sv_floodProtect\0\sv_maxPing\0\sv_minPing\0\sv_maxRate\5000\sv_maxclients\32\sv_hostname\^3Darkquake's Makermod Server\g_duelWeaponDisable\65531\g_forceBasedTeams\0\duel_fraglimit\10\g_maxForceRank\7\g_saberLocking\1\g_privateDuel\1\capturelimit\0\timelimit\60\fraglimit\0\dmflags\0\version\(internal)JAmp: v1.0.1.0 win-x86 Oct 30 2003\g_maxHolocronCarry\3\g_gametype\0\g_needpass\0\protocol\26\mapname\mp/siege_desert\sv_privateClients\0\g_stepSlideFix\1\gamename\MakerMod\g_saberWallDamageScale\0.4\bg_fighterAltControl\0\g_showDuelHealths\0
[Fri Sep 27 07:48:06 2013]  ClientConnect: 0
[Fri Sep 27 07:48:10 2013]  ClientBegin: 0
[Fri Sep 27 07:48:30 2013]  ShutdownGame:
[Fri Sep 27 07:48:30 2013]  ------------------------------------------------------------
[Fri Sep 27 07:48:31 2013]  ------------------------------------------------------------
[Fri Sep 27 07:48:31 2013]  InitGame: \g_siegeTeam2\none\g_siegeTeam1\none\g_jediVmerc\0\g_maxGameClients\0\g_noSpecMove\0\g_debugMelee\1\g_siegeRespawn\20\g_siegeTeamSwitch\1\g_forceRegenTime\1\g_forcePowerDisable\0\g_weaponDisable\0\g_allowNPC\1\bot_minplayers\0\sv_allowDownload\1\sv_floodProtect\0\sv_maxPing\0\sv_minPing\0\sv_maxRate\5000\sv_maxclients\32\sv_hostname\^3Darkquake's Makermod Server\g_duelWeaponDisable\65531\g_forceBasedTeams\0\duel_fraglimit\10\g_maxForceRank\7\g_saberLocking\1\g_privateDuel\1\capturelimit\0\timelimit\120\fraglimit\0\dmflags\0\version\(internal)JAmp: v1.0.1.0 win-x86 Oct 30 2003\g_maxHolocronCarry\3\g_gametype\0\g_needpass\0\protocol\26\mapname\t2_trip\sv_privateClients\0\g_stepSlideFix\1\gamename\MakerMod\g_saberWallDamageScale\0.4\bg_fighterAltControl\0\g_showDuelHealths\0
[Fri Sep 27 07:48:32 2013]  ClientConnect: 0
[Fri Sep 27 07:48:36 2013]  ClientBegin: 0
[Fri Sep 27 07:50:36 2013]  ShutdownGame:
[Fri Sep 27 07:50:36 2013]  ------------------------------------------------------------
[Fri Sep 27 07:50:37 2013]  ------------------------------------------------------------
[Fri Sep 27 07:50:37 2013]  InitGame: \g_siegeTeam2\none\g_siegeTeam1\none\g_jediVmerc\0\g_maxGameClients\0\g_noSpecMove\0\g_debugMelee\1\g_siegeRespawn\20\g_siegeTeamSwitch\1\g_forceRegenTime\1\g_forcePowerDisable\0\g_weaponDisable\0\g_allowNPC\1\bot_minplayers\0\sv_allowDownload\1\sv_floodProtect\0\sv_maxPing\0\sv_minPing\0\sv_maxRate\5000\sv_maxclients\32\sv_hostname\^3Darkquake's Makermod Server\g_duelWeaponDisable\65531\g_forceBasedTeams\0\duel_fraglimit\10\g_maxForceRank\7\g_saberLocking\1\g_privateDuel\1\capturelimit\0\timelimit\120\fraglimit\0\dmflags\0\version\(internal)JAmp: v1.0.1.0 win-x86 Oct 30 2003\g_maxHolocronCarry\3\g_gametype\0\g_needpass\0\protocol\26\mapname\t2_trip\sv_privateClients\0\g_stepSlideFix\1\gamename\MakerMod\g_saberWallDamageScale\0.4\bg_fighterAltControl\0\g_showDuelHealths\0
[Fri Sep 27 07:50:38 2013]  ClientConnect: 0
[Fri Sep 27 07:50:42 2013]  ClientBegin: 0
[Fri Sep 27 07:52:51 2013]  ------------------------------------------------------------
[Fri Sep 27 07:52:51 2013]  InitGame: \dmflags\0\fraglimit\0\timelimit\120\capturelimit\0\g_privateDuel\1\g_saberLocking\1\g_maxForceRank\7\duel_fraglimit\10\g_forceBasedTeams\0\g_duelWeaponDisable\65531\sv_hostname\^3Darkquake's Makermod Server\sv_maxclients\32\sv_maxRate\5000\sv_minPing\0\sv_maxPing\0\sv_floodProtect\0\sv_allowDownload\1\g_allowNPC\1\g_weaponDisable\0\g_forcePowerDisable\0\g_forceRegenTime\1\g_siegeTeamSwitch\1\g_siegeRespawn\20\g_debugMelee\1\g_noSpecMove\0\g_maxGameClients\0\g_jediVmerc\0\g_siegeTeam1\none\g_siegeTeam2\none\version\(internal)JAmp: v1.0.1.0 win-x86 Oct 30 2003\g_maxHolocronCarry\3\g_gametype\0\g_needpass\0\protocol\26\mapname\t2_trip\sv_privateClients\0\g_stepSlideFix\1\gamename\MakerMod\g_saberWallDamageScale\0.4\bg_fighterAltControl\0\g_showDuelHealths\0
[Fri Sep 27 07:52:55 2013]  ClientConnect: 0
[Fri Sep 27 07:52:55 2013]  mlog:Player ^0ÐàrkQµàkè, connected. With IP - 192.168.1.3:29070 
[Fri Sep 27 07:52:59 2013]  ClientBegin: 0
[Fri Sep 27 08:52:45 2013]  Exit: Timelimit hit.
[Fri Sep 27 08:52:45 2013]  score: 0  ping: 0  client: 0 ^0ÐàrkQµàkè
[Fri Sep 27 11:24:24 2013]  ClientConnect: 1
[Fri Sep 27 11:24:24 2013]  mlog:Player ^0K^3yle ^0K^3atarn, connected. With IP - 83.166.208.200:-2625 
[Fri Sep 27 11:24:33 2013]  ClientBegin: 1
[Fri Sep 27 11:25:12 2013]  ShutdownGame:
[Fri Sep 27 11:25:12 2013]  ------------------------------------------------------------
[Fri Sep 27 11:25:13 2013]  ------------------------------------------------------------
[Fri Sep 27 11:25:13 2013]  InitGame: \dmflags\0\fraglimit\0\timelimit\60\capturelimit\0\g_privateDuel\1\g_saberLocking\1\g_maxForceRank\7\duel_fraglimit\10\g_forceBasedTeams\0\g_duelWeaponDisable\65531\sv_hostname\^3Darkquake's Makermod Server\sv_maxclients\32\sv_maxRate\5000\sv_minPing\0\sv_maxPing\0\sv_floodProtect\0\sv_allowDownload\1\bot_minplayers\0\g_allowNPC\1\g_weaponDisable\0\g_forcePowerDisable\0\g_forceRegenTime\0\g_siegeTeamSwitch\1\g_siegeRespawn\20\g_debugMelee\1\g_noSpecMove\0\g_maxGameClients\0\g_jediVmerc\0\g_siegeTeam1\none\g_siegeTeam2\none\version\(internal)JAmp: v1.0.1.0 win-x86 Oct 30 2003\g_maxHolocronCarry\3\g_gametype\0\g_needpass\0\protocol\26\mapname\mp/siege_desert\sv_privateClients\0\g_stepSlideFix\1\gamename\MakerMod\g_saberWallDamageScale\0.4\bg_fighterAltControl\0\g_showDuelHealths\0
[Fri Sep 27 11:25:13 2013]  ClientConnect: 0
[Fri Sep 27 11:25:13 2013]  ClientConnect: 1
[Fri Sep 27 11:25:18 2013]  ClientBegin: 0
[Fri Sep 27 11:25:20 2013]  ClientBegin: 1
[Fri Sep 27 11:25:53 2013]  Kill: 1 0 3: Padawan killed ^0ÐàrkQµàkè by MOD_SABER
[Fri Sep 27 11:27:00 2013]  ClientDisconnect: 1
[Fri Sep 27 12:13:08 2013]  ShutdownGame:
[Fri Sep 27 12:13:08 2013]  ------------------------------------------------------------
[Fri Sep 27 12:13:09 2013]  ------------------------------------------------------------
[Fri Sep 27 12:13:09 2013]  InitGame: \dmflags\0\fraglimit\0\timelimit\60\capturelimit\0\g_privateDuel\1\g_saberLocking\1\g_maxForceRank\7\duel_fraglimit\10\g_forceBasedTeams\0\g_duelWeaponDisable\65531\sv_hostname\^3Darkquake's Makermod Server\sv_maxclients\32\sv_maxRate\5000\sv_minPing\0\sv_maxPing\0\sv_floodProtect\0\sv_allowDownload\1\bot_minplayers\0\g_allowNPC\1\g_weaponDisable\0\g_forcePowerDisable\0\g_forceRegenTime\0\g_siegeTeamSwitch\1\g_siegeRespawn\20\g_debugMelee\1\g_noSpecMove\0\g_maxGameClients\0\g_jediVmerc\0\g_siegeTeam1\none\g_siegeTeam2\none\version\(internal)JAmp: v1.0.1.0 win-x86 Oct 30 2003\g_maxHolocronCarry\3\g_gametype\0\g_needpass\0\protocol\26\mapname\t2_trip\sv_privateClients\0\g_stepSlideFix\1\gamename\MakerMod\g_saberWallDamageScale\0.4\bg_fighterAltControl\0\g_showDuelHealths\0
[Fri Sep 27 12:13:10 2013]  ClientConnect: 0
[Fri Sep 27 12:13:14 2013]  ClientBegin: 0
[Fri Sep 27 12:13:23 2013]  ShutdownGame:
[Fri Sep 27 12:13:23 2013]  ------------------------------------------------------------
[Fri Sep 27 12:13:24 2013]  ------------------------------------------------------------
[Fri Sep 27 12:13:24 2013]  InitGame: \dmflags\0\fraglimit\0\timelimit\60\capturelimit\0\g_privateDuel\1\g_saberLocking\1\g_maxForceRank\7\duel_fraglimit\10\g_forceBasedTeams\0\g_duelWeaponDisable\65531\sv_hostname\^3Darkquake's Makermod Server\sv_maxclients\32\sv_maxRate\5000\sv_minPing\0\sv_maxPing\0\sv_floodProtect\0\sv_allowDownload\1\bot_minplayers\0\g_allowNPC\1\g_weaponDisable\0\g_forcePowerDisable\0\g_forceRegenTime\0\g_siegeTeamSwitch\1\g_siegeRespawn\20\g_debugMelee\1\g_noSpecMove\0\g_maxGameClients\0\g_jediVmerc\0\g_siegeTeam1\none\g_siegeTeam2\none\version\(internal)JAmp: v1.0.1.0 win-x86 Oct 30 2003\g_maxHolocronCarry\3\g_gametype\0\g_needpass\0\protocol\26\mapname\mp/ffa1\sv_privateClients\0\g_stepSlideFix\1\gamename\MakerMod\g_saberWallDamageScale\0.4\bg_fighterAltControl\0\g_showDuelHealths\0
[Fri Sep 27 12:13:24 2013]  ClientConnect: 0
[Fri Sep 27 12:13:36 2013]  ClientBegin: 0
[Fri Sep 27 12:14:14 2013]  ShutdownGame:
[Fri Sep 27 12:14:14 2013]  ------------------------------------------------------------
[Fri Sep 27 12:14:14 2013]  ------------------------------------------------------------
[Fri Sep 27 12:14:14 2013]  InitGame: \dmflags\0\fraglimit\0\timelimit\60\capturelimit\0\g_privateDuel\1\g_saberLocking\1\g_maxForceRank\7\duel_fraglimit\10\g_forceBasedTeams\0\g_duelWeaponDisable\65531\sv_hostname\^3Darkquake's Makermod Server\sv_maxclients\32\sv_maxRate\5000\sv_minPing\0\sv_maxPing\0\sv_floodProtect\0\sv_allowDownload\1\bot_minplayers\0\g_allowNPC\1\g_weaponDisable\0\g_forcePowerDisable\0\g_forceRegenTime\0\g_siegeTeamSwitch\1\g_siegeRespawn\20\g_debugMelee\1\g_noSpecMove\0\g_maxGameClients\0\g_jediVmerc\0\g_siegeTeam1\none\g_siegeTeam2\none\version\(internal)JAmp: v1.0.1.0 win-x86 Oct 30 2003\g_maxHolocronCarry\3\g_gametype\0\g_needpass\0\protocol\26\mapname\mp/ffa1\sv_privateClients\0\g_stepSlideFix\1\gamename\MakerMod\g_saberWallDamageScale\0.4\bg_fighterAltControl\0\g_showDuelHealths\0
[Fri Sep 27 12:14:14 2013]  ClientConnect: 0
[Fri Sep 27 12:14:14 2013]  ClientBegin: 0
[Fri Sep 27 12:14:26 2013]  ShutdownGame:
[Fri Sep 27 12:14:26 2013]  ------------------------------------------------------------
[Fri Sep 27 12:14:27 2013]  ------------------------------------------------------------
[Fri Sep 27 12:14:27 2013]  InitGame: \dmflags\0\fraglimit\0\timelimit\60\capturelimit\0\g_privateDuel\1\g_saberLocking\1\g_maxForceRank\7\duel_fraglimit\10\g_forceBasedTeams\0\g_duelWeaponDisable\65531\sv_hostname\^3Darkquake's Makermod Server\sv_maxclients\32\sv_maxRate\5000\sv_minPing\0\sv_maxPing\0\sv_floodProtect\0\sv_allowDownload\1\bot_minplayers\0\g_allowNPC\1\g_weaponDisable\0\g_forcePowerDisable\0\g_forceRegenTime\0\g_siegeTeamSwitch\1\g_siegeRespawn\20\g_debugMelee\1\g_noSpecMove\0\g_maxGameClients\0\g_jediVmerc\0\g_siegeTeam1\none\g_siegeTeam2\none\version\(internal)JAmp: v1.0.1.0 win-x86 Oct 30 2003\g_maxHolocronCarry\3\g_gametype\0\g_needpass\0\protocol\26\mapname\t2_trip\sv_privateClients\0\g_stepSlideFix\1\gamename\MakerMod\g_saberWallDamageScale\0.4\bg_fighterAltControl\0\g_showDuelHealths\0
[Fri Sep 27 12:14:28 2013]  ClientConnect: 0
[Fri Sep 27 12:14:32 2013]  ClientBegin: 0
[Fri Sep 27 12:14:38 2013]  say: ^0ÐàrkQµàkè: asdf
[Fri Sep 27 12:16:26 2013]  ClientDisconnect: 0
[Fri Sep 27 12:18:46 2013]  ------------------------------------------------------------
[Fri Sep 27 12:18:46 2013]  InitGame: \g_siegeTeam2\none\g_siegeTeam1\none\g_jediVmerc\0\g_maxGameClients\0\g_noSpecMove\0\g_debugMelee\1\g_siegeRespawn\20\g_siegeTeamSwitch\1\g_forceRegenTime\1\g_forcePowerDisable\0\g_weaponDisable\0\g_allowNPC\1\sv_allowDownload\1\sv_floodProtect\0\sv_maxPing\0\sv_minPing\0\sv_maxRate\5000\sv_maxclients\32\sv_hostname\^3Darkquake's Makermod Server\g_duelWeaponDisable\65531\g_forceBasedTeams\0\duel_fraglimit\10\g_maxForceRank\7\g_saberLocking\1\g_privateDuel\1\capturelimit\0\timelimit\120\fraglimit\0\dmflags\0\version\(internal)JAmp: v1.0.1.0 win-x86 Oct 30 2003\g_maxHolocronCarry\3\g_gametype\0\g_needpass\0\protocol\26\mapname\t2_trip\sv_privateClients\0\g_stepSlideFix\1\gamename\MakerMod\g_saberWallDamageScale\0.4\bg_fighterAltControl\0\g_showDuelHealths\0
[Fri Sep 27 12:18:52 2013]  ClientConnect: 0
[Fri Sep 27 12:18:52 2013]  mlog:Player max, connected. With IP - 46.39.244.66:-1511 
[Fri Sep 27 12:19:10 2013]  ClientBegin: 0
[Fri Sep 27 12:19:11 2013]  ClientConnect: 1
[Fri Sep 27 12:19:11 2013]  mlog:Player ^0ÐàrkQµàkè, connected. With IP - 192.168.1.3:29070 
[Fri Sep 27 12:19:30 2013]  say: maxim: hi
[Fri Sep 27 12:19:32 2013]  ClientBegin: 1
[Fri Sep 27 12:19:36 2013]  say: maxim: hi
[Fri Sep 27 12:19:48 2013]  say: ^0ÐàrkQµàkè: hello
[Fri Sep 27 12:21:09 2013]  Kill: 0 1 3: maxim killed ^0ÐàrkQµàkè by MOD_SABER
[Fri Sep 27 12:21:11 2013]  say: ^0ÐàrkQµàkè: gf
[Fri Sep 27 12:21:15 2013]  say: maxim: cool
[Fri Sep 27 12:21:22 2013]  say: ^0ÐàrkQµàkè: I increased saber locking frequency :)
[Fri Sep 27 12:21:24 2013]  say: ^0ÐàrkQµàkè: like it?
[Fri Sep 27 12:21:25 2013]  say: maxim: ti ne ruskij?
[Fri Sep 27 12:21:37 2013]  say: ^0ÐàrkQµàkè: I only speak English and some French :p
[Fri Sep 27 12:22:20 2013]  say: maxim: you do cheats?
[Fri Sep 27 12:22:50 2013]  Kill: 0 1 3: maxim killed ^0ÐàrkQµàkè by MOD_SABER
[Fri Sep 27 12:22:54 2013]  say: maxim: sorry
[Fri Sep 27 12:22:57 2013]  say: ^0ÐàrkQµàkè: np=
[Fri Sep 27 12:22:58 2013]  say: maxim: go me
[Fri Sep 27 12:23:07 2013]  say: maxim: /god
[Fri Sep 27 12:23:09 2013]  say: maxim: do
[Fri Sep 27 12:23:13 2013]  say: maxim: in console
[Fri Sep 27 12:23:20 2013]  say: ^0ÐàrkQµàkè: yeah I know about god mode
[Fri Sep 27 12:23:26 2013]  say: maxim: /noclip
[Fri Sep 27 12:23:38 2013]  say: maxim: go me
[Fri Sep 27 12:23:46 2013]  say: ^0ÐàrkQµàkè: I can just teleport to you
[Fri Sep 27 12:23:49 2013]  say: ^0ÐàrkQµàkè: when you're ready
[Fri Sep 27 12:24:00 2013]  say: maxim: ok
[Fri Sep 27 12:24:04 2013]  say: maxim: teleport
[Fri Sep 27 12:24:09 2013]  say: maxim: do base
[Fri Sep 27 12:24:54 2013]  say: ^0ÐàrkQµàkè: you wanted a door here yeah?
[Fri Sep 27 12:25:23 2013]  say: maxim: wow
[Fri Sep 27 12:25:30 2013]  say: maxim: how open?
[Fri Sep 27 12:25:38 2013]  say: ^0ÐàrkQµàkè: one moment
[Fri Sep 27 12:25:58 2013]  say: ^0ÐàrkQµàkè: there
[Fri Sep 27 12:26:00 2013]  say: ^0ÐàrkQµàkè: look
[Fri Sep 27 12:26:28 2013]  say: maxim: wow good
[Fri Sep 27 12:26:36 2013]  say: ^0ÐàrkQµàkè: I'll teach you how to make it
[Fri Sep 27 12:26:38 2013]  say: ^0ÐàrkQµàkè: it's simple
[Fri Sep 27 12:26:47 2013]  say: maxim: do 2 floor
[Fri Sep 27 12:29:08 2013]  say: maxim: look
[Fri Sep 27 12:29:16 2013]  say: ^0ÐàrkQµàkè: nice :)
[Fri Sep 27 12:29:26 2013]  say: ^0ÐàrkQµàkè: you got a platform working :D
[Fri Sep 27 12:30:15 2013]  ClientConnect: 2
[Fri Sep 27 12:30:15 2013]  mlog:Player Padawan, connected. With IP - 86.211.177.131:29070 
[Fri Sep 27 12:30:20 2013]  say: ^0ÐàrkQµàkè: you know about saving objects?
[Fri Sep 27 12:30:31 2013]  say: ^0ÐàrkQµàkè: type /msaveobs base (password)
[Fri Sep 27 12:30:40 2013]  say: ^0ÐàrkQµàkè: then you can load these again later
[Fri Sep 27 12:30:52 2013]  ClientBegin: 2
[Fri Sep 27 12:31:11 2013]  say: maxim: i dont admin
[Fri Sep 27 12:31:23 2013]  say: ^0ÐàrkQµàkè: you don't need to be an admin to save objects
[Fri Sep 27 12:31:32 2013]  say: ^0ÐàrkQµàkè: anyone can type /msaveobs (name) (password)
[Fri Sep 27 12:31:43 2013]  say: ^0ÐàrkQµàkè: then they use /mloadobs (name) (password) to bring them back
[Fri Sep 27 12:33:01 2013]  say: maxim: do it a 2 floor
[Fri Sep 27 12:33:14 2013]  say: maxim: elec
[Fri Sep 27 12:33:19 2013]  say: maxim: teleport to me
[Fri Sep 27 12:33:59 2013]  say: ^0ÐàrkQµàkè: I have an easier way of placing the catwalks
[Fri Sep 27 12:34:03 2013]  say: ^0ÐàrkQµàkè: watch
[Fri Sep 27 12:34:58 2013]  say: ^0ÐàrkQµàkè: Hi there
[Fri Sep 27 12:35:40 2013]  ClientDisconnect: 2
[Fri Sep 27 12:36:03 2013]  say: ^0ÐàrkQµàkè: done
[Fri Sep 27 12:36:03 2013]  say: maxim: wow
[Fri Sep 27 12:36:13 2013]  say: maxim: hmm
[Fri Sep 27 12:36:19 2013]  say: maxim: problem
[Fri Sep 27 12:36:21 2013]  say: ^0ÐàrkQµàkè: mmove is easier to place objects
[Fri Sep 27 12:36:24 2013]  say: ^0ÐàrkQµàkè: yep dw
[Fri Sep 27 12:37:39 2013]  say: maxim: wow
[Fri Sep 27 12:37:41 2013]  say: ^0ÐàrkQµàkè: maxim I'll teach you how to place objects faster and more accurately
[Fri Sep 27 12:37:44 2013]  say: maxim: it on!
[Fri Sep 27 12:37:44 2013]  say: ^0ÐàrkQµàkè: if you like
[Fri Sep 27 12:38:16 2013]  say: ^0ÐàrkQµàkè: hm I can't use it
[Fri Sep 27 12:38:28 2013]  say: maxim: come me
[Fri Sep 27 12:38:32 2013]  say: ^0ÐàrkQµàkè: I'm here
[Fri Sep 27 12:38:49 2013]  say: maxim: go
[Fri Sep 27 12:39:04 2013]  say: ^0ÐàrkQµàkè: it won't let me use it
[Fri Sep 27 12:39:15 2013]  say: ^0ÐàrkQµàkè: ohhh
[Fri Sep 27 12:39:18 2013]  say: ^0ÐàrkQµàkè: that's strange
[Fri Sep 27 12:39:41 2013]  say: maxim: cool!
[Fri Sep 27 12:39:50 2013]  say: ^0ÐàrkQµàkè: but why to the right of it? :p
[Fri Sep 27 12:40:14 2013]  say: ^0ÐàrkQµàkè: hey Maxim want me to teach you some useful tips?
[Fri Sep 27 12:40:19 2013]  say: ^0ÐàrkQµàkè: it will help your building
[Fri Sep 27 12:40:29 2013]  say: maxim: look
[Fri Sep 27 12:40:35 2013]  say: maxim: armor
[Fri Sep 27 12:40:51 2013]  say: maxim: go building
[Fri Sep 27 12:41:16 2013]  say: ^0ÐàrkQµàkè: Maxim let me teach you some tips
[Fri Sep 27 12:41:22 2013]  say: ^0ÐàrkQµàkè: you don't have to mdrop all the time
[Fri Sep 27 12:41:38 2013]  say: ^0ÐàrkQµàkè: because it's difficult to position it correctly
[Fri Sep 27 12:41:46 2013]  say: ^0ÐàrkQµàkè: let me teach you alright?
[Fri Sep 27 12:42:07 2013]  say: ^0ÐàrkQµàkè: MAXIM
[Fri Sep 27 12:42:20 2013]  say: ^0ÐàrkQµàkè: watch me and learn
[Fri Sep 27 12:42:23 2013]  say: ^0ÐàrkQµàkè: this will help you
[Fri Sep 27 12:42:49 2013]  say: ^0ÐàrkQµàkè: Maxim look
[Fri Sep 27 12:42:55 2013]  say: ^0ÐàrkQµàkè: when you make the floors you can just do this
[Fri Sep 27 12:43:04 2013]  say: maxim: wow
[Fri Sep 27 12:43:08 2013]  say: maxim: i cant
[Fri Sep 27 12:43:16 2013]  say: maxim: say camand
[Fri Sep 27 12:43:16 2013]  say: ^0ÐàrkQµàkè: I'm trying to teach it to you
[Fri Sep 27 12:43:22 2013]  say: ^0ÐàrkQµàkè: it's a few commands
[Fri Sep 27 12:43:24 2013]  say: ^0ÐàrkQµàkè: want to learn?
[Fri Sep 27 12:43:37 2013]  say: maxim: im small udestend im russian
[Fri Sep 27 12:43:42 2013]  say: ^0ÐàrkQµàkè: ok
[Fri Sep 27 12:43:51 2013]  say: maxim: say camand
[Fri Sep 27 12:43:55 2013]  say: ^0ÐàrkQµàkè: first step is to type /mmarkfoot
[Fri Sep 27 12:44:10 2013]  say: maxim: ok
[Fri Sep 27 12:44:15 2013]  say: ^0ÐàrkQµàkè: now place the catwalk
[Fri Sep 27 12:44:20 2013]  say: ^0ÐàrkQµàkè: /mplace factory/catw2_b
[Fri Sep 27 12:44:25 2013]  say: maxim: ok
[Fri Sep 27 12:44:49 2013]  say: maxim: ok
[Fri Sep 27 12:44:52 2013]  say: ^0ÐàrkQµàkè: ok
[Fri Sep 27 12:45:05 2013]  say: ^0ÐàrkQµàkè: drop that...
[Fri Sep 27 12:45:11 2013]  say: ^0ÐàrkQµàkè: we're not going to use /mgrab
[Fri Sep 27 12:45:13 2013]  say: maxim: say camand
[Fri Sep 27 12:45:15 2013]  say: ^0ÐàrkQµàkè: /mkill
[Fri Sep 27 12:45:24 2013]  say: ^0ÐàrkQµàkè: oh..
[Fri Sep 27 12:45:25 2013]  say: ^0ÐàrkQµàkè: /mdrop
[Fri Sep 27 12:45:42 2013]  say: maxim: and?
[Fri Sep 27 12:45:47 2013]  say: ^0ÐàrkQµàkè: then /mselect
[Fri Sep 27 12:45:49 2013]  say: ^0ÐàrkQµàkè: then /mkill
[Fri Sep 27 12:46:04 2013]  say: maxim: ok
[Fri Sep 27 12:46:20 2013]  say: ^0ÐàrkQµàkè: is this the spot you marked?
[Fri Sep 27 12:46:33 2013]  say: maxim: i dont und. im rus
[Fri Sep 27 12:46:43 2013]  say: ^0ÐàrkQµàkè: type /mmarkfoot
[Fri Sep 27 12:46:50 2013]  say: ^0ÐàrkQµàkè: then /mplace factory/catw2_b
[Fri Sep 27 12:47:04 2013]  say: ^0ÐàrkQµàkè: ok good
[Fri Sep 27 12:47:05 2013]  say: maxim: ok
[Fri Sep 27 12:47:06 2013]  say: ^0ÐàrkQµàkè: now walk off it
[Fri Sep 27 12:47:09 2013]  say: ^0ÐàrkQµàkè: here
[Fri Sep 27 12:47:17 2013]  say: ^0ÐàrkQµàkè: alright
[Fri Sep 27 12:47:22 2013]  say: ^0ÐàrkQµàkè: now type the place command again
[Fri Sep 27 12:47:26 2013]  say: ^0ÐàrkQµàkè: /mplace factory/catw2_b
[Fri Sep 27 12:47:33 2013]  say: ^0ÐàrkQµàkè: good
[Fri Sep 27 12:47:34 2013]  say: maxim: and?
[Fri Sep 27 12:47:37 2013]  say: ^0ÐàrkQµàkè: now 2 catwalks are here
[Fri Sep 27 12:47:39 2013]  say: ^0ÐàrkQµàkè: so now type
[Fri Sep 27 12:47:42 2013]  say: ^0ÐàrkQµàkè: /mmove 12 0 0
[Fri Sep 27 12:47:52 2013]  say: ^0ÐàrkQµàkè: the length of a catwalk is 12
[Fri Sep 27 12:47:59 2013]  say: ^0ÐàrkQµàkè: so we are moving it 12 units on the x axis
[Fri Sep 27 12:48:06 2013]  say: ^0ÐàrkQµàkè: now place another catwalk
[Fri Sep 27 12:48:11 2013]  say: ^0ÐàrkQµàkè: /mplace factory/catw2_b
[Fri Sep 27 12:48:26 2013]  say: ^0ÐàrkQµàkè: no i didn't say to move it
[Fri Sep 27 12:48:34 2013]  say: ^0ÐàrkQµàkè: because you should have typed /mmove 24 0 0
[Fri Sep 27 12:48:41 2013]  say: ^0ÐàrkQµàkè: because it is 12 units further than the previous
[Fri Sep 27 12:48:45 2013]  say: ^0ÐàrkQµàkè: well not now
[Fri Sep 27 12:48:49 2013]  say: ^0ÐàrkQµàkè: because it's too far
[Fri Sep 27 12:48:53 2013]  say: ^0ÐàrkQµàkè: spawn another one
[Fri Sep 27 12:49:09 2013]  say: ^0ÐàrkQµàkè: anyway do you understand?
[Fri Sep 27 12:49:13 2013]  say: ^0ÐàrkQµàkè: you work in units of 12
[Fri Sep 27 12:49:13 2013]  say: maxim: yes
[Fri Sep 27 12:49:18 2013]  say: ^0ÐàrkQµàkè: so 12 0 0
[Fri Sep 27 12:49:20 2013]  say: ^0ÐàrkQµàkè: -12 0 0
[Fri Sep 27 12:49:21 2013]  say: maxim: go work base
[Fri Sep 27 12:49:25 2013]  say: ^0ÐàrkQµàkè: 0 0 12
[Fri Sep 27 12:49:26 2013]  say: ^0ÐàrkQµàkè: etc
[Fri Sep 27 12:49:50 2013]  say: ^0ÐàrkQµàkè: I can't stay so I'll leave you to build
[Fri Sep 27 12:50:06 2013]  say: ^0ÐàrkQµàkè: but on the weekend I'll try to put some information on my website for beginners on Makermod
[Fri Sep 27 12:50:13 2013]  say: ^0ÐàrkQµàkè: bye
[Fri Sep 27 12:51:12 2013]  ClientDisconnect: 1
[Fri Sep 27 12:51:31 2013]  say: maxim: y
[Fri Sep 27 13:16:21 2013]  ClientDisconnect: 0
[Fri Sep 27 13:18:40 2013]  Exit: Timelimit hit.
[Fri Sep 27 13:21:59 2013]  ClientConnect: 0
[Fri Sep 27 13:21:59 2013]  mlog:Player ^060^<<{KOTR}>>Dark|ST|, connected. With IP - 217.118.91.34:7559 
[Fri Sep 27 13:22:26 2013]  ClientBegin: 0
[Fri Sep 27 13:22:32 2013]  ShutdownGame:
[Fri Sep 27 13:22:32 2013]  ------------------------------------------------------------
[Fri Sep 27 13:22:33 2013]  ------------------------------------------------------------
[Fri Sep 27 13:22:33 2013]  InitGame: \g_siegeTeam2\none\g_siegeTeam1\none\g_jediVmerc\0\g_maxGameClients\0\g_noSpecMove\0\g_debugMelee\1\g_siegeRespawn\20\g_siegeTeamSwitch\1\g_forceRegenTime\0\g_forcePowerDisable\0\g_weaponDisable\0\g_allowNPC\1\bot_minplayers\0\sv_allowDownload\1\sv_floodProtect\0\sv_maxPing\0\sv_minPing\0\sv_maxRate\5000\sv_maxclients\32\sv_hostname\^3Darkquake's Makermod Server\g_duelWeaponDisable\65531\g_forceBasedTeams\0\duel_fraglimit\10\g_maxForceRank\7\g_saberLocking\1\g_privateDuel\1\capturelimit\0\timelimit\60\fraglimit\0\dmflags\0\version\(internal)JAmp: v1.0.1.0 win-x86 Oct 30 2003\g_maxHolocronCarry\3\g_gametype\0\g_needpass\0\protocol\26\mapname\mp/siege_desert\sv_privateClients\0\g_stepSlideFix\1\gamename\MakerMod\g_saberWallDamageScale\0.4\bg_fighterAltControl\0\g_showDuelHealths\0
[Fri Sep 27 13:22:34 2013]  ClientConnect: 0
[Fri Sep 27 13:22:45 2013]  ClientBegin: 0
[Fri Sep 27 13:24:12 2013]  ClientDisconnect: 0
[Fri Sep 27 14:22:32 2013]  Exit: Timelimit hit.
[Fri Sep 27 15:17:47 2013]  ClientConnect: 0
[Fri Sep 27 15:17:47 2013]  mlog:Player Adlast so ave, connected. With IP - 109.254.49.34:29070 
[Fri Sep 27 15:18:16 2013]  ClientBegin: 0
[Fri Sep 27 15:18:19 2013]  ShutdownGame:
[Fri Sep 27 15:18:19 2013]  ------------------------------------------------------------
[Fri Sep 27 15:18:19 2013]  ------------------------------------------------------------
[Fri Sep 27 15:18:19 2013]  InitGame: \g_siegeTeam2\none\g_siegeTeam1\none\g_jediVmerc\0\g_maxGameClients\0\g_noSpecMove\0\g_debugMelee\1\g_siegeRespawn\20\g_siegeTeamSwitch\1\g_forceRegenTime\0\g_forcePowerDisable\0\g_weaponDisable\0\g_allowNPC\1\bot_minplayers\0\sv_allowDownload\1\sv_floodProtect\0\sv_maxPing\0\sv_minPing\0\sv_maxRate\5000\sv_maxclients\32\sv_hostname\^3Darkquake's Makermod Server\g_duelWeaponDisable\65531\g_forceBasedTeams\0\duel_fraglimit\10\g_maxForceRank\7\g_saberLocking\1\g_privateDuel\1\capturelimit\0\timelimit\60\fraglimit\0\dmflags\0\version\(internal)JAmp: v1.0.1.0 win-x86 Oct 30 2003\g_maxHolocronCarry\3\g_gametype\0\g_needpass\0\protocol\26\mapname\t2_trip\sv_privateClients\0\g_stepSlideFix\1\gamename\MakerMod\g_saberWallDamageScale\0.4\bg_fighterAltControl\0\g_showDuelHealths\0
[Fri Sep 27 15:18:21 2013]  ClientConnect: 0
[Fri Sep 27 15:18:38 2013]  ClientBegin: 0
[Fri Sep 27 15:22:05 2013]  ClientDisconnect: 0
[Fri Sep 27 15:52:44 2013]  ClientConnect: 0
[Fri Sep 27 15:52:44 2013]  mlog:Player max, connected. With IP - 46.39.244.66:-1055 
[Fri Sep 27 15:53:03 2013]  ClientBegin: 0
[Fri Sep 27 16:10:44 2013]  Item: 0 weapon_blaster
[Fri Sep 27 16:18:01 2013]  Item: 109 weapon_blaster
[Fri Sep 27 16:18:01 2013]  Item: 109 weapon_blaster
[Fri Sep 27 16:18:02 2013]  Item: 109 weapon_blaster
[Fri Sep 27 16:18:18 2013]  Exit: Timelimit hit.
[Fri Sep 27 16:18:18 2013]  score: 20  ping: 77  client: 0 maxim
[Fri Sep 27 16:18:24 2013]  ShutdownGame:
[Fri Sep 27 16:18:24 2013]  ------------------------------------------------------------
[Fri Sep 27 16:18:25 2013]  ------------------------------------------------------------
[Fri Sep 27 16:18:25 2013]  InitGame: \g_siegeTeam2\none\g_siegeTeam1\none\g_jediVmerc\0\g_maxGameClients\0\g_noSpecMove\0\g_debugMelee\1\g_siegeRespawn\20\g_siegeTeamSwitch\1\g_forceRegenTime\0\g_forcePowerDisable\0\g_weaponDisable\0\g_allowNPC\1\bot_minplayers\0\sv_allowDownload\1\sv_floodProtect\0\sv_maxPing\0\sv_minPing\0\sv_maxRate\5000\sv_maxclients\32\sv_hostname\^3Darkquake's Makermod Server\g_duelWeaponDisable\65531\g_forceBasedTeams\0\duel_fraglimit\10\g_maxForceRank\7\g_saberLocking\1\g_privateDuel\1\capturelimit\0\timelimit\60\fraglimit\0\dmflags\0\version\(internal)JAmp: v1.0.1.0 win-x86 Oct 30 2003\g_maxHolocronCarry\3\g_gametype\0\g_needpass\0\protocol\26\mapname\mp/siege_desert\sv_privateClients\0\g_stepSlideFix\1\gamename\MakerMod\g_saberWallDamageScale\0.4\bg_fighterAltControl\0\g_showDuelHealths\0
[Fri Sep 27 16:18:26 2013]  ClientConnect: 0
[Fri Sep 27 16:18:40 2013]  ClientBegin: 0
[Fri Sep 27 16:41:22 2013]  ClientDisconnect: 0
[Fri Sep 27 17:18:24 2013]  Exit: Timelimit hit.
[Fri Sep 27 18:00:09 2013]  ClientConnect: 0
[Fri Sep 27 18:00:09 2013]  mlog:Player ^3R^0O^3N, connected. With IP - 213.251.210.41:-2174 
[Fri Sep 27 18:00:28 2013]  ClientBegin: 0
[Fri Sep 27 18:00:30 2013]  ShutdownGame:
[Fri Sep 27 18:00:30 2013]  ------------------------------------------------------------
[Fri Sep 27 18:00:31 2013]  ------------------------------------------------------------
[Fri Sep 27 18:00:31 2013]  InitGame: \g_siegeTeam2\none\g_siegeTeam1\none\g_jediVmerc\0\g_maxGameClients\0\g_noSpecMove\0\g_debugMelee\1\g_siegeRespawn\20\g_siegeTeamSwitch\1\g_forceRegenTime\0\g_forcePowerDisable\0\g_weaponDisable\0\g_allowNPC\1\bot_minplayers\0\sv_allowDownload\1\sv_floodProtect\0\sv_maxPing\0\sv_minPing\0\sv_maxRate\5000\sv_maxclients\32\sv_hostname\^3Darkquake's Makermod Server\g_duelWeaponDisable\65531\g_forceBasedTeams\0\duel_fraglimit\10\g_maxForceRank\7\g_saberLocking\1\g_privateDuel\1\capturelimit\0\timelimit\60\fraglimit\0\dmflags\0\version\(internal)JAmp: v1.0.1.0 win-x86 Oct 30 2003\g_maxHolocronCarry\3\g_gametype\0\g_needpass\0\protocol\26\mapname\t2_trip\sv_privateClients\0\g_stepSlideFix\1\gamename\MakerMod\g_saberWallDamageScale\0.4\bg_fighterAltControl\0\g_showDuelHealths\0
[Fri Sep 27 18:00:32 2013]  ClientConnect: 0
[Fri Sep 27 18:00:41 2013]  ClientBegin: 0
[Fri Sep 27 18:00:54 2013]  ShutdownGame:
[Fri Sep 27 18:00:54 2013]  ------------------------------------------------------------
[Fri Sep 27 18:00:54 2013]  ------------------------------------------------------------
[Fri Sep 27 18:00:54 2013]  InitGame: \g_siegeTeam2\none\g_siegeTeam1\none\g_jediVmerc\0\g_maxGameClients\0\g_noSpecMove\0\g_debugMelee\1\g_siegeRespawn\20\g_siegeTeamSwitch\1\g_forceRegenTime\0\g_forcePowerDisable\0\g_weaponDisable\0\g_allowNPC\1\bot_minplayers\0\sv_allowDownload\1\sv_floodProtect\0\sv_maxPing\0\sv_minPing\0\sv_maxRate\5000\sv_maxclients\32\sv_hostname\^3Darkquake's Makermod Server\g_duelWeaponDisable\65531\g_forceBasedTeams\0\duel_fraglimit\10\g_maxForceRank\7\g_saberLocking\1\g_privateDuel\1\capturelimit\0\timelimit\60\fraglimit\0\dmflags\0\version\(internal)JAmp: v1.0.1.0 win-x86 Oct 30 2003\g_maxHolocronCarry\3\g_gametype\0\g_needpass\0\protocol\26\mapname\mp/siege_desert\sv_privateClients\0\g_stepSlideFix\1\gamename\MakerMod\g_saberWallDamageScale\0.4\bg_fighterAltControl\0\g_showDuelHealths\0
[Fri Sep 27 18:00:55 2013]  ClientConnect: 0
[Fri Sep 27 18:00:59 2013]  ClientBegin: 0
[Fri Sep 27 18:01:08 2013]  ShutdownGame:
[Fri Sep 27 18:01:08 2013]  ------------------------------------------------------------
[Fri Sep 27 18:01:08 2013]  ------------------------------------------------------------
[Fri Sep 27 18:01:08 2013]  InitGame: \g_siegeTeam2\none\g_siegeTeam1\none\g_jediVmerc\0\g_maxGameClients\0\g_noSpecMove\0\g_debugMelee\1\g_siegeRespawn\20\g_siegeTeamSwitch\1\g_forceRegenTime\0\g_forcePowerDisable\0\g_weaponDisable\0\g_allowNPC\1\bot_minplayers\0\sv_allowDownload\1\sv_floodProtect\0\sv_maxPing\0\sv_minPing\0\sv_maxRate\5000\sv_maxclients\32\sv_hostname\^3Darkquake's Makermod Server\g_duelWeaponDisable\65531\g_forceBasedTeams\0\duel_fraglimit\10\g_maxForceRank\7\g_saberLocking\1\g_privateDuel\1\capturelimit\0\timelimit\60\fraglimit\0\dmflags\0\version\(internal)JAmp: v1.0.1.0 win-x86 Oct 30 2003\g_maxHolocronCarry\3\g_gametype\0\g_needpass\0\protocol\26\mapname\t2_trip\sv_privateClients\0\g_stepSlideFix\1\gamename\MakerMod\g_saberWallDamageScale\0.4\bg_fighterAltControl\0\g_showDuelHealths\0
[Fri Sep 27 18:01:09 2013]  ClientConnect: 0
[Fri Sep 27 18:01:13 2013]  ClientBegin: 0
[Fri Sep 27 18:01:21 2013]  ClientConnect: 1
[Fri Sep 27 18:01:21 2013]  mlog:Player Maestro Hispano ^3Amras, connected. With IP - 85.219.4.121:29070 
[Fri Sep 27 18:01:22 2013]  ClientDisconnect: 0
[Fri Sep 27 18:01:52 2013]  ClientBegin: 1
[Fri Sep 27 18:02:02 2013]  say: Maestro Hispano ^3Amras: hola hi
[Fri Sep 27 18:09:18 2013]  ClientConnect: 0
[Fri Sep 27 18:09:18 2013]  mlog:Player MaxIm, connected. With IP - 46.39.244.66:-3040 
[Fri Sep 27 18:09:31 2013]  ClientBegin: 0
[Fri Sep 27 18:09:34 2013]  say: Maestro Hispano ^3Amras: hola h
[Fri Sep 27 18:09:38 2013]  say: Maestro Hispano ^3Amras: hi*
[Fri Sep 27 18:09:44 2013]  say: maxim: hi
[Fri Sep 27 18:10:05 2013]  say: maxim: ti ruskij?
[Fri Sep 27 18:10:08 2013]  ClientConnect: 2
[Fri Sep 27 18:10:08 2013]  mlog:Player ^3R^0O^3N, connected. With IP - 213.251.210.41:-10820 
[Fri Sep 27 18:10:10 2013]  say: Maestro Hispano ^3Amras: ?
[Fri Sep 27 18:10:18 2013]  say: maxim: english?
[Fri Sep 27 18:10:21 2013]  ClientBegin: 2
[Fri Sep 27 18:10:22 2013]  say: Maestro Hispano ^3Amras: pls xD
[Fri Sep 27 18:10:31 2013]  say: Padawan: êó
[Fri Sep 27 18:10:31 2013]  say: maxim: im russian
[Fri Sep 27 18:10:41 2013]  say: Maestro Hispano ^3Amras: im spanish xD
[Fri Sep 27 18:12:18 2013]  say: maxim: where are you
[Fri Sep 27 18:12:19 2013]  say: maxim: ?
[Fri Sep 27 18:12:33 2013]  say: Padawan: you russian
[Fri Sep 27 18:12:35 2013]  say: Maestro Hispano ^3Amras: bufff xD
[Fri Sep 27 18:12:36 2013]  say: maxim: da
[Fri Sep 27 18:12:42 2013]  say: Padawan: ky
[Fri Sep 27 18:12:45 2013]  say: maxim: ky
[Fri Sep 27 18:12:58 2013]  say: maxim: igraesh v WoW
[Fri Sep 27 18:12:59 2013]  say: maxim: ?
[Fri Sep 27 18:13:04 2013]  say: Padawan: da
[Fri Sep 27 18:13:14 2013]  say: maxim: i toz v lich king
[Fri Sep 27 18:13:54 2013]  say: Padawan: ti moshesh pobedit boba ffeta
[Fri Sep 27 18:14:01 2013]  say: maxim: da
[Fri Sep 27 18:14:15 2013]  say: Padawan: npc spawn boba_fett
[Fri Sep 27 18:14:20 2013]  say: Padawan: npc spawn boba_fett
[Fri Sep 27 18:14:26 2013]  say: Maestro Hispano ^3Amras: lol
[Fri Sep 27 18:14:37 2013]  say: maxim: wohhoo
[Fri Sep 27 18:14:41 2013]  say: maxim: xex
[Fri Sep 27 18:14:47 2013]  say: Padawan: àã
[Fri Sep 27 18:15:04 2013]  Kill: 1022 1 35: <world> killed Maestro Hispano ^3Amras by MOD_LAVA
[Fri Sep 27 18:15:07 2013]  say: maxim: yze pobedil
[Fri Sep 27 18:15:10 2013]  say: maxim: xaxa
[Fri Sep 27 18:16:39 2013]  say: maxim: smari
[Fri Sep 27 18:16:49 2013]  say: Padawan: wow
[Fri Sep 27 18:16:51 2013]  ClientConnect: 3
[Fri Sep 27 18:16:51 2013]  mlog:Player ^0Krack ^33000#, connected. With IP - 109.152.1.113:29070 
[Fri Sep 27 18:17:05 2013]  say: maxim: ti gde?
[Fri Sep 27 18:17:08 2013]  say: Maestro Hispano ^3Amras: hahaaa
[Fri Sep 27 18:17:16 2013]  say: Padawan: íåâèäèìûé ÿ
[Fri Sep 27 18:17:28 2013]  ClientBegin: 3
[Fri Sep 27 18:17:28 2013]  say: maxim: hahaha
[Fri Sep 27 18:17:31 2013]  say: Maestro Hispano ^3Amras: hahahahaha
[Fri Sep 27 18:17:52 2013]  say: ^5^4D^5a^0n ^4Pla^0ys.....: hi all
[Fri Sep 27 18:17:55 2013]  say: Maestro Hispano ^3Amras: hola hi
[Fri Sep 27 18:17:56 2013]  say: maxim: hi
[Fri Sep 27 18:18:18 2013]  say: maxim: look
[Fri Sep 27 18:18:21 2013]  say: maxim: smari
[Fri Sep 27 18:18:44 2013]  say: maxim: padawan pereimenuicyz v cvoe im9
[Fri Sep 27 18:19:07 2013]  print "Padawan^7 @@@PLRENAME ^3R^0O^3N
"[Fri Sep 27 18:19:12 2013]  say: ^3R^0O^3N: vse
[Fri Sep 27 18:19:12 2013]  say: maxim: ron?
[Fri Sep 27 18:19:34 2013]  say: maxim: znaesh camandy na eto?
[Fri Sep 27 18:19:45 2013]  say: maxim: 9 kctati maks
[Fri Sep 27 18:20:17 2013]  say: ^3R^0O^3N: smotri maks
[Fri Sep 27 18:21:13 2013]  ClientDisconnect: 3
[Fri Sep 27 18:23:38 2013]  say: Maestro Hispano ^3Amras: wiiiiiiiiiiiiiiiiiiiiiiiii
[Fri Sep 27 18:23:40 2013]  say: Maestro Hispano ^3Amras: ahahahah
[Fri Sep 27 18:27:01 2013]  Kill: 1 1 20: Maestro Hispano ^3Amras killed Maestro Hispano ^3Amras by MOD_ROCKET_SPLASH
[Fri Sep 27 18:27:03 2013]  Item: 2 weapon_rocket_launcher
[Fri Sep 27 18:31:26 2013]  Kill: 1 1 39: Maestro Hispano ^3Amras killed Maestro Hispano ^3Amras by MOD_SUICIDE
[Fri Sep 27 18:32:47 2013]  say: maxim: davay off /god
[Fri Sep 27 18:32:53 2013]  say: maxim: ok
[Fri Sep 27 18:33:03 2013]  say: maxim: 4tobi intirecno bilo
[Fri Sep 27 18:33:06 2013]  say: ^3R^0O^3N: üô÷øü
[Fri Sep 27 18:33:12 2013]  say: ^3R^0O^3N: maxim
[Fri Sep 27 18:33:18 2013]  say: maxim: a
[Fri Sep 27 18:33:22 2013]  say: ^3R^0O^3N: òû ãäå
[Fri Sep 27 18:33:27 2013]  say: maxim: 4to?
[Fri Sep 27 18:33:33 2013]  say: maxim: 9 ne vizy
[Fri Sep 27 18:33:36 2013]  say: ^3R^0O^3N: ti gde
[Fri Sep 27 18:33:40 2013]  say: maxim: rus bukv
[Fri Sep 27 18:33:49 2013]  say: ^3R^0O^3N: gde
[Fri Sep 27 18:33:52 2013]  say: maxim: teleport co mne
[Fri Sep 27 18:34:08 2013]  say: ^3R^0O^3N: kexit ns rj vyt
[Fri Sep 27 18:34:16 2013]  say: ^3R^0O^3N: ti ko mne
[Fri Sep 27 18:34:16 2013]  say: Maestro Hispano ^3Amras: how type for vehicles?
[Fri Sep 27 18:34:20 2013]  say: maxim: net
[Fri Sep 27 18:34:22 2013]  say: maxim: ti
[Fri Sep 27 18:34:28 2013]  say: ^3R^0O^3N: My origin is: (-6963 -20443 1506) - You can teleport here with /mtelelast

[Fri Sep 27 18:34:29 2013]  say: maxim: off /god?
[Fri Sep 27 18:34:36 2013]  say: maxim: togda i k tebe
[Fri Sep 27 18:34:43 2013]  Kill: 1 2 37: Maestro Hispano ^3Amras killed ^3R^0O^3N by MOD_TELEFRAG
[Fri Sep 27 18:34:47 2013]  say: maxim: a
[Fri Sep 27 18:34:52 2013]  say: maxim: im off god
[Fri Sep 27 18:34:59 2013]  say: maxim: 9 otkl
[Fri Sep 27 18:35:06 2013]  say: maxim: a ti?
[Fri Sep 27 18:35:19 2013]  say: maxim: a
[Fri Sep 27 18:35:34 2013]  say: maxim: mtelesp
[Fri Sep 27 18:35:55 2013]  say: ^3R^0O^3N: v konsole naberi /mtelelast
[Fri Sep 27 18:35:59 2013]  say: maxim: ti gde?
[Fri Sep 27 18:36:12 2013]  say: maxim: i 4to eto daet?
[Fri Sep 27 18:36:32 2013]  say: ^3R^0O^3N: åø åóäóçùêåøêíóûðûô ëù üòó
[Fri Sep 27 18:36:46 2013]  say: ^3R^0O^3N: ti teleportiryeshsa ko mne
[Fri Sep 27 18:36:56 2013]  say: ^3R^0O^3N: smotri
[Fri Sep 27 18:37:19 2013]  say: ^3R^0O^3N: zalezai
[Fri Sep 27 18:37:30 2013]  tell: Maestro Hispano ^3Amras to ^3R^0O^3N: how type for vehicles?
[Fri Sep 27 18:38:37 2013]  say: maxim: off god
[Fri Sep 27 18:38:40 2013]  say: ^3R^0O^3N: zalezai
[Fri Sep 27 18:38:52 2013]  Item: 2 ammo_all
[Fri Sep 27 18:39:25 2013]  say: maxim: exat ne mogy
[Fri Sep 27 18:39:39 2013]  say: ^3R^0O^3N: vo
[Fri Sep 27 18:39:57 2013]  say: ^3R^0O^3N: syda
[Fri Sep 27 18:40:21 2013]  say: ^3R^0O^3N: zalezai
[Fri Sep 27 18:42:06 2013]  say: maxim: kaka9 comanda na swoop?
[Fri Sep 27 18:42:22 2013]  say: ^3R^0O^3N: npc spawn vehicle swoop
[Fri Sep 27 18:42:45 2013]  say: ^3R^0O^3N: i cherez 10 min pridy shdi
[Fri Sep 27 18:43:01 2013]  ClientDisconnect: 2
[Fri Sep 27 18:48:17 2013]  say: maxim: god off!
[Fri Sep 27 18:48:23 2013]  say: Maestro Hispano ^3Amras: hmmmm
[Fri Sep 27 18:48:23 2013]  say: Maestro Hispano ^3Amras: no
[Fri Sep 27 18:48:24 2013]  say: maxim: go /god off
[Fri Sep 27 18:48:31 2013]  say: maxim: intirestin
[Fri Sep 27 18:50:30 2013]  Kill: 0 0 39: maxim killed maxim by MOD_SUICIDE
[Fri Sep 27 18:50:43 2013]  Item: 138 weapon_det_pack
[Fri Sep 27 18:53:41 2013]  say: Maestro Hispano ^3Amras: xD
[Fri Sep 27 18:56:29 2013]  say: maxim: where are you?
[Fri Sep 27 18:56:41 2013]  say: Maestro Hispano ^3Amras: here
[Fri Sep 27 18:57:01 2013]  Kill: 1 0 3: Maestro Hispano ^3Amras killed maxim by MOD_SABER
[Fri Sep 27 18:57:03 2013]  say: Maestro Hispano ^3Amras: gf
[Fri Sep 27 18:57:15 2013]  say: maxim: bf
[Fri Sep 27 18:57:28 2013]  say: maxim: off god
[Fri Sep 27 18:57:37 2013]  say: maxim: you off and i god
[Fri Sep 27 18:57:43 2013]  say: Maestro Hispano ^3Amras: hahah NO
[Fri Sep 27 18:57:50 2013]  say: Maestro Hispano ^3Amras: duel
[Fri Sep 27 18:58:05 2013]  say: maxim:  
[Fri Sep 27 18:58:27 2013]  Item: 1 weapon_det_pack
[Fri Sep 27 18:58:39 2013]  say: maxim: stop
[Fri Sep 27 18:58:39 2013]  Item: 1 weapon_det_pack
[Fri Sep 27 18:58:45 2013]  say: maxim: idei
[Fri Sep 27 18:58:49 2013]  say: Maestro Hispano ^3Amras: ?
[Fri Sep 27 18:58:53 2013]  say: Maestro Hispano ^3Amras: what idea
[Fri Sep 27 18:59:14 2013]  say: maxim: you light side im dark side npc spawn and war ok?
[Fri Sep 27 18:59:42 2013]  say: Maestro Hispano ^3Amras: hmmm why not u and me siths VS 100 jedis?
[Fri Sep 27 18:59:51 2013]  say: maxim: ok
[Fri Sep 27 18:59:56 2013]  say: Maestro Hispano ^3Amras: with god mode off
[Fri Sep 27 18:59:59 2013]  say: maxim: im sith
[Fri Sep 27 19:00:05 2013]  say: maxim: you light
[Fri Sep 27 19:00:13 2013]  say: Maestro Hispano ^3Amras: i dont use light force
[Fri Sep 27 19:00:20 2013]  say: Maestro Hispano ^3Amras: i prefer sith
[Fri Sep 27 19:00:24 2013]  say: maxim: you lite
[Fri Sep 27 19:00:32 2013]  say: maxim: im sith you jedi
[Fri Sep 27 19:00:37 2013]  say: Maestro Hispano ^3Amras: nop
[Fri Sep 27 19:00:49 2013]  say: Maestro Hispano ^3Amras: i hate light powers
[Fri Sep 27 19:01:07 2013]  Exit: Timelimit hit.
[Fri Sep 27 19:01:07 2013]  score: 8  ping: 66  client: 1 Maestro Hispano ^3Amras
[Fri Sep 27 19:01:07 2013]  score: 5  ping: 87  client: 0 maxim
[Fri Sep 27 19:01:09 2013]  say: maxim: you do spawn 
[Fri Sep 27 19:01:13 2013]  ShutdownGame:
[Fri Sep 27 19:01:13 2013]  ------------------------------------------------------------
[Fri Sep 27 19:02:50 2013]  ------------------------------------------------------------
[Fri Sep 27 19:02:50 2013]  InitGame: \dmflags\0\fraglimit\0\timelimit\120\capturelimit\0\g_privateDuel\1\g_saberLocking\1\g_maxForceRank\7\duel_fraglimit\10\g_forceBasedTeams\0\g_duelWeaponDisable\65531\sv_hostname\^3Darkquake's Makermod Server\sv_maxclients\32\sv_maxRate\5000\sv_minPing\0\sv_maxPing\0\sv_floodProtect\0\sv_allowDownload\1\g_allowNPC\1\g_weaponDisable\0\g_forcePowerDisable\0\g_forceRegenTime\1\g_siegeTeamSwitch\1\g_siegeRespawn\20\g_debugMelee\1\g_noSpecMove\0\g_maxGameClients\0\g_jediVmerc\0\g_siegeTeam1\none\g_siegeTeam2\none\version\(internal)JAmp: v1.0.1.0 win-x86 Oct 30 2003\g_maxHolocronCarry\3\g_gametype\0\g_needpass\0\protocol\26\mapname\t2_trip\sv_privateClients\0\g_stepSlideFix\1\gamename\MakerMod\g_saberWallDamageScale\0.4\bg_fighterAltControl\0\g_showDuelHealths\0
[Fri Sep 27 19:04:20 2013]  ClientConnect: 0
[Fri Sep 27 19:04:20 2013]  mlog:Player newcomer, connected. With IP - 37.204.193.8:29070 
[Fri Sep 27 19:14:00 2013]  ClientConnect: 1
[Fri Sep 27 19:14:00 2013]  mlog:Player ^3R^0O^3N, connected. With IP - 213.251.210.41:-272 
[Fri Sep 27 19:14:17 2013]  ClientBegin: 1
[Fri Sep 27 19:28:04 2013]  ClientDisconnect: 0
[Fri Sep 27 19:36:22 2013]  ClientDisconnect: 1
[Fri Sep 27 20:02:44 2013]  Exit: Timelimit hit.
[Sat Sep 28 00:30:22 2013]  ClientConnect: 0
[Sat Sep 28 00:30:22 2013]  mlog:Player newcomer, connected. With IP - 37.204.193.8:29070 
[Sat Sep 28 00:32:07 2013]  ClientBegin: 0
[Sat Sep 28 00:32:13 2013]  ShutdownGame:
[Sat Sep 28 00:32:13 2013]  ------------------------------------------------------------
