[Thu Sep 19 16:50:18 2013]  ------------------------------------------------------------
[Thu Sep 19 16:50:18 2013]  InitGame: \dmflags\0\fraglimit\0\timelimit\0\capturelimit\0\g_privateDuel\1\g_saberLocking\1\g_maxForceRank\7\duel_fraglimit\10\g_forceBasedTeams\0\g_duelWeaponDisable\65531\sv_hostname\^3Darkquake's Makermod Server\sv_maxclients\32\sv_maxRate\5000\sv_minPing\0\sv_maxPing\0\sv_floodProtect\0\sv_allowDownload\1\g_allowNPC\1\g_weaponDisable\0\g_forcePowerDisable\0\g_forceRegenTime\1\g_siegeTeamSwitch\1\g_siegeRespawn\20\g_debugMelee\1\g_noSpecMove\0\g_maxGameClients\0\g_jediVmerc\0\g_siegeTeam1\none\g_siegeTeam2\none\version\(internal)JAmp: v1.0.1.0 win-x86 Oct 30 2003\g_maxHolocronCarry\3\g_gametype\0\g_needpass\0\protocol\26\mapname\t2_trip\sv_privateClients\0\g_stepSlideFix\1\gamename\MakerMod\g_saberWallDamageScale\0.4\bg_fighterAltControl\0\g_showDuelHealths\0
[Thu Sep 19 17:41:03 2013]  ClientConnect: 0
[Thu Sep 19 17:41:03 2013]  mlog:Player ^1^0[^4JediKnight^1^0]^3A, connected. With IP - 81.155.187.195:29070 
[Thu Sep 19 17:41:13 2013]  ClientBegin: 0
[Thu Sep 19 17:43:15 2013]  print "^0Darth^1 Kuge^7 @@@PLRENAME ^0DarkNess Assassin
"[Thu Sep 19 17:54:16 2013]  say: ^0DarkNess Assassin: omg u cant belive your back 
[Thu Sep 19 17:54:20 2013]  say: ^0DarkNess Assassin: its me
[Thu Sep 19 17:54:25 2013]  say: ^0DarkNess Assassin: your best
[Thu Sep 19 17:54:35 2013]  say: ^0DarkNess Assassin: friend on the old ru
[Thu Sep 19 17:54:42 2013]  say: ^0DarkNess Assassin: it was a good time wasent it
[Thu Sep 19 17:54:55 2013]  say: ^0DarkNess Assassin: b
[Thu Sep 19 17:54:56 2013]  say: ^0DarkNess Assassin: b
[Thu Sep 19 17:54:59 2013]  say: ^0DarkNess Assassin: bye
[Thu Sep 19 17:55:02 2013]  ClientDisconnect: 0
[Thu Sep 19 18:48:21 2013]  ClientConnect: 0
[Thu Sep 19 18:48:21 2013]  mlog:Player ^2[^7^^^2]White Bread, connected. With IP - 109.235.30.207:29070 
[Thu Sep 19 18:48:34 2013]  ClientBegin: 0
[Thu Sep 19 18:48:45 2013]  say: Padawan: ip
[Thu Sep 19 18:49:09 2013]  Kill: 0 0 39: Padawan killed Padawan by MOD_SUICIDE
[Thu Sep 19 18:49:35 2013]  ClientConnect: 1
[Thu Sep 19 18:49:35 2013]  mlog:Player Padawan 1259, connected. With IP - 79.170.29.20:29070 
[Thu Sep 19 18:49:51 2013]  ClientBegin: 1
[Thu Sep 19 18:55:58 2013]  Kill: 0 1 5: Padawan killed Padawan by MOD_BRYAR_PISTOL_ALT
[Thu Sep 19 18:58:21 2013]  Kill: 0 1 5: Padawan killed Padawan by MOD_BRYAR_PISTOL_ALT
[Thu Sep 19 19:03:02 2013]  Kill: 1022 0 38: <world> killed Padawan by MOD_FALLING
[Thu Sep 19 19:08:17 2013]  Kill: 1 0 3: Padawan killed Padawan by MOD_SABER
[Thu Sep 19 19:11:04 2013]  Kill: 0 1 3: Padawan killed Padawan by MOD_SABER
[Thu Sep 19 19:14:45 2013]  Kill: 0 1 3: Padawan killed Padawan by MOD_SABER
[Thu Sep 19 19:17:25 2013]  ClientConnect: 2
[Thu Sep 19 19:17:25 2013]  mlog:Player ^4Anakin^9Skywalker, connected. With IP - 178.123.154.55:29070 
[Thu Sep 19 19:18:15 2013]  ClientBegin: 2
[Thu Sep 19 19:18:28 2013]  Item: 2 weapon_melee
[Thu Sep 19 19:18:28 2013]  say: ^5^4Anakin^9Skywalker: ^0Battle ^4Sorcerer ^5script by ^0D^3arth ^0F^3urious
[Thu Sep 19 19:19:00 2013]  say: ^5^4Anakin^9Skywalker: вы русские
[Thu Sep 19 19:19:04 2013]  say: Padawan: да
[Thu Sep 19 19:19:04 2013]  say: Padawan: yep
[Thu Sep 19 19:19:19 2013]  print "Padawan^7 @@@PLRENAME Не Padawan
"[Thu Sep 19 19:19:49 2013]  say: ^5^4Anakin^9Skywalker: вы где
[Thu Sep 19 19:20:02 2013]  Kill: 1 0 3: Padawan killed Не Padawan by MOD_SABER
[Thu Sep 19 19:20:05 2013]  say: Не Padawan: :<
[Thu Sep 19 19:20:09 2013]  say: ^5^4Anakin^9Skywalker: ukt ds
[Thu Sep 19 19:20:12 2013]  say: ^5^4Anakin^9Skywalker: где вы
[Thu Sep 19 19:20:13 2013]  say: Не Padawan: В России
[Thu Sep 19 19:20:28 2013]  say: Не Padawan: То шо гавно везде
[Thu Sep 19 19:21:04 2013]  Kill: 1 1 39: Padawan killed Padawan by MOD_SUICIDE
[Thu Sep 19 19:21:07 2013]  Kill: 1022 0 36: <world> killed Не Padawan by MOD_CRUSH
[Thu Sep 19 19:21:11 2013]  say: Не Padawan: :C
[Thu Sep 19 19:21:16 2013]  Kill: 2 0 36: ^5^4Anakin^9Skywalker killed Не Padawan by MOD_CRUSH
[Thu Sep 19 19:21:23 2013]  say: ^5^4Anakin^9Skywalker: тут строят
[Thu Sep 19 19:21:43 2013]  say: Не Padawan: Мы против системы идем
[Thu Sep 19 19:22:06 2013]  say: ^5^4Anakin^9Skywalker: сказать читы
[Thu Sep 19 19:22:13 2013]  say: Не Padawan: Не не надо
[Thu Sep 19 19:22:26 2013]  say: ^5^4Anakin^9Skywalker: тут нада читы
[Thu Sep 19 19:22:26 2013]  say: Padawan: lfdfq
[Thu Sep 19 19:22:41 2013]  say: ^5^4Anakin^9Skywalker: я бесмуртен
[Thu Sep 19 19:22:46 2013]  say: ^5^4Anakin^9Skywalker: бесмертен
[Thu Sep 19 19:22:53 2013]  say: ^5^4Anakin^9Skywalker: бейте
[Thu Sep 19 19:22:56 2013]  say: Не Padawan: бесмуртен веселее звучало
[Thu Sep 19 19:23:05 2013]  say: ^5^4Anakin^9Skywalker: ну
[Thu Sep 19 19:23:17 2013]  say: ^5^4Anakin^9Skywalker: хехе
[Thu Sep 19 19:23:29 2013]  Kill: 1022 1 38: <world> killed Padawan by MOD_FALLING
[Thu Sep 19 19:23:37 2013]  say: Padawan: хаха
[Thu Sep 19 19:23:39 2013]  say: ^5^4Anakin^9Skywalker: нужны читы?
[Thu Sep 19 19:23:43 2013]  say: Padawan: да
[Thu Sep 19 19:23:48 2013]  say: ^5^4Anakin^9Skywalker: на силу
[Thu Sep 19 19:23:52 2013]  say: ^5^4Anakin^9Skywalker: /mempower
[Thu Sep 19 19:23:52 2013]  say: Padawan: да
[Thu Sep 19 19:23:58 2013]  say: Не Padawan: /mempower
[Thu Sep 19 19:24:01 2013]  say: Не Padawan: бля
[Thu Sep 19 19:24:02 2013]  say: ^5^4Anakin^9Skywalker: в консоле!
[Thu Sep 19 19:24:05 2013]  say: Не Padawan: то есть блин
[Thu Sep 19 19:24:12 2013]  say: ^5^4Anakin^9Skywalker: знаете консоль
[Thu Sep 19 19:24:12 2013]  say: Не Padawan: о лол
[Thu Sep 19 19:24:16 2013]  say: Не Padawan: и вправду
[Thu Sep 19 19:24:32 2013]  say: Не Padawan: mempower
[Thu Sep 19 19:24:35 2013]  say: Не Padawan: так вот
[Thu Sep 19 19:24:44 2013]  say: Не Padawan: :<
[Thu Sep 19 19:25:21 2013]  Kill: 1022 1 36: <world> killed Padawan by MOD_CRUSH
[Thu Sep 19 19:25:48 2013]  Kill: 1022 0 36: <world> killed Не Padawan by MOD_CRUSH
[Thu Sep 19 19:25:51 2013]  say: Не Padawan: фак
[Thu Sep 19 19:25:53 2013]  say: Не Padawan: попал
[Thu Sep 19 19:25:59 2013]  say: Padawan: скажи еще
[Thu Sep 19 19:26:06 2013]  say: ^5^4Anakin^9Skywalker: /mempower
[Thu Sep 19 19:26:16 2013]  say: Padawan: и все
[Thu Sep 19 19:26:16 2013]  say: ^5^4Anakin^9Skywalker: нада ранкор
[Thu Sep 19 19:26:53 2013]  say: Не Padawan: >:)
[Thu Sep 19 19:27:32 2013]  say: ^5^4Anakin^9Skywalker: хе хе
[Thu Sep 19 19:27:39 2013]  say: Не Padawan: пфф
[Thu Sep 19 19:27:43 2013]  say: Не Padawan: дальше не пройдут
[Thu Sep 19 19:27:47 2013]  say: Не Padawan: неудачники
[Thu Sep 19 19:28:02 2013]  say: Не Padawan: одним выстрелом всех
[Thu Sep 19 19:28:07 2013]  say: Не Padawan: LIKE A BAWS
[Thu Sep 19 19:28:13 2013]  say: ^5^4Anakin^9Skywalker: нет командой
[Thu Sep 19 19:28:19 2013]  say: Не Padawan: не порть
[Thu Sep 19 19:28:21 2013]  say: Не Padawan: момент
[Thu Sep 19 19:28:52 2013]  Kill: 1022 1 36: <world> killed Padawan by MOD_CRUSH
[Thu Sep 19 19:28:59 2013]  say: Padawan: а бессмертие
[Thu Sep 19 19:29:16 2013]  Kill: 1022 1 36: <world> killed Padawan by MOD_CRUSH
[Thu Sep 19 19:29:22 2013]  say: Не Padawan: растишку кушал?
[Thu Sep 19 19:29:26 2013]  say: ^5^4Anakin^9Skywalker: ага
[Thu Sep 19 19:29:30 2013]  Kill: 1022 1 36: <world> killed Padawan by MOD_CRUSH
[Thu Sep 19 19:29:34 2013]  say: Не Padawan: еще та малафья
[Thu Sep 19 19:29:43 2013]  Kill: 1022 1 36: <world> killed Padawan by MOD_CRUSH
[Thu Sep 19 19:29:47 2013]  say: Padawan: а бессмертие как
[Thu Sep 19 19:29:53 2013]  say: ^5^4Anakin^9Skywalker: както
[Thu Sep 19 19:29:57 2013]  Kill: 1022 0 36: <world> killed Не Padawan by MOD_CRUSH
[Thu Sep 19 19:30:01 2013]  say: Не Padawan: >:(
[Thu Sep 19 19:30:16 2013]  say: Не Padawan: давай стань еще выше
[Thu Sep 19 19:30:24 2013]  say: Не Padawan: и ещ
[Thu Sep 19 19:30:26 2013]  say: Не Padawan: к
[Thu Sep 19 19:30:28 2013]  say: Не Padawan: е
[Thu Sep 19 19:30:33 2013]  say: ^5^4Anakin^9Skywalker: немогу
[Thu Sep 19 19:30:36 2013]  say: Не Padawan: пфф
[Thu Sep 19 19:30:36 2013]  Kill: 1022 1 36: <world> killed Padawan by MOD_CRUSH
[Thu Sep 19 19:30:50 2013]  say: Не Padawan: тогда давай ранкора
[Thu Sep 19 19:31:50 2013]  say: Не Padawan: построй мне дом
[Thu Sep 19 19:32:03 2013]  Kill: 1022 1 0: <world> killed Padawan by MOD_UNKNOWN
[Thu Sep 19 19:32:04 2013]  say: Не Padawan: с блекджеком
[Thu Sep 19 19:32:10 2013]  say: Не Padawan: и куртизанками
[Thu Sep 19 19:32:15 2013]  Kill: 1022 0 0: <world> killed Не Padawan by MOD_UNKNOWN
[Thu Sep 19 19:32:20 2013]  Kill: 1022 1 0: <world> killed Padawan by MOD_UNKNOWN
[Thu Sep 19 19:32:38 2013]  Kill: 2 1 0: ^5^4Anakin^9Skywalker killed Padawan by MOD_UNKNOWN
[Thu Sep 19 19:32:46 2013]  Kill: 1022 1 0: <world> killed Padawan by MOD_UNKNOWN
[Thu Sep 19 19:33:06 2013]  Kill: 1022 1 0: <world> killed Padawan by MOD_UNKNOWN
[Thu Sep 19 19:33:07 2013]  say: Не Padawan: пфф мажор :/
[Thu Sep 19 19:33:54 2013]  Kill: 1022 0 36: <world> killed Не Padawan by MOD_CRUSH
[Thu Sep 19 19:33:59 2013]  Kill: 1022 0 36: <world> killed Не Padawan by MOD_CRUSH
[Thu Sep 19 19:35:06 2013]  say: ^5^4Anakin^9Skywalker: аахахха
[Thu Sep 19 19:35:12 2013]  Kill: 1022 0 36: <world> killed Не Padawan by MOD_CRUSH
[Thu Sep 19 19:35:13 2013]  Kill: 1022 1 36: <world> killed Padawan by MOD_CRUSH
[Thu Sep 19 19:35:21 2013]  Kill: 1022 0 36: <world> killed Не Padawan by MOD_CRUSH
[Thu Sep 19 19:35:25 2013]  say: Не Padawan: БЛЕАТЬ
[Thu Sep 19 19:35:28 2013]  Kill: 1022 0 36: <world> killed Не Padawan by MOD_CRUSH
[Thu Sep 19 19:35:33 2013]  say: Не Padawan: >:(
[Thu Sep 19 19:36:59 2013]  say: Не Padawan: Ну так 
[Thu Sep 19 19:37:14 2013]  say: Не Padawan: ты пытаешься сделать что то на подобие камеры?
[Thu Sep 19 19:37:36 2013]  Kill: 1 1 39: Padawan killed Padawan by MOD_SUICIDE
[Thu Sep 19 19:37:50 2013]  Kill: 1022 1 0: <world> killed Padawan by MOD_UNKNOWN
[Thu Sep 19 19:37:56 2013]  Kill: 1022 1 0: <world> killed Padawan by MOD_UNKNOWN
[Thu Sep 19 19:38:17 2013]  Kill: 1022 0 36: <world> killed Не Padawan by MOD_CRUSH
[Thu Sep 19 19:38:22 2013]  say: Не Padawan: Дай мне оружие >:(
[Thu Sep 19 19:39:23 2013]  say: Не Padawan: :D
[Thu Sep 19 19:39:26 2013]  Kill: 2 0 2: ^5^4Anakin^9Skywalker killed Не Padawan by MOD_MELEE
[Thu Sep 19 19:39:30 2013]  Kill: 1022 0 0: <world> killed Не Padawan by MOD_UNKNOWN
[Thu Sep 19 19:40:01 2013]  Kill: 2 1 36: ^5^4Anakin^9Skywalker killed Padawan by MOD_CRUSH
[Thu Sep 19 19:40:07 2013]  Kill: 2 0 0: ^5^4Anakin^9Skywalker killed Не Padawan by MOD_UNKNOWN
[Thu Sep 19 19:40:22 2013]  say: Не Padawan: сделал из спавна госдуму
[Thu Sep 19 19:40:28 2013]  Kill: 2 0 0: ^5^4Anakin^9Skywalker killed Не Padawan by MOD_UNKNOWN
[Thu Sep 19 19:40:31 2013]  say: Не Padawan: хуй пролезешь
[Thu Sep 19 19:40:36 2013]  say: ^5^4Anakin^9Skywalker: не бейте меня!
[Thu Sep 19 19:40:46 2013]  say: Не Padawan: смешно очень
[Thu Sep 19 19:40:47 2013]  Kill: 1 1 39: Padawan killed Padawan by MOD_SUICIDE
[Thu Sep 19 19:40:54 2013]  setteam:  1 FREE SPECTATOR
[Thu Sep 19 19:40:54 2013]  ClientBegin: 1
[Thu Sep 19 19:41:00 2013]  setteam:  1 SPECTATOR FREE
[Thu Sep 19 19:41:00 2013]  ClientBegin: 1
[Thu Sep 19 19:41:10 2013]  Kill: 1022 1 36: <world> killed Padawan by MOD_CRUSH
[Thu Sep 19 19:41:15 2013]  Kill: 1022 0 36: <world> killed Не Padawan by MOD_CRUSH
[Thu Sep 19 19:41:33 2013]  say: Не Padawan: чува
[Thu Sep 19 19:41:34 2013]  say: Не Padawan: к
[Thu Sep 19 19:41:41 2013]  say: Не Padawan: это ведь дискриминация
[Thu Sep 19 19:41:59 2013]  say: ^5^4Anakin^9Skywalker: еще
[Thu Sep 19 19:42:23 2013]  say: Не Padawan: у тебя хохолок из земли торчит
[Thu Sep 19 19:42:41 2013]  Kill: 2 0 36: ^5^4Anakin^9Skywalker killed Не Padawan by MOD_CRUSH
[Thu Sep 19 19:42:49 2013]  Kill: 1022 1 0: <world> killed Padawan by MOD_UNKNOWN
[Thu Sep 19 19:42:56 2013]  Kill: 1022 1 0: <world> killed Padawan by MOD_UNKNOWN
[Thu Sep 19 19:43:05 2013]  Kill: 1022 1 0: <world> killed Padawan by MOD_UNKNOWN
[Thu Sep 19 19:44:33 2013]  Kill: 1 0 31: Padawan killed Не Padawan by MOD_FORCE_DARK
[Thu Sep 19 19:44:49 2013]  Kill: 0 1 31: Не Padawan killed Padawan by MOD_FORCE_DARK
[Thu Sep 19 19:45:30 2013]  say: Не Padawan: эй
[Thu Sep 19 19:45:33 2013]  say: Не Padawan: я тоже хочу
[Thu Sep 19 19:45:35 2013]  Kill: 1022 1 0: <world> killed Padawan by MOD_UNKNOWN
[Thu Sep 19 19:45:36 2013]  say: Не Padawan: >:(
[Thu Sep 19 19:45:44 2013]  Kill: 1022 1 36: <world> killed Padawan by MOD_CRUSH
[Thu Sep 19 19:45:53 2013]  Kill: 2 0 29: ^5^4Anakin^9Skywalker killed Не Padawan by MOD_CONC
[Thu Sep 19 19:46:00 2013]  Kill: 2 0 29: ^5^4Anakin^9Skywalker killed Не Padawan by MOD_CONC
[Thu Sep 19 19:46:04 2013]  say: Не Padawan: чувак
[Thu Sep 19 19:46:07 2013]  say: Не Padawan: ты надоел
[Thu Sep 19 19:46:10 2013]  say: Не Padawan: серьезно
[Thu Sep 19 19:47:07 2013]  Kill: 2 1 22: ^5^4Anakin^9Skywalker killed Padawan by MOD_ROCKET_HOMING_SPLASH
[Thu Sep 19 19:47:11 2013]  Kill: 2 0 21: ^5^4Anakin^9Skywalker killed Не Padawan by MOD_ROCKET_HOMING
[Thu Sep 19 19:47:39 2013]  Kill: 2 1 0: ^5^4Anakin^9Skywalker killed Padawan by MOD_UNKNOWN
[Thu Sep 19 19:48:02 2013]  Kill: 2 0 15: ^5^4Anakin^9Skywalker killed Не Padawan by MOD_DEMP2
[Thu Sep 19 19:48:11 2013]  say: Не Padawan: блядь
[Thu Sep 19 19:48:14 2013]  say: Не Padawan: милонов
[Thu Sep 19 19:48:18 2013]  say: Не Padawan: хуев
[Thu Sep 19 19:48:53 2013]  Kill: 2 0 36: ^5^4Anakin^9Skywalker killed Не Padawan by MOD_CRUSH
[Thu Sep 19 19:48:58 2013]  say: Не Padawan: пфф
[Thu Sep 19 19:49:03 2013]  say: Не Padawan: ты заебла
[Thu Sep 19 19:49:07 2013]  say: Не Padawan: заебал*
[Thu Sep 19 19:49:24 2013]  Kill: 2 0 0: ^5^4Anakin^9Skywalker killed Не Padawan by MOD_UNKNOWN
[Thu Sep 19 19:49:38 2013]  Kill: 2 1 0: ^5^4Anakin^9Skywalker killed Padawan by MOD_UNKNOWN
[Thu Sep 19 19:50:08 2013]  Kill: 2 1 0: ^5^4Anakin^9Skywalker killed Padawan by MOD_UNKNOWN
[Thu Sep 19 19:50:18 2013]  say: Padawan: ладно пока 
[Thu Sep 19 19:50:21 2013]  say: ^5^4Anakin^9Skywalker: бб
[Thu Sep 19 19:50:24 2013]  say: Не Padawan: бб
[Thu Sep 19 19:50:35 2013]  ClientDisconnect: 1
[Thu Sep 19 19:50:41 2013]  ClientDisconnect: 2
[Thu Sep 19 19:50:46 2013]  ClientDisconnect: 0
[Thu Sep 19 22:37:48 2013]  ClientConnect: 0
[Thu Sep 19 22:37:48 2013]  mlog:Player ^0Darkquake is back!, connected. With IP - 192.168.1.3:29070 
[Thu Sep 19 22:38:11 2013]  ClientBegin: 0
[Thu Sep 19 22:39:54 2013]  ClientDisconnect: 0
[Thu Sep 19 22:40:02 2013]  ------------------------------------------------------------
[Thu Sep 19 22:40:02 2013]  InitGame: \g_siegeTeam2\none\g_siegeTeam1\none\g_jediVmerc\0\g_maxGameClients\0\g_noSpecMove\0\g_debugMelee\1\g_siegeRespawn\20\g_siegeTeamSwitch\1\g_forceRegenTime\1\g_forcePowerDisable\0\g_weaponDisable\0\g_allowNPC\1\sv_allowDownload\1\sv_floodProtect\0\sv_maxPing\0\sv_minPing\0\sv_maxRate\5000\sv_maxclients\32\sv_hostname\^3Darkquake's Makermod Server\g_duelWeaponDisable\65531\g_forceBasedTeams\0\duel_fraglimit\10\g_maxForceRank\7\g_saberLocking\1\g_privateDuel\1\capturelimit\0\timelimit\0\fraglimit\0\dmflags\0\version\(internal)JAmp: v1.0.1.0 win-x86 Oct 30 2003\g_maxHolocronCarry\3\g_gametype\0\g_needpass\0\protocol\26\mapname\t2_trip\sv_privateClients\0\g_stepSlideFix\1\gamename\MakerMod\g_saberWallDamageScale\0.4\bg_fighterAltControl\0\g_showDuelHealths\0
[Thu Sep 19 22:40:21 2013]  ClientConnect: 0
[Thu Sep 19 22:40:21 2013]  mlog:Player ^0Darkquake is back!, connected. With IP - 192.168.1.3:29070 
[Thu Sep 19 22:40:40 2013]  ClientBegin: 0
[Thu Sep 19 22:41:23 2013]  ------------------------------------------------------------
[Thu Sep 19 22:41:23 2013]  InitGame: \dmflags\0\fraglimit\0\timelimit\0\capturelimit\0\g_privateDuel\1\g_saberLocking\1\g_maxForceRank\7\duel_fraglimit\10\g_forceBasedTeams\0\g_duelWeaponDisable\65531\sv_hostname\^3Darkquake's Makermod Server\sv_maxclients\32\sv_maxRate\5000\sv_minPing\0\sv_maxPing\0\sv_floodProtect\0\sv_allowDownload\1\g_allowNPC\1\g_weaponDisable\0\g_forcePowerDisable\0\g_forceRegenTime\1\g_siegeTeamSwitch\1\g_siegeRespawn\20\g_debugMelee\1\g_noSpecMove\0\g_maxGameClients\0\g_jediVmerc\0\g_siegeTeam1\none\g_siegeTeam2\none\version\(internal)JAmp: v1.0.1.0 win-x86 Oct 30 2003\g_maxHolocronCarry\3\g_gametype\0\g_needpass\0\protocol\26\mapname\t2_trip\sv_privateClients\0\g_stepSlideFix\1\gamename\MakerMod\g_saberWallDamageScale\0.4\bg_fighterAltControl\0\g_showDuelHealths\0
[Thu Sep 19 22:41:30 2013]  ClientConnect: 0
[Thu Sep 19 22:41:30 2013]  mlog:Player ^0Darkquake is back!, connected. With IP - 192.168.1.3:29070 
[Thu Sep 19 22:41:34 2013]  ClientBegin: 0
[Thu Sep 19 22:42:02 2013]  ClientDisconnect: 0
[Fri Sep 20 08:52:35 2013]  ClientConnect: 0
[Fri Sep 20 08:52:35 2013]  mlog:Player Padawan, connected. With IP - 217.118.91.56:-19588 
[Fri Sep 20 08:52:59 2013]  ClientBegin: 0
[Fri Sep 20 08:53:51 2013]  Kill: 0 0 39: 0^0DARK killed 0^0DARK by MOD_SUICIDE
[Fri Sep 20 09:12:14 2013]  ClientConnect: 1
[Fri Sep 20 09:12:14 2013]  mlog:Player ^4Anakin^9Skywalker, connected. With IP - 178.123.3.0:29070 
[Fri Sep 20 09:12:43 2013]  ClientBegin: 1
[Fri Sep 20 09:13:02 2013]  Item: 1 weapon_melee
[Fri Sep 20 09:13:02 2013]  say: ^5^4Anakin^9Skywalker: ^0Battle ^4Sorcerer ^5script by ^0D^3arth ^0F^3urious
[Fri Sep 20 09:16:24 2013]  ClientDisconnect: 1
[Fri Sep 20 09:44:21 2013]  setteam:  0 FREE SPECTATOR
[Fri Sep 20 09:44:21 2013]  ClientBegin: 0
[Fri Sep 20 15:02:00 2013]  ClientConnect: 1
[Fri Sep 20 15:02:00 2013]  mlog:Player war, connected. With IP - 213.251.210.41:-9157 
[Fri Sep 20 15:02:06 2013]  ClientBegin: 1
[Fri Sep 20 15:03:05 2013]  Kill: 1022 1 38: <world> killed TUBORK by MOD_FALLING
[Fri Sep 20 15:04:06 2013]  Kill: 1022 1 38: <world> killed TUBORK by MOD_FALLING
[Fri Sep 20 15:07:05 2013]  Kill: 1 1 39: TUBORK killed TUBORK by MOD_SUICIDE
[Fri Sep 20 15:07:05 2013]  setteam:  1 FREE SPECTATOR
[Fri Sep 20 15:07:05 2013]  ClientBegin: 1
[Fri Sep 20 15:07:34 2013]  setteam:  1 SPECTATOR FREE
[Fri Sep 20 15:07:34 2013]  ClientBegin: 1
[Fri Sep 20 15:24:33 2013]  ClientDisconnect: 0
[Fri Sep 20 15:27:26 2013]  Item: 1 weapon_blaster
[Fri Sep 20 15:32:24 2013]  ClientDisconnect: 1
[Fri Sep 20 15:50:58 2013]  ClientConnect: 0
[Fri Sep 20 15:50:58 2013]  mlog:Player ^0Darkquake is back!, connected. With IP - 192.168.1.3:29070 
[Fri Sep 20 15:51:23 2013]  ClientBegin: 0
[Fri Sep 20 15:55:27 2013]  ClientDisconnect: 0
[Fri Sep 20 17:55:30 2013]  ClientConnect: 0
[Fri Sep 20 17:55:30 2013]  mlog:Player ^0Darkquake is back!, connected. With IP - 192.168.1.3:29070 
[Fri Sep 20 17:55:54 2013]  ClientBegin: 0
[Fri Sep 20 17:57:02 2013]  say: ^0Darkquake is back!: ^6AIR-TAXI SCRIPT ^5by ^1µ^2/^0Раrk^1Qµаkи^2/^1S
