[Mon Sep 30 04:00:15 2013]  ------------------------------------------------------------
[Mon Sep 30 04:00:15 2013]  InitGame: \g_siegeTeam2\none\g_siegeTeam1\none\g_jediVmerc\0\g_maxGameClients\0\g_noSpecMove\0\g_debugMelee\1\g_siegeRespawn\20\g_siegeTeamSwitch\1\g_forceRegenTime\0\g_forcePowerDisable\0\g_weaponDisable\0\g_allowNPC\1\bot_minplayers\0\sv_allowDownload\1\sv_floodProtect\0\sv_maxPing\0\sv_minPing\0\sv_maxRate\5000\sv_maxclients\32\sv_hostname\^3Darkquake's Makermod Server\g_duelWeaponDisable\65531\g_forceBasedTeams\0\duel_fraglimit\10\g_maxForceRank\7\g_saberLocking\1\g_privateDuel\1\capturelimit\0\timelimit\60\fraglimit\0\dmflags\0\version\(internal)JAmp: v1.0.1.0 win-x86 Oct 30 2003\g_maxHolocronCarry\3\g_gametype\0\g_needpass\0\protocol\26\mapname\mp/siege_desert\sv_privateClients\0\g_stepSlideFix\1\gamename\MakerMod\g_saberWallDamageScale\0.4\bg_fighterAltControl\0\g_showDuelHealths\0
[Mon Sep 30 04:00:16 2013]  ClientConnect: 0
[Mon Sep 30 04:00:30 2013]  ClientBegin: 0
[Mon Sep 30 04:01:13 2013]  ClientDisconnect: 0
[Mon Sep 30 04:01:14 2013]  ClientDisconnect: 0
[Mon Sep 30 04:01:14 2013]  ClientConnect: 0
[Mon Sep 30 04:01:14 2013]  mlog:Player ^7»^0Exo^1Ð^0us^7«, connected. With IP - 64.111.247.110:29070 
[Mon Sep 30 04:01:26 2013]  ClientBegin: 0
[Mon Sep 30 04:17:25 2013]  ClientDisconnect: 0
[Mon Sep 30 05:00:14 2013]  Exit: Timelimit hit.
[Mon Sep 30 13:57:36 2013]  ClientConnect: 0
[Mon Sep 30 13:57:36 2013]  mlog:Player ^3R^0O^3N, connected. With IP - 213.251.210.3:-3850 
[Mon Sep 30 13:57:53 2013]  ClientBegin: 0
[Mon Sep 30 13:57:55 2013]  ShutdownGame:
[Mon Sep 30 13:57:55 2013]  ------------------------------------------------------------
[Mon Sep 30 13:57:55 2013]  ------------------------------------------------------------
[Mon Sep 30 13:57:55 2013]  InitGame: \g_siegeTeam2\none\g_siegeTeam1\none\g_jediVmerc\0\g_maxGameClients\0\g_noSpecMove\0\g_debugMelee\1\g_siegeRespawn\20\g_siegeTeamSwitch\1\g_forceRegenTime\0\g_forcePowerDisable\0\g_weaponDisable\0\g_allowNPC\1\bot_minplayers\0\sv_allowDownload\1\sv_floodProtect\0\sv_maxPing\0\sv_minPing\0\sv_maxRate\5000\sv_maxclients\32\sv_hostname\^3Darkquake's Makermod Server\g_duelWeaponDisable\65531\g_forceBasedTeams\0\duel_fraglimit\10\g_maxForceRank\7\g_saberLocking\1\g_privateDuel\1\capturelimit\0\timelimit\60\fraglimit\0\dmflags\0\version\(internal)JAmp: v1.0.1.0 win-x86 Oct 30 2003\g_maxHolocronCarry\3\g_gametype\0\g_needpass\0\protocol\26\mapname\t2_trip\sv_privateClients\0\g_stepSlideFix\1\gamename\MakerMod\g_saberWallDamageScale\0.4\bg_fighterAltControl\0\g_showDuelHealths\0
[Mon Sep 30 13:57:57 2013]  ClientConnect: 0
[Mon Sep 30 14:48:46 2013]  ClientDisconnect: 0
[Mon Sep 30 14:48:46 2013]  ClientConnect: 0
[Mon Sep 30 14:48:46 2013]  mlog:Player ^3C^0I^3E^0N^3A, connected. With IP - 213.251.210.3:-3850 
[Mon Sep 30 14:48:59 2013]  ClientBegin: 0
[Mon Sep 30 14:52:41 2013]  ClientDisconnect: 0
[Mon Sep 30 14:55:34 2013]  ClientConnect: 0
[Mon Sep 30 14:55:34 2013]  mlog:Player Padawan, connected. With IP - 213.251.210.3:-8377 
[Mon Sep 30 14:55:41 2013]  ClientBegin: 0
[Mon Sep 30 14:56:02 2013]  ClientDisconnect: 0
[Mon Sep 30 14:57:54 2013]  Exit: Timelimit hit.
[Mon Sep 30 15:00:51 2013]  ClientConnect: 0
[Mon Sep 30 15:00:51 2013]  mlog:Player ^3C^0I^3E^0N^3A, connected. With IP - 213.251.210.3:-8243 
[Mon Sep 30 15:00:59 2013]  ClientBegin: 0
[Mon Sep 30 15:01:00 2013]  ShutdownGame:
[Mon Sep 30 15:01:00 2013]  ------------------------------------------------------------
[Mon Sep 30 15:01:00 2013]  ------------------------------------------------------------
[Mon Sep 30 15:01:00 2013]  InitGame: \g_siegeTeam2\none\g_siegeTeam1\none\g_jediVmerc\0\g_maxGameClients\0\g_noSpecMove\0\g_debugMelee\1\g_siegeRespawn\20\g_siegeTeamSwitch\1\g_forceRegenTime\0\g_forcePowerDisable\0\g_weaponDisable\0\g_allowNPC\1\bot_minplayers\0\sv_allowDownload\1\sv_floodProtect\0\sv_maxPing\0\sv_minPing\0\sv_maxRate\5000\sv_maxclients\32\sv_hostname\^3Darkquake's Makermod Server\g_duelWeaponDisable\65531\g_forceBasedTeams\0\duel_fraglimit\10\g_maxForceRank\7\g_saberLocking\1\g_privateDuel\1\capturelimit\0\timelimit\60\fraglimit\0\dmflags\0\version\(internal)JAmp: v1.0.1.0 win-x86 Oct 30 2003\g_maxHolocronCarry\3\g_gametype\0\g_needpass\0\protocol\26\mapname\mp/siege_desert\sv_privateClients\0\g_stepSlideFix\1\gamename\MakerMod\g_saberWallDamageScale\0.4\bg_fighterAltControl\0\g_showDuelHealths\0
[Mon Sep 30 15:01:01 2013]  ClientConnect: 0
[Mon Sep 30 15:01:06 2013]  ClientBegin: 0
[Mon Sep 30 15:02:21 2013]  ClientDisconnect: 0
[Mon Sep 30 15:04:41 2013]  ClientConnect: 0
[Mon Sep 30 15:04:41 2013]  mlog:Player ^3C^0I^3E^0N^3A, connected. With IP - 213.251.210.3:-7792 
[Mon Sep 30 15:04:47 2013]  ClientBegin: 0
[Mon Sep 30 15:04:57 2013]  ClientDisconnect: 0
[Mon Sep 30 15:11:22 2013]  ClientConnect: 0
[Mon Sep 30 15:11:22 2013]  mlog:Player ^3C^0I^3E^0N^3A, connected. With IP - 213.251.210.3:-1838 
[Mon Sep 30 15:11:28 2013]  ClientBegin: 0
[Mon Sep 30 15:11:31 2013]  ClientDisconnect: 0
[Mon Sep 30 15:14:32 2013]  ClientConnect: 0
[Mon Sep 30 15:14:32 2013]  mlog:Player ^3C^0I^3E^0N^3A, connected. With IP - 213.251.210.3:-12272 
[Mon Sep 30 15:14:38 2013]  ClientBegin: 0
[Mon Sep 30 15:15:15 2013]  Kill: 1022 0 39: <world> killed DETH by MOD_SUICIDE
[Mon Sep 30 15:15:20 2013]  ClientDisconnect: 0
[Mon Sep 30 15:35:18 2013]  ClientConnect: 0
[Mon Sep 30 15:35:18 2013]  mlog:Player ^3C^0I^3E^0N^3A, connected. With IP - 213.251.210.3:-1436 
[Mon Sep 30 15:35:24 2013]  ClientBegin: 0
[Mon Sep 30 15:35:28 2013]  ClientDisconnect: 0
[Mon Sep 30 16:01:00 2013]  Exit: Timelimit hit.
[Mon Sep 30 16:08:57 2013]  ClientConnect: 0
[Mon Sep 30 16:08:57 2013]  mlog:Player ^3C^0I^3E^0N^3A, connected. With IP - 213.251.210.3:-10780 
[Mon Sep 30 16:09:03 2013]  ClientBegin: 0
[Mon Sep 30 16:09:06 2013]  ClientDisconnect: 0
[Mon Sep 30 16:40:17 2013]  ClientConnect: 0
[Mon Sep 30 16:40:17 2013]  mlog:Player ^0ÐàrkQµàkè, connected. With IP - 192.168.1.3:29070 
[Mon Sep 30 16:40:38 2013]  ClientBegin: 0
[Mon Sep 30 16:40:43 2013]  ShutdownGame:
[Mon Sep 30 16:40:43 2013]  ------------------------------------------------------------
[Mon Sep 30 16:40:43 2013]  ------------------------------------------------------------
[Mon Sep 30 16:40:43 2013]  InitGame: \g_siegeTeam2\none\g_siegeTeam1\none\g_jediVmerc\0\g_maxGameClients\0\g_noSpecMove\0\g_debugMelee\1\g_siegeRespawn\20\g_siegeTeamSwitch\1\g_forceRegenTime\0\g_forcePowerDisable\0\g_weaponDisable\0\g_allowNPC\1\bot_minplayers\0\sv_allowDownload\1\sv_floodProtect\0\sv_maxPing\0\sv_minPing\0\sv_maxRate\5000\sv_maxclients\32\sv_hostname\^3Darkquake's Makermod Server\g_duelWeaponDisable\65531\g_forceBasedTeams\0\duel_fraglimit\10\g_maxForceRank\7\g_saberLocking\1\g_privateDuel\1\capturelimit\0\timelimit\60\fraglimit\0\dmflags\0\version\(internal)JAmp: v1.0.1.0 win-x86 Oct 30 2003\g_maxHolocronCarry\3\g_gametype\0\g_needpass\0\protocol\26\mapname\t2_trip\sv_privateClients\0\g_stepSlideFix\1\gamename\MakerMod\g_saberWallDamageScale\0.4\bg_fighterAltControl\0\g_showDuelHealths\0
[Mon Sep 30 16:40:45 2013]  ClientConnect: 0
[Mon Sep 30 16:41:05 2013]  ClientBegin: 0
[Mon Sep 30 16:47:55 2013]  ShutdownGame:
[Mon Sep 30 16:47:55 2013]  ------------------------------------------------------------
[Mon Sep 30 16:47:55 2013]  ------------------------------------------------------------
[Mon Sep 30 16:47:55 2013]  InitGame: \g_siegeTeam2\none\g_siegeTeam1\none\g_jediVmerc\0\g_maxGameClients\0\g_noSpecMove\0\g_debugMelee\1\g_siegeRespawn\20\g_siegeTeamSwitch\1\g_forceRegenTime\0\g_forcePowerDisable\0\g_weaponDisable\0\g_allowNPC\1\bot_minplayers\0\sv_allowDownload\1\sv_floodProtect\0\sv_maxPing\0\sv_minPing\0\sv_maxRate\5000\sv_maxclients\32\sv_hostname\^3Darkquake's Makermod Server\g_duelWeaponDisable\65531\g_forceBasedTeams\0\duel_fraglimit\10\g_maxForceRank\7\g_saberLocking\1\g_privateDuel\1\capturelimit\0\timelimit\60\fraglimit\0\dmflags\0\version\(internal)JAmp: v1.0.1.0 win-x86 Oct 30 2003\g_maxHolocronCarry\3\g_gametype\0\g_needpass\0\protocol\26\mapname\mp/siege_desert\sv_privateClients\0\g_stepSlideFix\1\gamename\MakerMod\g_saberWallDamageScale\0.4\bg_fighterAltControl\0\g_showDuelHealths\0
[Mon Sep 30 16:47:56 2013]  ClientConnect: 0
[Mon Sep 30 16:48:00 2013]  ClientBegin: 0
[Mon Sep 30 16:49:16 2013]  ClientDisconnect: 0
[Mon Sep 30 16:49:20 2013]  ClientConnect: 0
[Mon Sep 30 16:49:20 2013]  mlog:Player ^0ÐàrkQµàkè, connected. With IP - 192.168.1.3:29070 
[Mon Sep 30 16:49:25 2013]  ClientBegin: 0
[Mon Sep 30 16:51:18 2013]  ShutdownGame:
[Mon Sep 30 16:51:18 2013]  ------------------------------------------------------------
[Mon Sep 30 16:51:18 2013]  ------------------------------------------------------------
[Mon Sep 30 16:51:18 2013]  InitGame: \g_siegeTeam2\none\g_siegeTeam1\none\g_jediVmerc\0\g_maxGameClients\0\g_noSpecMove\0\g_debugMelee\1\g_siegeRespawn\20\g_siegeTeamSwitch\1\g_forceRegenTime\0\g_forcePowerDisable\0\g_weaponDisable\0\g_allowNPC\1\bot_minplayers\0\sv_allowDownload\1\sv_floodProtect\0\sv_maxPing\0\sv_minPing\0\sv_maxRate\5000\sv_maxclients\32\sv_hostname\^3Darkquake's Makermod Server\g_duelWeaponDisable\65531\g_forceBasedTeams\0\duel_fraglimit\10\g_maxForceRank\7\g_saberLocking\1\g_privateDuel\1\capturelimit\0\timelimit\60\fraglimit\0\dmflags\0\version\(internal)JAmp: v1.0.1.0 win-x86 Oct 30 2003\g_maxHolocronCarry\3\g_gametype\0\g_needpass\0\protocol\26\mapname\mp/siege_desert\sv_privateClients\0\g_stepSlideFix\1\gamename\MakerMod\g_saberWallDamageScale\0.4\bg_fighterAltControl\0\g_showDuelHealths\0
[Mon Sep 30 16:51:19 2013]  ClientConnect: 0
[Mon Sep 30 16:51:24 2013]  ClientBegin: 0
[Mon Sep 30 16:53:25 2013]  ShutdownGame:
[Mon Sep 30 16:53:25 2013]  ------------------------------------------------------------
[Mon Sep 30 16:53:26 2013]  ------------------------------------------------------------
[Mon Sep 30 16:53:26 2013]  InitGame: \g_siegeTeam2\none\g_siegeTeam1\none\g_jediVmerc\0\g_maxGameClients\0\g_noSpecMove\0\g_debugMelee\1\g_siegeRespawn\20\g_siegeTeamSwitch\1\g_forceRegenTime\0\g_forcePowerDisable\0\g_weaponDisable\0\g_allowNPC\1\bot_minplayers\0\sv_allowDownload\1\sv_floodProtect\0\sv_maxPing\0\sv_minPing\0\sv_maxRate\5000\sv_maxclients\32\sv_hostname\^3Darkquake's Makermod Server\g_duelWeaponDisable\65531\g_forceBasedTeams\0\duel_fraglimit\10\g_maxForceRank\7\g_saberLocking\1\g_privateDuel\1\capturelimit\0\timelimit\60\fraglimit\0\dmflags\0\version\(internal)JAmp: v1.0.1.0 win-x86 Oct 30 2003\g_maxHolocronCarry\3\g_gametype\0\g_needpass\0\protocol\26\mapname\mp/siege_desert\sv_privateClients\0\g_stepSlideFix\1\gamename\MakerMod\g_saberWallDamageScale\0.4\bg_fighterAltControl\0\g_showDuelHealths\0
[Mon Sep 30 16:53:27 2013]  ClientConnect: 0
[Mon Sep 30 16:53:31 2013]  ClientBegin: 0
[Mon Sep 30 16:54:19 2013]  ShutdownGame:
[Mon Sep 30 16:54:19 2013]  ------------------------------------------------------------
[Mon Sep 30 16:54:19 2013]  ------------------------------------------------------------
[Mon Sep 30 16:54:19 2013]  InitGame: \g_siegeTeam2\none\g_siegeTeam1\none\g_jediVmerc\0\g_maxGameClients\0\g_noSpecMove\0\g_debugMelee\1\g_siegeRespawn\20\g_siegeTeamSwitch\1\g_forceRegenTime\0\g_forcePowerDisable\0\g_weaponDisable\0\g_allowNPC\1\bot_minplayers\0\sv_allowDownload\1\sv_floodProtect\0\sv_maxPing\0\sv_minPing\0\sv_maxRate\5000\sv_maxclients\32\sv_hostname\^3Darkquake's Makermod Server\g_duelWeaponDisable\65531\g_forceBasedTeams\0\duel_fraglimit\10\g_maxForceRank\7\g_saberLocking\1\g_privateDuel\1\capturelimit\0\timelimit\60\fraglimit\0\dmflags\0\version\(internal)JAmp: v1.0.1.0 win-x86 Oct 30 2003\g_maxHolocronCarry\3\g_gametype\0\g_needpass\0\protocol\26\mapname\mp/siege_desert\sv_privateClients\0\g_stepSlideFix\1\gamename\MakerMod\g_saberWallDamageScale\0.4\bg_fighterAltControl\0\g_showDuelHealths\0
[Mon Sep 30 16:54:20 2013]  ClientConnect: 0
[Mon Sep 30 16:54:24 2013]  ClientBegin: 0
[Mon Sep 30 17:01:47 2013]  ShutdownGame:
[Mon Sep 30 17:01:47 2013]  ------------------------------------------------------------
[Mon Sep 30 17:01:47 2013]  ------------------------------------------------------------
[Mon Sep 30 17:01:47 2013]  InitGame: \g_siegeTeam2\none\g_siegeTeam1\none\g_jediVmerc\0\g_maxGameClients\0\g_noSpecMove\0\g_debugMelee\1\g_siegeRespawn\20\g_siegeTeamSwitch\1\g_forceRegenTime\0\g_forcePowerDisable\0\g_weaponDisable\0\g_allowNPC\1\bot_minplayers\0\sv_allowDownload\1\sv_floodProtect\0\sv_maxPing\0\sv_minPing\0\sv_maxRate\5000\sv_maxclients\32\sv_hostname\^3Darkquake's Makermod Server\g_duelWeaponDisable\65531\g_forceBasedTeams\0\duel_fraglimit\10\g_maxForceRank\7\g_saberLocking\1\g_privateDuel\1\capturelimit\0\timelimit\60\fraglimit\0\dmflags\0\version\(internal)JAmp: v1.0.1.0 win-x86 Oct 30 2003\g_maxHolocronCarry\3\g_gametype\0\g_needpass\0\protocol\26\mapname\mp/siege_desert\sv_privateClients\0\g_stepSlideFix\1\gamename\MakerMod\g_saberWallDamageScale\0.4\bg_fighterAltControl\0\g_showDuelHealths\0
[Mon Sep 30 17:01:48 2013]  ClientConnect: 0
[Mon Sep 30 17:01:53 2013]  ClientBegin: 0
[Mon Sep 30 17:06:14 2013]  ShutdownGame:
[Mon Sep 30 17:06:14 2013]  ------------------------------------------------------------
[Mon Sep 30 17:06:15 2013]  ------------------------------------------------------------
[Mon Sep 30 17:06:15 2013]  InitGame: \g_siegeTeam2\none\g_siegeTeam1\none\g_jediVmerc\0\g_maxGameClients\0\g_noSpecMove\0\g_debugMelee\1\g_siegeRespawn\20\g_siegeTeamSwitch\1\g_forceRegenTime\0\g_forcePowerDisable\0\g_weaponDisable\0\g_allowNPC\1\bot_minplayers\0\sv_allowDownload\1\sv_floodProtect\0\sv_maxPing\0\sv_minPing\0\sv_maxRate\5000\sv_maxclients\32\sv_hostname\^3Darkquake's Makermod Server\g_duelWeaponDisable\65531\g_forceBasedTeams\0\duel_fraglimit\10\g_maxForceRank\7\g_saberLocking\1\g_privateDuel\1\capturelimit\0\timelimit\60\fraglimit\0\dmflags\0\version\(internal)JAmp: v1.0.1.0 win-x86 Oct 30 2003\g_maxHolocronCarry\3\g_gametype\0\g_needpass\0\protocol\26\mapname\mp/siege_desert\sv_privateClients\0\g_stepSlideFix\1\gamename\MakerMod\g_saberWallDamageScale\0.4\bg_fighterAltControl\0\g_showDuelHealths\0
[Mon Sep 30 17:06:15 2013]  ClientConnect: 0
[Mon Sep 30 17:06:20 2013]  ClientBegin: 0
[Mon Sep 30 17:09:48 2013]  ShutdownGame:
[Mon Sep 30 17:09:48 2013]  ------------------------------------------------------------
[Mon Sep 30 17:09:48 2013]  ------------------------------------------------------------
[Mon Sep 30 17:09:48 2013]  InitGame: \g_siegeTeam2\none\g_siegeTeam1\none\g_jediVmerc\0\g_maxGameClients\0\g_noSpecMove\0\g_debugMelee\1\g_siegeRespawn\20\g_siegeTeamSwitch\1\g_forceRegenTime\0\g_forcePowerDisable\0\g_weaponDisable\0\g_allowNPC\1\bot_minplayers\0\sv_allowDownload\1\sv_floodProtect\0\sv_maxPing\0\sv_minPing\0\sv_maxRate\5000\sv_maxclients\32\sv_hostname\^3Darkquake's Makermod Server\g_duelWeaponDisable\65531\g_forceBasedTeams\0\duel_fraglimit\10\g_maxForceRank\7\g_saberLocking\1\g_privateDuel\1\capturelimit\0\timelimit\60\fraglimit\0\dmflags\0\version\(internal)JAmp: v1.0.1.0 win-x86 Oct 30 2003\g_maxHolocronCarry\3\g_gametype\0\g_needpass\0\protocol\26\mapname\mp/siege_desert\sv_privateClients\0\g_stepSlideFix\1\gamename\MakerMod\g_saberWallDamageScale\0.4\bg_fighterAltControl\0\g_showDuelHealths\0
[Mon Sep 30 17:09:49 2013]  ClientConnect: 0
[Mon Sep 30 17:09:53 2013]  ClientBegin: 0
[Mon Sep 30 17:11:13 2013]  ShutdownGame:
[Mon Sep 30 17:11:13 2013]  ------------------------------------------------------------
[Mon Sep 30 17:11:13 2013]  ------------------------------------------------------------
[Mon Sep 30 17:11:13 2013]  InitGame: \g_siegeTeam2\none\g_siegeTeam1\none\g_jediVmerc\0\g_maxGameClients\0\g_noSpecMove\0\g_debugMelee\1\g_siegeRespawn\20\g_siegeTeamSwitch\1\g_forceRegenTime\0\g_forcePowerDisable\0\g_weaponDisable\0\g_allowNPC\1\bot_minplayers\0\sv_allowDownload\1\sv_floodProtect\0\sv_maxPing\0\sv_minPing\0\sv_maxRate\5000\sv_maxclients\32\sv_hostname\^3Darkquake's Makermod Server\g_duelWeaponDisable\65531\g_forceBasedTeams\0\duel_fraglimit\10\g_maxForceRank\7\g_saberLocking\1\g_privateDuel\1\capturelimit\0\timelimit\60\fraglimit\0\dmflags\0\version\(internal)JAmp: v1.0.1.0 win-x86 Oct 30 2003\g_maxHolocronCarry\3\g_gametype\0\g_needpass\0\protocol\26\mapname\mp/siege_desert\sv_privateClients\0\g_stepSlideFix\1\gamename\MakerMod\g_saberWallDamageScale\0.4\bg_fighterAltControl\0\g_showDuelHealths\0
[Mon Sep 30 17:11:14 2013]  ClientConnect: 0
[Mon Sep 30 17:11:19 2013]  ClientBegin: 0
[Mon Sep 30 17:12:23 2013]  ShutdownGame:
[Mon Sep 30 17:12:23 2013]  ------------------------------------------------------------
[Mon Sep 30 17:12:23 2013]  ------------------------------------------------------------
[Mon Sep 30 17:12:23 2013]  InitGame: \g_siegeTeam2\none\g_siegeTeam1\none\g_jediVmerc\0\g_maxGameClients\0\g_noSpecMove\0\g_debugMelee\1\g_siegeRespawn\20\g_siegeTeamSwitch\1\g_forceRegenTime\0\g_forcePowerDisable\0\g_weaponDisable\0\g_allowNPC\1\bot_minplayers\0\sv_allowDownload\1\sv_floodProtect\0\sv_maxPing\0\sv_minPing\0\sv_maxRate\5000\sv_maxclients\32\sv_hostname\^3Darkquake's Makermod Server\g_duelWeaponDisable\65531\g_forceBasedTeams\0\duel_fraglimit\10\g_maxForceRank\7\g_saberLocking\1\g_privateDuel\1\capturelimit\0\timelimit\60\fraglimit\0\dmflags\0\version\(internal)JAmp: v1.0.1.0 win-x86 Oct 30 2003\g_maxHolocronCarry\3\g_gametype\0\g_needpass\0\protocol\26\mapname\t2_trip\sv_privateClients\0\g_stepSlideFix\1\gamename\MakerMod\g_saberWallDamageScale\0.4\bg_fighterAltControl\0\g_showDuelHealths\0
[Mon Sep 30 17:12:25 2013]  ClientConnect: 0
[Mon Sep 30 17:12:28 2013]  ClientBegin: 0
[Mon Sep 30 17:13:04 2013]  ClientDisconnect: 0
[Mon Sep 30 17:13:05 2013]  ClientDisconnect: 0
[Mon Sep 30 17:13:05 2013]  ClientConnect: 0
[Mon Sep 30 17:13:05 2013]  mlog:Player ^0ÐàrkQµàkè, connected. With IP - 192.168.1.3:29070 
[Mon Sep 30 17:13:08 2013]  ClientBegin: 0
[Mon Sep 30 17:13:42 2013]  ------------------------------------------------------------
[Mon Sep 30 17:13:42 2013]  InitGame: \dmflags\0\fraglimit\0\timelimit\120\capturelimit\0\g_privateDuel\1\g_saberLocking\1\g_maxForceRank\7\duel_fraglimit\10\g_forceBasedTeams\0\g_duelWeaponDisable\65531\sv_hostname\^3Darkquake's Makermod Server\sv_maxclients\32\sv_maxRate\5000\sv_minPing\0\sv_maxPing\0\sv_floodProtect\0\sv_allowDownload\1\g_allowNPC\1\g_weaponDisable\0\g_forcePowerDisable\0\g_forceRegenTime\1\g_siegeTeamSwitch\1\g_siegeRespawn\20\g_debugMelee\1\g_noSpecMove\0\g_maxGameClients\0\g_jediVmerc\0\g_siegeTeam1\none\g_siegeTeam2\none\version\(internal)JAmp: v1.0.1.0 win-x86 Oct 30 2003\g_maxHolocronCarry\3\g_gametype\0\g_needpass\0\protocol\26\mapname\t2_trip\sv_privateClients\0\g_stepSlideFix\1\gamename\MakerMod\g_saberWallDamageScale\0.4\bg_fighterAltControl\0\g_showDuelHealths\0
[Mon Sep 30 17:14:24 2013]  ------------------------------------------------------------
[Mon Sep 30 17:14:24 2013]  InitGame: \g_siegeTeam2\none\g_siegeTeam1\none\g_jediVmerc\0\g_maxGameClients\0\g_noSpecMove\0\g_debugMelee\1\g_siegeRespawn\20\g_siegeTeamSwitch\1\g_forceRegenTime\1\g_forcePowerDisable\0\g_weaponDisable\0\g_allowNPC\1\sv_allowDownload\1\sv_floodProtect\0\sv_maxPing\0\sv_minPing\0\sv_maxRate\5000\sv_maxclients\32\sv_hostname\^3Darkquake's Makermod Server\g_duelWeaponDisable\65531\g_forceBasedTeams\0\duel_fraglimit\10\g_maxForceRank\7\g_saberLocking\1\g_privateDuel\1\capturelimit\0\timelimit\120\fraglimit\0\dmflags\0\version\(internal)JAmp: v1.0.1.0 win-x86 Oct 30 2003\g_maxHolocronCarry\3\g_gametype\0\g_needpass\0\protocol\26\mapname\t2_trip\sv_privateClients\0\g_stepSlideFix\1\gamename\MakerMod\g_saberWallDamageScale\0.4\bg_fighterAltControl\0\g_showDuelHealths\0
[Mon Sep 30 17:15:50 2013]  ------------------------------------------------------------
[Mon Sep 30 17:15:50 2013]  InitGame: \dmflags\0\fraglimit\0\timelimit\120\capturelimit\0\g_privateDuel\1\g_saberLocking\1\g_maxForceRank\7\duel_fraglimit\10\g_forceBasedTeams\0\g_duelWeaponDisable\65531\sv_hostname\^3Darkquake's Makermod Server\sv_maxclients\32\sv_maxRate\5000\sv_minPing\0\sv_maxPing\0\sv_floodProtect\0\sv_allowDownload\1\g_allowNPC\1\g_weaponDisable\0\g_forcePowerDisable\0\g_forceRegenTime\1\g_siegeTeamSwitch\1\g_siegeRespawn\20\g_debugMelee\1\g_noSpecMove\0\g_maxGameClients\0\g_jediVmerc\0\g_siegeTeam1\none\g_siegeTeam2\none\version\(internal)JAmp: v1.0.1.0 win-x86 Oct 30 2003\g_maxHolocronCarry\3\g_gametype\0\g_needpass\0\protocol\26\mapname\t2_trip\sv_privateClients\0\g_stepSlideFix\1\gamename\MakerMod\g_saberWallDamageScale\0.4\bg_fighterAltControl\0\g_showDuelHealths\0
[Mon Sep 30 17:16:09 2013]  ------------------------------------------------------------
[Mon Sep 30 17:16:09 2013]  InitGame: \g_siegeTeam2\none\g_siegeTeam1\none\g_jediVmerc\0\g_maxGameClients\0\g_noSpecMove\0\g_debugMelee\1\g_siegeRespawn\20\g_siegeTeamSwitch\1\g_forceRegenTime\1\g_forcePowerDisable\0\g_weaponDisable\0\g_allowNPC\1\sv_allowDownload\1\sv_floodProtect\0\sv_maxPing\0\sv_minPing\0\sv_maxRate\5000\sv_maxclients\32\sv_hostname\^3Darkquake's Makermod Server\g_duelWeaponDisable\65531\g_forceBasedTeams\0\duel_fraglimit\10\g_maxForceRank\7\g_saberLocking\1\g_privateDuel\1\capturelimit\0\timelimit\120\fraglimit\0\dmflags\0\version\(internal)JAmp: v1.0.1.0 win-x86 Oct 30 2003\g_maxHolocronCarry\3\g_gametype\0\g_needpass\0\protocol\26\mapname\t2_trip\sv_privateClients\0\g_stepSlideFix\1\gamename\MakerMod\g_saberWallDamageScale\0.4\bg_fighterAltControl\0\g_showDuelHealths\0
[Mon Sep 30 17:17:43 2013]  ClientConnect: 0
[Mon Sep 30 17:17:43 2013]  mlog:Player ^0ÐàrkQµàkè, connected. With IP - 192.168.1.3:29071 
[Mon Sep 30 17:18:03 2013]  ClientBegin: 0
[Mon Sep 30 17:18:42 2013]  ClientDisconnect: 0
[Mon Sep 30 17:18:42 2013]  ClientDisconnect: 0
[Mon Sep 30 17:18:42 2013]  ClientConnect: 0
[Mon Sep 30 17:18:42 2013]  mlog:Player ^0ÐàrkQµàkè, connected. With IP - 192.168.1.3:29071 
[Mon Sep 30 17:18:46 2013]  ClientBegin: 0
[Mon Sep 30 17:18:48 2013]  ClientConnect: 1
[Mon Sep 30 17:18:48 2013]  mlog:Player ^3R^0O^3N, connected. With IP - 213.251.210.3:-1060 
[Mon Sep 30 17:19:09 2013]  ClientBegin: 1
[Mon Sep 30 17:19:15 2013]  say: DETH: hi
[Mon Sep 30 17:19:19 2013]  say: ^0ÐàrkQµàkè: hi
[Mon Sep 30 17:19:38 2013]  say: ^0ÐàrkQµàkè: I've been working on mapobs etc
[Mon Sep 30 17:19:56 2013]  say: DETH: +
[Mon Sep 30 17:20:51 2013]  say: ^0ÐàrkQµàkè: Sorry but I'm restarting a few times to check the motd changes
[Mon Sep 30 17:20:53 2013]  say: ^0ÐàrkQµàkè: won't be long..
[Mon Sep 30 17:21:25 2013]  say: DETH: 0_0
[Mon Sep 30 17:22:31 2013]  say: ^0ÐàrkQµàkè: so yeah sorry, just wanna check the motd
[Mon Sep 30 17:22:35 2013]  say: ^0ÐàrkQµàkè: I wanna fit more stuff there
[Mon Sep 30 17:22:46 2013]  ShutdownGame:
[Mon Sep 30 17:22:46 2013]  ------------------------------------------------------------
[Mon Sep 30 17:22:47 2013]  ------------------------------------------------------------
[Mon Sep 30 17:22:47 2013]  InitGame: \g_siegeTeam2\none\g_siegeTeam1\none\g_jediVmerc\0\g_maxGameClients\0\g_noSpecMove\0\g_debugMelee\1\g_siegeRespawn\20\g_siegeTeamSwitch\1\g_forceRegenTime\0\g_forcePowerDisable\0\g_weaponDisable\0\g_allowNPC\1\bot_minplayers\0\sv_allowDownload\1\sv_floodProtect\0\sv_maxPing\0\sv_minPing\0\sv_maxRate\5000\sv_maxclients\32\sv_hostname\^3Darkquake's Makermod Server\g_duelWeaponDisable\65531\g_forceBasedTeams\0\duel_fraglimit\10\g_maxForceRank\7\g_saberLocking\1\g_privateDuel\1\capturelimit\0\timelimit\60\fraglimit\0\dmflags\0\version\(internal)JAmp: v1.0.1.0 win-x86 Oct 30 2003\g_maxHolocronCarry\3\g_gametype\0\g_needpass\0\protocol\26\mapname\t2_trip\sv_privateClients\0\g_stepSlideFix\1\gamename\MakerMod\g_saberWallDamageScale\0.4\bg_fighterAltControl\0\g_showDuelHealths\0
[Mon Sep 30 17:22:48 2013]  ClientConnect: 0
[Mon Sep 30 17:22:48 2013]  ClientConnect: 1
[Mon Sep 30 17:22:52 2013]  ClientBegin: 1
[Mon Sep 30 17:22:52 2013]  Kill: 0 1 37: ^0ÐàrkQµàkè killed DETH by MOD_TELEFRAG
[Mon Sep 30 17:22:52 2013]  ClientBegin: 0
[Mon Sep 30 17:22:58 2013]  say: ^0ÐàrkQµàkè: hmm sry
[Mon Sep 30 17:22:58 2013]  Kill: 1 0 3: DETH killed ^0ÐàrkQµàkè by MOD_SABER
[Mon Sep 30 17:23:00 2013]  say: ^0ÐàrkQµàkè: one moment
[Mon Sep 30 17:23:08 2013]  ShutdownGame:
[Mon Sep 30 17:23:08 2013]  ------------------------------------------------------------
[Mon Sep 30 17:23:08 2013]  ------------------------------------------------------------
[Mon Sep 30 17:23:08 2013]  InitGame: \g_siegeTeam2\none\g_siegeTeam1\none\g_jediVmerc\0\g_maxGameClients\0\g_noSpecMove\0\g_debugMelee\1\g_siegeRespawn\20\g_siegeTeamSwitch\1\g_forceRegenTime\1\g_forcePowerDisable\0\g_weaponDisable\0\g_allowNPC\1\bot_minplayers\0\sv_allowDownload\1\sv_floodProtect\0\sv_maxPing\0\sv_minPing\0\sv_maxRate\5000\sv_maxclients\32\sv_hostname\^3Darkquake's Makermod Server\g_duelWeaponDisable\65531\g_forceBasedTeams\0\duel_fraglimit\10\g_maxForceRank\7\g_saberLocking\1\g_privateDuel\1\capturelimit\0\timelimit\120\fraglimit\0\dmflags\0\version\(internal)JAmp: v1.0.1.0 win-x86 Oct 30 2003\g_maxHolocronCarry\3\g_gametype\0\g_needpass\0\protocol\26\mapname\t2_trip\sv_privateClients\0\g_stepSlideFix\1\gamename\MakerMod\g_saberWallDamageScale\0.4\bg_fighterAltControl\0\g_showDuelHealths\0
[Mon Sep 30 17:23:10 2013]  ClientConnect: 0
[Mon Sep 30 17:23:10 2013]  ClientConnect: 1
[Mon Sep 30 17:23:13 2013]  ClientBegin: 0
[Mon Sep 30 17:23:14 2013]  Kill: 1 0 37: DETH killed ^0ÐàrkQµàkè by MOD_TELEFRAG
[Mon Sep 30 17:23:14 2013]  ClientBegin: 1
[Mon Sep 30 17:23:23 2013]  say: ^0ÐàrkQµàkè: right the motd can't hold that many lines :p
[Mon Sep 30 17:23:27 2013]  say: DETH: next map please
[Mon Sep 30 17:23:34 2013]  ShutdownGame:
[Mon Sep 30 17:23:34 2013]  ------------------------------------------------------------
[Mon Sep 30 17:23:35 2013]  ------------------------------------------------------------
[Mon Sep 30 17:23:35 2013]  InitGame: \g_siegeTeam2\none\g_siegeTeam1\none\g_jediVmerc\0\g_maxGameClients\0\g_noSpecMove\0\g_debugMelee\1\g_siegeRespawn\20\g_siegeTeamSwitch\1\g_forceRegenTime\1\g_forcePowerDisable\0\g_weaponDisable\0\g_allowNPC\1\bot_minplayers\0\sv_allowDownload\1\sv_floodProtect\0\sv_maxPing\0\sv_minPing\0\sv_maxRate\5000\sv_maxclients\32\sv_hostname\^3Darkquake's Makermod Server\g_duelWeaponDisable\65531\g_forceBasedTeams\0\duel_fraglimit\10\g_maxForceRank\7\g_saberLocking\1\g_privateDuel\1\capturelimit\0\timelimit\120\fraglimit\0\dmflags\0\version\(internal)JAmp: v1.0.1.0 win-x86 Oct 30 2003\g_maxHolocronCarry\3\g_gametype\0\g_needpass\0\protocol\26\mapname\t2_trip\sv_privateClients\0\g_stepSlideFix\1\gamename\MakerMod\g_saberWallDamageScale\0.4\bg_fighterAltControl\0\g_showDuelHealths\0
[Mon Sep 30 17:23:36 2013]  ClientConnect: 0
[Mon Sep 30 17:23:36 2013]  ClientConnect: 1
[Mon Sep 30 17:23:40 2013]  ClientBegin: 0
[Mon Sep 30 17:23:40 2013]  Kill: 1 0 37: DETH killed ^0ÐàrkQµàkè by MOD_TELEFRAG
[Mon Sep 30 17:23:40 2013]  ClientBegin: 1
[Mon Sep 30 17:23:43 2013]  say: ^0ÐàrkQµàkè: alright done
[Mon Sep 30 17:23:45 2013]  say: ^0ÐàrkQµàkè: sorry about that
[Mon Sep 30 17:23:54 2013]  say: ^0ÐàrkQµàkè: now I can load my mapobs back
[Mon Sep 30 17:24:36 2013]  say: ^0ÐàrkQµàkè: try connecting to this server with the domain name :)
[Mon Sep 30 17:24:39 2013]  say: ^0ÐàrkQµàkè: it works
[Mon Sep 30 17:24:45 2013]  say: ^0ÐàrkQµàkè: you type /connect svr.darkquake.com
[Mon Sep 30 17:24:53 2013]  say: ^0ÐàrkQµàkè: in the console to connect back here
[Mon Sep 30 17:26:47 2013]  say: ^0ÐàrkQµàkè: ok I'm done here
[Mon Sep 30 17:26:50 2013]  say: ^0ÐàrkQµàkè: enjoy yourself :)
[Mon Sep 30 17:27:01 2013]  ClientDisconnect: 0
[Mon Sep 30 17:27:52 2013]  ClientDisconnect: 1
[Mon Sep 30 17:51:57 2013]  ClientConnect: 0
[Mon Sep 30 17:51:57 2013]  mlog:Player ^3C^0iena{ILLUMINATI^3}, connected. With IP - 213.251.210.3:-756 
[Mon Sep 30 17:52:09 2013]  ClientBegin: 0
[Mon Sep 30 17:52:27 2013]  ClientDisconnect: 0
[Mon Sep 30 19:23:34 2013]  Exit: Timelimit hit.
[Tue Oct 01 07:39:34 2013]  ClientConnect: 0
[Tue Oct 01 07:39:34 2013]  mlog:Player ^0Krack ^33000#, connected. With IP - 109.152.1.113:29070 
[Tue Oct 01 07:40:00 2013]  ClientBegin: 0
[Tue Oct 01 07:40:07 2013]  ShutdownGame:
[Tue Oct 01 07:40:07 2013]  ------------------------------------------------------------
