[Mon May 08 17:09:59 2017]  ------------------------------------------------------------
[Mon May 08 17:09:59 2017]  InitGame: \dmflags\0\fraglimit\0\timelimit\0\capturelimit\0\g_privateDuel\1\g_saberLocking\1\g_maxForceRank\7\duel_fraglimit\10\g_forceBasedTeams\0\g_duelWeaponDisable\65531\sv_hostname\^3Darkquake's Makermod Server\sv_maxclients\32\sv_maxRate\5000\sv_minPing\0\sv_maxPing\0\sv_floodProtect\0\sv_allowDownload\0\bot_minplayers\0\g_allowNPC\1\g_weaponDisable\0\g_forcePowerDisable\0\g_forceRegenTime\0\g_siegeTeamSwitch\1\g_siegeRespawn\20\g_debugMelee\1\g_noSpecMove\0\g_maxGameClients\0\g_jediVmerc\0\g_siegeTeam1\none\g_siegeTeam2\none\version\(internal)JAmp: v1.0.1.0 win-x86 Oct 30 2003\g_maxHolocronCarry\3\g_gametype\0\g_needpass\0\protocol\26\mapname\mp/duel5\sv_privateClients\0\g_stepSlideFix\1\gamename\MakerMod\g_saberWallDamageScale\0.4\bg_fighterAltControl\0\g_showDuelHealths\0
[Mon May 08 17:09:59 2017]  ClientConnect: 0
[Mon May 08 17:09:59 2017]  ClientConnect: 1
[Mon May 08 17:09:59 2017]  mlog:Player Padawan, connected. With IP - 188.233.86.213:29070 
[Mon May 08 17:10:05 2017]  ClientBegin: 0
[Mon May 08 17:10:07 2017]  ClientBegin: 1
[Mon May 08 17:10:37 2017]  Kill: 1022 0 38: <world> killed Netord by MOD_FALLING
[Mon May 08 17:11:13 2017]  ClientConnect: 2
[Mon May 08 17:11:13 2017]  mlog:Player Hu3S0ss, connected. With IP - 158.46.42.181:29070 
[Mon May 08 17:11:22 2017]  ClientBegin: 2
[Mon May 08 17:11:48 2017]  Kill: 1 2 3: GhostProkaznik killed Hu3S0ss by MOD_SABER
[Mon May 08 17:11:54 2017]  Kill: 1022 1 41: <world> killed GhostProkaznik by MOD_TRIGGER_HURT
[Mon May 08 17:12:03 2017]  Kill: 1 0 3: GhostProkaznik killed Netord by MOD_SABER
[Mon May 08 17:12:09 2017]  Kill: 1022 1 41: <world> killed GhostProkaznik by MOD_TRIGGER_HURT
[Mon May 08 17:13:47 2017]  Kill: 1022 1 41: <world> killed GhostProkaznik by MOD_TRIGGER_HURT
[Mon May 08 17:14:11 2017]  Kill: 1 2 3: GhostProkaznik killed Hu3S0ss by MOD_SABER
[Mon May 08 17:14:19 2017]  Kill: 1 0 3: GhostProkaznik killed Netord by MOD_SABER
[Mon May 08 17:14:47 2017]  Kill: 1022 1 41: <world> killed GhostProkaznik by MOD_TRIGGER_HURT
[Mon May 08 17:16:16 2017]  Kill: 2 1 3: Hu3S0ss killed GhostProkaznik by MOD_SABER
[Mon May 08 17:16:26 2017]  Kill: 1 2 3: GhostProkaznik killed Hu3S0ss by MOD_SABER
[Mon May 08 17:16:52 2017]  Kill: 1 2 3: GhostProkaznik killed Hu3S0ss by MOD_SABER
[Mon May 08 17:17:23 2017]  Kill: 1 2 3: GhostProkaznik killed Hu3S0ss by MOD_SABER
[Mon May 08 17:17:48 2017]  Kill: 0 1 3: Netord killed GhostProkaznik by MOD_SABER
[Mon May 08 17:17:48 2017]  Kill: 2 0 3: Hu3S0ss killed Netord by MOD_SABER
[Mon May 08 17:18:03 2017]  Kill: 1 2 3: GhostProkaznik killed Hu3S0ss by MOD_SABER
[Mon May 08 17:18:19 2017]  Kill: 1 2 3: GhostProkaznik killed Hu3S0ss by MOD_SABER
[Mon May 08 17:18:29 2017]  Kill: 1 0 3: GhostProkaznik killed Netord by MOD_SABER
[Mon May 08 17:18:39 2017]  Kill: 1 2 3: GhostProkaznik killed Hu3S0ss by MOD_SABER
[Mon May 08 17:18:46 2017]  Kill: 0 2 3: Netord killed Hu3S0ss by MOD_SABER
[Mon May 08 17:18:48 2017]  Kill: 1 0 3: GhostProkaznik killed Netord by MOD_SABER
[Mon May 08 17:18:56 2017]  Kill: 2 1 3: Hu3S0ss killed GhostProkaznik by MOD_SABER
[Mon May 08 17:19:04 2017]  Kill: 0 2 3: Netord killed Hu3S0ss by MOD_SABER
[Mon May 08 17:19:06 2017]  Kill: 1 0 3: GhostProkaznik killed Netord by MOD_SABER
[Mon May 08 17:19:12 2017]  Kill: 1 2 3: GhostProkaznik killed Hu3S0ss by MOD_SABER
[Mon May 08 17:19:17 2017]  Kill: 0 1 3: Netord killed GhostProkaznik by MOD_SABER
[Mon May 08 17:19:32 2017]  Kill: 1 0 3: GhostProkaznik killed Netord by MOD_SABER
[Mon May 08 17:19:45 2017]  Kill: 0 1 3: Netord killed GhostProkaznik by MOD_SABER
[Mon May 08 17:19:54 2017]  Kill: 0 2 3: Netord killed Hu3S0ss by MOD_SABER
[Mon May 08 17:20:03 2017]  Kill: 0 1 3: Netord killed GhostProkaznik by MOD_SABER
[Mon May 08 17:20:10 2017]  Kill: 2 0 3: Hu3S0ss killed Netord by MOD_SABER
[Mon May 08 17:20:15 2017]  Kill: 1 2 3: GhostProkaznik killed Hu3S0ss by MOD_SABER
[Mon May 08 17:20:21 2017]  Kill: 1 0 3: GhostProkaznik killed Netord by MOD_SABER
[Mon May 08 17:20:46 2017]  Kill: 1 2 3: GhostProkaznik killed Hu3S0ss by MOD_SABER
[Mon May 08 17:20:59 2017]  Kill: 1 0 3: GhostProkaznik killed Netord by MOD_SABER
[Mon May 08 17:21:33 2017]  Kill: 1 0 41: GhostProkaznik killed Netord by MOD_TRIGGER_HURT
[Mon May 08 17:21:35 2017]  Kill: 1022 2 41: <world> killed Hu3S0ss by MOD_TRIGGER_HURT
[Mon May 08 17:21:50 2017]  Kill: 2 1 3: Hu3S0ss killed GhostProkaznik by MOD_SABER
[Mon May 08 17:21:53 2017]  Kill: 0 2 3: Netord killed Hu3S0ss by MOD_SABER
[Mon May 08 17:21:58 2017]  Kill: 1022 1 41: <world> killed GhostProkaznik by MOD_TRIGGER_HURT
[Mon May 08 17:22:04 2017]  Kill: 1 2 3: GhostProkaznik killed Hu3S0ss by MOD_SABER
[Mon May 08 17:22:08 2017]  Kill: 1022 0 41: <world> killed Netord by MOD_TRIGGER_HURT
[Mon May 08 17:22:09 2017]  Kill: 2 1 3: Hu3S0ss killed GhostProkaznik by MOD_SABER
[Mon May 08 17:22:16 2017]  Kill: 1 2 3: GhostProkaznik killed Hu3S0ss by MOD_SABER
[Mon May 08 17:22:19 2017]  Kill: 1022 0 41: <world> killed Netord by MOD_TRIGGER_HURT
[Mon May 08 17:22:21 2017]  Kill: 2 1 3: Hu3S0ss killed GhostProkaznik by MOD_SABER
[Mon May 08 17:22:30 2017]  Kill: 1022 2 41: <world> killed Hu3S0ss by MOD_TRIGGER_HURT
[Mon May 08 17:22:37 2017]  Kill: 1 2 3: GhostProkaznik killed Hu3S0ss by MOD_SABER
[Mon May 08 17:22:41 2017]  Kill: 1 0 3: GhostProkaznik killed Netord by MOD_SABER
[Mon May 08 17:22:46 2017]  Kill: 1 2 3: GhostProkaznik killed Hu3S0ss by MOD_SABER
[Mon May 08 17:22:56 2017]  Kill: 0 1 3: Netord killed GhostProkaznik by MOD_SABER
[Mon May 08 17:23:00 2017]  Kill: 2 0 3: Hu3S0ss killed Netord by MOD_SABER
[Mon May 08 17:23:08 2017]  Kill: 0 2 3: Netord killed Hu3S0ss by MOD_SABER
[Mon May 08 17:23:09 2017]  Kill: 1 0 3: GhostProkaznik killed Netord by MOD_SABER
[Mon May 08 17:23:29 2017]  Kill: 1 0 3: GhostProkaznik killed Netord by MOD_SABER
[Mon May 08 17:23:31 2017]  Kill: 2 1 3: Hu3S0ss killed GhostProkaznik by MOD_SABER
[Mon May 08 17:23:36 2017]  Kill: 1 2 3: GhostProkaznik killed Hu3S0ss by MOD_SABER
[Mon May 08 17:23:48 2017]  Kill: 1022 2 41: <world> killed Hu3S0ss by MOD_TRIGGER_HURT
[Mon May 08 17:24:00 2017]  Kill: 1022 0 41: <world> killed Netord by MOD_TRIGGER_HURT
[Mon May 08 17:24:02 2017]  Kill: 1 2 41: GhostProkaznik killed Hu3S0ss by MOD_TRIGGER_HURT
[Mon May 08 17:24:18 2017]  Kill: 1022 0 41: <world> killed Netord by MOD_TRIGGER_HURT
[Mon May 08 17:24:20 2017]  Kill: 1022 1 41: <world> killed GhostProkaznik by MOD_TRIGGER_HURT
[Mon May 08 17:24:21 2017]  Kill: 1022 2 41: <world> killed Hu3S0ss by MOD_TRIGGER_HURT
[Mon May 08 17:24:43 2017]  Kill: 2 0 3: Hu3S0ss killed Netord by MOD_SABER
[Mon May 08 17:24:49 2017]  Kill: 1 2 3: GhostProkaznik killed Hu3S0ss by MOD_SABER
[Mon May 08 17:25:01 2017]  Kill: 2 1 3: Hu3S0ss killed GhostProkaznik by MOD_SABER
[Mon May 08 17:25:15 2017]  Kill: 1 0 3: GhostProkaznik killed Netord by MOD_SABER
[Mon May 08 17:25:15 2017]  Kill: 2 1 3: Hu3S0ss killed GhostProkaznik by MOD_SABER
[Mon May 08 17:25:23 2017]  Kill: 0 2 3: Netord killed Hu3S0ss by MOD_SABER
[Mon May 08 17:25:26 2017]  Kill: 1 0 3: GhostProkaznik killed Netord by MOD_SABER
[Mon May 08 17:25:43 2017]  Kill: 2 1 3: Hu3S0ss killed GhostProkaznik by MOD_SABER
[Mon May 08 17:25:46 2017]  Kill: 2 0 3: Hu3S0ss killed Netord by MOD_SABER
[Mon May 08 17:25:56 2017]  Kill: 1 2 3: GhostProkaznik killed Hu3S0ss by MOD_SABER
[Mon May 08 17:26:19 2017]  Kill: 1 2 3: GhostProkaznik killed Hu3S0ss by MOD_SABER
[Mon May 08 17:26:33 2017]  Kill: 1 0 41: GhostProkaznik killed Netord by MOD_TRIGGER_HURT
[Mon May 08 17:26:37 2017]  Kill: 2 1 3: Hu3S0ss killed GhostProkaznik by MOD_SABER
[Mon May 08 17:27:10 2017]  Kill: 1 0 41: GhostProkaznik killed Netord by MOD_TRIGGER_HURT
[Mon May 08 17:27:13 2017]  Kill: 1 2 3: GhostProkaznik killed Hu3S0ss by MOD_SABER
[Mon May 08 17:27:45 2017]  Kill: 1 0 41: GhostProkaznik killed Netord by MOD_TRIGGER_HURT
[Mon May 08 17:27:47 2017]  Kill: 1 2 3: GhostProkaznik killed Hu3S0ss by MOD_SABER
[Mon May 08 17:28:07 2017]  Kill: 1 2 3: GhostProkaznik killed Hu3S0ss by MOD_SABER
[Mon May 08 17:28:15 2017]  Kill: 2 1 3: Hu3S0ss killed GhostProkaznik by MOD_SABER
[Mon May 08 17:28:32 2017]  Kill: 2 0 41: Hu3S0ss killed Netord by MOD_TRIGGER_HURT
[Mon May 08 17:28:38 2017]  Kill: 2 1 3: Hu3S0ss killed GhostProkaznik by MOD_SABER
[Mon May 08 17:28:48 2017]  Kill: 2 1 3: Hu3S0ss killed GhostProkaznik by MOD_SABER
[Mon May 08 17:28:55 2017]  Kill: 1022 1 41: <world> killed GhostProkaznik by MOD_TRIGGER_HURT
[Mon May 08 17:29:27 2017]  Kill: 2 1 3: Hu3S0ss killed GhostProkaznik by MOD_SABER
[Mon May 08 17:29:34 2017]  Kill: 1022 0 41: <world> killed Netord by MOD_TRIGGER_HURT
[Mon May 08 17:29:37 2017]  Kill: 2 1 3: Hu3S0ss killed GhostProkaznik by MOD_SABER
[Mon May 08 17:30:16 2017]  Kill: 1 0 3: GhostProkaznik killed Netord by MOD_SABER
[Mon May 08 17:30:25 2017]  Kill: 1022 0 41: <world> killed Netord by MOD_TRIGGER_HURT
[Mon May 08 17:30:54 2017]  Kill: 1 0 41: GhostProkaznik killed Netord by MOD_TRIGGER_HURT
[Mon May 08 17:31:14 2017]  Kill: 1022 0 41: <world> killed Netord by MOD_TRIGGER_HURT
[Mon May 08 17:31:23 2017]  Kill: 1022 2 41: <world> killed Hu3S0ss by MOD_TRIGGER_HURT
[Mon May 08 17:31:42 2017]  ClientDisconnect: 0
[Mon May 08 17:31:49 2017]  Kill: 2 1 3: Hu3S0ss killed GhostProkaznik by MOD_SABER
[Mon May 08 17:32:28 2017]  Kill: 2 1 3: Hu3S0ss killed GhostProkaznik by MOD_SABER
[Mon May 08 17:32:36 2017]  Kill: 1 2 3: GhostProkaznik killed Hu3S0ss by MOD_SABER
[Mon May 08 17:33:13 2017]  Kill: 2 1 3: Hu3S0ss killed GhostProkaznik by MOD_SABER
[Mon May 08 17:33:33 2017]  Kill: 1 2 3: GhostProkaznik killed Hu3S0ss by MOD_SABER
[Mon May 08 17:33:49 2017]  Kill: 1 2 3: GhostProkaznik killed Hu3S0ss by MOD_SABER
[Mon May 08 17:33:59 2017]  Kill: 1 2 3: GhostProkaznik killed Hu3S0ss by MOD_SABER
[Mon May 08 17:34:25 2017]  Kill: 1 2 3: GhostProkaznik killed Hu3S0ss by MOD_SABER
[Mon May 08 17:34:40 2017]  Kill: 1 2 3: GhostProkaznik killed Hu3S0ss by MOD_SABER
[Mon May 08 17:35:11 2017]  Kill: 1 2 3: GhostProkaznik killed Hu3S0ss by MOD_SABER
[Mon May 08 17:35:29 2017]  Kill: 1 2 3: GhostProkaznik killed Hu3S0ss by MOD_SABER
[Mon May 08 17:36:01 2017]  Kill: 2 1 3: Hu3S0ss killed GhostProkaznik by MOD_SABER
[Mon May 08 17:36:10 2017]  Kill: 2 1 3: Hu3S0ss killed GhostProkaznik by MOD_SABER
[Mon May 08 17:36:21 2017]  Kill: 2 1 3: Hu3S0ss killed GhostProkaznik by MOD_SABER
[Mon May 08 17:36:34 2017]  Kill: 1 2 3: GhostProkaznik killed Hu3S0ss by MOD_SABER
[Mon May 08 17:37:09 2017]  Kill: 1 2 3: GhostProkaznik killed Hu3S0ss by MOD_SABER
[Mon May 08 17:37:28 2017]  Kill: 1 2 3: GhostProkaznik killed Hu3S0ss by MOD_SABER
[Mon May 08 17:37:37 2017]  Kill: 1 2 3: GhostProkaznik killed Hu3S0ss by MOD_SABER
[Mon May 08 17:37:48 2017]  Kill: 1 2 3: GhostProkaznik killed Hu3S0ss by MOD_SABER
[Mon May 08 17:38:18 2017]  Kill: 1 2 3: GhostProkaznik killed Hu3S0ss by MOD_SABER
[Mon May 08 17:38:22 2017]  ClientDisconnect: 2
[Mon May 08 17:38:32 2017]  ClientDisconnect: 1
[Tue May 09 13:55:59 2017]  ClientConnect: 0
[Tue May 09 13:55:59 2017]  mlog:Player Padawan, connected. With IP - 88.255.245.247:29070 
[Tue May 09 13:56:05 2017]  ClientBegin: 0
[Tue May 09 14:36:23 2017]  ClientDisconnect: 0
[Tue May 09 14:41:29 2017]  ClientConnect: 0
[Tue May 09 14:41:29 2017]  mlog:Player Padawan, connected. With IP - 88.255.245.247:29070 
[Tue May 09 14:41:35 2017]  ClientConnect: 1
[Tue May 09 14:41:35 2017]  mlog:Player KosemNargileKafe, connected. With IP - 88.255.245.247:27975 
[Tue May 09 14:41:35 2017]  ClientBegin: 0
[Tue May 09 14:41:42 2017]  ClientBegin: 1
[Tue May 09 14:42:59 2017]  Kill: 0 1 3: Padawan killed KosemNargileKafe by MOD_SABER
[Tue May 09 14:43:29 2017]  Kill: 1022 0 38: <world> killed Padawan by MOD_FALLING
[Tue May 09 14:44:05 2017]  Kill: 0 1 3: Padawan killed KosemNargileKafe by MOD_SABER
[Tue May 09 14:44:39 2017]  Kill: 1 0 3: KosemNargileKafe killed Padawan by MOD_SABER
[Tue May 09 14:44:54 2017]  Kill: 0 1 41: Padawan killed KosemNargileKafe by MOD_TRIGGER_HURT
[Tue May 09 14:46:21 2017]  Kill: 1 0 3: KosemNargileKafe killed Padawan by MOD_SABER
[Tue May 09 14:47:03 2017]  Kill: 0 1 3: Padawan killed KosemNargileKafe by MOD_SABER
[Tue May 09 14:47:48 2017]  Kill: 1022 1 41: <world> killed KosemNargileKafe by MOD_TRIGGER_HURT
[Tue May 09 14:47:57 2017]  Kill: 1 0 3: KosemNargileKafe killed Padawan by MOD_SABER
[Tue May 09 14:48:23 2017]  Kill: 1 0 3: KosemNargileKafe killed Padawan by MOD_SABER
[Tue May 09 14:48:40 2017]  Kill: 1 0 3: KosemNargileKafe killed Padawan by MOD_SABER
[Tue May 09 14:48:48 2017]  Kill: 0 1 3: Padawan killed KosemNargileKafe by MOD_SABER
[Tue May 09 14:49:45 2017]  Kill: 1022 1 41: <world> killed KosemNargileKafe by MOD_TRIGGER_HURT
[Tue May 09 14:49:50 2017]  say: KosemNargileKafe: rrwwwwwwwwwwwwwwwwwwwwwwwwww
[Tue May 09 14:50:00 2017]  say: KosemNargileKafe: OBI ANAN
[Tue May 09 14:50:17 2017]  Kill: 0 1 3: Padawan killed KosemNargileKafe by MOD_SABER
[Tue May 09 14:50:32 2017]  Kill: 0 1 3: Padawan killed KosemNargileKafe by MOD_SABER
[Tue May 09 14:50:57 2017]  Kill: 1 0 3: KosemNargileKafe killed Padawan by MOD_SABER
[Tue May 09 14:51:06 2017]  Kill: 0 1 3: Padawan killed KosemNargileKafe by MOD_SABER
[Tue May 09 14:51:48 2017]  Kill: 1022 0 41: <world> killed Padawan by MOD_TRIGGER_HURT
[Tue May 09 14:51:55 2017]  Kill: 1022 1 41: <world> killed KosemNargileKafe by MOD_TRIGGER_HURT
[Tue May 09 14:52:09 2017]  Kill: 0 1 3: Padawan killed KosemNargileKafe by MOD_SABER
[Tue May 09 14:52:20 2017]  Kill: 0 1 3: Padawan killed KosemNargileKafe by MOD_SABER
[Tue May 09 14:52:31 2017]  Kill: 1022 1 41: <world> killed KosemNargileKafe by MOD_TRIGGER_HURT
[Tue May 09 14:53:36 2017]  Kill: 1 0 4: KosemNargileKafe killed Padawan by MOD_BRYAR_PISTOL
[Tue May 09 14:54:37 2017]  Kill: 1 0 3: KosemNargileKafe killed Padawan by MOD_SABER
[Tue May 09 14:55:09 2017]  Kill: 0 1 3: Padawan killed KosemNargileKafe by MOD_SABER
[Tue May 09 14:55:20 2017]  Kill: 0 1 3: Padawan killed KosemNargileKafe by MOD_SABER
[Tue May 09 14:56:07 2017]  Kill: 1 0 3: KosemNargileKafe killed Padawan by MOD_SABER
[Tue May 09 14:56:25 2017]  Kill: 0 1 3: Padawan killed KosemNargileKafe by MOD_SABER
[Tue May 09 14:57:01 2017]  Kill: 1 0 3: KosemNargileKafe killed Padawan by MOD_SABER
[Tue May 09 14:57:05 2017]  ClientDisconnect: 0
[Tue May 09 14:57:07 2017]  ClientDisconnect: 1
[Tue May 09 23:37:42 2017]  ClientConnect: 0
[Tue May 09 23:37:42 2017]  mlog:Player Kaziu, connected. With IP - 46.169.188.47:29070 
[Tue May 09 23:37:51 2017]  ClientBegin: 0
[Tue May 09 23:39:23 2017]  Kill: 1022 0 41: <world> killed Kaziu by MOD_TRIGGER_HURT
[Tue May 09 23:40:31 2017]  Kill: 1022 0 41: <world> killed Kaziu by MOD_TRIGGER_HURT
[Tue May 09 23:41:26 2017]  ClientDisconnect: 0
[Wed May 10 06:29:07 2017]  ClientConnect: 0
[Wed May 10 06:29:07 2017]  mlog:Player Lordckiller, connected. With IP - 128.138.13.79:29070 
[Wed May 10 06:29:12 2017]  ClientConnect: 1
[Wed May 10 06:29:12 2017]  mlog:Player BuckeyeNaiton14, connected. With IP - 75.70.150.176:29070 
[Wed May 10 06:29:14 2017]  ClientBegin: 0
[Wed May 10 06:29:16 2017]  ClientDisconnect: 1
[Wed May 10 06:29:34 2017]  ClientDisconnect: 0
[Wed May 10 17:26:46 2017]  ClientConnect: 0
[Wed May 10 17:26:46 2017]  mlog:Player Padawan, connected. With IP - 81.162.0.227:4607 
[Wed May 10 17:26:52 2017]  ClientBegin: 0
[Wed May 10 17:26:57 2017]  Kill: 0 0 39: Padawan killed Padawan by MOD_SUICIDE
[Wed May 10 17:26:57 2017]  setteam:  0 FREE SPECTATOR
[Wed May 10 17:26:57 2017]  ClientBegin: 0
[Wed May 10 17:27:02 2017]  setteam:  0 SPECTATOR FREE
[Wed May 10 17:27:02 2017]  ClientBegin: 0
[Wed May 10 17:28:30 2017]  print "Padawan^7 @@@PLRENAME KAMA
"[Wed May 10 17:28:38 2017]  Kill: 1022 0 41: <world> killed KAMA by MOD_TRIGGER_HURT
[Wed May 10 17:28:38 2017]  ClientConnect: 1
[Wed May 10 17:28:38 2017]  mlog:Player Darth Kama, connected. With IP - 46.160.22.13:29070 
[Wed May 10 17:28:47 2017]  ClientBegin: 1
[Wed May 10 17:29:14 2017]  print "nikita on air^7 @@@PLRENAME Darth Kama
"[Wed May 10 17:29:18 2017]  Kill: 1022 1 41: <world> killed Darth Kama by MOD_TRIGGER_HURT
[Wed May 10 17:29:37 2017]  Kill: 1 0 3: Darth Kama killed KAMA by MOD_SABER
[Wed May 10 17:29:52 2017]  Kill: 1 0 3: Darth Kama killed KAMA by MOD_SABER
[Wed May 10 17:30:05 2017]  Kill: 0 1 5: KAMA killed Darth Kama by MOD_BRYAR_PISTOL_ALT
[Wed May 10 17:30:37 2017]  Kill: 1 0 3: Darth Kama killed KAMA by MOD_SABER
[Wed May 10 17:30:46 2017]  Kill: 0 1 31: KAMA killed Darth Kama by MOD_FORCE_DARK
[Wed May 10 17:31:19 2017]  Kill: 1 0 3: Darth Kama killed KAMA by MOD_SABER
[Wed May 10 17:31:25 2017]  Kill: 1022 0 41: <world> killed KAMA by MOD_TRIGGER_HURT
[Wed May 10 17:31:33 2017]  Kill: 1022 1 41: <world> killed Darth Kama by MOD_TRIGGER_HURT
[Wed May 10 17:31:44 2017]  Kill: 1022 1 41: <world> killed Darth Kama by MOD_TRIGGER_HURT
[Wed May 10 17:31:57 2017]  Kill: 1 0 3: Darth Kama killed KAMA by MOD_SABER
[Wed May 10 17:32:15 2017]  Kill: 0 1 3: KAMA killed Darth Kama by MOD_SABER
[Wed May 10 17:32:32 2017]  Kill: 1 0 3: Darth Kama killed KAMA by MOD_SABER
[Wed May 10 17:33:19 2017]  Kill: 1 0 3: Darth Kama killed KAMA by MOD_SABER
[Wed May 10 17:33:57 2017]  Kill: 1022 1 38: <world> killed Darth Kama by MOD_FALLING
[Wed May 10 17:34:24 2017]  Kill: 1 0 5: Darth Kama killed KAMA by MOD_BRYAR_PISTOL_ALT
[Wed May 10 17:35:14 2017]  Kill: 0 1 41: KAMA killed Darth Kama by MOD_TRIGGER_HURT
[Wed May 10 17:35:27 2017]  Kill: 1 0 5: Darth Kama killed KAMA by MOD_BRYAR_PISTOL_ALT
[Wed May 10 17:35:34 2017]  Kill: 0 1 5: KAMA killed Darth Kama by MOD_BRYAR_PISTOL_ALT
[Wed May 10 17:36:22 2017]  Kill: 1 0 3: Darth Kama killed KAMA by MOD_SABER
[Wed May 10 17:36:31 2017]  Kill: 0 1 3: KAMA killed Darth Kama by MOD_SABER
[Wed May 10 17:37:16 2017]  Kill: 1022 1 41: <world> killed Darth Kama by MOD_TRIGGER_HURT
[Wed May 10 17:37:18 2017]  Kill: 1022 0 41: <world> killed KAMA by MOD_TRIGGER_HURT
[Wed May 10 17:37:37 2017]  Kill: 1 0 31: Darth Kama killed KAMA by MOD_FORCE_DARK
[Wed May 10 17:37:56 2017]  Kill: 0 1 3: KAMA killed Darth Kama by MOD_SABER
[Wed May 10 17:38:11 2017]  Kill: 0 1 3: KAMA killed Darth Kama by MOD_SABER
[Wed May 10 17:38:21 2017]  Kill: 1 0 31: Darth Kama killed KAMA by MOD_FORCE_DARK
[Wed May 10 17:38:37 2017]  Kill: 1022 1 41: <world> killed Darth Kama by MOD_TRIGGER_HURT
[Wed May 10 17:39:31 2017]  Kill: 1 0 3: Darth Kama killed KAMA by MOD_SABER
[Wed May 10 17:40:01 2017]  Kill: 1 0 3: Darth Kama killed KAMA by MOD_SABER
[Wed May 10 17:40:09 2017]  Kill: 1022 1 41: <world> killed Darth Kama by MOD_TRIGGER_HURT
[Wed May 10 17:40:10 2017]  Kill: 1022 0 41: <world> killed KAMA by MOD_TRIGGER_HURT
[Wed May 10 17:40:47 2017]  Kill: 1 0 3: Darth Kama killed KAMA by MOD_SABER
[Wed May 10 17:41:24 2017]  Kill: 1022 0 41: <world> killed KAMA by MOD_TRIGGER_HURT
[Wed May 10 17:41:30 2017]  Kill: 1022 1 41: <world> killed Darth Kama by MOD_TRIGGER_HURT
[Wed May 10 17:41:54 2017]  Kill: 0 1 3: KAMA killed Darth Kama by MOD_SABER
[Wed May 10 17:42:02 2017]  Kill: 0 1 3: KAMA killed Darth Kama by MOD_SABER
[Wed May 10 17:42:08 2017]  Kill: 0 1 3: KAMA killed Darth Kama by MOD_SABER
[Wed May 10 17:42:50 2017]  Kill: 0 1 3: KAMA killed Darth Kama by MOD_SABER
[Wed May 10 17:42:59 2017]  Kill: 1022 1 41: <world> killed Darth Kama by MOD_TRIGGER_HURT
[Wed May 10 17:43:01 2017]  Kill: 1022 0 41: <world> killed KAMA by MOD_TRIGGER_HURT
[Wed May 10 17:43:26 2017]  Kill: 1022 0 41: <world> killed KAMA by MOD_TRIGGER_HURT
[Wed May 10 17:43:49 2017]  Kill: 0 1 3: KAMA killed Darth Kama by MOD_SABER
[Wed May 10 17:44:18 2017]  say: Darth Kama: assaaqq aw11
[Wed May 10 17:44:37 2017]  say: Darth Kama: wd
[Wed May 10 17:44:57 2017]  Kill: 1 0 5: Darth Kama killed KAMA by MOD_BRYAR_PISTOL_ALT
[Wed May 10 17:45:13 2017]  Kill: 0 1 3: KAMA killed Darth Kama by MOD_SABER
[Wed May 10 17:45:51 2017]  Kill: 0 1 5: KAMA killed Darth Kama by MOD_BRYAR_PISTOL_ALT
[Wed May 10 17:46:03 2017]  Kill: 1 0 3: Darth Kama killed KAMA by MOD_SABER
[Wed May 10 17:46:19 2017]  Kill: 1 0 3: Darth Kama killed KAMA by MOD_SABER
[Wed May 10 17:46:45 2017]  Kill: 1 0 3: Darth Kama killed KAMA by MOD_SABER
[Wed May 10 17:47:34 2017]  Kill: 0 1 3: KAMA killed Darth Kama by MOD_SABER
[Wed May 10 17:47:39 2017]  ClientDisconnect: 1
[Wed May 10 17:47:45 2017]  ClientDisconnect: 0
[Wed May 10 23:39:55 2017]  ClientConnect: 0
[Wed May 10 23:39:55 2017]  mlog:Player ^0Shadow^5seer, connected. With IP - 93.185.27.198:-11045 
[Wed May 10 23:40:02 2017]  ClientBegin: 0
[Wed May 10 23:40:28 2017]  Kill: 0 0 39: ^0Shadow^5seer killed ^0Shadow^5seer by MOD_SUICIDE
[Wed May 10 23:40:34 2017]  Item: 0 weapon_melee
[Wed May 10 23:41:00 2017]  ShutdownGame:
[Wed May 10 23:41:00 2017]  ------------------------------------------------------------
