[Wed May 10 23:41:03 2017]  ------------------------------------------------------------
[Wed May 10 23:41:03 2017]  InitGame: \dmflags\0\fraglimit\0\timelimit\0\capturelimit\0\g_privateDuel\1\g_saberLocking\1\g_maxForceRank\7\duel_fraglimit\10\g_forceBasedTeams\0\g_duelWeaponDisable\65531\sv_hostname\^3Darkquake's Makermod Server\sv_maxclients\32\sv_maxRate\5000\sv_minPing\0\sv_maxPing\0\sv_floodProtect\0\sv_allowDownload\0\bot_minplayers\0\g_allowNPC\1\g_weaponDisable\0\g_forcePowerDisable\0\g_forceRegenTime\0\g_siegeTeamSwitch\1\g_siegeRespawn\20\g_debugMelee\1\g_noSpecMove\0\g_maxGameClients\0\g_jediVmerc\0\g_siegeTeam1\none\g_siegeTeam2\none\version\(internal)JAmp: v1.0.1.0 win-x86 Oct 30 2003\g_maxHolocronCarry\3\g_gametype\0\g_needpass\0\protocol\26\mapname\t2_trip\sv_privateClients\0\g_stepSlideFix\1\gamename\MakerMod\g_saberWallDamageScale\0.4\bg_fighterAltControl\0\g_showDuelHealths\0
[Wed May 10 23:41:04 2017]  ClientConnect: 0
[Wed May 10 23:41:19 2017]  ClientBegin: 0
[Wed May 10 23:41:52 2017]  Item: 0 weapon_melee
[Wed May 10 23:42:01 2017]  ClientDisconnect: 0
[Wed May 10 23:44:06 2017]  ClientConnect: 0
[Wed May 10 23:44:06 2017]  mlog:Player ^0Shadow^5seer, connected. With IP - 93.185.27.198:-11045 
[Wed May 10 23:44:23 2017]  ClientBegin: 0
[Wed May 10 23:44:37 2017]  Item: 0 weapon_melee
[Wed May 10 23:46:59 2017]  say: ^0Shadow^5seer: ^5Banshee Scream!
[Wed May 10 23:47:03 2017]  say: ^0Shadow^5seer: ^5Banshee Scream!
[Wed May 10 23:49:55 2017]  ClientDisconnect: 0
[Thu May 11 09:46:18 2017]  ClientConnect: 0
[Thu May 11 09:46:18 2017]  mlog:Player ^1DOOM ^0Slayer, connected. With IP - 77.222.115.48:29070 
[Thu May 11 09:46:43 2017]  ClientBegin: 0
[Thu May 11 09:46:59 2017]  ClientConnect: 1
[Thu May 11 09:46:59 2017]  mlog:Player Luxus, connected. With IP - 85.26.232.24:-7883 
[Thu May 11 09:47:26 2017]  print "Padawan^7 @@@PLRENAME ^0^=^4Co!d^0-^1Fury^0=
"[Thu May 11 09:47:28 2017]  ClientBegin: 1
[Thu May 11 09:47:32 2017]  print "^0^=^4Co!d^0-^1Fury^0=^7 @@@PLRENAME ^0'=^4Co!d^0-^1Fury^0='
"[Thu May 11 09:47:53 2017]  say: Luxus: смотри
[Thu May 11 09:47:56 2017]  say: Luxus: видео смотрел?
[Thu May 11 09:48:05 2017]  say: Luxus: саб
[Thu May 11 09:48:10 2017]  say: ^0'=^4Co!d^0-^1Fury^0=': не полностью
[Thu May 11 09:48:15 2017]  say: Luxus: посмотри)
[Thu May 11 09:48:15 2017]  say: ^0'=^4Co!d^0-^1Fury^0=': какого хуя
[Thu May 11 09:48:27 2017]  say: ^0'=^4Co!d^0-^1Fury^0=': тут неиту бликолв от мечей
[Thu May 11 09:48:31 2017]  say: Luxus: god бесмертие
[Thu May 11 09:48:38 2017]  Kill: 1 0 3: Luxus killed ^0'=^4Co!d^0-^1Fury^0=' by MOD_SABER
[Thu May 11 09:48:42 2017]  say: Luxus: тут это просто есть
[Thu May 11 09:48:51 2017]  say: Luxus: тут я уже не помню бинды
[Thu May 11 09:48:56 2017]  say: Luxus: ты погоди пока основайся
[Thu May 11 09:48:59 2017]  say: Luxus: иди пока видос посмотри
[Thu May 11 09:49:01 2017]  say: ^0'=^4Co!d^0-^1Fury^0=': без биндов тут ловить нехуй
[Thu May 11 09:49:02 2017]  say: Luxus: я бинды поищу
[Thu May 11 09:49:05 2017]  say: Luxus: нет можно
[Thu May 11 09:49:07 2017]  say: Luxus: в видео
[Thu May 11 09:49:11 2017]  say: Luxus: тебе же описали
[Thu May 11 09:49:14 2017]  say: Luxus: как да что
[Thu May 11 09:49:17 2017]  say: Luxus: 28хп
[Thu May 11 09:49:19 2017]  Kill: 0 1 3: ^0'=^4Co!d^0-^1Fury^0=' killed Luxus by MOD_SABER
[Thu May 11 09:49:20 2017]  say: Luxus: ты издеваешься)
[Thu May 11 09:49:29 2017]  say: Luxus: посмотрю пока бинд
[Thu May 11 09:50:43 2017]  Kill: 0 1 3: ^0'=^4Co!d^0-^1Fury^0=' killed Luxus by MOD_SABER
[Thu May 11 09:55:48 2017]  ClientDisconnect: 1
[Thu May 11 09:58:27 2017]  ClientConnect: 1
[Thu May 11 09:58:27 2017]  mlog:Player Luxus, connected. With IP - 85.26.232.24:-25918 
[Thu May 11 09:58:55 2017]  ClientBegin: 1
[Thu May 11 09:59:29 2017]  say: Luxus: ооо да детка)
[Thu May 11 09:59:37 2017]  say: Luxus: смотри и завидуй)
[Thu May 11 09:59:51 2017]  Kill: 1 0 31: Luxus killed ^0'=^4Co!d^0-^1Fury^0=' by MOD_FORCE_DARK
[Thu May 11 09:59:57 2017]  say: ^0'=^4Co!d^0-^1Fury^0=': чему
[Thu May 11 09:59:59 2017]  say: ^0'=^4Co!d^0-^1Fury^0=': лучше бы показал
[Thu May 11 10:00:01 2017]  say: ^0'=^4Co!d^0-^1Fury^0=': как сторить
[Thu May 11 10:00:05 2017]  say: ^0'=^4Co!d^0-^1Fury^0=': строить*
[Thu May 11 10:00:16 2017]  say: Luxus: щас разбирусь
[Thu May 11 10:01:36 2017]  say: Luxus: ща
[Thu May 11 10:01:39 2017]  ClientDisconnect: 1
[Thu May 11 10:01:39 2017]  ClientDisconnect: 1
[Thu May 11 10:01:39 2017]  ClientConnect: 1
[Thu May 11 10:01:39 2017]  mlog:Player Luxus, connected. With IP - 85.26.232.24:-25918 
[Thu May 11 10:01:52 2017]  ClientBegin: 1
[Thu May 11 10:02:06 2017]  say: ^0'=^4Co!d^0-^1Fury^0=': минимайхер себюе скаачай
[Thu May 11 10:02:10 2017]  say: ^0'=^4Co!d^0-^1Fury^0=': чтобы джа сворачивать
[Thu May 11 10:02:19 2017]  say: Luxus: вот
[Thu May 11 10:03:32 2017]  say: Luxus: не то)
[Thu May 11 10:04:04 2017]  say: Luxus: Ааааа
[Thu May 11 10:04:09 2017]  say: Luxus: ищу
[Thu May 11 10:04:13 2017]  say: Luxus: меню большое
[Thu May 11 10:04:41 2017]  say: Luxus: СУКА
[Thu May 11 10:04:47 2017]  say: Luxus: как это делать
[Thu May 11 10:04:49 2017]  say: Luxus: раньше делал
[Thu May 11 10:04:50 2017]  Kill: 1 0 3: Luxus killed ^0'=^4Co!d^0-^1Fury^0=' by MOD_SABER
[Thu May 11 10:05:35 2017]  say: ^0'=^4Co!d^0-^1Fury^0=': армреслинг лол
[Thu May 11 10:05:47 2017]  Kill: 1 0 3: Luxus killed ^0'=^4Co!d^0-^1Fury^0=' by MOD_SABER
[Thu May 11 10:06:05 2017]  say: Luxus: пздц
[Thu May 11 10:06:10 2017]  say: Luxus: лан щас попытаюсь
[Thu May 11 10:06:14 2017]  Kill: 1 0 3: Luxus killed ^0'=^4Co!d^0-^1Fury^0=' by MOD_SABER
[Thu May 11 10:06:26 2017]  say: ^0'=^4Co!d^0-^1Fury^0=': оставь
[Thu May 11 10:06:28 2017]  say: ^0'=^4Co!d^0-^1Fury^0=': лол
[Thu May 11 10:06:28 2017]  Kill: 1 0 3: Luxus killed ^0'=^4Co!d^0-^1Fury^0=' by MOD_SABER
[Thu May 11 10:06:31 2017]  say: ^0'=^4Co!d^0-^1Fury^0=': бля
[Thu May 11 10:08:05 2017]  say: Luxus: сука пздц
[Thu May 11 10:08:07 2017]  say: Luxus: иди сюда
[Thu May 11 10:08:09 2017]  say: Luxus: кое чего покажу
[Thu May 11 10:08:38 2017]  Kill: 0 1 3: ^0'=^4Co!d^0-^1Fury^0=' killed Luxus by MOD_SABER
[Thu May 11 10:08:40 2017]  say: ^0'=^4Co!d^0-^1Fury^0=': упс
[Thu May 11 10:08:48 2017]  say: ^0'=^4Co!d^0-^1Fury^0=': бля
[Thu May 11 10:08:53 2017]  say: ^0'=^4Co!d^0-^1Fury^0=': в готику чтоли зарубитьсяч
[Thu May 11 10:09:03 2017]  say: Luxus: блять ну спасибо тебе
[Thu May 11 10:09:06 2017]  say: Luxus: только нашел и ты убил
[Thu May 11 10:09:09 2017]  say: Luxus: и вылетело меню
[Thu May 11 10:09:09 2017]  say: ^0'=^4Co!d^0-^1Fury^0=': че нашел
[Thu May 11 10:09:14 2017]  say: ^0'=^4Co!d^0-^1Fury^0=': странно
[Thu May 11 10:09:20 2017]  say: Luxus: как x-wing поставить
[Thu May 11 10:09:59 2017]  say: Luxus: ну сука!!!!
[Thu May 11 10:10:28 2017]  say: Luxus: аааа
[Thu May 11 10:10:36 2017]  say: Luxus: тут нельзя строить
[Thu May 11 10:10:37 2017]  say: Luxus: пишит
[Thu May 11 10:10:39 2017]  say: Luxus: такие
[Thu May 11 10:10:41 2017]  say: Luxus: ладно другое
[Thu May 11 10:10:46 2017]  ClientDisconnect: 1
[Thu May 11 10:10:53 2017]  ClientConnect: 1
[Thu May 11 10:10:53 2017]  mlog:Player Luxus, connected. With IP - 85.26.232.24:-25918 
[Thu May 11 10:11:01 2017]  say: ^0'=^4Co!d^0-^1Fury^0=': ладн крч
[Thu May 11 10:11:05 2017]  say: ^0'=^4Co!d^0-^1Fury^0=': я если че в скайпе
[Thu May 11 10:11:06 2017]  ClientBegin: 1
[Thu May 11 10:11:09 2017]  say: ^0'=^4Co!d^0-^1Fury^0=': как разберешься пиши
[Thu May 11 10:11:13 2017]  ClientDisconnect: 0
[Thu May 11 10:11:31 2017]  say: Luxus: прикол
[Thu May 11 10:17:33 2017]  ClientConnect: 0
[Thu May 11 10:17:33 2017]  mlog:Player Padawan, connected. With IP - 77.222.115.48:29070 
[Thu May 11 10:18:07 2017]  ClientBegin: 0
[Thu May 11 10:18:12 2017]  say: Luxus: CVJNHB
[Thu May 11 10:18:14 2017]  say: Luxus: СМОТРИ
[Thu May 11 10:18:35 2017]  say: ^0'=^4Co!d^0-^1Fury^0=': hi
[Thu May 11 10:18:39 2017]  say: ^0'=^4Co!d^0-^1Fury^0=': ы
[Thu May 11 10:18:49 2017]  say: Luxus: во
[Thu May 11 10:18:53 2017]  say: Luxus: ахахаха
[Thu May 11 10:18:55 2017]  say: Luxus: норм?
[Thu May 11 10:19:09 2017]  say: ^0'=^4Co!d^0-^1Fury^0=': все равно скажу я тебе
[Thu May 11 10:19:18 2017]  say: ^0'=^4Co!d^0-^1Fury^0=': что тут объекты ограничены
[Thu May 11 10:19:22 2017]  say: ^0'=^4Co!d^0-^1Fury^0=': тем что сделал автор
[Thu May 11 10:19:29 2017]  say: Luxus: нет вроде
[Thu May 11 10:19:30 2017]  say: ^0'=^4Co!d^0-^1Fury^0=': если хочешь реально делать карты
[Thu May 11 10:19:33 2017]  say: ^0'=^4Co!d^0-^1Fury^0=': строить итп
[Thu May 11 10:19:35 2017]  say: ^0'=^4Co!d^0-^1Fury^0=': нет говоришь
[Thu May 11 10:19:41 2017]  say: Luxus: аа ты про саму карту)
[Thu May 11 10:19:46 2017]  say: Luxus: я думал обустроить
[Thu May 11 10:19:59 2017]  say: Luxus: тут карты можно изменять
[Thu May 11 10:20:07 2017]  say: ^0'=^4Co!d^0-^1Fury^0=': тогда заебашь башню из круглых костей с черепом вверху в огне красного цвета с огнями на лестницах
[Thu May 11 10:20:08 2017]  say: Luxus: не изменяй
[Thu May 11 10:20:21 2017]  say: Luxus: это трудно)
[Thu May 11 10:20:24 2017]  say: Luxus: надо учится
[Thu May 11 10:20:25 2017]  say: ^0'=^4Co!d^0-^1Fury^0=': нереально
[Thu May 11 10:20:29 2017]  say: Luxus: реально
[Thu May 11 10:20:30 2017]  say: ^0'=^4Co!d^0-^1Fury^0=': потому что предметов таких нет
[Thu May 11 10:20:30 2017]  say: Luxus: но трудно
[Thu May 11 10:20:33 2017]  say: ^0'=^4Co!d^0-^1Fury^0=': как
[Thu May 11 10:20:38 2017]  say: ^0'=^4Co!d^0-^1Fury^0=': все равно обхекты
[Thu May 11 10:20:40 2017]  say: Luxus: все придметы есть
[Thu May 11 10:20:41 2017]  say: ^0'=^4Co!d^0-^1Fury^0=': ты не сам рисуешь
[Thu May 11 10:20:48 2017]  say: ^0'=^4Co!d^0-^1Fury^0=': а пользуешься теми что дал автор этого мода
[Thu May 11 10:21:13 2017]  say: Luxus: блет
[Thu May 11 10:21:15 2017]  say: ^0'=^4Co!d^0-^1Fury^0=': как это называлось забыл
[Thu May 11 10:21:17 2017]  say: ^0'=^4Co!d^0-^1Fury^0=': короче
[Thu May 11 10:21:21 2017]  say: ^0'=^4Co!d^0-^1Fury^0=': в скайп тебе кину
[Thu May 11 10:21:26 2017]  say: Luxus: вот)
[Thu May 11 10:21:28 2017]  say: ^0'=^4Co!d^0-^1Fury^0=': неее
[Thu May 11 10:21:32 2017]  say: ^0'=^4Co!d^0-^1Fury^0=': надо прямо
[Thu May 11 10:21:34 2017]  say: Luxus: камень)
[Thu May 11 10:21:35 2017]  say: ^0'=^4Co!d^0-^1Fury^0=': как в думе
[Thu May 11 10:21:45 2017]  say: ^0'=^4Co!d^0-^1Fury^0=': большая лестница вверх итп
[Thu May 11 10:21:50 2017]  say: ^0'=^4Co!d^0-^1Fury^0=': но уже хотя бы что то
[Thu May 11 10:22:06 2017]  say: Luxus: тут базы можно строить
[Thu May 11 10:22:12 2017]  say: Luxus: я раньше построил
[Thu May 11 10:22:14 2017]  say: Luxus: но забыл(((
[Thu May 11 10:22:16 2017]  say: Luxus: пароль 
[Thu May 11 10:22:18 2017]  say: Luxus: от нее
[Thu May 11 10:22:24 2017]  say: Luxus: пипец она была большая
[Thu May 11 10:23:00 2017]  say: Luxus: айда ка щас найду как лестницу передвигать
[Thu May 11 10:23:02 2017]  say: Luxus: погоди
[Thu May 11 10:23:22 2017]  say: Luxus: так все убрал
[Thu May 11 10:23:30 2017]  say: Luxus: щас найду сек
[Thu May 11 10:24:41 2017]  say: Luxus: да нуу(
[Thu May 11 10:24:49 2017]  say: Luxus: тут нельзя ставить платформу(
[Thu May 11 10:24:52 2017]  say: Luxus: лан щас другое замучу
[Thu May 11 10:25:39 2017]  say: ^0'=^4Co!d^0-^1Fury^0=': все равно
[Thu May 11 10:25:52 2017]  say: ^0'=^4Co!d^0-^1Fury^0=': если строить карты то по полной и не играничиваться тем что дал автор
[Thu May 11 10:26:04 2017]  say: ^0'=^4Co!d^0-^1Fury^0=': это как Spore если играл
[Thu May 11 10:26:15 2017]  say: ^0'=^4Co!d^0-^1Fury^0=': там можно самому существ здания итп делать
[Thu May 11 10:26:20 2017]  say: ^0'=^4Co!d^0-^1Fury^0=': но потом в конце понимаешь
[Thu May 11 10:26:38 2017]  say: ^0'=^4Co!d^0-^1Fury^0=': что сами по себе фигурки из которых ты делаешь что либо - ограничены
[Thu May 11 10:27:05 2017]  say: Luxus: лан я показал)
[Thu May 11 10:27:16 2017]  say: ^0'=^4Co!d^0-^1Fury^0=': кинь видео с биндами
[Thu May 11 10:27:22 2017]  say: ^0'=^4Co!d^0-^1Fury^0=': итп в скайп
[Thu May 11 10:27:26 2017]  say: ^0'=^4Co!d^0-^1Fury^0=': а я тебе прогу название
[Thu May 11 10:27:28 2017]  say: ^0'=^4Co!d^0-^1Fury^0=': с видосом
[Thu May 11 10:27:33 2017]  say: ^0'=^4Co!d^0-^1Fury^0=': все я скайп
[Thu May 11 10:27:35 2017]  ClientDisconnect: 0
[Thu May 11 10:27:45 2017]  ClientDisconnect: 1
[Sat May 13 18:48:46 2017]  ClientConnect: 0
[Sat May 13 18:48:46 2017]  mlog:Player Danger, connected. With IP - 5.164.52.16:29070 
[Sat May 13 18:52:15 2017]  ClientDisconnect: 0
[Sat May 13 20:02:45 2017]  ClientConnect: 0
[Sat May 13 20:02:45 2017]  mlog:Player SNAY3R, connected. With IP - 5.18.52.148:29070 
[Sat May 13 20:03:07 2017]  ClientBegin: 0
[Sat May 13 20:03:16 2017]  ClientConnect: 1
[Sat May 13 20:03:16 2017]  mlog:Player Жизнь ворам , connected. With IP - 5.18.62.102:29070 
[Sat May 13 20:03:36 2017]  ClientBegin: 1
[Sat May 13 20:03:41 2017]  ClientConnect: 2
[Sat May 13 20:03:41 2017]  mlog:Player Padawan, connected. With IP - 109.205.252.44:1403 
[Sat May 13 20:04:02 2017]  Kill: 0 1 3: Padawan killed Padawan by MOD_SABER
[Sat May 13 20:04:14 2017]  ClientBegin: 2
[Sat May 13 20:04:23 2017]  Kill: 0 1 3: Padawan killed Padawan by MOD_SABER
[Sat May 13 20:04:25 2017]  Kill: 1 2 37: Padawan killed Padawan by MOD_TELEFRAG
[Sat May 13 20:05:19 2017]  ClientDisconnect: 0
[Sat May 13 20:06:06 2017]  ClientDisconnect: 1
[Sat May 13 20:06:16 2017]  ClientDisconnect: 2
[Sat May 13 21:31:14 2017]  ClientConnect: 0
[Sat May 13 21:31:14 2017]  mlog:Player Constantine, connected. With IP - 88.237.205.127:29070 
[Sat May 13 21:31:40 2017]  ClientBegin: 0
[Sat May 13 21:33:27 2017]  ClientDisconnect: 0
[Mon May 15 19:09:20 2017]  ClientConnect: 0
[Mon May 15 19:09:20 2017]  mlog:Player MapKoBHa_xo4eT_ecTb, connected. With IP - 93.84.200.7:10442 
[Mon May 15 19:09:43 2017]  ClientBegin: 0
[Mon May 15 19:10:22 2017]  say: MapKoBHa_xo4eT_ecTb: tt
[Mon May 15 19:10:28 2017]  say: MapKoBHa_xo4eT_ecTb: t
[Mon May 15 19:11:39 2017]  say: MapKoBHa_xo4eT_ecTb: helpusobi 1
[Mon May 15 19:14:13 2017]  ClientConnect: 1
[Mon May 15 19:14:13 2017]  mlog:Player MeТаЛисТ_В_ТанКе, connected. With IP - 93.84.227.197:6734 
[Mon May 15 19:14:51 2017]  say: MapKoBHa_xo4eT_ecTb: ГАМАЙ НОКЛИП
[Mon May 15 19:15:35 2017]  ClientBegin: 1
[Mon May 15 19:16:11 2017]  say: MapKoBHa_xo4eT_ecTb: убей
[Mon May 15 19:16:20 2017]  Kill: 0 1 3: MapKoBHa_xo4eT_ecTb killed KPaB4eHKo_Toje_ xO4et... by MOD_SABER
[Mon May 15 19:17:01 2017]  say: MapKoBHa_xo4eT_ecTb: найду по интереснее?
[Mon May 15 19:17:08 2017]  say: KPaB4eHKo_Toje_ xO4et...: нет
[Mon May 15 19:17:10 2017]  say: MapKoBHa_xo4eT_ecTb: ГО?
[Mon May 15 19:17:19 2017]  say: MapKoBHa_xo4eT_ecTb: еубей
[Mon May 15 19:17:22 2017]  say: MapKoBHa_xo4eT_ecTb: меня
[Mon May 15 19:17:34 2017]  Kill: 0 1 3: MapKoBHa_xo4eT_ecTb killed KPaB4eHKo_Toje_ xO4et... by MOD_SABER
[Mon May 15 19:17:42 2017]  say: MapKoBHa_xo4eT_ecTb: я говорю убей
[Mon May 15 19:17:48 2017]  say: MapKoBHa_xo4eT_ecTb: ее
[Mon May 15 19:17:52 2017]  say: MapKoBHa_xo4eT_ecTb: я хавать
[Mon May 15 19:18:00 2017]  say: MapKoBHa_xo4eT_ecTb: можешь поискать новый серв
[Mon May 15 19:18:01 2017]  Kill: 1 0 3: KPaB4eHKo_Toje_ xO4et... killed MapKoBHa_xo4eT_ecTb by MOD_SABER
[Mon May 15 19:18:12 2017]  say: KPaB4eHKo_Toje_ xO4et...: я спать иду щас
[Mon May 15 19:18:38 2017]  say: MapKoBHa_xo4eT_ecTb:  я все
[Mon May 15 19:18:45 2017]  say: MapKoBHa_xo4eT_ecTb: скайп...
[Mon May 15 19:18:49 2017]  ClientDisconnect: 0
[Mon May 15 19:20:42 2017]  ClientDisconnect: 1
[Thu May 18 20:19:58 2017]  ClientConnect: 0
[Thu May 18 20:19:58 2017]  mlog:Player Padawan, connected. With IP - 178.22.199.14:29070 
[Thu May 18 20:20:19 2017]  ClientBegin: 0
[Thu May 18 20:21:12 2017]  print "Padawan^7 @@@PLRENAME rkz
"[Thu May 18 20:24:44 2017]  ClientDisconnect: 0
