[Fri May 05 03:48:59 2017]  ------------------------------------------------------------
[Fri May 05 03:48:59 2017]  InitGame: \g_siegeTeam2\none\g_siegeTeam1\none\g_jediVmerc\0\g_maxGameClients\0\g_noSpecMove\0\g_debugMelee\1\g_siegeRespawn\20\g_siegeTeamSwitch\1\g_forceRegenTime\0\g_forcePowerDisable\0\g_weaponDisable\0\g_allowNPC\1\bot_minplayers\0\sv_allowDownload\0\sv_floodProtect\0\sv_maxPing\0\sv_minPing\0\sv_maxRate\5000\sv_maxclients\32\sv_hostname\^3Darkquake's Makermod Server\g_duelWeaponDisable\65531\g_forceBasedTeams\0\duel_fraglimit\10\g_maxForceRank\7\g_saberLocking\1\g_privateDuel\1\capturelimit\0\timelimit\0\fraglimit\0\dmflags\0\version\(internal)JAmp: v1.0.1.0 win-x86 Oct 30 2003\g_maxHolocronCarry\3\g_gametype\0\g_needpass\0\protocol\26\mapname\mp/ffa4\sv_privateClients\0\g_stepSlideFix\1\gamename\MakerMod\g_saberWallDamageScale\0.4\bg_fighterAltControl\0\g_showDuelHealths\0
[Fri May 05 03:49:00 2017]  SpawnEntities: no entities[Fri May 05 03:49:00 2017]  ShutdownGame:
[Fri May 05 03:49:00 2017]  ------------------------------------------------------------
[Fri May 05 16:02:36 2017]  ------------------------------------------------------------
[Fri May 05 16:02:36 2017]  InitGame: \dmflags\0\fraglimit\0\timelimit\120\capturelimit\0\g_privateDuel\1\g_saberLocking\1\g_maxForceRank\999\duel_fraglimit\10\g_forceBasedTeams\0\g_duelWeaponDisable\65531\sv_hostname\^3Darkquake's Makermod Server\sv_maxclients\32\sv_maxRate\5000\sv_minPing\0\sv_maxPing\0\sv_floodProtect\0\sv_allowDownload\0\g_allowNPC\1\g_weaponDisable\0\g_forcePowerDisable\0\g_forceRegenTime\1\g_siegeTeamSwitch\1\g_siegeRespawn\20\g_debugMelee\1\g_noSpecMove\0\g_maxGameClients\0\g_jediVmerc\0\g_siegeTeam1\none\g_siegeTeam2\none\version\(internal)JAmp: v1.0.1.0 win-x86 Oct 30 2003\g_maxHolocronCarry\3\g_gametype\0\g_needpass\0\protocol\26\mapname\t2_trip\sv_privateClients\0\g_stepSlideFix\1\gamename\MakerMod\g_saberWallDamageScale\0.4\bg_fighterAltControl\0\g_showDuelHealths\0
[Fri May 05 16:30:28 2017]  ------------------------------------------------------------
[Fri May 05 16:30:28 2017]  InitGame: \g_siegeTeam2\none\g_siegeTeam1\none\g_jediVmerc\0\g_maxGameClients\0\g_noSpecMove\0\g_debugMelee\1\g_siegeRespawn\20\g_siegeTeamSwitch\1\g_forceRegenTime\1\g_forcePowerDisable\0\g_weaponDisable\0\g_allowNPC\1\sv_allowDownload\0\sv_floodProtect\0\sv_maxPing\0\sv_minPing\0\sv_maxRate\5000\sv_maxclients\32\sv_hostname\^3Darkquake's Makermod Server\g_duelWeaponDisable\65531\g_forceBasedTeams\0\duel_fraglimit\10\g_maxForceRank\999\g_saberLocking\1\g_privateDuel\1\capturelimit\0\timelimit\120\fraglimit\0\dmflags\0\version\(internal)JAmp: v1.0.1.0 win-x86 Oct 30 2003\g_maxHolocronCarry\3\g_gametype\0\g_needpass\0\protocol\26\mapname\t2_trip\sv_privateClients\0\g_stepSlideFix\1\gamename\MakerMod\g_saberWallDamageScale\0.4\bg_fighterAltControl\0\g_showDuelHealths\0
[Fri May 05 17:45:47 2017]  ClientConnect: 0
[Fri May 05 17:45:47 2017]  mlog:Player BitStorm, connected. With IP - 91.141.3.65:-22266 
[Fri May 05 17:46:06 2017]  ClientBegin: 0
[Fri May 05 17:46:10 2017]  ClientConnect: 1
[Fri May 05 17:46:10 2017]  mlog:Player Dantes, connected. With IP - 84.115.29.9:29070 
[Fri May 05 17:46:30 2017]  ClientBegin: 1
[Fri May 05 17:48:53 2017]  Kill: 0 1 3: BitStorm killed Dantes by MOD_SABER
[Fri May 05 17:50:16 2017]  Kill: 1 0 3: Dantes killed BitStorm by MOD_SABER
[Fri May 05 17:51:15 2017]  Kill: 0 1 3: BitStorm killed Dantes by MOD_SABER
[Fri May 05 17:51:37 2017]  ClientConnect: 2
[Fri May 05 17:51:37 2017]  mlog:Player Sand Nigger, connected. With IP - 89.104.16.221:29070 
[Fri May 05 17:52:08 2017]  ClientBegin: 2
[Fri May 05 17:52:14 2017]  Kill: 0 1 3: BitStorm killed Dantes by MOD_SABER
[Fri May 05 17:52:32 2017]  Kill: 0 2 3: BitStorm killed Sand Nigger by MOD_SABER
[Fri May 05 17:52:35 2017]  Kill: 0 1 3: BitStorm killed Dantes by MOD_SABER
[Fri May 05 17:53:16 2017]  Kill: 0 2 3: BitStorm killed Sand Nigger by MOD_SABER
[Fri May 05 17:53:20 2017]  Kill: 0 1 3: BitStorm killed Dantes by MOD_SABER
[Fri May 05 17:54:26 2017]  Kill: 0 2 3: BitStorm killed Sand Nigger by MOD_SABER
[Fri May 05 17:54:44 2017]  Kill: 1 0 3: Dantes killed BitStorm by MOD_SABER
[Fri May 05 17:54:55 2017]  Kill: 2 1 3: Sand Nigger killed Dantes by MOD_SABER
[Fri May 05 17:55:11 2017]  ClientDisconnect: 1
[Fri May 05 17:55:37 2017]  Kill: 0 2 3: BitStorm killed Sand Nigger by MOD_SABER
[Fri May 05 17:56:49 2017]  Kill: 0 2 3: BitStorm killed Sand Nigger by MOD_SABER
[Fri May 05 17:57:05 2017]  Kill: 2 0 3: Sand Nigger killed BitStorm by MOD_SABER
[Fri May 05 17:57:37 2017]  Kill: 0 2 3: BitStorm killed Sand Nigger by MOD_SABER
[Fri May 05 18:05:15 2017]  ClientConnect: 1
[Fri May 05 18:05:15 2017]  mlog:Player Dantes, connected. With IP - 84.115.29.9:29070 
[Fri May 05 18:05:33 2017]  ClientBegin: 1
[Fri May 05 18:06:15 2017]  Kill: 1022 0 38: <world> killed BitStorm by MOD_FALLING
[Fri May 05 18:06:31 2017]  Kill: 2 1 3: Sand Nigger killed Dantes by MOD_SABER
[Fri May 05 18:06:52 2017]  Kill: 1 2 3: Dantes killed Sand Nigger by MOD_SABER
[Fri May 05 18:07:04 2017]  Kill: 1 0 31: Dantes killed BitStorm by MOD_FORCE_DARK
[Fri May 05 18:07:10 2017]  Kill: 1 2 3: Dantes killed Sand Nigger by MOD_SABER
[Fri May 05 18:07:45 2017]  Kill: 1 2 3: Dantes killed Sand Nigger by MOD_SABER
[Fri May 05 18:08:33 2017]  Kill: 0 1 3: BitStorm killed Dantes by MOD_SABER
[Fri May 05 18:08:59 2017]  Kill: 1 2 3: Dantes killed Sand Nigger by MOD_SABER
[Fri May 05 18:09:03 2017]  Kill: 0 1 3: BitStorm killed Dantes by MOD_SABER
[Fri May 05 18:09:26 2017]  Kill: 0 1 3: BitStorm killed Dantes by MOD_SABER
[Fri May 05 18:09:52 2017]  Kill: 1 0 3: Dantes killed BitStorm by MOD_SABER
[Fri May 05 18:10:27 2017]  Kill: 1 2 3: Dantes killed Sand Nigger by MOD_SABER
[Fri May 05 18:10:30 2017]  ClientConnect: 3
[Fri May 05 18:10:30 2017]  mlog:Player Padawan, connected. With IP - 81.5.252.72:29070 
[Fri May 05 18:10:49 2017]  ClientBegin: 3
[Fri May 05 18:10:53 2017]  Kill: 1 2 3: Dantes killed Sand Nigger by MOD_SABER
[Fri May 05 18:11:09 2017]  Kill: 0 3 3: BitStorm killed Padawan by MOD_SABER
[Fri May 05 18:11:19 2017]  Kill: 0 1 31: BitStorm killed Dantes by MOD_FORCE_DARK
[Fri May 05 18:12:04 2017]  Kill: 2 1 3: Sand Nigger killed Dantes by MOD_SABER
[Fri May 05 18:12:14 2017]  Kill: 0 2 3: BitStorm killed Sand Nigger by MOD_SABER
[Fri May 05 18:12:38 2017]  Kill: 0 3 31: BitStorm killed Padawan by MOD_FORCE_DARK
[Fri May 05 18:13:03 2017]  Kill: 0 3 3: BitStorm killed Padawan by MOD_SABER
[Fri May 05 18:13:17 2017]  Kill: 2 3 3: Sand Nigger killed Padawan by MOD_SABER
[Fri May 05 18:13:21 2017]  Kill: 2 0 3: Sand Nigger killed BitStorm by MOD_SABER
[Fri May 05 18:13:32 2017]  Kill: 2 1 3: Sand Nigger killed Dantes by MOD_SABER
[Fri May 05 18:13:35 2017]  Kill: 2 0 5: Sand Nigger killed BitStorm by MOD_BRYAR_PISTOL_ALT
[Fri May 05 18:15:05 2017]  Kill: 1 0 3: Dantes killed BitStorm by MOD_SABER
[Fri May 05 18:15:14 2017]  Kill: 3 1 3: Padawan killed Dantes by MOD_SABER
[Fri May 05 18:15:51 2017]  Kill: 1 2 3: Dantes killed Sand Nigger by MOD_SABER
[Fri May 05 18:16:11 2017]  Kill: 1 3 3: Dantes killed Padawan by MOD_SABER
[Fri May 05 18:16:45 2017]  Kill: 0 2 31: BitStorm killed Sand Nigger by MOD_FORCE_DARK
[Fri May 05 18:17:20 2017]  Kill: 0 2 3: BitStorm killed Sand Nigger by MOD_SABER
[Fri May 05 18:17:26 2017]  Kill: 0 1 3: BitStorm killed Dantes by MOD_SABER
[Fri May 05 18:17:41 2017]  Kill: 0 1 3: BitStorm killed Dantes by MOD_SABER
[Fri May 05 18:18:01 2017]  Kill: 2 0 3: Sand Nigger killed BitStorm by MOD_SABER
[Fri May 05 18:18:15 2017]  Kill: 2 0 3: Sand Nigger killed BitStorm by MOD_SABER
[Fri May 05 18:18:19 2017]  Kill: 2 1 3: Sand Nigger killed Dantes by MOD_SABER
[Fri May 05 18:18:33 2017]  Kill: 0 2 31: BitStorm killed Sand Nigger by MOD_FORCE_DARK
[Fri May 05 18:18:46 2017]  Kill: 1 0 3: Dantes killed BitStorm by MOD_SABER
[Fri May 05 18:19:02 2017]  Kill: 1 2 3: Dantes killed Sand Nigger by MOD_SABER
[Fri May 05 18:19:19 2017]  Kill: 1 0 3: Dantes killed BitStorm by MOD_SABER
[Fri May 05 18:19:34 2017]  Kill: 0 2 3: BitStorm killed Sand Nigger by MOD_SABER
[Fri May 05 18:19:39 2017]  Kill: 1 0 3: Dantes killed BitStorm by MOD_SABER
[Fri May 05 18:20:04 2017]  ClientDisconnect: 1
[Fri May 05 18:20:10 2017]  Kill: 2 3 31: Sand Nigger killed Padawan by MOD_FORCE_DARK
[Fri May 05 18:21:05 2017]  Kill: 0 2 3: BitStorm killed Sand Nigger by MOD_SABER
[Fri May 05 18:21:19 2017]  Kill: 3 2 3: Padawan killed Sand Nigger by MOD_SABER
[Fri May 05 18:21:30 2017]  Kill: 3 0 3: Padawan killed BitStorm by MOD_SABER
[Fri May 05 18:22:48 2017]  Kill: 2 3 31: Sand Nigger killed Padawan by MOD_FORCE_DARK
[Fri May 05 18:23:41 2017]  Kill: 0 2 3: BitStorm killed Sand Nigger by MOD_SABER
[Fri May 05 18:24:11 2017]  Kill: 0 2 31: BitStorm killed Sand Nigger by MOD_FORCE_DARK
[Fri May 05 18:24:38 2017]  Kill: 0 3 3: BitStorm killed Padawan by MOD_SABER
[Fri May 05 18:25:16 2017]  print "Sand Nigger^7 @@@PLRENAME TheFaggot27
"[Fri May 05 18:25:53 2017]  Kill: 0 2 3: BitStorm killed TheFaggot27 by MOD_SABER
[Fri May 05 18:26:03 2017]  Kill: 3 2 3: Padawan killed TheFaggot27 by MOD_SABER
[Fri May 05 18:26:09 2017]  Kill: 3 0 3: Padawan killed BitStorm by MOD_SABER
[Fri May 05 18:26:55 2017]  Kill: 0 3 3: BitStorm killed Padawan by MOD_SABER
[Fri May 05 18:28:07 2017]  Kill: 3 2 3: Padawan killed TheFaggot27 by MOD_SABER
[Fri May 05 18:28:15 2017]  print "TheFaggot27^7 @@@PLRENAME Darth Fagotte
"[Fri May 05 18:28:30 2017]  Kill: 3 2 3: Padawan killed Darth Fagotte by MOD_SABER
[Fri May 05 18:28:39 2017]  Kill: 3 0 3: Padawan killed BitStorm by MOD_SABER
[Fri May 05 18:28:57 2017]  Kill: 0 3 3: BitStorm killed Padawan by MOD_SABER
[Fri May 05 18:29:36 2017]  Kill: 0 2 3: BitStorm killed Darth Fagotte by MOD_SABER
[Fri May 05 18:30:02 2017]  print "Darth Fagotte^7 @@@PLRENAME Padawan
"[Fri May 05 18:30:02 2017]  ClientConnect: 1
[Fri May 05 18:30:02 2017]  mlog:Player Dantes, connected. With IP - 84.115.29.9:29070 
[Fri May 05 18:30:17 2017]  print "Padawan^7 @@@PLRENAME did you ever hear the trag
"[Fri May 05 18:30:21 2017]  ClientBegin: 1
[Fri May 05 18:30:40 2017]  Kill: 2 3 3: did you ever hear the trag killed Padawan by MOD_SABER
[Fri May 05 18:30:45 2017]  Kill: 0 2 3: BitStorm killed did you ever hear the trag by MOD_SABER
[Fri May 05 18:31:15 2017]  print "did you ever hear the trag^7 @@@PLRENAME ruff and irretating Sand
"[Fri May 05 18:31:24 2017]  Kill: 2 1 3: ruff and irretating Sand killed Dantes by MOD_SABER
[Fri May 05 18:31:30 2017]  Kill: 2 0 3: ruff and irretating Sand killed BitStorm by MOD_SABER
[Fri May 05 18:31:31 2017]  ClientConnect: 4
[Fri May 05 18:31:31 2017]  mlog:Player Padawan, connected. With IP - 62.47.163.249:29070 
[Fri May 05 18:31:51 2017]  ClientBegin: 4
[Fri May 05 18:31:54 2017]  Kill: 1 0 3: Dantes killed BitStorm by MOD_SABER
[Fri May 05 18:31:58 2017]  Kill: 1 2 3: Dantes killed ruff and irretating Sand by MOD_SABER
[Fri May 05 18:31:59 2017]  Kill: 0 4 37: BitStorm killed Padawan by MOD_TELEFRAG
[Fri May 05 18:32:15 2017]  Kill: 2 3 3: ruff and irretating Sand killed Padawan by MOD_SABER
[Fri May 05 18:32:23 2017]  Kill: 0 4 3: BitStorm killed Padawan by MOD_SABER
[Fri May 05 18:32:39 2017]  Kill: 0 1 31: BitStorm killed Dantes by MOD_FORCE_DARK
[Fri May 05 18:32:40 2017]  Kill: 2 4 3: ruff and irretating Sand killed Padawan by MOD_SABER
[Fri May 05 18:32:46 2017]  Kill: 4 2 5: Padawan killed ruff and irretating Sand by MOD_BRYAR_PISTOL_ALT
[Fri May 05 18:33:02 2017]  Kill: 2 4 3: ruff and irretating Sand killed Padawan by MOD_SABER
[Fri May 05 18:33:02 2017]  Kill: 2 1 3: ruff and irretating Sand killed Dantes by MOD_SABER
[Fri May 05 18:33:07 2017]  Kill: 2 0 3: ruff and irretating Sand killed BitStorm by MOD_SABER
[Fri May 05 18:33:09 2017]  Kill: 4 2 3: Padawan killed ruff and irretating Sand by MOD_SABER
[Fri May 05 18:33:15 2017]  Kill: 1 4 31: Dantes killed Padawan by MOD_FORCE_DARK
[Fri May 05 18:33:28 2017]  Kill: 1 4 3: Dantes killed Padawan by MOD_SABER
[Fri May 05 18:33:35 2017]  Kill: 0 2 3: BitStorm killed ruff and irretating Sand by MOD_SABER
[Fri May 05 18:33:47 2017]  Kill: 0 1 31: BitStorm killed Dantes by MOD_FORCE_DARK
[Fri May 05 18:33:52 2017]  Kill: 0 3 3: BitStorm killed Padawan by MOD_SABER
[Fri May 05 18:34:08 2017]  Kill: 4 0 3: Padawan killed BitStorm by MOD_SABER
[Fri May 05 18:34:23 2017]  Kill: 0 1 3: BitStorm killed Dantes by MOD_SABER
[Fri May 05 18:34:33 2017]  Kill: 0 4 3: BitStorm killed Padawan by MOD_SABER
[Fri May 05 18:34:41 2017]  Kill: 1 0 31: Dantes killed BitStorm by MOD_FORCE_DARK
[Fri May 05 18:34:42 2017]  Kill: 1 2 31: Dantes killed ruff and irretating Sand by MOD_FORCE_DARK
[Fri May 05 18:34:59 2017]  Kill: 0 4 31: BitStorm killed Padawan by MOD_FORCE_DARK
[Fri May 05 18:35:05 2017]  Kill: 0 1 3: BitStorm killed Dantes by MOD_SABER
[Fri May 05 18:35:11 2017]  Kill: 1 0 31: Dantes killed BitStorm by MOD_FORCE_DARK
[Fri May 05 18:35:21 2017]  Kill: 0 1 31: BitStorm killed Dantes by MOD_FORCE_DARK
[Fri May 05 18:35:23 2017]  Kill: 2 0 3: ruff and irretating Sand killed BitStorm by MOD_SABER
[Fri May 05 18:35:34 2017]  print "Padawan^7 @@@PLRENAME Darth Kevin
"[Fri May 05 18:35:43 2017]  Kill: 1 2 31: Dantes killed ruff and irretating Sand by MOD_FORCE_DARK
[Fri May 05 18:35:46 2017]  Kill: 4 0 3: Darth Kevin killed BitStorm by MOD_SABER
[Fri May 05 18:35:51 2017]  Kill: 0 4 31: BitStorm killed Darth Kevin by MOD_FORCE_DARK
[Fri May 05 18:35:52 2017]  Kill: 0 1 31: BitStorm killed Dantes by MOD_FORCE_DARK
[Fri May 05 18:35:56 2017]  Kill: 0 3 31: BitStorm killed Padawan by MOD_FORCE_DARK
[Fri May 05 18:36:26 2017]  Kill: 1 2 3: Dantes killed ruff and irretating Sand by MOD_SABER
[Fri May 05 18:36:28 2017]  Kill: 4 1 3: Darth Kevin killed Dantes by MOD_SABER
[Fri May 05 18:36:29 2017]  Kill: 0 4 31: BitStorm killed Darth Kevin by MOD_FORCE_DARK
[Fri May 05 18:36:43 2017]  Kill: 0 4 3: BitStorm killed Darth Kevin by MOD_SABER
[Fri May 05 18:36:46 2017]  print "Padawan^7 @@@PLRENAME Darth cock
"[Fri May 05 18:36:54 2017]  Kill: 3 1 5: Darth cock killed Dantes by MOD_BRYAR_PISTOL_ALT
[Fri May 05 18:37:06 2017]  Kill: 4 2 3: Darth Kevin killed ruff and irretating Sand by MOD_SABER
[Fri May 05 18:37:14 2017]  Kill: 3 0 5: Darth cock killed BitStorm by MOD_BRYAR_PISTOL_ALT
[Fri May 05 18:37:28 2017]  Kill: 0 4 31: BitStorm killed Darth Kevin by MOD_FORCE_DARK
[Fri May 05 18:37:36 2017]  Kill: 4 1 3: Darth Kevin killed Dantes by MOD_SABER
[Fri May 05 18:37:41 2017]  Kill: 0 3 3: BitStorm killed Darth cock by MOD_SABER
[Fri May 05 18:37:57 2017]  Kill: 1 0 3: Dantes killed BitStorm by MOD_SABER
[Fri May 05 18:38:01 2017]  Kill: 3 1 3: Darth cock killed Dantes by MOD_SABER
[Fri May 05 18:38:09 2017]  Kill: 2 4 3: ruff and irretating Sand killed Darth Kevin by MOD_SABER
[Fri May 05 18:38:15 2017]  Kill: 1 3 31: Dantes killed Darth cock by MOD_FORCE_DARK
[Fri May 05 18:38:23 2017]  Kill: 0 4 3: BitStorm killed Darth Kevin by MOD_SABER
[Fri May 05 18:38:23 2017]  Kill: 3 1 3: Darth cock killed Dantes by MOD_SABER
[Fri May 05 18:38:34 2017]  Kill: 4 2 3: Darth Kevin killed ruff and irretating Sand by MOD_SABER
[Fri May 05 18:38:35 2017]  Kill: 3 0 3: Darth cock killed BitStorm by MOD_SABER
[Fri May 05 18:38:37 2017]  Kill: 4 3 3: Darth Kevin killed Darth cock by MOD_SABER
[Fri May 05 18:38:38 2017]  Kill: 0 2 37: BitStorm killed ruff and irretating Sand by MOD_TELEFRAG
[Fri May 05 18:38:39 2017]  Kill: 1 4 31: Dantes killed Darth Kevin by MOD_FORCE_DARK
[Fri May 05 18:38:50 2017]  Kill: 1 4 31: Dantes killed Darth Kevin by MOD_FORCE_DARK
[Fri May 05 18:38:52 2017]  Kill: 0 1 31: BitStorm killed Dantes by MOD_FORCE_DARK
[Fri May 05 18:39:05 2017]  Kill: 3 4 3: Darth cock killed Darth Kevin by MOD_SABER
[Fri May 05 18:39:10 2017]  Kill: 2 0 3: ruff and irretating Sand killed BitStorm by MOD_SABER
[Fri May 05 18:39:24 2017]  Kill: 2 4 3: ruff and irretating Sand killed Darth Kevin by MOD_SABER
[Fri May 05 18:39:25 2017]  Kill: 3 1 3: Darth cock killed Dantes by MOD_SABER
[Fri May 05 18:39:38 2017]  Kill: 3 2 3: Darth cock killed ruff and irretating Sand by MOD_SABER
[Fri May 05 18:39:41 2017]  Kill: 0 4 3: BitStorm killed Darth Kevin by MOD_SABER
[Fri May 05 18:39:51 2017]  Kill: 1 3 3: Dantes killed Darth cock by MOD_SABER
[Fri May 05 18:39:58 2017]  Kill: 2 4 3: ruff and irretating Sand killed Darth Kevin by MOD_SABER
[Fri May 05 18:40:08 2017]  Kill: 0 2 31: BitStorm killed ruff and irretating Sand by MOD_FORCE_DARK
[Fri May 05 18:40:19 2017]  Kill: 4 2 3: Darth Kevin killed ruff and irretating Sand by MOD_SABER
[Fri May 05 18:40:27 2017]  Kill: 4 3 3: Darth Kevin killed Darth cock by MOD_SABER
[Fri May 05 18:40:27 2017]  Kill: 1 0 31: Dantes killed BitStorm by MOD_FORCE_DARK
[Fri May 05 18:40:28 2017]  Kill: 0 3 37: BitStorm killed Darth cock by MOD_TELEFRAG
[Fri May 05 18:40:34 2017]  Kill: 2 4 3: ruff and irretating Sand killed Darth Kevin by MOD_SABER
[Fri May 05 18:40:45 2017]  Kill: 4 2 3: Darth Kevin killed ruff and irretating Sand by MOD_SABER
[Fri May 05 18:40:46 2017]  Kill: 0 4 31: BitStorm killed Darth Kevin by MOD_FORCE_DARK
[Fri May 05 18:40:51 2017]  Kill: 0 4 3: BitStorm killed Darth Kevin by MOD_SABER
[Fri May 05 18:40:56 2017]  Kill: 1 3 3: Dantes killed Darth cock by MOD_SABER
[Fri May 05 18:41:00 2017]  Kill: 4 0 3: Darth Kevin killed BitStorm by MOD_SABER
[Fri May 05 18:41:17 2017]  Kill: 3 1 3: Darth cock killed Dantes by MOD_SABER
[Fri May 05 18:41:39 2017]  Kill: 0 4 3: BitStorm killed Darth Kevin by MOD_SABER
[Fri May 05 18:41:59 2017]  Kill: 1 0 3: Dantes killed BitStorm by MOD_SABER
[Fri May 05 18:42:05 2017]  Kill: 2 4 3: ruff and irretating Sand killed Darth Kevin by MOD_SABER
[Fri May 05 18:42:09 2017]  Kill: 0 2 31: BitStorm killed ruff and irretating Sand by MOD_FORCE_DARK
[Fri May 05 18:42:09 2017]  Kill: 0 1 31: BitStorm killed Dantes by MOD_FORCE_DARK
[Fri May 05 18:42:16 2017]  Kill: 0 4 3: BitStorm killed Darth Kevin by MOD_SABER
[Fri May 05 18:42:27 2017]  Kill: 1 4 3: Dantes killed Darth Kevin by MOD_SABER
[Fri May 05 18:42:29 2017]  Kill: 0 1 3: BitStorm killed Dantes by MOD_SABER
[Fri May 05 18:42:37 2017]  Kill: 2 0 3: ruff and irretating Sand killed BitStorm by MOD_SABER
[Fri May 05 18:42:41 2017]  Kill: 2 4 3: ruff and irretating Sand killed Darth Kevin by MOD_SABER
[Fri May 05 18:42:43 2017]  Kill: 4 0 37: Darth Kevin killed BitStorm by MOD_TELEFRAG
[Fri May 05 18:42:47 2017]  Kill: 1 2 3: Dantes killed ruff and irretating Sand by MOD_SABER
[Fri May 05 18:43:03 2017]  Kill: 0 4 3: BitStorm killed Darth Kevin by MOD_SABER
[Fri May 05 18:43:07 2017]  Kill: 1 0 3: Dantes killed BitStorm by MOD_SABER
[Fri May 05 18:43:18 2017]  Kill: 2 1 3: ruff and irretating Sand killed Dantes by MOD_SABER
[Fri May 05 18:43:21 2017]  Kill: 2 4 3: ruff and irretating Sand killed Darth Kevin by MOD_SABER
[Fri May 05 18:43:31 2017]  Kill: 0 2 31: BitStorm killed ruff and irretating Sand by MOD_FORCE_DARK
[Fri May 05 18:43:32 2017]  Kill: 1 0 3: Dantes killed BitStorm by MOD_SABER
[Fri May 05 18:43:43 2017]  Kill: 0 1 31: BitStorm killed Dantes by MOD_FORCE_DARK
[Fri May 05 18:43:59 2017]  Kill: 1 4 3: Dantes killed Darth Kevin by MOD_SABER
[Fri May 05 18:44:04 2017]  Kill: 4 2 3: Darth Kevin killed ruff and irretating Sand by MOD_SABER
[Fri May 05 18:44:08 2017]  Kill: 1 0 31: Dantes killed BitStorm by MOD_FORCE_DARK
[Fri May 05 18:44:19 2017]  Kill: 1 4 3: Dantes killed Darth Kevin by MOD_SABER
[Fri May 05 18:44:23 2017]  Kill: 1 2 31: Dantes killed ruff and irretating Sand by MOD_FORCE_DARK
[Fri May 05 18:44:31 2017]  Kill: 0 1 3: BitStorm killed Dantes by MOD_SABER
[Fri May 05 18:44:48 2017]  Kill: 4 2 3: Darth Kevin killed ruff and irretating Sand by MOD_SABER
[Fri May 05 18:44:50 2017]  Kill: 0 4 3: BitStorm killed Darth Kevin by MOD_SABER
[Fri May 05 18:44:53 2017]  Kill: 1 0 3: Dantes killed BitStorm by MOD_SABER
[Fri May 05 18:45:07 2017]  Kill: 4 0 3: Darth Kevin killed BitStorm by MOD_SABER
[Fri May 05 18:45:10 2017]  Kill: 4 1 3: Darth Kevin killed Dantes by MOD_SABER
[Fri May 05 18:45:16 2017]  Kill: 4 0 3: Darth Kevin killed BitStorm by MOD_SABER
[Fri May 05 18:45:22 2017]  Kill: 1 4 31: Dantes killed Darth Kevin by MOD_FORCE_DARK
[Fri May 05 18:45:24 2017]  Kill: 2 0 3: ruff and irretating Sand killed BitStorm by MOD_SABER
[Fri May 05 18:45:31 2017]  Kill: 1 2 3: Dantes killed ruff and irretating Sand by MOD_SABER
[Fri May 05 18:45:32 2017]  Kill: 0 1 31: BitStorm killed Dantes by MOD_FORCE_DARK
[Fri May 05 18:45:37 2017]  Kill: 0 3 3: BitStorm killed Darth cock by MOD_SABER
[Fri May 05 18:45:41 2017]  Kill: 1 4 37: Dantes killed Darth Kevin by MOD_TELEFRAG
[Fri May 05 18:45:48 2017]  Kill: 1 4 3: Dantes killed Darth Kevin by MOD_SABER
[Fri May 05 18:46:02 2017]  Kill: 0 4 3: BitStorm killed Darth Kevin by MOD_SABER
[Fri May 05 18:46:16 2017]  Kill: 0 1 3: BitStorm killed Dantes by MOD_SABER
[Fri May 05 18:46:18 2017]  Kill: 2 4 3: ruff and irretating Sand killed Darth Kevin by MOD_SABER
[Fri May 05 18:46:26 2017]  Kill: 2 0 3: ruff and irretating Sand killed BitStorm by MOD_SABER
[Fri May 05 18:46:34 2017]  Kill: 4 2 3: Darth Kevin killed ruff and irretating Sand by MOD_SABER
[Fri May 05 18:46:37 2017]  Kill: 3 1 3: Darth cock killed Dantes by MOD_SABER
[Fri May 05 18:46:44 2017]  Kill: 1 4 31: Dantes killed Darth Kevin by MOD_FORCE_DARK
[Fri May 05 18:46:49 2017]  Kill: 1 3 3: Dantes killed Darth cock by MOD_SABER
[Fri May 05 18:46:50 2017]  Kill: 0 4 3: BitStorm killed Darth Kevin by MOD_SABER
[Fri May 05 18:46:53 2017]  Kill: 3 4 37: Darth cock killed Darth Kevin by MOD_TELEFRAG
[Fri May 05 18:46:55 2017]  Kill: 1 0 31: Dantes killed BitStorm by MOD_FORCE_DARK
[Fri May 05 18:47:10 2017]  Kill: 2 4 3: ruff and irretating Sand killed Darth Kevin by MOD_SABER
[Fri May 05 18:47:27 2017]  Kill: 4 1 3: Darth Kevin killed Dantes by MOD_SABER
[Fri May 05 18:47:28 2017]  Kill: 3 0 3: Darth cock killed BitStorm by MOD_SABER
[Fri May 05 18:47:40 2017]  Kill: 1 2 31: Dantes killed ruff and irretating Sand by MOD_FORCE_DARK
[Fri May 05 18:47:43 2017]  Kill: 4 3 3: Darth Kevin killed Darth cock by MOD_SABER
[Fri May 05 18:47:43 2017]  Kill: 1 4 31: Dantes killed Darth Kevin by MOD_FORCE_DARK
[Fri May 05 18:47:45 2017]  Kill: 3 4 37: Darth cock killed Darth Kevin by MOD_TELEFRAG
[Fri May 05 18:47:48 2017]  Kill: 1 0 31: Dantes killed BitStorm by MOD_FORCE_DARK
[Fri May 05 18:48:05 2017]  print "ruff and irretating Sand^7 @@@PLRENAME Fat Greedo
"[Fri May 05 18:48:06 2017]  Kill: 0 1 31: BitStorm killed Dantes by MOD_FORCE_DARK
[Fri May 05 18:48:22 2017]  Kill: 4 3 3: Darth Kevin killed Darth cock by MOD_SABER
[Fri May 05 18:48:28 2017]  Kill: 1 2 3: Dantes killed Fat Greedo by MOD_SABER
[Fri May 05 18:48:31 2017]  Kill: 1 4 3: Dantes killed Darth Kevin by MOD_SABER
[Fri May 05 18:48:33 2017]  Kill: 3 1 5: Darth cock killed Dantes by MOD_BRYAR_PISTOL_ALT
[Fri May 05 18:48:40 2017]  Kill: 3 4 3: Darth cock killed Darth Kevin by MOD_SABER
[Fri May 05 18:48:41 2017]  Kill: 0 2 4: BitStorm killed Fat Greedo by MOD_BRYAR_PISTOL
[Fri May 05 18:48:46 2017]  Kill: 4 1 3: Darth Kevin killed Dantes by MOD_SABER
[Fri May 05 18:49:05 2017]  Kill: 4 2 3: Darth Kevin killed Fat Greedo by MOD_SABER
[Fri May 05 18:49:07 2017]  Kill: 4 3 3: Darth Kevin killed Darth cock by MOD_SABER
[Fri May 05 18:49:08 2017]  Kill: 0 1 31: BitStorm killed Dantes by MOD_FORCE_DARK
[Fri May 05 18:49:12 2017]  Kill: 1 2 37: Dantes killed Fat Greedo by MOD_TELEFRAG
[Fri May 05 18:49:14 2017]  Kill: 0 4 31: BitStorm killed Darth Kevin by MOD_FORCE_DARK
[Fri May 05 18:49:21 2017]  Kill: 0 3 31: BitStorm killed Darth cock by MOD_FORCE_DARK
[Fri May 05 18:49:22 2017]  Kill: 1 4 3: Dantes killed Darth Kevin by MOD_SABER
[Fri May 05 18:49:29 2017]  Kill: 2 1 3: Fat Greedo killed Dantes by MOD_SABER
[Fri May 05 18:49:35 2017]  Kill: 2 4 3: Fat Greedo killed Darth Kevin by MOD_SABER
[Fri May 05 18:49:36 2017]  Kill: 0 2 5: BitStorm killed Fat Greedo by MOD_BRYAR_PISTOL_ALT
[Fri May 05 18:49:45 2017]  Kill: 1 0 3: Dantes killed BitStorm by MOD_SABER
[Fri May 05 18:49:49 2017]  Kill: 4 1 3: Darth Kevin killed Dantes by MOD_SABER
[Fri May 05 18:49:59 2017]  Kill: 0 2 3: BitStorm killed Fat Greedo by MOD_SABER
[Fri May 05 18:50:01 2017]  Kill: 1 4 3: Dantes killed Darth Kevin by MOD_SABER
[Fri May 05 18:50:07 2017]  Kill: 1 0 3: Dantes killed BitStorm by MOD_SABER
[Fri May 05 18:50:08 2017]  Kill: 0 2 37: BitStorm killed Fat Greedo by MOD_TELEFRAG
[Fri May 05 18:50:18 2017]  Kill: 1 0 3: Dantes killed BitStorm by MOD_SABER
[Fri May 05 18:50:23 2017]  Kill: 0 1 31: BitStorm killed Dantes by MOD_FORCE_DARK
[Fri May 05 18:50:29 2017]  Kill: 0 2 3: BitStorm killed Fat Greedo by MOD_SABER
[Fri May 05 18:50:38 2017]  Kill: 1 3 3: Dantes killed Darth cock by MOD_SABER
[Fri May 05 18:50:43 2017]  Kill: 2 3 3: Fat Greedo killed Darth cock by MOD_SABER
[Fri May 05 18:50:50 2017]  Kill: 1 0 3: Dantes killed BitStorm by MOD_SABER
[Fri May 05 18:51:02 2017]  Kill: 3 2 3: Darth cock killed Fat Greedo by MOD_SABER
[Fri May 05 18:51:03 2017]  Kill: 4 0 3: Darth Kevin killed BitStorm by MOD_SABER
[Fri May 05 18:51:07 2017]  Kill: 1 3 3: Dantes killed Darth cock by MOD_SABER
[Fri May 05 18:51:09 2017]  Kill: 0 1 31: BitStorm killed Dantes by MOD_FORCE_DARK
[Fri May 05 18:51:10 2017]  Kill: 0 4 31: BitStorm killed Darth Kevin by MOD_FORCE_DARK
[Fri May 05 18:51:35 2017]  Kill: 4 2 3: Darth Kevin killed Fat Greedo by MOD_SABER
[Fri May 05 18:51:44 2017]  Kill: 1 0 3: Dantes killed BitStorm by MOD_SABER
[Fri May 05 18:51:53 2017]  Kill: 4 3 3: Darth Kevin killed Darth cock by MOD_SABER
[Fri May 05 18:52:02 2017]  Kill: 0 1 3: BitStorm killed Dantes by MOD_SABER
[Fri May 05 18:52:07 2017]  Kill: 0 4 3: BitStorm killed Darth Kevin by MOD_SABER
[Fri May 05 18:52:23 2017]  Kill: 0 2 3: BitStorm killed Fat Greedo by MOD_SABER
[Fri May 05 18:52:35 2017]  Kill: 0 1 3: BitStorm killed Dantes by MOD_SABER
[Fri May 05 18:52:42 2017]  Kill: 2 0 31: Fat Greedo killed BitStorm by MOD_FORCE_DARK
[Fri May 05 18:52:51 2017]  Kill: 0 2 3: BitStorm killed Fat Greedo by MOD_SABER
[Fri May 05 18:52:56 2017]  Kill: 3 1 3: Darth cock killed Dantes by MOD_SABER
[Fri May 05 18:53:03 2017]  Kill: 2 4 3: Fat Greedo killed Darth Kevin by MOD_SABER
[Fri May 05 18:53:04 2017]  Kill: 3 0 3: Darth cock killed BitStorm by MOD_SABER
[Fri May 05 18:53:17 2017]  Kill: 0 3 31: BitStorm killed Darth cock by MOD_FORCE_DARK
[Fri May 05 18:53:19 2017]  Kill: 0 1 31: BitStorm killed Dantes by MOD_FORCE_DARK
[Fri May 05 18:53:24 2017]  Kill: 0 4 3: BitStorm killed Darth Kevin by MOD_SABER
[Fri May 05 18:53:26 2017]  Kill: 3 0 3: Darth cock killed BitStorm by MOD_SABER
[Fri May 05 18:53:35 2017]  Kill: 3 2 3: Darth cock killed Fat Greedo by MOD_SABER
[Fri May 05 18:53:42 2017]  Kill: 0 3 3: BitStorm killed Darth cock by MOD_SABER
[Fri May 05 18:53:51 2017]  Kill: 0 1 31: BitStorm killed Dantes by MOD_FORCE_DARK
[Fri May 05 18:54:04 2017]  Kill: 1 0 3: Dantes killed BitStorm by MOD_SABER
[Fri May 05 18:54:07 2017]  Kill: 1 3 3: Dantes killed Darth cock by MOD_SABER
[Fri May 05 18:54:18 2017]  print "Fat Greedo^7 @@@PLRENAME Bitstorm
"[Fri May 05 18:54:21 2017]  Kill: 0 1 31: BitStorm killed Dantes by MOD_FORCE_DARK
[Fri May 05 18:54:26 2017]  Kill: 3 4 3: Darth cock killed Darth Kevin by MOD_SABER
[Fri May 05 18:54:28 2017]  Kill: 1 4 37: Dantes killed Darth Kevin by MOD_TELEFRAG
[Fri May 05 18:54:38 2017]  print "Bitstorm^7 @@@PLRENAME BitStorm
"[Fri May 05 18:54:50 2017]  Kill: 0 1 31: BitStorm killed Dantes by MOD_FORCE_DARK
[Fri May 05 18:54:54 2017]  Kill: 2 3 3: BitStorm killed Darth cock by MOD_SABER
[Fri May 05 18:54:58 2017]  Kill: 0 4 3: BitStorm killed Darth Kevin by MOD_SABER
[Fri May 05 18:55:01 2017]  Kill: 0 1 3: BitStorm killed Dantes by MOD_SABER
[Fri May 05 18:55:04 2017]  Kill: 0 2 31: BitStorm killed BitStorm by MOD_FORCE_DARK
[Fri May 05 18:55:09 2017]  Kill: 4 0 3: Darth Kevin killed BitStorm by MOD_SABER
[Fri May 05 18:55:48 2017]  Kill: 0 4 3: BitStorm killed Darth Kevin by MOD_SABER
[Fri May 05 18:55:50 2017]  Kill: 1 0 3: Dantes killed BitStorm by MOD_SABER
[Fri May 05 18:55:50 2017]  print "BitStorm^7 @@@PLRENAME rough irritating Sand
"[Fri May 05 18:56:16 2017]  Kill: 0 1 31: BitStorm killed Dantes by MOD_FORCE_DARK
[Fri May 05 18:56:19 2017]  Kill: 0 2 31: BitStorm killed rough irritating Sand by MOD_FORCE_DARK
[Fri May 05 18:59:55 2017]  Kill: 1 3 3: Dantes killed Darth cock by MOD_SABER
[Fri May 05 19:00:28 2017]  Kill: 2 4 3: rough irritating Sand killed Darth Kevin by MOD_SABER
[Fri May 05 19:01:25 2017]  say: BitStorm: 2
[Fri May 05 19:01:35 2017]  say: rough irritating Sand: send nudes
[Fri May 05 19:01:43 2017]  say: BitStorm: no
[Fri May 05 19:01:59 2017]  say: BitStorm: ohhhh
[Fri May 05 19:02:08 2017]  say: rough irritating Sand: artoo is my na,e
[Fri May 05 19:02:09 2017]  say: Dantes: Transgenders are hot
[Fri May 05 19:02:51 2017]  say: rough irritating Sand: meet hot twi leks in your area now
[Fri May 05 19:05:19 2017]  Kill: 2 1 3: rough irritating Sand killed Dantes by MOD_SABER
[Fri May 05 19:05:35 2017]  Kill: 1 1 39: Dantes killed Dantes by MOD_SUICIDE
[Fri May 05 19:05:35 2017]  setteam:  1 FREE SPECTATOR
[Fri May 05 19:05:35 2017]  ClientBegin: 1
[Fri May 05 19:05:42 2017]  Kill: 0 2 3: BitStorm killed rough irritating Sand by MOD_SABER
[Fri May 05 19:06:12 2017]  Kill: 4 0 3: Darth Kevin killed BitStorm by MOD_SABER
[Fri May 05 19:06:41 2017]  setteam:  1 SPECTATOR FREE
[Fri May 05 19:06:41 2017]  ClientBegin: 1
[Fri May 05 19:06:48 2017]  Kill: 4 3 3: Darth Kevin killed Darth cock by MOD_SABER
[Fri May 05 19:08:41 2017]  ShutdownGame:
[Fri May 05 19:08:41 2017]  ------------------------------------------------------------
