[Sat Aug 13 15:40:49 2016]  ------------------------------------------------------------
[Sat Aug 13 15:40:49 2016]  InitGame: \g_siegeTeam2\none\g_siegeTeam1\none\g_jediVmerc\0\g_maxGameClients\0\g_noSpecMove\0\g_debugMelee\1\g_siegeRespawn\20\g_siegeTeamSwitch\1\g_forceRegenTime\1\g_forcePowerDisable\0\g_weaponDisable\0\g_allowNPC\1\sv_allowDownload\0\sv_floodProtect\0\sv_maxPing\0\sv_minPing\0\sv_maxRate\5000\sv_maxclients\32\sv_hostname\^3Darkquake's Makermod Server\g_duelWeaponDisable\65531\g_forceBasedTeams\0\duel_fraglimit\10\g_maxForceRank\7\g_saberLocking\1\g_privateDuel\1\capturelimit\0\timelimit\120\fraglimit\0\dmflags\0\version\(internal)JAmp: v1.0.1.0 win-x86 Oct 30 2003\g_maxHolocronCarry\3\g_gametype\0\g_needpass\0\protocol\26\mapname\t2_trip\sv_privateClients\0\g_stepSlideFix\1\gamename\MakerMod\g_saberWallDamageScale\0.4\bg_fighterAltControl\0\g_showDuelHealths\0
[Sat Aug 13 15:40:59 2016]  ClientConnect: 0
[Sat Aug 13 15:40:59 2016]  mlog:Player ^1Eminem, connected. With IP - 178.206.113.131:29070 
[Sat Aug 13 15:41:08 2016]  ClientBegin: 0
[Sat Aug 13 15:42:06 2016]  ClientConnect: 1
[Sat Aug 13 15:42:06 2016]  mlog:Player ^0^^7ASAV^0^Sendrogro, connected. With IP - 46.227.24.61:29070 
[Sat Aug 13 15:42:16 2016]  ClientBegin: 1
[Sat Aug 13 15:42:32 2016]  say: ^0^^7ASAV^0^Sendrogro: nukaa
[Sat Aug 13 15:42:36 2016]  say: ^0^^7ASAV^0^Sendrogro: go k nam
[Sat Aug 13 15:42:55 2016]  say: ^0^^7ASAV^0^Sendrogro: che tam
[Sat Aug 13 15:43:02 2016]  say: ^0^^7ASAV^0^Sendrogro: kak pisat
[Sat Aug 13 15:43:03 2016]  say: ^0^^7ASAV^0^Sendrogro: xddd
[Sat Aug 13 15:43:04 2016]  say: ^1Eminem: mloadobs
[Sat Aug 13 15:43:12 2016]  say: ^0^^7ASAV^0^Sendrogro: da vosstanet imperiya
[Sat Aug 13 15:43:16 2016]  say: ^1Eminem: >:D
[Sat Aug 13 15:43:25 2016]  say: ^0^^7ASAV^0^Sendrogro: eee
[Sat Aug 13 15:43:27 2016]  say: ^0^^7ASAV^0^Sendrogro: SUKA
[Sat Aug 13 15:43:31 2016]  say: ^1Eminem: ?
[Sat Aug 13 15:43:47 2016]  say: ^1Eminem: yay
[Sat Aug 13 15:43:48 2016]  say: ^0^^7ASAV^0^Sendrogro: xd
[Sat Aug 13 15:44:06 2016]  say: ^0^^7ASAV^0^Sendrogro: suk
[Sat Aug 13 15:44:10 2016]  say: ^0^^7ASAV^0^Sendrogro: zdes kruto
[Sat Aug 13 15:44:15 2016]  say: ^0^^7ASAV^0^Sendrogro: budu dodelivat
[Sat Aug 13 15:44:43 2016]  say: ^0^^7ASAV^0^Sendrogro: hehe
[Sat Aug 13 15:45:24 2016]  say: ^0^^7ASAV^0^Sendrogro: EBAT
[Sat Aug 13 15:45:26 2016]  say: ^0^^7ASAV^0^Sendrogro: YA V AHUE
[Sat Aug 13 15:45:29 2016]  say: ^1Eminem: ?
[Sat Aug 13 15:45:32 2016]  say: ^0^^7ASAV^0^Sendrogro: smotri
[Sat Aug 13 15:45:33 2016]  say: ^0^^7ASAV^0^Sendrogro: derevo
[Sat Aug 13 15:45:37 2016]  say: ^1Eminem: ?
[Sat Aug 13 15:45:38 2016]  say: ^0^^7ASAV^0^Sendrogro: eto scale 1
[Sat Aug 13 15:45:41 2016]  say: ^1Eminem: ASLDWALKJD
[Sat Aug 13 15:46:25 2016]  say: ^0^^7ASAV^0^Sendrogro: xddd
[Sat Aug 13 15:46:28 2016]  say: ^1Eminem: lol
[Sat Aug 13 15:46:28 2016]  say: ^0^^7ASAV^0^Sendrogro: LOL
[Sat Aug 13 15:47:07 2016]  say: ^0^^7ASAV^0^Sendrogro: EBANUTSYA
[Sat Aug 13 15:47:12 2016]  say: ^0^^7ASAV^0^Sendrogro: EBANUTSYA BLAD
[Sat Aug 13 15:47:17 2016]  say: ^1Eminem: ?
[Sat Aug 13 15:47:18 2016]  say: ^1Eminem: eba
[Sat Aug 13 15:47:20 2016]  say: ^0^^7ASAV^0^Sendrogro: scale 1
[Sat Aug 13 15:47:21 2016]  say: ^1Eminem: eto scale 1?
[Sat Aug 13 15:47:22 2016]  say: ^1Eminem: lolosadwjkdl
[Sat Aug 13 15:47:23 2016]  say: ^0^^7ASAV^0^Sendrogro: da
[Sat Aug 13 15:47:35 2016]  say: ^0^^7ASAV^0^Sendrogro: PIZDOS
[Sat Aug 13 15:47:38 2016]  say: ^0^^7ASAV^0^Sendrogro: VOT ETO PIzDOS
[Sat Aug 13 15:47:40 2016]  say: ^1Eminem: aga
[Sat Aug 13 15:47:41 2016]  say: ^1Eminem: xD
[Sat Aug 13 15:47:47 2016]  say: ^0^^7ASAV^0^Sendrogro: da ti posmotri
[Sat Aug 13 15:47:51 2016]  say: ^0^^7ASAV^0^Sendrogro: na svoy hatu
[Sat Aug 13 15:48:01 2016]  say: ^0^^7ASAV^0^Sendrogro: vorden
[Sat Aug 13 15:48:02 2016]  say: ^0^^7ASAV^0^Sendrogro: AHAHAHHA
[Sat Aug 13 15:48:11 2016]  say: ^0^^7ASAV^0^Sendrogro: ti viish?
[Sat Aug 13 15:48:13 2016]  say: ^1Eminem: aq
[Sat Aug 13 15:48:15 2016]  say: ^1Eminem: chto
[Sat Aug 13 15:48:18 2016]  say: ^1Eminem: samdhajlwd
[Sat Aug 13 15:48:20 2016]  say: ^0^^7ASAV^0^Sendrogro: na hatu svou leti
[Sat Aug 13 15:48:21 2016]  say: ^0^^7ASAV^0^Sendrogro: xDDDDDDdd
[Sat Aug 13 15:49:20 2016]  say: ^1Eminem: :AKJDLKAWljk
[Sat Aug 13 15:49:22 2016]  say: ^1Eminem: ahah
[Sat Aug 13 15:49:24 2016]  say: ^0^^7ASAV^0^Sendrogro: che za doshik
[Sat Aug 13 15:49:25 2016]  say: ^0^^7ASAV^0^Sendrogro: suka
[Sat Aug 13 15:49:27 2016]  say: ^0^^7ASAV^0^Sendrogro: xdddd
[Sat Aug 13 15:49:29 2016]  say: ^0^^7ASAV^0^Sendrogro: ahahahahahah
[Sat Aug 13 15:49:30 2016]  say: ^1Eminem: eto cepi xD
[Sat Aug 13 15:50:08 2016]  say: ^1Eminem: eto tipa stekol
[Sat Aug 13 15:50:12 2016]  say: ^1Eminem: klo
[Sat Aug 13 15:50:37 2016]  say: ^1Eminem: u kartera gorit
[Sat Aug 13 15:50:46 2016]  say: ^0^^7ASAV^0^Sendrogro: ble
[Sat Aug 13 15:51:17 2016]  say: ^1Eminem: aahaha
[Sat Aug 13 15:51:18 2016]  say: ^1Eminem: ahhahahahaha
[Sat Aug 13 15:51:19 2016]  say: ^1Eminem: hahahahahha
[Sat Aug 13 15:51:20 2016]  say: ^1Eminem: hahahahah
[Sat Aug 13 15:51:21 2016]  say: ^1Eminem: hahahaha
[Sat Aug 13 15:51:22 2016]  say: ^0^^7ASAV^0^Sendrogro: xDDDDDD
[Sat Aug 13 15:51:31 2016]  say: ^0^^7ASAV^0^Sendrogro: HTS
[Sat Aug 13 15:51:36 2016]  say: ^0^^7ASAV^0^Sendrogro: how to kill server
[Sat Aug 13 15:51:39 2016]  say: ^0^^7ASAV^0^Sendrogro: HTKS
[Sat Aug 13 15:52:26 2016]  say: ^0^^7ASAV^0^Sendrogro: ebat fps upalo
[Sat Aug 13 15:52:27 2016]  say: ^0^^7ASAV^0^Sendrogro: ahahaha
[Sat Aug 13 15:53:21 2016]  say: ^0^^7ASAV^0^Sendrogro: vashe
[Sat Aug 13 15:53:22 2016]  say: ^0^^7ASAV^0^Sendrogro: smotri
[Sat Aug 13 15:53:24 2016]  say: ^0^^7ASAV^0^Sendrogro: vo
[Sat Aug 13 15:53:30 2016]  say: ^1Eminem: chto
[Sat Aug 13 15:53:32 2016]  say: ^1Eminem: oo
[Sat Aug 13 15:53:34 2016]  say: ^0^^7ASAV^0^Sendrogro: zadelal kak
[Sat Aug 13 15:53:35 2016]  say: ^1Eminem: narm
[Sat Aug 13 15:55:12 2016]  say: ^1Eminem: proveryai
[Sat Aug 13 15:55:32 2016]  say: ^1Eminem: blya kak videlit' effect?
[Sat Aug 13 15:55:35 2016]  say: ^0^^7ASAV^0^Sendrogro: hz
[Sat Aug 13 15:55:43 2016]  say: ^1Eminem: a vse :D
[Sat Aug 13 15:56:05 2016]  say: ^1Eminem: cart
[Sat Aug 13 15:56:07 2016]  say: ^0^^7ASAV^0^Sendrogro: a
[Sat Aug 13 15:56:08 2016]  say: ^1Eminem: smotri
[Sat Aug 13 15:56:20 2016]  say: ^1Eminem: udobno
[Sat Aug 13 15:56:24 2016]  say: ^0^^7ASAV^0^Sendrogro: LOL
[Sat Aug 13 15:56:27 2016]  say: ^0^^7ASAV^0^Sendrogro: skaji kak?
[Sat Aug 13 15:56:36 2016]  say: ^1Eminem: tochno tak je kak ob'ekti
[Sat Aug 13 15:56:41 2016]  say: ^1Eminem: tol'ko /mscaleme
[Sat Aug 13 15:56:56 2016]  say: ^1Eminem: ASLKDJAWd
[Sat Aug 13 15:56:57 2016]  say: ^0^^7ASAV^0^Sendrogro: xddd
[Sat Aug 13 15:57:05 2016]  say: ^0^^7ASAV^0^Sendrogro: go po 0.5
[Sat Aug 13 15:57:49 2016]  say: ^1Eminem: nuk kart
[Sat Aug 13 15:57:55 2016]  say: ^1Eminem: vvoidi eshe raz v teleport
[Sat Aug 13 15:58:05 2016]  say: ^1Eminem: blya
[Sat Aug 13 15:58:13 2016]  say: ^1Eminem: lan poh
[Sat Aug 13 16:08:01 2016]  Kill: 1022 0 0: <world> killed ^1Eminem by MOD_UNKNOWN
[Sat Aug 13 16:08:15 2016]  say: ^1Eminem: cart idi komne
[Sat Aug 13 16:08:23 2016]  say: ^0^^7ASAV^0^Sendrogro: sha
[Sat Aug 13 16:08:44 2016]  say: ^1Eminem: provet' teleport 
[Sat Aug 13 16:08:47 2016]  say: ^1Eminem: caart
[Sat Aug 13 16:08:59 2016]  say: ^1Eminem: AS:KDJWADJ
[Sat Aug 13 16:09:05 2016]  say: ^1Eminem: komne
[Sat Aug 13 16:09:06 2016]  say: ^0^^7ASAV^0^Sendrogro: nu?
[Sat Aug 13 16:09:06 2016]  say: ^1Eminem: idi
[Sat Aug 13 16:09:12 2016]  Kill: 1022 1 0: <world> killed ^0^^7ASAV^0^Sendrogro by MOD_UNKNOWN
[Sat Aug 13 16:09:14 2016]  say: ^1Eminem: xDDD
[Sat Aug 13 16:09:14 2016]  say: ^0^^7ASAV^0^Sendrogro: ....
[Sat Aug 13 16:09:15 2016]  say: ^1Eminem: xDDD
[Sat Aug 13 16:09:16 2016]  say: ^1Eminem: xDDD
[Sat Aug 13 16:09:24 2016]  say: ^1Eminem: ya sam v ahue bil kogda najal
[Sat Aug 13 16:11:20 2016]  say: ^0^^7ASAV^0^Sendrogro: go ko mne
[Sat Aug 13 16:11:33 2016]  say: ^1Eminem: oo
[Sat Aug 13 16:11:39 2016]  say: ^0^^7ASAV^0^Sendrogro: hehe
[Sat Aug 13 16:11:41 2016]  say: ^0^^7ASAV^0^Sendrogro: nu kak?
[Sat Aug 13 16:11:50 2016]  say: ^1Eminem: povelitel' derev'ev :D
[Sat Aug 13 16:11:53 2016]  say: ^0^^7ASAV^0^Sendrogro: xdddd
[Sat Aug 13 16:12:33 2016]  say: ^0^^7ASAV^0^Sendrogro: ebat epic
[Sat Aug 13 16:12:36 2016]  say: ^0^^7ASAV^0^Sendrogro: go ko mne
[Sat Aug 13 16:12:44 2016]  say: ^0^^7ASAV^0^Sendrogro: teleport
[Sat Aug 13 16:12:58 2016]  say: ^0^^7ASAV^0^Sendrogro: VORDA
[Sat Aug 13 16:13:03 2016]  say: ^1Eminem: schto
[Sat Aug 13 16:13:07 2016]  say: ^0^^7ASAV^0^Sendrogro: go ko mne
[Sat Aug 13 16:13:09 2016]  say: ^0^^7ASAV^0^Sendrogro: svish
[Sat Aug 13 16:13:17 2016]  say: ^0^^7ASAV^0^Sendrogro: poleteli
[Sat Aug 13 16:13:23 2016]  say: ^1Eminem: emm
[Sat Aug 13 16:13:25 2016]  say: ^1Eminem: ti bde
[Sat Aug 13 16:13:29 2016]  say: ^0^^7ASAV^0^Sendrogro: na skalu
[Sat Aug 13 16:13:31 2016]  say: ^0^^7ASAV^0^Sendrogro: naverh
[Sat Aug 13 16:13:33 2016]  say: ^1Eminem: lsadawkd
[Sat Aug 13 16:13:38 2016]  say: ^0^^7ASAV^0^Sendrogro: ebat epic
[Sat Aug 13 16:13:38 2016]  say: ^1Eminem: ti sam sdelal?
[Sat Aug 13 16:13:40 2016]  say: ^0^^7ASAV^0^Sendrogro: xddd
[Sat Aug 13 16:13:43 2016]  say: ^0^^7ASAV^0^Sendrogro: kekeke
[Sat Aug 13 16:13:52 2016]  say: ^1Eminem: blya cart u tebya na zamok pohoje
[Sat Aug 13 16:13:57 2016]  say: ^0^^7ASAV^0^Sendrogro: da
[Sat Aug 13 16:15:04 2016]  say: ^1Eminem: sadj;awkjkaljd
[Sat Aug 13 16:15:05 2016]  say: ^1Eminem: ooo
[Sat Aug 13 16:15:10 2016]  say: ^1Eminem: ya nasheele
[Sat Aug 13 16:15:15 2016]  say: ^1Eminem: cart
[Sat Aug 13 16:15:17 2016]  say: ^0^^7ASAV^0^Sendrogro: a
[Sat Aug 13 16:15:21 2016]  say: ^1Eminem: udali eto 
[Sat Aug 13 16:15:27 2016]  say: ^0^^7ASAV^0^Sendrogro: ya ne mogu
[Sat Aug 13 16:15:29 2016]  say: ^1Eminem: AHAHAHA slabak
[Sat Aug 13 16:15:31 2016]  say: ^1Eminem: ya znaiu kak
[Sat Aug 13 16:15:32 2016]  say: ^1Eminem: xD
[Sat Aug 13 16:15:34 2016]  say: ^0^^7ASAV^0^Sendrogro: kak?
[Sat Aug 13 16:15:42 2016]  say: ^1Eminem: /mlistobs <pages>
[Sat Aug 13 16:15:45 2016]  say: ^1Eminem: /mlistobs 1
[Sat Aug 13 16:16:01 2016]  say: ^1Eminem: smotri id, i potom mkill <id>
[Sat Aug 13 16:16:31 2016]  say: ^0^^7ASAV^0^Sendrogro: wtf
[Sat Aug 13 16:17:17 2016]  say: ^0^^7ASAV^0^Sendrogro: i che
[Sat Aug 13 16:17:19 2016]  say: ^0^^7ASAV^0^Sendrogro: i nihuya
[Sat Aug 13 16:17:24 2016]  say: ^1Eminem: vsm
[Sat Aug 13 16:17:28 2016]  say: ^0^^7ASAV^0^Sendrogro: eto vrode
[Sat Aug 13 16:17:32 2016]  say: ^0^^7ASAV^0^Sendrogro: 464
[Sat Aug 13 16:17:33 2016]  say: ^1Eminem: ti nashel ego v spispe
[Sat Aug 13 16:17:37 2016]  say: ^0^^7ASAV^0^Sendrogro: /mkill 464
[Sat Aug 13 16:17:39 2016]  say: ^0^^7ASAV^0^Sendrogro: da?
[Sat Aug 13 16:17:49 2016]  say: ^1Eminem: sha poprobuiu
[Sat Aug 13 16:18:41 2016]  say: ^1Eminem: blet:c
[Sat Aug 13 16:18:46 2016]  say: ^1Eminem: ne robit
[Sat Aug 13 16:18:50 2016]  say: ^0^^7ASAV^0^Sendrogro: vot vot
[Sat Aug 13 16:23:05 2016]  say: ^1Eminem: o
[Sat Aug 13 16:23:21 2016]  say: ^1Eminem: wtf
[Sat Aug 13 16:23:27 2016]  say: ^0^^7ASAV^0^Sendrogro: hehe
[Sat Aug 13 16:23:29 2016]  say: ^1Eminem: hule ya siuda tp
[Sat Aug 13 16:23:33 2016]  say: ^1Eminem: idi zamno
[Sat Aug 13 16:23:46 2016]  say: ^1Eminem: na effect prigni
[Sat Aug 13 16:23:51 2016]  say: ^0^^7ASAV^0^Sendrogro: xddd
[Sat Aug 13 16:23:52 2016]  Kill: 0 1 37: ^1Eminem killed ^0^^7ASAV^0^Sendrogro by MOD_TELEFRAG
[Sat Aug 13 16:23:54 2016]  say: ^1Eminem: sr
[Sat Aug 13 16:23:55 2016]  say: ^0^^7ASAV^0^Sendrogro: ....
[Sat Aug 13 16:24:31 2016]  say: ^0^^7ASAV^0^Sendrogro: nuka
[Sat Aug 13 16:24:37 2016]  say: ^0^^7ASAV^0^Sendrogro: kak ti monitor delal?
[Sat Aug 13 16:24:44 2016]  say: ^1Eminem: kakoy
[Sat Aug 13 16:24:47 2016]  say: ^0^^7ASAV^0^Sendrogro: em
[Sat Aug 13 16:24:50 2016]  say: ^0^^7ASAV^0^Sendrogro: saiy perviy
[Sat Aug 13 16:24:57 2016]  say: ^0^^7ASAV^0^Sendrogro: ne tot kotoriy ya sdelal
[Sat Aug 13 16:26:03 2016]  ClientConnect: 2
[Sat Aug 13 16:26:03 2016]  mlog:Player kosher^6.^5.^7ps, connected. With IP - 91.230.25.125:29070 
[Sat Aug 13 16:26:29 2016]  say: ^1Eminem: ooo
[Sat Aug 13 16:26:37 2016]  say: ^1Eminem: ya prikol'nuiu dver' nashel
[Sat Aug 13 16:26:43 2016]  ClientBegin: 2
[Sat Aug 13 16:26:49 2016]  say: ^1Eminem: kosher :O
[Sat Aug 13 16:26:56 2016]  say: ^1Eminem: kosher where u from?
[Sat Aug 13 16:27:03 2016]  say: kosher: ukraine
[Sat Aug 13 16:27:08 2016]  say: ^1Eminem: privet ebana
[Sat Aug 13 16:27:13 2016]  say: kosher: privet
[Sat Aug 13 16:27:21 2016]  say: ^0^^7ASAV^0^Sendrogro: q
[Sat Aug 13 16:27:39 2016]  say: kosher: 4e takoe
[Sat Aug 13 16:27:49 2016]  say: ^1Eminem: ti o chem
[Sat Aug 13 16:27:58 2016]  say: kosher: vi iz sparka
[Sat Aug 13 16:28:00 2016]  say: kosher: ?
[Sat Aug 13 16:28:03 2016]  say: ^0^^7ASAV^0^Sendrogro: net
[Sat Aug 13 16:28:05 2016]  say: ^1Eminem: net
[Sat Aug 13 16:28:13 2016]  say: ^1Eminem: mi iz KOTR
[Sat Aug 13 16:28:21 2016]  say: kosher: gde viking
[Sat Aug 13 16:28:26 2016]  say: ^1Eminem: ne znaiu
[Sat Aug 13 16:28:27 2016]  say: ^0^^7ASAV^0^Sendrogro: inaktiv
[Sat Aug 13 16:28:37 2016]  say: kosher: a 2beer
[Sat Aug 13 16:28:40 2016]  say: ^0^^7ASAV^0^Sendrogro: toje
[Sat Aug 13 16:28:46 2016]  say: ^1Eminem: ti kto?
[Sat Aug 13 16:28:48 2016]  say: ^1Eminem: sonic
[Sat Aug 13 16:28:50 2016]  say: ^1Eminem: ?
[Sat Aug 13 16:28:54 2016]  say: kosher: kakoy sonic
[Sat Aug 13 16:29:07 2016]  say: kosher: sonic iz kotra?
[Sat Aug 13 16:29:11 2016]  say: ^0^^7ASAV^0^Sendrogro: net
[Sat Aug 13 16:29:12 2016]  say: ^1Eminem: on bil v nem
[Sat Aug 13 16:29:24 2016]  say: kosher: sonic_xx?
[Sat Aug 13 16:29:27 2016]  say: ^1Eminem: da
[Sat Aug 13 16:29:48 2016]  say: kosher: vam skoka let
[Sat Aug 13 16:29:52 2016]  say: ^0^^7ASAV^0^Sendrogro: 10
[Sat Aug 13 16:29:58 2016]  say: ^1Eminem: 10.5
[Sat Aug 13 16:30:12 2016]  say: kosher: shkolniki?
[Sat Aug 13 16:30:18 2016]  say: ^1Eminem: da
[Sat Aug 13 16:30:24 2016]  say: ^0^^7ASAV^0^Sendrogro: слыш сам ты школьник
[Sat Aug 13 16:30:35 2016]  say: ^0^^7ASAV^0^Sendrogro: € младшие классы закончил
[Sat Aug 13 16:30:38 2016]  say: kosher: ya student
[Sat Aug 13 16:30:43 2016]  say: ^1Eminem: cart nu kak tam dela prodvigaiutsa?
[Sat Aug 13 16:30:47 2016]  say: ^0^^7ASAV^0^Sendrogro: нормас
[Sat Aug 13 16:30:59 2016]  say: kosher: kak sonic_xx
[Sat Aug 13 16:31:03 2016]  say: ^1Eminem: hz
[Sat Aug 13 16:31:10 2016]  say: ^1Eminem: davno ego ne videl
[Sat Aug 13 16:31:14 2016]  say: kosher: videli ego fotki?
[Sat Aug 13 16:31:20 2016]  say: ^1Eminem: net
[Sat Aug 13 16:31:31 2016]  say: kosher: on lox
[Sat Aug 13 16:32:01 2016]  say: kosher: a ti ne kayman?
[Sat Aug 13 16:32:11 2016]  say: kosher: ili
[Sat Aug 13 16:32:15 2016]  say: kosher: avenger
[Sat Aug 13 16:32:19 2016]  say: ^1Eminem: cho ti do menya doebalsya
[Sat Aug 13 16:32:19 2016]  say: kosher: ya zabil ujhe
[Sat Aug 13 16:32:24 2016]  say: ^0^^7ASAV^0^Sendrogro: vnature
[Sat Aug 13 16:32:27 2016]  say: ^0^^7ASAV^0^Sendrogro: che doebalsya do nas
[Sat Aug 13 16:32:39 2016]  say: kosher: ne s kem poigrat'
[Sat Aug 13 16:32:46 2016]  say: kosher: odni shkolniki
[Sat Aug 13 16:32:48 2016]  say: ^0^^7ASAV^0^Sendrogro: nu tak ne travi dushu a vlivaysya
[Sat Aug 13 16:33:04 2016]  say: ^1Eminem: lol cart
[Sat Aug 13 16:33:06 2016]  say: ^1Eminem: smotri
[Sat Aug 13 16:33:09 2016]  say: ^0^^7ASAV^0^Sendrogro: shkolniki takoe ne delayt
[Sat Aug 13 16:33:16 2016]  say: ^0^^7ASAV^0^Sendrogro: 0_O
[Sat Aug 13 16:33:19 2016]  say: ^0^^7ASAV^0^Sendrogro: bacta tank
[Sat Aug 13 16:33:20 2016]  say: ^1Eminem: komne
[Sat Aug 13 16:33:20 2016]  say: ^0^^7ASAV^0^Sendrogro: nice
[Sat Aug 13 16:33:33 2016]  say: ^0^^7ASAV^0^Sendrogro: kuda k tebe
[Sat Aug 13 16:33:35 2016]  say: ^1Eminem: idi
[Sat Aug 13 16:33:38 2016]  say: ^0^^7ASAV^0^Sendrogro: agasdg
[Sat Aug 13 16:33:49 2016]  say: ^0^^7ASAV^0^Sendrogro: a
[Sat Aug 13 16:33:51 2016]  say: ^1Eminem: zelazai
[Sat Aug 13 16:33:51 2016]  say: ^0^^7ASAV^0^Sendrogro: lol
[Sat Aug 13 16:33:59 2016]  say: ^1Eminem: xd
[Sat Aug 13 16:34:07 2016]  say: ^1Eminem: onal'naya kishka
[Sat Aug 13 16:34:11 2016]  say: ^0^^7ASAV^0^Sendrogro: aga
[Sat Aug 13 16:34:14 2016]  say: ^0^^7ASAV^0^Sendrogro: kosh
[Sat Aug 13 16:34:17 2016]  say: ^0^^7ASAV^0^Sendrogro: go hatu pokaju
[Sat Aug 13 16:34:19 2016]  say: ^0^^7ASAV^0^Sendrogro: skromnuu
[Sat Aug 13 16:34:37 2016]  say: ^0^^7ASAV^0^Sendrogro: dodelivay
[Sat Aug 13 16:34:42 2016]  say: ^0^^7ASAV^0^Sendrogro: tut eshe raboti pizdec
[Sat Aug 13 16:34:43 2016]  say: kosher: norm
[Sat Aug 13 16:34:52 2016]  say: ^0^^7ASAV^0^Sendrogro: sad ohuenen
[Sat Aug 13 16:34:53 2016]  say: ^0^^7ASAV^0^Sendrogro: :3
[Sat Aug 13 16:35:13 2016]  say: ^1Eminem: ahaha cart xD
[Sat Aug 13 16:35:16 2016]  say: ^0^^7ASAV^0^Sendrogro: a
[Sat Aug 13 16:35:27 2016]  say: ^0^^7ASAV^0^Sendrogro: XDDDDDDDDd
[Sat Aug 13 16:35:30 2016]  say: ^0^^7ASAV^0^Sendrogro: tushu ebanuyy
[Sat Aug 13 16:35:33 2016]  say: ^0^^7ASAV^0^Sendrogro: pritashil ko mne
[Sat Aug 13 16:35:35 2016]  say: ^1Eminem: go jrat'
[Sat Aug 13 16:35:39 2016]  say: ^0^^7ASAV^0^Sendrogro: ahhaha
[Sat Aug 13 16:36:38 2016]  Kill: 1022 2 2: <world> killed kosher by MOD_MELEE
[Sat Aug 13 16:39:13 2016]  ClientDisconnect: 2
[Sat Aug 13 16:39:25 2016]  say: ^0^^7ASAV^0^Sendrogro: ahahaha
[Sat Aug 13 16:39:28 2016]  say: ^0^^7ASAV^0^Sendrogro: SLILSYA EBLAN
[Sat Aug 13 16:39:28 2016]  say: ^1Eminem: ?
[Sat Aug 13 16:39:30 2016]  say: ^0^^7ASAV^0^Sendrogro: WEYDED
[Sat Aug 13 16:39:31 2016]  say: ^1Eminem: xD
[Sat Aug 13 16:39:31 2016]  say: ^0^^7ASAV^0^Sendrogro: DDDDDDD
[Sat Aug 13 16:39:35 2016]  say: ^1Eminem: eto kto bil
[Sat Aug 13 16:39:38 2016]  say: ^0^^7ASAV^0^Sendrogro: ya hz
[Sat Aug 13 16:39:41 2016]  say: ^0^^7ASAV^0^Sendrogro: nick ranshe videl
[Sat Aug 13 16:39:47 2016]  say: ^0^^7ASAV^0^Sendrogro: uje i ne vspomnit
[Sat Aug 13 16:40:05 2016]  say: ^0^^7ASAV^0^Sendrogro: word, bratishka
[Sat Aug 13 16:40:09 2016]  say: ^1Eminem: as'
[Sat Aug 13 16:40:11 2016]  say: ^0^^7ASAV^0^Sendrogro: kak polku sdelat?
[Sat Aug 13 16:40:23 2016]  say: ^1Eminem: vot sha sam ishu
[Sat Aug 13 16:40:27 2016]  say: ^0^^7ASAV^0^Sendrogro: xDDDDDDdd
[Sat Aug 13 16:40:28 2016]  say: ^0^^7ASAV^0^Sendrogro: ahahaha
[Sat Aug 13 16:40:30 2016]  say: ^0^^7ASAV^0^Sendrogro: oru
[Sat Aug 13 16:40:30 2016]  say: ^1Eminem: xd
[Sat Aug 13 16:41:36 2016]  say: ^0^^7ASAV^0^Sendrogro: zaebis
[Sat Aug 13 16:41:39 2016]  say: ^0^^7ASAV^0^Sendrogro: nishu nashel
[Sat Aug 13 16:41:40 2016]  say: ^1Eminem: nashel?
[Sat Aug 13 16:41:43 2016]  say: ^0^^7ASAV^0^Sendrogro: nishu
[Sat Aug 13 16:41:44 2016]  say: ^0^^7ASAV^0^Sendrogro: xdd
[Sat Aug 13 16:41:46 2016]  say: ^1Eminem: xD
[Sat Aug 13 16:41:46 2016]  say: ^0^^7ASAV^0^Sendrogro: нишу
[Sat Aug 13 16:41:53 2016]  say: ^1Eminem: ya hz che eto
[Sat Aug 13 16:41:59 2016]  say: ^0^^7ASAV^0^Sendrogro: шкаф ебаный
[Sat Aug 13 16:42:04 2016]  say: ^1Eminem: aa
[Sat Aug 13 16:42:32 2016]  say: ^0^^7ASAV^0^Sendrogro: EBAT
[Sat Aug 13 16:42:35 2016]  say: ^0^^7ASAV^0^Sendrogro: MAGNITOFON
[Sat Aug 13 16:42:37 2016]  say: ^0^^7ASAV^0^Sendrogro: EBAT MENYA
[Sat Aug 13 16:42:39 2016]  say: ^0^^7ASAV^0^Sendrogro: SUKA
[Sat Aug 13 16:42:41 2016]  say: ^0^^7ASAV^0^Sendrogro: V JOPU
[Sat Aug 13 16:42:43 2016]  say: ^0^^7ASAV^0^Sendrogro: ahahahah
[Sat Aug 13 16:42:46 2016]  say: ^0^^7ASAV^0^Sendrogro: tp ko mne
[Sat Aug 13 16:42:58 2016]  say: ^0^^7ASAV^0^Sendrogro: ahahahahahah
[Sat Aug 13 16:42:59 2016]  say: ^0^^7ASAV^0^Sendrogro: SUKA
[Sat Aug 13 16:43:01 2016]  say: ^0^^7ASAV^0^Sendrogro: ORU
[Sat Aug 13 16:43:02 2016]  say: ^0^^7ASAV^0^Sendrogro: word
[Sat Aug 13 16:43:04 2016]  say: ^0^^7ASAV^0^Sendrogro: go ko mne
[Sat Aug 13 16:43:15 2016]  say: ^0^^7ASAV^0^Sendrogro: xDDDDDd
[Sat Aug 13 16:43:16 2016]  say: ^1Eminem: ADK:ALWd
[Sat Aug 13 16:43:18 2016]  say: ^1Eminem: lol
[Sat Aug 13 16:43:23 2016]  say: ^1Eminem: uiutno
[Sat Aug 13 16:43:26 2016]  say: ^0^^7ASAV^0^Sendrogro: dya
[Sat Aug 13 16:43:31 2016]  say: ^1Eminem: chto so stulom 
[Sat Aug 13 16:43:36 2016]  say: ^0^^7ASAV^0^Sendrogro: a
[Sat Aug 13 16:43:39 2016]  say: ^0^^7ASAV^0^Sendrogro: chert
[Sat Aug 13 16:44:26 2016]  say: ^1Eminem: las;dk;awkd
[Sat Aug 13 16:46:57 2016]  say: ^1Eminem: lol cart
[Sat Aug 13 16:47:04 2016]  say: ^0^^7ASAV^0^Sendrogro: xd
[Sat Aug 13 16:50:47 2016]  say: ^1Eminem: chto ya nashel
[Sat Aug 13 16:50:53 2016]  say: ^0^^7ASAV^0^Sendrogro: xDDD
[Sat Aug 13 16:50:55 2016]  say: ^0^^7ASAV^0^Sendrogro: viju
[Sat Aug 13 16:51:16 2016]  say: ^0^^7ASAV^0^Sendrogro: smotri che u menya est
[Sat Aug 13 16:51:22 2016]  say: ^1Eminem: sec
[Sat Aug 13 16:52:23 2016]  say: ^0^^7ASAV^0^Sendrogro: s
[Sat Aug 13 16:52:28 2016]  say: ^0^^7ASAV^0^Sendrogro: wtf
[Sat Aug 13 16:54:20 2016]  say: ^0^^7ASAV^0^Sendrogro: smotri
[Sat Aug 13 16:54:20 2016]  say: ^1Eminem: xd
[Sat Aug 13 16:54:22 2016]  say: ^1Eminem: wow
[Sat Aug 13 16:54:23 2016]  say: ^0^^7ASAV^0^Sendrogro: milenium
[Sat Aug 13 16:54:25 2016]  say: ^0^^7ASAV^0^Sendrogro: xD
[Sat Aug 13 16:54:27 2016]  say: ^1Eminem: xDDASKD:LWDk
[Sat Aug 13 16:54:32 2016]  say: ^0^^7ASAV^0^Sendrogro: keke
[Sat Aug 13 16:54:34 2016]  say: ^0^^7ASAV^0^Sendrogro: kak jivoy
[Sat Aug 13 16:54:38 2016]  say: ^1Eminem: skaji
[Sat Aug 13 16:54:40 2016]  say: ^1Eminem: kak ti sdelal stol
[Sat Aug 13 16:54:55 2016]  say: ^0^^7ASAV^0^Sendrogro: /cinematics/table
[Sat Aug 13 16:54:58 2016]  say: ^1Eminem: thx
[Sat Aug 13 16:55:01 2016]  say: ^0^^7ASAV^0^Sendrogro: :3
[Sat Aug 13 16:57:26 2016]  say: ^0^^7ASAV^0^Sendrogro: word
[Sat Aug 13 16:57:28 2016]  say: ^1Eminem: as'
[Sat Aug 13 16:57:30 2016]  say: ^0^^7ASAV^0^Sendrogro: ti de
[Sat Aug 13 16:57:32 2016]  say: ^1Eminem: tut lol
[Sat Aug 13 16:57:33 2016]  say: ^0^^7ASAV^0^Sendrogro: xdd
[Sat Aug 13 16:58:01 2016]  say: ^0^^7ASAV^0^Sendrogro: WOW
[Sat Aug 13 16:58:16 2016]  say: ^1Eminem: aga
[Sat Aug 13 16:58:17 2016]  say: ^1Eminem: lol
[Sat Aug 13 16:58:20 2016]  say: ^1Eminem: smari
[Sat Aug 13 16:58:30 2016]  say: ^1Eminem: oo
[Sat Aug 13 16:58:31 2016]  say: ^0^^7ASAV^0^Sendrogro: kek
[Sat Aug 13 16:58:33 2016]  say: ^1Eminem: skaji
[Sat Aug 13 16:58:34 2016]  say: ^1Eminem: gde ono
[Sat Aug 13 16:58:39 2016]  say: ^0^^7ASAV^0^Sendrogro: mplace roof_top/office_chair
[Sat Aug 13 16:58:42 2016]  say: ^1Eminem: thx
[Sat Aug 13 16:58:44 2016]  say: ^0^^7ASAV^0^Sendrogro: a krujka?
[Sat Aug 13 16:58:59 2016]  say: ^1Eminem: nar_shaddar/coffee_pot
[Sat Aug 13 16:59:05 2016]  say: ^0^^7ASAV^0^Sendrogro: thx
[Sat Aug 13 16:59:25 2016]  say: ^1Eminem: vot krujka
[Sat Aug 13 16:59:29 2016]  say: ^0^^7ASAV^0^Sendrogro: 0
[Sat Aug 13 16:59:30 2016]  say: ^0^^7ASAV^0^Sendrogro: nice
[Sat Aug 13 16:59:31 2016]  say: ^1Eminem: tam je
[Sat Aug 13 16:59:34 2016]  say: ^0^^7ASAV^0^Sendrogro: oke
[Sat Aug 13 16:59:34 2016]  say: ^1Eminem: tol'ko cup
[Sat Aug 13 17:00:57 2016]  say: ^0^^7ASAV^0^Sendrogro: mplace roof_top/storage_rack
[Sat Aug 13 17:01:00 2016]  say: ^0^^7ASAV^0^Sendrogro: ept
[Sat Aug 13 17:01:08 2016]  say: ^0^^7ASAV^0^Sendrogro: OOO
[Sat Aug 13 17:01:09 2016]  say: ^0^^7ASAV^0^Sendrogro: eto polka
[Sat Aug 13 17:01:11 2016]  say: ^0^^7ASAV^0^Sendrogro: SUKA
[Sat Aug 13 17:01:13 2016]  say: ^0^^7ASAV^0^Sendrogro: XDDDDDDDd
[Sat Aug 13 17:01:14 2016]  say: ^1Eminem: chto eto?
[Sat Aug 13 17:01:20 2016]  say: ^0^^7ASAV^0^Sendrogro: vot to chto ya napisal
[Sat Aug 13 17:01:22 2016]  say: ^0^^7ASAV^0^Sendrogro: eto polka
[Sat Aug 13 17:01:23 2016]  say: ^1Eminem: :ASLKD:LWDK
[Sat Aug 13 17:01:24 2016]  say: ^1Eminem: thx
[Sat Aug 13 17:02:31 2016]  say: ^1Eminem: ooo
[Sat Aug 13 17:02:35 2016]  say: ^0^^7ASAV^0^Sendrogro: ?
[Sat Aug 13 17:02:39 2016]  say: ^1Eminem: ya drugoi stol nashel
[Sat Aug 13 17:02:58 2016]  say: ^1Eminem: aj 2 drugih
[Sat Aug 13 17:02:58 2016]  say: ^0^^7ASAV^0^Sendrogro: de ti
[Sat Aug 13 17:03:02 2016]  say: ^1Eminem: tut
[Sat Aug 13 17:03:04 2016]  say: ^0^^7ASAV^0^Sendrogro: hehe
[Sat Aug 13 17:03:05 2016]  say: ^0^^7ASAV^0^Sendrogro: nice
[Sat Aug 13 17:03:18 2016]  say: ^0^^7ASAV^0^Sendrogro: masterskaya pryam
[Sat Aug 13 17:03:21 2016]  say: ^1Eminem: xdxd
[Sat Aug 13 17:03:28 2016]  say: ^0^^7ASAV^0^Sendrogro: xddd
[Sat Aug 13 17:08:03 2016]  say: ^1Eminem: lol
[Sat Aug 13 17:08:07 2016]  say: ^1Eminem: sdelai /model jawa
[Sat Aug 13 17:09:00 2016]  say: ^0^^7ASAV^0^Sendrogro: sha
[Sat Aug 13 17:09:02 2016]  say: ^0^^7ASAV^0^Sendrogro: pogod
[Sat Aug 13 17:11:10 2016]  say: ^0^^7ASAV^0^Sendrogro: hehe
[Sat Aug 13 17:11:11 2016]  say: ^0^^7ASAV^0^Sendrogro: go tp
[Sat Aug 13 17:11:16 2016]  say: ^1Eminem: sec
[Sat Aug 13 17:11:26 2016]  say: ^1Eminem: uiutno
[Sat Aug 13 17:11:26 2016]  say: ^0^^7ASAV^0^Sendrogro: ti de?
[Sat Aug 13 17:11:31 2016]  say: ^0^^7ASAV^0^Sendrogro: xddd
[Sat Aug 13 17:11:34 2016]  say: ^1Eminem: klsas
[Sat Aug 13 17:11:37 2016]  say: ^0^^7ASAV^0^Sendrogro: :3
[Sat Aug 13 17:12:30 2016]  say: ^1Eminem: cart
[Sat Aug 13 17:12:35 2016]  say: ^1Eminem: x y z
[Sat Aug 13 17:12:36 2016]  say: ^0^^7ASAV^0^Sendrogro: da?
[Sat Aug 13 17:12:39 2016]  say: ^0^^7ASAV^0^Sendrogro: che et
[Sat Aug 13 17:12:39 2016]  say: ^1Eminem: z eto je visota?
[Sat Aug 13 17:12:45 2016]  say: ^0^^7ASAV^0^Sendrogro: y 
[Sat Aug 13 17:12:47 2016]  say: ^1Eminem: thx
[Sat Aug 13 17:12:48 2016]  say: ^0^^7ASAV^0^Sendrogro: eto visota
[Sat Aug 13 17:12:55 2016]  say: ^0^^7ASAV^0^Sendrogro: a pogod
[Sat Aug 13 17:12:56 2016]  say: ^0^^7ASAV^0^Sendrogro: vashe
[Sat Aug 13 17:13:03 2016]  say: ^0^^7ASAV^0^Sendrogro: tam po ebanutomu
[Sat Aug 13 17:13:04 2016]  say: ^0^^7ASAV^0^Sendrogro: xdd
[Sat Aug 13 17:13:10 2016]  say: ^1Eminem: lan
[Sat Aug 13 17:13:14 2016]  say: ^0^^7ASAV^0^Sendrogro: vashe vezde Y eto visota
[Sat Aug 13 17:13:17 2016]  say: ^0^^7ASAV^0^Sendrogro: x - shirina
[Sat Aug 13 17:13:35 2016]  say: ^0^^7ASAV^0^Sendrogro: vspomni ebanyy geometriy.algebru
[Sat Aug 13 17:13:36 2016]  say: ^0^^7ASAV^0^Sendrogro: xdd
[Sat Aug 13 17:14:01 2016]  say: ^0^^7ASAV^0^Sendrogro: WOWOWOWOWO
[Sat Aug 13 17:14:29 2016]  say: ^0^^7ASAV^0^Sendrogro: shikarno
[Sat Aug 13 17:14:33 2016]  say: ^0^^7ASAV^0^Sendrogro: banka piva est
[Sat Aug 13 17:14:34 2016]  say: ^0^^7ASAV^0^Sendrogro: :3
[Sat Aug 13 17:19:28 2016]  say: ^1Eminem: cart tp
[Sat Aug 13 17:19:29 2016]  say: ^1Eminem: pls
[Sat Aug 13 17:19:39 2016]  say: ^0^^7ASAV^0^Sendrogro: VO
[Sat Aug 13 17:19:40 2016]  say: ^0^^7ASAV^0^Sendrogro: popal
[Sat Aug 13 17:19:43 2016]  say: ^0^^7ASAV^0^Sendrogro: nakonec to
[Sat Aug 13 17:19:43 2016]  say: ^1Eminem: TPPTPTPTP
[Sat Aug 13 17:19:44 2016]  say: ^1Eminem: PTPTTPTPTPP
[Sat Aug 13 17:19:45 2016]  say: ^1Eminem: PTPTPTPTP
[Sat Aug 13 17:19:46 2016]  say: ^1Eminem: PTPTPTPT
[Sat Aug 13 17:19:47 2016]  say: ^1Eminem: pTPTPTPTP
[Sat Aug 13 17:19:48 2016]  say: ^1Eminem: TP
[Sat Aug 13 17:19:50 2016]  say: ^1Eminem: PTPTPT
[Sat Aug 13 17:20:00 2016]  say: ^1Eminem: pomogi
[Sat Aug 13 17:20:03 2016]  say: ^0^^7ASAV^0^Sendrogro: sha
[Sat Aug 13 17:20:06 2016]  say: ^0^^7ASAV^0^Sendrogro: kak sohranit?
[Sat Aug 13 17:20:09 2016]  say: ^0^^7ASAV^0^Sendrogro: zabil opyat
[Sat Aug 13 17:20:11 2016]  say: ^1Eminem: nado chtob ona v verh vodnimalas'
[Sat Aug 13 17:20:12 2016]  say: ^0^^7ASAV^0^Sendrogro: -_-
[Sat Aug 13 17:20:14 2016]  say: ^1Eminem: msaveobs
[Sat Aug 13 17:20:44 2016]  say: ^0^^7ASAV^0^Sendrogro: ok
[Sat Aug 13 17:21:02 2016]  say: ^0^^7ASAV^0^Sendrogro: wtf
[Sat Aug 13 17:21:04 2016]  say: ^1Eminem: smotri
[Sat Aug 13 17:21:11 2016]  say: ^1Eminem: postav'
[Sat Aug 13 17:21:12 2016]  say: ^1Eminem: toje
[Sat Aug 13 17:21:18 2016]  say: ^1Eminem: chenit'
[Sat Aug 13 17:21:20 2016]  say: ^1Eminem: postav'
[Sat Aug 13 17:21:32 2016]  say: ^1Eminem: nuu
[Sat Aug 13 17:21:34 2016]  say: ^0^^7ASAV^0^Sendrogro: postavit?
[Sat Aug 13 17:21:36 2016]  say: ^0^^7ASAV^0^Sendrogro: prosto?
[Sat Aug 13 17:21:36 2016]  say: ^1Eminem: da
[Sat Aug 13 17:21:43 2016]  say: ^1Eminem: teper' mdoor
[Sat Aug 13 17:21:47 2016]  say: ^1Eminem: poprobui
[Sat Aug 13 17:22:00 2016]  say: ^0^^7ASAV^0^Sendrogro: x y z?
[Sat Aug 13 17:22:01 2016]  say: ^0^^7ASAV^0^Sendrogro: xd
[Sat Aug 13 17:22:02 2016]  say: ^1Eminem: da
[Sat Aug 13 17:22:09 2016]  say: ^1Eminem: ne ponimaiu kak chtob ona v verh
[Sat Aug 13 17:22:29 2016]  say: ^1Eminem: chto ti napisal
[Sat Aug 13 17:22:37 2016]  say: ^0^^7ASAV^0^Sendrogro: mdoor 0 100 0
[Sat Aug 13 17:23:17 2016]  say: ^1Eminem: ya napisal 0 0 100
[Sat Aug 13 17:23:20 2016]  say: ^1Eminem: ona tak je kak u tebya
[Sat Aug 13 17:23:26 2016]  say: ^0^^7ASAV^0^Sendrogro: xddd
[Sat Aug 13 17:23:53 2016]  say: ^1Eminem: oo
[Sat Aug 13 17:23:54 2016]  say: ^0^^7ASAV^0^Sendrogro: wo
[Sat Aug 13 17:23:55 2016]  say: ^1Eminem: kak
[Sat Aug 13 17:23:57 2016]  say: ^0^^7ASAV^0^Sendrogro: 100 0 0
[Sat Aug 13 17:24:14 2016]  say: ^0^^7ASAV^0^Sendrogro: :3
[Sat Aug 13 17:24:17 2016]  say: ^1Eminem: stoi
[Sat Aug 13 17:24:19 2016]  say: ^1Eminem: a na verh
[Sat Aug 13 17:24:21 2016]  say: ^1Eminem: pomogi!I!H!#$.!@
[Sat Aug 13 17:24:25 2016]  say: ^0^^7ASAV^0^Sendrogro: ok
[Sat Aug 13 17:25:54 2016]  say: ^0^^7ASAV^0^Sendrogro: chet ey pohuy
[Sat Aug 13 17:26:01 2016]  say: ^1Eminem: ne uhodi
[Sat Aug 13 17:26:51 2016]  say: ^0^^7ASAV^0^Sendrogro: mb svobodnoe prostranstvo nado?
[Sat Aug 13 17:27:23 2016]  say: ^1Eminem: da lbya
[Sat Aug 13 17:27:37 2016]  say: ^0^^7ASAV^0^Sendrogro: tak tam je 2 dveri
[Sat Aug 13 17:27:40 2016]  say: ^0^^7ASAV^0^Sendrogro: ona i eblanit
[Sat Aug 13 17:27:41 2016]  say: ^0^^7ASAV^0^Sendrogro: xD
[Sat Aug 13 17:27:59 2016]  say: ^0^^7ASAV^0^Sendrogro: ahhaha
[Sat Aug 13 17:28:00 2016]  say: ^1Eminem: lol
[Sat Aug 13 17:28:01 2016]  say: ^0^^7ASAV^0^Sendrogro: nu konecno
[Sat Aug 13 17:28:02 2016]  say: ^0^^7ASAV^0^Sendrogro: lol
[Sat Aug 13 17:28:04 2016]  say: ^0^^7ASAV^0^Sendrogro: smotri
[Sat Aug 13 17:28:12 2016]  say: ^1Eminem: siuda
[Sat Aug 13 17:28:14 2016]  say: ^1Eminem: esli podhodish
[Sat Aug 13 17:28:18 2016]  say: ^0^^7ASAV^0^Sendrogro: viish?
[Sat Aug 13 17:28:20 2016]  say: ^1Eminem: da
[Sat Aug 13 17:28:33 2016]  say: ^0^^7ASAV^0^Sendrogro: ponyal kak delat?
[Sat Aug 13 17:28:36 2016]  say: ^1Eminem: net
[Sat Aug 13 17:28:40 2016]  say: ^0^^7ASAV^0^Sendrogro: ti suka
[Sat Aug 13 17:28:43 2016]  say: ^0^^7ASAV^0^Sendrogro: ee na eshe 1 mehanizm
[Sat Aug 13 17:28:45 2016]  say: ^0^^7ASAV^0^Sendrogro: veshaesh
[Sat Aug 13 17:28:49 2016]  say: ^0^^7ASAV^0^Sendrogro: tam uje est mdor
[Sat Aug 13 17:28:50 2016]  say: ^1Eminem: kakoy
[Sat Aug 13 17:28:52 2016]  say: ^0^^7ASAV^0^Sendrogro: ne tupi
[Sat Aug 13 17:28:55 2016]  say: ^0^^7ASAV^0^Sendrogro: da standartniy
[Sat Aug 13 17:28:57 2016]  say: ^0^^7ASAV^0^Sendrogro: otoidi
[Sat Aug 13 17:29:01 2016]  say: ^0^^7ASAV^0^Sendrogro: ona tupit iz za etogo
[Sat Aug 13 17:29:09 2016]  say: ^1Eminem: neet
[Sat Aug 13 17:29:10 2016]  say: ^1Eminem: smotri
[Sat Aug 13 17:29:12 2016]  say: ^0^^7ASAV^0^Sendrogro: smotri
[Sat Aug 13 17:29:14 2016]  say: ^0^^7ASAV^0^Sendrogro: zavisla tupo
[Sat Aug 13 17:29:15 2016]  say: ^1Eminem: uidi
[Sat Aug 13 17:29:23 2016]  say: ^1Eminem: vidish
[Sat Aug 13 17:29:27 2016]  say: ^1Eminem: podhodish siuda
[Sat Aug 13 17:29:46 2016]  say: ^0^^7ASAV^0^Sendrogro: xd
[Sat Aug 13 17:29:58 2016]  say: ^1Eminem: da ebaniy nasral
[Sat Aug 13 17:30:00 2016]  say: ^0^^7ASAV^0^Sendrogro: poshel sebe dver delat
[Sat Aug 13 17:30:38 2016]  say: ^0^^7ASAV^0^Sendrogro: mlist vjun
[Sat Aug 13 17:30:58 2016]  say: ^1Eminem: uberi
[Sat Aug 13 17:31:01 2016]  say: ^1Eminem: svoi huiniu
[Sat Aug 13 17:31:05 2016]  say: ^1Eminem: CART
[Sat Aug 13 17:31:08 2016]  say: ^1Eminem: UBERII
[Sat Aug 13 17:31:09 2016]  say: ^0^^7ASAV^0^Sendrogro: DA SEYCASH
[Sat Aug 13 17:31:10 2016]  say: ^1Eminem: CAAART
[Sat Aug 13 17:31:13 2016]  say: ^1Eminem: NU CAAARTIR
[Sat Aug 13 17:31:15 2016]  say: ^1Eminem: NU CARRARARARAR
[Sat Aug 13 17:31:16 2016]  say: ^1Eminem: CAR CAR
[Sat Aug 13 17:31:19 2016]  say: ^1Eminem: BEEP BEEP
[Sat Aug 13 17:31:22 2016]  say: ^0^^7ASAV^0^Sendrogro: FLAME
[Sat Aug 13 17:31:24 2016]  say: ^1Eminem: ...
[Sat Aug 13 17:31:25 2016]  say: ^1Eminem: sory
[Sat Aug 13 17:31:37 2016]  say: ^1Eminem: bistree pls
[Sat Aug 13 17:31:57 2016]  say: ^1Eminem: ti dolgo net?!!?!?!@lsrd,;tzdr,gchcd'kl
[Sat Aug 13 17:32:08 2016]  say: ^0^^7ASAV^0^Sendrogro: ehe
[Sat Aug 13 17:32:19 2016]  say: ^1Eminem: uberi
[Sat Aug 13 17:32:19 2016]  say: ^0^^7ASAV^0^Sendrogro: kakuu
[Sat Aug 13 17:32:47 2016]  say: ^0^^7ASAV^0^Sendrogro: suka
[Sat Aug 13 17:32:52 2016]  say: ^0^^7ASAV^0^Sendrogro: ohuneeiy u menya domik
[Sat Aug 13 17:32:53 2016]  say: ^0^^7ASAV^0^Sendrogro: :#
[Sat Aug 13 17:33:30 2016]  say: ^1Eminem: DAKLJ LKWDJKL
[Sat Aug 13 17:33:31 2016]  say: ^1Eminem: ASK:LJDALWKDJKLAWJD
[Sat Aug 13 17:33:34 2016]  say: ^1Eminem: DA HULE ONA
[Sat Aug 13 17:33:38 2016]  say: ^1Eminem: kak ti sdelal dver'
[Sat Aug 13 17:33:46 2016]  say: ^1Eminem: CAAART
[Sat Aug 13 17:33:46 2016]  say: ^0^^7ASAV^0^Sendrogro: u menya netu 2 mehanizma
[Sat Aug 13 17:33:48 2016]  say: ^0^^7ASAV^0^Sendrogro: vot i vse
[Sat Aug 13 17:33:51 2016]  say: ^0^^7ASAV^0^Sendrogro: a u tebya est
[Sat Aug 13 17:33:57 2016]  say: ^1Eminem: nu ti chto propisal
[Sat Aug 13 17:33:57 2016]  say: ^0^^7ASAV^0^Sendrogro: no ti je menya ne slushaesh
[Sat Aug 13 17:34:03 2016]  say: ^0^^7ASAV^0^Sendrogro: mdoor 100 0 0
[Sat Aug 13 17:34:19 2016]  say: ^1Eminem: nu vot ya otoshel
[Sat Aug 13 17:34:52 2016]  say: ^0^^7ASAV^0^Sendrogro: i che
[Sat Aug 13 17:35:02 2016]  say: ^0^^7ASAV^0^Sendrogro: xdd
[Sat Aug 13 17:35:09 2016]  say: ^1Eminem: siuda
[Sat Aug 13 17:35:10 2016]  say: ^1Eminem: na pole idi
[Sat Aug 13 17:35:19 2016]  say: ^1Eminem: ya propisal 0 2000 0
[Sat Aug 13 17:35:26 2016]  say: ^0^^7ASAV^0^Sendrogro: tak
[Sat Aug 13 17:35:26 2016]  say: ^1Eminem: hule ona tak malo sdvigaet
[Sat Aug 13 17:35:29 2016]  say: ^0^^7ASAV^0^Sendrogro: xd
[Sat Aug 13 17:35:31 2016]  say: ^0^^7ASAV^0^Sendrogro: ahah
[Sat Aug 13 17:35:39 2016]  say: ^0^^7ASAV^0^Sendrogro: poprobuy scale propisat takoy je
[Sat Aug 13 17:35:41 2016]  say: ^0^^7ASAV^0^Sendrogro: on tebe vidast
[Sat Aug 13 17:35:47 2016]  say: ^1Eminem: svm
[Sat Aug 13 17:35:47 2016]  say: ^0^^7ASAV^0^Sendrogro: maximum 10
[Sat Aug 13 17:35:49 2016]  say: ^0^^7ASAV^0^Sendrogro: i vse
[Sat Aug 13 17:35:50 2016]  say: ^1Eminem: kakoy takoije
[Sat Aug 13 17:35:55 2016]  say: ^0^^7ASAV^0^Sendrogro: tut prikol  v  tom
[Sat Aug 13 17:35:59 2016]  say: ^0^^7ASAV^0^Sendrogro: chto max znachenie
[Sat Aug 13 17:36:00 2016]  say: ^0^^7ASAV^0^Sendrogro: eto 10
[Sat Aug 13 17:36:07 2016]  say: ^0^^7ASAV^0^Sendrogro: ono idet v koefficiente
[Sat Aug 13 17:36:09 2016]  say: ^0^^7ASAV^0^Sendrogro: t'e
[Sat Aug 13 17:36:12 2016]  say: ^0^^7ASAV^0^Sendrogro: esli ti napishehs
[Sat Aug 13 17:36:22 2016]  say: ^0^^7ASAV^0^Sendrogro: 29 
[Sat Aug 13 17:36:23 2016]  say: ^1Eminem: nu pro scale ya znaiu
[Sat Aug 13 17:36:25 2016]  say: ^0^^7ASAV^0^Sendrogro: eto budet ravno 9
[Sat Aug 13 17:36:25 2016]  say: ^1Eminem: DA ZNAIU
[Sat Aug 13 17:36:38 2016]  say: ^0^^7ASAV^0^Sendrogro: xd
[Sat Aug 13 17:36:41 2016]  say: ^1Eminem: i che
[Sat Aug 13 17:36:44 2016]  say: ^0^^7ASAV^0^Sendrogro: a tut ya hz kak rabotaet
[Sat Aug 13 17:36:46 2016]  say: ^0^^7ASAV^0^Sendrogro: chestn
[Sat Aug 13 17:36:53 2016]  say: ^1Eminem: emm
[Sat Aug 13 17:37:01 2016]  say: ^1Eminem: chto to ne to s makerom
[Sat Aug 13 17:38:13 2016]  Kill: 1 1 39: ^0^^7ASAV^0^Sendrogro killed ^0^^7ASAV^0^Sendrogro by MOD_SUICIDE
[Sat Aug 13 17:38:54 2016]  say: ^1Eminem: yra eb vashu mamashu
[Sat Aug 13 17:38:57 2016]  say: ^0^^7ASAV^0^Sendrogro: xD
[Sat Aug 13 17:40:53 2016]  say: ^1Eminem: sadjkalwkdj
[Sat Aug 13 17:40:54 2016]  say: ^1Eminem: cart
[Sat Aug 13 17:40:56 2016]  say: ^0^^7ASAV^0^Sendrogro: a
[Sat Aug 13 17:40:57 2016]  say: ^1Eminem: ya ponyal kak udalyat'
[Sat Aug 13 17:41:03 2016]  say: ^0^^7ASAV^0^Sendrogro: kek
[Sat Aug 13 17:41:05 2016]  say: ^0^^7ASAV^0^Sendrogro: kak
[Sat Aug 13 17:41:09 2016]  say: ^1Eminem: pishi mlistobs 
[Sat Aug 13 17:41:17 2016]  say: ^1Eminem: potom mselect <id>
[Sat Aug 13 17:42:37 2016]  say: ^0^^7ASAV^0^Sendrogro: da krch v pizdu
[Sat Aug 13 17:42:41 2016]  say: ^0^^7ASAV^0^Sendrogro: ya ne ebu kakaya ona
[Sat Aug 13 17:42:43 2016]  say: ^0^^7ASAV^0^Sendrogro: iz tolpi
[Sat Aug 13 17:44:50 2016]  say: ^0^^7ASAV^0^Sendrogro: DA SUKA
[Sat Aug 13 17:44:54 2016]  say: ^0^^7ASAV^0^Sendrogro: YA TEBYA POUIMAL
[Sat Aug 13 17:44:56 2016]  say: ^0^^7ASAV^0^Sendrogro: HUYLUSHA
[Sat Aug 13 17:44:59 2016]  say: ^0^^7ASAV^0^Sendrogro: POSHLA NAHHUY
[Sat Aug 13 17:45:04 2016]  say: ^0^^7ASAV^0^Sendrogro: URA
[Sat Aug 13 17:45:10 2016]  say: ^1Eminem: xD
[Sat Aug 13 17:45:18 2016]  say: ^0^^7ASAV^0^Sendrogro: ne nu a hule ona
[Sat Aug 13 17:46:39 2016]  say: ^1Eminem: cart
[Sat Aug 13 17:46:40 2016]  say: ^1Eminem: smotri
[Sat Aug 13 17:46:41 2016]  say: ^0^^7ASAV^0^Sendrogro: a
[Sat Aug 13 17:46:52 2016]  say: ^1Eminem: poprobui voiti
[Sat Aug 13 17:46:54 2016]  say: ^1Eminem: prigni
[Sat Aug 13 17:47:03 2016]  say: ^1Eminem: blya
[Sat Aug 13 17:47:03 2016]  say: ^0^^7ASAV^0^Sendrogro: wat
[Sat Aug 13 17:47:13 2016]  say: ^1Eminem: syka
[Sat Aug 13 17:47:13 2016]  say: ^0^^7ASAV^0^Sendrogro: passworded
[Sat Aug 13 17:47:18 2016]  say: ^1Eminem: DAAA
[Sat Aug 13 17:47:22 2016]  say: ^1Eminem: daaa ya sdelal eto
[Sat Aug 13 17:47:24 2016]  say: ^0^^7ASAV^0^Sendrogro: xd
[Sat Aug 13 17:47:26 2016]  say: ^1Eminem: pass sosipisos
[Sat Aug 13 17:47:26 2016]  say: ^0^^7ASAV^0^Sendrogro: n1
[Sat Aug 13 17:47:33 2016]  say: ^0^^7ASAV^0^Sendrogro: xddd
[Sat Aug 13 17:47:44 2016]  say: ^0^^7ASAV^0^Sendrogro: pass noclip
[Sat Aug 13 17:47:54 2016]  say: ^0^^7ASAV^0^Sendrogro: go pokaju
[Sat Aug 13 17:47:54 2016]  say: ^1Eminem: smotri
[Sat Aug 13 17:47:55 2016]  say: ^0^^7ASAV^0^Sendrogro: koe che
[Sat Aug 13 17:48:16 2016]  say: ^0^^7ASAV^0^Sendrogro: obshivka
[Sat Aug 13 17:48:17 2016]  say: ^0^^7ASAV^0^Sendrogro: doma
[Sat Aug 13 17:48:19 2016]  say: ^0^^7ASAV^0^Sendrogro: novaya
[Sat Aug 13 17:48:21 2016]  say: ^0^^7ASAV^0^Sendrogro: stekla
[Sat Aug 13 17:48:28 2016]  say: ^1Eminem: sa;djaw
[Sat Aug 13 17:48:30 2016]  say: ^1Eminem: aga
[Sat Aug 13 17:48:33 2016]  say: ^0^^7ASAV^0^Sendrogro: i eshe
[Sat Aug 13 17:48:35 2016]  say: ^0^^7ASAV^0^Sendrogro: go naevrh
[Sat Aug 13 17:48:42 2016]  say: ^0^^7ASAV^0^Sendrogro: po polenu
[Sat Aug 13 17:48:47 2016]  say: ^0^^7ASAV^0^Sendrogro: tut delat budu
[Sat Aug 13 17:48:55 2016]  say: ^1Eminem: chto delat' budesh?
[Sat Aug 13 17:48:58 2016]  say: ^0^^7ASAV^0^Sendrogro: huy znaet
[Sat Aug 13 17:49:00 2016]  say: ^0^^7ASAV^0^Sendrogro: SAD
[Sat Aug 13 17:49:02 2016]  say: ^0^^7ASAV^0^Sendrogro: XDDDDDDDDDDDDDDDDDDDDDDd
[Sat Aug 13 17:49:04 2016]  say: ^1Eminem: xDASDJLKWADJ
[Sat Aug 13 17:49:06 2016]  say: ^1Eminem: hvatit sada
[Sat Aug 13 17:49:09 2016]  say: ^0^^7ASAV^0^Sendrogro: da
[Sat Aug 13 17:49:21 2016]  say: ^0^^7ASAV^0^Sendrogro: nado kstate
[Sat Aug 13 17:49:26 2016]  say: ^0^^7ASAV^0^Sendrogro: teleport naverh sdelat
[Sat Aug 13 17:53:00 2016]  say: ^0^^7ASAV^0^Sendrogro: tak
[Sat Aug 13 17:53:04 2016]  say: ^0^^7ASAV^0^Sendrogro: pora pokurit i possat
[Sat Aug 13 17:53:05 2016]  say: ^0^^7ASAV^0^Sendrogro: afk
[Sat Aug 13 17:53:08 2016]  say: ^0^^7ASAV^0^Sendrogro: esi che
[Sat Aug 13 17:53:12 2016]  say: ^1Eminem: stoi
[Sat Aug 13 17:53:19 2016]  say: ^0^^7ASAV^0^Sendrogro: stoy
[Sat Aug 13 17:53:24 2016]  say: ^1Eminem: idi komne
[Sat Aug 13 17:53:26 2016]  say: ^1Eminem: posmotri :D
[Sat Aug 13 17:53:36 2016]  say: ^1Eminem: xd
[Sat Aug 13 17:53:37 2016]  say: ^0^^7ASAV^0^Sendrogro: niiiiice
[Sat Aug 13 17:53:40 2016]  say: ^0^^7ASAV^0^Sendrogro: vashe atas
[Sat Aug 13 17:53:52 2016]  say: ^0^^7ASAV^0^Sendrogro: really cul
[Sat Aug 13 17:54:05 2016]  say: ^1Eminem: o
[Sat Aug 13 17:54:06 2016]  say: ^0^^7ASAV^0^Sendrogro: hehe
[Sat Aug 13 17:54:08 2016]  say: ^0^^7ASAV^0^Sendrogro: afk
[Sat Aug 13 17:54:11 2016]  say: ^1Eminem: davay
[Sat Aug 13 17:58:41 2016]  say: ^0^^7ASAV^0^Sendrogro: bu
[Sat Aug 13 17:58:41 2016]  say: ^1Eminem: asdaw;dkj
[Sat Aug 13 17:58:42 2016]  say: ^1Eminem: ne pugai
[Sat Aug 13 17:58:42 2016]  say: ^0^^7ASAV^0^Sendrogro: xdd
[Sat Aug 13 17:59:24 2016]  say: ^0^^7ASAV^0^Sendrogro: che u tebya tak bezhozno
[Sat Aug 13 17:59:47 2016]  say: ^1Eminem: chto?
[Sat Aug 13 18:00:01 2016]  say: ^0^^7ASAV^0^Sendrogro: beshozno
[Sat Aug 13 18:00:09 2016]  say: ^0^^7ASAV^0^Sendrogro: 0_O
[Sat Aug 13 18:00:39 2016]  say: ^1Eminem: oo
[Sat Aug 13 18:00:41 2016]  say: ^1Eminem: tp komne
[Sat Aug 13 18:00:49 2016]  say: ^1Eminem: AELEE
[Sat Aug 13 18:00:50 2016]  say: ^1Eminem: ALEE
[Sat Aug 13 18:00:52 2016]  say: ^1Eminem: LEEl
[Sat Aug 13 18:00:53 2016]  say: ^1Eminem: ALELELE
[Sat Aug 13 18:00:54 2016]  say: ^1Eminem: ALELELEL
[Sat Aug 13 18:00:55 2016]  say: ^1Eminem: ALALELELEL
[Sat Aug 13 18:00:56 2016]  say: ^1Eminem: LELELELELE
[Sat Aug 13 18:00:58 2016]  say: ^0^^7ASAV^0^Sendrogro: xd
[Sat Aug 13 18:01:06 2016]  say: ^1Eminem: slishis?
[Sat Aug 13 18:01:20 2016]  say: ^1Eminem: da?
[Sat Aug 13 18:01:21 2016]  say: ^1Eminem: net?
[Sat Aug 13 18:01:22 2016]  say: ^0^^7ASAV^0^Sendrogro: da
[Sat Aug 13 18:01:33 2016]  say: ^0^^7ASAV^0^Sendrogro: vzriv delay
[Sat Aug 13 18:01:38 2016]  say: ^0^^7ASAV^0^Sendrogro: chto bi obosralis
[Sat Aug 13 18:03:02 2016]  say: ^0^^7ASAV^0^Sendrogro: tika
[Sat Aug 13 18:03:04 2016]  say: ^0^^7ASAV^0^Sendrogro: tiha
[Sat Aug 13 18:03:05 2016]  say: ^0^^7ASAV^0^Sendrogro: smare
[Sat Aug 13 18:03:11 2016]  say: ^1Eminem: smotri
[Sat Aug 13 18:03:14 2016]  say: ^0^^7ASAV^0^Sendrogro: go v niz
[Sat Aug 13 18:03:14 2016]  say: ^1Eminem: ti de
[Sat Aug 13 18:03:21 2016]  say: ^0^^7ASAV^0^Sendrogro: sad
[Sat Aug 13 18:03:24 2016]  say: ^0^^7ASAV^0^Sendrogro: heheh
[Sat Aug 13 18:03:26 2016]  say: ^0^^7ASAV^0^Sendrogro: vidish
[Sat Aug 13 18:03:27 2016]  say: ^0^^7ASAV^0^Sendrogro: watafa
[Sat Aug 13 18:03:29 2016]  Kill: 1022 1 38: <world> killed ^0^^7ASAV^0^Sendrogro by MOD_FALLING
[Sat Aug 13 18:03:45 2016]  say: ^0^^7ASAV^0^Sendrogro: WAT
[Sat Aug 13 18:03:46 2016]  Kill: 0 1 37: ^1Eminem killed ^0^^7ASAV^0^Sendrogro by MOD_TELEFRAG
[Sat Aug 13 18:03:46 2016]  say: ^0^^7ASAV^0^Sendrogro: WAT
[Sat Aug 13 18:03:49 2016]  say: ^0^^7ASAV^0^Sendrogro: KUDA
[Sat Aug 13 18:03:52 2016]  say: ^0^^7ASAV^0^Sendrogro: pochemu suda to
[Sat Aug 13 18:04:18 2016]  say: ^0^^7ASAV^0^Sendrogro: wtf
[Sat Aug 13 18:04:21 2016]  say: ^1Eminem: ?
[Sat Aug 13 18:04:21 2016]  say: ^0^^7ASAV^0^Sendrogro: ti che daelaesh
[Sat Aug 13 18:05:14 2016]  say: ^0^^7ASAV^0^Sendrogro: xdd
[Sat Aug 13 18:05:43 2016]  say: ^1Eminem: ^8 shhhh shhh shh b00m
[Sat Aug 13 18:05:51 2016]  say: ^0^^7ASAV^0^Sendrogro: da ebana
[Sat Aug 13 18:05:54 2016]  say: ^0^^7ASAV^0^Sendrogro: prekrati
[Sat Aug 13 18:05:57 2016]  say: ^0^^7ASAV^0^Sendrogro: damajit je
[Sat Aug 13 18:06:15 2016]  say: ^0^^7ASAV^0^Sendrogro: wtf
[Sat Aug 13 18:06:17 2016]  say: ^1Eminem: ^1particle cannon
[Sat Aug 13 18:06:24 2016]  say: ^0^^7ASAV^0^Sendrogro: ...
[Sat Aug 13 18:06:41 2016]  say: ^0^^7ASAV^0^Sendrogro: che za
[Sat Aug 13 18:06:49 2016]  say: ^0^^7ASAV^0^Sendrogro: wtf
[Sat Aug 13 18:06:52 2016]  say: ^0^^7ASAV^0^Sendrogro: ne ti posmotri
[Sat Aug 13 18:06:52 2016]  say: ^1Eminem: ^7atmospheric lens is activated
[Sat Aug 13 18:07:04 2016]  say: ^1Eminem: ti o chem?
[Sat Aug 13 18:07:11 2016]  say: ^1Eminem: z
[Sat Aug 13 18:07:11 2016]  say: ^0^^7ASAV^0^Sendrogro: ...
[Sat Aug 13 18:07:14 2016]  say: ^1Eminem: hz
[Sat Aug 13 18:07:23 2016]  say: ^1Eminem: ^3my ship....
[Sat Aug 13 18:07:48 2016]  say: ^0^^7ASAV^0^Sendrogro: xd
[Sat Aug 13 18:08:53 2016]  say: ^0^^7ASAV^0^Sendrogro: nado eshe kogo to
[Sat Aug 13 18:08:56 2016]  say: ^0^^7ASAV^0^Sendrogro: iz ludey
[Sat Aug 13 18:08:57 2016]  say: ^0^^7ASAV^0^Sendrogro: xddd
[Sat Aug 13 18:09:00 2016]  say: ^1Eminem: ASKD:LWAJLK
[Sat Aug 13 18:09:02 2016]  say: ^1Eminem: kart
[Sat Aug 13 18:09:05 2016]  say: ^0^^7ASAV^0^Sendrogro: a
[Sat Aug 13 18:09:09 2016]  say: ^1Eminem: u tebya tut klass komnata
[Sat Aug 13 18:09:23 2016]  say: ^1Eminem: blya
[Sat Aug 13 18:09:27 2016]  say: ^1Eminem: mojno mne ee?
[Sat Aug 13 18:09:30 2016]  say: ^0^^7ASAV^0^Sendrogro: aga
[Sat Aug 13 18:09:35 2016]  say: ^1Eminem: ya poshutil
[Sat Aug 13 18:09:40 2016]  say: ^0^^7ASAV^0^Sendrogro: :?
[Sat Aug 13 18:09:43 2016]  say: ^0^^7ASAV^0^Sendrogro: :/
[Sat Aug 13 18:11:03 2016]  say: ^1Eminem: ^3my ship....
[Sat Aug 13 18:11:11 2016]  say: ^1Eminem: smotri
[Sat Aug 13 18:11:16 2016]  say: ^1Eminem: idi siuda
[Sat Aug 13 18:11:38 2016]  say: ^0^^7ASAV^0^Sendrogro: nahuya ti mne agon sdelal
[Sat Aug 13 18:11:40 2016]  say: ^0^^7ASAV^0^Sendrogro: i s'ebal
[Sat Aug 13 18:11:52 2016]  say: ^1Eminem: ya sluch
[Sat Aug 13 18:11:54 2016]  say: ^1Eminem: xdD
[Sat Aug 13 18:11:56 2016]  say: ^0^^7ASAV^0^Sendrogro: xd
[Sat Aug 13 18:12:20 2016]  say: ^1Eminem: go effecti testit'
[Sat Aug 13 18:12:23 2016]  say: ^0^^7ASAV^0^Sendrogro: go
[Sat Aug 13 18:14:02 2016]  say: ^0^^7ASAV^0^Sendrogro: kak effecti delat?
[Sat Aug 13 18:14:10 2016]  say: ^1Eminem: mlistfx
[Sat Aug 13 18:14:11 2016]  say: ^0^^7ASAV^0^Sendrogro: xd
[Sat Aug 13 18:14:13 2016]  say: ^1Eminem: mplacexf
[Sat Aug 13 18:14:18 2016]  say: ^1Eminem: My origin is: (-17873 -3455 1470) - You can teleport here with /mtelelast

[Sat Aug 13 18:14:21 2016]  say: ^1Eminem: My origin is: (-17767 -3524 1521) - You can teleport here with /mtelelast

[Sat Aug 13 18:14:22 2016]  say: ^1Eminem: My origin is: (-17623 -3618 1534) - You can teleport here with /mtelelast

[Sat Aug 13 18:14:23 2016]  say: ^1Eminem: My origin is: (-17555 -3661 1552) - You can teleport here with /mtelelast

[Sat Aug 13 18:14:25 2016]  say: ^1Eminem: My origin is: (-17452 -3727 1536) - You can teleport here with /mtelelast

[Sat Aug 13 18:14:26 2016]  say: ^1Eminem: My origin is: (-17395 -3764 1470) - You can teleport here with /mtelelast

[Sat Aug 13 18:14:27 2016]  say: ^1Eminem: My origin is: (-17395 -3764 1470) - You can teleport here with /mtelelast

[Sat Aug 13 18:14:27 2016]  say: ^1Eminem: My origin is: (-17395 -3764 1470) - You can teleport here with /mtelelast

[Sat Aug 13 18:14:27 2016]  say: ^1Eminem: My origin is: (-17395 -3764 1470) - You can teleport here with /mtelelast

[Sat Aug 13 18:14:27 2016]  say: ^1Eminem: My origin is: (-17395 -3764 1470) - You can teleport here with /mtelelast

[Sat Aug 13 18:14:28 2016]  say: ^1Eminem: My origin is: (-17395 -3764 1470) - You can teleport here with /mtelelast

[Sat Aug 13 18:14:28 2016]  say: ^1Eminem: My origin is: (-17395 -3764 1470) - You can teleport here with /mtelelast

[Sat Aug 13 18:14:28 2016]  say: ^1Eminem: My origin is: (-17395 -3764 1470) - You can teleport here with /mtelelast

[Sat Aug 13 18:14:29 2016]  say: ^1Eminem: My origin is: (-17395 -3764 1470) - You can teleport here with /mtelelast

[Sat Aug 13 18:14:30 2016]  say: ^0^^7ASAV^0^Sendrogro: da ebana
[Sat Aug 13 18:14:37 2016]  say: ^1Eminem: napishi /msayorigin
[Sat Aug 13 18:14:48 2016]  say: ^0^^7ASAV^0^Sendrogro: msayorigin
[Sat Aug 13 18:14:52 2016]  say: ^0^^7ASAV^0^Sendrogro: My origin is: (-17954 -3577 1470) - You can teleport here with /mtelelast

[Sat Aug 13 18:14:54 2016]  say: ^0^^7ASAV^0^Sendrogro: My origin is: (-17954 -3577 1470) - You can teleport here with /mtelelast

[Sat Aug 13 18:14:55 2016]  say: ^0^^7ASAV^0^Sendrogro: My origin is: (-17954 -3577 1470) - You can teleport here with /mtelelast

[Sat Aug 13 18:14:55 2016]  say: ^0^^7ASAV^0^Sendrogro: My origin is: (-17954 -3577 1470) - You can teleport here with /mtelelast

[Sat Aug 13 18:14:56 2016]  say: ^0^^7ASAV^0^Sendrogro: My origin is: (-17954 -3577 1470) - You can teleport here with /mtelelast

[Sat Aug 13 18:16:18 2016]  say: ^1Eminem: whoops
[Sat Aug 13 18:16:36 2016]  say: ^0^^7ASAV^0^Sendrogro: ya tak je hochu
[Sat Aug 13 18:16:37 2016]  say: ^0^^7ASAV^0^Sendrogro: ;C
[Sat Aug 13 18:16:44 2016]  say: ^1Eminem: go pack skinu
[Sat Aug 13 18:16:47 2016]  say: ^0^^7ASAV^0^Sendrogro: go
[Sat Aug 13 18:18:12 2016]  say: ^0^^7ASAV^0^Sendrogro: che tam est
[Sat Aug 13 18:18:13 2016]  say: ^0^^7ASAV^0^Sendrogro: nuka
[Sat Aug 13 18:18:25 2016]  say: ^0^^7ASAV^0^Sendrogro: che pisat?
[Sat Aug 13 18:18:29 2016]  say: ^1Eminem: exec file
[Sat Aug 13 18:18:34 2016]  say: ^0^^7ASAV^0^Sendrogro: kakoy imenno
[Sat Aug 13 18:18:35 2016]  say: ^0^^7ASAV^0^Sendrogro: xddd
[Sat Aug 13 18:18:39 2016]  say: ^1Eminem: kotoriy zakinu
[Sat Aug 13 18:18:40 2016]  say: ^1Eminem: l
[Sat Aug 13 18:18:47 2016]  say: ^1Eminem: ti otkril arhiv?
[Sat Aug 13 18:18:55 2016]  say: ^0^^7ASAV^0^Sendrogro: ^1particle cannon
[Sat Aug 13 18:18:57 2016]  say: ^1Eminem: :DOAWIDk
[Sat Aug 13 18:19:06 2016]  say: ^0^^7ASAV^0^Sendrogro: kak otmenit?
[Sat Aug 13 18:19:09 2016]  say: ^1Eminem: mkilall
[Sat Aug 13 18:19:14 2016]  say: ^0^^7ASAV^0^Sendrogro: shas nahuy
[Sat Aug 13 18:19:21 2016]  say: ^1Eminem: togda nikak
[Sat Aug 13 18:19:24 2016]  say: ^0^^7ASAV^0^Sendrogro: oke
[Sat Aug 13 18:19:28 2016]  say: ^1Eminem: a ne
[Sat Aug 13 18:19:28 2016]  say: ^0^^7ASAV^0^Sendrogro: pust budet
[Sat Aug 13 18:19:29 2016]  say: ^1Eminem: select
[Sat Aug 13 18:19:39 2016]  say: ^1Eminem: xD
[Sat Aug 13 18:19:45 2016]  say: ^1Eminem: i eto toje
[Sat Aug 13 18:19:47 2016]  say: ^1Eminem: yxD
[Sat Aug 13 18:20:33 2016]  say: ^0^^7ASAV^0^Sendrogro: ^1particle cannon
[Sat Aug 13 18:20:37 2016]  say: ^0^^7ASAV^0^Sendrogro: xddd
[Sat Aug 13 18:20:38 2016]  say: ^0^^7ASAV^0^Sendrogro: suka
[Sat Aug 13 18:20:40 2016]  say: ^0^^7ASAV^0^Sendrogro: dotavlyet
[Sat Aug 13 18:21:36 2016]  say: ^0^^7ASAV^0^Sendrogro: get over here!
[Sat Aug 13 18:21:57 2016]  say: ^1Eminem: sec
[Sat Aug 13 18:23:11 2016]  say: ^1Eminem: ^0good^7Attack^5By^0Blackxxx^7Dragon
[Sat Aug 13 18:23:25 2016]  say: ^1Eminem: lol
[Sat Aug 13 18:23:26 2016]  say: ^1Eminem: smotri
[Sat Aug 13 18:23:28 2016]  say: ^1Eminem: ti ge
[Sat Aug 13 18:23:54 2016]  say: ^0^^7ASAV^0^Sendrogro: ti vspomnil kak k sebe prikreplyat?
[Sat Aug 13 18:24:00 2016]  say: ^1Eminem: net
[Sat Aug 13 18:24:04 2016]  say: ^1Eminem: ya skachal
[Sat Aug 13 18:24:09 2016]  say: ^1Eminem: sha porpobuiu sam napisat'
[Sat Aug 13 18:25:28 2016]  say: ^1Eminem: o 
[Sat Aug 13 18:26:16 2016]  say: ^1Eminem: ti gdie
[Sat Aug 13 18:26:28 2016]  say: ^0^^7ASAV^0^Sendrogro: :3
[Sat Aug 13 18:26:55 2016]  say: ^0^^7ASAV^0^Sendrogro: xd
[Sat Aug 13 18:27:05 2016]  say: ^1Eminem: kogda prishel s raboti domoy
[Sat Aug 13 18:27:05 2016]  say: ^0^^7ASAV^0^Sendrogro: eto ne krovat
[Sat Aug 13 18:27:08 2016]  say: ^0^^7ASAV^0^Sendrogro: eto teleport
[Sat Aug 13 18:27:11 2016]  say: ^0^^7ASAV^0^Sendrogro: xdd
[Sat Aug 13 18:27:30 2016]  say: ^0^^7ASAV^0^Sendrogro: kak ti sdelal efect?
[Sat Aug 13 18:27:39 2016]  say: ^1Eminem: /mlistanims <page>
[Sat Aug 13 18:27:44 2016]  say: ^0^^7ASAV^0^Sendrogro: eto force pokrashennaya?
[Sat Aug 13 18:27:49 2016]  say: ^1Eminem: da
[Sat Aug 13 18:27:53 2016]  say: ^0^^7ASAV^0^Sendrogro: lol
[Sat Aug 13 18:29:27 2016]  say: ^0^^7ASAV^0^Sendrogro: ya vot dumay
[Sat Aug 13 18:29:32 2016]  say: ^0^^7ASAV^0^Sendrogro: nado steni delat
[Sat Aug 13 18:29:36 2016]  say: ^0^^7ASAV^0^Sendrogro: xd
[Sat Aug 13 18:29:40 2016]  say: ^1Eminem: xd
[Sat Aug 13 18:30:03 2016]  say: ^1Eminem: xD
[Sat Aug 13 18:30:23 2016]  say: ^1Eminem: u menya micro v rukah tipa
[Sat Aug 13 18:32:08 2016]  say: ^0^^7ASAV^0^Sendrogro: xddd
[Sat Aug 13 18:32:53 2016]  say: ^0^^7ASAV^0^Sendrogro: EBAT
[Sat Aug 13 18:32:55 2016]  say: ^0^^7ASAV^0^Sendrogro: POSMOTRI
[Sat Aug 13 18:32:57 2016]  say: ^0^^7ASAV^0^Sendrogro: naverh
[Sat Aug 13 18:32:59 2016]  say: ^1Eminem: eba
[Sat Aug 13 18:33:24 2016]  say: ^0^^7ASAV^0^Sendrogro: xddd
[Sat Aug 13 18:33:28 2016]  say: ^0^^7ASAV^0^Sendrogro: nam pzdec
[Sat Aug 13 18:33:32 2016]  say: ^1Eminem: eakd;slk
[Sat Aug 13 18:33:49 2016]  say: ^0^^7ASAV^0^Sendrogro: OBERNIS!
[Sat Aug 13 18:33:56 2016]  say: ^0^^7ASAV^0^Sendrogro: xddd
[Sat Aug 13 18:35:10 2016]  say: ^0^^7ASAV^0^Sendrogro: ti de?
[Sat Aug 13 18:35:31 2016]  say: ^1Eminem: a ti?
[Sat Aug 13 18:35:34 2016]  say: ^0^^7ASAV^0^Sendrogro: doma
[Sat Aug 13 18:36:52 2016]  say: ^1Eminem: smotri
[Sat Aug 13 18:36:59 2016]  say: ^0^^7ASAV^0^Sendrogro: xDDD
[Sat Aug 13 18:37:02 2016]  say: ^0^^7ASAV^0^Sendrogro: chto s golovoy
[Sat Aug 13 18:37:06 2016]  say: ^0^^7ASAV^0^Sendrogro: ti kak dcp ebanoe
[Sat Aug 13 18:37:08 2016]  say: ^0^^7ASAV^0^Sendrogro: AHAHAHAHAHAH
[Sat Aug 13 18:37:38 2016]  say: ^1Eminem: o
[Sat Aug 13 18:38:22 2016]  say: ^1Eminem: oo
[Sat Aug 13 18:38:29 2016]  say: ^1Eminem: za mno syka
[Sat Aug 13 18:38:44 2016]  say: ^0^^7ASAV^0^Sendrogro: obernis
[Sat Aug 13 18:38:58 2016]  say: ^0^^7ASAV^0^Sendrogro: smotri
[Sat Aug 13 18:38:58 2016]  say: ^1Eminem: ebaa
[Sat Aug 13 18:39:04 2016]  say: ^0^^7ASAV^0^Sendrogro: tebe pizdec
[Sat Aug 13 18:39:20 2016]  say: ^1Eminem: ooo
[Sat Aug 13 18:39:22 2016]  say: ^1Eminem: oaojkalwdkwajkl
[Sat Aug 13 18:39:24 2016]  say: ^1Eminem: kart
[Sat Aug 13 18:39:28 2016]  say: ^1Eminem: idi siuda
[Sat Aug 13 18:39:29 2016]  say: ^0^^7ASAV^0^Sendrogro: AHUET
[Sat Aug 13 18:39:34 2016]  say: ^0^^7ASAV^0^Sendrogro: VOT ETO STVOL
[Sat Aug 13 18:39:36 2016]  say: ^1Eminem: xD
[Sat Aug 13 18:39:38 2016]  say: ^1Eminem: siuda idi
[Sat Aug 13 18:39:39 2016]  say: ^1Eminem: komne
[Sat Aug 13 18:39:48 2016]  say: ^1Eminem: !hud
[Sat Aug 13 18:39:50 2016]  say: ^1Eminem: !amhug
[Sat Aug 13 18:40:01 2016]  say: ^1Eminem: suka
[Sat Aug 13 18:40:05 2016]  say: ^0^^7ASAV^0^Sendrogro: ti posmotri
[Sat Aug 13 18:40:07 2016]  say: ^0^^7ASAV^0^Sendrogro: word
[Sat Aug 13 18:40:10 2016]  say: ^0^^7ASAV^0^Sendrogro: so storoni
[Sat Aug 13 18:40:11 2016]  say: ^0^^7ASAV^0^Sendrogro: na nee
[Sat Aug 13 18:40:13 2016]  say: ^1Eminem: da viju
[Sat Aug 13 18:40:17 2016]  say: ^0^^7ASAV^0^Sendrogro: da vot tak
[Sat Aug 13 18:40:19 2016]  say: ^0^^7ASAV^0^Sendrogro: blyat
[Sat Aug 13 18:40:27 2016]  say: ^0^^7ASAV^0^Sendrogro: xddd
[Sat Aug 13 18:41:08 2016]  say: ^0^^7ASAV^0^Sendrogro: obernis
[Sat Aug 13 18:41:19 2016]  say: ^1Eminem: xD
[Sat Aug 13 18:43:15 2016]  say: ^1Eminem: cart
[Sat Aug 13 18:43:17 2016]  say: ^0^^7ASAV^0^Sendrogro: a
[Sat Aug 13 18:43:19 2016]  say: ^1Eminem: smotri prikol
[Sat Aug 13 18:43:25 2016]  say: ^0^^7ASAV^0^Sendrogro: de ti?
[Sat Aug 13 18:43:31 2016]  say: ^1Eminem: idem na pol
[Sat Aug 13 18:43:32 2016]  say: ^1Eminem: e
[Sat Aug 13 18:43:39 2016]  say: ^1Eminem: smotri
[Sat Aug 13 18:43:44 2016]  say: ^1Eminem: ti gde
[Sat Aug 13 18:43:50 2016]  say: ^0^^7ASAV^0^Sendrogro: LOL
[Sat Aug 13 18:43:58 2016]  say: ^0^^7ASAV^0^Sendrogro: eto cfg?
[Sat Aug 13 18:44:00 2016]  say: ^1Eminem: net
[Sat Aug 13 18:44:02 2016]  say: ^1Eminem: nu da
[Sat Aug 13 18:44:12 2016]  say: ^0^^7ASAV^0^Sendrogro: kak nazivaetsya?
[Sat Aug 13 18:44:13 2016]  say: ^1Eminem: sha nado eshe effect tipa zemlya
[Sat Aug 13 18:44:18 2016]  say: ^1Eminem: wordencfg
[Sat Aug 13 18:44:22 2016]  say: ^0^^7ASAV^0^Sendrogro: ....
[Sat Aug 13 18:44:24 2016]  say: ^0^^7ASAV^0^Sendrogro: sam sdelal?
[Sat Aug 13 18:44:27 2016]  say: ^1Eminem: da
[Sat Aug 13 18:47:08 2016]  say: ^1Eminem: sha 
[Sat Aug 13 18:47:11 2016]  say: ^1Eminem: nado dopisat' ego
[Sat Aug 13 18:49:02 2016]  say: ^1Eminem: carter
[Sat Aug 13 18:49:06 2016]  say: ^1Eminem: mne nujno effect vzriva
[Sat Aug 13 18:50:49 2016]  say: ^1Eminem: oo
[Sat Aug 13 18:50:52 2016]  say: ^0^^7ASAV^0^Sendrogro: TI EBANULSYA
[Sat Aug 13 18:50:55 2016]  say: ^1Eminem: smotri
[Sat Aug 13 18:51:00 2016]  say: ^0^^7ASAV^0^Sendrogro: xDDDDDDDDdd
[Sat Aug 13 18:51:03 2016]  say: ^0^^7ASAV^0^Sendrogro: AJAJAJJAJAJAJAJA
[Sat Aug 13 18:51:07 2016]  say: ^0^^7ASAV^0^Sendrogro: —” ј Ќј ƒ∆ј ѕЋё—≈
[Sat Aug 13 18:51:11 2016]  say: ^0^^7ASAV^0^Sendrogro: Ё“ќ ЅџЋќ Ѕџ Ќ≈ ќ÷≈Ќ»ћќ
[Sat Aug 13 18:51:13 2016]  say: ^0^^7ASAV^0^Sendrogro: дл€ админов
[Sat Aug 13 18:51:15 2016]  say: ^1Eminem: +
[Sat Aug 13 18:51:16 2016]  say: ^0^^7ASAV^0^Sendrogro: их трал€т
[Sat Aug 13 18:51:18 2016]  say: ^0^^7ASAV^0^Sendrogro: а они ткие
[Sat Aug 13 18:51:21 2016]  say: ^0^^7ASAV^0^Sendrogro: на пукаоновй т€ге
[Sat Aug 13 18:51:26 2016]  say: ^1Eminem: dark mojet eto dobavit'
[Sat Aug 13 18:51:26 2016]  say: ^0^^7ASAV^0^Sendrogro: пукановой*
[Sat Aug 13 18:51:30 2016]  say: ^0^^7ASAV^0^Sendrogro: xD
[Sat Aug 13 18:51:46 2016]  say: ^0^^7ASAV^0^Sendrogro: vzletay
[Sat Aug 13 18:51:51 2016]  say: ^0^^7ASAV^0^Sendrogro: азаза
[Sat Aug 13 18:51:53 2016]  say: ^1Eminem: oo
[Sat Aug 13 18:51:54 2016]  say: ^0^^7ASAV^0^Sendrogro: мамку ебал
[Sat Aug 13 18:51:55 2016]  say: ^1Eminem: sha
[Sat Aug 13 18:52:08 2016]  say: ^1Eminem: gotov?
[Sat Aug 13 18:52:12 2016]  say: ^0^^7ASAV^0^Sendrogro: азаз мамку ебал
[Sat Aug 13 18:52:16 2016]  say: ^0^^7ASAV^0^Sendrogro: чввв
[Sat Aug 13 18:52:25 2016]  say: ^0^^7ASAV^0^Sendrogro: теперь эффекта нету(
[Sat Aug 13 18:52:33 2016]  say: ^1Eminem: sha budel
[Sat Aug 13 18:52:53 2016]  say: ^0^^7ASAV^0^Sendrogro: xDDDDDD
[Sat Aug 13 18:53:00 2016]  say: ^0^^7ASAV^0^Sendrogro: это со стороны охуенно смотритс€
[Sat Aug 13 18:53:06 2016]  say: ^0^^7ASAV^0^Sendrogro: дай бинд покажу
[Sat Aug 13 18:53:08 2016]  say: ^0^^7ASAV^0^Sendrogro: xD
[Sat Aug 13 18:53:18 2016]  say: ^0^^7ASAV^0^Sendrogro: € ору в голосину
[Sat Aug 13 18:53:19 2016]  say: ^1Eminem: tam nado noclip oktivirovat'
[Sat Aug 13 18:53:20 2016]  say: ^0^^7ASAV^0^Sendrogro: бл€ть
[Sat Aug 13 18:53:25 2016]  say: ^1Eminem: samomu
[Sat Aug 13 18:53:36 2016]  say: ^1Eminem: vishi
[Sat Aug 13 18:53:43 2016]  say: ^0^^7ASAV^0^Sendrogro: и улетать?
[Sat Aug 13 18:53:45 2016]  say: ^0^^7ASAV^0^Sendrogro: вверх
[Sat Aug 13 18:53:46 2016]  say: ^1Eminem: da
[Sat Aug 13 18:54:10 2016]  say: ^1Eminem: nado norm effect naiti
[Sat Aug 13 18:54:21 2016]  say: ^0^^7ASAV^0^Sendrogro: сук
[Sat Aug 13 18:54:23 2016]  say: ^0^^7ASAV^0^Sendrogro: погодь
[Sat Aug 13 18:54:27 2016]  say: ^0^^7ASAV^0^Sendrogro: дай € хоть мувик
[Sat Aug 13 18:54:28 2016]  say: ^0^^7ASAV^0^Sendrogro: сниму
[Sat Aug 13 18:54:29 2016]  say: ^0^^7ASAV^0^Sendrogro: xD
[Sat Aug 13 18:54:33 2016]  say: ^1Eminem: vse?
[Sat Aug 13 18:54:40 2016]  say: ^1Eminem: vzletat'?
[Sat Aug 13 18:54:43 2016]  say: ^0^^7ASAV^0^Sendrogro: € хз как включать
[Sat Aug 13 18:54:44 2016]  say: ^0^^7ASAV^0^Sendrogro: .-.
[Sat Aug 13 18:54:50 2016]  say: ^1Eminem: sec
[Sat Aug 13 18:55:09 2016]  say: ^1Eminem: mb etot
[Sat Aug 13 18:55:13 2016]  say: ^0^^7ASAV^0^Sendrogro: мб
[Sat Aug 13 18:55:15 2016]  say: ^0^^7ASAV^0^Sendrogro: пробуй
[Sat Aug 13 18:55:42 2016]  say: ^1Eminem: smotri
[Sat Aug 13 18:55:44 2016]  say: ^1Eminem: AJKDAWKJD
[Sat Aug 13 18:55:50 2016]  say: ^0^^7ASAV^0^Sendrogro: чввв
[Sat Aug 13 18:56:01 2016]  say: ^0^^7ASAV^0^Sendrogro: тот был эпичнее)
[Sat Aug 13 18:56:53 2016]  say: ^0^^7ASAV^0^Sendrogro: ‘ѕ‘ѕ‘ѕ‘ѕ‘ѕ
[Sat Aug 13 18:56:55 2016]  say: ^0^^7ASAV^0^Sendrogro: ј’’ј’ј’ј’ј’
[Sat Aug 13 18:57:00 2016]  say: ^1Eminem: xD
[Sat Aug 13 18:57:04 2016]  say: ^1Eminem: ya pokakal
[Sat Aug 13 18:57:05 2016]  say: ^1Eminem: mmmm
[Sat Aug 13 18:57:07 2016]  say: ^1Eminem: horoshoo
[Sat Aug 13 18:57:12 2016]  say: ^0^^7ASAV^0^Sendrogro: даже зинг не нужен
[Sat Aug 13 18:58:13 2016]  say: ^1Eminem: xD
[Sat Aug 13 18:58:17 2016]  say: ^0^^7ASAV^0^Sendrogro: тшргумщ
[Sat Aug 13 18:58:19 2016]  say: ^0^^7ASAV^0^Sendrogro: нихуево
[Sat Aug 13 18:58:53 2016]  say: ^1Eminem: idi siuda
[Sat Aug 13 18:59:00 2016]  say: ^1Eminem: caart
[Sat Aug 13 18:59:03 2016]  say: ^1Eminem: uberi god
[Sat Aug 13 18:59:08 2016]  say: ^0^^7ASAV^0^Sendrogro: 13 рз
[Sat Aug 13 18:59:09 2016]  say: ^0^^7ASAV^0^Sendrogro: хп
[Sat Aug 13 18:59:30 2016]  say: ^1Eminem: da blya(
[Sat Aug 13 18:59:43 2016]  say: ^1Eminem: kak etot script
[Sat Aug 13 18:59:45 2016]  say: ^1Eminem: nazivaetsya?
[Sat Aug 13 18:59:49 2016]  say: ^1Eminem: cart
[Sat Aug 13 18:59:50 2016]  say: ^1Eminem: AS<DAW:LDK
[Sat Aug 13 18:59:51 2016]  say: ^1Eminem: CAART
[Sat Aug 13 18:59:52 2016]  say: ^0^^7ASAV^0^Sendrogro: ya hz
[Sat Aug 13 18:59:53 2016]  say: ^1Eminem: CARAT
[Sat Aug 13 18:59:53 2016]  say: ^0^^7ASAV^0^Sendrogro: ept
[Sat Aug 13 18:59:56 2016]  say: ^0^^7ASAV^0^Sendrogro: a
[Sat Aug 13 18:59:58 2016]  say: ^0^^7ASAV^0^Sendrogro: laser
[Sat Aug 13 19:00:04 2016]  Kill: 1 1 36: ^0^^7ASAV^0^Sendrogro killed ^0^^7ASAV^0^Sendrogro by MOD_CRUSH
[Sat Aug 13 19:00:09 2016]  say: ^0^^7ASAV^0^Sendrogro: da
[Sat Aug 13 19:00:11 2016]  say: ^0^^7ASAV^0^Sendrogro: mda
[Sat Aug 13 19:00:53 2016]  say: ^1Eminem: ti otklichul god?
[Sat Aug 13 19:00:56 2016]  say: ^0^^7ASAV^0^Sendrogro: da
[Sat Aug 13 19:01:14 2016]  Kill: 1 1 39: ^0^^7ASAV^0^Sendrogro killed ^0^^7ASAV^0^Sendrogro by MOD_SUICIDE
[Sat Aug 13 19:01:37 2016]  say: ^1Eminem: oioo
[Sat Aug 13 19:01:39 2016]  say: ^1Eminem: vot etot
[Sat Aug 13 19:01:54 2016]  say: ^1Eminem: sha
[Sat Aug 13 19:02:33 2016]  say: ^1Eminem: ei
[Sat Aug 13 19:02:41 2016]  say: ^1Eminem: nahoo
[Sat Aug 13 19:02:45 2016]  say: ^0^^7ASAV^0^Sendrogro: xDDDDDDDDD
[Sat Aug 13 19:02:50 2016]  say: ^1Eminem: eshe
[Sat Aug 13 19:02:57 2016]  say: ^0^^7ASAV^0^Sendrogro: ORU
[Sat Aug 13 19:02:58 2016]  say: ^0^^7ASAV^0^Sendrogro: BLYAD
[Sat Aug 13 19:03:22 2016]  say: ^1Eminem: snimi demku
[Sat Aug 13 19:03:28 2016]  say: ^1Eminem: g_sync 1 
[Sat Aug 13 19:03:32 2016]  say: ^1Eminem: potom /record
[Sat Aug 13 19:04:00 2016]  say: ^1Eminem: vse?
[Sat Aug 13 19:04:05 2016]  say: ^1Eminem: da net?
[Sat Aug 13 19:04:07 2016]  say: ^0^^7ASAV^0^Sendrogro: da
[Sat Aug 13 19:04:14 2016]  say: ^1Eminem: eshe
[Sat Aug 13 19:04:22 2016]  say: ^1Eminem: eshe
[Sat Aug 13 19:04:29 2016]  say: ^0^^7ASAV^0^Sendrogro: LOL
[Sat Aug 13 19:04:46 2016]  say: ^1Eminem: vse /stop
[Sat Aug 13 19:04:53 2016]  say: ^0^^7ASAV^0^Sendrogro: oke
[Sat Aug 13 19:04:55 2016]  say: ^1Eminem: skin' v vk
[Sat Aug 13 19:04:56 2016]  say: ^1Eminem: ee
[Sat Aug 13 19:05:07 2016]  say: ^0^^7ASAV^0^Sendrogro: che u menya s pingom
[Sat Aug 13 19:05:08 2016]  say: ^0^^7ASAV^0^Sendrogro: ept
[Sat Aug 13 19:05:12 2016]  say: ^0^^7ASAV^0^Sendrogro: dolgo vse
[Sat Aug 13 19:05:19 2016]  say: ^1Eminem: skin'
[Sat Aug 13 19:05:22 2016]  say: ^0^^7ASAV^0^Sendrogro: da ept
[Sat Aug 13 19:05:27 2016]  say: ^0^^7ASAV^0^Sendrogro: u menya posle s'emki
[Sat Aug 13 19:05:29 2016]  say: ^0^^7ASAV^0^Sendrogro: ebota
[Sat Aug 13 19:05:35 2016]  say: ^1Eminem: g_sync 0
[Sat Aug 13 19:05:36 2016]  say: ^1Eminem: sdelay
[Sat Aug 13 19:05:39 2016]  say: ^0^^7ASAV^0^Sendrogro: vse
[Sat Aug 13 19:05:49 2016]  say: ^1Eminem: blya gde damag
[Sat Aug 13 19:05:59 2016]  ClientDisconnect: 1
[Sat Aug 13 19:09:53 2016]  ClientConnect: 1
[Sat Aug 13 19:09:53 2016]  mlog:Player ^0^^7ASAV^0^Sendrogro, connected. With IP - 46.227.24.61:29070 
[Sat Aug 13 19:10:05 2016]  ClientBegin: 1
[Sat Aug 13 19:12:49 2016]  say: ^1Eminem: nu che
[Sat Aug 13 19:12:54 2016]  say: ^0^^7ASAV^0^Sendrogro: che
[Sat Aug 13 19:12:56 2016]  say: ^0^^7ASAV^0^Sendrogro: xd
[Sat Aug 13 19:12:57 2016]  say: ^1Eminem: ti bde
[Sat Aug 13 19:13:01 2016]  say: ^0^^7ASAV^0^Sendrogro: za kartoy
[Sat Aug 13 19:13:03 2016]  say: ^0^^7ASAV^0^Sendrogro: uletel
[Sat Aug 13 19:13:04 2016]  say: ^1Eminem: idi na pole
[Sat Aug 13 19:13:07 2016]  Kill: 1 1 39: ^0^^7ASAV^0^Sendrogro killed ^0^^7ASAV^0^Sendrogro by MOD_SUICIDE
[Sat Aug 13 19:13:23 2016]  say: ^1Eminem: pishi bind <key> exec tp
[Sat Aug 13 19:13:50 2016]  say: ^0^^7ASAV^0^Sendrogro: /bind q exec tp
[Sat Aug 13 19:13:52 2016]  say: ^0^^7ASAV^0^Sendrogro: blet
[Sat Aug 13 19:14:07 2016]  say: ^1Eminem: da da
[Sat Aug 13 19:14:10 2016]  say: ^1Eminem: tok s noclipom
[Sat Aug 13 19:14:26 2016]  say: ^1Eminem: aaha
[Sat Aug 13 19:14:28 2016]  say: ^1Eminem: eshe
[Sat Aug 13 19:14:32 2016]  say: ^1Eminem: aXDASdwa
[Sat Aug 13 19:14:34 2016]  say: ^1Eminem: shift
[Sat Aug 13 19:14:47 2016]  Kill: 1022 1 38: <world> killed ^0^^7ASAV^0^Sendrogro by MOD_FALLING
[Sat Aug 13 19:15:02 2016]  say: ^1Eminem: askdjawlkjd
[Sat Aug 13 19:15:04 2016]  say: ^1Eminem: est edea
[Sat Aug 13 19:15:53 2016]  say: ^1Eminem: cart
[Sat Aug 13 19:15:54 2016]  say: ^1Eminem: nuk
[Sat Aug 13 19:15:57 2016]  say: ^1Eminem: ^1DA NE BOMBIT U MENYA
[Sat Aug 13 19:16:04 2016]  say: ^1Eminem: ^1DA NE BOMBIT U MENYA
[Sat Aug 13 19:16:12 2016]  say: ^1Eminem: ^1DA NE BOMBIT U MENYA
[Sat Aug 13 19:16:16 2016]  say: ^1Eminem: ^1DA NE BOMBIT U MENYA
[Sat Aug 13 19:16:19 2016]  say: ^1Eminem: ^1DA NE BOMBIT U MENYA
[Sat Aug 13 19:16:22 2016]  say: ^1Eminem: ^1DA NE BOMBIT U MENYA
[Sat Aug 13 19:16:23 2016]  say: ^0^^7ASAV^0^Sendrogro: xdd
[Sat Aug 13 19:16:25 2016]  say: ^1Eminem: ^1DA NE BOMBIT U MENYA
[Sat Aug 13 19:16:33 2016]  say: ^1Eminem: zatral' menya
[Sat Aug 13 19:16:41 2016]  say: ^0^^7ASAV^0^Sendrogro: ты уебок))))
[Sat Aug 13 19:16:42 2016]  say: ^1Eminem: ^1DA NE BOMBIT U MENYA
[Sat Aug 13 19:17:03 2016]  Kill: 1022 1 38: <world> killed ^0^^7ASAV^0^Sendrogro by MOD_FALLING
[Sat Aug 13 19:18:27 2016]  say: ^1Eminem: ^1DA NE BOMBIT U MENYA
[Sat Aug 13 19:18:55 2016]  say: ^1Eminem: ^1DA NE BOMBIT U MENYA
[Sat Aug 13 19:19:00 2016]  say: ^0^^7ASAV^0^Sendrogro: xD
[Sat Aug 13 19:19:12 2016]  say: ^0^^7ASAV^0^Sendrogro: aj vibraciya poshla
[Sat Aug 13 19:19:17 2016]  say: ^1Eminem: xD
[Sat Aug 13 19:19:30 2016]  say: ^1Eminem: ^1DA NE BOMBIT U MENYA
[Sat Aug 13 19:19:39 2016]  say: ^1Eminem: smotri
[Sat Aug 13 19:19:43 2016]  say: ^1Eminem: ZAGORAETSYA
[Sat Aug 13 19:19:46 2016]  say: ^1Eminem: AI SUAK
[Sat Aug 13 19:19:49 2016]  say: ^1Eminem: JARKO CHET
[Sat Aug 13 19:19:50 2016]  say: ^1Eminem: ^1DA NE BOMBIT U MENYA
[Sat Aug 13 19:19:55 2016]  say: ^0^^7ASAV^0^Sendrogro: xddd
[Sat Aug 13 19:20:21 2016]  say: ^1Eminem: ^1DA NE BOMBIT U MENYA
[Sat Aug 13 19:20:22 2016]  say: ^0^^7ASAV^0^Sendrogro: xddd
[Sat Aug 13 19:20:27 2016]  say: ^1Eminem: ^1DA NE BOMBIT U MENYA
[Sat Aug 13 19:20:32 2016]  say: ^1Eminem: ^1DA NE BOMBIT U MENYA
[Sat Aug 13 19:20:33 2016]  say: ^1Eminem: ^1Watch Out!
[Sat Aug 13 19:20:50 2016]  say: ^1Eminem: ^1DA NE BOMBIT U MENYA
[Sat Aug 13 19:20:52 2016]  say: ^1Eminem: wat
[Sat Aug 13 19:22:34 2016]  say: ^1Eminem: ^1DA NE BOMBIT U MENYA
[Sat Aug 13 19:23:30 2016]  say: ^1Eminem: ^1DA NE BOMBIT U MENYA
[Sat Aug 13 19:23:37 2016]  say: ^1Eminem: blya cart
[Sat Aug 13 19:23:41 2016]  say: ^1Eminem: hvatit
[Sat Aug 13 19:23:45 2016]  say: ^1Eminem: x
[Sat Aug 13 19:23:51 2016]  say: ^1Eminem: u tebya na stol'ko gorit/
[Sat Aug 13 19:24:03 2016]  say: ^1Eminem: ^1DA NE BOMBIT U MENYA
[Sat Aug 13 19:24:14 2016]  say: ^1Eminem: ^1DA NE BOMBIT U MENYA
[Sat Aug 13 19:24:41 2016]  say: ^1Eminem: ^1DA NE BOMBIT U MENYA
[Sat Aug 13 19:24:51 2016]  say: ^1Eminem: ^1DA NE BOMBIT U MENYA
[Sat Aug 13 19:25:02 2016]  say: ^1Eminem: ^1DA NE BOMBIT U MENYA
[Sat Aug 13 19:25:12 2016]  say: ^1Eminem: ^1DA NE BOMBIT U MENYA
[Sat Aug 13 19:25:21 2016]  say: ^1Eminem: ^1DA NE BOMBIT U MENYA
[Sat Aug 13 19:25:31 2016]  say: ^1Eminem: ^1DA NE BOMBIT U MENYA
[Sat Aug 13 19:25:39 2016]  say: ^1Eminem: ^1DA NE BOMBIT U MENYA
[Sat Aug 13 19:25:47 2016]  say: ^1Eminem: ^1DA NE BOMBIT U MENYA
[Sat Aug 13 19:25:56 2016]  say: ^1Eminem: ^1DA NE BOMBIT U MENYA
[Sat Aug 13 19:26:04 2016]  say: ^1Eminem: чв
[Sat Aug 13 19:26:39 2016]  say: ^1Eminem: ^1DA NE BOMBIT U MENYA
[Sat Aug 13 19:26:58 2016]  say: ^1Eminem: ^1DA NE BOMBIT U MENYA
[Sat Aug 13 19:27:01 2016]  say: ^0^^7ASAV^0^Sendrogro: yadaje
[Sat Aug 13 19:27:01 2016]  Kill: 1 1 39: ^0^^7ASAV^0^Sendrogro killed ^0^^7ASAV^0^Sendrogro by MOD_SUICIDE
[Sat Aug 13 19:27:01 2016]  ClientDisconnect: 1
[Sat Aug 13 19:27:04 2016]  say: ^1Eminem: щ
[Sat Aug 13 19:27:20 2016]  ClientConnect: 1
[Sat Aug 13 19:27:20 2016]  mlog:Player ^0^^7ASAV^0^Sendrogro, connected. With IP - 46.227.24.61:29070 
[Sat Aug 13 19:27:21 2016]  say: ^1Eminem: ^1DA NE BOMBIT U MENYA
[Sat Aug 13 19:27:27 2016]  say: ^1Eminem: ^1DA NE BOMBIT U MENYA
[Sat Aug 13 19:27:31 2016]  ClientBegin: 1
[Sat Aug 13 19:27:39 2016]  say: ^1Eminem: ^1DA NE BOMBIT U MENYA
[Sat Aug 13 19:27:44 2016]  say: ^1Eminem: ^1DA NE BOMBIT U MENYA
[Sat Aug 13 19:27:49 2016]  say: ^1Eminem: smotri
[Sat Aug 13 19:27:52 2016]  say: ^1Eminem: alpha
[Sat Aug 13 19:27:54 2016]  say: ^1Eminem: test
[Sat Aug 13 19:27:57 2016]  say: ^1Eminem: ^1DA NE BOMBIT U MENYA
[Sat Aug 13 19:28:11 2016]  say: ^0^^7ASAV^0^Sendrogro: kak tam
[Sat Aug 13 19:28:12 2016]  say: ^1Eminem: ^1DA NE BOMBIT U MENYA
[Sat Aug 13 19:28:12 2016]  say: ^0^^7ASAV^0^Sendrogro: sha
[Sat Aug 13 19:28:19 2016]  say: ^0^^7ASAV^0^Sendrogro: eto
[Sat Aug 13 19:28:27 2016]  say: ^0^^7ASAV^0^Sendrogro: chto bi imperiy vosstanovit
[Sat Aug 13 19:28:35 2016]  say: ^1Eminem: /sosnut'
[Sat Aug 13 19:28:39 2016]  say: ^0^^7ASAV^0^Sendrogro: /sosnut
[Sat Aug 13 19:28:45 2016]  say: ^1Eminem: ne robit?
[Sat Aug 13 19:28:49 2016]  say: ^0^^7ASAV^0^Sendrogro: nea
[Sat Aug 13 19:28:53 2016]  say: ^1Eminem: togda /mloadobs
[Sat Aug 13 19:29:21 2016]  say: ^1Eminem: ^1DA NE BOMBIT U MENYA
[Sat Aug 13 19:29:40 2016]  say: ^0^^7ASAV^0^Sendrogro: ez
[Sat Aug 13 19:30:59 2016]  say: ^0^^7ASAV^0^Sendrogro: suka
[Sat Aug 13 19:31:00 2016]  say: ^0^^7ASAV^0^Sendrogro: rly?
[Sat Aug 13 19:31:03 2016]  say: ^1Eminem: ?
[Sat Aug 13 19:31:07 2016]  say: ^0^^7ASAV^0^Sendrogro: dverey neteu
[Sat Aug 13 19:31:08 2016]  say: ^1Eminem: xD
[Sat Aug 13 19:31:17 2016]  say: ^1Eminem: i tp otj
[Sat Aug 13 19:31:18 2016]  Item: 0 ammo_all
[Sat Aug 13 19:31:20 2016]  say: ^0^^7ASAV^0^Sendrogro: ugu
[Sat Aug 13 19:31:55 2016]  say: ^0^^7ASAV^0^Sendrogro: tab
[Sat Aug 13 19:31:58 2016]  say: ^0^^7ASAV^0^Sendrogro: xd
[Sat Aug 13 19:32:06 2016]  say: ^1Eminem: ya previushka jka
[Sat Aug 13 19:32:38 2016]  say: ^1Eminem: yez
[Sat Aug 13 19:32:45 2016]  say: ^0^^7ASAV^0^Sendrogro: ya je seyhas
[Sat Aug 13 19:32:48 2016]  say: ^0^^7ASAV^0^Sendrogro: macros sdelay
[Sat Aug 13 19:32:50 2016]  say: ^0^^7ASAV^0^Sendrogro: xD
[Sat Aug 13 19:33:07 2016]  say: ^0^^7ASAV^0^Sendrogro: xD
[Sat Aug 13 19:33:19 2016]  say: ^1Eminem: ^1DA NE BOMBIT U MENYA
[Sat Aug 13 19:33:25 2016]  say: ^1Eminem: lol wtf
[Sat Aug 13 19:33:28 2016]  say: ^0^^7ASAV^0^Sendrogro: xddd
[Sat Aug 13 19:33:42 2016]  say: ^1Eminem: ladno
[Sat Aug 13 19:33:44 2016]  say: ^1Eminem: mne nadaelo
[Sat Aug 13 19:33:48 2016]  say: ^0^^7ASAV^0^Sendrogro: xddd
[Sat Aug 13 19:33:52 2016]  say: ^0^^7ASAV^0^Sendrogro: ua dumal kogda uje
[Sat Aug 13 19:33:59 2016]  say: ^1Eminem: bb
[Sat Aug 13 19:34:00 2016]  ClientDisconnect: 0
[Sat Aug 13 19:34:00 2016]  say: ^0^^7ASAV^0^Sendrogro: nu a tak
[Sat Aug 13 19:34:03 2016]  say: ^0^^7ASAV^0^Sendrogro: ...
[Sat Aug 13 19:34:07 2016]  say: ^0^^7ASAV^0^Sendrogro: uebok melkiy
[Sat Aug 13 19:34:12 2016]  ClientDisconnect: 1
[Sun Aug 14 09:58:03 2016]  ClientConnect: 0
[Sun Aug 14 09:58:03 2016]  mlog:Player ^1Eminem, connected. With IP - 178.207.251.91:29071 
[Sun Aug 14 09:58:24 2016]  ClientBegin: 0
[Sun Aug 14 10:04:30 2016]  say: ^1Eminem: ^1DA NE BOMBIT U MENYA
[Sun Aug 14 10:04:38 2016]  say: ^1Eminem: ^1DA NE BOMBIT U MENYA
[Sun Aug 14 10:12:50 2016]  ClientDisconnect: 0
[Sun Aug 14 10:13:57 2016]  ClientConnect: 0
[Sun Aug 14 10:13:57 2016]  mlog:Player ^1Eminem, connected. With IP - 178.207.251.91:29071 
[Sun Aug 14 10:14:16 2016]  ClientBegin: 0
[Sun Aug 14 12:02:37 2016]  Kill: 1022 0 38: <world> killed ^1Eminem by MOD_FALLING
[Sun Aug 14 12:10:36 2016]  ClientConnect: 1
[Sun Aug 14 12:10:36 2016]  mlog:Player серк)0), connected. With IP - 46.227.27.26:29070 
[Sun Aug 14 12:11:02 2016]  ClientBegin: 1
[Sun Aug 14 12:11:08 2016]  say: ^0^^7ASAV^0^Sendrogro: izi vin
[Sun Aug 14 12:11:34 2016]  say: ^0^^7ASAV^0^Sendrogro: ahahahahahah
[Sun Aug 14 12:11:36 2016]  say: ^0^^7ASAV^0^Sendrogro: SUKA
[Sun Aug 14 12:11:37 2016]  say: ^0^^7ASAV^0^Sendrogro: ORU
[Sun Aug 14 12:11:40 2016]  say: ^1Eminem: chto?
[Sun Aug 14 12:11:42 2016]  say: ^0^^7ASAV^0^Sendrogro: ya tut obustroitsya hotel
[Sun Aug 14 12:11:44 2016]  say: ^0^^7ASAV^0^Sendrogro: xddddd
[Sun Aug 14 12:11:53 2016]  say: ^1Eminem: go k imperii
[Sun Aug 14 12:11:57 2016]  Kill: 0 0 39: ^1Eminem killed ^1Eminem by MOD_SUICIDE
[Sun Aug 14 12:12:00 2016]  say: ^0^^7ASAV^0^Sendrogro: vsm
[Sun Aug 14 12:12:01 2016]  Kill: 1 1 39: ^0^^7ASAV^0^Sendrogro killed ^0^^7ASAV^0^Sendrogro by MOD_SUICIDE
[Sun Aug 14 12:12:07 2016]  say: ^1Eminem: nu tam gde mi stroilis'
[Sun Aug 14 12:12:14 2016]  say: ^1Eminem: smotri
[Sun Aug 14 12:12:32 2016]  say: ^0^^7ASAV^0^Sendrogro: n1
[Sun Aug 14 12:12:36 2016]  say: ^0^^7ASAV^0^Sendrogro: wooow
[Sun Aug 14 12:12:39 2016]  say: ^0^^7ASAV^0^Sendrogro: kogda ti sdelal?
[Sun Aug 14 12:12:44 2016]  say: ^1Eminem: nedavno
[Sun Aug 14 12:12:46 2016]  say: ^1Eminem: min 10 nazad
[Sun Aug 14 12:12:48 2016]  say: ^0^^7ASAV^0^Sendrogro: xd
[Sun Aug 14 12:12:50 2016]  say: ^0^^7ASAV^0^Sendrogro: n1
[Sun Aug 14 12:12:53 2016]  say: ^0^^7ASAV^0^Sendrogro: telek zaebis
[Sun Aug 14 12:12:54 2016]  say: ^1Eminem: eto vse pri pomoshi toi progi
[Sun Aug 14 12:12:56 2016]  say: ^1Eminem: s jkhub
[Sun Aug 14 12:13:22 2016]  say: ^1Eminem: ti skachal progu?
[Sun Aug 14 12:13:23 2016]  say: ^0^^7ASAV^0^Sendrogro: chet vse v inaktove
[Sun Aug 14 12:13:29 2016]  say: ^1Eminem: nu ne progu a mod dlya jka
[Sun Aug 14 12:13:34 2016]  say: ^0^^7ASAV^0^Sendrogro: ne
[Sun Aug 14 12:13:35 2016]  say: ^0^^7ASAV^0^Sendrogro: vrode
[Sun Aug 14 12:13:37 2016]  say: ^1Eminem: kachaiy
[Sun Aug 14 12:13:43 2016]  say: ^0^^7ASAV^0^Sendrogro: de ona tam
[Sun Aug 14 12:13:46 2016]  say: ^1Eminem: tam v base vsego to kinut' nado
[Sun Aug 14 12:13:51 2016]  say: ^1Eminem: i v papku makermod
[Sun Aug 14 12:13:53 2016]  say: ^0^^7ASAV^0^Sendrogro: che daet?
[Sun Aug 14 12:14:00 2016]  say: ^1Eminem: крч
[Sun Aug 14 12:14:05 2016]  say: ^1Eminem: нажимаешь кнопку
[Sun Aug 14 12:14:07 2016]  say: ^1Eminem: и там лист
[Sun Aug 14 12:14:13 2016]  say: ^1Eminem: еще лист объектов
[Sun Aug 14 12:14:18 2016]  say: ^1Eminem: и он сразу показаны
[Sun Aug 14 12:14:23 2016]  say: ^1Eminem: чтоб не спавнить
[Sun Aug 14 12:14:29 2016]  say: ^1Eminem: смотришь норм или нет
[Sun Aug 14 12:14:32 2016]  say: ^1Eminem: ну крч установи
[Sun Aug 14 12:14:36 2016]  say: ^0^^7ASAV^0^Sendrogro: tak ne interesno
[Sun Aug 14 12:14:38 2016]  say: ^0^^7ASAV^0^Sendrogro: xddd
[Sun Aug 14 12:14:42 2016]  say: ^0^^7ASAV^0^Sendrogro: samoe krutoe
[Sun Aug 14 12:14:43 2016]  say: ^1Eminem: ...
[Sun Aug 14 12:14:48 2016]  say: ^0^^7ASAV^0^Sendrogro: kogda ti kak v lego sobiraesh vse
[Sun Aug 14 12:14:51 2016]  say: ^0^^7ASAV^0^Sendrogro: xddd
[Sun Aug 14 12:14:57 2016]  say: ^1Eminem: blyat 
[Sun Aug 14 12:15:01 2016]  say: ^1Eminem: ti menya ne ponyal...
[Sun Aug 14 12:15:10 2016]  say: ^1Eminem: oi da ladno, kak hochesh
[Sun Aug 14 12:15:14 2016]  say: ^0^^7ASAV^0^Sendrogro: vsm ne znaesh che i gde
[Sun Aug 14 12:15:25 2016]  say: ^0^^7ASAV^0^Sendrogro: nado kartu smenit
[Sun Aug 14 12:15:27 2016]  say: ^0^^7ASAV^0^Sendrogro: na siege
[Sun Aug 14 12:15:32 2016]  say: ^0^^7ASAV^0^Sendrogro: desert
[Sun Aug 14 12:15:36 2016]  say: ^1Eminem: ASJLDKJWA
[Sun Aug 14 12:15:37 2016]  say: ^1Eminem: lol
[Sun Aug 14 12:15:38 2016]  say: ^1Eminem: lOLOL
[Sun Aug 14 12:15:39 2016]  say: ^0^^7ASAV^0^Sendrogro: xDDD
[Sun Aug 14 12:15:40 2016]  say: ^1Eminem: LOOOLOLy
[Sun Aug 14 12:15:41 2016]  say: ^1Eminem: LOLOLOL
[Sun Aug 14 12:15:41 2016]  ShutdownGame:
[Sun Aug 14 12:15:41 2016]  ------------------------------------------------------------
