[Mon Jun 30 07:04:18 2014]  ------------------------------------------------------------
[Mon Jun 30 07:04:18 2014]  InitGame: \dmflags\0\fraglimit\0\timelimit\120\capturelimit\0\g_privateDuel\1\g_saberLocking\1\g_maxForceRank\7\duel_fraglimit\10\g_forceBasedTeams\0\g_duelWeaponDisable\65531\sv_hostname\^3Darkquake's Makermod Server\sv_maxclients\32\sv_maxRate\5000\sv_minPing\0\sv_maxPing\0\sv_floodProtect\0\sv_allowDownload\1\bot_minplayers\0\g_allowNPC\1\g_weaponDisable\0\g_forcePowerDisable\0\g_forceRegenTime\0\g_siegeTeamSwitch\1\g_siegeRespawn\20\g_debugMelee\1\g_noSpecMove\0\g_maxGameClients\0\g_jediVmerc\0\g_siegeTeam1\none\g_siegeTeam2\none\version\(internal)JAmp: v1.0.1.0 win-x86 Oct 30 2003\g_maxHolocronCarry\3\g_gametype\0\g_needpass\0\protocol\26\mapname\mp/siege_desert\sv_privateClients\0\g_stepSlideFix\1\gamename\MakerMod\g_saberWallDamageScale\0.4\bg_fighterAltControl\0\g_showDuelHealths\0
[Mon Jun 30 07:04:19 2014]  ClientConnect: 0
[Mon Jun 30 07:04:27 2014]  ClientBegin: 0
[Mon Jun 30 07:04:48 2014]  ClientDisconnect: 0
[Mon Jun 30 09:04:17 2014]  Exit: Timelimit hit.
[Mon Jun 30 22:41:50 2014]  ClientConnect: 0
[Mon Jun 30 22:41:50 2014]  mlog:Player ^2N^5ewcomer, connected. With IP - 37.204.208.20:29070 
[Mon Jun 30 22:43:18 2014]  ClientBegin: 0
[Mon Jun 30 22:44:24 2014]  ShutdownGame:
[Mon Jun 30 22:44:24 2014]  ------------------------------------------------------------
[Mon Jun 30 22:44:25 2014]  ------------------------------------------------------------
[Mon Jun 30 22:44:25 2014]  InitGame: \dmflags\0\fraglimit\0\timelimit\120\capturelimit\0\g_privateDuel\1\g_saberLocking\1\g_maxForceRank\7\duel_fraglimit\10\g_forceBasedTeams\0\g_duelWeaponDisable\65531\sv_hostname\^3Darkquake's Makermod Server\sv_maxclients\32\sv_maxRate\5000\sv_minPing\0\sv_maxPing\0\sv_floodProtect\0\sv_allowDownload\1\bot_minplayers\0\g_allowNPC\1\g_weaponDisable\0\g_forcePowerDisable\0\g_forceRegenTime\0\g_siegeTeamSwitch\1\g_siegeRespawn\20\g_debugMelee\1\g_noSpecMove\0\g_maxGameClients\0\g_jediVmerc\0\g_siegeTeam1\none\g_siegeTeam2\none\version\(internal)JAmp: v1.0.1.0 win-x86 Oct 30 2003\g_maxHolocronCarry\3\g_gametype\0\g_needpass\0\protocol\26\mapname\t2_trip\sv_privateClients\0\g_stepSlideFix\1\gamename\MakerMod\g_saberWallDamageScale\0.4\bg_fighterAltControl\0\g_showDuelHealths\0
[Mon Jun 30 22:44:27 2014]  ClientConnect: 0
[Mon Jun 30 22:45:26 2014]  ClientBegin: 0
[Mon Jun 30 22:46:21 2014]  Item: 0 weapon_melee
[Mon Jun 30 22:50:47 2014]  ClientDisconnect: 0
[Tue Jul 01 00:44:23 2014]  Exit: Timelimit hit.
[Thu Jul 03 18:48:38 2014]  ClientConnect: 0
[Thu Jul 03 18:48:38 2014]  mlog:Player Nacho, connected. With IP - 193.68.48.21:29070 
[Thu Jul 03 18:48:56 2014]  ClientBegin: 0
[Thu Jul 03 18:49:00 2014]  ShutdownGame:
[Thu Jul 03 18:49:00 2014]  ------------------------------------------------------------
