[Thu Jun 12 18:27:08 2014]  ------------------------------------------------------------
[Thu Jun 12 18:27:08 2014]  InitGame: \g_siegeTeam2\none\g_siegeTeam1\none\g_jediVmerc\0\g_maxGameClients\0\g_noSpecMove\0\g_debugMelee\1\g_siegeRespawn\20\g_siegeTeamSwitch\1\g_forceRegenTime\0\g_forcePowerDisable\0\g_weaponDisable\0\g_allowNPC\1\bot_minplayers\0\sv_allowDownload\1\sv_floodProtect\0\sv_maxPing\0\sv_minPing\0\sv_maxRate\5000\sv_maxclients\32\sv_hostname\^3Darkquake's Makermod Server\g_duelWeaponDisable\65531\g_forceBasedTeams\0\duel_fraglimit\10\g_maxForceRank\7\g_saberLocking\1\g_privateDuel\1\capturelimit\0\timelimit\120\fraglimit\0\dmflags\0\version\(internal)JAmp: v1.0.1.0 win-x86 Oct 30 2003\g_maxHolocronCarry\3\g_gametype\0\g_needpass\0\protocol\26\mapname\mp/siege_desert\sv_privateClients\0\g_stepSlideFix\1\gamename\MakerMod\g_saberWallDamageScale\0.4\bg_fighterAltControl\0\g_showDuelHealths\0
[Thu Jun 12 18:27:09 2014]  ClientConnect: 0
[Thu Jun 12 18:27:19 2014]  ClientBegin: 0
[Thu Jun 12 18:27:57 2014]  Kill: 0 0 39: ^1A^2R^3C^4-^5X^62^71 killed ^1A^2R^3C^4-^5X^62^71 by MOD_SUICIDE
[Thu Jun 12 18:27:57 2014]  setteam:  0 FREE SPECTATOR
[Thu Jun 12 18:27:57 2014]  ClientBegin: 0
[Thu Jun 12 18:28:16 2014]  ClientConnect: 1
[Thu Jun 12 18:28:16 2014]  mlog:Player ^3Ryubashi, connected. With IP - 78.160.58.45:29070 
[Thu Jun 12 18:28:18 2014]  setteam:  0 SPECTATOR FREE
[Thu Jun 12 18:28:18 2014]  ClientBegin: 0
[Thu Jun 12 18:28:29 2014]  ClientBegin: 1
[Thu Jun 12 18:33:16 2014]  Kill: 1022 1 39: <world> killed ^3Ryubashi by MOD_SUICIDE
[Thu Jun 12 18:34:52 2014]  Kill: 1022 0 39: <world> killed ^1A^2R^3C^4-^5X^62^71 by MOD_SUICIDE
[Thu Jun 12 18:35:04 2014]  ClientDisconnect: 0
[Thu Jun 12 18:35:07 2014]  ClientDisconnect: 1
[Thu Jun 12 20:27:07 2014]  Exit: Timelimit hit.
[Thu Jun 12 23:00:51 2014]  ------------------------------------------------------------
[Thu Jun 12 23:00:51 2014]  InitGame: \dmflags\0\fraglimit\0\timelimit\120\capturelimit\0\g_privateDuel\1\g_saberLocking\1\g_maxForceRank\7\duel_fraglimit\10\g_forceBasedTeams\0\g_duelWeaponDisable\65531\sv_hostname\^3Darkquake's Makermod Server\sv_maxclients\32\sv_maxRate\5000\sv_minPing\0\sv_maxPing\0\sv_floodProtect\0\sv_allowDownload\1\g_allowNPC\1\g_weaponDisable\0\g_forcePowerDisable\0\g_forceRegenTime\1\g_siegeTeamSwitch\1\g_siegeRespawn\20\g_debugMelee\1\g_noSpecMove\0\g_maxGameClients\0\g_jediVmerc\0\g_siegeTeam1\none\g_siegeTeam2\none\version\(internal)JAmp: v1.0.1.0 win-x86 Oct 30 2003\g_maxHolocronCarry\3\g_gametype\0\g_needpass\0\protocol\26\mapname\t2_trip\sv_privateClients\0\g_stepSlideFix\1\gamename\MakerMod\g_saberWallDamageScale\0.4\bg_fighterAltControl\0\g_showDuelHealths\0
[Thu Jun 12 23:20:53 2014]  ------------------------------------------------------------
[Thu Jun 12 23:20:53 2014]  InitGame: \g_siegeTeam2\none\g_siegeTeam1\none\g_jediVmerc\0\g_maxGameClients\0\g_noSpecMove\0\g_debugMelee\1\g_siegeRespawn\20\g_siegeTeamSwitch\1\g_forceRegenTime\1\g_forcePowerDisable\0\g_weaponDisable\0\g_allowNPC\1\sv_allowDownload\1\sv_floodProtect\0\sv_maxPing\0\sv_minPing\0\sv_maxRate\5000\sv_maxclients\32\sv_hostname\^3Darkquake's Makermod Server\g_duelWeaponDisable\65531\g_forceBasedTeams\0\duel_fraglimit\10\g_maxForceRank\7\g_saberLocking\1\g_privateDuel\1\capturelimit\0\timelimit\120\fraglimit\0\dmflags\0\version\(internal)JAmp: v1.0.1.0 win-x86 Oct 30 2003\g_maxHolocronCarry\3\g_gametype\0\g_needpass\0\protocol\26\mapname\t2_trip\sv_privateClients\0\g_stepSlideFix\1\gamename\MakerMod\g_saberWallDamageScale\0.4\bg_fighterAltControl\0\g_showDuelHealths\0
