[Sun Jun 29 18:47:45 2014]  ------------------------------------------------------------
[Sun Jun 29 18:47:45 2014]  InitGame: \dmflags\0\fraglimit\0\timelimit\120\capturelimit\0\g_privateDuel\1\g_saberLocking\1\g_maxForceRank\7\duel_fraglimit\10\g_forceBasedTeams\0\g_duelWeaponDisable\65531\sv_hostname\^3Darkquake's Makermod Server\sv_maxclients\32\sv_maxRate\5000\sv_minPing\0\sv_maxPing\0\sv_floodProtect\0\sv_allowDownload\1\bot_minplayers\0\g_allowNPC\1\g_weaponDisable\0\g_forcePowerDisable\0\g_forceRegenTime\0\g_siegeTeamSwitch\1\g_siegeRespawn\20\g_debugMelee\1\g_noSpecMove\0\g_maxGameClients\0\g_jediVmerc\0\g_siegeTeam1\none\g_siegeTeam2\none\version\(internal)JAmp: v1.0.1.0 win-x86 Oct 30 2003\g_maxHolocronCarry\3\g_gametype\0\g_needpass\0\protocol\26\mapname\t2_trip\sv_privateClients\0\g_stepSlideFix\1\gamename\MakerMod\g_saberWallDamageScale\0.4\bg_fighterAltControl\0\g_showDuelHealths\0
[Sun Jun 29 18:47:47 2014]  ClientConnect: 0
[Sun Jun 29 18:47:47 2014]  ClientConnect: 1
[Sun Jun 29 18:48:11 2014]  ClientBegin: 0
[Sun Jun 29 18:48:19 2014]  ClientBegin: 1
[Sun Jun 29 18:49:36 2014]  ClientConnect: 2
[Sun Jun 29 18:49:36 2014]  mlog:Player t(^_^)t, connected. With IP - 78.11.4.9:29070 
[Sun Jun 29 18:50:00 2014]  Kill: 0 1 3: Padawan killed Padawan by MOD_SABER
[Sun Jun 29 18:50:01 2014]  ClientBegin: 2
[Sun Jun 29 18:50:11 2014]  Kill: 2 0 3: ^3Dz^7i^1HaD:C killed Padawan by MOD_SABER
[Sun Jun 29 18:50:46 2014]  say: ^3Dz^7i^1HaD:C: lol
[Sun Jun 29 18:50:48 2014]  say: ^3Dz^7i^1HaD:C: you know
[Sun Jun 29 18:50:53 2014]  say: ^3Dz^7i^1HaD:C: cheats allowed here...
[Sun Jun 29 18:50:56 2014]  Kill: 1 0 31: Padawan killed Padawan by MOD_FORCE_DARK
[Sun Jun 29 18:51:08 2014]  say: ^3Dz^7i^1HaD:C: everything....
[Sun Jun 29 18:51:11 2014]  say: ^3Dz^7i^1HaD:C: give all
[Sun Jun 29 18:51:12 2014]  say: ^3Dz^7i^1HaD:C: god
[Sun Jun 29 18:51:14 2014]  say: ^3Dz^7i^1HaD:C: noclip
[Sun Jun 29 18:51:30 2014]  Kill: 2 1 11: ^3Dz^7i^1HaD:C killed Padawan by MOD_BOWCASTER
[Sun Jun 29 18:51:43 2014]  Kill: 2 0 31: ^3Dz^7i^1HaD:C killed Padawan by MOD_FORCE_DARK
[Sun Jun 29 18:51:49 2014]  Kill: 2 1 11: ^3Dz^7i^1HaD:C killed Padawan by MOD_BOWCASTER
[Sun Jun 29 18:53:08 2014]  Kill: 1 0 3: Padawan killed Padawan by MOD_SABER
[Sun Jun 29 18:53:15 2014]  Kill: 0 1 3: Padawan killed Padawan by MOD_SABER
[Sun Jun 29 18:54:34 2014]  say: ^3Dz^7i^1HaD:C: omfg
[Sun Jun 29 18:54:39 2014]  say: ^3Dz^7i^1HaD:C: idiots -_-
[Sun Jun 29 18:54:49 2014]  say: ^3Dz^7i^1HaD:C: idiots on makermod
[Sun Jun 29 18:55:09 2014]  ClientDisconnect: 1
[Sun Jun 29 18:55:11 2014]  ClientDisconnect: 2
[Sun Jun 29 18:55:11 2014]  ClientDisconnect: 0
[Sun Jun 29 20:47:43 2014]  Exit: Timelimit hit.
[Mon Jun 30 07:03:55 2014]  ClientConnect: 0
[Mon Jun 30 07:03:55 2014]  mlog:Player Padawan, connected. With IP - 174.32.164.212:1040 
[Mon Jun 30 07:04:10 2014]  ClientBegin: 0
[Mon Jun 30 07:04:17 2014]  ShutdownGame:
[Mon Jun 30 07:04:17 2014]  ------------------------------------------------------------
