[Fri Jun 06 08:24:07 2014]  ------------------------------------------------------------
[Fri Jun 06 08:24:07 2014]  InitGame: \dmflags\0\fraglimit\0\timelimit\120\capturelimit\0\g_privateDuel\1\g_saberLocking\1\g_maxForceRank\7\duel_fraglimit\10\g_forceBasedTeams\0\g_duelWeaponDisable\65531\sv_hostname\^3Darkquake's Makermod Server\sv_maxclients\32\sv_maxRate\5000\sv_minPing\0\sv_maxPing\0\sv_floodProtect\0\sv_allowDownload\1\bot_minplayers\0\g_allowNPC\1\g_weaponDisable\0\g_forcePowerDisable\0\g_forceRegenTime\0\g_siegeTeamSwitch\1\g_siegeRespawn\20\g_debugMelee\1\g_noSpecMove\0\g_maxGameClients\0\g_jediVmerc\0\g_siegeTeam1\none\g_siegeTeam2\none\version\(internal)JAmp: v1.0.1.0 win-x86 Oct 30 2003\g_maxHolocronCarry\3\g_gametype\0\g_needpass\0\protocol\26\mapname\t2_trip\sv_privateClients\0\g_stepSlideFix\1\gamename\MakerMod\g_saberWallDamageScale\0.4\bg_fighterAltControl\0\g_showDuelHealths\0
[Fri Jun 06 08:24:09 2014]  ClientConnect: 0
[Fri Jun 06 08:24:32 2014]  ClientBegin: 0
[Fri Jun 06 08:24:33 2014]  say: ^0U^4nDea^0D: ^1Boba^0Fett's ^3Ultra Utility ^7v3 ^5Beta 17a ^7- ^5U^7ltra^7-^5U^7tility^5.^7com
[Fri Jun 06 08:35:47 2014]  tell: ^0U^4nDea^0D to ^0U^4nDea^0D: ^3UU ^2- ^7JA ^2Minimized
[Fri Jun 06 08:44:48 2014]  tell: ^0U^4nDea^0D to ^0U^4nDea^0D: ^3UU ^2- ^7JA ^2Restored
[Fri Jun 06 08:45:01 2014]  tell: ^0U^4nDea^0D to ^0U^4nDea^0D: ^3UU ^2- ^7JA ^2Minimized
[Fri Jun 06 08:45:48 2014]  tell: ^0U^4nDea^0D to ^0U^4nDea^0D: ^3UU ^2- ^7JA ^2Restored
[Fri Jun 06 08:45:56 2014]  tell: ^0U^4nDea^0D to ^0U^4nDea^0D: ^3UU ^2- ^7JA ^2Minimized
[Fri Jun 06 08:48:16 2014]  tell: ^0U^4nDea^0D to ^0U^4nDea^0D: ^3UU ^2- ^7JA ^2Restored
[Fri Jun 06 08:49:17 2014]  tell: ^0U^4nDea^0D to ^0U^4nDea^0D: ^3UU ^2- ^7JA ^2Minimized
[Fri Jun 06 08:51:57 2014]  tell: ^0U^4nDea^0D to ^0U^4nDea^0D: ^3UU ^2- ^7JA ^2Restored
[Fri Jun 06 08:52:40 2014]  ClientDisconnect: 0
[Fri Jun 06 08:52:40 2014]  ClientDisconnect: 0
[Fri Jun 06 08:52:40 2014]  ClientConnect: 0
[Fri Jun 06 08:52:40 2014]  mlog:Player ^0U^4nDea^0D, connected. With IP - 88.132.148.182:29070 
[Fri Jun 06 08:52:51 2014]  ClientBegin: 0
[Fri Jun 06 08:52:51 2014]  say: ^0U^4nDea^0D: ^1Boba^0Fett's ^3Ultra Utility ^7v3 ^5Beta 17a ^7- ^5U^7ltra^7-^5U^7tility^5.^7com
[Fri Jun 06 08:53:50 2014]  tell: ^0U^4nDea^0D to ^0U^4nDea^0D: ^3UU ^2- ^7JA ^2Minimized
[Fri Jun 06 08:53:59 2014]  tell: ^0U^4nDea^0D to ^0U^4nDea^0D: ^3UU ^2- ^7JA ^2Restored
[Fri Jun 06 08:54:46 2014]  tell: ^0U^4nDea^0D to ^0U^4nDea^0D: ^3UU ^2- ^7JA ^2Minimized
[Fri Jun 06 08:55:13 2014]  tell: ^0U^4nDea^0D to ^0U^4nDea^0D: ^3UU ^2- ^7JA ^2Restored
[Fri Jun 06 08:57:36 2014]  Kill: 1022 0 0: <world> killed ^0U^4nDea^0D by MOD_UNKNOWN
[Fri Jun 06 09:00:23 2014]  Kill: 0 0 36: ^0U^4nDea^0D killed ^0U^4nDea^0D by MOD_CRUSH
[Fri Jun 06 09:02:30 2014]  tell: ^0U^4nDea^0D to ^0U^4nDea^0D: ^3UU ^2- ^7JA ^2Minimized
[Fri Jun 06 09:03:00 2014]  tell: ^0U^4nDea^0D to ^0U^4nDea^0D: ^3UU ^2- ^7JA ^2Restored
[Fri Jun 06 09:03:45 2014]  tell: ^0U^4nDea^0D to ^0U^4nDea^0D: ^3UU ^2- ^7JA ^2Minimized
[Fri Jun 06 09:04:01 2014]  tell: ^0U^4nDea^0D to ^0U^4nDea^0D: ^3UU ^2- ^7JA ^2Restored
[Fri Jun 06 09:04:46 2014]  ClientDisconnect: 0
[Fri Jun 06 10:24:06 2014]  Exit: Timelimit hit.
[Fri Jun 06 20:09:09 2014]  ClientConnect: 0
[Fri Jun 06 20:09:09 2014]  mlog:Player Padawan, connected. With IP - 91.6.61.216:29070 
[Fri Jun 06 20:10:28 2014]  ClientBegin: 0
[Fri Jun 06 20:10:39 2014]  ShutdownGame:
[Fri Jun 06 20:10:39 2014]  ------------------------------------------------------------
[Fri Jun 06 20:10:41 2014]  ------------------------------------------------------------
[Fri Jun 06 20:10:41 2014]  InitGame: \dmflags\0\fraglimit\0\timelimit\120\capturelimit\0\g_privateDuel\1\g_saberLocking\1\g_maxForceRank\7\duel_fraglimit\10\g_forceBasedTeams\0\g_duelWeaponDisable\65531\sv_hostname\^3Darkquake's Makermod Server\sv_maxclients\32\sv_maxRate\5000\sv_minPing\0\sv_maxPing\0\sv_floodProtect\0\sv_allowDownload\1\bot_minplayers\0\g_allowNPC\1\g_weaponDisable\0\g_forcePowerDisable\0\g_forceRegenTime\0\g_siegeTeamSwitch\1\g_siegeRespawn\20\g_debugMelee\1\g_noSpecMove\0\g_maxGameClients\0\g_jediVmerc\0\g_siegeTeam1\none\g_siegeTeam2\none\version\(internal)JAmp: v1.0.1.0 win-x86 Oct 30 2003\g_maxHolocronCarry\3\g_gametype\0\g_needpass\0\protocol\26\mapname\mp/siege_desert\sv_privateClients\0\g_stepSlideFix\1\gamename\MakerMod\g_saberWallDamageScale\0.4\bg_fighterAltControl\0\g_showDuelHealths\0
[Fri Jun 06 20:10:43 2014]  ClientConnect: 0
[Fri Jun 06 20:11:13 2014]  ClientBegin: 0
[Fri Jun 06 20:14:07 2014]  ClientDisconnect: 0
[Fri Jun 06 20:50:54 2014]  ClientConnect: 0
[Fri Jun 06 20:50:54 2014]  mlog:Player KOKOCI 2JA, connected. With IP - 95.170.250.101:29070 
[Fri Jun 06 20:50:58 2014]  ClientConnect: 1
[Fri Jun 06 20:50:58 2014]  mlog:Player Dumbo, connected. With IP - 84.47.18.56:-19648 
[Fri Jun 06 20:51:34 2014]  ClientBegin: 0
[Fri Jun 06 20:53:09 2014]  ClientBegin: 1
[Fri Jun 06 20:53:24 2014]  Kill: 1022 0 39: <world> killed KOKOCI 2JA by MOD_SUICIDE
[Fri Jun 06 20:53:51 2014]  Kill: 1 1 39: Dumbo killed Dumbo by MOD_SUICIDE
[Fri Jun 06 20:53:51 2014]  setteam:  1 FREE SPECTATOR
[Fri Jun 06 20:53:51 2014]  ClientBegin: 1
[Fri Jun 06 20:53:57 2014]  setteam:  1 SPECTATOR FREE
[Fri Jun 06 20:53:57 2014]  ClientBegin: 1
[Fri Jun 06 20:57:36 2014]  ClientDisconnect: 1
[Fri Jun 06 20:57:38 2014]  ClientDisconnect: 0
[Fri Jun 06 22:10:28 2014]  Exit: Timelimit hit.
[Sat Jun 07 09:38:28 2014]  ClientConnect: 0
[Sat Jun 07 09:38:28 2014]  mlog:Player ^1Darth^0Twin, connected. With IP - 188.19.109.4:29071 
[Sat Jun 07 09:38:57 2014]  ClientBegin: 0
[Sat Jun 07 09:39:02 2014]  ShutdownGame:
[Sat Jun 07 09:39:02 2014]  ------------------------------------------------------------
