[Mon Jun 09 12:13:56 2014]  ------------------------------------------------------------
[Mon Jun 09 12:13:56 2014]  InitGame: \dmflags\0\fraglimit\0\timelimit\120\capturelimit\0\g_privateDuel\1\g_saberLocking\1\g_maxForceRank\7\duel_fraglimit\10\g_forceBasedTeams\0\g_duelWeaponDisable\65531\sv_hostname\^3Darkquake's Makermod Server\sv_maxclients\32\sv_maxRate\5000\sv_minPing\0\sv_maxPing\0\sv_floodProtect\0\sv_allowDownload\1\g_allowNPC\1\g_weaponDisable\0\g_forcePowerDisable\0\g_forceRegenTime\1\g_siegeTeamSwitch\1\g_siegeRespawn\20\g_debugMelee\1\g_noSpecMove\0\g_maxGameClients\0\g_jediVmerc\0\g_siegeTeam1\none\g_siegeTeam2\none\version\(internal)JAmp: v1.0.1.0 win-x86 Oct 30 2003\g_maxHolocronCarry\3\g_gametype\0\g_needpass\0\protocol\26\mapname\t2_trip\sv_privateClients\0\g_stepSlideFix\1\gamename\MakerMod\g_saberWallDamageScale\0.4\bg_fighterAltControl\0\g_showDuelHealths\0
[Mon Jun 09 13:07:32 2014]  ClientConnect: 0
[Mon Jun 09 13:07:32 2014]  mlog:Player ^8Provaz^7CZ^194, connected. With IP - 85.70.157.153:29070 
[Mon Jun 09 13:08:20 2014]  ClientBegin: 0
[Mon Jun 09 13:09:18 2014]  say: ^8Provaz^7CZ^194: It's alive!
[Mon Jun 09 13:09:37 2014]  Kill: 0 0 39: ^8Provaz^7CZ^194 killed ^8Provaz^7CZ^194 by MOD_SUICIDE
[Mon Jun 09 13:13:49 2014]  say: ^8Provaz^7CZ^194: MakerMod! You're alive!
[Mon Jun 09 13:18:54 2014]  say: ^8Provaz^7CZ^194: fog
[Mon Jun 09 13:22:48 2014]  say: ^8Provaz^7CZ^194: All the memories...
[Mon Jun 09 13:26:22 2014]  say: ^8Provaz^7CZ^194: Wonder if i remember the catwalk palcing cmd...
[Mon Jun 09 13:26:55 2014]  say: ^8Provaz^7CZ^194: nope :C
[Mon Jun 09 13:31:59 2014]  say: ^8Provaz^7CZ^194: Must get all the scripts from HDD O.o C:
[Mon Jun 09 13:32:21 2014]  say: ^8Provaz^7CZ^194: ...models, and all the shit...
[Mon Jun 09 13:36:36 2014]  Kill: 0 0 39: ^8Provaz^7CZ^194 killed ^8Provaz^7CZ^194 by MOD_SUICIDE
[Mon Jun 09 13:47:35 2014]  say: ^8Provaz^7CZ^194: haha! Got it! placed a catw :D
[Mon Jun 09 13:49:17 2014]  say: ^8Provaz^7CZ^194: My origin is: (-6135 -21027 1481) - You can teleport here with /mtelelast

[Mon Jun 09 13:49:27 2014]  say: ^8Provaz^7CZ^194: >:) missed dis
[Mon Jun 09 13:49:46 2014]  say: ^8Provaz^7CZ^194: Two and half years...
[Mon Jun 09 13:52:02 2014]  say: ^8Provaz^7CZ^194: MakerMod, i FRAKKIN' MISSED U! :D
[Mon Jun 09 13:55:20 2014]  Kill: 1022 0 0: <world> killed ^8Provaz^7CZ^194 by MOD_UNKNOWN
[Mon Jun 09 13:55:33 2014]  Kill: 1022 0 40: <world> killed ^8Provaz^7CZ^194 by MOD_TARGET_LASER
[Mon Jun 09 13:55:46 2014]  Kill: 1022 0 40: <world> killed ^8Provaz^7CZ^194 by MOD_TARGET_LASER
[Mon Jun 09 13:56:04 2014]  Kill: 1022 0 40: <world> killed ^8Provaz^7CZ^194 by MOD_TARGET_LASER
[Mon Jun 09 14:00:03 2014]  Kill: 1022 0 38: <world> killed ^8Provaz^7CZ^194 by MOD_FALLING
[Mon Jun 09 14:01:50 2014]  Item: 0 item_medpak_instant
[Mon Jun 09 14:02:25 2014]  Item: 0 item_shield_lrg_instant
[Mon Jun 09 14:02:38 2014]  Item: 0 item_seeker
[Mon Jun 09 14:03:21 2014]  Item: 0 item_shield
[Mon Jun 09 14:04:04 2014]  Item: 0 item_cloak
[Mon Jun 09 14:04:22 2014]  Item: 0 item_ammodisp
[Mon Jun 09 14:05:15 2014]  Item: 0 item_healthdisp
[Mon Jun 09 14:05:31 2014]  Item: 0 item_eweb_holdable
[Mon Jun 09 14:06:56 2014]  Item: 0 item_sentry_gun
[Mon Jun 09 14:07:54 2014]  say: ^8Provaz^7CZ^194: imma here an hour already??!? O.o
[Mon Jun 09 14:09:44 2014]  say: ^8Provaz^7CZ^194: but server was runnin one hour before i arrived
[Mon Jun 09 14:10:02 2014]  say: ^8Provaz^7CZ^194: so somebody was here, or the server just started, idunno
[Mon Jun 09 14:10:16 2014]  say: ^8Provaz^7CZ^194: selftalkin
[Mon Jun 09 14:10:40 2014]  say: ^8Provaz^7CZ^194: nah, maybe the admin is readin dis
[Mon Jun 09 14:10:49 2014]  say: ^8Provaz^7CZ^194: hai admin? :)
[Mon Jun 09 14:11:25 2014]  say: ^8Provaz^7CZ^194: Game of Thrones almost downloaded, cya, be sure )
[Mon Jun 09 14:11:34 2014]  ClientDisconnect: 0
[Mon Jun 09 14:13:59 2014]  Exit: Timelimit hit.
[Tue Jun 10 00:03:43 2014]  ClientConnect: 0
[Tue Jun 10 00:03:43 2014]  mlog:Player Padawan, connected. With IP - 67.185.45.33:29070 
[Tue Jun 10 00:07:04 2014]  ClientDisconnect: 0
[Tue Jun 10 00:51:23 2014]  ClientConnect: 0
[Tue Jun 10 00:51:23 2014]  mlog:Player Padawan, connected. With IP - 186.7.133.153:29070 
[Tue Jun 10 00:54:46 2014]  ClientDisconnect: 0
