[Sat Jun 14 03:35:20 2014]  ------------------------------------------------------------
[Sat Jun 14 03:35:20 2014]  InitGame: \dmflags\0\fraglimit\0\timelimit\120\capturelimit\0\g_privateDuel\1\g_saberLocking\1\g_maxForceRank\7\duel_fraglimit\10\g_forceBasedTeams\0\g_duelWeaponDisable\65531\sv_hostname\^3Darkquake's Makermod Server\sv_maxclients\32\sv_maxRate\5000\sv_minPing\0\sv_maxPing\0\sv_floodProtect\0\sv_allowDownload\1\bot_minplayers\0\g_allowNPC\1\g_weaponDisable\0\g_forcePowerDisable\0\g_forceRegenTime\0\g_siegeTeamSwitch\1\g_siegeRespawn\20\g_debugMelee\1\g_noSpecMove\0\g_maxGameClients\0\g_jediVmerc\0\g_siegeTeam1\none\g_siegeTeam2\none\version\(internal)JAmp: v1.0.1.0 win-x86 Oct 30 2003\g_maxHolocronCarry\3\g_gametype\0\g_needpass\0\protocol\26\mapname\mp/siege_desert\sv_privateClients\0\g_stepSlideFix\1\gamename\MakerMod\g_saberWallDamageScale\0.4\bg_fighterAltControl\0\g_showDuelHealths\0
[Sat Jun 14 03:35:21 2014]  ClientConnect: 0
[Sat Jun 14 03:35:27 2014]  ClientBegin: 0
[Sat Jun 14 03:36:13 2014]  ClientConnect: 1
[Sat Jun 14 03:36:13 2014]  mlog:Player Maks***14, connected. With IP - 176.51.110.40:29070 
[Sat Jun 14 03:36:36 2014]  ClientBegin: 1
[Sat Jun 14 03:36:52 2014]  say: ^5Darth ^3Kias: матвей ты?
[Sat Jun 14 03:37:02 2014]  say: Padawan: я √ерман
[Sat Jun 14 03:37:24 2014]  say: ^5Darth ^3Kias: ну тоесть он да?
[Sat Jun 14 03:37:28 2014]  say: ^5Darth ^3Kias: € макс
[Sat Jun 14 03:37:28 2014]  say: Padawan: да
[Sat Jun 14 03:37:35 2014]  say: ^5Darth ^3Kias: ты где?
[Sat Jun 14 03:37:39 2014]  say: Padawan: тут
[Sat Jun 14 03:37:53 2014]  say: ^5Darth ^3Kias: щ€
[Sat Jun 14 03:37:55 2014]  say: ^5Darth ^3Kias: найду
[Sat Jun 14 03:38:47 2014]  say: ^5Darth ^3Kias: немгу найти
[Sat Jun 14 03:39:31 2014]  say: ^5Darth ^3Kias: да ты где вообще епты?
[Sat Jun 14 03:39:37 2014]  say: ^5Darth ^3Kias: окей
[Sat Jun 14 03:39:40 2014]  say: ^5Darth ^3Kias: значит так
[Sat Jun 14 03:40:33 2014]  say: ^5Darth ^3Kias: dblbim cby.. [eqy.&
[Sat Jun 14 03:40:42 2014]  say: ^5Darth ^3Kias: синию хуйню видишь:
[Sat Jun 14 03:40:44 2014]  say: ^5Darth ^3Kias: ?
[Sat Jun 14 03:40:48 2014]  say: ^5Darth ^3Kias: вверху
[Sat Jun 14 03:40:56 2014]  say: Padawan: не
[Sat Jun 14 03:41:10 2014]  say: ^5Darth ^3Kias: ты где ранкор?
[Sat Jun 14 03:41:16 2014]  say: Padawan: нет
[Sat Jun 14 03:41:27 2014]  say: ^5Darth ^3Kias: видишь?
[Sat Jun 14 03:41:35 2014]  say: Padawan: нет
[Sat Jun 14 03:41:41 2014]  say: ^5Darth ^3Kias: да пиздец
[Sat Jun 14 03:42:02 2014]  say: ^5Darth ^3Kias: ты ломаешь что-тоо?
[Sat Jun 14 03:42:08 2014]  say: Padawan: да
[Sat Jun 14 03:42:17 2014]  say: ^5Darth ^3Kias: в пещере?
[Sat Jun 14 03:42:39 2014]  say: Padawan: € там, где дома
[Sat Jun 14 03:42:43 2014]  Kill: 1022 0 38: <world> killed Padawan by MOD_FALLING
[Sat Jun 14 03:42:44 2014]  say: ^5Darth ^3Kias: вот
[Sat Jun 14 03:42:54 2014]  say: ^5Darth ^3Kias: вижу
[Sat Jun 14 03:43:19 2014]  say: ^5Darth ^3Kias: да блин ты летаешь чтоли?
[Sat Jun 14 03:43:27 2014]  say: Padawan: нет
[Sat Jun 14 03:43:32 2014]  say: ^5Darth ^3Kias: покажись
[Sat Jun 14 03:43:44 2014]  say: Padawan: € у рагноса
[Sat Jun 14 03:43:56 2014]  say: ^5Darth ^3Kias: о
[Sat Jun 14 03:44:00 2014]  say: ^5Darth ^3Kias: €сн
[Sat Jun 14 03:44:13 2014]  say: Padawan: вот ты
[Sat Jun 14 03:44:31 2014]  say: ^5Darth ^3Kias: не биси мен€)
[Sat Jun 14 03:44:32 2014]  say: Padawan: что с тобой?
[Sat Jun 14 03:44:43 2014]  say: Padawan: и почему € не могу использовать гарпун?
[Sat Jun 14 03:44:46 2014]  say: ^5Darth ^3Kias: €ж говорю чуда сервер
[Sat Jun 14 03:44:53 2014]  say: ^5Darth ^3Kias: смари
[Sat Jun 14 03:45:00 2014]  say: Padawan: ты мен€ видишь?
[Sat Jun 14 03:45:03 2014]  say: ^5Darth ^3Kias: да
[Sat Jun 14 03:45:14 2014]  say: Padawan: у мен€ текстуры нет
[Sat Jun 14 03:45:15 2014]  say: ^5Darth ^3Kias: бесконечна€ молни€ и драй
[Sat Jun 14 03:45:23 2014]  say: Padawan: а как?
[Sat Jun 14 03:45:45 2014]  say: ^5Darth ^3Kias: сделай скин нормальный а?
[Sat Jun 14 03:46:21 2014]  say: ^5Darth ^3Kias: ихихи
[Sat Jun 14 03:46:22 2014]  Kill: 1022 0 3: <world> killed Padawan by MOD_SABER
[Sat Jun 14 03:46:26 2014]  say: ^5Darth ^3Kias: лол
[Sat Jun 14 03:47:19 2014]  say: ^5Darth ^3Kias: иди к рагносу
[Sat Jun 14 03:47:26 2014]  say: ^5Darth ^3Kias: и не подходи к етой штуке
[Sat Jun 14 03:47:27 2014]  say: Padawan: почему тот мод не работает?
[Sat Jun 14 03:47:37 2014]  say: ^5Darth ^3Kias: которую € создал
[Sat Jun 14 03:47:41 2014]  say: Padawan: ну, клиент
[Sat Jun 14 03:47:46 2014]  say: ^5Darth ^3Kias: тут моды не роб€т
[Sat Jun 14 03:47:53 2014]  say: ^5Darth ^3Kias: это и есть макермод
[Sat Jun 14 03:48:18 2014]  say: ^5Darth ^3Kias: короч хочешьь научитьс€ также?
[Sat Jun 14 03:48:22 2014]  say: Padawan: да
[Sat Jun 14 03:48:26 2014]  say: Padawan: научи мен€ всему
[Sat Jun 14 03:48:31 2014]  say: ^5Darth ^3Kias: скин смени и к рагносу приходи
[Sat Jun 14 03:48:39 2014]  say: Padawan: а где он?
[Sat Jun 14 03:48:42 2014]  say: ^5Darth ^3Kias: kfl
[Sat Jun 14 03:48:47 2014]  say: ^5Darth ^3Kias: скин сменил?
[Sat Jun 14 03:48:50 2014]  say: Padawan: да
[Sat Jun 14 03:48:54 2014]  say: Padawan: € боба фетт
[Sat Jun 14 03:48:56 2014]  say: ^5Darth ^3Kias: € иду
[Sat Jun 14 03:50:00 2014]  say: ^5Darth ^3Kias: 'q
[Sat Jun 14 03:50:02 2014]  say: ^5Darth ^3Kias: эй
[Sat Jun 14 03:50:11 2014]  say: ^5Darth ^3Kias: бл€ть
[Sat Jun 14 03:50:13 2014]  say: ^5Darth ^3Kias: иди суда
[Sat Jun 14 03:50:17 2014]  say: ^5Darth ^3Kias: ты не сменил скин
[Sat Jun 14 03:50:24 2014]  say: Padawan: € боба фетт!
[Sat Jun 14 03:50:30 2014]  say: ^5Darth ^3Kias: хмм
[Sat Jun 14 03:50:32 2014]  say: ^5Darth ^3Kias: ну лад
[Sat Jun 14 03:50:53 2014]  say: ^5Darth ^3Kias: € тебе шщас дам
[Sat Jun 14 03:51:08 2014]  Kill: 1 0 38: ^5Darth ^3Kias killed Padawan by MOD_FALLING
[Sat Jun 14 03:51:14 2014]  say: ^5Darth ^3Kias: иди суда
[Sat Jun 14 03:51:15 2014]  say: ^5Darth ^3Kias: ептвы
[Sat Jun 14 03:51:21 2014]  say: ^5Darth ^3Kias: достал бегать
[Sat Jun 14 03:51:26 2014]  say: ^5Darth ^3Kias: просто стой € теб€ учу
[Sat Jun 14 03:51:30 2014]  say: Padawan: € у рагноса
[Sat Jun 14 03:51:58 2014]  say: ^5Darth ^3Kias: ты достал мен!
[Sat Jun 14 03:52:01 2014]  say: ^5Darth ^3Kias: иди суда
[Sat Jun 14 03:52:05 2014]  say: ^5Darth ^3Kias: если хочешь также
[Sat Jun 14 03:52:13 2014]  say: Padawan: ну?
[Sat Jun 14 03:52:18 2014]  say: ^5Darth ^3Kias: стой
[Sat Jun 14 03:52:20 2014]  say: ^5Darth ^3Kias: бл€ть
[Sat Jun 14 03:52:25 2014]  say: ^5Darth ^3Kias: пшел нах тогда
[Sat Jun 14 03:52:27 2014]  say: Padawan: стою
[Sat Jun 14 03:52:33 2014]  say: ^5Darth ^3Kias: короч
[Sat Jun 14 03:53:03 2014]  say: ^5Darth ^3Kias: открывай консоль правый shift + буква йо типо е  с точками
[Sat Jun 14 03:53:12 2014]  say: ^5Darth ^3Kias: все?
[Sat Jun 14 03:53:27 2014]  say: Padawan: дальше?
[Sat Jun 14 03:53:37 2014]  say: ^5Darth ^3Kias: бегать гне надо
[Sat Jun 14 03:53:40 2014]  say: ^5Darth ^3Kias: ты неугомоный
[Sat Jun 14 03:53:46 2014]  say: ^5Darth ^3Kias: сабер ой
[Sat Jun 14 03:53:49 2014]  say: ^5Darth ^3Kias: оф
[Sat Jun 14 03:53:58 2014]  say: ^5Darth ^3Kias: вводи /god
[Sat Jun 14 03:54:09 2014]  say: ^5Darth ^3Kias: вводи /mempower
[Sat Jun 14 03:54:26 2014]  say: ^5Darth ^3Kias: вводи /npc spawn stormtrooper
[Sat Jun 14 03:54:35 2014]  say: Padawan: погоди
[Sat Jun 14 03:54:38 2014]  say: ^5Darth ^3Kias: /god
[Sat Jun 14 03:54:40 2014]  say: Padawan: что еще раз?
[Sat Jun 14 03:54:42 2014]  say: ^5Darth ^3Kias: /god
[Sat Jun 14 03:54:57 2014]  say: ^5Darth ^3Kias: /mempower
[Sat Jun 14 03:55:16 2014]  say: ^5Darth ^3Kias: /npc spawn stormtrooper
[Sat Jun 14 03:56:01 2014]  say: ^5Darth ^3Kias: djn
[Sat Jun 14 03:56:03 2014]  say: ^5Darth ^3Kias: окей
[Sat Jun 14 03:56:06 2014]  say: ^5Darth ^3Kias: так
[Sat Jun 14 03:56:14 2014]  say: ^5Darth ^3Kias: теперь пришло врем€ к самому самому
[Sat Jun 14 03:56:15 2014]  say: Padawan: что за желтый цвет?
[Sat Jun 14 03:56:20 2014]  say: ^5Darth ^3Kias: это сила
[Sat Jun 14 03:56:25 2014]  say: ^5Darth ^3Kias: проверь она у теб€ вс€
[Sat Jun 14 03:57:10 2014]  say: ^5Darth ^3Kias: так
[Sat Jun 14 03:57:12 2014]  say: Padawan: погоди пару минут
[Sat Jun 14 03:57:15 2014]  say: ^5Darth ^3Kias: дальше 
[Sat Jun 14 03:57:18 2014]  say: Padawan: € отойду
[Sat Jun 14 03:58:19 2014]  say: ^5Darth ^3Kias: /
[Sat Jun 14 04:00:39 2014]  say: ^5Darth ^3Kias: сука
[Sat Jun 14 04:00:43 2014]  say: ^5Darth ^3Kias: хватит пл€ть
[Sat Jun 14 04:01:06 2014]  say: ^5Darth ^3Kias: с€дь
[Sat Jun 14 04:01:09 2014]  say: ^5Darth ^3Kias: вот суда
[Sat Jun 14 04:01:15 2014]  say: ^5Darth ^3Kias: на нее
[Sat Jun 14 04:02:04 2014]  say: ^5Darth ^3Kias: eqlb
[Sat Jun 14 04:02:06 2014]  say: ^5Darth ^3Kias: уйди
[Sat Jun 14 04:02:36 2014]  say: ^5Darth ^3Kias: да бл€ть
[Sat Jun 14 04:02:39 2014]  say: ^5Darth ^3Kias: матвей
[Sat Jun 14 04:02:42 2014]  say: ^5Darth ^3Kias: хватит
[Sat Jun 14 04:02:44 2014]  say: ^5Darth ^3Kias: а
[Sat Jun 14 04:02:55 2014]  say: ^5Darth ^3Kias: mkill
[Sat Jun 14 04:03:06 2014]  say: ^5Darth ^3Kias: € буду строить себе базу
[Sat Jun 14 04:03:16 2014]  say: ^5Darth ^3Kias: ты как хочешь
[Sat Jun 14 04:06:03 2014]  say: ^5Darth ^3Kias: пшел  моей базы иначе заставлю страдать!
[Sat Jun 14 04:06:20 2014]  say: Padawan: каким образом?
[Sat Jun 14 04:06:25 2014]  say: ^5Darth ^3Kias: ты же не хочешь учитьс€
[Sat Jun 14 04:06:30 2014]  say: ^5Darth ^3Kias: каким?
[Sat Jun 14 04:06:32 2014]  say: Padawan: хочу
[Sat Jun 14 04:06:33 2014]  say: ^5Darth ^3Kias: щ€с
[Sat Jun 14 04:06:53 2014]  say: ^5Darth ^3Kias: иди на базу
[Sat Jun 14 04:07:19 2014]  say: Padawan: коричнева€ дверь красивее
[Sat Jun 14 04:07:32 2014]  say: ^5Darth ^3Kias: посиди тут
[Sat Jun 14 04:07:35 2014]  Kill: 0 0 39: Padawan killed Padawan by MOD_SUICIDE
[Sat Jun 14 04:07:35 2014]  setteam:  0 FREE SPECTATOR
[Sat Jun 14 04:07:35 2014]  ClientBegin: 0
[Sat Jun 14 04:07:40 2014]  say: ^5Darth ^3Kias: /noclip
[Sat Jun 14 04:07:43 2014]  setteam:  0 SPECTATOR FREE
[Sat Jun 14 04:07:43 2014]  ClientBegin: 0
[Sat Jun 14 04:07:55 2014]  say: ^5Darth ^3Kias: jr
[Sat Jun 14 04:07:56 2014]  say: ^5Darth ^3Kias: ок
[Sat Jun 14 04:08:52 2014]  say: ^5Darth ^3Kias: фиг пройдеш!
[Sat Jun 14 04:09:04 2014]  say: Padawan: куда?
[Sat Jun 14 04:09:19 2014]  say: ^5Darth ^3Kias: dct
[Sat Jun 14 04:09:21 2014]  say: ^5Darth ^3Kias: суда
[Sat Jun 14 04:09:22 2014]  say: ^5Darth ^3Kias: так
[Sat Jun 14 04:09:26 2014]  say: ^5Darth ^3Kias: ооооо
[Sat Jun 14 04:10:19 2014]  say: ^5Darth ^3Kias: бл€ть
[Sat Jun 14 04:10:20 2014]  say: Padawan: € штурмую твою базу
[Sat Jun 14 04:10:27 2014]  say: ^5Darth ^3Kias: повезло что скрипты не роб€т
[Sat Jun 14 04:11:56 2014]  say: ^5Darth ^3Kias: ну че?
[Sat Jun 14 04:12:27 2014]  say: ^5Darth ^3Kias: лад € буду делать дом
[Sat Jun 14 04:14:46 2014]  say: ^5Darth ^3Kias: .тщсдшз
[Sat Jun 14 04:15:15 2014]  say: ^5Darth ^3Kias: ты не знаешь на сколько € могуществен
[Sat Jun 14 04:15:34 2014]  say: Padawan: как силу получить?
[Sat Jun 14 04:15:43 2014]  say: ^5Darth ^3Kias: учитьс€ хочешь????
[Sat Jun 14 04:15:48 2014]  say: Padawan: да
[Sat Jun 14 04:15:57 2014]  say: ^5Darth ^3Kias: скажи что не будешь бегать и доставать мен€!
[Sat Jun 14 04:16:07 2014]  say: Padawan: не буду
[Sat Jun 14 04:16:13 2014]  say: ^5Darth ^3Kias: ок
[Sat Jun 14 04:16:20 2014]  say: Padawan: угомони свою турель
[Sat Jun 14 04:16:25 2014]  say: ^5Darth ^3Kias: все
[Sat Jun 14 04:16:28 2014]  say: ^5Darth ^3Kias: так
[Sat Jun 14 04:16:38 2014]  say: ^5Darth ^3Kias: 0.3 варнов!
[Sat Jun 14 04:16:43 2014]  say: ^5Darth ^3Kias: 0 из 3
[Sat Jun 14 04:16:46 2014]  say: ^5Darth ^3Kias:  и все
[Sat Jun 14 04:16:50 2014]  say: ^5Darth ^3Kias: сабер офф
[Sat Jun 14 04:16:55 2014]  say: ^5Darth ^3Kias: не бегай
[Sat Jun 14 04:17:05 2014]  say: ^5Darth ^3Kias: 1/3
[Sat Jun 14 04:17:13 2014]  say: ^5Darth ^3Kias: 2/3
[Sat Jun 14 04:17:21 2014]  say: ^5Darth ^3Kias: ну окей
[Sat Jun 14 04:17:26 2014]  say: ^5Darth ^3Kias: как хлош
[Sat Jun 14 04:17:30 2014]  say: ^5Darth ^3Kias: все
[Sat Jun 14 04:17:32 2014]  say: ^5Darth ^3Kias: стой
[Sat Jun 14 04:17:33 2014]  say: ^5Darth ^3Kias: стой
[Sat Jun 14 04:17:35 2014]  say: ^5Darth ^3Kias: стой!
[Sat Jun 14 04:18:00 2014]  say: ^5Darth ^3Kias: /mplace factory/catw2_b вводи
[Sat Jun 14 04:19:00 2014]  say: ^5Darth ^3Kias: окей
[Sat Jun 14 04:19:09 2014]  say: ^5Darth ^3Kias: баловатьс€ будешь убью
[Sat Jun 14 04:19:16 2014]  say: ^5Darth ^3Kias: и гуд не помож
[Sat Jun 14 04:19:22 2014]  say: ^5Darth ^3Kias: так
[Sat Jun 14 04:19:32 2014]  say: Padawan: как ее крутить
[Sat Jun 14 04:19:34 2014]  say: ^5Darth ^3Kias: выбери где хочешь поставить и вводи /mdrop
[Sat Jun 14 04:20:03 2014]  say: ^5Darth ^3Kias: окей
[Sat Jun 14 04:20:10 2014]  say: ^5Darth ^3Kias: хочешь лифт?
[Sat Jun 14 04:20:14 2014]  say: Padawan: lf
[Sat Jun 14 04:20:19 2014]  say: Padawan: да
[Sat Jun 14 04:20:43 2014]  say: ^5Darth ^3Kias: вводи /mplatform 100 100 можгно и больше
[Sat Jun 14 04:21:07 2014]  say: Padawan: mplatform 100 100
[Sat Jun 14 04:21:13 2014]  say: ^5Darth ^3Kias: да
[Sat Jun 14 04:21:18 2014]  say: ^5Darth ^3Kias: в консоль придурок
[Sat Jun 14 04:21:21 2014]  say: ^5Darth ^3Kias: /
[Sat Jun 14 04:21:40 2014]  Item: 0 ammo_all
[Sat Jun 14 04:21:59 2014]  say: Padawan: и ниху€
[Sat Jun 14 04:22:05 2014]  say: ^5Darth ^3Kias: идиот
[Sat Jun 14 04:22:07 2014]  Item: 0 ammo_all
[Sat Jun 14 04:22:09 2014]  say: ^5Darth ^3Kias: вот
[Sat Jun 14 04:22:25 2014]  say: ^5Darth ^3Kias: можно выше не 100 100
[Sat Jun 14 04:22:28 2014]  say: ^5Darth ^3Kias: а 300 100
[Sat Jun 14 04:22:32 2014]  say: ^5Darth ^3Kias: или 100 300
[Sat Jun 14 04:22:38 2014]  say: ^5Darth ^3Kias: или воще 1000 101010
[Sat Jun 14 04:23:06 2014]  say: ^5Darth ^3Kias: что?
[Sat Jun 14 04:23:16 2014]  say: ^5Darth ^3Kias: дабл€ть
[Sat Jun 14 04:23:24 2014]  say: ^5Darth ^3Kias: пшел сука
[Sat Jun 14 04:23:33 2014]  say: ^5Darth ^3Kias: хватит идиотина ебучи€
[Sat Jun 14 04:23:35 2014]  say: ^5Darth ^3Kias: ахаах
[Sat Jun 14 04:24:10 2014]  say: Padawan: ох ты бл€ть
[Sat Jun 14 04:24:13 2014]  say: Padawan: что это
[Sat Jun 14 04:24:15 2014]  Kill: 0 0 39: Padawan killed Padawan by MOD_SUICIDE
[Sat Jun 14 04:24:15 2014]  setteam:  0 FREE SPECTATOR
[Sat Jun 14 04:24:15 2014]  ClientBegin: 0
[Sat Jun 14 04:24:25 2014]  setteam:  0 SPECTATOR FREE
[Sat Jun 14 04:24:25 2014]  ClientBegin: 0
[Sat Jun 14 04:24:29 2014]  say: ^5Darth ^3Kias: ты вверх полетел далеккооо!
[Sat Jun 14 04:24:39 2014]  say: ^5Darth ^3Kias: нельз€ больше 1000
[Sat Jun 14 04:24:44 2014]  say: ^5Darth ^3Kias: скорость
[Sat Jun 14 04:24:56 2014]  say: ^5Darth ^3Kias: перва€ сотка скорость втора€ высота
[Sat Jun 14 04:25:02 2014]  say: ^5Darth ^3Kias: ты задолбал мен€
[Sat Jun 14 04:25:06 2014]  say: ^5Darth ^3Kias: щ€с варн дам
[Sat Jun 14 04:25:25 2014]  say: ^5Darth ^3Kias: ок
[Sat Jun 14 04:25:29 2014]  say: ^5Darth ^3Kias: теерь
[Sat Jun 14 04:25:43 2014]  say: ^5Darth ^3Kias: иди на мост
[Sat Jun 14 04:25:55 2014]  say: ^5Darth ^3Kias: celf
[Sat Jun 14 04:25:57 2014]  say: ^5Darth ^3Kias: суда
[Sat Jun 14 04:26:03 2014]  say: ^5Darth ^3Kias: вот
[Sat Jun 14 04:26:15 2014]  say: ^5Darth ^3Kias: теперь чтобы сделать в стену вводи /mrotate 90 0 0
[Sat Jun 14 04:26:41 2014]  say: ^5Darth ^3Kias: ты охуел сука
[Sat Jun 14 04:26:51 2014]  say: ^5Darth ^3Kias: бл€€€€€€€€€€€€€ттттттттььььььььььььэ
[Sat Jun 14 04:26:55 2014]  say: ^5Darth ^3Kias: хватит
[Sat Jun 14 04:26:56 2014]  say: ^5Darth ^3Kias: хватит
[Sat Jun 14 04:26:58 2014]  say: ^5Darth ^3Kias: хватит
[Sat Jun 14 04:27:00 2014]  say: Padawan: “џ „ќ —” ј ѕјƒЋј “џ „ќ
[Sat Jun 14 04:27:00 2014]  say: ^5Darth ^3Kias: хватит
[Sat Jun 14 04:27:05 2014]  say: ^5Darth ^3Kias: ЅЋя“№
[Sat Jun 14 04:27:08 2014]  say: ^5Darth ^3Kias: ’¬ј“»“ 
[Sat Jun 14 04:27:10 2014]  say: ^5Darth ^3Kias: ј’ј’ј’
[Sat Jun 14 04:27:14 2014]  say: ^5Darth ^3Kias: ћ≈Ќя ƒ–ј«Ќ»“№
[Sat Jun 14 04:27:16 2014]  say: ^5Darth ^3Kias: ј’ј’ј’
[Sat Jun 14 04:27:37 2014]  say: Padawan:  ј   ”Ћј » —ƒЋ≈“ј№?
[Sat Jun 14 04:27:54 2014]  say: ^5Darth ^3Kias: “ј 
[Sat Jun 14 04:27:56 2014]  say: ^5Darth ^3Kias: “≈ѕ≈–№
[Sat Jun 14 04:28:03 2014]  say: ^5Darth ^3Kias: ѕ»Ў» /MROTATE 90 0 0
[Sat Jun 14 04:28:29 2014]  say: Padawan: и?
[Sat Jun 14 04:28:40 2014]  say: ^5Darth ^3Kias: ты правильно написал?
[Sat Jun 14 04:28:46 2014]  say: ^5Darth ^3Kias: /mrotate 90 0 0
[Sat Jun 14 04:28:56 2014]  say: Padawan: да
[Sat Jun 14 04:28:58 2014]  say: ^5Darth ^3Kias: тогда пиши /mkillall
[Sat Jun 14 04:29:08 2014]  say: ^5Darth ^3Kias: и создай плиту ззаново
[Sat Jun 14 04:34:50 2014]  say: Padawan: ладно, пока
[Sat Jun 14 04:34:59 2014]  ClientDisconnect: 0
[Sat Jun 14 04:35:26 2014]  ClientDisconnect: 1
[Sat Jun 14 05:35:19 2014]  Exit: Timelimit hit.
[Sat Jun 14 13:37:54 2014]  ClientConnect: 0
[Sat Jun 14 13:37:54 2014]  mlog:Player Padawan, connected. With IP - 14.201.24.114:29070 
[Sat Jun 14 13:39:35 2014]  ClientDisconnect: 0
[Sat Jun 14 15:31:02 2014]  ClientConnect: 0
[Sat Jun 14 15:31:02 2014]  mlog:Player ^1D^2ark^3S^5ide, connected. With IP - 178.167.31.177:29070 
[Sat Jun 14 15:31:20 2014]  ClientBegin: 0
[Sat Jun 14 15:31:22 2014]  ShutdownGame:
[Sat Jun 14 15:31:22 2014]  ------------------------------------------------------------
[Sat Jun 14 15:31:23 2014]  ------------------------------------------------------------
[Sat Jun 14 15:31:23 2014]  InitGame: \dmflags\0\fraglimit\0\timelimit\120\capturelimit\0\g_privateDuel\1\g_saberLocking\1\g_maxForceRank\7\duel_fraglimit\10\g_forceBasedTeams\0\g_duelWeaponDisable\65531\sv_hostname\^3Darkquake's Makermod Server\sv_maxclients\32\sv_maxRate\5000\sv_minPing\0\sv_maxPing\0\sv_floodProtect\0\sv_allowDownload\1\bot_minplayers\0\g_allowNPC\1\g_weaponDisable\0\g_forcePowerDisable\0\g_forceRegenTime\0\g_siegeTeamSwitch\1\g_siegeRespawn\20\g_debugMelee\1\g_noSpecMove\0\g_maxGameClients\0\g_jediVmerc\0\g_siegeTeam1\none\g_siegeTeam2\none\version\(internal)JAmp: v1.0.1.0 win-x86 Oct 30 2003\g_maxHolocronCarry\3\g_gametype\0\g_needpass\0\protocol\26\mapname\t2_trip\sv_privateClients\0\g_stepSlideFix\1\gamename\MakerMod\g_saberWallDamageScale\0.4\bg_fighterAltControl\0\g_showDuelHealths\0
[Sat Jun 14 15:31:24 2014]  ClientConnect: 0
[Sat Jun 14 15:31:37 2014]  ClientBegin: 0
[Sat Jun 14 15:33:05 2014]  ClientDisconnect: 0
[Sat Jun 14 17:31:22 2014]  Exit: Timelimit hit.
[Sun Jun 15 18:36:09 2014]  ClientConnect: 0
[Sun Jun 15 18:36:09 2014]  mlog:Player ^3ї^4TOR^3Ђ^7Lepto^3ї^4P^3Ђ, connected. With IP - 194.149.57.151:29070 
[Sun Jun 15 18:36:17 2014]  ClientDisconnect: 0
[Mon Jun 16 10:46:38 2014]  ClientConnect: 0
[Mon Jun 16 10:46:38 2014]  mlog:Player Syndicate, connected. With IP - 31.223.226.52:-11514 
[Mon Jun 16 10:47:04 2014]  ClientBegin: 0
[Mon Jun 16 10:48:33 2014]  ShutdownGame:
[Mon Jun 16 10:48:33 2014]  ------------------------------------------------------------
