[Fri Apr 25 04:13:14 2014]  ------------------------------------------------------------
[Fri Apr 25 04:13:14 2014]  InitGame: \g_siegeTeam2\none\g_siegeTeam1\none\g_jediVmerc\0\g_maxGameClients\0\g_noSpecMove\0\g_debugMelee\1\g_siegeRespawn\20\g_siegeTeamSwitch\1\g_forceRegenTime\0\g_forcePowerDisable\0\g_weaponDisable\0\g_allowNPC\1\bot_minplayers\0\sv_allowDownload\1\sv_floodProtect\0\sv_maxPing\0\sv_minPing\0\sv_maxRate\5000\sv_maxclients\32\sv_hostname\^3Darkquake's Makermod Server\g_duelWeaponDisable\65531\g_forceBasedTeams\0\duel_fraglimit\10\g_maxForceRank\7\g_saberLocking\1\g_privateDuel\1\capturelimit\0\timelimit\120\fraglimit\0\dmflags\0\version\(internal)JAmp: v1.0.1.0 win-x86 Oct 30 2003\g_maxHolocronCarry\3\g_gametype\0\g_needpass\0\protocol\26\mapname\mp/siege_desert\sv_privateClients\0\g_stepSlideFix\1\gamename\MakerMod\g_saberWallDamageScale\0.4\bg_fighterAltControl\0\g_showDuelHealths\0
[Fri Apr 25 04:13:15 2014]  ClientConnect: 0
[Fri Apr 25 04:13:27 2014]  ClientBegin: 0
[Fri Apr 25 04:14:15 2014]  say: ^5Deasona: -jetpack
[Fri Apr 25 04:15:02 2014]  Kill: 0 0 39: ^5Deasona killed ^5Deasona by MOD_SUICIDE
[Fri Apr 25 04:20:55 2014]  ClientDisconnect: 0
[Fri Apr 25 06:13:13 2014]  Exit: Timelimit hit.
[Fri Apr 25 07:02:52 2014]  ClientConnect: 0
[Fri Apr 25 07:02:52 2014]  mlog:Player Astra, connected. With IP - 87.155.218.45:29070 
[Fri Apr 25 07:03:07 2014]  ClientBegin: 0
[Fri Apr 25 07:03:12 2014]  ShutdownGame:
[Fri Apr 25 07:03:12 2014]  ------------------------------------------------------------
[Fri Apr 25 07:03:13 2014]  ------------------------------------------------------------
[Fri Apr 25 07:03:13 2014]  InitGame: \g_siegeTeam2\none\g_siegeTeam1\none\g_jediVmerc\0\g_maxGameClients\0\g_noSpecMove\0\g_debugMelee\1\g_siegeRespawn\20\g_siegeTeamSwitch\1\g_forceRegenTime\0\g_forcePowerDisable\0\g_weaponDisable\0\g_allowNPC\1\bot_minplayers\0\sv_allowDownload\1\sv_floodProtect\0\sv_maxPing\0\sv_minPing\0\sv_maxRate\5000\sv_maxclients\32\sv_hostname\^3Darkquake's Makermod Server\g_duelWeaponDisable\65531\g_forceBasedTeams\0\duel_fraglimit\10\g_maxForceRank\7\g_saberLocking\1\g_privateDuel\1\capturelimit\0\timelimit\120\fraglimit\0\dmflags\0\version\(internal)JAmp: v1.0.1.0 win-x86 Oct 30 2003\g_maxHolocronCarry\3\g_gametype\0\g_needpass\0\protocol\26\mapname\t2_trip\sv_privateClients\0\g_stepSlideFix\1\gamename\MakerMod\g_saberWallDamageScale\0.4\bg_fighterAltControl\0\g_showDuelHealths\0
[Fri Apr 25 07:03:14 2014]  ClientConnect: 0
[Fri Apr 25 07:03:27 2014]  ClientBegin: 0
[Fri Apr 25 07:35:35 2014]  ClientDisconnect: 0
[Fri Apr 25 09:03:12 2014]  Exit: Timelimit hit.
[Fri Apr 25 10:12:40 2014]  ClientConnect: 0
[Fri Apr 25 10:12:40 2014]  mlog:Player Kinsao, connected. With IP - 176.100.114.92:5280 
[Fri Apr 25 10:12:48 2014]  ClientDisconnect: 0
[Fri Apr 25 14:41:08 2014]  ClientConnect: 0
[Fri Apr 25 14:41:08 2014]  mlog:Player ^0AoS^1|^0Javimetal^1 [C], connected. With IP - 85.219.100.35:29070 
[Fri Apr 25 14:41:57 2014]  ClientBegin: 0
[Fri Apr 25 14:41:58 2014]  say: ^0D^4e^0a^4t^0h: ^1Boba^0Fett's ^3Ultra Utility ^7v3 ^5Beta 16 ^7- ^5U^7ltra^7-^5U^7tility^5.^7com
[Fri Apr 25 14:42:04 2014]  ShutdownGame:
[Fri Apr 25 14:42:04 2014]  ------------------------------------------------------------
[Fri Apr 25 14:42:05 2014]  ------------------------------------------------------------
[Fri Apr 25 14:42:05 2014]  InitGame: \g_siegeTeam2\none\g_siegeTeam1\none\g_jediVmerc\0\g_maxGameClients\0\g_noSpecMove\0\g_debugMelee\1\g_siegeRespawn\20\g_siegeTeamSwitch\1\g_forceRegenTime\0\g_forcePowerDisable\0\g_weaponDisable\0\g_allowNPC\1\bot_minplayers\0\sv_allowDownload\1\sv_floodProtect\0\sv_maxPing\0\sv_minPing\0\sv_maxRate\5000\sv_maxclients\32\sv_hostname\^3Darkquake's Makermod Server\g_duelWeaponDisable\65531\g_forceBasedTeams\0\duel_fraglimit\10\g_maxForceRank\7\g_saberLocking\1\g_privateDuel\1\capturelimit\0\timelimit\120\fraglimit\0\dmflags\0\version\(internal)JAmp: v1.0.1.0 win-x86 Oct 30 2003\g_maxHolocronCarry\3\g_gametype\0\g_needpass\0\protocol\26\mapname\mp/siege_desert\sv_privateClients\0\g_stepSlideFix\1\gamename\MakerMod\g_saberWallDamageScale\0.4\bg_fighterAltControl\0\g_showDuelHealths\0
[Fri Apr 25 14:42:05 2014]  ClientConnect: 0
[Fri Apr 25 14:42:24 2014]  ClientBegin: 0
[Fri Apr 25 14:42:25 2014]  say: ^0D^4e^0a^4t^0h: ^1Boba^0Fett's ^3Ultra Utility ^7v3 ^5Beta 16 ^7- ^5U^7ltra^7-^5U^7tility^5.^7com
[Fri Apr 25 14:54:45 2014]  ClientDisconnect: 0
[Fri Apr 25 16:42:04 2014]  Exit: Timelimit hit.
