[Sun Nov 06 22:49:17 2016]  ------------------------------------------------------------
[Sun Nov 06 22:49:17 2016]  InitGame: \g_siegeTeam2\none\g_siegeTeam1\none\g_jediVmerc\0\g_maxGameClients\0\g_noSpecMove\0\g_debugMelee\1\g_siegeRespawn\20\g_siegeTeamSwitch\1\g_forceRegenTime\0\g_forcePowerDisable\0\g_weaponDisable\0\g_allowNPC\1\bot_minplayers\0\sv_allowDownload\0\sv_floodProtect\0\sv_maxPing\0\sv_minPing\0\sv_maxRate\5000\sv_maxclients\32\sv_hostname\^3Darkquake's Makermod Server\g_duelWeaponDisable\65531\g_forceBasedTeams\0\duel_fraglimit\10\g_maxForceRank\7\g_saberLocking\1\g_privateDuel\1\capturelimit\0\timelimit\0\fraglimit\0\dmflags\0\version\(internal)JAmp: v1.0.1.0 win-x86 Oct 30 2003\g_maxHolocronCarry\3\g_gametype\0\g_needpass\0\protocol\26\mapname\t2_trip\sv_privateClients\0\g_stepSlideFix\1\gamename\MakerMod\g_saberWallDamageScale\0.4\bg_fighterAltControl\0\g_showDuelHealths\0
[Sun Nov 06 22:49:20 2016]  ClientConnect: 0
[Sun Nov 06 22:49:20 2016]  ClientConnect: 1
[Sun Nov 06 22:49:31 2016]  ClientBegin: 0
[Sun Nov 06 22:49:31 2016]  ClientBegin: 1
[Sun Nov 06 22:49:38 2016]  Item: 1 weapon_melee
[Sun Nov 06 22:49:46 2016]  say: ^0Shadow^5seer: here
[Sun Nov 06 22:49:50 2016]  say: ^0Shadow^5seer: now its ok
[Sun Nov 06 22:49:52 2016]  say: ^1DewElr: ok
[Sun Nov 06 22:50:20 2016]  say: ^1DewElr: did u do that?
[Sun Nov 06 22:50:37 2016]  ClientDisconnect: 1
[Sun Nov 06 22:50:37 2016]  ClientConnect: 1
[Sun Nov 06 22:50:37 2016]  mlog:Player ^0Shadow^5seer, connected. With IP - 93.185.30.135:-17128 
[Sun Nov 06 22:50:58 2016]  ClientBegin: 1
[Sun Nov 06 22:51:19 2016]  Item: 1 weapon_melee
[Sun Nov 06 22:51:39 2016]  say: ^0Shadow^5seer: did u sav it?
[Sun Nov 06 22:51:43 2016]  say: ^0Shadow^5seer: save*
[Sun Nov 06 22:51:45 2016]  say: ^1DewElr: no i was gona restart
[Sun Nov 06 22:51:52 2016]  say: ^0Shadow^5seer: ok
[Sun Nov 06 22:52:07 2016]  say: ^1DewElr: what is the gat e ichosen befroe
[Sun Nov 06 22:52:12 2016]  say: ^1DewElr: is it portculious
[Sun Nov 06 22:52:28 2016]  say: ^0Shadow^5seer: rocky_ruins/that thing u named
[Sun Nov 06 22:53:26 2016]  say: ^1DewElr: so are you from the USA
[Sun Nov 06 22:53:33 2016]  say: ^0Shadow^5seer: im from russia
[Sun Nov 06 22:53:38 2016]  say: ^1DewElr: oh I'm from Canada
[Sun Nov 06 22:53:50 2016]  say: ^0Shadow^5seer: its closer to the uk where this server is located
[Sun Nov 06 22:54:01 2016]  say: ^0Shadow^5seer: thats why i have so low ping
[Sun Nov 06 22:54:05 2016]  say: ^1DewElr: oh
[Sun Nov 06 22:54:18 2016]  say: ^1DewElr: So whats your opinion on DOnald Trump
[Sun Nov 06 22:54:30 2016]  say: ^0Shadow^5seer: should i care?
[Sun Nov 06 22:54:36 2016]  say: ^0Shadow^5seer: another country
[Sun Nov 06 22:54:40 2016]  say: ^1DewElr: nah
[Sun Nov 06 22:54:45 2016]  say: ^1DewElr: I dont care either
[Sun Nov 06 22:56:29 2016]  say: ^1DewElr: how do i do light?
[Sun Nov 06 22:56:43 2016]  say: ^0Shadow^5seer: /mlight
[Sun Nov 06 22:56:49 2016]  say: ^0Shadow^5seer: on an object
[Sun Nov 06 23:02:32 2016]  say: ^0Shadow^5seer: lower
[Sun Nov 06 23:02:39 2016]  say: ^0Shadow^5seer: here
[Sun Nov 06 23:02:44 2016]  say: ^0Shadow^5seer: wait
[Sun Nov 06 23:02:56 2016]  say: ^0Shadow^5seer: /mascale 1.2
[Sun Nov 06 23:03:02 2016]  say: ^0Shadow^5seer: 1.1*
[Sun Nov 06 23:03:18 2016]  say: ^1DewElr: good
[Sun Nov 06 23:03:30 2016]  say: ^0Shadow^5seer: look from above
[Sun Nov 06 23:03:38 2016]  say: ^1DewElr: oop
[Sun Nov 06 23:04:07 2016]  say: ^0Shadow^5seer: yes, now its great
[Sun Nov 06 23:04:14 2016]  say: ^0Shadow^5seer: almost
[Sun Nov 06 23:04:21 2016]  say: ^0Shadow^5seer: /mmove 0 0 -0.5
[Sun Nov 06 23:04:23 2016]  say: ^1DewElr: how do i put music
[Sun Nov 06 23:05:07 2016]  say: ^0Shadow^5seer: /msoundsw on an object
[Sun Nov 06 23:05:21 2016]  say: ^0Shadow^5seer: and it shall play only after u touch/press it
[Sun Nov 06 23:05:33 2016]  say: ^1DewElr: ok
[Sun Nov 06 23:06:41 2016]  say: ^1DewElr: whats the bar theme?
[Sun Nov 06 23:08:26 2016]  say: ^0Shadow^5seer: /mlistsnd
[Sun Nov 06 23:08:36 2016]  say: ^0Shadow^5seer: look for it, i dont remember
[Sun Nov 06 23:13:04 2016]  say: ^1DewElr: cant find it man its tough
[Sun Nov 06 23:14:48 2016]  say: ^1DewElr: hey dude are u on?
[Sun Nov 06 23:14:58 2016]  say: ^0Shadow^5seer: yes, looking for it
[Sun Nov 06 23:15:03 2016]  say: ^1DewElr: ok
[Sun Nov 06 23:18:28 2016]  say: ^0Shadow^5seer: no, have no idea where it is
[Sun Nov 06 23:18:31 2016]  say: ^1DewElr: hmm
[Sun Nov 06 23:18:36 2016]  say: ^1DewElr: i guess its hidden
[Sun Nov 06 23:18:38 2016]  say: ^0Shadow^5seer: nad now im afk for some time
[Sun Nov 06 23:18:46 2016]  say: ^1DewElr: maybe the admin know
[Sun Nov 06 23:18:47 2016]  say: ^0Shadow^5seer: and*
[Sun Nov 06 23:18:54 2016]  say: ^0Shadow^5seer: i dont think so
[Sun Nov 06 23:19:14 2016]  say: ^1DewElr: How do I makermod into my game
[Sun Nov 06 23:19:16 2016]  say: ^0Shadow^5seer: not hidden but it shall take a while o find it
[Sun Nov 06 23:19:23 2016]  say: ^0Shadow^5seer: ??
[Sun Nov 06 23:19:43 2016]  say: ^0Shadow^5seer: isnt it there right now?
[Sun Nov 06 23:19:49 2016]  say: ^1DewElr: idk
[Sun Nov 06 23:19:51 2016]  say: ^0Shadow^5seer: youre playing makermod
[Sun Nov 06 23:19:54 2016]  say: ^1DewElr: yes
[Sun Nov 06 23:20:07 2016]  say: ^0Shadow^5seer: what else do u need?
[Sun Nov 06 23:20:16 2016]  say: ^1DewElr: making an elevator
[Sun Nov 06 23:20:24 2016]  say: ^0Shadow^5seer: /mplatfor
[Sun Nov 06 23:20:27 2016]  say: ^0Shadow^5seer: m
[Sun Nov 06 23:20:31 2016]  say: ^1DewElr: oh its the same
[Sun Nov 06 23:20:33 2016]  say: ^0Shadow^5seer: the same as door
[Sun Nov 06 23:20:43 2016]  say: ^0Shadow^5seer: ok, now im afk
[Sun Nov 06 23:33:01 2016]  say: ^1DewElr: welcome backj
[Sun Nov 06 23:36:21 2016]  ClientDisconnect: 1
[Sun Nov 06 23:42:55 2016]  ClientDisconnect: 0
[Mon Nov 07 21:49:14 2016]  ClientConnect: 0
[Mon Nov 07 21:49:14 2016]  mlog:Player ^0Shadow^5seer, connected. With IP - 93.185.27.174:27320 
[Mon Nov 07 21:49:40 2016]  ClientBegin: 0
[Mon Nov 07 21:49:59 2016]  Item: 0 weapon_melee
[Mon Nov 07 21:56:02 2016]  ClientDisconnect: 0
[Wed Nov 09 19:04:02 2016]  ClientConnect: 0
[Wed Nov 09 19:04:02 2016]  mlog:Player ^0Shadow^5seer, connected. With IP - 93.185.28.210:-11160 
[Wed Nov 09 19:04:29 2016]  ClientBegin: 0
[Wed Nov 09 19:04:50 2016]  Item: 0 weapon_melee
[Wed Nov 09 19:07:20 2016]  ClientDisconnect: 0
[Thu Nov 10 15:20:08 2016]  ClientConnect: 0
[Thu Nov 10 15:20:08 2016]  mlog:Player Padawan, connected. With IP - 86.162.95.249:29070 
[Thu Nov 10 15:20:30 2016]  ClientBegin: 0
[Thu Nov 10 15:21:38 2016]  print "Padawan^7 @@@PLRENAME Hemaeus
"[Thu Nov 10 15:22:54 2016]  Kill: 0 0 39: Hemaeus killed Hemaeus by MOD_SUICIDE
[Thu Nov 10 15:22:54 2016]  setteam:  0 FREE SPECTATOR
[Thu Nov 10 15:22:54 2016]  ClientBegin: 0
[Thu Nov 10 15:23:28 2016]  say: Hemaeus: g_saberrealisticombat 2
[Thu Nov 10 15:23:34 2016]  say: Hemaeus: g_saberrealisticombat 2
[Thu Nov 10 15:23:39 2016]  setteam:  0 SPECTATOR FREE
[Thu Nov 10 15:23:39 2016]  ClientBegin: 0
[Thu Nov 10 15:26:46 2016]  ShutdownGame:
[Thu Nov 10 15:26:46 2016]  ------------------------------------------------------------
