[Sat Jan 21 17:25:35 2017]  ------------------------------------------------------------
[Sat Jan 21 17:25:35 2017]  InitGame: \dmflags\0\fraglimit\0\timelimit\120\capturelimit\0\g_privateDuel\1\g_saberLocking\1\g_maxForceRank\999\duel_fraglimit\10\g_forceBasedTeams\0\g_duelWeaponDisable\65531\sv_hostname\^3Darkquake's Makermod Server\sv_maxclients\32\sv_maxRate\5000\sv_minPing\0\sv_maxPing\0\sv_floodProtect\0\sv_allowDownload\0\g_allowNPC\1\g_weaponDisable\0\g_forcePowerDisable\0\g_forceRegenTime\1\g_siegeTeamSwitch\1\g_siegeRespawn\20\g_debugMelee\1\g_noSpecMove\0\g_maxGameClients\0\g_jediVmerc\0\g_siegeTeam1\none\g_siegeTeam2\none\version\(internal)JAmp: v1.0.1.0 win-x86 Oct 30 2003\g_maxHolocronCarry\3\g_gametype\0\g_needpass\0\protocol\26\mapname\t2_trip\sv_privateClients\0\g_stepSlideFix\1\gamename\MakerMod\g_saberWallDamageScale\0.4\bg_fighterAltControl\0\g_showDuelHealths\0
[Sat Jan 21 23:57:48 2017]  ------------------------------------------------------------
[Sat Jan 21 23:57:48 2017]  InitGame: \g_siegeTeam2\none\g_siegeTeam1\none\g_jediVmerc\0\g_maxGameClients\0\g_noSpecMove\0\g_debugMelee\1\g_siegeRespawn\20\g_siegeTeamSwitch\1\g_forceRegenTime\1\g_forcePowerDisable\0\g_weaponDisable\0\g_allowNPC\1\sv_allowDownload\0\sv_floodProtect\0\sv_maxPing\0\sv_minPing\0\sv_maxRate\5000\sv_maxclients\32\sv_hostname\^3Darkquake's Makermod Server\g_duelWeaponDisable\65531\g_forceBasedTeams\0\duel_fraglimit\10\g_maxForceRank\999\g_saberLocking\1\g_privateDuel\1\capturelimit\0\timelimit\120\fraglimit\0\dmflags\0\version\(internal)JAmp: v1.0.1.0 win-x86 Oct 30 2003\g_maxHolocronCarry\3\g_gametype\0\g_needpass\0\protocol\26\mapname\t2_trip\sv_privateClients\0\g_stepSlideFix\1\gamename\MakerMod\g_saberWallDamageScale\0.4\bg_fighterAltControl\0\g_showDuelHealths\0
[Sun Jan 22 20:14:38 2017]  ClientConnect: 0
[Sun Jan 22 20:14:38 2017]  mlog:Player Telp, connected. With IP - 73.19.166.208:29070 
[Sun Jan 22 20:14:53 2017]  ClientBegin: 0
[Sun Jan 22 20:15:34 2017]  ClientConnect: 1
[Sun Jan 22 20:15:34 2017]  mlog:Player Darez, connected. With IP - 69.73.112.33:29070 
[Sun Jan 22 20:15:57 2017]  ClientBegin: 1
[Sun Jan 22 20:16:17 2017]  Kill: 0 0 39: Telp killed Telp by MOD_SUICIDE
[Sun Jan 22 20:16:41 2017]  Kill: 1 1 39: Darez killed Darez by MOD_SUICIDE
[Sun Jan 22 20:16:49 2017]  Kill: 0 0 39: Telp killed Telp by MOD_SUICIDE
[Sun Jan 22 20:17:02 2017]  Kill: 1 1 39: Darez killed Darez by MOD_SUICIDE
[Sun Jan 22 20:17:13 2017]  Kill: 0 0 39: Telp killed Telp by MOD_SUICIDE
[Sun Jan 22 20:18:04 2017]  Kill: 0 1 3: Telp killed Darez by MOD_SABER
[Sun Jan 22 20:18:24 2017]  Kill: 0 1 3: Telp killed Darez by MOD_SABER
[Sun Jan 22 20:19:09 2017]  Kill: 0 0 39: Telp killed Telp by MOD_SUICIDE
[Sun Jan 22 20:19:39 2017]  Kill: 0 0 39: Telp killed Telp by MOD_SUICIDE
[Sun Jan 22 20:21:25 2017]  Kill: 0 0 39: Telp killed Telp by MOD_SUICIDE
[Sun Jan 22 20:22:56 2017]  Kill: 0 1 3: Telp killed Darez by MOD_SABER
[Sun Jan 22 20:24:39 2017]  Kill: 0 0 39: Telp killed Telp by MOD_SUICIDE
[Sun Jan 22 20:25:10 2017]  Kill: 0 1 3: Telp killed Darez by MOD_SABER
[Sun Jan 22 20:25:44 2017]  Kill: 0 1 3: Telp killed Darez by MOD_SABER
[Sun Jan 22 20:26:15 2017]  Kill: 0 0 39: Telp killed Telp by MOD_SUICIDE
[Sun Jan 22 20:26:54 2017]  ClientDisconnect: 1
[Sun Jan 22 20:27:01 2017]  ClientDisconnect: 0
