[Sat Dec 24 15:23:27 2016]  ------------------------------------------------------------
[Sat Dec 24 15:23:27 2016]  InitGame: \g_siegeTeam2\none\g_siegeTeam1\none\g_jediVmerc\0\g_maxGameClients\0\g_noSpecMove\0\g_debugMelee\1\g_siegeRespawn\20\g_siegeTeamSwitch\1\g_forceRegenTime\1\g_forcePowerDisable\0\g_weaponDisable\0\g_allowNPC\1\sv_allowDownload\0\sv_floodProtect\0\sv_maxPing\0\sv_minPing\0\sv_maxRate\5000\sv_maxclients\32\sv_hostname\^3Darkquake's Makermod Server\g_duelWeaponDisable\65531\g_forceBasedTeams\0\duel_fraglimit\10\g_maxForceRank\999\g_saberLocking\1\g_privateDuel\1\capturelimit\0\timelimit\120\fraglimit\0\dmflags\0\version\(internal)JAmp: v1.0.1.0 win-x86 Oct 30 2003\g_maxHolocronCarry\3\g_gametype\0\g_needpass\0\protocol\26\mapname\t2_trip\sv_privateClients\0\g_stepSlideFix\1\gamename\MakerMod\g_saberWallDamageScale\0.4\bg_fighterAltControl\0\g_showDuelHealths\0
[Sun Dec 25 23:32:31 2016]  ClientConnect: 0
[Sun Dec 25 23:32:31 2016]  mlog:Player Padawan, connected. With IP - 91.93.225.109:29070 
[Sun Dec 25 23:32:50 2016]  ClientBegin: 0
[Sun Dec 25 23:34:35 2016]  ClientDisconnect: 0
[Mon Dec 26 23:59:28 2016]  ClientConnect: 0
[Mon Dec 26 23:59:28 2016]  mlog:Player Padawan, connected. With IP - 85.226.136.63:-32543 
[Mon Dec 26 23:59:52 2016]  ClientBegin: 0
[Tue Dec 27 00:00:16 2016]  ClientConnect: 1
[Tue Dec 27 00:00:16 2016]  mlog:Player Padawan, connected. With IP - 85.226.136.63:-32642 
[Tue Dec 27 00:00:20 2016]  ClientConnect: 2
[Tue Dec 27 00:00:20 2016]  mlog:Player Padawan, connected. With IP - 81.234.217.144:-2052 
[Tue Dec 27 00:00:38 2016]  ClientBegin: 2
[Tue Dec 27 00:00:39 2016]  ClientBegin: 1
[Tue Dec 27 00:01:16 2016]  Kill: 2 1 3: Padawan killed Padawan by MOD_SABER
[Tue Dec 27 00:01:19 2016]  Kill: 2 0 3: Padawan killed Padawan by MOD_SABER
[Tue Dec 27 00:01:32 2016]  Kill: 0 2 3: Padawan killed Padawan by MOD_SABER
[Tue Dec 27 00:01:45 2016]  Kill: 0 1 3: Padawan killed Padawan by MOD_SABER
[Tue Dec 27 00:01:57 2016]  Kill: 2 0 3: Padawan killed Padawan by MOD_SABER
[Tue Dec 27 00:01:59 2016]  Kill: 1 2 3: Padawan killed Padawan by MOD_SABER
[Tue Dec 27 00:02:02 2016]  Kill: 2 0 37: Padawan killed Padawan by MOD_TELEFRAG
[Tue Dec 27 00:02:11 2016]  Kill: 0 2 3: Padawan killed Padawan by MOD_SABER
[Tue Dec 27 00:02:27 2016]  Kill: 2 0 3: Padawan killed Padawan by MOD_SABER
[Tue Dec 27 00:02:39 2016]  Kill: 0 1 3: Padawan killed Padawan by MOD_SABER
[Tue Dec 27 00:02:41 2016]  Kill: 0 2 3: Padawan killed Padawan by MOD_SABER
[Tue Dec 27 00:02:57 2016]  Kill: 0 2 3: Padawan killed Padawan by MOD_SABER
[Tue Dec 27 00:03:38 2016]  Kill: 2 0 3: Padawan killed Padawan by MOD_SABER
[Tue Dec 27 00:03:41 2016]  Kill: 2 1 3: Padawan killed Padawan by MOD_SABER
[Tue Dec 27 00:04:01 2016]  Kill: 0 2 3: Padawan killed Padawan by MOD_SABER
[Tue Dec 27 00:04:26 2016]  Kill: 2 0 3: Padawan killed Padawan by MOD_SABER
[Tue Dec 27 00:04:28 2016]  Kill: 2 1 3: Padawan killed Padawan by MOD_SABER
[Tue Dec 27 00:04:34 2016]  Kill: 0 2 3: Padawan killed Padawan by MOD_SABER
[Tue Dec 27 00:04:38 2016]  Kill: 0 1 3: Padawan killed Padawan by MOD_SABER
[Tue Dec 27 00:04:44 2016]  Kill: 0 2 3: Padawan killed Padawan by MOD_SABER
[Tue Dec 27 00:04:50 2016]  Kill: 2 1 3: Padawan killed Padawan by MOD_SABER
[Tue Dec 27 00:04:54 2016]  Kill: 0 2 3: Padawan killed Padawan by MOD_SABER
[Tue Dec 27 00:05:03 2016]  Kill: 2 0 3: Padawan killed Padawan by MOD_SABER
[Tue Dec 27 00:05:08 2016]  Kill: 2 1 3: Padawan killed Padawan by MOD_SABER
[Tue Dec 27 00:05:15 2016]  Kill: 0 2 3: Padawan killed Padawan by MOD_SABER
[Tue Dec 27 00:05:42 2016]  Kill: 2 0 3: Padawan killed Padawan by MOD_SABER
[Tue Dec 27 00:05:56 2016]  Kill: 1 2 3: Padawan killed Padawan by MOD_SABER
[Tue Dec 27 00:06:12 2016]  Kill: 2 0 3: Padawan killed Padawan by MOD_SABER
[Tue Dec 27 00:06:21 2016]  Kill: 2 1 3: Padawan killed Padawan by MOD_SABER
[Tue Dec 27 00:06:35 2016]  Kill: 0 2 3: Padawan killed Padawan by MOD_SABER
[Tue Dec 27 00:06:44 2016]  Kill: 0 2 3: Padawan killed Padawan by MOD_SABER
[Tue Dec 27 00:06:48 2016]  Kill: 0 1 3: Padawan killed Padawan by MOD_SABER
[Tue Dec 27 00:06:51 2016]  Kill: 0 2 3: Padawan killed Padawan by MOD_SABER
[Tue Dec 27 00:07:02 2016]  Kill: 2 1 3: Padawan killed Padawan by MOD_SABER
[Tue Dec 27 00:07:17 2016]  Kill: 1 0 3: Padawan killed Padawan by MOD_SABER
[Tue Dec 27 00:07:21 2016]  Kill: 2 1 3: Padawan killed Padawan by MOD_SABER
[Tue Dec 27 00:07:24 2016]  Kill: 2 0 3: Padawan killed Padawan by MOD_SABER
[Tue Dec 27 00:07:30 2016]  Kill: 2 1 3: Padawan killed Padawan by MOD_SABER
[Tue Dec 27 00:07:49 2016]  Kill: 0 2 3: Padawan killed Padawan by MOD_SABER
[Tue Dec 27 00:07:53 2016]  Kill: 2 1 3: Padawan killed Padawan by MOD_SABER
[Tue Dec 27 00:08:03 2016]  Kill: 2 0 3: Padawan killed Padawan by MOD_SABER
[Tue Dec 27 00:08:09 2016]  Kill: 1 2 3: Padawan killed Padawan by MOD_SABER
[Tue Dec 27 00:08:16 2016]  Kill: 1 2 3: Padawan killed Padawan by MOD_SABER
[Tue Dec 27 00:08:25 2016]  Kill: 2 1 3: Padawan killed Padawan by MOD_SABER
[Tue Dec 27 00:08:33 2016]  Kill: 1 2 3: Padawan killed Padawan by MOD_SABER
[Tue Dec 27 00:08:35 2016]  Kill: 1 0 3: Padawan killed Padawan by MOD_SABER
[Tue Dec 27 00:08:46 2016]  Kill: 2 1 3: Padawan killed Padawan by MOD_SABER
[Tue Dec 27 00:08:52 2016]  Kill: 0 2 3: Padawan killed Padawan by MOD_SABER
[Tue Dec 27 00:09:01 2016]  Kill: 0 2 3: Padawan killed Padawan by MOD_SABER
[Tue Dec 27 00:09:06 2016]  Kill: 0 2 3: Padawan killed Padawan by MOD_SABER
[Tue Dec 27 00:09:08 2016]  Kill: 1 0 3: Padawan killed Padawan by MOD_SABER
[Tue Dec 27 00:09:16 2016]  Kill: 0 2 3: Padawan killed Padawan by MOD_SABER
[Tue Dec 27 00:09:26 2016]  Kill: 0 1 3: Padawan killed Padawan by MOD_SABER
[Tue Dec 27 00:09:28 2016]  Kill: 0 2 3: Padawan killed Padawan by MOD_SABER
[Tue Dec 27 00:09:48 2016]  Kill: 1 0 3: Padawan killed Padawan by MOD_SABER
[Tue Dec 27 00:10:01 2016]  Kill: 0 1 3: Padawan killed Padawan by MOD_SABER
[Tue Dec 27 00:10:10 2016]  Kill: 2 0 3: Padawan killed Padawan by MOD_SABER
[Tue Dec 27 00:10:13 2016]  Kill: 2 1 3: Padawan killed Padawan by MOD_SABER
[Tue Dec 27 00:10:16 2016]  Kill: 2 0 3: Padawan killed Padawan by MOD_SABER
[Tue Dec 27 00:10:25 2016]  Kill: 0 2 3: Padawan killed Padawan by MOD_SABER
[Tue Dec 27 00:10:30 2016]  Kill: 0 1 3: Padawan killed Padawan by MOD_SABER
[Tue Dec 27 00:10:44 2016]  Kill: 1 2 3: Padawan killed Padawan by MOD_SABER
[Tue Dec 27 00:10:48 2016]  Kill: 0 1 3: Padawan killed Padawan by MOD_SABER
[Tue Dec 27 00:10:58 2016]  Kill: 0 2 3: Padawan killed Padawan by MOD_SABER
[Tue Dec 27 00:11:12 2016]  Kill: 0 1 3: Padawan killed Padawan by MOD_SABER
[Tue Dec 27 00:11:26 2016]  Kill: 0 1 3: Padawan killed Padawan by MOD_SABER
[Tue Dec 27 00:11:53 2016]  Kill: 1 2 3: Padawan killed Padawan by MOD_SABER
[Tue Dec 27 00:11:57 2016]  Kill: 2 1 3: Padawan killed Padawan by MOD_SABER
[Tue Dec 27 00:12:08 2016]  Kill: 2 0 3: Padawan killed Padawan by MOD_SABER
[Tue Dec 27 00:12:14 2016]  Kill: 2 0 3: Padawan killed Padawan by MOD_SABER
[Tue Dec 27 00:12:18 2016]  Kill: 2 1 3: Padawan killed Padawan by MOD_SABER
[Tue Dec 27 00:12:27 2016]  Kill: 2 0 3: Padawan killed Padawan by MOD_SABER
[Tue Dec 27 00:12:55 2016]  Kill: 0 2 3: Padawan killed Padawan by MOD_SABER
[Tue Dec 27 00:13:03 2016]  Kill: 0 1 3: Padawan killed Padawan by MOD_SABER
[Tue Dec 27 00:13:05 2016]  Kill: 2 0 3: Padawan killed Padawan by MOD_SABER
[Tue Dec 27 00:13:10 2016]  Kill: 0 2 3: Padawan killed Padawan by MOD_SABER
[Tue Dec 27 00:13:37 2016]  Kill: 2 0 3: Padawan killed Padawan by MOD_SABER
[Tue Dec 27 00:13:42 2016]  Kill: 2 1 3: Padawan killed Padawan by MOD_SABER
[Tue Dec 27 00:13:54 2016]  Kill: 0 2 3: Padawan killed Padawan by MOD_SABER
[Tue Dec 27 00:14:04 2016]  Kill: 2 0 3: Padawan killed Padawan by MOD_SABER
[Tue Dec 27 00:14:09 2016]  Kill: 0 2 3: Padawan killed Padawan by MOD_SABER
[Tue Dec 27 00:14:16 2016]  Kill: 2 0 3: Padawan killed Padawan by MOD_SABER
[Tue Dec 27 00:14:21 2016]  Kill: 0 2 3: Padawan killed Padawan by MOD_SABER
[Tue Dec 27 00:14:29 2016]  Kill: 0 2 3: Padawan killed Padawan by MOD_SABER
[Tue Dec 27 00:14:35 2016]  Kill: 2 0 3: Padawan killed Padawan by MOD_SABER
[Tue Dec 27 00:14:39 2016]  Kill: 0 2 3: Padawan killed Padawan by MOD_SABER
[Tue Dec 27 00:14:51 2016]  Kill: 2 0 3: Padawan killed Padawan by MOD_SABER
[Tue Dec 27 00:14:59 2016]  Kill: 0 2 3: Padawan killed Padawan by MOD_SABER
[Tue Dec 27 00:15:08 2016]  Kill: 0 2 3: Padawan killed Padawan by MOD_SABER
[Tue Dec 27 00:15:15 2016]  Kill: 0 2 3: Padawan killed Padawan by MOD_SABER
[Tue Dec 27 00:15:19 2016]  Kill: 2 0 3: Padawan killed Padawan by MOD_SABER
[Tue Dec 27 00:15:24 2016]  Kill: 2 1 3: Padawan killed Padawan by MOD_SABER
[Tue Dec 27 00:17:17 2016]  Kill: 2 0 3: Padawan killed Padawan by MOD_SABER
[Tue Dec 27 00:17:21 2016]  Kill: 1 2 3: Padawan killed Padawan by MOD_SABER
[Tue Dec 27 00:17:24 2016]  Kill: 2 1 3: Padawan killed Padawan by MOD_SABER
[Tue Dec 27 00:17:32 2016]  Kill: 0 2 3: Padawan killed Padawan by MOD_SABER
[Tue Dec 27 00:17:37 2016]  Kill: 2 0 3: Padawan killed Padawan by MOD_SABER
[Tue Dec 27 00:17:43 2016]  Kill: 0 2 3: Padawan killed Padawan by MOD_SABER
[Tue Dec 27 00:17:52 2016]  Kill: 2 1 3: Padawan killed Padawan by MOD_SABER
[Tue Dec 27 00:18:00 2016]  Kill: 2 0 3: Padawan killed Padawan by MOD_SABER
[Tue Dec 27 00:18:06 2016]  Kill: 2 0 3: Padawan killed Padawan by MOD_SABER
[Tue Dec 27 00:18:19 2016]  Kill: 2 1 3: Padawan killed Padawan by MOD_SABER
[Tue Dec 27 00:18:38 2016]  Kill: 0 1 3: Padawan killed Padawan by MOD_SABER
[Tue Dec 27 00:18:41 2016]  Kill: 0 2 3: Padawan killed Padawan by MOD_SABER
[Tue Dec 27 00:18:52 2016]  Kill: 2 1 3: Padawan killed Padawan by MOD_SABER
[Tue Dec 27 00:19:05 2016]  Kill: 2 0 3: Padawan killed Padawan by MOD_SABER
[Tue Dec 27 00:19:12 2016]  Kill: 2 0 3: Padawan killed Padawan by MOD_SABER
[Tue Dec 27 00:19:18 2016]  Kill: 0 2 3: Padawan killed Padawan by MOD_SABER
[Tue Dec 27 00:19:36 2016]  Kill: 2 1 3: Padawan killed Padawan by MOD_SABER
[Tue Dec 27 00:19:58 2016]  Kill: 2 0 3: Padawan killed Padawan by MOD_SABER
[Tue Dec 27 00:20:17 2016]  Kill: 0 2 3: Padawan killed Padawan by MOD_SABER
[Tue Dec 27 00:20:30 2016]  Kill: 2 0 3: Padawan killed Padawan by MOD_SABER
[Tue Dec 27 00:20:38 2016]  Kill: 1 2 3: Padawan killed Padawan by MOD_SABER
[Tue Dec 27 00:20:53 2016]  Kill: 0 2 3: Padawan killed Padawan by MOD_SABER
[Tue Dec 27 00:20:58 2016]  Kill: 0 1 3: Padawan killed Padawan by MOD_SABER
[Tue Dec 27 00:21:05 2016]  Kill: 0 2 3: Padawan killed Padawan by MOD_SABER
[Tue Dec 27 00:21:10 2016]  Kill: 0 2 3: Padawan killed Padawan by MOD_SABER
[Tue Dec 27 00:21:16 2016]  Kill: 0 2 3: Padawan killed Padawan by MOD_SABER
[Tue Dec 27 00:21:20 2016]  Kill: 0 1 3: Padawan killed Padawan by MOD_SABER
[Tue Dec 27 00:21:25 2016]  Kill: 0 2 3: Padawan killed Padawan by MOD_SABER
[Tue Dec 27 00:21:31 2016]  Kill: 0 2 3: Padawan killed Padawan by MOD_SABER
[Tue Dec 27 00:21:36 2016]  Kill: 2 0 3: Padawan killed Padawan by MOD_SABER
[Tue Dec 27 00:21:41 2016]  Kill: 2 1 3: Padawan killed Padawan by MOD_SABER
[Tue Dec 27 00:21:49 2016]  Kill: 2 0 3: Padawan killed Padawan by MOD_SABER
[Tue Dec 27 00:21:54 2016]  Kill: 1 2 3: Padawan killed Padawan by MOD_SABER
[Tue Dec 27 00:22:01 2016]  Kill: 0 1 3: Padawan killed Padawan by MOD_SABER
[Tue Dec 27 00:22:07 2016]  Kill: 0 2 3: Padawan killed Padawan by MOD_SABER
[Tue Dec 27 00:22:13 2016]  Kill: 2 0 3: Padawan killed Padawan by MOD_SABER
[Tue Dec 27 00:22:19 2016]  Kill: 0 1 3: Padawan killed Padawan by MOD_SABER
[Tue Dec 27 00:22:33 2016]  Kill: 0 2 3: Padawan killed Padawan by MOD_SABER
[Tue Dec 27 00:22:35 2016]  Kill: 1 0 3: Padawan killed Padawan by MOD_SABER
[Tue Dec 27 00:23:00 2016]  Kill: 1 2 3: Padawan killed Padawan by MOD_SABER
[Tue Dec 27 00:23:04 2016]  Kill: 1 0 3: Padawan killed Padawan by MOD_SABER
[Tue Dec 27 00:23:18 2016]  Kill: 0 2 3: Padawan killed Padawan by MOD_SABER
[Tue Dec 27 00:23:24 2016]  Kill: 1 0 3: Padawan killed Padawan by MOD_SABER
[Tue Dec 27 00:23:27 2016]  Kill: 2 1 3: Padawan killed Padawan by MOD_SABER
[Tue Dec 27 00:23:29 2016]  Kill: 0 2 3: Padawan killed Padawan by MOD_SABER
[Tue Dec 27 00:23:35 2016]  Kill: 0 2 3: Padawan killed Padawan by MOD_SABER
[Tue Dec 27 00:23:42 2016]  Kill: 0 2 3: Padawan killed Padawan by MOD_SABER
[Tue Dec 27 00:24:07 2016]  Kill: 2 1 3: Padawan killed Padawan by MOD_SABER
[Tue Dec 27 00:24:08 2016]  Kill: 2 0 3: Padawan killed Padawan by MOD_SABER
[Tue Dec 27 00:24:13 2016]  Kill: 2 0 3: Padawan killed Padawan by MOD_SABER
[Tue Dec 27 00:24:24 2016]  Kill: 1 0 3: Padawan killed Padawan by MOD_SABER
[Tue Dec 27 00:24:27 2016]  Kill: 1 2 3: Padawan killed Padawan by MOD_SABER
[Tue Dec 27 00:24:37 2016]  Kill: 0 1 3: Padawan killed Padawan by MOD_SABER
[Tue Dec 27 00:24:49 2016]  Kill: 1 2 3: Padawan killed Padawan by MOD_SABER
[Tue Dec 27 00:24:51 2016]  Kill: 0 1 3: Padawan killed Padawan by MOD_SABER
[Tue Dec 27 00:24:55 2016]  Kill: 2 0 3: Padawan killed Padawan by MOD_SABER
[Tue Dec 27 00:25:10 2016]  Kill: 2 0 3: Padawan killed Padawan by MOD_SABER
[Tue Dec 27 00:25:10 2016]  Kill: 2 1 3: Padawan killed Padawan by MOD_SABER
[Tue Dec 27 00:25:12 2016]  Kill: 0 1 37: Padawan killed Padawan by MOD_TELEFRAG
[Tue Dec 27 00:25:21 2016]  Kill: 1 0 3: Padawan killed Padawan by MOD_SABER
[Tue Dec 27 00:25:24 2016]  Kill: 1 2 3: Padawan killed Padawan by MOD_SABER
[Tue Dec 27 00:25:25 2016]  Kill: 0 1 3: Padawan killed Padawan by MOD_SABER
[Tue Dec 27 00:25:38 2016]  Kill: 2 1 3: Padawan killed Padawan by MOD_SABER
[Tue Dec 27 00:25:50 2016]  Kill: 0 2 3: Padawan killed Padawan by MOD_SABER
[Tue Dec 27 00:25:57 2016]  Kill: 2 0 3: Padawan killed Padawan by MOD_SABER
[Tue Dec 27 00:26:11 2016]  Kill: 2 1 3: Padawan killed Padawan by MOD_SABER
[Tue Dec 27 00:26:16 2016]  Kill: 2 0 3: Padawan killed Padawan by MOD_SABER
[Tue Dec 27 00:26:25 2016]  Kill: 0 2 3: Padawan killed Padawan by MOD_SABER
[Tue Dec 27 00:26:40 2016]  Kill: 0 2 3: Padawan killed Padawan by MOD_SABER
[Tue Dec 27 00:26:46 2016]  Kill: 2 0 3: Padawan killed Padawan by MOD_SABER
[Tue Dec 27 00:26:49 2016]  Kill: 2 1 3: Padawan killed Padawan by MOD_SABER
[Tue Dec 27 00:27:08 2016]  Kill: 0 2 3: Padawan killed Padawan by MOD_SABER
[Tue Dec 27 00:27:25 2016]  Kill: 2 0 3: Padawan killed Padawan by MOD_SABER
[Tue Dec 27 00:27:30 2016]  Kill: 2 1 3: Padawan killed Padawan by MOD_SABER
[Tue Dec 27 00:27:30 2016]  Kill: 2 0 3: Padawan killed Padawan by MOD_SABER
[Tue Dec 27 00:27:31 2016]  Kill: 0 1 37: Padawan killed Padawan by MOD_TELEFRAG
[Tue Dec 27 00:27:39 2016]  Kill: 0 2 3: Padawan killed Padawan by MOD_SABER
[Tue Dec 27 00:27:43 2016]  Kill: 0 1 3: Padawan killed Padawan by MOD_SABER
[Tue Dec 27 00:27:46 2016]  Kill: 0 2 3: Padawan killed Padawan by MOD_SABER
[Tue Dec 27 00:27:47 2016]  ClientDisconnect: 1
[Tue Dec 27 00:28:11 2016]  Kill: 0 2 3: Padawan killed Padawan by MOD_SABER
[Tue Dec 27 00:28:29 2016]  Kill: 2 0 3: Padawan killed Padawan by MOD_SABER
[Tue Dec 27 00:28:39 2016]  Kill: 0 2 3: Padawan killed Padawan by MOD_SABER
[Tue Dec 27 00:28:45 2016]  Kill: 0 2 3: Padawan killed Padawan by MOD_SABER
[Tue Dec 27 00:28:55 2016]  Kill: 2 0 3: Padawan killed Padawan by MOD_SABER
[Tue Dec 27 00:29:02 2016]  Kill: 2 0 3: Padawan killed Padawan by MOD_SABER
[Tue Dec 27 00:29:08 2016]  Kill: 0 2 3: Padawan killed Padawan by MOD_SABER
[Tue Dec 27 00:29:20 2016]  Kill: 2 0 3: Padawan killed Padawan by MOD_SABER
[Tue Dec 27 00:29:25 2016]  Kill: 0 2 3: Padawan killed Padawan by MOD_SABER
[Tue Dec 27 00:29:37 2016]  Kill: 2 0 3: Padawan killed Padawan by MOD_SABER
[Tue Dec 27 00:29:46 2016]  Kill: 0 2 3: Padawan killed Padawan by MOD_SABER
[Tue Dec 27 00:29:50 2016]  Kill: 2 0 3: Padawan killed Padawan by MOD_SABER
[Tue Dec 27 00:30:01 2016]  Kill: 2 0 3: Padawan killed Padawan by MOD_SABER
[Tue Dec 27 00:30:33 2016]  Kill: 2 0 3: Padawan killed Padawan by MOD_SABER
[Tue Dec 27 00:30:42 2016]  Kill: 0 2 3: Padawan killed Padawan by MOD_SABER
[Tue Dec 27 00:30:55 2016]  Kill: 0 2 3: Padawan killed Padawan by MOD_SABER
[Tue Dec 27 00:31:00 2016]  Kill: 0 2 3: Padawan killed Padawan by MOD_SABER
[Tue Dec 27 00:31:20 2016]  Kill: 0 2 3: Padawan killed Padawan by MOD_SABER
[Tue Dec 27 00:31:24 2016]  ClientDisconnect: 2
[Tue Dec 27 00:31:28 2016]  ClientDisconnect: 0
[Tue Dec 27 09:08:14 2016]  ClientConnect: 0
[Tue Dec 27 09:08:14 2016]  mlog:Player BaD KarMa, connected. With IP - 5.141.211.111:1405 
[Tue Dec 27 09:08:37 2016]  ClientBegin: 0
[Tue Dec 27 09:09:56 2016]  ClientDisconnect: 0
