[Mon Dec 05 13:10:22 2016]  ------------------------------------------------------------
[Mon Dec 05 13:10:22 2016]  InitGame: \g_siegeTeam2\none\g_siegeTeam1\none\g_jediVmerc\0\g_maxGameClients\0\g_noSpecMove\0\g_debugMelee\1\g_siegeRespawn\20\g_siegeTeamSwitch\1\g_forceRegenTime\1\g_forcePowerDisable\0\g_weaponDisable\0\g_allowNPC\1\sv_allowDownload\0\sv_floodProtect\0\sv_maxPing\0\sv_minPing\0\sv_maxRate\5000\sv_maxclients\32\sv_hostname\^3Darkquake's Makermod Server\g_duelWeaponDisable\65531\g_forceBasedTeams\0\duel_fraglimit\10\g_maxForceRank\999\g_saberLocking\1\g_privateDuel\1\capturelimit\0\timelimit\120\fraglimit\0\dmflags\0\version\(internal)JAmp: v1.0.1.0 win-x86 Oct 30 2003\g_maxHolocronCarry\3\g_gametype\0\g_needpass\0\protocol\26\mapname\t2_trip\sv_privateClients\0\g_stepSlideFix\1\gamename\MakerMod\g_saberWallDamageScale\0.4\bg_fighterAltControl\0\g_showDuelHealths\0
[Mon Dec 05 13:52:28 2016]  ClientConnect: 0
[Mon Dec 05 13:52:28 2016]  mlog:Player ^0J^1u^0r^1a, connected. With IP - 85.132.196.210:29070 
[Mon Dec 05 13:52:56 2016]  ClientBegin: 0
[Mon Dec 05 13:53:40 2016]  Kill: 0 0 39: Jura killed Jura by MOD_SUICIDE
[Mon Dec 05 13:56:39 2016]  ClientDisconnect: 0
[Mon Dec 05 14:09:20 2016]  ClientConnect: 0
[Mon Dec 05 14:09:20 2016]  mlog:Player Jura, connected. With IP - 85.132.196.210:29070 
[Mon Dec 05 14:09:33 2016]  ClientBegin: 0
[Mon Dec 05 14:15:23 2016]  ClientConnect: 1
[Mon Dec 05 14:15:23 2016]  mlog:Player Padawan, connected. With IP - 93.99.185.6:29070 
[Mon Dec 05 14:15:40 2016]  ClientBegin: 1
[Mon Dec 05 14:16:29 2016]  Kill: 1022 1 6: <world> killed Padawan by MOD_BLASTER
[Mon Dec 05 14:17:55 2016]  Kill: 1022 1 3: <world> killed Padawan by MOD_SABER
[Mon Dec 05 14:18:29 2016]  Kill: 1022 1 3: <world> killed Padawan by MOD_SABER
[Mon Dec 05 14:18:49 2016]  Kill: 1022 1 3: <world> killed Padawan by MOD_SABER
[Mon Dec 05 14:19:07 2016]  Kill: 1022 1 3: <world> killed Padawan by MOD_SABER
[Mon Dec 05 14:19:14 2016]  Kill: 1022 0 3: <world> killed Jura by MOD_SABER
[Mon Dec 05 14:19:22 2016]  Kill: 1022 0 3: <world> killed Jura by MOD_SABER
[Mon Dec 05 14:19:27 2016]  Kill: 1022 1 3: <world> killed Padawan by MOD_SABER
[Mon Dec 05 14:19:32 2016]  Kill: 1022 0 3: <world> killed Jura by MOD_SABER
[Mon Dec 05 14:19:41 2016]  Kill: 0 1 3: Jura killed Padawan by MOD_SABER
[Mon Dec 05 14:20:18 2016]  Kill: 1022 1 3: <world> killed Padawan by MOD_SABER
[Mon Dec 05 14:20:39 2016]  Kill: 1022 1 3: <world> killed Padawan by MOD_SABER
[Mon Dec 05 14:20:58 2016]  Kill: 1022 0 3: <world> killed Jura by MOD_SABER
[Mon Dec 05 14:21:03 2016]  Kill: 1022 0 3: <world> killed Jura by MOD_SABER
[Mon Dec 05 14:21:43 2016]  Kill: 0 1 10: Jura killed Padawan by MOD_DISRUPTOR_SNIPER
[Mon Dec 05 14:22:03 2016]  Kill: 0 1 10: Jura killed Padawan by MOD_DISRUPTOR_SNIPER
[Mon Dec 05 14:22:30 2016]  Kill: 0 1 25: Jura killed Padawan by MOD_TRIP_MINE_SPLASH
[Mon Dec 05 14:22:30 2016]  Kill: 0 0 25: Jura killed Jura by MOD_TRIP_MINE_SPLASH
[Mon Dec 05 14:23:40 2016]  Kill: 1022 1 6: <world> killed Padawan by MOD_BLASTER
[Mon Dec 05 14:24:14 2016]  Kill: 1022 0 2: <world> killed Jura by MOD_MELEE
[Mon Dec 05 14:24:35 2016]  Kill: 1022 1 2: <world> killed Padawan by MOD_MELEE
[Mon Dec 05 14:25:24 2016]  Kill: 0 1 6: Jura killed Padawan by MOD_BLASTER
[Mon Dec 05 14:27:43 2016]  Kill: 1022 1 6: <world> killed Padawan by MOD_BLASTER
[Mon Dec 05 14:27:51 2016]  Kill: 1022 0 6: <world> killed Jura by MOD_BLASTER
[Mon Dec 05 14:30:28 2016]  Kill: 0 1 3: Jura killed Padawan by MOD_SABER
[Mon Dec 05 14:30:28 2016]  Item: 0 weapon_repeater
[Mon Dec 05 14:30:36 2016]  say: Padawan: sssssssssssssssssssss d
[Mon Dec 05 14:33:00 2016]  Kill: 1022 0 39: <world> killed Jura by MOD_SUICIDE
[Mon Dec 05 14:34:39 2016]  -8<------- Crash Information ------->8-
[Mon Dec 05 14:34:39 2016]      Please forward to Scooper 
[Mon Dec 05 14:34:39 2016]  ---------------------------------------
[Mon Dec 05 14:34:39 2016]  Version: MakerMod Win32
[Mon Dec 05 14:34:39 2016]  Build Date: Dec 27 2010[Mon Dec 05 14:34:39 2016]  Build Time: 23:45:02[Mon Dec 05 14:34:39 2016]  Map: t2_trip
[Mon Dec 05 14:34:39 2016]  Exception: Access violation (0xc0000005)
[Mon Dec 05 14:34:39 2016]  Exception Address: 0x201299d8
[Mon Dec 05 14:34:39 2016]  DLL Information:
[Mon Dec 05 14:34:39 2016]  0x00400000	jampDed
[Mon Dec 05 14:34:39 2016]  0x76fc0000	ntdll
[Mon Dec 05 14:34:39 2016]  0x75560000	kernel32
[Mon Dec 05 14:34:39 2016]  0x74cb0000	KERNELBASE
[Mon Dec 05 14:34:39 2016]  0x72350000	WSOCK32
[Mon Dec 05 14:34:39 2016]  0x764a0000	WS2_32
[Mon Dec 05 14:34:39 2016]  0x764e0000	msvcrt
[Mon Dec 05 14:34:39 2016]  0x76a70000	RPCRT4
[Mon Dec 05 14:34:39 2016]  0x74ab0000	SspiCli
[Mon Dec 05 14:34:39 2016]  0x74aa0000	CRYPTBASE
[Mon Dec 05 14:34:39 2016]  0x75400000	sechost
[Mon Dec 05 14:34:39 2016]  0x769f0000	NSI
[Mon Dec 05 14:34:39 2016]  0x6f3f0000	WINMM
[Mon Dec 05 14:34:39 2016]  0x74b10000	USER32
[Mon Dec 05 14:34:39 2016]  0x75160000	GDI32
[Mon Dec 05 14:34:39 2016]  0x75420000	LPK
[Mon Dec 05 14:34:39 2016]  0x74c10000	USP10
[Mon Dec 05 14:34:39 2016]  0x75030000	ADVAPI32
[Mon Dec 05 14:34:39 2016]  0x762f0000	IMM32
[Mon Dec 05 14:34:39 2016]  0x74f60000	MSCTF
[Mon Dec 05 14:34:39 2016]  0x722f0000	mswsock
[Mon Dec 05 14:34:39 2016]  0x722e0000	wshtcpip
[Mon Dec 05 14:34:39 2016]  0x70270000	NLAapi
[Mon Dec 05 14:34:39 2016]  0x6fe90000	napinsp
[Mon Dec 05 14:34:39 2016]  0x6fe70000	pnrpnsp
[Mon Dec 05 14:34:39 2016]  0x720e0000	DNSAPI
[Mon Dec 05 14:34:39 2016]  0x6fe60000	winrnr
[Mon Dec 05 14:34:39 2016]  0x6fe50000	wshbth
[Mon Dec 05 14:34:39 2016]  0x16080000	mdnsNSP
[Mon Dec 05 14:34:39 2016]  0x721e0000	Iphlpapi
[Mon Dec 05 14:34:39 2016]  0x721d0000	WINNSI
[Mon Dec 05 14:34:39 2016]  0x70d50000	fwpuclnt
[Mon Dec 05 14:34:39 2016]  0x70d40000	rasadhlp
[Mon Dec 05 14:34:39 2016]  0x20000000	jampgamex86
[Mon Dec 05 14:34:39 2016]  0x769c0000	IMAGEHLP
[Mon Dec 05 14:34:39 2016]  0x6f210000	dbghelp
[Mon Dec 05 14:34:39 2016]  Backtrace:
[Mon Dec 05 14:34:39 2016]  (0) E:\Program Files (x86)\LucasArts\Star Wars Jedi Knight Jedi Academy\GameData\makermod\jampgamex86.dll(dllEntry+0x67c08) [0x201299d8]
[Mon Dec 05 14:34:39 2016]  (1) E:\Program Files (x86)\LucasArts\Star Wars Jedi Knight Jedi Academy\GameData\makermod\jampgamex86.dll(dllEntry+0x67d32) [0x20129b02]
[Mon Dec 05 14:34:39 2016]  (2) E:\Program Files (x86)\LucasArts\Star Wars Jedi Knight Jedi Academy\GameData\makermod\jampgamex86.dll [0x20043eab]
[Mon Dec 05 14:34:39 2016]  (3) E:\Program Files (x86)\LucasArts\Star Wars Jedi Knight Jedi Academy\GameData\makermod\jampgamex86.dll [0x20044d48]
[Mon Dec 05 14:34:39 2016]  (4) E:\Program Files (x86)\LucasArts\Star Wars Jedi Knight Jedi Academy\GameData\makermod\jampgamex86.dll [0x20044679]
[Mon Dec 05 14:34:39 2016]  (5) E:\Program Files (x86)\LucasArts\Star Wars Jedi Knight Jedi Academy\GameData\makermod\jampgamex86.dll [0x200450b2]
[Mon Dec 05 14:34:39 2016]  (6) E:\Program Files (x86)\LucasArts\Star Wars Jedi Knight Jedi Academy\GameData\makermod\jampgamex86.dll [0x20045225]
[Mon Dec 05 14:34:39 2016]  (7) E:\Program Files (x86)\LucasArts\Star Wars Jedi Knight Jedi Academy\GameData\makermod\jampgamex86.dll [0x20045988]
[Mon Dec 05 14:34:39 2016]  (8) E:\Program Files (x86)\LucasArts\Star Wars Jedi Knight Jedi Academy\GameData\makermod\jampgamex86.dll(dllEntry+0x5fbe1) [0x201219b1]
[Mon Dec 05 14:34:39 2016]  (9) E:\Program Files (x86)\LucasArts\Star Wars Jedi Knight Jedi Academy\GameData\makermod\jampgamex86.dll(dllEntry+0x5dbc4) [0x2011f994]
[Mon Dec 05 14:34:39 2016]  (10) E:\Program Files (x86)\LucasArts\Star Wars Jedi Knight Jedi Academy\GameData\makermod\jampgamex86.dll(dllEntry+0x5e59b) [0x2012036b]
[Mon Dec 05 14:34:39 2016]  (11) E:\Program Files (x86)\LucasArts\Star Wars Jedi Knight Jedi Academy\GameData\makermod\jampgamex86.dll(dllEntry+0x5f03f) [0x20120e0f]
[Mon Dec 05 14:34:39 2016]  (12) E:\Program Files (x86)\LucasArts\Star Wars Jedi Knight Jedi Academy\GameData\makermod\jampgamex86.dll [0x20081fd7]
[Mon Dec 05 14:34:39 2016]  (13) E:\Program Files (x86)\LucasArts\Star Wars Jedi Knight Jedi Academy\GameData\makermod\jampgamex86.dll(vmMain+0xca) [0x2009f63a]
[Mon Dec 05 14:34:39 2016]  (14) E:\Program Files (x86)\LucasArts\Star Wars Jedi Knight Jedi Academy\GameData\jampDed.exe [0x004226ff]
[Mon Dec 05 14:34:39 2016]  (15) E:\Program Files (x86)\LucasArts\Star Wars Jedi Knight Jedi Academy\GameData\jampDed.exe [0x0043c45e]
[Mon Dec 05 14:34:39 2016]  (16) E:\Program Files (x86)\LucasArts\Star Wars Jedi Knight Jedi Academy\GameData\jampDed.exe [0x00444213]
[Mon Dec 05 14:34:39 2016]  (17) E:\Program Files (x86)\LucasArts\Star Wars Jedi Knight Jedi Academy\GameData\jampDed.exe [0x0043c45e]
[Mon Dec 05 14:34:39 2016]  (18) E:\Program Files (x86)\LucasArts\Star Wars Jedi Knight Jedi Academy\GameData\jampDed.exe [0x00444213]
[Mon Dec 05 14:34:39 2016]  (19) E:\Program Files (x86)\LucasArts\Star Wars Jedi Knight Jedi Academy\GameData\jampDed.exe [0x0043c1e0]
[Mon Dec 05 14:34:39 2016]  (20) E:\Program Files (x86)\LucasArts\Star Wars Jedi Knight Jedi Academy\GameData\jampDed.exe [0x0044c751]
[Mon Dec 05 14:34:39 2016]  (21) Unknown [0x64656420]
[Mon Dec 05 14:34:39 2016]  (22) Unknown [0x74616369]
[Mon Dec 05 14:34:39 2016]  (23) Unknown [0x32206465]
[Mon Dec 05 14:34:39 2016]  (24) Unknown [0x65730020]
[Mon Dec 05 14:34:39 2016]  (25) Unknown [0x73662074]
[Mon Dec 05 14:34:39 2016]  (26) Unknown [0x6d61675f]
[Mon Dec 05 14:34:39 2016]  (27) Unknown [0x616d2065]
[Mon Dec 05 14:34:39 2016]  (28) Unknown [0x6d72656b]
[Mon Dec 05 14:34:39 2016]  (29) Unknown [0x0020646f]
[Mon Dec 05 14:34:39 2016]  (30) E:\Program Files (x86)\LucasArts\Star Wars Jedi Knight Jedi Academy\GameData\makermod\jampgamex86.dll(dllEntry+0x6847a3) [0x20746573]
[Mon Dec 05 14:34:39 2016]  (31) Unknown [0x705f7673]
[Mon Dec 05 14:34:39 2016]  (32) E:\Program Files (x86)\LucasArts\Star Wars Jedi Knight Jedi Academy\GameData\makermod\jampgamex86.dll(dllEntry+0x5954a5) [0x20657275]
[Mon Dec 05 14:34:39 2016]  (33) Unknown [0x65002030]
[Mon Dec 05 14:34:39 2016]  (34) E:\Program Files (x86)\LucasArts\Star Wars Jedi Knight Jedi Academy\GameData\makermod\jampgamex86.dll(dllEntry+0x5747a8) [0x20636578]
[Mon Dec 05 14:34:39 2016]  (35) Unknown [0x656b616d]
[Mon Dec 05 14:34:39 2016]  (36) Unknown [0x646f6d72]
[Mon Dec 05 14:34:39 2016]  (37) Unknown [0x6766632e]
[Mon Dec 05 14:34:39 2016]  (38) Unknown [0x65730020]
[Mon Dec 05 14:34:39 2016]  (39) Unknown [0x656e2074]
[Mon Dec 05 14:34:39 2016]  (40) Unknown [0x6f705f74]
[Mon Dec 05 14:34:39 2016]  (41) Unknown [0x32207472]
[Mon Dec 05 14:34:39 2016]  (42) Unknown [0x30373039]
[Mon Dec 05 14:34:39 2016]  -8<--------------------------------->8-

[Mon Dec 05 14:34:39 2016]  Attempting to clean up.
[Mon Dec 05 14:34:39 2016]  ShutdownGame:
[Mon Dec 05 14:34:39 2016]  ------------------------------------------------------------
[Mon Dec 05 14:34:41 2016]  ------------------------------------------------------------
[Mon Dec 05 14:34:41 2016]  InitGame: \dmflags\0\fraglimit\0\timelimit\120\capturelimit\0\g_privateDuel\1\g_saberLocking\1\g_maxForceRank\999\duel_fraglimit\10\g_forceBasedTeams\0\g_duelWeaponDisable\65531\sv_hostname\^3Darkquake's Makermod Server\sv_maxclients\32\sv_maxRate\5000\sv_minPing\0\sv_maxPing\0\sv_floodProtect\0\sv_allowDownload\0\g_allowNPC\1\g_weaponDisable\0\g_forcePowerDisable\0\g_forceRegenTime\1\g_siegeTeamSwitch\1\g_siegeRespawn\20\g_debugMelee\1\g_noSpecMove\0\g_maxGameClients\0\g_jediVmerc\0\g_siegeTeam1\none\g_siegeTeam2\none\version\(internal)JAmp: v1.0.1.0 win-x86 Oct 30 2003\g_maxHolocronCarry\3\g_gametype\0\g_needpass\0\protocol\26\mapname\t2_trip\sv_privateClients\0\g_stepSlideFix\1\gamename\MakerMod\g_saberWallDamageScale\0.4\bg_fighterAltControl\0\g_showDuelHealths\0
[Mon Dec 05 19:17:05 2016]  ClientConnect: 0
[Mon Dec 05 19:17:06 2016]  mlog:Player -=SR=-Fess/S, connected. With IP - 89.22.178.23:-11766 
[Mon Dec 05 19:20:27 2016]  ClientDisconnect: 0
[Mon Dec 05 20:28:12 2016]  ClientConnect: 0
[Mon Dec 05 20:28:12 2016]  mlog:Player Obi Vin Diesel, connected. With IP - 178.235.49.141:29070 
[Mon Dec 05 20:28:41 2016]  ClientBegin: 0
[Mon Dec 05 20:29:59 2016]  ClientConnect: 1
[Mon Dec 05 20:29:59 2016]  mlog:Player LeXiN, connected. With IP - 5.172.236.74:9475 
[Mon Dec 05 20:30:09 2016]  ClientConnect: 2
[Mon Dec 05 20:30:09 2016]  mlog:Player Embrionalne_Igraszki, connected. With IP - 37.248.154.191:3634 
[Mon Dec 05 20:30:18 2016]  ClientBegin: 1
[Mon Dec 05 20:30:33 2016]  ClientBegin: 2
[Mon Dec 05 20:31:00 2016]  Kill: 2 0 3: Embrionalne_Igraszki killed Obi Vin Diesel by MOD_SABER
[Mon Dec 05 20:31:18 2016]  Kill: 0 2 3: Obi Vin Diesel killed Embrionalne_Igraszki by MOD_SABER
[Mon Dec 05 20:31:20 2016]  ClientConnect: 3
[Mon Dec 05 20:31:20 2016]  mlog:Player Nainar, connected. With IP - 176.118.137.113:29070 
[Mon Dec 05 20:31:24 2016]  Kill: 1 0 3: LeXiN killed Obi Vin Diesel by MOD_SABER
[Mon Dec 05 20:31:31 2016]  Kill: 0 1 3: Obi Vin Diesel killed LeXiN by MOD_SABER
[Mon Dec 05 20:31:46 2016]  Kill: 1 0 3: LeXiN killed Obi Vin Diesel by MOD_SABER
[Mon Dec 05 20:31:53 2016]  ClientBegin: 3
[Mon Dec 05 20:32:01 2016]  Kill: 0 1 3: Obi Vin Diesel killed LeXiN by MOD_SABER
[Mon Dec 05 20:32:04 2016]  Kill: 1 0 3: LeXiN killed Obi Vin Diesel by MOD_SABER
[Mon Dec 05 20:32:38 2016]  Kill: 1022 0 38: <world> killed Obi Vin Diesel by MOD_FALLING
[Mon Dec 05 20:33:09 2016]  Kill: 0 1 3: Obi Vin Diesel killed LeXiN by MOD_SABER
[Mon Dec 05 20:33:18 2016]  Kill: 2 3 3: Embrionalne_Igraszki killed Nainar by MOD_SABER
[Mon Dec 05 20:33:28 2016]  Kill: 1 0 3: LeXiN killed Obi Vin Diesel by MOD_SABER
[Mon Dec 05 20:33:29 2016]  Kill: 3 1 31: Nainar killed LeXiN by MOD_FORCE_DARK
[Mon Dec 05 20:33:38 2016]  Kill: 2 0 3: Embrionalne_Igraszki killed Obi Vin Diesel by MOD_SABER
[Mon Dec 05 20:33:39 2016]  Kill: 1 3 31: LeXiN killed Nainar by MOD_FORCE_DARK
[Mon Dec 05 20:33:51 2016]  Kill: 3 2 31: Nainar killed Embrionalne_Igraszki by MOD_FORCE_DARK
[Mon Dec 05 20:34:12 2016]  Kill: 2 3 5: Embrionalne_Igraszki killed Nainar by MOD_BRYAR_PISTOL_ALT
[Mon Dec 05 20:34:38 2016]  Kill: 0 3 5: Obi Vin Diesel killed Nainar by MOD_BRYAR_PISTOL_ALT
[Mon Dec 05 20:34:48 2016]  Kill: 3 0 31: Nainar killed Obi Vin Diesel by MOD_FORCE_DARK
[Mon Dec 05 20:35:02 2016]  Kill: 0 3 37: Obi Vin Diesel killed Nainar by MOD_TELEFRAG
[Mon Dec 05 20:36:45 2016]  Kill: 3 1 3: Nainar killed LeXiN by MOD_SABER
[Mon Dec 05 20:36:54 2016]  Kill: 3 2 3: Nainar killed Embrionalne_Igraszki by MOD_SABER
[Mon Dec 05 20:36:59 2016]  Kill: 3 0 3: Nainar killed Obi Vin Diesel by MOD_SABER
[Mon Dec 05 20:37:24 2016]  Kill: 3 1 3: Nainar killed LeXiN by MOD_SABER
[Mon Dec 05 20:37:42 2016]  Kill: 3 2 3: Nainar killed Embrionalne_Igraszki by MOD_SABER
[Mon Dec 05 20:37:42 2016]  Kill: 3 0 3: Nainar killed Obi Vin Diesel by MOD_SABER
[Mon Dec 05 20:37:49 2016]  Kill: 1 3 3: LeXiN killed Nainar by MOD_SABER
[Mon Dec 05 20:38:45 2016]  Kill: 1 0 3: LeXiN killed Obi Vin Diesel by MOD_SABER
[Mon Dec 05 20:38:45 2016]  Kill: 2 3 3: Embrionalne_Igraszki killed Nainar by MOD_SABER
[Mon Dec 05 20:38:46 2016]  ClientConnect: 4
[Mon Dec 05 20:38:46 2016]  mlog:Player ^0Saghi, connected. With IP - 80.55.76.218:29070 
[Mon Dec 05 20:38:46 2016]  Kill: 1 2 3: LeXiN killed Embrionalne_Igraszki by MOD_SABER
[Mon Dec 05 20:39:07 2016]  Kill: 0 1 5: Obi Vin Diesel killed LeXiN by MOD_BRYAR_PISTOL_ALT
[Mon Dec 05 20:39:16 2016]  ClientBegin: 4
[Mon Dec 05 20:39:19 2016]  Kill: 3 2 3: Nainar killed Embrionalne_Igraszki by MOD_SABER
[Mon Dec 05 20:39:28 2016]  Kill: 1 3 31: LeXiN killed Nainar by MOD_FORCE_DARK
[Mon Dec 05 20:39:46 2016]  ClientDisconnect: 2
[Mon Dec 05 20:40:15 2016]  Kill: 1 0 3: LeXiN killed Obi Vin Diesel by MOD_SABER
[Mon Dec 05 20:40:50 2016]  Kill: 1 0 31: LeXiN killed Obi Vin Diesel by MOD_FORCE_DARK
[Mon Dec 05 20:41:09 2016]  say: Obi Vin Diesel: fucking cheater
[Mon Dec 05 20:41:12 2016]  say: ^0F^5o^0x^6.: hehe
[Mon Dec 05 20:41:12 2016]  say: Obi Vin Diesel: fuck u
[Mon Dec 05 20:41:15 2016]  say: Obi Vin Diesel: bitch
[Mon Dec 05 20:41:16 2016]  say: ^0F^5o^0x^6.: haha
[Mon Dec 05 20:41:18 2016]  say: ^0F^5o^0x^6.: looool
[Mon Dec 05 20:41:25 2016]  say: Obi Vin Diesel: u suck like ur mother
[Mon Dec 05 20:41:30 2016]  say: ^0F^5o^0x^6.: hahahaha
[Mon Dec 05 20:41:30 2016]  say: Obi Vin Diesel: in my bed
[Mon Dec 05 20:41:37 2016]  tell: Obi Vin Diesel to LeXiN: and shes sayin ooh yeag
[Mon Dec 05 20:41:40 2016]  Kill: 1022 1 38: <world> killed LeXiN by MOD_FALLING
[Mon Dec 05 20:41:53 2016]  say: Obi Vin Diesel: bitch
[Mon Dec 05 20:41:59 2016]  say: Obi Vin Diesel: u motherfucker
[Mon Dec 05 20:42:00 2016]  say: ^0F^5o^0x^6.: you blow
[Mon Dec 05 20:42:03 2016]  Kill: 4 3 20: ^0F^5o^0x^6. killed Nainar by MOD_ROCKET_SPLASH
[Mon Dec 05 20:42:05 2016]  say: Obi Vin Diesel: blow ur ass
[Mon Dec 05 20:42:07 2016]  say: Obi Vin Diesel: im gonna do it
[Mon Dec 05 20:42:16 2016]  say: ^0F^5o^0x^6.: xDDDDDDDDD
[Mon Dec 05 20:42:22 2016]  say: Obi Vin Diesel: ur mother is chewbacca
[Mon Dec 05 20:42:25 2016]  say: ^0F^5o^0x^6.: LOOOOOL
[Mon Dec 05 20:42:27 2016]  say: ^0F^5o^0x^6.: ROTFL
[Mon Dec 05 20:42:45 2016]  say: Obi Vin Diesel: do u like suck cocks? cuz u are gonna suck chewbacca cock
[Mon Dec 05 20:42:53 2016]  say: Obi Vin Diesel: u motherfucker
[Mon Dec 05 20:42:53 2016]  say: ^0F^5o^0x^6.: I like cocks <3
[Mon Dec 05 20:43:05 2016]  say: Obi Vin Diesel: i like ur mother more than she loves u
[Mon Dec 05 20:43:09 2016]  say: ^0F^5o^0x^6.: XD
[Mon Dec 05 20:43:16 2016]  Kill: 4 4 39: ^0F^5o^0x^6. killed ^0F^5o^0x^6. by MOD_SUICIDE
[Mon Dec 05 20:43:17 2016]  say: Obi Vin Diesel: say xd u piece of shit
[Mon Dec 05 20:43:20 2016]  say: ^0F^5o^0x^6.: LOL
[Mon Dec 05 20:43:24 2016]  say: ^0F^5o^0x^6.: keep ragiiiing KEEEEK
[Mon Dec 05 20:43:33 2016]  say: Obi Vin Diesel: u 4 years old child
[Mon Dec 05 20:43:37 2016]  say: ^0F^5o^0x^6.: lol
[Mon Dec 05 20:43:43 2016]  ClientDisconnect: 3
[Mon Dec 05 20:43:47 2016]  say: ^0F^5o^0x^6.: rq nr1
[Mon Dec 05 20:43:54 2016]  ClientDisconnect: 1
[Mon Dec 05 20:43:57 2016]  say: Obi Vin Diesel: piece of shit
[Mon Dec 05 20:43:57 2016]  say: ^0F^5o^0x^6.: rq nr2
[Mon Dec 05 20:44:01 2016]  say: ^0F^5o^0x^6.: go rq
[Mon Dec 05 20:44:06 2016]  Kill: 4 4 39: ^0F^5o^0x^6. killed ^0F^5o^0x^6. by MOD_SUICIDE
[Mon Dec 05 20:44:07 2016]  say: Obi Vin Diesel: ur mother is chewbacca like ur father
[Mon Dec 05 20:44:12 2016]  say: ^0F^5o^0x^6.: thats old lol
[Mon Dec 05 20:44:17 2016]  say: Obi Vin Diesel: like ur ass 
[Mon Dec 05 20:44:22 2016]  ClientDisconnect: 0
[Mon Dec 05 20:44:25 2016]  ClientDisconnect: 4
[Tue Dec 06 06:44:52 2016]  ClientConnect: 0
[Tue Dec 06 06:44:52 2016]  mlog:Player Padawan, connected. With IP - 105.184.38.9:29070 
[Tue Dec 06 06:45:15 2016]  ClientBegin: 0
[Tue Dec 06 06:46:42 2016]  Kill: 0 0 27: Padawan killed Padawan by MOD_DET_PACK_SPLASH
[Tue Dec 06 06:47:11 2016]  Item: 0 weapon_det_pack
[Tue Dec 06 06:48:57 2016]  ClientDisconnect: 0
