[Mon Apr 04 18:40:33 2016]  ------------------------------------------------------------
[Mon Apr 04 18:40:33 2016]  InitGame: \dmflags\0\fraglimit\0\timelimit\120\capturelimit\0\g_privateDuel\1\g_saberLocking\1\g_maxForceRank\7\duel_fraglimit\10\g_forceBasedTeams\0\g_duelWeaponDisable\65531\sv_hostname\^3Darkquake's Makermod Server\sv_maxclients\32\sv_maxRate\5000\sv_minPing\0\sv_maxPing\0\sv_floodProtect\0\sv_allowDownload\0\g_allowNPC\1\g_weaponDisable\0\g_forcePowerDisable\0\g_forceRegenTime\1\g_siegeTeamSwitch\1\g_siegeRespawn\20\g_debugMelee\1\g_noSpecMove\0\g_maxGameClients\0\g_jediVmerc\0\g_siegeTeam1\none\g_siegeTeam2\none\version\(internal)JAmp: v1.0.1.0 win-x86 Oct 30 2003\g_maxHolocronCarry\3\g_gametype\0\g_needpass\0\protocol\26\mapname\t2_trip\sv_privateClients\0\g_stepSlideFix\1\gamename\MakerMod\g_saberWallDamageScale\0.4\bg_fighterAltControl\0\g_showDuelHealths\0
[Mon Apr 04 19:42:14 2016]  ------------------------------------------------------------
[Mon Apr 04 19:42:14 2016]  InitGame: \g_siegeTeam2\none\g_siegeTeam1\none\g_jediVmerc\0\g_maxGameClients\0\g_noSpecMove\0\g_debugMelee\1\g_siegeRespawn\20\g_siegeTeamSwitch\1\g_forceRegenTime\1\g_forcePowerDisable\0\g_weaponDisable\0\g_allowNPC\1\sv_allowDownload\0\sv_floodProtect\0\sv_maxPing\0\sv_minPing\0\sv_maxRate\5000\sv_maxclients\32\sv_hostname\^3Darkquake's Makermod Server\g_duelWeaponDisable\65531\g_forceBasedTeams\0\duel_fraglimit\10\g_maxForceRank\7\g_saberLocking\1\g_privateDuel\1\capturelimit\0\timelimit\120\fraglimit\0\dmflags\0\version\(internal)JAmp: v1.0.1.0 win-x86 Oct 30 2003\g_maxHolocronCarry\3\g_gametype\0\g_needpass\0\protocol\26\mapname\t2_trip\sv_privateClients\0\g_stepSlideFix\1\gamename\MakerMod\g_saberWallDamageScale\0.4\bg_fighterAltControl\0\g_showDuelHealths\0
[Mon Apr 04 19:47:46 2016]  ClientConnect: 0
[Mon Apr 04 19:47:46 2016]  mlog:Player ^1M^7r ^1Ð^7innertime, connected. With IP - 165.120.247.223:29070 
[Mon Apr 04 19:48:18 2016]  ClientBegin: 0
[Mon Apr 04 19:50:55 2016]  ShutdownGame:
[Mon Apr 04 19:50:55 2016]  ------------------------------------------------------------
[Mon Apr 04 19:50:56 2016]  ------------------------------------------------------------
[Mon Apr 04 19:50:56 2016]  InitGame: \g_siegeTeam2\none\g_siegeTeam1\none\g_jediVmerc\0\g_maxGameClients\0\g_noSpecMove\0\g_debugMelee\1\g_siegeRespawn\20\g_siegeTeamSwitch\1\g_forceRegenTime\1\g_forcePowerDisable\0\g_weaponDisable\0\g_allowNPC\1\bot_minplayers\0\sv_allowDownload\0\sv_floodProtect\0\sv_maxPing\0\sv_minPing\0\sv_maxRate\5000\sv_maxclients\32\sv_hostname\^3Darkquake's Makermod Server\g_duelWeaponDisable\65531\g_forceBasedTeams\0\duel_fraglimit\10\g_maxForceRank\7\g_saberLocking\1\g_privateDuel\1\capturelimit\0\timelimit\120\fraglimit\0\dmflags\0\version\(internal)JAmp: v1.0.1.0 win-x86 Oct 30 2003\g_maxHolocronCarry\3\g_gametype\0\g_needpass\0\protocol\26\mapname\t2_trip\sv_privateClients\0\g_stepSlideFix\1\gamename\MakerMod\g_saberWallDamageScale\0.4\bg_fighterAltControl\0\g_showDuelHealths\0
[Mon Apr 04 19:50:58 2016]  ClientConnect: 0
[Mon Apr 04 19:51:06 2016]  ClientBegin: 0
[Mon Apr 04 19:53:39 2016]  ClientDisconnect: 0
[Mon Apr 04 19:53:53 2016]  ClientConnect: 0
[Mon Apr 04 19:53:53 2016]  mlog:Player ^1M^7r ^1Ð^7innertime, connected. With IP - 165.120.247.223:29070 
[Mon Apr 04 19:54:05 2016]  ClientBegin: 0
[Mon Apr 04 19:54:11 2016]  ClientConnect: 1
[Mon Apr 04 19:54:11 2016]  mlog:Player ^0Ðàrk^2^1Qµàkè, connected. With IP - 192.168.1.2:29071 
[Mon Apr 04 19:54:45 2016]  ClientBegin: 1
[Mon Apr 04 19:54:47 2016]  say: ^1M^7r ^1Ð^7innertime: hai
[Mon Apr 04 19:54:53 2016]  say: ^0Ðàrk^2^1Qµàkè: hi :)
[Mon Apr 04 19:54:55 2016]  say: ^1M^7r ^1Ð^7innertime: :D
[Mon Apr 04 19:55:10 2016]  say: ^0Ðàrk^2^1Qµàkè: bit laggy but mayb cause I have Battlefront up XD
[Mon Apr 04 19:55:12 2016]  say: ^1M^7r ^1Ð^7innertime: XD
[Mon Apr 04 19:55:13 2016]  say: ^1M^7r ^1Ð^7innertime: yeah
[Mon Apr 04 19:55:15 2016]  say: ^0Ðàrk^2^1Qµàkè: nice textures though
[Mon Apr 04 19:55:18 2016]  say: ^1M^7r ^1Ð^7innertime: ty ^^
[Mon Apr 04 19:55:31 2016]  say: ^1M^7r ^1Ð^7innertime: come on the mountains :D
[Mon Apr 04 19:55:42 2016]  say: ^0Ðàrk^2^1Qµàkè: woah dat moon
[Mon Apr 04 19:55:44 2016]  say: ^1M^7r ^1Ð^7innertime: XD
[Mon Apr 04 19:55:50 2016]  say: ^0Ðàrk^2^1Qµàkè: lava yay
[Mon Apr 04 19:55:53 2016]  say: ^1M^7r ^1Ð^7innertime: :D
[Mon Apr 04 19:56:00 2016]  say: ^1M^7r ^1Ð^7innertime: I used the textures from a korriban maop
[Mon Apr 04 19:56:02 2016]  say: ^1M^7r ^1Ð^7innertime: map*
[Mon Apr 04 19:56:12 2016]  say: ^0Ðàrk^2^1Qµàkè: awesome :)
[Mon Apr 04 19:56:17 2016]  say: ^0Ðàrk^2^1Qµàkè: now the catwalks
[Mon Apr 04 19:56:24 2016]  say: ^1M^7r ^1Ð^7innertime: ooh
[Mon Apr 04 19:56:36 2016]  say: ^1M^7r ^1Ð^7innertime: I have a better catwalk remap than glass ;3 maybe... if I can find it
[Mon Apr 04 19:56:39 2016]  say: ^1M^7r ^1Ð^7innertime: if you're interested
[Mon Apr 04 19:56:47 2016]  say: ^0Ðàrk^2^1Qµàkè: yeah sure
[Mon Apr 04 19:56:57 2016]  say: ^0Ðàrk^2^1Qµàkè: it said you can't stop movement at this point.. wtf? lol
[Mon Apr 04 19:57:02 2016]  say: ^1M^7r ^1Ð^7innertime: XD
[Mon Apr 04 19:57:04 2016]  say: ^1M^7r ^1Ð^7innertime: ah yeah
[Mon Apr 04 19:57:07 2016]  say: ^1M^7r ^1Ð^7innertime: spawn protection
[Mon Apr 04 19:57:17 2016]  say: ^0Ðàrk^2^1Qµàkè: oh
[Mon Apr 04 19:58:23 2016]  say: ^0Ðàrk^2^1Qµàkè: alright cool, I'm gonna go but thanks for the remaps haha I'll keep em
[Mon Apr 04 19:58:29 2016]  say: ^1M^7r ^1Ð^7innertime: :D kk
[Mon Apr 04 19:58:40 2016]  say: ^0Ðàrk^2^1Qµàkè: cya :)
[Mon Apr 04 19:58:44 2016]  ClientDisconnect: 1
[Mon Apr 04 20:02:52 2016]  ClientDisconnect: 0
[Mon Apr 04 20:03:09 2016]  ClientConnect: 0
[Mon Apr 04 20:03:09 2016]  mlog:Player ^1M^7r ^1Ð^7innertime, connected. With IP - 165.120.247.223:29070 
[Mon Apr 04 20:03:19 2016]  ClientBegin: 0
[Mon Apr 04 20:08:20 2016]  say: ^1M^7r ^1Ð^7innertime: mmark
[Mon Apr 04 20:10:58 2016]  ClientDisconnect: 0
[Tue Apr 05 16:32:20 2016]  ClientConnect: 0
[Tue Apr 05 16:32:20 2016]  mlog:Player Padawan, connected. With IP - 178.121.142.25:21472 
[Tue Apr 05 16:33:35 2016]  ClientBegin: 0
[Tue Apr 05 16:36:26 2016]  say: dsdew: Platform script devoleped by ^0Neo^1b^2o^3y^480 ^2 is ^3on
[Tue Apr 05 16:49:29 2016]  ClientDisconnect: 0
