[Tue Mar 08 09:25:39 2016]  ------------------------------------------------------------
[Tue Mar 08 09:25:39 2016]  InitGame: \g_siegeTeam2\none\g_siegeTeam1\none\g_jediVmerc\0\g_maxGameClients\0\g_noSpecMove\0\g_debugMelee\1\g_siegeRespawn\20\g_siegeTeamSwitch\1\g_forceRegenTime\1\g_forcePowerDisable\0\g_weaponDisable\0\g_allowNPC\1\sv_allowDownload\0\sv_floodProtect\0\sv_maxPing\0\sv_minPing\0\sv_maxRate\5000\sv_maxclients\32\sv_hostname\^3Darkquake's Makermod Server\g_duelWeaponDisable\65531\g_forceBasedTeams\0\duel_fraglimit\10\g_maxForceRank\7\g_saberLocking\1\g_privateDuel\1\capturelimit\0\timelimit\120\fraglimit\0\dmflags\0\version\(internal)JAmp: v1.0.1.0 win-x86 Oct 30 2003\g_maxHolocronCarry\3\g_gametype\0\g_needpass\0\protocol\26\mapname\t2_trip\sv_privateClients\0\g_stepSlideFix\1\gamename\MakerMod\g_saberWallDamageScale\0.4\bg_fighterAltControl\0\g_showDuelHealths\0
[Tue Mar 08 10:20:47 2016]  ClientConnect: 0
[Tue Mar 08 10:20:47 2016]  mlog:Player ^4=^3SF^4=^3Lucid^4faya^3*^4GK, connected. With IP - 87.4.255.230:29070 
[Tue Mar 08 10:24:02 2016]  ClientDisconnect: 0
[Thu Mar 10 18:25:19 2016]  ClientConnect: 0
[Thu Mar 10 18:25:19 2016]  mlog:Player Heino Reiter (Story), connected. With IP - 84.177.94.30:29070 
[Thu Mar 10 18:25:27 2016]  ClientDisconnect: 0
[Thu Mar 10 23:44:50 2016]  ClientConnect: 0
[Thu Mar 10 23:44:50 2016]  mlog:Player AZZA, connected. With IP - 92.18.12.139:12067 
[Thu Mar 10 23:45:09 2016]  ClientBegin: 0
[Thu Mar 10 23:46:08 2016]  ClientDisconnect: 0
[Fri Mar 11 09:54:20 2016]  ClientConnect: 0
[Fri Mar 11 09:54:20 2016]  mlog:Player Padawan, connected. With IP - 178.72.68.204:3467 
[Fri Mar 11 09:54:42 2016]  ClientBegin: 0
[Fri Mar 11 09:55:02 2016]  print "Padawan^7 @@@PLRENAME OLD FAG
"[Fri Mar 11 09:57:45 2016]  ClientDisconnect: 0
[Fri Mar 11 12:28:45 2016]  ClientConnect: 0
[Fri Mar 11 12:28:45 2016]  mlog:Player Padawan, connected. With IP - 199.116.239.53:29070 
[Fri Mar 11 12:28:57 2016]  ClientBegin: 0
[Fri Mar 11 12:32:30 2016]  ClientDisconnect: 0
[Fri Mar 11 15:21:37 2016]  ClientConnect: 0
[Fri Mar 11 15:21:37 2016]  mlog:Player ^1^0[KOTR]^2ProstoLuk^0(S2), connected. With IP - 178.120.103.240:12157 
[Fri Mar 11 15:21:56 2016]  ClientBegin: 0
[Fri Mar 11 15:22:02 2016]  ClientConnect: 1
[Fri Mar 11 15:22:02 2016]  mlog:Player ^5KOTR^3|^5Pluton, connected. With IP - 87.117.13.79:-17873 
[Fri Mar 11 15:22:24 2016]  ClientBegin: 1
[Fri Mar 11 15:22:28 2016]  Kill: 0 1 27: ^1GUSY GAGAGA killed Pluton by MOD_DET_PACK_SPLASH
[Fri Mar 11 15:22:44 2016]  say: Pluton: aZAZA
[Fri Mar 11 15:23:29 2016]  say: Pluton: Я бог хаоса нахуй
[Fri Mar 11 15:24:06 2016]  say: Pluton: azaza
[Fri Mar 11 15:24:21 2016]  say: Pluton: Ya ego slomal
[Fri Mar 11 15:24:43 2016]  say: Pluton: Go eshe kogo nibud
[Fri Mar 11 15:25:04 2016]  say: Pluton: Sasat
[Fri Mar 11 15:25:50 2016]  say: Pluton: Eto chto za huy?
[Fri Mar 11 15:26:10 2016]  say: ^1GUSY GAGAGA: Картер
[Fri Mar 11 15:26:21 2016]  say: Pluton: sosi karterbot
[Fri Mar 11 15:27:51 2016]  Kill: 0 0 39: ^1GUSY GAGAGA killed ^1GUSY GAGAGA by MOD_SUICIDE
[Fri Mar 11 15:28:02 2016]  ClientConnect: 2
[Fri Mar 11 15:28:02 2016]  mlog:Player sid, connected. With IP - 37.45.147.193:-7916 
[Fri Mar 11 15:28:28 2016]  Kill: 0 0 39: ^1GUSY GAGAGA killed ^1GUSY GAGAGA by MOD_SUICIDE
[Fri Mar 11 15:28:49 2016]  ClientBegin: 2
[Fri Mar 11 15:29:15 2016]  say: Padawan: kurwa
[Fri Mar 11 15:29:19 2016]  say: ^1GUSY GAGAGA: -_-
[Fri Mar 11 15:29:24 2016]  say: Pluton: luk suka ne meshai
[Fri Mar 11 15:29:27 2016]  say: ^1GUSY GAGAGA: xDDD
[Fri Mar 11 15:29:42 2016]  say: ^1GUSY GAGAGA: Plut pogodi sha pridu
[Fri Mar 11 15:29:54 2016]  say: Pluton: Oni huinyey stradayut
[Fri Mar 11 15:30:01 2016]  say: Pluton: Padawan pshek
[Fri Mar 11 15:31:19 2016]  say: Pluton: SUKA
[Fri Mar 11 15:31:23 2016]  say: Pluton: IDI NAHUY
[Fri Mar 11 15:31:26 2016]  say: Pluton: PIDARAS
[Fri Mar 11 15:31:52 2016]  say: Padawan: von poshel 
[Fri Mar 11 15:33:28 2016]  Kill: 0 0 39: ^1GUSY GAGAGA killed ^1GUSY GAGAGA by MOD_SUICIDE
[Fri Mar 11 15:34:49 2016]  Kill: 1022 0 38: <world> killed ^1GUSY GAGAGA by MOD_FALLING
[Fri Mar 11 15:35:29 2016]  say: ^1GUSY GAGAGA: Гребаный Плутон
[Fri Mar 11 15:35:32 2016]  say: ^1GUSY GAGAGA: Сюда иди
[Fri Mar 11 15:35:41 2016]  Kill: 0 0 39: ^1GUSY GAGAGA killed ^1GUSY GAGAGA by MOD_SUICIDE
[Fri Mar 11 15:37:17 2016]  say: Pluton: Ya vertel tebya na svoey osi koordinat
[Fri Mar 11 15:37:53 2016]  say: Pluton: Poshel nahuy
[Fri Mar 11 15:37:55 2016]  ClientDisconnect: 1
[Fri Mar 11 15:38:07 2016]  say: Padawan: suka
[Fri Mar 11 15:38:44 2016]  ClientDisconnect: 0
[Fri Mar 11 15:39:34 2016]  Kill: 2 2 36: Padawan killed Padawan by MOD_CRUSH
[Fri Mar 11 15:40:58 2016]  ClientDisconnect: 2
