[Wed Jan 15 01:50:02 2014]  ------------------------------------------------------------
[Wed Jan 15 01:50:02 2014]  InitGame: \g_siegeTeam2\none\g_siegeTeam1\none\g_jediVmerc\0\g_maxGameClients\0\g_noSpecMove\0\g_debugMelee\1\g_siegeRespawn\20\g_siegeTeamSwitch\1\g_forceRegenTime\0\g_forcePowerDisable\0\g_weaponDisable\0\g_allowNPC\1\bot_minplayers\0\sv_allowDownload\1\sv_floodProtect\0\sv_maxPing\0\sv_minPing\0\sv_maxRate\5000\sv_maxclients\32\sv_hostname\^3Darkquake's Makermod Server\g_duelWeaponDisable\65531\g_forceBasedTeams\0\duel_fraglimit\10\g_maxForceRank\7\g_saberLocking\1\g_privateDuel\1\capturelimit\0\timelimit\120\fraglimit\0\dmflags\0\version\(internal)JAmp: v1.0.1.0 win-x86 Oct 30 2003\g_maxHolocronCarry\3\g_gametype\0\g_needpass\0\protocol\26\mapname\mp/siege_desert\sv_privateClients\0\g_stepSlideFix\1\gamename\MakerMod\g_saberWallDamageScale\0.4\bg_fighterAltControl\0\g_showDuelHealths\0
[Wed Jan 15 01:50:03 2014]  ClientConnect: 0
[Wed Jan 15 01:50:22 2014]  ClientDisconnect: 0
[Wed Jan 15 01:50:42 2014]  ClientConnect: 0
[Wed Jan 15 01:50:42 2014]  mlog:Player Matthew, connected. With IP - 174.126.79.124:29070 
[Wed Jan 15 01:50:54 2014]  ClientBegin: 0
[Wed Jan 15 01:56:02 2014]  Kill: 1022 0 38: <world> killed Matthew by MOD_FALLING
[Wed Jan 15 01:56:02 2014]  setteam:  0 FREE SPECTATOR
[Wed Jan 15 01:56:02 2014]  ClientBegin: 0
[Wed Jan 15 01:56:07 2014]  setteam:  0 SPECTATOR FREE
[Wed Jan 15 01:56:07 2014]  ClientBegin: 0
[Wed Jan 15 01:56:08 2014]  say: Matthew: ^5Maker^7Module ^3Client Plugin ^2v0.61a
[Wed Jan 15 01:56:44 2014]  Kill: 0 0 39: Matthew killed Matthew by MOD_SUICIDE
[Wed Jan 15 01:56:44 2014]  setteam:  0 FREE SPECTATOR
[Wed Jan 15 01:56:44 2014]  ClientBegin: 0
[Wed Jan 15 01:56:50 2014]  setteam:  0 SPECTATOR FREE
[Wed Jan 15 01:56:50 2014]  ClientBegin: 0
[Wed Jan 15 01:56:50 2014]  say: Matthew: ^5Maker^7Module ^3Client Plugin ^2v0.61a
[Wed Jan 15 02:00:23 2014]  ClientDisconnect: 0
[Wed Jan 15 02:43:46 2014]  ClientConnect: 0
[Wed Jan 15 02:43:46 2014]  mlog:Player Matthew, connected. With IP - 174.126.79.124:29070 
[Wed Jan 15 02:44:19 2014]  ClientBegin: 0
[Wed Jan 15 02:51:56 2014]  Kill: 0 0 39: Matthew killed Matthew by MOD_SUICIDE
[Wed Jan 15 02:51:56 2014]  setteam:  0 FREE SPECTATOR
[Wed Jan 15 02:51:56 2014]  ClientBegin: 0
[Wed Jan 15 02:52:09 2014]  setteam:  0 SPECTATOR FREE
[Wed Jan 15 02:52:09 2014]  ClientBegin: 0
[Wed Jan 15 02:52:10 2014]  say: Matthew: ^5Maker^7Module ^3Client Plugin ^2v0.61a
[Wed Jan 15 02:58:21 2014]  ClientConnect: 1
[Wed Jan 15 02:58:21 2014]  mlog:Player ^1T^2e^3r^4i^5n, connected. With IP - 174.107.83.102:29070 
[Wed Jan 15 02:58:38 2014]  ClientBegin: 1
[Wed Jan 15 03:00:03 2014]  Kill: 0 0 39: Matthew killed Matthew by MOD_SUICIDE
[Wed Jan 15 03:00:03 2014]  setteam:  0 FREE SPECTATOR
[Wed Jan 15 03:00:03 2014]  ClientBegin: 0
[Wed Jan 15 03:00:08 2014]  setteam:  0 SPECTATOR FREE
[Wed Jan 15 03:00:08 2014]  ClientBegin: 0
[Wed Jan 15 03:00:09 2014]  say: Matthew: ^5Maker^7Module ^3Client Plugin ^2v0.61a
[Wed Jan 15 03:00:30 2014]  Kill: 1 0 3: ^1T^2e^3r^4i^5n killed Matthew by MOD_SABER
[Wed Jan 15 03:01:51 2014]  Kill: 0 0 39: Matthew killed Matthew by MOD_SUICIDE
[Wed Jan 15 03:01:51 2014]  setteam:  0 FREE SPECTATOR
[Wed Jan 15 03:01:51 2014]  ClientBegin: 0
[Wed Jan 15 03:01:56 2014]  setteam:  0 SPECTATOR FREE
[Wed Jan 15 03:01:56 2014]  ClientBegin: 0
[Wed Jan 15 03:01:56 2014]  say: Matthew: ^5Maker^7Module ^3Client Plugin ^2v0.61a
[Wed Jan 15 03:02:21 2014]  Kill: 0 0 39: Matthew killed Matthew by MOD_SUICIDE
[Wed Jan 15 03:02:21 2014]  setteam:  0 FREE SPECTATOR
[Wed Jan 15 03:02:21 2014]  ClientBegin: 0
[Wed Jan 15 03:02:32 2014]  setteam:  0 SPECTATOR FREE
[Wed Jan 15 03:02:32 2014]  ClientBegin: 0
[Wed Jan 15 03:02:51 2014]  Kill: 1 1 39: ^1T^2e^3r^4i^5n killed ^1T^2e^3r^4i^5n by MOD_SUICIDE
[Wed Jan 15 03:02:51 2014]  setteam:  1 FREE SPECTATOR
[Wed Jan 15 03:02:51 2014]  ClientBegin: 1
[Wed Jan 15 03:03:04 2014]  setteam:  1 SPECTATOR FREE
[Wed Jan 15 03:03:04 2014]  ClientBegin: 1
[Wed Jan 15 03:03:07 2014]  Kill: 0 0 39: Matthew killed Matthew by MOD_SUICIDE
[Wed Jan 15 03:03:07 2014]  setteam:  0 FREE SPECTATOR
[Wed Jan 15 03:03:07 2014]  ClientBegin: 0
[Wed Jan 15 03:03:21 2014]  setteam:  0 SPECTATOR FREE
[Wed Jan 15 03:03:21 2014]  ClientBegin: 0
[Wed Jan 15 03:03:42 2014]  Kill: 0 0 39: Matthew killed Matthew by MOD_SUICIDE
[Wed Jan 15 03:03:42 2014]  setteam:  0 FREE SPECTATOR
[Wed Jan 15 03:03:42 2014]  ClientBegin: 0
[Wed Jan 15 03:03:49 2014]  setteam:  0 SPECTATOR FREE
[Wed Jan 15 03:03:49 2014]  ClientBegin: 0
[Wed Jan 15 03:04:16 2014]  ClientConnect: 2
[Wed Jan 15 03:04:16 2014]  mlog:Player Braddsterr, connected. With IP - 98.25.174.118:29070 
[Wed Jan 15 03:04:36 2014]  ClientBegin: 2
[Wed Jan 15 03:04:48 2014]  Kill: 1 2 3: ^1T^2e^3r^4i^5n killed Braddsterr by MOD_SABER
[Wed Jan 15 03:07:41 2014]  say: Braddsterr: /
[Wed Jan 15 03:09:10 2014]  say: Braddsterr: /no
[Wed Jan 15 03:09:14 2014]  say: Braddsterr: fuk.
[Wed Jan 15 03:09:19 2014]  say: ^1T^2e^3r^4i^5n: Hue
[Wed Jan 15 03:11:29 2014]  Kill: 1022 2 38: <world> killed Braddsterr by MOD_FALLING
[Wed Jan 15 03:15:41 2014]  Kill: 2 0 3: Braddsterr killed Matthew by MOD_SABER
[Wed Jan 15 03:15:44 2014]  Kill: 2 1 3: Braddsterr killed ^1T^2e^3r^4i^5n by MOD_SABER
[Wed Jan 15 03:15:50 2014]  say: ^1T^2e^3r^4i^5n: u wot
[Wed Jan 15 03:15:54 2014]  say: Braddsterr: ?
[Wed Jan 15 03:16:46 2014]  Kill: 2 0 3: Braddsterr killed Matthew by MOD_SABER
[Wed Jan 15 03:17:29 2014]  Kill: 2 1 3: Braddsterr killed ^1T^2e^3r^4i^5n by MOD_SABER
[Wed Jan 15 03:17:43 2014]  Kill: 2 0 3: Braddsterr killed Matthew by MOD_SABER
[Wed Jan 15 03:17:50 2014]  say: ^1T^2e^3r^4i^5n: nolcip
[Wed Jan 15 03:18:05 2014]  say: Braddsterr: how do you enter system to do / commands?
[Wed Jan 15 03:18:27 2014]  Kill: 1 2 3: ^1T^2e^3r^4i^5n killed Braddsterr by MOD_SABER
[Wed Jan 15 03:18:44 2014]  say: Braddsterr: noclip
[Wed Jan 15 03:19:01 2014]  say: Braddsterr: any system commands..how can i enter them?
[Wed Jan 15 03:19:08 2014]  say: Braddsterr: <-- returning player
[Wed Jan 15 03:19:16 2014]  say: ^1T^2e^3r^4i^5n: Shift + the console key
[Wed Jan 15 03:19:25 2014]  say: ^1T^2e^3r^4i^5n: Make sure to use /
[Wed Jan 15 03:19:27 2014]  say: Matthew: Tilde
[Wed Jan 15 03:19:36 2014]  say: Braddsterr: ty
[Wed Jan 15 03:23:17 2014]  say: Braddsterr: minfocheats
[Wed Jan 15 03:26:06 2014]  Kill: 1 1 39: ^1T^2e^3r^4i^5n killed ^1T^2e^3r^4i^5n by MOD_SUICIDE
[Wed Jan 15 03:26:31 2014]  Kill: 1022 1 2: <world> killed ^1T^2e^3r^4i^5n by MOD_MELEE
[Wed Jan 15 03:28:56 2014]  Kill: 1 0 3: ^1T^2e^3r^4i^5n killed Matthew by MOD_SABER
[Wed Jan 15 03:30:35 2014]  Kill: 2 1 31: Braddsterr killed ^1T^2e^3r^4i^5n by MOD_FORCE_DARK
[Wed Jan 15 03:30:40 2014]  say: ^1T^2e^3r^4i^5n: U wot
[Wed Jan 15 03:30:49 2014]  say: ^1T^2e^3r^4i^5n: You wanna go mate?
[Wed Jan 15 03:31:01 2014]  say: ^1T^2e^3r^4i^5n: Swear on me mum i'll bash ur fuckin head in
[Wed Jan 15 03:31:16 2014]  say: ^1T^2e^3r^4i^5n: .god
[Wed Jan 15 03:32:12 2014]  say: ^1T^2e^3r^4i^5n: nolcip
[Wed Jan 15 03:32:27 2014]  Kill: 0 0 39: Matthew killed Matthew by MOD_SUICIDE
[Wed Jan 15 03:32:27 2014]  setteam:  0 FREE SPECTATOR
[Wed Jan 15 03:32:27 2014]  ClientBegin: 0
[Wed Jan 15 03:32:34 2014]  setteam:  0 SPECTATOR FREE
[Wed Jan 15 03:32:34 2014]  ClientBegin: 0
[Wed Jan 15 03:32:35 2014]  say: Matthew: ^5Maker^7Module ^3Client Plugin ^2v0.61a
[Wed Jan 15 03:33:01 2014]  Kill: 0 0 39: Matthew killed Matthew by MOD_SUICIDE
[Wed Jan 15 03:33:03 2014]  Kill: 1022 1 2: <world> killed ^1T^2e^3r^4i^5n by MOD_MELEE
[Wed Jan 15 03:33:22 2014]  say: Braddsterr: mempower
[Wed Jan 15 03:34:19 2014]  Kill: 0 0 39: Matthew killed Matthew by MOD_SUICIDE
[Wed Jan 15 03:34:19 2014]  setteam:  0 FREE SPECTATOR
[Wed Jan 15 03:34:19 2014]  ClientBegin: 0
[Wed Jan 15 03:34:26 2014]  setteam:  0 SPECTATOR FREE
[Wed Jan 15 03:34:26 2014]  ClientBegin: 0
[Wed Jan 15 03:36:28 2014]  ClientDisconnect: 2
[Wed Jan 15 03:38:35 2014]  Kill: 1 0 3: ^1T^2e^3r^4i^5n killed Matthew by MOD_SABER
[Wed Jan 15 03:39:05 2014]  say: Matthew: .god
[Wed Jan 15 03:48:32 2014]  ClientDisconnect: 0
[Wed Jan 15 03:48:38 2014]  ClientDisconnect: 1
[Wed Jan 15 03:50:01 2014]  Exit: Timelimit hit.
[Wed Jan 15 06:29:27 2014]  ClientConnect: 0
[Wed Jan 15 06:29:27 2014]  mlog:Player SkyWalker, connected. With IP - 176.112.226.215:29070 
[Wed Jan 15 06:30:06 2014]  ClientBegin: 0
[Wed Jan 15 06:30:10 2014]  ShutdownGame:
[Wed Jan 15 06:30:10 2014]  ------------------------------------------------------------
[Wed Jan 15 06:30:11 2014]  ------------------------------------------------------------
[Wed Jan 15 06:30:11 2014]  InitGame: \g_siegeTeam2\none\g_siegeTeam1\none\g_jediVmerc\0\g_maxGameClients\0\g_noSpecMove\0\g_debugMelee\1\g_siegeRespawn\20\g_siegeTeamSwitch\1\g_forceRegenTime\0\g_forcePowerDisable\0\g_weaponDisable\0\g_allowNPC\1\bot_minplayers\0\sv_allowDownload\1\sv_floodProtect\0\sv_maxPing\0\sv_minPing\0\sv_maxRate\5000\sv_maxclients\32\sv_hostname\^3Darkquake's Makermod Server\g_duelWeaponDisable\65531\g_forceBasedTeams\0\duel_fraglimit\10\g_maxForceRank\7\g_saberLocking\1\g_privateDuel\1\capturelimit\0\timelimit\120\fraglimit\0\dmflags\0\version\(internal)JAmp: v1.0.1.0 win-x86 Oct 30 2003\g_maxHolocronCarry\3\g_gametype\0\g_needpass\0\protocol\26\mapname\t2_trip\sv_privateClients\0\g_stepSlideFix\1\gamename\MakerMod\g_saberWallDamageScale\0.4\bg_fighterAltControl\0\g_showDuelHealths\0
[Wed Jan 15 06:30:12 2014]  ClientConnect: 0
[Wed Jan 15 06:30:35 2014]  ClientBegin: 0
[Wed Jan 15 06:32:54 2014]  ClientDisconnect: 0
[Wed Jan 15 07:28:41 2014]  ClientConnect: 0
[Wed Jan 15 07:28:41 2014]  mlog:Player SkyWalker, connected. With IP - 176.112.226.215:29070 
[Wed Jan 15 07:32:12 2014]  ClientDisconnect: 0
[Wed Jan 15 08:30:09 2014]  Exit: Timelimit hit.
[Wed Jan 15 15:00:21 2014]  ClientConnect: 0
[Wed Jan 15 15:00:21 2014]  mlog:Player kizutz, connected. With IP - 85.70.172.139:29070 
[Wed Jan 15 15:00:28 2014]  ClientConnect: 1
[Wed Jan 15 15:00:28 2014]  mlog:Player Padawan, connected. With IP - 78.80.100.24:11532 
[Wed Jan 15 15:00:52 2014]  ClientBegin: 0
[Wed Jan 15 15:00:56 2014]  ShutdownGame:
[Wed Jan 15 15:00:56 2014]  ------------------------------------------------------------
[Wed Jan 15 15:00:57 2014]  ------------------------------------------------------------
[Wed Jan 15 15:00:57 2014]  InitGame: \g_siegeTeam2\none\g_siegeTeam1\none\g_jediVmerc\0\g_maxGameClients\0\g_noSpecMove\0\g_debugMelee\1\g_siegeRespawn\20\g_siegeTeamSwitch\1\g_forceRegenTime\0\g_forcePowerDisable\0\g_weaponDisable\0\g_allowNPC\1\bot_minplayers\0\sv_allowDownload\1\sv_floodProtect\0\sv_maxPing\0\sv_minPing\0\sv_maxRate\5000\sv_maxclients\32\sv_hostname\^3Darkquake's Makermod Server\g_duelWeaponDisable\65531\g_forceBasedTeams\0\duel_fraglimit\10\g_maxForceRank\7\g_saberLocking\1\g_privateDuel\1\capturelimit\0\timelimit\120\fraglimit\0\dmflags\0\version\(internal)JAmp: v1.0.1.0 win-x86 Oct 30 2003\g_maxHolocronCarry\3\g_gametype\0\g_needpass\0\protocol\26\mapname\mp/siege_desert\sv_privateClients\0\g_stepSlideFix\1\gamename\MakerMod\g_saberWallDamageScale\0.4\bg_fighterAltControl\0\g_showDuelHealths\0
[Wed Jan 15 15:00:58 2014]  ClientConnect: 0
[Wed Jan 15 15:00:58 2014]  ClientConnect: 1
[Wed Jan 15 15:01:14 2014]  say: kizi: wowowwoowowowowowowo
[Wed Jan 15 15:01:14 2014]  ClientBegin: 0
[Wed Jan 15 15:01:56 2014]  ClientBegin: 1
[Wed Jan 15 15:02:06 2014]  print "^0Lucas^7 @@@PLRENAME hunti
"[Wed Jan 15 15:02:11 2014]  say: hunti: lol prej ashole
[Wed Jan 15 15:02:20 2014]  say: kizi: co je ashole?
[Wed Jan 15 15:02:26 2014]  say: hunti: neco jako kokote
[Wed Jan 15 15:02:37 2014]  say: hunti: pojd do areny
[Wed Jan 15 15:03:08 2014]  say: hunti: hai
[Wed Jan 15 15:03:19 2014]  say: hunti: pojd
[Wed Jan 15 15:03:25 2014]  say: hunti: lol
[Wed Jan 15 15:03:34 2014]  say: hunti: kam si sel
[Wed Jan 15 15:03:36 2014]  Kill: 1022 0 38: <world> killed kizi by MOD_FALLING
[Wed Jan 15 15:03:38 2014]  say: kizi: do aren
[Wed Jan 15 15:03:43 2014]  say: hunti: pojd zpet
[Wed Jan 15 15:04:11 2014]  say: hunti: pojd na ragnosuv trun
[Wed Jan 15 15:04:23 2014]  say: kizi: kam ze?
[Wed Jan 15 15:04:27 2014]  say: hunti: ragnosovo kreslo
[Wed Jan 15 15:04:30 2014]  say: hunti: tam jak si byl
[Wed Jan 15 15:04:43 2014]  say: kizi: sem tu
[Wed Jan 15 15:04:54 2014]  say: hunti: pojd
[Wed Jan 15 15:05:01 2014]  Kill: 0 1 3: kizi killed hunti by MOD_SABER
[Wed Jan 15 15:05:03 2014]  say: kizi: lol
[Wed Jan 15 15:05:04 2014]  say: hunti: lol
[Wed Jan 15 15:05:06 2014]  say: hunti: proc
[Wed Jan 15 15:05:12 2014]  say: kizi: promin :D
[Wed Jan 15 15:05:14 2014]  say: hunti: :(
[Wed Jan 15 15:05:20 2014]  say: hunti: ti chci ukazat domecek
[Wed Jan 15 15:05:22 2014]  say: kizi: prosimte
[Wed Jan 15 15:05:37 2014]  say: kizi: neber vsechno tak vaznw
[Wed Jan 15 15:05:42 2014]  say: hunti: neberu
[Wed Jan 15 15:05:52 2014]  say: hunti: ale kazdej mi na to hned naleti ze to beru vazne
[Wed Jan 15 15:06:08 2014]  say: kizi: neber si zbrane
[Wed Jan 15 15:06:15 2014]  say: hunti: pro otevreni
[Wed Jan 15 15:06:28 2014]  say: kizi: 3
[Wed Jan 15 15:06:33 2014]  say: kizi: tak ne
[Wed Jan 15 15:06:35 2014]  say: hunti: xd
[Wed Jan 15 15:06:37 2014]  say: hunti: sem
[Wed Jan 15 15:06:43 2014]  say: hunti: ted bude mensi lag
[Wed Jan 15 15:06:50 2014]  say: hunti: tak raci nemej noclip
[Wed Jan 15 15:07:14 2014]  say: kizi: lol
[Wed Jan 15 15:07:17 2014]  say: kizi: a prej mensi
[Wed Jan 15 15:07:31 2014]  say: hunti: :P
[Wed Jan 15 15:07:41 2014]  say: kizi: co to je
[Wed Jan 15 15:07:45 2014]  say: hunti: kitchen
[Wed Jan 15 15:07:47 2014]  say: hunti: pokoj
[Wed Jan 15 15:07:51 2014]  say: hunti: a tady spim
[Wed Jan 15 15:08:09 2014]  Kill: 1 0 27: hunti killed kizi by MOD_DET_PACK_SPLASH
[Wed Jan 15 15:08:13 2014]  say: hunti: lol sry
[Wed Jan 15 15:08:17 2014]  say: hunti: ja myslel ze mas god
[Wed Jan 15 15:08:37 2014]  say: hunti: asi sem dam nakou sochu abys poznal kde bydlime
[Wed Jan 15 15:08:49 2014]  say: hunti: eh?
[Wed Jan 15 15:08:54 2014]  say: hunti: a kudy budu chodit ven lol
[Wed Jan 15 15:08:56 2014]  say: kizi: dvere?
[Wed Jan 15 15:09:23 2014]  say: kizi: jak se toho zbavim?
[Wed Jan 15 15:09:27 2014]  say: hunti: /mremove
[Wed Jan 15 15:09:39 2014]  say: kizi: lol prej nejde
[Wed Jan 15 15:09:44 2014]  say: hunti: ?
[Wed Jan 15 15:09:46 2014]  say: hunti: /mremove
[Wed Jan 15 15:09:54 2014]  say: kizi: nejde
[Wed Jan 15 15:09:55 2014]  say: hunti: lol
[Wed Jan 15 15:09:56 2014]  say: kizi: lol
[Wed Jan 15 15:10:06 2014]  say: hunti: ._.
[Wed Jan 15 15:10:07 2014]  say: hunti: tak ck
[Wed Jan 15 15:10:22 2014]  say: kizi: jak si tohle vsechno udelal?
[Wed Jan 15 15:10:26 2014]  say: hunti: normalne
[Wed Jan 15 15:10:37 2014]  say: kizi: jak
[Wed Jan 15 15:11:26 2014]  ClientConnect: 2
[Wed Jan 15 15:11:26 2014]  mlog:Player Padawan, connected. With IP - 213.251.210.11:-14455 
[Wed Jan 15 15:11:49 2014]  ClientBegin: 2
[Wed Jan 15 15:11:54 2014]  Kill: 2 2 39: ^4S^0H^4E^0T killed ^4S^0H^4E^0T by MOD_SUICIDE
[Wed Jan 15 15:11:54 2014]  setteam:  2 FREE SPECTATOR
[Wed Jan 15 15:11:54 2014]  ClientBegin: 2
[Wed Jan 15 15:13:05 2014]  setteam:  2 SPECTATOR FREE
[Wed Jan 15 15:13:05 2014]  ClientBegin: 2
[Wed Jan 15 15:14:07 2014]  Kill: 2 0 6: ^4S^0H^4E^0T killed kizi by MOD_BLASTER
[Wed Jan 15 15:14:12 2014]  say: hunti: lol co ti je
[Wed Jan 15 15:14:23 2014]  say: kizi: komu
[Wed Jan 15 15:14:28 2014]  say: hunti: jemu
[Wed Jan 15 15:14:35 2014]  say: kizi: a kdo to jew
[Wed Jan 15 15:14:42 2014]  say: hunti: nevim asi naka sracka
[Wed Jan 15 15:14:55 2014]  say: hunti: dej si noclipa
[Wed Jan 15 15:15:27 2014]  say: hunti: aha
[Wed Jan 15 15:15:30 2014]  say: kizi: ?
[Wed Jan 15 15:15:33 2014]  say: hunti: du recon
[Wed Jan 15 15:15:38 2014]  say: hunti: budu back
[Wed Jan 15 15:15:40 2014]  ClientDisconnect: 1
[Wed Jan 15 15:15:40 2014]  ClientDisconnect: 1
[Wed Jan 15 15:15:40 2014]  ClientConnect: 1
[Wed Jan 15 15:15:40 2014]  mlog:Player hunti, connected. With IP - 78.80.100.24:11532 
[Wed Jan 15 15:15:42 2014]  Item: 0 weapon_blaster
[Wed Jan 15 15:15:48 2014]  say: ^4S^0H^4E^0T: re
[Wed Jan 15 15:15:52 2014]  ClientBegin: 1
[Wed Jan 15 15:16:06 2014]  ClientDisconnect: 2
[Wed Jan 15 15:16:12 2014]  say: hunti: lol
[Wed Jan 15 15:16:14 2014]  say: hunti: :D
[Wed Jan 15 15:16:26 2014]  say: hunti: eh?
[Wed Jan 15 15:16:30 2014]  say: hunti: bacha bude lag
[Wed Jan 15 15:16:32 2014]  say: hunti: ready?
[Wed Jan 15 15:16:59 2014]  Kill: 0 0 39: kizi killed kizi by MOD_SUICIDE
[Wed Jan 15 15:17:12 2014]  say: hunti: lag bude
[Wed Jan 15 15:17:24 2014]  say: hunti: lol ani ne
[Wed Jan 15 15:17:26 2014]  say: hunti: bo sem dal recon
[Wed Jan 15 15:17:28 2014]  say: hunti: xd
[Wed Jan 15 15:17:34 2014]  say: hunti: ok
[Wed Jan 15 15:17:35 2014]  say: kizi: dopici
[Wed Jan 15 15:17:38 2014]  say: kizi: zase nejde remove
[Wed Jan 15 15:17:39 2014]  say: hunti: /mremove
[Wed Jan 15 15:17:44 2014]  say: hunti: /mremove
[Wed Jan 15 15:17:47 2014]  say: hunti: dej tam aji to m
[Wed Jan 15 15:17:55 2014]  say: hunti: musis tam dat aji m
[Wed Jan 15 15:17:57 2014]  say: kizi: /mremove
[Wed Jan 15 15:18:00 2014]  say: hunti: lol
[Wed Jan 15 15:18:11 2014]  say: hunti: tak to bude svetlo
[Wed Jan 15 15:18:18 2014]  say: hunti: /mgrab skus
[Wed Jan 15 15:18:37 2014]  say: kizi: nejde
[Wed Jan 15 15:18:41 2014]  say: hunti: /recon
[Wed Jan 15 15:18:46 2014]  ClientDisconnect: 0
[Wed Jan 15 15:18:46 2014]  ClientDisconnect: 0
[Wed Jan 15 15:18:46 2014]  ClientConnect: 0
[Wed Jan 15 15:18:46 2014]  mlog:Player kizi, connected. With IP - 85.70.172.139:29070 
[Wed Jan 15 15:18:57 2014]  ClientBegin: 0
[Wed Jan 15 15:19:03 2014]  say: hunti: pojd do domecku
[Wed Jan 15 15:19:14 2014]  say: hunti: spawni
[Wed Jan 15 15:19:15 2014]  say: kizi: jak se dela okno
[Wed Jan 15 15:19:19 2014]  say: hunti: spawni to 
[Wed Jan 15 15:19:21 2014]  say: hunti: a 
[Wed Jan 15 15:19:23 2014]  say: hunti: removni to
[Wed Jan 15 15:19:28 2014]  say: hunti: skus
[Wed Jan 15 15:19:29 2014]  say: hunti: dat remove
[Wed Jan 15 15:19:31 2014]  say: hunti: skus to
[Wed Jan 15 15:19:39 2014]  say: hunti: musim se ujistit jestli ti to de
[Wed Jan 15 15:19:47 2014]  say: hunti: je to ok
[Wed Jan 15 15:19:56 2014]  say: hunti: spawni neco
[Wed Jan 15 15:20:16 2014]  say: hunti: spawni
[Wed Jan 15 15:20:21 2014]  say: hunti: a smaz
[Wed Jan 15 15:20:29 2014]  say: hunti: nakou kravinu spawni
[Wed Jan 15 15:20:32 2014]  say: hunti: /mremove
[Wed Jan 15 15:20:42 2014]  say: hunti: /mremove
[Wed Jan 15 15:21:04 2014]  say: hunti: removni to
[Wed Jan 15 15:21:05 2014]  say: hunti: omg
[Wed Jan 15 15:21:10 2014]  say: hunti: to je shit
[Wed Jan 15 15:21:16 2014]  say: hunti: /mremove 
[Wed Jan 15 15:21:22 2014]  say: hunti: JO DE TO
[Wed Jan 15 15:21:45 2014]  say: hunti: kdyz ses pripojoval tak se ti nacitali dve mapy a ani ses nepripojil do hry ze jo?
[Wed Jan 15 15:22:01 2014]  say: hunti: ehm
[Wed Jan 15 15:22:08 2014]  say: hunti: nechces pomoct?
[Wed Jan 15 15:22:21 2014]  say: kizi: ani ne
[Wed Jan 15 15:22:26 2014]  say: hunti: budes tu mit malo mista
[Wed Jan 15 15:22:34 2014]  say: hunti: koukej
[Wed Jan 15 15:22:48 2014]  say: hunti: lol
[Wed Jan 15 15:23:12 2014]  say: hunti: ted dej
[Wed Jan 15 15:23:17 2014]  ClientDisconnect: 0
[Wed Jan 15 15:23:17 2014]  ClientDisconnect: 0
[Wed Jan 15 15:23:17 2014]  ClientConnect: 0
[Wed Jan 15 15:23:17 2014]  mlog:Player kizi, connected. With IP - 85.70.172.139:29070 
[Wed Jan 15 15:23:27 2014]  ClientBegin: 0
[Wed Jan 15 15:23:44 2014]  say: kizi: jak se delaji okna
[Wed Jan 15 15:23:49 2014]  say: hunti: sak todle sou okna
[Wed Jan 15 15:23:55 2014]  say: hunti: to byli okna
[Wed Jan 15 15:23:56 2014]  say: kizi: mensi
[Wed Jan 15 15:24:01 2014]  say: hunti: nevim
[Wed Jan 15 15:24:04 2014]  say: hunti: si to najdi
[Wed Jan 15 15:24:06 2014]  say: hunti: /mlist
[Wed Jan 15 15:26:16 2014]  say: kizi: lol
[Wed Jan 15 15:28:09 2014]  say: hunti: lol
[Wed Jan 15 15:30:36 2014]  say: kizi: jak se delaj tyhle dvere
[Wed Jan 15 15:30:39 2014]  say: hunti: ?
[Wed Jan 15 15:30:52 2014]  say: hunti: /mplace wedge/w_door
[Wed Jan 15 15:31:02 2014]  say: hunti: hned sem zpet
[Wed Jan 15 15:31:05 2014]  say: hunti: nekdo mi pise na skypu
[Wed Jan 15 15:31:06 2014]  ClientDisconnect: 1
[Wed Jan 15 15:31:26 2014]  Kill: 0 0 39: kizi killed kizi by MOD_SUICIDE
[Wed Jan 15 15:35:09 2014]  ClientConnect: 1
[Wed Jan 15 15:35:09 2014]  mlog:Player Padawan, connected. With IP - 78.80.100.24:14544 
[Wed Jan 15 15:35:59 2014]  ClientBegin: 1
[Wed Jan 15 15:36:05 2014]  say: hunti: ta sracka!
[Wed Jan 15 15:36:09 2014]  say: kizi: ?
[Wed Jan 15 15:36:13 2014]  say: hunti: bunny snipah
[Wed Jan 15 15:36:17 2014]  say: hunti: ten zmrd me zradil
[Wed Jan 15 15:36:23 2014]  say: kizi: japato?
[Wed Jan 15 15:36:24 2014]  say: hunti: si me odstranil
[Wed Jan 15 15:36:30 2014]  say: hunti: a jeste rekl vladovi ze ho urazim
[Wed Jan 15 15:36:30 2014]  say: hunti: lol
[Wed Jan 15 15:36:38 2014]  say: hunti: takova lama
[Wed Jan 15 15:37:04 2014]  say: hunti: lol
[Wed Jan 15 15:37:06 2014]  say: hunti: teprve?
[Wed Jan 15 15:37:10 2014]  say: kizi: ?
[Wed Jan 15 15:37:15 2014]  say: hunti: jen tohle?
[Wed Jan 15 15:37:21 2014]  say: kizi: sem zkousel
[Wed Jan 15 15:37:59 2014]  say: hunti: tady ne?
[Wed Jan 15 15:38:00 2014]  say: hunti: dole?
[Wed Jan 15 15:38:09 2014]  say: hunti: dolu ti to dam ok?
[Wed Jan 15 15:38:26 2014]  say: hunti: chces ten satnik dole nebo nahore
[Wed Jan 15 15:38:46 2014]  say: hunti: hej
[Wed Jan 15 15:38:50 2014]  say: kizi: ?
[Wed Jan 15 15:38:53 2014]  say: hunti: tak co
[Wed Jan 15 15:38:56 2014]  say: kizi: co co
[Wed Jan 15 15:38:59 2014]  say: hunti: lol
[Wed Jan 15 15:39:02 2014]  say: hunti: nahore nebo dole
[Wed Jan 15 15:39:08 2014]  say: kizi: no nvm
[Wed Jan 15 15:39:13 2014]  say: kizi: sem dolu ne
[Wed Jan 15 15:39:20 2014]  say: kizi: sem treba do rohu
[Wed Jan 15 15:39:24 2014]  say: hunti: ok
[Wed Jan 15 15:39:43 2014]  say: hunti: chces postel?
[Wed Jan 15 15:39:48 2014]  say: kizi: j
[Wed Jan 15 15:39:50 2014]  say: hunti: ok
[Wed Jan 15 15:40:08 2014]  say: hunti: kam
[Wed Jan 15 15:40:21 2014]  say: hunti: kam ji chces
[Wed Jan 15 15:40:34 2014]  say: kizi: sem dolu
[Wed Jan 15 15:40:44 2014]  say: kizi: mam jidlo
[Wed Jan 15 15:40:51 2014]  say: hunti: lol kde
[Wed Jan 15 15:44:33 2014]  say: kizi: tak sem tu
[Wed Jan 15 15:44:38 2014]  say: kizi: lol
[Wed Jan 15 15:44:41 2014]  say: kizi: 3 postele
[Wed Jan 15 15:44:51 2014]  say: hunti: dohromady to je jedna
[Wed Jan 15 15:44:58 2014]  say: hunti: eh
[Wed Jan 15 15:45:01 2014]  say: hunti: musim to trochu zakrit
[Wed Jan 15 15:46:03 2014]  say: kizi: lol
[Wed Jan 15 15:46:10 2014]  say: hunti: ?
[Wed Jan 15 15:46:19 2014]  say: kizi: pojd
[Wed Jan 15 15:46:21 2014]  say: hunti: ck
[Wed Jan 15 15:46:26 2014]  say: hunti: delam ti postilku
[Wed Jan 15 15:46:37 2014]  say: hunti: wt
[Wed Jan 15 15:46:41 2014]  say: hunti: lol
[Wed Jan 15 15:49:34 2014]  say: kizi: sit down please
[Wed Jan 15 15:49:51 2014]  say: hunti: umm
[Wed Jan 15 15:49:57 2014]  say: hunti: small movie ..
[Wed Jan 15 15:51:01 2014]  say: hunti: lol
[Wed Jan 15 15:51:28 2014]  say: hunti: /msleep
[Wed Jan 15 15:51:34 2014]  say: kizi: viiiiiiiiiiiiiiiiiiiiiiiiiiiiiiiiiiiiiiiiiiiiiiiiim
[Wed Jan 15 15:51:46 2014]  say: hunti: lol
[Wed Jan 15 15:52:01 2014]  say: kizi: hezka striska co
[Wed Jan 15 15:52:07 2014]  say: hunti: jj
[Wed Jan 15 15:52:15 2014]  say: kizi: mam ti ji tam dat taky :D?
[Wed Jan 15 15:52:20 2014]  say: hunti: ne diky :D
[Wed Jan 15 15:52:24 2014]  say: kizi: pojd sem
[Wed Jan 15 15:52:33 2014]  say: hunti: NUU
[Wed Jan 15 15:52:41 2014]  say: hunti: JOYNEBO JO
[Wed Jan 15 15:52:53 2014]  say: kizi: tam?
[Wed Jan 15 15:52:58 2014]  say: hunti: E
[Wed Jan 15 15:52:59 2014]  say: hunti: YES
[Wed Jan 15 15:53:04 2014]  say: hunti: HELLO THERE
[Wed Jan 15 15:53:08 2014]  say: hunti: HELLO
[Wed Jan 15 15:53:12 2014]  say: kizi: tak?
[Wed Jan 15 15:53:13 2014]  say: hunti: IM FRIEND OF JAWA
[Wed Jan 15 15:53:15 2014]  say: hunti: J
[Wed Jan 15 15:53:22 2014]  say: kizi: sem?
[Wed Jan 15 15:53:24 2014]  say: hunti: J
[Wed Jan 15 15:53:31 2014]  say: hunti: /MGRAB
[Wed Jan 15 15:53:33 2014]  say: hunti: TROCHU VIS
[Wed Jan 15 15:53:35 2014]  say: hunti: TO DEJ
[Wed Jan 15 15:53:38 2014]  say: hunti: /mgrab
[Wed Jan 15 15:53:53 2014]  say: hunti: lol
[Wed Jan 15 15:53:54 2014]  say: hunti: ok
[Wed Jan 15 15:54:19 2014]  say: kizi: tak
[Wed Jan 15 15:54:23 2014]  say: kizi: ?
[Wed Jan 15 15:54:26 2014]  say: hunti: jo
[Wed Jan 15 15:54:44 2014]  say: hunti: /msaveobs name heslo
[Wed Jan 15 15:54:55 2014]  say: hunti: done?
[Wed Jan 15 15:55:12 2014]  say: hunti: ulozil si to?
[Wed Jan 15 15:55:21 2014]  say: hunti: lol 
[Wed Jan 15 15:55:29 2014]  say: kizi: ?
[Wed Jan 15 15:55:34 2014]  say: hunti: /msaveobs name password
[Wed Jan 15 15:55:38 2014]  say: kizi: mam to tam dat?
[Wed Jan 15 15:55:41 2014]  say: hunti: hi
[Wed Jan 15 15:55:42 2014]  say: hunti: jo
[Wed Jan 15 15:55:44 2014]  say: hunti: ale savni to
[Wed Jan 15 15:55:49 2014]  say: hunti: /msaveobs name password
[Wed Jan 15 15:55:56 2014]  say: hunti: sem si to taky ulozil
[Wed Jan 15 15:56:27 2014]  say: hunti: ulozeno?
[Wed Jan 15 15:56:45 2014]  say: kizi: jo
[Wed Jan 15 15:56:47 2014]  say: hunti: ok
[Wed Jan 15 15:56:51 2014]  say: kizi: obj 16 saved
[Wed Jan 15 15:56:57 2014]  say: hunti: good
[Wed Jan 15 15:57:25 2014]  say: kizi: ne
[Wed Jan 15 15:58:21 2014]  say: hunti: to jak stim udelat nake efekty sem zapomel D:
[Wed Jan 15 15:58:29 2014]  say: hunti: bo sem hral furt ten blbej swtor XD
[Wed Jan 15 15:58:58 2014]  say: hunti: tak
[Wed Jan 15 15:59:05 2014]  say: hunti: jdem to vyfotit xd?
[Wed Jan 15 15:59:10 2014]  say: kizi: ceej
[Wed Jan 15 15:59:13 2014]  say: hunti: ok
[Wed Jan 15 15:59:54 2014]  say: kizi: chces rum?
[Wed Jan 15 15:59:58 2014]  say: hunti: jo
[Wed Jan 15 16:00:11 2014]  say: kizi: nevidim na to
[Wed Jan 15 16:00:17 2014]  say: hunti: trochu vis
[Wed Jan 15 16:00:20 2014]  say: hunti: ok
[Wed Jan 15 16:00:43 2014]  say: hunti: :D
[Wed Jan 15 16:00:58 2014]  say: kizi: knihu
[Wed Jan 15 16:01:01 2014]  say: hunti: ja mam
[Wed Jan 15 16:01:02 2014]  say: hunti: lol
[Wed Jan 15 16:01:07 2014]  say: hunti: ju nevidis?
[Wed Jan 15 16:02:48 2014]  say: hunti: ja uz kafe mam
[Wed Jan 15 16:04:25 2014]  say: kizi: lol
[Wed Jan 15 16:04:26 2014]  say: kizi: poj sem
[Wed Jan 15 16:04:35 2014]  say: hunti: lol
[Wed Jan 15 16:04:38 2014]  say: hunti: XD
[Wed Jan 15 16:04:45 2014]  say: hunti: certik bertik
[Wed Jan 15 16:04:53 2014]  say: hunti: JESTE SEM
[Wed Jan 15 16:05:08 2014]  say: hunti: LOL
[Wed Jan 15 16:05:10 2014]  say: kizi: jak to obratim?
[Wed Jan 15 16:05:18 2014]  say: hunti: /MREMOVE
[Wed Jan 15 16:05:18 2014]  say: hunti: SAKRA
[Wed Jan 15 16:05:22 2014]  say: hunti: A DEJ MI CMD
[Wed Jan 15 16:05:23 2014]  say: hunti: JA TO OBRATIM
[Wed Jan 15 16:05:36 2014]  say: kizi: mplace quicktrip/rib_single_new
[Wed Jan 15 16:06:05 2014]  say: kizi: jak se to obraci?
[Wed Jan 15 16:06:15 2014]  say: hunti: TO NEVIM
[Wed Jan 15 16:06:15 2014]  say: kizi: niz trochu
[Wed Jan 15 16:06:29 2014]  say: hunti: TKA?
[Wed Jan 15 16:06:30 2014]  say: hunti: TAK?
[Wed Jan 15 16:06:36 2014]  say: kizi: niz
[Wed Jan 15 16:06:42 2014]  say: kizi: trosicku
[Wed Jan 15 16:06:48 2014]  say: kizi: dopredu jdi
[Wed Jan 15 16:06:48 2014]  say: hunti: TED?
[Wed Jan 15 16:07:00 2014]  say: kizi: ne
[Wed Jan 15 16:07:02 2014]  say: kizi: nechod
[Wed Jan 15 16:07:11 2014]  say: kizi: jeste malinko
[Wed Jan 15 16:07:16 2014]  say: kizi: kosiliiliilili nek
[Wed Jan 15 16:07:16 2014]  say: hunti: TAK?
[Wed Jan 15 16:07:21 2014]  say: hunti: A KAM
[Wed Jan 15 16:07:23 2014]  say: kizi: nizoucko trosku
[Wed Jan 15 16:07:28 2014]  say: kizi: tak
[Wed Jan 15 16:07:38 2014]  say: hunti: XD
[Wed Jan 15 16:07:41 2014]  say: hunti: A TODLE JE NOS
[Wed Jan 15 16:07:55 2014]  say: hunti: CEKEJ VYFOTIM NAS
[Wed Jan 15 16:08:27 2014]  say: hunti: POJD
[Wed Jan 15 16:08:36 2014]  Item: 1 weapon_bryar_pistol
[Wed Jan 15 16:08:36 2014]  Item: 0 weapon_concussion_rifle
[Wed Jan 15 16:09:21 2014]  say: hunti: POJD
[Wed Jan 15 16:09:56 2014]  say: hunti: takhle
[Wed Jan 15 16:09:57 2014]  say: hunti: vem si noclipa
[Wed Jan 15 16:10:15 2014]  say: hunti: pojd sem
[Wed Jan 15 16:10:19 2014]  say: hunti: ke me
[Wed Jan 15 16:10:21 2014]  say: hunti: s noclipem
[Wed Jan 15 16:10:29 2014]  say: hunti: /mhips
[Wed Jan 15 16:10:36 2014]  say: hunti: dej mhips
[Wed Jan 15 16:10:38 2014]  say: hunti: bez noclipu
[Wed Jan 15 16:10:40 2014]  say: hunti: a pak noclip
[Wed Jan 15 16:10:42 2014]  say: kizi: /mhips
[Wed Jan 15 16:11:00 2014]  say: hunti: ok
[Wed Jan 15 16:11:01 2014]  say: hunti: xd
[Wed Jan 15 16:11:14 2014]  say: hunti: ted tbee
[Wed Jan 15 16:11:15 2014]  say: hunti: jenom
[Wed Jan 15 16:11:43 2014]  say: hunti: velmi dobree
[Wed Jan 15 16:12:11 2014]  Kill: 0 0 39: kizi killed kizi by MOD_SUICIDE
[Wed Jan 15 16:12:26 2014]  Kill: 0 0 39: kizi killed kizi by MOD_SUICIDE
[Wed Jan 15 16:13:12 2014]  say: hunti: lol
[Wed Jan 15 16:13:42 2014]  say: hunti: lol
[Wed Jan 15 16:14:44 2014]  Kill: 1 0 25: hunti killed kizi by MOD_TRIP_MINE_SPLASH
[Wed Jan 15 16:14:48 2014]  say: hunti: LOL SRY
[Wed Jan 15 16:15:26 2014]  say: kizi: lol
[Wed Jan 15 16:15:29 2014]  say: kizi: nemuzu spawnout npc
[Wed Jan 15 16:15:39 2014]  say: hunti: NA TOMHLE MISTE NE
[Wed Jan 15 16:16:09 2014]  say: hunti: lol kam ten trooper strili
[Wed Jan 15 16:18:18 2014]  say: hunti: xd
[Wed Jan 15 16:19:28 2014]  say: hunti: xd
[Wed Jan 15 16:19:31 2014]  say: hunti: dem story?
[Wed Jan 15 16:19:37 2014]  say: kizi: ??
[Wed Jan 15 16:19:44 2014]  say: hunti: jako muvi
[Wed Jan 15 16:19:51 2014]  say: kizi: ???
[Wed Jan 15 16:19:54 2014]  say: hunti: story pribeh
[Wed Jan 15 16:20:05 2014]  say: hunti: lol
[Wed Jan 15 16:20:09 2014]  say: kizi: tady mas zviratko
[Wed Jan 15 16:20:49 2014]  say: kizi: lol jaktoze ze nemuzu jich spawnout vic?
[Wed Jan 15 16:20:58 2014]  Item: 0 weapon_blaster
[Wed Jan 15 16:21:05 2014]  say: hunti: co ze
[Wed Jan 15 16:21:16 2014]  Item: 1 ammo_all
[Wed Jan 15 16:21:21 2014]  say: kizi: nemuzu spawnout vic jak 2 troopry
[Wed Jan 15 16:21:26 2014]  say: hunti: kdo ze
[Wed Jan 15 16:21:41 2014]  say: kizi: jak si dam force?
[Wed Jan 15 16:21:48 2014]  say: hunti: jak ze
[Wed Jan 15 16:21:52 2014]  say: kizi: co
[Wed Jan 15 16:21:55 2014]  say: hunti: co ze
[Wed Jan 15 16:21:57 2014]  say: hunti: /mempower
[Wed Jan 15 16:21:58 2014]  say: kizi: lol
[Wed Jan 15 16:22:12 2014]  say: hunti: a kdyby si jich spawnoval vic server crashne
[Wed Jan 15 16:22:44 2014]  Item: 0 weapon_blaster
[Wed Jan 15 16:22:46 2014]  say: hunti: lol oni tanci :D
[Wed Jan 15 16:23:14 2014]  say: hunti: lol
[Wed Jan 15 16:27:15 2014]  say: hunti: cekej
[Wed Jan 15 16:27:23 2014]  say: hunti: ne
[Wed Jan 15 16:27:23 2014]  say: hunti: omg
[Wed Jan 15 16:27:38 2014]  say: kizi: ty mrtvoly
[Wed Jan 15 16:27:41 2014]  say: kizi: lol
[Wed Jan 15 16:27:46 2014]  say: hunti: /notarget
[Wed Jan 15 16:27:55 2014]  say: hunti: ne
[Wed Jan 15 16:27:59 2014]  say: kizi: to je co?
[Wed Jan 15 16:28:05 2014]  say: kizi: no target?
[Wed Jan 15 16:28:10 2014]  say: hunti: tohle snipnes
[Wed Jan 15 16:28:24 2014]  say: hunti: vsechny na raz
[Wed Jan 15 16:28:24 2014]  say: kizi: mam?
[Wed Jan 15 16:28:27 2014]  say: hunti: j
[Wed Jan 15 16:28:54 2014]  say: hunti: jo dame si sniper duel
[Wed Jan 15 16:28:55 2014]  say: hunti: ale jinej
[Wed Jan 15 16:29:05 2014]  say: hunti: kdo je nerichleji zabije
[Wed Jan 15 16:29:06 2014]  say: hunti: ok?
[Wed Jan 15 16:30:31 2014]  Item: 1 weapon_blaster
[Wed Jan 15 16:30:31 2014]  Item: 1 weapon_blaster
[Wed Jan 15 16:30:32 2014]  Item: 0 weapon_blaster
[Wed Jan 15 16:30:33 2014]  Item: 0 weapon_blaster
[Wed Jan 15 16:30:34 2014]  Item: 0 weapon_blaster
[Wed Jan 15 16:30:34 2014]  Item: 0 weapon_blaster
[Wed Jan 15 16:30:37 2014]  Item: 1 weapon_blaster
[Wed Jan 15 16:30:38 2014]  Item: 1 weapon_blaster
[Wed Jan 15 16:30:54 2014]  Item: 0 weapon_blaster
[Wed Jan 15 16:30:56 2014]  Item: 0 weapon_blaster
[Wed Jan 15 16:31:00 2014]  Item: 0 weapon_blaster
[Wed Jan 15 16:31:01 2014]  Item: 0 weapon_disruptor
[Wed Jan 15 16:31:02 2014]  Item: 0 weapon_blaster
[Wed Jan 15 16:31:14 2014]  Item: 0 weapon_blaster
[Wed Jan 15 16:31:22 2014]  Item: 0 weapon_blaster
[Wed Jan 15 16:31:22 2014]  Item: 0 weapon_blaster
[Wed Jan 15 16:31:22 2014]  Item: 0 weapon_blaster
[Wed Jan 15 16:32:37 2014]  say: kizi: hej olde
[Wed Jan 15 16:32:45 2014]  say: hunti: ?
[Wed Jan 15 16:32:51 2014]  say: kizi: afkujes?
[Wed Jan 15 16:32:55 2014]  say: hunti: jim
[Wed Jan 15 16:33:25 2014]  Item: 0 weapon_blaster
[Wed Jan 15 16:33:28 2014]  Item: 0 weapon_blaster
[Wed Jan 15 16:33:30 2014]  Item: 0 weapon_blaster
[Wed Jan 15 16:35:44 2014]  say: hunti: zpet
[Wed Jan 15 16:35:55 2014]  say: kizi: pojd sem
[Wed Jan 15 16:35:59 2014]  Item: 0 weapon_blaster
[Wed Jan 15 16:35:59 2014]  Item: 0 weapon_blaster
[Wed Jan 15 16:36:00 2014]  Item: 0 weapon_blaster
[Wed Jan 15 16:36:00 2014]  Item: 0 weapon_blaster
[Wed Jan 15 16:36:02 2014]  Item: 0 weapon_blaster
[Wed Jan 15 16:36:03 2014]  Item: 0 weapon_blaster
[Wed Jan 15 16:36:09 2014]  Item: 0 weapon_blaster
[Wed Jan 15 16:36:21 2014]  say: hunti: NE CEKEJ
[Wed Jan 15 16:36:23 2014]  say: hunti: PRESTAN PLS
[Wed Jan 15 16:36:27 2014]  say: hunti: pojd
[Wed Jan 15 16:36:32 2014]  say: hunti: stuj
[Wed Jan 15 16:36:35 2014]  say: hunti: omg
[Wed Jan 15 16:36:47 2014]  say: hunti: prestan!
[Wed Jan 15 16:37:02 2014]  say: hunti: omg
[Wed Jan 15 16:37:03 2014]  say: hunti: di pric
[Wed Jan 15 16:37:13 2014]  say: hunti: to sou kuzelko
[Wed Jan 15 16:37:15 2014]  say: hunti: kuzelki
[Wed Jan 15 16:37:35 2014]  say: hunti: chces zacit?
[Wed Jan 15 16:37:38 2014]  say: kizi: k
[Wed Jan 15 16:37:42 2014]  say: kizi: cekej
[Wed Jan 15 16:37:46 2014]  say: hunti: sniper kuzelki
[Wed Jan 15 16:37:58 2014]  say: kizi: za tim
[Wed Jan 15 16:38:09 2014]  say: hunti: 3 pokusy
[Wed Jan 15 16:38:20 2014]  say: kizi: jeste 2?
[Wed Jan 15 16:38:22 2014]  say: hunti: y
[Wed Jan 15 16:38:49 2014]  say: kizi: 3
[Wed Jan 15 16:38:53 2014]  say: hunti: ok
[Wed Jan 15 16:39:01 2014]  say: kizi: 3
[Wed Jan 15 16:39:02 2014]  say: kizi: x
[Wed Jan 15 16:39:04 2014]  say: kizi: 4
[Wed Jan 15 16:39:05 2014]  say: kizi: x
[Wed Jan 15 16:40:13 2014]  say: kizi: muzes i do tech min
[Wed Jan 15 16:40:28 2014]  say: kizi: lol
[Wed Jan 15 16:40:29 2014]  say: hunti: mam mempower
[Wed Jan 15 16:40:33 2014]  say: hunti: vidim zlute
[Wed Jan 15 16:40:34 2014]  say: kizi: lol
[Wed Jan 15 16:41:11 2014]  say: hunti: kdo to udela prvni
[Wed Jan 15 16:41:36 2014]  say: kizi: snipni toho koho spawnu
[Wed Jan 15 16:43:46 2014]  say: kizi: cekej
[Wed Jan 15 16:43:57 2014]  say: kizi: nespawnuj je
[Wed Jan 15 16:44:16 2014]  say: kizi: dame jich sem co nejvic
[Wed Jan 15 16:44:19 2014]  say: hunti: cekej
[Wed Jan 15 16:44:22 2014]  say: hunti: dame jich sem
[Wed Jan 15 16:44:23 2014]  say: hunti: hodne
[Wed Jan 15 16:44:27 2014]  say: hunti: a mini taky
[Wed Jan 15 16:44:32 2014]  say: hunti: a ty se budes snazit snipnout
[Wed Jan 15 16:44:34 2014]  say: hunti: ok?
[Wed Jan 15 16:44:51 2014]  say: hunti: lol
[Wed Jan 15 16:45:16 2014]  say: kizi: muzu
[Wed Jan 15 16:45:21 2014]  say: hunti: sakra
[Wed Jan 15 16:46:17 2014]  say: kizi: cekej
[Wed Jan 15 16:47:32 2014]  say: kizi: JO
[Wed Jan 15 16:47:36 2014]  say: kizi: mam skore 1000!!!!!!!!!!!!!!!!!!!!!!!!!!
[Wed Jan 15 16:47:57 2014]  say: hunti: SNIPUJ
[Wed Jan 15 16:48:26 2014]  say: kizi: cekeh
[Wed Jan 15 16:48:28 2014]  say: kizi: cekej
[Wed Jan 15 16:48:31 2014]  say: kizi: pojd za mnou
[Wed Jan 15 16:48:41 2014]  say: kizi: nespawnuj je
[Wed Jan 15 16:49:42 2014]  say: kizi: olde
[Wed Jan 15 16:49:44 2014]  ClientConnect: 2
[Wed Jan 15 16:49:44 2014]  mlog:Player ^0Kirito, connected. With IP - 91.240.103.119:29070 
[Wed Jan 15 16:49:45 2014]  say: hunti: WAT?
[Wed Jan 15 16:49:50 2014]  say: kizi: nespawnuj je
[Wed Jan 15 16:50:29 2014]  say: hunti: DAME SI JUMP
[Wed Jan 15 16:50:30 2014]  say: hunti: Y
[Wed Jan 15 16:50:33 2014]  say: hunti: POJD
[Wed Jan 15 16:50:40 2014]  say: hunti: stuj
[Wed Jan 15 16:50:42 2014]  say: hunti: a skakej
[Wed Jan 15 16:50:48 2014]  say: hunti: omg
[Wed Jan 15 16:51:22 2014]  ClientBegin: 2
[Wed Jan 15 16:51:26 2014]  say: kizi: ne
[Wed Jan 15 16:51:27 2014]  ClientDisconnect: 2
[Wed Jan 15 16:51:47 2014]  Kill: 1 1 39: hunti killed hunti by MOD_SUICIDE
[Wed Jan 15 16:53:08 2014]  say: kizi: vole kolik si jich sem spawnul
[Wed Jan 15 16:53:18 2014]  say: hunti: to suo tvoji
[Wed Jan 15 16:53:26 2014]  say: kizi: nejsou
[Wed Jan 15 16:53:29 2014]  Kill: 1 1 39: hunti killed hunti by MOD_SUICIDE
[Wed Jan 15 16:54:28 2014]  say: kizi: zabij je
[Wed Jan 15 16:54:31 2014]  say: kizi: lol
[Wed Jan 15 16:56:04 2014]  say: kizi: kolik mas toho stutu lol
[Wed Jan 15 16:57:07 2014]  say: kizi: dej si god off
[Wed Jan 15 16:57:09 2014]  Kill: 1 0 10: hunti killed kizi by MOD_DISRUPTOR_SNIPER
[Wed Jan 15 16:57:14 2014]  ClientDisconnect: 1
[Wed Jan 15 16:57:27 2014]  Item: 0 weapon_disruptor
[Wed Jan 15 16:57:27 2014]  ClientDisconnect: 0
[Wed Jan 15 17:00:55 2014]  Exit: Timelimit hit.
[Wed Jan 15 19:19:26 2014]  ------------------------------------------------------------
[Wed Jan 15 19:19:26 2014]  InitGame: \dmflags\0\fraglimit\0\timelimit\120\capturelimit\0\g_privateDuel\1\g_saberLocking\1\g_maxForceRank\7\duel_fraglimit\10\g_forceBasedTeams\0\g_duelWeaponDisable\65531\sv_hostname\^3Darkquake's Makermod Server\sv_maxclients\32\sv_maxRate\5000\sv_minPing\0\sv_maxPing\0\sv_floodProtect\0\sv_allowDownload\1\g_allowNPC\1\g_weaponDisable\0\g_forcePowerDisable\0\g_forceRegenTime\1\g_siegeTeamSwitch\1\g_siegeRespawn\20\g_debugMelee\1\g_noSpecMove\0\g_maxGameClients\0\g_jediVmerc\0\g_siegeTeam1\none\g_siegeTeam2\none\version\(internal)JAmp: v1.0.1.0 win-x86 Oct 30 2003\g_maxHolocronCarry\3\g_gametype\0\g_needpass\0\protocol\26\mapname\t2_trip\sv_privateClients\0\g_stepSlideFix\1\gamename\MakerMod\g_saberWallDamageScale\0.4\bg_fighterAltControl\0\g_showDuelHealths\0
[Wed Jan 15 21:20:14 2014]  Exit: Timelimit hit.
[Wed Jan 15 21:29:49 2014]  ClientConnect: 0
[Wed Jan 15 21:29:49 2014]  mlog:Player {^1L^0ast ^1R^0esort^7}^1C^0ody^7, connected. With IP - 174.20.44.175:29070 
[Wed Jan 15 21:30:12 2014]  ClientBegin: 0
[Wed Jan 15 21:30:17 2014]  ShutdownGame:
[Wed Jan 15 21:30:17 2014]  ------------------------------------------------------------
[Wed Jan 15 21:30:18 2014]  ------------------------------------------------------------
[Wed Jan 15 21:30:18 2014]  InitGame: \dmflags\0\fraglimit\0\timelimit\120\capturelimit\0\g_privateDuel\1\g_saberLocking\1\g_maxForceRank\7\duel_fraglimit\10\g_forceBasedTeams\0\g_duelWeaponDisable\65531\sv_hostname\^3Darkquake's Makermod Server\sv_maxclients\32\sv_maxRate\5000\sv_minPing\0\sv_maxPing\0\sv_floodProtect\0\sv_allowDownload\1\bot_minplayers\0\g_allowNPC\1\g_weaponDisable\0\g_forcePowerDisable\0\g_forceRegenTime\0\g_siegeTeamSwitch\1\g_siegeRespawn\20\g_debugMelee\1\g_noSpecMove\0\g_maxGameClients\0\g_jediVmerc\0\g_siegeTeam1\none\g_siegeTeam2\none\version\(internal)JAmp: v1.0.1.0 win-x86 Oct 30 2003\g_maxHolocronCarry\3\g_gametype\0\g_needpass\0\protocol\26\mapname\mp/siege_desert\sv_privateClients\0\g_stepSlideFix\1\gamename\MakerMod\g_saberWallDamageScale\0.4\bg_fighterAltControl\0\g_showDuelHealths\0
[Wed Jan 15 21:30:18 2014]  ClientConnect: 0
[Wed Jan 15 21:30:35 2014]  ClientBegin: 0
[Wed Jan 15 21:30:46 2014]  ClientDisconnect: 0
[Wed Jan 15 23:30:17 2014]  Exit: Timelimit hit.
[Thu Jan 16 06:44:32 2014]  ClientConnect: 0
[Thu Jan 16 06:44:32 2014]  mlog:Player Capitan Rex, connected. With IP - 178.88.20.65:19426 
[Thu Jan 16 06:44:54 2014]  ClientBegin: 0
[Thu Jan 16 06:44:58 2014]  ShutdownGame:
[Thu Jan 16 06:44:58 2014]  ------------------------------------------------------------
