[Sat Jan 04 09:32:32 2014]  ------------------------------------------------------------
[Sat Jan 04 09:32:32 2014]  InitGame: \g_siegeTeam2\none\g_siegeTeam1\none\g_jediVmerc\0\g_maxGameClients\0\g_noSpecMove\0\g_debugMelee\1\g_siegeRespawn\20\g_siegeTeamSwitch\1\g_forceRegenTime\0\g_forcePowerDisable\0\g_weaponDisable\0\g_allowNPC\1\bot_minplayers\0\sv_allowDownload\1\sv_floodProtect\0\sv_maxPing\0\sv_minPing\0\sv_maxRate\5000\sv_maxclients\32\sv_hostname\^3Darkquake's Makermod Server\g_duelWeaponDisable\65531\g_forceBasedTeams\0\duel_fraglimit\10\g_maxForceRank\7\g_saberLocking\1\g_privateDuel\1\capturelimit\0\timelimit\120\fraglimit\0\dmflags\0\version\(internal)JAmp: v1.0.1.0 win-x86 Oct 30 2003\g_maxHolocronCarry\3\g_gametype\0\g_needpass\0\protocol\26\mapname\mp/siege_desert\sv_privateClients\0\g_stepSlideFix\1\gamename\MakerMod\g_saberWallDamageScale\0.4\bg_fighterAltControl\0\g_showDuelHealths\0
[Sat Jan 04 09:32:33 2014]  ClientConnect: 0
[Sat Jan 04 09:32:50 2014]  ClientBegin: 0
[Sat Jan 04 09:33:28 2014]  ClientConnect: 1
[Sat Jan 04 09:33:28 2014]  mlog:Player ^4S^0H^4E^0T, connected. With IP - 213.251.210.11:-655 
[Sat Jan 04 09:33:44 2014]  ClientBegin: 1
[Sat Jan 04 09:33:48 2014]  say: ^4S^0H^4E^0T: ку
[Sat Jan 04 09:33:54 2014]  say: <{^1KOTR^7}>^4Altair^7-JK: j ns nen!
[Sat Jan 04 09:33:57 2014]  say: ^4S^0H^4E^0T: о
[Sat Jan 04 09:34:00 2014]  say: <{^1KOTR^7}>^4Altair^7-JK: иди суда
[Sat Jan 04 09:34:07 2014]  say: ^4S^0H^4E^0T: куда
[Sat Jan 04 09:34:18 2014]  say: <{^1KOTR^7}>^4Altair^7-JK: куда нибудь
[Sat Jan 04 09:34:42 2014]  say: ^4S^0H^4E^0T: а отключился серв
[Sat Jan 04 09:35:57 2014]  say: ^4S^0H^4E^0T: серв оключили?
[Sat Jan 04 09:36:04 2014]  tell: ^4S^0H^4E^0T to <{^1KOTR^7}>^4Altair^7-JK: gjx
[Sat Jan 04 09:36:07 2014]  say: ^4S^0H^4E^0T: почэ
[Sat Jan 04 09:36:18 2014]  tell: <{^1KOTR^7}>^4Altair^7-JK to ^4S^0H^4E^0T: гоу ранкора валить
[Sat Jan 04 09:36:30 2014]  tell: ^4S^0H^4E^0T to <{^1KOTR^7}>^4Altair^7-JK: а че он оьключился
[Sat Jan 04 09:36:38 2014]  tell: <{^1KOTR^7}>^4Altair^7-JK to ^4S^0H^4E^0T: серв да
[Sat Jan 04 09:36:50 2014]  say: <{^1KOTR^7}>^4Altair^7-JK: короче оставайся тут я пошел
[Sat Jan 04 09:37:00 2014]  say: ^4S^0H^4E^0T: я щас проверю
[Sat Jan 04 09:37:02 2014]  ClientDisconnect: 1
[Sat Jan 04 09:38:40 2014]  ClientDisconnect: 0
[Sat Jan 04 09:38:50 2014]  ClientConnect: 0
[Sat Jan 04 09:38:50 2014]  mlog:Player <{^1KOTR^7}>^4Altair^7-JK, connected. With IP - 89.145.152.30:29070 
[Sat Jan 04 09:38:58 2014]  ClientDisconnect: 0
[Sat Jan 04 09:38:58 2014]  ClientConnect: 0
[Sat Jan 04 09:38:58 2014]  mlog:Player <{^1KOTR^7}>^4Altair^7-JK, connected. With IP - 89.145.152.30:29070 
[Sat Jan 04 09:39:08 2014]  ClientBegin: 0
[Sat Jan 04 09:40:00 2014]  ClientConnect: 1
[Sat Jan 04 09:40:00 2014]  mlog:Player ^4S^0H^4E^0T, connected. With IP - 213.251.210.11:-1920 
[Sat Jan 04 09:40:06 2014]  ClientBegin: 1
[Sat Jan 04 09:40:29 2014]  Kill: 1022 1 39: <world> killed ^4S^0H^4E^0T by MOD_SUICIDE
[Sat Jan 04 09:42:26 2014]  say: <{^1KOTR^7}>^4Altair^7-JK: шет ты где?
[Sat Jan 04 09:42:34 2014]  say: ^4S^0H^4E^0T: иду к ранкору
[Sat Jan 04 09:42:40 2014]  say: ^4S^0H^4E^0T: к
[Sat Jan 04 09:42:41 2014]  say: <{^1KOTR^7}>^4Altair^7-JK: меня выпусти
[Sat Jan 04 09:43:21 2014]  say: ^4S^0H^4E^0T: я застрял
[Sat Jan 04 09:43:23 2014]  say: <{^1KOTR^7}>^4Altair^7-JK: уже не надо
[Sat Jan 04 09:43:30 2014]  Item: 0 ammo_all
[Sat Jan 04 09:44:10 2014]  say: <{^1KOTR^7}>^4Altair^7-JK: я ранкора валю
[Sat Jan 04 09:45:56 2014]  say: ^4S^0H^4E^0T: стой
[Sat Jan 04 09:46:51 2014]  say: ^4S^0H^4E^0T: ygjikb vjxbnm
[Sat Jan 04 09:47:01 2014]  say: ^4S^0H^4E^0T: пошли мочить в атаку!!!!!
[Sat Jan 04 09:49:31 2014]  say: ^4S^0H^4E^0T: здаровый
[Sat Jan 04 09:50:46 2014]  ClientConnect: 2
[Sat Jan 04 09:50:46 2014]  mlog:Player Padawan, connected. With IP - 190.172.70.67:29070 
[Sat Jan 04 09:51:09 2014]  say: ^4S^0H^4E^0T: ктото идет
[Sat Jan 04 09:51:12 2014]  ClientBegin: 2
[Sat Jan 04 09:51:34 2014]  say: <{^1KOTR^7}>^4Altair^7-JK: глянь что я запилил
[Sat Jan 04 09:51:47 2014]  say: ^4S^0H^4E^0T: dje dje
[Sat Jan 04 09:51:54 2014]  say: ^4S^0H^4E^0T: воу воу
[Sat Jan 04 09:52:29 2014]  say: ^4S^0H^4E^0T: зырь где я
[Sat Jan 04 09:52:36 2014]  ClientConnect: 3
[Sat Jan 04 09:52:36 2014]  mlog:Player ^1delete, connected. With IP - 213.110.56.222:29070 
[Sat Jan 04 09:53:01 2014]  ClientBegin: 3
[Sat Jan 04 09:54:20 2014]  ClientDisconnect: 2
[Sat Jan 04 09:54:29 2014]  say: ^4S^0H^4E^0T: ящас
[Sat Jan 04 09:54:31 2014]  ClientDisconnect: 1
[Sat Jan 04 09:54:42 2014]  ClientConnect: 1
[Sat Jan 04 09:54:42 2014]  mlog:Player ^4S^0H^4E^0T, connected. With IP - 213.251.210.11:-1920 
[Sat Jan 04 09:54:48 2014]  ClientBegin: 1
[Sat Jan 04 09:54:52 2014]  say: ^4S^0H^4E^0T: алтаир
[Sat Jan 04 09:54:54 2014]  Kill: 1 1 39: ^4S^0H^4E^0T killed ^4S^0H^4E^0T by MOD_SUICIDE
[Sat Jan 04 09:54:54 2014]  setteam:  1 FREE SPECTATOR
[Sat Jan 04 09:54:54 2014]  ClientBegin: 1
[Sat Jan 04 09:55:01 2014]  say: ^4S^0H^4E^0T: альт
[Sat Jan 04 09:55:08 2014]  say: ^4S^0H^4E^0T: альт
[Sat Jan 04 09:55:16 2014]  say: ^4S^0H^4E^0T: да ответь
[Sat Jan 04 09:55:20 2014]  say: <{^1KOTR^7}>^4Altair^7-JK: xnj&]
[Sat Jan 04 09:55:35 2014]  say: ^4S^0H^4E^0T: kotr заработал
[Sat Jan 04 09:55:48 2014]  say: <{^1KOTR^7}>^4Altair^7-JK: z of ghble bp vfufpbyf
[Sat Jan 04 09:55:50 2014]  ClientDisconnect: 0
[Sat Jan 04 09:55:59 2014]  ClientDisconnect: 1
[Sat Jan 04 10:02:49 2014]  ClientDisconnect: 3
[Sat Jan 04 11:33:39 2014]  Exit: Timelimit hit.
[Sat Jan 04 17:22:08 2014]  ClientConnect: 0
[Sat Jan 04 17:22:08 2014]  mlog:Player Deadline, connected. With IP - 85.66.175.218:29397 
[Sat Jan 04 17:22:15 2014]  ClientConnect: 1
[Sat Jan 04 17:22:15 2014]  mlog:Player Padawan, connected. With IP - 85.66.175.218:29227 
[Sat Jan 04 17:22:34 2014]  ClientBegin: 1
[Sat Jan 04 17:22:42 2014]  ClientBegin: 0
[Sat Jan 04 17:23:12 2014]  ShutdownGame:
[Sat Jan 04 17:23:12 2014]  ------------------------------------------------------------
[Sat Jan 04 17:23:13 2014]  ------------------------------------------------------------
[Sat Jan 04 17:23:13 2014]  InitGame: \g_siegeTeam2\none\g_siegeTeam1\none\g_jediVmerc\0\g_maxGameClients\0\g_noSpecMove\0\g_debugMelee\1\g_siegeRespawn\20\g_siegeTeamSwitch\1\g_forceRegenTime\0\g_forcePowerDisable\0\g_weaponDisable\0\g_allowNPC\1\bot_minplayers\0\sv_allowDownload\1\sv_floodProtect\0\sv_maxPing\0\sv_minPing\0\sv_maxRate\5000\sv_maxclients\32\sv_hostname\^3Darkquake's Makermod Server\g_duelWeaponDisable\65531\g_forceBasedTeams\0\duel_fraglimit\10\g_maxForceRank\7\g_saberLocking\1\g_privateDuel\1\capturelimit\0\timelimit\120\fraglimit\0\dmflags\0\version\(internal)JAmp: v1.0.1.0 win-x86 Oct 30 2003\g_maxHolocronCarry\3\g_gametype\0\g_needpass\0\protocol\26\mapname\t2_trip\sv_privateClients\0\g_stepSlideFix\1\gamename\MakerMod\g_saberWallDamageScale\0.4\bg_fighterAltControl\0\g_showDuelHealths\0
[Sat Jan 04 17:23:15 2014]  ClientConnect: 0
[Sat Jan 04 17:23:15 2014]  ClientConnect: 1
[Sat Jan 04 17:23:33 2014]  ClientBegin: 1
[Sat Jan 04 17:23:42 2014]  ClientBegin: 0
[Sat Jan 04 17:23:45 2014]  print "Padawan^7 @@@PLRENAME Pircsidzsedi
"[Sat Jan 04 17:24:55 2014]  Kill: 1 0 3: Pircsidzsedi killed Deadline by MOD_SABER
[Sat Jan 04 17:25:06 2014]  Kill: 1 0 3: Pircsidzsedi killed Deadline by MOD_SABER
[Sat Jan 04 17:25:20 2014]  Kill: 1 0 3: Pircsidzsedi killed Deadline by MOD_SABER
[Sat Jan 04 17:25:30 2014]  Kill: 0 1 3: Deadline killed Pircsidzsedi by MOD_SABER
[Sat Jan 04 17:25:38 2014]  Kill: 0 1 3: Deadline killed Pircsidzsedi by MOD_SABER
[Sat Jan 04 17:26:02 2014]  Kill: 1 0 3: Pircsidzsedi killed Deadline by MOD_SABER
[Sat Jan 04 17:26:20 2014]  Kill: 0 1 3: Deadline killed Pircsidzsedi by MOD_SABER
[Sat Jan 04 17:26:55 2014]  Kill: 1 0 3: Pircsidzsedi killed Deadline by MOD_SABER
[Sat Jan 04 17:27:33 2014]  Kill: 0 1 3: Deadline killed Pircsidzsedi by MOD_SABER
[Sat Jan 04 17:30:00 2014]  Kill: 1 0 3: Pircsidzsedi killed Deadline by MOD_SABER
[Sat Jan 04 17:30:06 2014]  Kill: 0 1 3: Deadline killed Pircsidzsedi by MOD_SABER
[Sat Jan 04 17:30:23 2014]  Kill: 1 0 3: Pircsidzsedi killed Deadline by MOD_SABER
[Sat Jan 04 17:30:32 2014]  Kill: 0 1 3: Deadline killed Pircsidzsedi by MOD_SABER
[Sat Jan 04 17:30:46 2014]  Kill: 1 0 3: Pircsidzsedi killed Deadline by MOD_SABER
[Sat Jan 04 17:31:44 2014]  Kill: 1 0 3: Pircsidzsedi killed Deadline by MOD_SABER
[Sat Jan 04 17:32:36 2014]  Kill: 1 0 3: Pircsidzsedi killed Deadline by MOD_SABER
[Sat Jan 04 17:33:37 2014]  Kill: 0 1 3: Deadline killed Pircsidzsedi by MOD_SABER
[Sat Jan 04 17:33:58 2014]  Kill: 1 0 3: Pircsidzsedi killed Deadline by MOD_SABER
[Sat Jan 04 17:34:21 2014]  Kill: 1 0 3: Pircsidzsedi killed Deadline by MOD_SABER
[Sat Jan 04 17:34:54 2014]  Kill: 1 0 3: Pircsidzsedi killed Deadline by MOD_SABER
[Sat Jan 04 17:35:21 2014]  Kill: 0 1 3: Deadline killed Pircsidzsedi by MOD_SABER
[Sat Jan 04 17:35:29 2014]  Kill: 0 1 3: Deadline killed Pircsidzsedi by MOD_SABER
[Sat Jan 04 17:36:01 2014]  Kill: 1 0 3: Pircsidzsedi killed Deadline by MOD_SABER
[Sat Jan 04 17:36:59 2014]  Kill: 0 1 3: Deadline killed Pircsidzsedi by MOD_SABER
[Sat Jan 04 17:37:16 2014]  Kill: 1 0 3: Pircsidzsedi killed Deadline by MOD_SABER
[Sat Jan 04 17:37:57 2014]  Kill: 0 1 3: Deadline killed Pircsidzsedi by MOD_SABER
[Sat Jan 04 17:38:04 2014]  Kill: 0 1 3: Deadline killed Pircsidzsedi by MOD_SABER
[Sat Jan 04 17:38:34 2014]  Kill: 1 0 3: Pircsidzsedi killed Deadline by MOD_SABER
[Sat Jan 04 17:40:11 2014]  Kill: 0 1 5: Deadline killed Pircsidzsedi by MOD_BRYAR_PISTOL_ALT
[Sat Jan 04 17:40:35 2014]  Kill: 0 1 3: Deadline killed Pircsidzsedi by MOD_SABER
[Sat Jan 04 17:41:06 2014]  Kill: 0 1 3: Deadline killed Pircsidzsedi by MOD_SABER
[Sat Jan 04 17:41:43 2014]  Kill: 0 1 3: Deadline killed Pircsidzsedi by MOD_SABER
[Sat Jan 04 17:42:03 2014]  Kill: 1 0 3: Pircsidzsedi killed Deadline by MOD_SABER
[Sat Jan 04 17:43:25 2014]  Kill: 0 1 3: Deadline killed Pircsidzsedi by MOD_SABER
[Sat Jan 04 17:44:00 2014]  Kill: 1 0 3: Pircsidzsedi killed Deadline by MOD_SABER
[Sat Jan 04 17:44:29 2014]  Kill: 0 1 3: Deadline killed Pircsidzsedi by MOD_SABER
[Sat Jan 04 17:44:36 2014]  Kill: 1 0 3: Pircsidzsedi killed Deadline by MOD_SABER
[Sat Jan 04 17:44:48 2014]  Kill: 1 0 3: Pircsidzsedi killed Deadline by MOD_SABER
[Sat Jan 04 17:44:58 2014]  Kill: 0 1 3: Deadline killed Pircsidzsedi by MOD_SABER
[Sat Jan 04 17:45:16 2014]  Kill: 0 1 3: Deadline killed Pircsidzsedi by MOD_SABER
[Sat Jan 04 17:45:39 2014]  Kill: 0 1 3: Deadline killed Pircsidzsedi by MOD_SABER
[Sat Jan 04 17:46:06 2014]  Kill: 0 1 3: Deadline killed Pircsidzsedi by MOD_SABER
[Sat Jan 04 17:46:09 2014]  ClientDisconnect: 1
[Sat Jan 04 17:49:00 2014]  ClientDisconnect: 0
[Sat Jan 04 19:23:12 2014]  Exit: Timelimit hit.
