[Thu Jan 30 14:32:35 2014]  ------------------------------------------------------------
[Thu Jan 30 14:32:35 2014]  InitGame: \g_siegeTeam2\none\g_siegeTeam1\none\g_jediVmerc\0\g_maxGameClients\0\g_noSpecMove\0\g_debugMelee\1\g_siegeRespawn\20\g_siegeTeamSwitch\1\g_forceRegenTime\0\g_forcePowerDisable\0\g_weaponDisable\0\g_allowNPC\1\bot_minplayers\0\sv_allowDownload\1\sv_floodProtect\0\sv_maxPing\0\sv_minPing\0\sv_maxRate\5000\sv_maxclients\32\sv_hostname\^3Darkquake's Makermod Server\g_duelWeaponDisable\65531\g_forceBasedTeams\0\duel_fraglimit\10\g_maxForceRank\7\g_saberLocking\1\g_privateDuel\1\capturelimit\0\timelimit\120\fraglimit\0\dmflags\0\version\(internal)JAmp: v1.0.1.0 win-x86 Oct 30 2003\g_maxHolocronCarry\3\g_gametype\0\g_needpass\0\protocol\26\mapname\t2_trip\sv_privateClients\0\g_stepSlideFix\1\gamename\MakerMod\g_saberWallDamageScale\0.4\bg_fighterAltControl\0\g_showDuelHealths\0
[Thu Jan 30 14:32:37 2014]  ClientConnect: 0
[Thu Jan 30 14:32:37 2014]  ClientConnect: 1
[Thu Jan 30 14:32:37 2014]  mlog:Player Padawan, connected. With IP - 78.80.100.24:28562 
[Thu Jan 30 14:32:41 2014]  ClientDisconnect: 0
[Thu Jan 30 14:32:51 2014]  ClientConnect: 0
[Thu Jan 30 14:32:51 2014]  mlog:Player Kal_Skirata, connected. With IP - 95.105.37.93:29070 
[Thu Jan 30 14:33:07 2014]  ClientBegin: 0
[Thu Jan 30 14:33:39 2014]  ClientBegin: 1
[Thu Jan 30 14:33:51 2014]  say: Soldier Bob: here
[Thu Jan 30 14:33:54 2014]  say: Soldier Bob: its me
[Thu Jan 30 14:33:56 2014]  say: Soldier Bob: flash
[Thu Jan 30 14:33:58 2014]  say: Kal_Skirata: ùë
[Thu Jan 30 14:34:01 2014]  say: Kal_Skirata: ok
[Thu Jan 30 14:34:04 2014]  say: Soldier Bob: not this 
[Thu Jan 30 14:34:08 2014]  say: Soldier Bob: do normal
[Thu Jan 30 14:34:10 2014]  say: Soldier Bob: this
[Thu Jan 30 14:34:15 2014]  say: Soldier Bob: zdrawstow
[Thu Jan 30 14:34:17 2014]  say: Soldier Bob: not ì+è+
[Thu Jan 30 14:34:18 2014]  say: Soldier Bob: lol
[Thu Jan 30 14:34:21 2014]  say: Soldier Bob: i dontr understand
[Thu Jan 30 14:34:28 2014]  say: Kal_Skirata: me too
[Thu Jan 30 14:34:35 2014]  say: Soldier Bob: speak russ
[Thu Jan 30 14:34:38 2014]  say: Soldier Bob: lets try
[Thu Jan 30 14:34:42 2014]  Item: 0 ammo_all
[Thu Jan 30 14:34:49 2014]  Kill: 1 1 39: Soldier Bob killed Soldier Bob by MOD_SUICIDE
[Thu Jan 30 14:34:49 2014]  setteam:  1 FREE SPECTATOR
[Thu Jan 30 14:34:49 2014]  ClientBegin: 1
[Thu Jan 30 14:34:52 2014]  Item: 0 ammo_all
[Thu Jan 30 14:34:55 2014]  setteam:  1 SPECTATOR FREE
[Thu Jan 30 14:34:55 2014]  ClientBegin: 1
[Thu Jan 30 14:35:02 2014]  say: Soldier Bob: zdrawstwoj
[Thu Jan 30 14:35:10 2014]  Kill: 0 1 27: Kal_Skirata killed Soldier Bob by MOD_DET_PACK_SPLASH
[Thu Jan 30 14:35:15 2014]  say: Soldier Bob: zdrawstow alex
[Thu Jan 30 14:35:25 2014]  say: Kal_Skirata: zdrawow
[Thu Jan 30 14:35:32 2014]  say: Soldier Bob: zdrawom
[Thu Jan 30 14:35:48 2014]  say: Soldier Bob: lets make you house?
[Thu Jan 30 14:35:58 2014]  say: Soldier Bob: u can have too many mins in u house
[Thu Jan 30 14:36:02 2014]  say: Soldier Bob: LOOOL
[Thu Jan 30 14:36:04 2014]  say: Soldier Bob: SUPERMAAAN
[Thu Jan 30 14:36:06 2014]  say: Soldier Bob: XD
[Thu Jan 30 14:36:43 2014]  say: Soldier Bob: LETS MAKE HOUSE?
[Thu Jan 30 14:36:50 2014]  Kill: 1 1 39: Soldier Bob killed Soldier Bob by MOD_SUICIDE
[Thu Jan 30 14:36:50 2014]  setteam:  1 FREE SPECTATOR
[Thu Jan 30 14:36:50 2014]  ClientBegin: 1
[Thu Jan 30 14:36:55 2014]  say: Soldier Bob: NO?
[Thu Jan 30 14:36:58 2014]  setteam:  1 SPECTATOR FREE
[Thu Jan 30 14:36:58 2014]  ClientBegin: 1
[Thu Jan 30 14:36:59 2014]  say: Kal_Skirata: idk
[Thu Jan 30 14:38:37 2014]  say: Kal_Skirata: :C
[Thu Jan 30 14:39:00 2014]  say: Soldier Bob: :D
[Thu Jan 30 14:39:27 2014]  say: Soldier Bob: lool
[Thu Jan 30 14:39:29 2014]  say: Soldier Bob: im superman!
[Thu Jan 30 14:41:38 2014]  say: Soldier Bob: WHERE U
[Thu Jan 30 14:42:00 2014]  say: Soldier Bob: skirata come to me
[Thu Jan 30 14:42:03 2014]  say: Kal_Skirata: idk
[Thu Jan 30 14:42:06 2014]  say: Kal_Skirata: where you
[Thu Jan 30 14:42:11 2014]  say: Soldier Bob: spawn
[Thu Jan 30 14:42:14 2014]  Kill: 1 1 39: Soldier Bob killed Soldier Bob by MOD_SUICIDE
[Thu Jan 30 14:42:20 2014]  Kill: 0 0 39: Kal_Skirata killed Kal_Skirata by MOD_SUICIDE
[Thu Jan 30 14:42:25 2014]  say: Kal_Skirata: /god
[Thu Jan 30 14:42:39 2014]  Kill: 1 0 3: Soldier Bob killed Kal_Skirata by MOD_SABER
[Thu Jan 30 14:42:59 2014]  say: Soldier Bob: attack
[Thu Jan 30 14:43:07 2014]  Kill: 1 0 3: Soldier Bob killed Kal_Skirata by MOD_SABER
[Thu Jan 30 14:43:11 2014]  say: Soldier Bob: come to me
[Thu Jan 30 14:44:00 2014]  say: Soldier Bob: XD¨
[Thu Jan 30 14:44:46 2014]  say: Soldier Bob: FOLLOW ME
[Thu Jan 30 14:44:50 2014]  say: Soldier Bob: ZDRAWOJ
[Thu Jan 30 14:45:01 2014]  say: Soldier Bob: COME
[Thu Jan 30 14:45:01 2014]  say: Kal_Skirata: wait
[Thu Jan 30 14:45:20 2014]  say: Soldier Bob: O BEJBY BEJBY
[Thu Jan 30 14:45:22 2014]  say: Soldier Bob: LASKO MAAAA
[Thu Jan 30 14:46:00 2014]  Item: 1 weapon_blaster
[Thu Jan 30 14:46:03 2014]  say: Soldier Bob: GREDO
[Thu Jan 30 14:46:07 2014]  say: Soldier Bob: DONT RUN
[Thu Jan 30 14:46:09 2014]  say: Soldier Bob: bitch
[Thu Jan 30 14:46:12 2014]  say: Soldier Bob: EHS RUNNING
[Thu Jan 30 14:46:14 2014]  say: Soldier Bob: HURRY
[Thu Jan 30 14:46:32 2014]  say: Kal_Skirata: off god ?
[Thu Jan 30 14:46:39 2014]  say: Soldier Bob: k
[Thu Jan 30 14:47:00 2014]  say: Soldier Bob: ONE
[Thu Jan 30 14:47:25 2014]  say: Soldier Bob: /NOTARGET
[Thu Jan 30 14:48:32 2014]  Item: 1 weapon_concussion_rifle
[Thu Jan 30 14:48:40 2014]  Kill: 0 0 39: Kal_Skirata killed Kal_Skirata by MOD_SUICIDE
[Thu Jan 30 14:49:10 2014]  say: Kal_Skirata: kill ?
[Thu Jan 30 14:49:17 2014]  say: Soldier Bob: stop
[Thu Jan 30 14:49:21 2014]  say: Soldier Bob: server laging
[Thu Jan 30 14:49:33 2014]  say: Soldier Bob: /npc kill all
[Thu Jan 30 14:49:38 2014]  say: Kal_Skirata: ik
[Thu Jan 30 14:49:42 2014]  say: Soldier Bob: dont spawn more npcs
[Thu Jan 30 14:49:44 2014]  say: Soldier Bob: or server crash
[Thu Jan 30 14:50:14 2014]  Kill: 1 0 27: Soldier Bob killed Kal_Skirata by MOD_DET_PACK_SPLASH
[Thu Jan 30 14:50:14 2014]  Kill: 1 1 27: Soldier Bob killed Soldier Bob by MOD_DET_PACK_SPLASH
[Thu Jan 30 14:50:18 2014]  Kill: 1 0 37: Soldier Bob killed Kal_Skirata by MOD_TELEFRAG
[Thu Jan 30 14:50:22 2014]  say: Soldier Bob: LOL
[Thu Jan 30 14:50:41 2014]  say: Soldier Bob: FOLLOW ME
[Thu Jan 30 14:50:46 2014]  say: Soldier Bob: PLS 
[Thu Jan 30 14:51:02 2014]  say: Soldier Bob: OMG
[Thu Jan 30 14:51:04 2014]  say: Soldier Bob: JUST COME
[Thu Jan 30 14:51:16 2014]  say: Kal_Skirata: no
[Thu Jan 30 14:51:21 2014]  say: Soldier Bob: I HAVE HOUSEFOR YOU
[Thu Jan 30 14:51:37 2014]  say: Soldier Bob: OL
[Thu Jan 30 14:51:38 2014]  say: Kal_Skirata: im eat
[Thu Jan 30 14:51:41 2014]  say: Soldier Bob: OK
[Thu Jan 30 14:57:56 2014]  say: Kal_Skirata: g_saberAnimSpeed 8
[Thu Jan 30 14:58:00 2014]  say: Soldier Bob: lol
[Thu Jan 30 14:58:00 2014]  say: Kal_Skirata: lol
[Thu Jan 30 14:58:38 2014]  say: Soldier Bob: what are you saying
[Thu Jan 30 14:58:43 2014]  say: Kal_Skirata: idk
[Thu Jan 30 14:58:49 2014]  say: Kal_Skirata: cheat for jk
[Thu Jan 30 14:58:55 2014]  say: Soldier Bob: lol
[Thu Jan 30 14:59:04 2014]  say: Soldier Bob: this is cheats for singleplayer
[Thu Jan 30 15:00:30 2014]  say: Soldier Bob: follow
[Thu Jan 30 15:00:48 2014]  say: Kal_Skirata: eat
[Thu Jan 30 15:00:52 2014]  say: Soldier Bob: ok 
[Thu Jan 30 15:00:55 2014]  say: Soldier Bob: off u chat
[Thu Jan 30 15:01:00 2014]  say: Soldier Bob: omg ok
[Thu Jan 30 15:01:16 2014]  say: Soldier Bob: !openmenu
[Thu Jan 30 15:01:21 2014]  say: Soldier Bob: !paly
[Thu Jan 30 15:01:27 2014]  say: Soldier Bob: !play
[Thu Jan 30 15:01:35 2014]  say: Kal_Skirata: ?
[Thu Jan 30 15:01:39 2014]  say: Soldier Bob: nothing
[Thu Jan 30 15:01:42 2014]  say: Soldier Bob: !mini
[Thu Jan 30 15:01:50 2014]  say: Soldier Bob: bug
[Thu Jan 30 15:04:50 2014]  say: Kal_Skirata: come fury server ?
[Thu Jan 30 15:04:52 2014]  say: Soldier Bob: no
[Thu Jan 30 15:04:54 2014]  say: Soldier Bob: wait
[Thu Jan 30 15:05:05 2014]  say: Soldier Bob: fury nu
[Thu Jan 30 15:05:08 2014]  say: Soldier Bob: come
[Thu Jan 30 15:05:17 2014]  say: Soldier Bob: in fury i have 0 build
[Thu Jan 30 15:05:26 2014]  say: Soldier Bob: noclip
[Thu Jan 30 15:05:33 2014]  say: Soldier Bob: noclip
[Thu Jan 30 15:05:36 2014]  say: Soldier Bob: /noclip
[Thu Jan 30 15:06:07 2014]  say: Soldier Bob: go up
[Thu Jan 30 15:06:43 2014]  say: Soldier Bob: LOL
[Thu Jan 30 15:06:54 2014]  say: Soldier Bob: I TRY SPAWN VEHICLE
[Thu Jan 30 15:07:06 2014]  say: Soldier Bob: LETS GO
[Thu Jan 30 15:07:09 2014]  say: Soldier Bob: FOLLOW ME
[Thu Jan 30 15:07:13 2014]  say: Soldier Bob: OFF NOCLIP
[Thu Jan 30 15:07:58 2014]  say: Soldier Bob: WTF
[Thu Jan 30 15:08:13 2014]  say: Soldier Bob: LOL
[Thu Jan 30 15:08:20 2014]  say: Kal_Skirata: lol
[Thu Jan 30 15:08:20 2014]  say: Soldier Bob: XD
[Thu Jan 30 15:08:26 2014]  say: Soldier Bob: LETS TRY AGAIN
[Thu Jan 30 15:09:00 2014]  say: Soldier Bob: AND FOLLOW
[Thu Jan 30 15:09:06 2014]  say: Soldier Bob: AH BAD
[Thu Jan 30 15:09:09 2014]  Kill: 1022 1 6: <world> killed Soldier Bob by MOD_BLASTER
[Thu Jan 30 15:09:18 2014]  say: Soldier Bob: WHERE U
[Thu Jan 30 15:09:20 2014]  say: Soldier Bob: COME BACK
[Thu Jan 30 15:09:30 2014]  say: Soldier Bob: COME BACK
[Thu Jan 30 15:09:37 2014]  say: Kal_Skirata: where i
[Thu Jan 30 15:09:46 2014]  say: Soldier Bob: /kill
[Thu Jan 30 15:10:21 2014]  say: Soldier Bob: omg
[Thu Jan 30 15:10:23 2014]  Kill: 1 1 39: Soldier Bob killed Soldier Bob by MOD_SUICIDE
[Thu Jan 30 15:10:23 2014]  setteam:  1 FREE SPECTATOR
[Thu Jan 30 15:10:23 2014]  ClientBegin: 1
[Thu Jan 30 15:10:27 2014]  Kill: 0 0 39: Kal_Skirata killed Kal_Skirata by MOD_SUICIDE
[Thu Jan 30 15:10:29 2014]  setteam:  1 SPECTATOR FREE
[Thu Jan 30 15:10:29 2014]  ClientBegin: 1
[Thu Jan 30 15:10:34 2014]  say: Soldier Bob: use god
[Thu Jan 30 15:10:36 2014]  say: Soldier Bob: and come
[Thu Jan 30 15:11:02 2014]  say: Soldier Bob: u xwing is at up
[Thu Jan 30 15:11:16 2014]  say: Soldier Bob: oh god
[Thu Jan 30 15:11:40 2014]  say: Kal_Skirata: WHERE YOU
[Thu Jan 30 15:11:43 2014]  say: Soldier Bob: spawn
[Thu Jan 30 15:11:53 2014]  say: Soldier Bob: at ships
[Thu Jan 30 15:12:00 2014]  say: Soldier Bob: off the fcking noclip
[Thu Jan 30 15:12:12 2014]  say: Soldier Bob: off noclip
[Thu Jan 30 15:12:35 2014]  say: Soldier Bob: come
[Thu Jan 30 15:13:02 2014]  say: Soldier Bob: no
[Thu Jan 30 15:13:13 2014]  say: Soldier Bob: omg no
[Thu Jan 30 15:13:30 2014]  say: Kal_Skirata: STOP
[Thu Jan 30 15:13:42 2014]  say: Soldier Bob: come to the ship
[Thu Jan 30 15:13:55 2014]  say: Soldier Bob: lol
[Thu Jan 30 15:13:56 2014]  Kill: 1022 0 2: <world> killed Kal_Skirata by MOD_MELEE
[Thu Jan 30 15:13:57 2014]  say: Soldier Bob: mad
[Thu Jan 30 15:14:07 2014]  say: Soldier Bob: just come
[Thu Jan 30 15:14:14 2014]  say: Soldier Bob: here is u sihp
[Thu Jan 30 15:14:25 2014]  Kill: 1022 0 2: <world> killed Kal_Skirata by MOD_MELEE
[Thu Jan 30 15:14:28 2014]  say: Soldier Bob: k
[Thu Jan 30 15:14:31 2014]  say: Soldier Bob: fak yu
[Thu Jan 30 15:14:40 2014]  say: Kal_Skirata: EAT
[Thu Jan 30 15:15:06 2014]  Kill: 0 0 39: Kal_Skirata killed Kal_Skirata by MOD_SUICIDE
[Thu Jan 30 15:19:43 2014]  ClientDisconnect: 0
[Thu Jan 30 15:20:07 2014]  ClientDisconnect: 1
[Thu Jan 30 15:20:07 2014]  ClientConnect: 1
[Thu Jan 30 15:20:07 2014]  mlog:Player Padawan, connected. With IP - 78.80.100.24:28562 
[Thu Jan 30 15:21:05 2014]  ClientBegin: 1
[Thu Jan 30 15:29:55 2014]  ClientDisconnect: 1
[Thu Jan 30 16:32:34 2014]  Exit: Timelimit hit.
[Thu Jan 30 19:51:24 2014]  ClientConnect: 0
[Thu Jan 30 19:51:24 2014]  mlog:Player Padawan, connected. With IP - 213.157.5.111:29070 
[Thu Jan 30 19:51:30 2014]  ClientDisconnect: 0
[Thu Jan 30 21:11:18 2014]  ClientConnect: 0
[Thu Jan 30 21:11:18 2014]  mlog:Player ^1P^3R^1O^X^3X^1Y, connected. With IP - 93.79.154.81:29070 
[Thu Jan 30 21:12:00 2014]  ClientDisconnect: 0
[Thu Jan 30 21:30:36 2014]  ClientConnect: 0
[Thu Jan 30 21:30:36 2014]  mlog:Player ICE, connected. With IP - 93.79.154.81:29070 
[Thu Jan 30 21:31:08 2014]  ClientBegin: 0
[Thu Jan 30 21:31:18 2014]  ShutdownGame:
[Thu Jan 30 21:31:18 2014]  ------------------------------------------------------------
[Thu Jan 30 21:31:19 2014]  ------------------------------------------------------------
[Thu Jan 30 21:31:19 2014]  InitGame: \g_siegeTeam2\none\g_siegeTeam1\none\g_jediVmerc\0\g_maxGameClients\0\g_noSpecMove\0\g_debugMelee\1\g_siegeRespawn\20\g_siegeTeamSwitch\1\g_forceRegenTime\0\g_forcePowerDisable\0\g_weaponDisable\0\g_allowNPC\1\bot_minplayers\0\sv_allowDownload\1\sv_floodProtect\0\sv_maxPing\0\sv_minPing\0\sv_maxRate\5000\sv_maxclients\32\sv_hostname\^3Darkquake's Makermod Server\g_duelWeaponDisable\65531\g_forceBasedTeams\0\duel_fraglimit\10\g_maxForceRank\7\g_saberLocking\1\g_privateDuel\1\capturelimit\0\timelimit\120\fraglimit\0\dmflags\0\version\(internal)JAmp: v1.0.1.0 win-x86 Oct 30 2003\g_maxHolocronCarry\3\g_gametype\0\g_needpass\0\protocol\26\mapname\mp/siege_desert\sv_privateClients\0\g_stepSlideFix\1\gamename\MakerMod\g_saberWallDamageScale\0.4\bg_fighterAltControl\0\g_showDuelHealths\0
[Thu Jan 30 21:31:20 2014]  ClientConnect: 0
[Thu Jan 30 21:31:29 2014]  ClientBegin: 0
[Thu Jan 30 21:32:03 2014]  Kill: 0 0 39: ^1P^3R^1O^X^3X^1Y killed ^1P^3R^1O^X^3X^1Y by MOD_SUICIDE
[Thu Jan 30 21:36:22 2014]  Item: 0 weapon_blaster
[Thu Jan 30 21:36:33 2014]  Item: 0 weapon_blaster
[Thu Jan 30 21:38:14 2014]  Item: 0 weapon_blaster
[Thu Jan 30 21:38:57 2014]  Item: 0 weapon_melee
[Thu Jan 30 21:40:29 2014]  Item: 0 weapon_blaster
[Thu Jan 30 21:40:54 2014]  Item: 0 weapon_blaster
[Thu Jan 30 21:46:47 2014]  Kill: 0 0 39: ^1P^3R^1O^X^3X^1Y killed ^1P^3R^1O^X^3X^1Y by MOD_SUICIDE
[Thu Jan 30 21:48:16 2014]  Kill: 0 0 39: ^1P^3R^1O^X^3X^1Y killed ^1P^3R^1O^X^3X^1Y by MOD_SUICIDE
[Thu Jan 30 21:50:33 2014]  ClientDisconnect: 0
[Thu Jan 30 23:31:17 2014]  Exit: Timelimit hit.
[Fri Jan 31 12:38:04 2014]  ClientConnect: 0
[Fri Jan 31 12:38:04 2014]  mlog:Player ^1U^0nDea^7D, connected. With IP - 88.132.148.168:29070 
[Fri Jan 31 12:38:27 2014]  ClientBegin: 0
[Fri Jan 31 12:38:29 2014]  ShutdownGame:
[Fri Jan 31 12:38:29 2014]  ------------------------------------------------------------
