[Sat Jan 18 01:03:56 2014]  ------------------------------------------------------------
[Sat Jan 18 01:03:56 2014]  InitGame: \dmflags\0\fraglimit\0\timelimit\120\capturelimit\0\g_privateDuel\1\g_saberLocking\1\g_maxForceRank\7\duel_fraglimit\10\g_forceBasedTeams\0\g_duelWeaponDisable\65531\sv_hostname\^3Darkquake's Makermod Server\sv_maxclients\32\sv_maxRate\5000\sv_minPing\0\sv_maxPing\0\sv_floodProtect\0\sv_allowDownload\1\bot_minplayers\0\g_allowNPC\1\g_weaponDisable\0\g_forcePowerDisable\0\g_forceRegenTime\0\g_siegeTeamSwitch\1\g_siegeRespawn\20\g_debugMelee\1\g_noSpecMove\0\g_maxGameClients\0\g_jediVmerc\0\g_siegeTeam1\none\g_siegeTeam2\none\version\(internal)JAmp: v1.0.1.0 win-x86 Oct 30 2003\g_maxHolocronCarry\3\g_gametype\0\g_needpass\0\protocol\26\mapname\mp/siege_desert\sv_privateClients\0\g_stepSlideFix\1\gamename\MakerMod\g_saberWallDamageScale\0.4\bg_fighterAltControl\0\g_showDuelHealths\0
[Sat Jan 18 01:03:56 2014]  ClientConnect: 0
[Sat Jan 18 01:04:11 2014]  ClientBegin: 0
[Sat Jan 18 01:05:02 2014]  Kill: 0 0 39: ^7M^0ando^7C^0rusher killed ^7M^0ando^7C^0rusher by MOD_SUICIDE
[Sat Jan 18 01:05:52 2014]  Kill: 1022 0 39: <world> killed ^7M^0ando^7C^0rusher by MOD_SUICIDE
[Sat Jan 18 01:06:29 2014]  Kill: 0 0 20: ^7M^0ando^7C^0rusher killed ^7M^0ando^7C^0rusher by MOD_ROCKET_SPLASH
[Sat Jan 18 01:10:16 2014]  Kill: 0 0 39: ^7M^0ando^7C^0rusher killed ^7M^0ando^7C^0rusher by MOD_SUICIDE
[Sat Jan 18 01:11:07 2014]  Kill: 0 0 39: ^7M^0ando^7C^0rusher killed ^7M^0ando^7C^0rusher by MOD_SUICIDE
[Sat Jan 18 01:11:14 2014]  Kill: 0 0 39: ^7M^0ando^7C^0rusher killed ^7M^0ando^7C^0rusher by MOD_SUICIDE
[Sat Jan 18 01:34:43 2014]  ClientDisconnect: 0
[Sat Jan 18 02:57:54 2014]  ClientConnect: 0
[Sat Jan 18 02:57:54 2014]  mlog:Player Matthew, connected. With IP - 174.126.79.124:29070 
[Sat Jan 18 02:58:29 2014]  ClientBegin: 0
[Sat Jan 18 03:00:16 2014]  Kill: 0 0 39: Matthew killed Matthew by MOD_SUICIDE
[Sat Jan 18 03:03:54 2014]  Exit: Timelimit hit.
[Sat Jan 18 03:03:54 2014]  score: -1  ping: 220  client: 0 Matthew
[Sat Jan 18 03:04:00 2014]  ShutdownGame:
[Sat Jan 18 03:04:00 2014]  ------------------------------------------------------------
[Sat Jan 18 03:04:01 2014]  ------------------------------------------------------------
[Sat Jan 18 03:04:01 2014]  InitGame: \dmflags\0\fraglimit\0\timelimit\120\capturelimit\0\g_privateDuel\1\g_saberLocking\1\g_maxForceRank\7\duel_fraglimit\10\g_forceBasedTeams\0\g_duelWeaponDisable\65531\sv_hostname\^3Darkquake's Makermod Server\sv_maxclients\32\sv_maxRate\5000\sv_minPing\0\sv_maxPing\0\sv_floodProtect\0\sv_allowDownload\1\bot_minplayers\0\g_allowNPC\1\g_weaponDisable\0\g_forcePowerDisable\0\g_forceRegenTime\0\g_siegeTeamSwitch\1\g_siegeRespawn\20\g_debugMelee\1\g_noSpecMove\0\g_maxGameClients\0\g_jediVmerc\0\g_siegeTeam1\none\g_siegeTeam2\none\version\(internal)JAmp: v1.0.1.0 win-x86 Oct 30 2003\g_maxHolocronCarry\3\g_gametype\0\g_needpass\0\protocol\26\mapname\t2_trip\sv_privateClients\0\g_stepSlideFix\1\gamename\MakerMod\g_saberWallDamageScale\0.4\bg_fighterAltControl\0\g_showDuelHealths\0
[Sat Jan 18 03:04:03 2014]  ClientConnect: 0
[Sat Jan 18 03:04:31 2014]  ClientBegin: 0
[Sat Jan 18 03:22:49 2014]  ClientDisconnect: 0
[Sat Jan 18 05:04:00 2014]  Exit: Timelimit hit.
[Sat Jan 18 16:45:25 2014]  ClientConnect: 0
[Sat Jan 18 16:45:25 2014]  mlog:Player ^5Rudzoni, connected. With IP - 91.232.159.8:32500 
[Sat Jan 18 16:45:28 2014]  ClientDisconnect: 0
[Sat Jan 18 16:45:28 2014]  ClientConnect: 0
[Sat Jan 18 16:45:28 2014]  mlog:Player ^5Rudzoni, connected. With IP - 91.232.159.8:32500 
[Sat Jan 18 16:46:09 2014]  ClientBegin: 0
[Sat Jan 18 16:46:31 2014]  ShutdownGame:
[Sat Jan 18 16:46:31 2014]  ------------------------------------------------------------
[Sat Jan 18 16:46:32 2014]  ------------------------------------------------------------
[Sat Jan 18 16:46:32 2014]  InitGame: \dmflags\0\fraglimit\0\timelimit\120\capturelimit\0\g_privateDuel\1\g_saberLocking\1\g_maxForceRank\7\duel_fraglimit\10\g_forceBasedTeams\0\g_duelWeaponDisable\65531\sv_hostname\^3Darkquake's Makermod Server\sv_maxclients\32\sv_maxRate\5000\sv_minPing\0\sv_maxPing\0\sv_floodProtect\0\sv_allowDownload\1\bot_minplayers\0\g_allowNPC\1\g_weaponDisable\0\g_forcePowerDisable\0\g_forceRegenTime\0\g_siegeTeamSwitch\1\g_siegeRespawn\20\g_debugMelee\1\g_noSpecMove\0\g_maxGameClients\0\g_jediVmerc\0\g_siegeTeam1\none\g_siegeTeam2\none\version\(internal)JAmp: v1.0.1.0 win-x86 Oct 30 2003\g_maxHolocronCarry\3\g_gametype\0\g_needpass\0\protocol\26\mapname\mp/siege_desert\sv_privateClients\0\g_stepSlideFix\1\gamename\MakerMod\g_saberWallDamageScale\0.4\bg_fighterAltControl\0\g_showDuelHealths\0
[Sat Jan 18 16:46:33 2014]  ClientConnect: 0
[Sat Jan 18 16:47:07 2014]  ClientBegin: 0
[Sat Jan 18 17:07:29 2014]  Kill: 0 0 27: ^5Rudzoni killed ^5Rudzoni by MOD_DET_PACK_SPLASH
[Sat Jan 18 17:09:42 2014]  ClientDisconnect: 0
[Sat Jan 18 18:46:31 2014]  Exit: Timelimit hit.
[Sun Jan 19 05:11:30 2014]  ClientConnect: 0
[Sun Jan 19 05:11:30 2014]  mlog:Player Matthew, connected. With IP - 174.126.79.124:29070 
[Sun Jan 19 05:12:08 2014]  ClientBegin: 0
[Sun Jan 19 05:12:15 2014]  ShutdownGame:
[Sun Jan 19 05:12:15 2014]  ------------------------------------------------------------
