[Fri Jan 10 13:58:10 2014]  ------------------------------------------------------------
[Fri Jan 10 13:58:10 2014]  InitGame: \dmflags\0\fraglimit\0\timelimit\120\capturelimit\0\g_privateDuel\1\g_saberLocking\1\g_maxForceRank\7\duel_fraglimit\10\g_forceBasedTeams\0\g_duelWeaponDisable\65531\sv_hostname\^3Darkquake's Makermod Server\sv_maxclients\32\sv_maxRate\5000\sv_minPing\0\sv_maxPing\0\sv_floodProtect\0\sv_allowDownload\1\bot_minplayers\0\g_allowNPC\1\g_weaponDisable\0\g_forcePowerDisable\0\g_forceRegenTime\0\g_siegeTeamSwitch\1\g_siegeRespawn\20\g_debugMelee\1\g_noSpecMove\0\g_maxGameClients\0\g_jediVmerc\0\g_siegeTeam1\none\g_siegeTeam2\none\version\(internal)JAmp: v1.0.1.0 win-x86 Oct 30 2003\g_maxHolocronCarry\3\g_gametype\0\g_needpass\0\protocol\26\mapname\mp/siege_desert\sv_privateClients\0\g_stepSlideFix\1\gamename\MakerMod\g_saberWallDamageScale\0.4\bg_fighterAltControl\0\g_showDuelHealths\0
[Fri Jan 10 13:58:11 2014]  ClientConnect: 0
[Fri Jan 10 13:58:24 2014]  ClientBegin: 0
[Fri Jan 10 14:00:02 2014]  ClientConnect: 1
[Fri Jan 10 14:00:02 2014]  mlog:Player Padawan, connected. With IP - 78.80.100.24:29147 
[Fri Jan 10 14:00:50 2014]  ClientBegin: 1
[Fri Jan 10 14:01:05 2014]  print "Jan^7 @@@PLRENAME LennY
"[Fri Jan 10 14:01:26 2014]  say: ^4Rebel Archie: come
[Fri Jan 10 14:01:31 2014]  say: LennY: moving
[Fri Jan 10 14:01:33 2014]  say: ^4Rebel Archie: we need continue jedi training
[Fri Jan 10 14:01:41 2014]  say: ^4Rebel Archie: AND FUCK
[Fri Jan 10 14:01:52 2014]  say: ^4Rebel Archie: I FORGOT MY FILENAME AND PASSWORD :D
[Fri Jan 10 14:01:56 2014]  say: ^4Rebel Archie: d:*
[Fri Jan 10 14:01:57 2014]  say: LennY: np im saved that
[Fri Jan 10 14:02:03 2014]  say: ^4Rebel Archie: :D
[Fri Jan 10 14:02:10 2014]  say: ^4Rebel Archie: i remember it was something with archie
[Fri Jan 10 14:02:30 2014]  say: LennY: what the
[Fri Jan 10 14:02:36 2014]  say: LennY: i can tload
[Fri Jan 10 14:02:40 2014]  say: ^4Rebel Archie: ???
[Fri Jan 10 14:02:44 2014]  say: LennY: bug
[Fri Jan 10 14:02:47 2014]  say: ^4Rebel Archie: ;((((((((((
[Fri Jan 10 14:02:54 2014]  say: ^4Rebel Archie: we need build everything again
[Fri Jan 10 14:03:05 2014]  say: LennY: god (
[Fri Jan 10 14:03:12 2014]  say: ^4Rebel Archie: COME
[Fri Jan 10 14:03:19 2014]  say: ^4Rebel Archie: I SHOW U OUR SHIP
[Fri Jan 10 14:03:36 2014]  say: ^4Rebel Archie: oop
[Fri Jan 10 14:03:44 2014]  say: LennY: this is why i dont have binds
[Fri Jan 10 14:03:59 2014]  say: LennY: i losted u
[Fri Jan 10 14:04:06 2014]  say: ^4Rebel Archie: this is our ship
[Fri Jan 10 14:04:11 2014]  say: LennY: bad ship
[Fri Jan 10 14:04:14 2014]  say: LennY: i create mine
[Fri Jan 10 14:04:20 2014]  say: ^4Rebel Archie: then this one
[Fri Jan 10 14:04:21 2014]  say: LennY: first
[Fri Jan 10 14:04:28 2014]  say: LennY: we must create u teacher room
[Fri Jan 10 14:04:31 2014]  say: LennY: come
[Fri Jan 10 14:04:34 2014]  say: LennY: if u want become a jedi
[Fri Jan 10 14:04:55 2014]  say: ^4Rebel Archie: ok lest go
[Fri Jan 10 14:05:10 2014]  say: LennY: /mlist mp
[Fri Jan 10 14:05:12 2014]  say: LennY: in mp is forces
[Fri Jan 10 14:05:31 2014]  say: LennY: dont
[Fri Jan 10 14:05:39 2014]  say: LennY: NOT HERE
[Fri Jan 10 14:05:41 2014]  say: LennY: HERE
[Fri Jan 10 14:05:46 2014]  say: LennY: WE MUST LEVITATE
[Fri Jan 10 14:05:51 2014]  say: LennY: GOD  WAT U DOING
[Fri Jan 10 14:05:52 2014]  say: LennY: REMOVE THA
[Fri Jan 10 14:05:53 2014]  say: LennY: REMOVE
[Fri Jan 10 14:06:01 2014]  say: LennY: build the
[Fri Jan 10 14:06:08 2014]  say: ^4Rebel Archie: the?
[Fri Jan 10 14:06:12 2014]  say: LennY: idk
[Fri Jan 10 14:06:13 2014]  say: LennY: just build
[Fri Jan 10 14:06:15 2014]  say: LennY: not force
[Fri Jan 10 14:06:17 2014]  say: ^4Rebel Archie: WAIT I HAVE IDEA
[Fri Jan 10 14:06:17 2014]  say: LennY: force is minem
[Fri Jan 10 14:09:13 2014]  Item: 0 ammo_all
[Fri Jan 10 14:09:51 2014]  say: LennY: oh god
[Fri Jan 10 14:09:53 2014]  ClientConnect: 2
[Fri Jan 10 14:09:53 2014]  mlog:Player ^0D^3arth ^0F^3urious, connected. With IP - 95.28.50.13:29070 
[Fri Jan 10 14:09:58 2014]  say: LennY: lol furi!
[Fri Jan 10 14:10:19 2014]  ClientBegin: 2
[Fri Jan 10 14:10:33 2014]  Item: 2 weapon_melee
[Fri Jan 10 14:10:56 2014]  Item: 0 ammo_all
[Fri Jan 10 14:11:04 2014]  say: ^0D^3arth ^0F^3urious: hi there
[Fri Jan 10 14:11:04 2014]  say: LennY: hi furi
[Fri Jan 10 14:11:07 2014]  say: ^4Rebel Archie: hi
[Fri Jan 10 14:11:20 2014]  say: LennY: lol
[Fri Jan 10 14:11:57 2014]  say: ^4Rebel Archie: i need to work on it
[Fri Jan 10 14:12:05 2014]  say: ^0D^3arth ^0F^3urious: nice)
[Fri Jan 10 14:12:10 2014]  say: LennY: this is force room
[Fri Jan 10 14:12:16 2014]  say: ^4Rebel Archie: furios
[Fri Jan 10 14:12:19 2014]  say: ^0D^3arth ^0F^3urious: ?
[Fri Jan 10 14:12:21 2014]  say: ^4Rebel Archie:  i little help with elevator :D
[Fri Jan 10 14:12:24 2014]  say: ^4Rebel Archie: to go faster
[Fri Jan 10 14:12:39 2014]  say: ^0D^3arth ^0F^3urious: first number is a distance...
[Fri Jan 10 14:12:46 2014]  say: ^0D^3arth ^0F^3urious: and a second one should be a speed
[Fri Jan 10 14:13:47 2014]  say: ^4Rebel Archie: now how can i use like this switcher when i press it to elevator goes XD?
[Fri Jan 10 14:14:02 2014]  say: ^0D^3arth ^0F^3urious: connect switchers to elevator
[Fri Jan 10 14:14:09 2014]  say: ^0D^3arth ^0F^3urious: /mselect switcher
[Fri Jan 10 14:14:15 2014]  say: ^0D^3arth ^0F^3urious: /mconnectto elevator
[Fri Jan 10 14:14:39 2014]  say: ^4Rebel Archie: lel
[Fri Jan 10 14:14:50 2014]  say: LennY: LOL
[Fri Jan 10 14:15:02 2014]  say: ^4Rebel Archie: XD says unkown command
[Fri Jan 10 14:15:13 2014]  say: ^0D^3arth ^0F^3urious: /mconnectto?
[Fri Jan 10 14:15:17 2014]  say: ^0D^3arth ^0F^3urious: move
[Fri Jan 10 14:15:19 2014]  say: ^4Rebel Archie: ok let me try now
[Fri Jan 10 14:15:38 2014]  say: LennY: HEAD IN UP
[Fri Jan 10 14:15:58 2014]  say: ^4Rebel Archie: wait
[Fri Jan 10 14:16:06 2014]  say: ^4Rebel Archie: when i say /mconnectto
[Fri Jan 10 14:16:15 2014]  say: ^4Rebel Archie: should a say the name of obj right?
[Fri Jan 10 14:16:20 2014]  say: ^0D^3arth ^0F^3urious: right
[Fri Jan 10 14:16:23 2014]  say: ^0D^3arth ^0F^3urious: or a number
[Fri Jan 10 14:16:49 2014]  say: ^0D^3arth ^0F^3urious: ^0UU ^3- ^0JA ^3Minimized
[Fri Jan 10 14:16:57 2014]  say: ^0D^3arth ^0F^3urious: ^0UU ^3- ^0JA ^3Restored
[Fri Jan 10 14:17:54 2014]  say: ^4Rebel Archie: um
[Fri Jan 10 14:17:57 2014]  say: ^4Rebel Archie: furios
[Fri Jan 10 14:17:59 2014]  say: LennY: LOL
[Fri Jan 10 14:18:04 2014]  say: ^4Rebel Archie: can u make for me a elevator XD
[Fri Jan 10 14:18:08 2014]  say: ^0D^3arth ^0F^3urious: ^5Facepalm...
[Fri Jan 10 14:18:12 2014]  say: ^0D^3arth ^0F^3urious: i dont want to
[Fri Jan 10 14:18:23 2014]  say: ^0D^3arth ^0F^3urious: id make it without switchers
[Fri Jan 10 14:18:30 2014]  say: ^4Rebel Archie: how :D
[Fri Jan 10 14:18:31 2014]  say: ^4Rebel Archie: ?
[Fri Jan 10 14:18:37 2014]  say: ^0D^3arth ^0F^3urious: just an elevator
[Fri Jan 10 14:18:43 2014]  say: ^4Rebel Archie: yes how?
[Fri Jan 10 14:18:45 2014]  say: ^0D^3arth ^0F^3urious: it works when you stand on it
[Fri Jan 10 14:18:51 2014]  say: ^4Rebel Archie: YES I UNDERSTAND XD
[Fri Jan 10 14:18:57 2014]  say: ^4Rebel Archie: just tell me how
[Fri Jan 10 14:19:01 2014]  say: ^0D^3arth ^0F^3urious: oh, you didnt even use /mplatform on it?
[Fri Jan 10 14:19:05 2014]  say: ^4Rebel Archie: i did
[Fri Jan 10 14:19:12 2014]  say: ^4Rebel Archie: i did /mplatform 1 1
[Fri Jan 10 14:19:13 2014]  say: ^0D^3arth ^0F^3urious: then whats the problem?
[Fri Jan 10 14:19:17 2014]  say: ^0D^3arth ^0F^3urious: 1??
[Fri Jan 10 14:19:21 2014]  say: ^4Rebel Archie: no
[Fri Jan 10 14:19:24 2014]  say: ^4Rebel Archie: wait
[Fri Jan 10 14:19:33 2014]  say: ^0D^3arth ^0F^3urious: step aside
[Fri Jan 10 14:19:43 2014]  say: ^0D^3arth ^0F^3urious: and remove that switcher
[Fri Jan 10 14:19:58 2014]  say: ^4Rebel Archie: done
[Fri Jan 10 14:20:12 2014]  say: ^0D^3arth ^0F^3urious: move
[Fri Jan 10 14:20:19 2014]  say: ^4Rebel Archie: come lenny
[Fri Jan 10 14:20:38 2014]  say: ^4Rebel Archie: now were going to make story XD 
[Fri Jan 10 14:20:42 2014]  say: ^4Rebel Archie: so u can ignore us if u want
[Fri Jan 10 14:20:43 2014]  say: ^4Rebel Archie: so
[Fri Jan 10 14:20:49 2014]  say: ^0D^3arth ^0F^3urious: here
[Fri Jan 10 14:20:50 2014]  say: ^4Rebel Archie: 0.0 ty
[Fri Jan 10 14:20:56 2014]  say: LennY: u PRO!
[Fri Jan 10 14:21:00 2014]  say: ^0D^3arth ^0F^3urious: just /mplatform 120
[Fri Jan 10 14:21:04 2014]  say: ^4Rebel Archie: ah
[Fri Jan 10 14:21:07 2014]  say: ^0D^3arth ^0F^3urious: a single cmd
[Fri Jan 10 14:21:14 2014]  say: ^4Rebel Archie: and
[Fri Jan 10 14:21:16 2014]  say: ^4Rebel Archie: NOW
[Fri Jan 10 14:21:21 2014]  say: ^4Rebel Archie: THE BIGGEST PROBLEM I HAVE
[Fri Jan 10 14:21:22 2014]  say: ^0D^3arth ^0F^3urious: they wont move to sides
[Fri Jan 10 14:21:24 2014]  say: ^4Rebel Archie: the door
[Fri Jan 10 14:21:31 2014]  say: ^4Rebel Archie: i dunno to do
[Fri Jan 10 14:21:31 2014]  say: ^0D^3arth ^0F^3urious: theres no such cmd
[Fri Jan 10 14:21:36 2014]  say: ^4Rebel Archie: yes it is
[Fri Jan 10 14:21:37 2014]  say: ^4Rebel Archie: /mdoor
[Fri Jan 10 14:21:44 2014]  say: ^0D^3arth ^0F^3urious: well i dont use it
[Fri Jan 10 14:21:47 2014]  say: ^0D^3arth ^0F^3urious: never used
[Fri Jan 10 14:21:48 2014]  say: ^4Rebel Archie: oh lol
[Fri Jan 10 14:21:53 2014]  say: ^4Rebel Archie: it says
[Fri Jan 10 14:22:04 2014]  say: ^4Rebel Archie: mdoor < x y z>
[Fri Jan 10 14:22:04 2014]  say: ^0D^3arth ^0F^3urious: place one big door so it shall move up
[Fri Jan 10 14:22:08 2014]  say: ^0D^3arth ^0F^3urious: right
[Fri Jan 10 14:22:12 2014]  say: ^4Rebel Archie: then
[Fri Jan 10 14:22:14 2014]  say: ^4Rebel Archie: the 
[Fri Jan 10 14:22:16 2014]  say: ^0D^3arth ^0F^3urious: the distance they will move to
[Fri Jan 10 14:22:23 2014]  say: ^0D^3arth ^0F^3urious: remove them
[Fri Jan 10 14:22:23 2014]  say: ^4Rebel Archie: right
[Fri Jan 10 14:22:25 2014]  say: ^0D^3arth ^0F^3urious: lemme try
[Fri Jan 10 14:22:41 2014]  say: ^4Rebel Archie: lol stuck
[Fri Jan 10 14:22:43 2014]  say: ^0D^3arth ^0F^3urious: oh, you cant anymore
[Fri Jan 10 14:22:48 2014]  say: ^4Rebel Archie: ik
[Fri Jan 10 14:22:59 2014]  say: ^4Rebel Archie: lol 
[Fri Jan 10 14:23:00 2014]  say: ^4Rebel Archie: WAIT
[Fri Jan 10 14:23:04 2014]  say: ^0D^3arth ^0F^3urious: well theres no way to select them
[Fri Jan 10 14:23:08 2014]  say: ^0D^3arth ^0F^3urious: anymore
[Fri Jan 10 14:23:12 2014]  say: ^4Rebel Archie: i can reconect
[Fri Jan 10 14:23:15 2014]  say: ^4Rebel Archie: cauze
[Fri Jan 10 14:23:17 2014]  say: ^4Rebel Archie: i didnt save
[Fri Jan 10 14:23:28 2014]  say: ^0D^3arth ^0F^3urious: wont you kill all other obs?
[Fri Jan 10 14:23:34 2014]  say: ^4Rebel Archie: eh
[Fri Jan 10 14:23:43 2014]  say: ^4Rebel Archie: my only obs are those
[Fri Jan 10 14:23:46 2014]  say: LennY: LOL
[Fri Jan 10 14:23:47 2014]  say: ^0D^3arth ^0F^3urious: btw there is /mkillall cmd for that
[Fri Jan 10 14:23:52 2014]  say: ^4Rebel Archie: lol
[Fri Jan 10 14:23:55 2014]  say: ^4Rebel Archie: need to learn
[Fri Jan 10 14:24:09 2014]  say: ^4Rebel Archie: ok
[Fri Jan 10 14:24:11 2014]  say: ^0D^3arth ^0F^3urious: there were scepters also
[Fri Jan 10 14:24:21 2014]  say: ^4Rebel Archie: eh
[Fri Jan 10 14:24:25 2014]  say: ^4Rebel Archie: leave them
[Fri Jan 10 14:24:29 2014]  say: ^0D^3arth ^0F^3urious: ok
[Fri Jan 10 14:24:37 2014]  say: ^0D^3arth ^0F^3urious: doors should have a button to open
[Fri Jan 10 14:24:43 2014]  say: ^4Rebel Archie: or
[Fri Jan 10 14:24:46 2014]  say: LennY: I NEED DOORS
[Fri Jan 10 14:24:48 2014]  say: ^4Rebel Archie: u can press the doors to open
[Fri Jan 10 14:24:52 2014]  Kill: 2 1 36: ^0D^3arth ^0F^3urious killed LennY by MOD_CRUSH
[Fri Jan 10 14:24:56 2014]  say: ^4Rebel Archie: lol
[Fri Jan 10 14:25:00 2014]  say: ^0D^3arth ^0F^3urious: nope
[Fri Jan 10 14:25:05 2014]  say: ^4Rebel Archie: then with a button
[Fri Jan 10 14:25:08 2014]  say: ^0D^3arth ^0F^3urious: when theyre vertical, you cant
[Fri Jan 10 14:25:12 2014]  say: ^4Rebel Archie: ok
[Fri Jan 10 14:25:15 2014]  say: ^4Rebel Archie: lenny
[Fri Jan 10 14:25:21 2014]  say: ^0D^3arth ^0F^3urious: ^5Banshee Scream!
[Fri Jan 10 14:25:24 2014]  say: ^4Rebel Archie: dont forget  to /msaveobs
[Fri Jan 10 14:25:25 2014]  say: LennY: lol
[Fri Jan 10 14:25:32 2014]  say: ^0D^3arth ^0F^3urious: lenhy
[Fri Jan 10 14:25:37 2014]  say: ^0D^3arth ^0F^3urious: dont_disturb_me
[Fri Jan 10 14:26:10 2014]  say: ^4Rebel Archie: let him to do work
[Fri Jan 10 14:26:30 2014]  say: ^4Rebel Archie: after u done tell me what to do
[Fri Jan 10 14:26:38 2014]  say: ^4Rebel Archie: with doors
[Fri Jan 10 14:26:40 2014]  say: ^4Rebel Archie: to remember
[Fri Jan 10 14:26:55 2014]  say: ^0D^3arth ^0F^3urious: what the...
[Fri Jan 10 14:27:08 2014]  say: ^4Rebel Archie: lenny wanna make cell?
[Fri Jan 10 14:27:09 2014]  say: ^0D^3arth ^0F^3urious: doesnt seem to work
[Fri Jan 10 14:27:12 2014]  say: ^4Rebel Archie: oj
[Fri Jan 10 14:27:13 2014]  say: ^4Rebel Archie: oh*
[Fri Jan 10 14:27:24 2014]  say: ^0D^3arth ^0F^3urious: so ill do it another way
[Fri Jan 10 14:27:27 2014]  say: ^4Rebel Archie: ok
[Fri Jan 10 14:27:56 2014]  ClientConnect: 3
[Fri Jan 10 14:27:56 2014]  mlog:Player Padawan, connected. With IP - 89.179.70.205:29071 
[Fri Jan 10 14:28:23 2014]  ClientDisconnect: 3
[Fri Jan 10 14:28:23 2014]  ClientDisconnect: 3
[Fri Jan 10 14:28:23 2014]  ClientConnect: 3
[Fri Jan 10 14:28:23 2014]  mlog:Player Padawan, connected. With IP - 89.179.70.205:29071 
[Fri Jan 10 14:29:24 2014]  say: ^4Rebel Archie: ty
[Fri Jan 10 14:29:28 2014]  say: ^4Rebel Archie: tell me what u did :D
[Fri Jan 10 14:29:32 2014]  ClientBegin: 3
[Fri Jan 10 14:29:57 2014]  say: ^0D^3arth ^0F^3urious: here
[Fri Jan 10 14:30:00 2014]  say: ^4Rebel Archie: um
[Fri Jan 10 14:30:05 2014]  say: ^4Rebel Archie: here no button XD
[Fri Jan 10 14:30:07 2014]  say: ^0D^3arth ^0F^3urious: i placed a door with /mplatform -200
[Fri Jan 10 14:30:15 2014]  say: ^0D^3arth ^0F^3urious: ok, ill place it now
[Fri Jan 10 14:30:20 2014]  Kill: 1022 3 6: <world> killed Padawan by MOD_BLASTER
[Fri Jan 10 14:30:23 2014]  say: ^4Rebel Archie: tell m
[Fri Jan 10 14:30:24 2014]  say: ^4Rebel Archie: me
[Fri Jan 10 14:30:32 2014]  say: ^0D^3arth ^0F^3urious: then i placed a button
[Fri Jan 10 14:30:36 2014]  say: ^4Rebel Archie: how u spawned the button
[Fri Jan 10 14:30:40 2014]  say: ^4Rebel Archie: what cmd
[Fri Jan 10 14:30:47 2014]  say: ^0D^3arth ^0F^3urious: /mplace factory/f_con1
[Fri Jan 10 14:30:51 2014]  say: ^4Rebel Archie: ok ty
[Fri Jan 10 14:30:52 2014]  say: ^0D^3arth ^0F^3urious: it can be any object
[Fri Jan 10 14:31:01 2014]  say: ^4Rebel Archie: ok thank u
[Fri Jan 10 14:31:15 2014]  say: ^4Rebel Archie: LENNY WHERE U
[Fri Jan 10 14:31:23 2014]  say: ^0D^3arth ^0F^3urious: but earlier i did /mname door1 
[Fri Jan 10 14:31:26 2014]  say: ^0D^3arth ^0F^3urious: on door
[Fri Jan 10 14:31:37 2014]  say: ^0D^3arth ^0F^3urious: and then /musable on button
[Fri Jan 10 14:31:42 2014]  say: ^4Rebel Archie: aha
[Fri Jan 10 14:31:43 2014]  say: ^0D^3arth ^0F^3urious: and /mconnectto door1
[Fri Jan 10 14:31:48 2014]  say: ^4Rebel Archie: aha ty
[Fri Jan 10 14:32:05 2014]  say: ^0D^3arth ^0F^3urious: wtf is it?
[Fri Jan 10 14:32:14 2014]  say: ^4Rebel Archie: garabage from my friend XD
[Fri Jan 10 14:32:19 2014]  say: LennY: ?
[Fri Jan 10 14:32:23 2014]  say: ^0D^3arth ^0F^3urious: remove it plz
[Fri Jan 10 14:32:25 2014]  say: LennY: no
[Fri Jan 10 14:32:29 2014]  say: LennY: i cant
[Fri Jan 10 14:32:33 2014]  say: ^0D^3arth ^0F^3urious: it doesnt let to pass
[Fri Jan 10 14:32:36 2014]  say: ^0D^3arth ^0F^3urious: omg
[Fri Jan 10 14:32:41 2014]  ClientDisconnect: 3
[Fri Jan 10 14:32:41 2014]  say: ^0D^3arth ^0F^3urious: /mselect and mkill
[Fri Jan 10 14:32:47 2014]  say: ^0D^3arth ^0F^3urious: ^5Facepalm...
[Fri Jan 10 14:32:59 2014]  say: ^0D^3arth ^0F^3urious: ^0UU ^3- ^0JA ^3Minimized
[Fri Jan 10 14:33:18 2014]  say: ^0D^3arth ^0F^3urious: ^0UU ^3- ^0JA ^3Restored
[Fri Jan 10 14:33:29 2014]  say: ^0D^3arth ^0F^3urious: and wtf is this?
[Fri Jan 10 14:33:33 2014]  say: ^4Rebel Archie: well
[Fri Jan 10 14:33:34 2014]  ClientConnect: 3
[Fri Jan 10 14:33:34 2014]  mlog:Player Padawan, connected. With IP - 89.179.70.205:29071 
[Fri Jan 10 14:33:40 2014]  say: ^4Rebel Archie: my teacher force room XD
[Fri Jan 10 14:33:43 2014]  say: ^4Rebel Archie: lenny made it
[Fri Jan 10 14:33:57 2014]  say: ^0D^3arth ^0F^3urious: it seems he just forgot this thing here
[Fri Jan 10 14:34:02 2014]  ClientBegin: 3
[Fri Jan 10 14:34:16 2014]  say: ^4Rebel Archie: lenny come see
[Fri Jan 10 14:34:22 2014]  Kill: 3 3 39: Padawan killed Padawan by MOD_SUICIDE
[Fri Jan 10 14:34:22 2014]  setteam:  3 FREE SPECTATOR
[Fri Jan 10 14:34:22 2014]  ClientBegin: 3
[Fri Jan 10 14:34:33 2014]  setteam:  3 SPECTATOR FREE
[Fri Jan 10 14:34:33 2014]  ClientBegin: 3
[Fri Jan 10 14:34:56 2014]  say: ^4Rebel Archie: ok ty dude now can u remove this ones cauze i know what to do
[Fri Jan 10 14:35:03 2014]  say: ^4Rebel Archie: so i can save them
[Fri Jan 10 14:35:07 2014]  say: ^4Rebel Archie: on this map
[Fri Jan 10 14:35:27 2014]  say: ^4Rebel Archie: where u lenny?
[Fri Jan 10 14:35:34 2014]  Kill: 3 3 39: Padawan killed Padawan by MOD_SUICIDE
[Fri Jan 10 14:35:34 2014]  setteam:  3 FREE SPECTATOR
[Fri Jan 10 14:35:34 2014]  ClientBegin: 3
[Fri Jan 10 14:36:09 2014]  setteam:  3 SPECTATOR FREE
[Fri Jan 10 14:36:09 2014]  ClientBegin: 3
[Fri Jan 10 14:37:11 2014]  say: ^4Rebel Archie: eh we cant kill u
[Fri Jan 10 14:37:15 2014]  say: ^4Rebel Archie: but we can troll u
[Fri Jan 10 14:37:22 2014]  say: Padawan: Me too lol
[Fri Jan 10 14:37:31 2014]  say: ^4Rebel Archie: we can fire all day :D
[Fri Jan 10 14:37:37 2014]  say: Padawan: me too
[Fri Jan 10 14:37:46 2014]  say: ^4Rebel Archie: ur not firying Lol :D
[Fri Jan 10 14:37:49 2014]  ClientDisconnect: 2
[Fri Jan 10 14:38:16 2014]  say: ^4Rebel Archie: stop hes ignoring us so 
[Fri Jan 10 14:38:23 2014]  say: ^4Rebel Archie: we can continue our building
[Fri Jan 10 14:38:50 2014]  say: LennY: LOL
[Fri Jan 10 14:38:52 2014]  Item: 1 ammo_all
[Fri Jan 10 14:38:55 2014]  say: LennY: HES REMOVED THAT
[Fri Jan 10 14:39:02 2014]  say: ^4Rebel Archie: look
[Fri Jan 10 14:39:06 2014]  say: ^4Rebel Archie: i made elevator mate :D
[Fri Jan 10 14:39:25 2014]  say: ^4Rebel Archie: lol lagg
[Fri Jan 10 14:39:33 2014]  say: LennY: YE
[Fri Jan 10 14:39:35 2014]  say: LennY: ITS DOING ME
[Fri Jan 10 14:39:49 2014]  say: ^4Rebel Archie: STOP IT THEN
[Fri Jan 10 14:39:59 2014]  say: ^4Rebel Archie: dude
[Fri Jan 10 14:40:03 2014]  say: ^4Rebel Archie: STOP THAT
[Fri Jan 10 14:40:17 2014]  say: LennY: WAT?
[Fri Jan 10 14:40:21 2014]  say: ^4Rebel Archie: U MAKE ME LAGG
[Fri Jan 10 14:40:43 2014]  say: ^4Rebel Archie: DUDE
[Fri Jan 10 14:40:45 2014]  say: ^4Rebel Archie: -.-
[Fri Jan 10 14:40:48 2014]  say: ^4Rebel Archie: stop it
[Fri Jan 10 14:40:51 2014]  say: ^4Rebel Archie: u make me lagg
[Fri Jan 10 14:41:00 2014]  say: LennY: U THINK ITS DOING ME :d?
[Fri Jan 10 14:41:05 2014]  say: ^4Rebel Archie: then wtf
[Fri Jan 10 14:41:22 2014]  say: LennY: DAT DOING PADAWAN LOL
[Fri Jan 10 14:42:02 2014]  say: ^4Rebel Archie: lol
[Fri Jan 10 14:42:26 2014]  say: ^4Rebel Archie: wanna elevator?
[Fri Jan 10 14:42:32 2014]  say: LennY: no
[Fri Jan 10 14:42:55 2014]  say: ^4Rebel Archie: wanna go swtor?
[Fri Jan 10 14:43:09 2014]  say: ^4Rebel Archie: mlist
[Fri Jan 10 14:43:12 2014]  say: ^4Rebel Archie: mlist mp
[Fri Jan 10 14:43:14 2014]  say: ^4Rebel Archie: oops
[Fri Jan 10 14:43:20 2014]  say: LennY: lol
[Fri Jan 10 14:44:01 2014]  say: ^4Rebel Archie: see ur doing lagg
[Fri Jan 10 14:44:10 2014]  say: LennY: oh rly?
[Fri Jan 10 14:44:11 2014]  say: ^4Rebel Archie:  when u spawn obj u making me lagg
[Fri Jan 10 14:44:21 2014]  say: ^4Rebel Archie: holy
[Fri Jan 10 14:44:34 2014]  say: ^4Rebel Archie: i need to make my training room
[Fri Jan 10 14:44:43 2014]  ClientDisconnect: 3
[Fri Jan 10 14:44:50 2014]  say: LennY: u cant
[Fri Jan 10 14:44:54 2014]  say: ^4Rebel Archie: yes i can
[Fri Jan 10 14:45:01 2014]  say: LennY: u a padawan
[Fri Jan 10 14:45:09 2014]  say: ^4Rebel Archie: and i can build so :P
[Fri Jan 10 14:45:12 2014]  say: LennY: u can
[Fri Jan 10 14:45:14 2014]  say: LennY: build
[Fri Jan 10 14:45:16 2014]  say: LennY: this yes
[Fri Jan 10 14:45:21 2014]  say: LennY: and u padawan
[Fri Jan 10 14:45:23 2014]  say: LennY: u not jedi
[Fri Jan 10 14:45:27 2014]  say: LennY:  ucant make forces then
[Fri Jan 10 14:45:39 2014]  say: ^4Rebel Archie: they are holocrons
[Fri Jan 10 14:45:42 2014]  say: ^4Rebel Archie: i can take them
[Fri Jan 10 14:45:47 2014]  say: ^4Rebel Archie: but i cant learn them
[Fri Jan 10 14:45:47 2014]  say: ^4Rebel Archie: yet
[Fri Jan 10 14:45:50 2014]  say: LennY: REMOVE THIS SHIT
[Fri Jan 10 14:45:55 2014]  say: ^4Rebel Archie: DUDE
[Fri Jan 10 14:45:55 2014]  say: LennY: THIS IS MY HOUSE
[Fri Jan 10 14:46:02 2014]  say: LennY: REMOVE THIS SHIT!
[Fri Jan 10 14:46:03 2014]  say: ^4Rebel Archie: WHERE JEDI TAKE FORCE POWERS TELL ME?
[Fri Jan 10 14:46:07 2014]  say: LennY: REMOVE THI SHIT!
[Fri Jan 10 14:46:17 2014]  say: ^4Rebel Archie: u dunno omg
[Fri Jan 10 14:46:24 2014]  say: ^4Rebel Archie: from holocrons
[Fri Jan 10 14:46:33 2014]  say: ^4Rebel Archie: the jedi force powers are come from holocron
[Fri Jan 10 14:46:34 2014]  say: LennY: ?
[Fri Jan 10 14:46:40 2014]  say: LennY: ??
[Fri Jan 10 14:46:42 2014]  say: ^4Rebel Archie: like this
[Fri Jan 10 14:46:46 2014]  say: LennY: REMOVE THAT
[Fri Jan 10 14:46:48 2014]  say: ^4Rebel Archie: DUDE
[Fri Jan 10 14:46:59 2014]  say: ^4Rebel Archie: I WANNA LEARN U ABOUT STAR WARS -_-
[Fri Jan 10 14:47:05 2014]  say: LennY: ?
[Fri Jan 10 14:47:09 2014]  say: ^4Rebel Archie: cauze i play this game from 3 years old
[Fri Jan 10 14:47:16 2014]  say: ^4Rebel Archie: so i know it better
[Fri Jan 10 14:47:24 2014]  say: LennY: AND ME 4
[Fri Jan 10 14:47:26 2014]  say: ^4Rebel Archie: jedi powers like this
[Fri Jan 10 14:47:29 2014]  say: LennY: SO SHUT UP
[Fri Jan 10 14:47:31 2014]  say: ^4Rebel Archie: LOOK
[Fri Jan 10 14:47:39 2014]  say: ^4Rebel Archie: JEDI POWERS LIKE THIS
[Fri Jan 10 14:47:43 2014]  say: LennY: STFU
[Fri Jan 10 14:47:51 2014]  say: ^4Rebel Archie: ok then u never know about powers
[Fri Jan 10 14:48:10 2014]  say: ^4Rebel Archie: xd
[Fri Jan 10 14:49:03 2014]  say: ^4Rebel Archie: lol what is this house xd
[Fri Jan 10 14:49:37 2014]  say: ^4Rebel Archie: lest continues story ]
[Fri Jan 10 14:49:47 2014]  say: ^4Rebel Archie: with lightsaber fight
[Fri Jan 10 14:50:05 2014]  say: ^4Rebel Archie: ok gotta save obsd
[Fri Jan 10 14:50:08 2014]  say: ^4Rebel Archie: obs
[Fri Jan 10 14:50:26 2014]  say: ^4Rebel Archie: done
[Fri Jan 10 14:52:57 2014]  say: ^4Rebel Archie: wanna coffee?
[Fri Jan 10 14:54:23 2014]  Item: 0 weapon_blaster
[Fri Jan 10 14:55:01 2014]  say: LennY: bad
[Fri Jan 10 14:55:06 2014]  say: LennY: not my ship
[Fri Jan 10 14:55:11 2014]  say: ^4Rebel Archie: it is mine
[Fri Jan 10 14:55:14 2014]  say: LennY: ye
[Fri Jan 10 14:55:17 2014]  say: LennY: and its mine home
[Fri Jan 10 14:55:18 2014]  say: LennY: not u
[Fri Jan 10 14:55:21 2014]  say: LennY: now remove
[Fri Jan 10 14:55:23 2014]  say: ^4Rebel Archie: nah its our home 
[Fri Jan 10 14:55:34 2014]  say: LennY: REMOVE THE FUCKIG SHIP
[Fri Jan 10 14:55:42 2014]  say: ^4Rebel Archie: u mad
[Fri Jan 10 14:55:46 2014]  say: LennY: REMOVE THAT
[Fri Jan 10 14:56:08 2014]  say: LennY: DAFUQ THIS IS TEACHING ROOM
[Fri Jan 10 14:56:11 2014]  say: LennY: NOT HANGAR
[Fri Jan 10 14:56:14 2014]  say: ^4Rebel Archie: -.-
[Fri Jan 10 14:56:52 2014]  say: ^4Rebel Archie: there
[Fri Jan 10 14:57:06 2014]  say: ^4Rebel Archie: we need hmm
[Fri Jan 10 14:57:16 2014]  say: ^4Rebel Archie: cantina
[Fri Jan 10 14:57:18 2014]  say: ^4Rebel Archie: XD
[Fri Jan 10 14:57:20 2014]  say: LennY: ?
[Fri Jan 10 14:57:25 2014]  say: ^4Rebel Archie: nvm
[Fri Jan 10 14:57:28 2014]  say: LennY: U JOKING?
[Fri Jan 10 14:57:32 2014]  say: ^4Rebel Archie: wait
[Fri Jan 10 14:57:36 2014]  say: ^4Rebel Archie: here is u room
[Fri Jan 10 14:57:41 2014]  say: LennY: no
[Fri Jan 10 14:57:42 2014]  say: ^4Rebel Archie: and here is mine
[Fri Jan 10 14:57:44 2014]  say: LennY: its my home
[Fri Jan 10 14:57:44 2014]  say: ^4Rebel Archie: yes it is
[Fri Jan 10 14:58:01 2014]  say: LennY: remove this
[Fri Jan 10 14:58:04 2014]  say: ^4Rebel Archie: no
[Fri Jan 10 14:58:09 2014]  ClientDisconnect: 1
[Fri Jan 10 14:58:10 2014]  Item: 0 weapon_concussion_rifle
[Fri Jan 10 15:00:22 2014]  ClientDisconnect: 0
[Fri Jan 10 15:58:09 2014]  Exit: Timelimit hit.
[Fri Jan 10 18:56:13 2014]  ClientConnect: 0
[Fri Jan 10 18:56:13 2014]  mlog:Player Padawan, connected. With IP - 79.117.29.7:29070 
[Fri Jan 10 18:56:48 2014]  ClientBegin: 0
[Fri Jan 10 18:56:53 2014]  ShutdownGame:
[Fri Jan 10 18:56:53 2014]  ------------------------------------------------------------
[Fri Jan 10 18:56:53 2014]  ------------------------------------------------------------
[Fri Jan 10 18:56:53 2014]  InitGame: \dmflags\0\fraglimit\0\timelimit\120\capturelimit\0\g_privateDuel\1\g_saberLocking\1\g_maxForceRank\7\duel_fraglimit\10\g_forceBasedTeams\0\g_duelWeaponDisable\65531\sv_hostname\^3Darkquake's Makermod Server\sv_maxclients\32\sv_maxRate\5000\sv_minPing\0\sv_maxPing\0\sv_floodProtect\0\sv_allowDownload\1\bot_minplayers\0\g_allowNPC\1\g_weaponDisable\0\g_forcePowerDisable\0\g_forceRegenTime\0\g_siegeTeamSwitch\1\g_siegeRespawn\20\g_debugMelee\1\g_noSpecMove\0\g_maxGameClients\0\g_jediVmerc\0\g_siegeTeam1\none\g_siegeTeam2\none\version\(internal)JAmp: v1.0.1.0 win-x86 Oct 30 2003\g_maxHolocronCarry\3\g_gametype\0\g_needpass\0\protocol\26\mapname\t2_trip\sv_privateClients\0\g_stepSlideFix\1\gamename\MakerMod\g_saberWallDamageScale\0.4\bg_fighterAltControl\0\g_showDuelHealths\0
[Fri Jan 10 18:56:55 2014]  ClientConnect: 0
[Fri Jan 10 18:57:13 2014]  ClientBegin: 0
[Fri Jan 10 19:01:13 2014]  ClientConnect: 1
[Fri Jan 10 19:01:13 2014]  mlog:Player Padawan, connected. With IP - 78.80.100.24:20972 
[Fri Jan 10 19:01:59 2014]  ClientBegin: 1
[Fri Jan 10 19:02:03 2014]  print "^4Rebel Archie^7 @@@PLRENAME ^4Padawan Archie
"[Fri Jan 10 19:02:38 2014]  say: ^4Padawan Archie: whereu?
[Fri Jan 10 19:02:41 2014]  say: ^4Padawan Archie: where u*
[Fri Jan 10 19:02:49 2014]  say: LennY: OH 
[Fri Jan 10 19:02:51 2014]  say: LennY: YA 
[Fri Jan 10 19:02:56 2014]  say: LennY: LETS GO
[Fri Jan 10 19:02:59 2014]  say: ^4Padawan Archie: lest continue training lenny
[Fri Jan 10 19:03:03 2014]  say: LennY: NO
[Fri Jan 10 19:03:10 2014]  say: LennY: this is not desert
[Fri Jan 10 19:03:14 2014]  say: LennY: jan and kyle story is there
[Fri Jan 10 19:03:18 2014]  print "LennY^7 @@@PLRENAME Jan
"[Fri Jan 10 19:03:19 2014]  say: ^4Padawan Archie: here*
[Fri Jan 10 19:03:24 2014]  say: Jan: STOP
[Fri Jan 10 19:03:29 2014]  say: Jan: STOP SAYING 
[Fri Jan 10 19:03:30 2014]  say: Jan: THIS
[Fri Jan 10 19:03:33 2014]  say: ^4Padawan Archie: why?
[Fri Jan 10 19:03:37 2014]  say: Jan: BECAUSE 
[Fri Jan 10 19:03:39 2014]  say: Jan: U VLAD!
[Fri Jan 10 19:03:42 2014]  say: ^4Padawan Archie: oh
[Fri Jan 10 19:03:43 2014]  say: ^4Padawan Archie: ok
[Fri Jan 10 19:03:58 2014]  say: ^4Padawan Archie: well in this story
[Fri Jan 10 19:04:01 2014]  say: ^4Padawan Archie: kyle trains jan
[Fri Jan 10 19:04:08 2014]  say: Jan: marable
[Fri Jan 10 19:04:09 2014]  say: Jan: lol
[Fri Jan 10 19:04:12 2014]  say: ^4Padawan Archie: ok 
[Fri Jan 10 19:04:17 2014]  say: ^4Padawan Archie: so open lightsaber
[Fri Jan 10 19:04:23 2014]  say: Jan: eh?
[Fri Jan 10 19:04:32 2014]  say: ^4Padawan Archie: i gived u lightsaber yearstaday
[Fri Jan 10 19:04:36 2014]  say: ^4Padawan Archie: a yellow one
[Fri Jan 10 19:04:40 2014]  say: Jan: !
[Fri Jan 10 19:04:43 2014]  say: Jan: A FUCKING BUG
[Fri Jan 10 19:04:45 2014]  say: ^4Padawan Archie: dont tell me u lost it
[Fri Jan 10 19:04:55 2014]  say: ^4Padawan Archie: !
[Fri Jan 10 19:05:07 2014]  say: ^4Padawan Archie: u no have powers
[Fri Jan 10 19:05:11 2014]  say: ^4Padawan Archie: there
[Fri Jan 10 19:05:17 2014]  say: ^4Padawan Archie: good u have lightsaber
[Fri Jan 10 19:05:29 2014]  say: ^4Padawan Archie: and i didnt train u with force -_-
[Fri Jan 10 19:06:41 2014]  Kill: 0 1 3: ^4Padawan Archie killed Jan by MOD_SABER
[Fri Jan 10 19:06:48 2014]  say: Jan: IM DED ...
[Fri Jan 10 19:06:52 2014]  say: ^4Padawan Archie: i am a lightsaber master
[Fri Jan 10 19:06:53 2014]  say: ^4Padawan Archie: so 
[Fri Jan 10 19:06:56 2014]  say: ^4Padawan Archie: u have to learn
[Fri Jan 10 19:07:00 2014]  say: ^4Padawan Archie: ik all 7 forms
[Fri Jan 10 19:07:15 2014]  say: ^4Padawan Archie: k come back
[Fri Jan 10 19:07:28 2014]  say: Jan: IM DYED
[Fri Jan 10 19:07:32 2014]  say: Jan: YOU KILLED ME
[Fri Jan 10 19:07:41 2014]  print "^4Padawan Archie^7 @@@PLRENAME ^4Kyle
"[Fri Jan 10 19:07:44 2014]  say: ^4Kyle: nah
[Fri Jan 10 19:07:47 2014]  say: ^4Kyle: ur only hurt
[Fri Jan 10 19:07:55 2014]  say: Jan: YE
[Fri Jan 10 19:08:02 2014]  say: Jan: IM HURT SO I CANT COME BACK
[Fri Jan 10 19:08:19 2014]  say: Jan: KYLE
[Fri Jan 10 19:08:28 2014]  say: ^4Kyle: ehm
[Fri Jan 10 19:08:29 2014]  say: Jan: LETS MAKE FAMILY
[Fri Jan 10 19:08:34 2014]  say: ^4Kyle: not now
[Fri Jan 10 19:08:38 2014]  say: ^4Kyle: we need make house
[Fri Jan 10 19:08:43 2014]  say: Jan: YESH
[Fri Jan 10 19:09:14 2014]  say: ^4Kyle: i make elevator
[Fri Jan 10 19:09:30 2014]  say: Jan: WAT?
[Fri Jan 10 19:10:52 2014]  say: ^4Kyle: im good
[Fri Jan 10 19:11:00 2014]  say: Jan: NO U SO IVL
[Fri Jan 10 19:11:05 2014]  say: ^4Kyle: nah
[Fri Jan 10 19:11:16 2014]  say: Jan: DONT
[Fri Jan 10 19:11:18 2014]  say: Jan: DONT KILL MEE
[Fri Jan 10 19:11:22 2014]  say: ^4Kyle: lol i wont 
[Fri Jan 10 19:11:24 2014]  Kill: 0 1 3: ^4Kyle killed Jan by MOD_SABER
[Fri Jan 10 19:11:26 2014]  say: Jan: -_-
[Fri Jan 10 19:11:27 2014]  say: ^4Kyle: NOOOOOOOO
[Fri Jan 10 19:11:29 2014]  say: Jan: IM DIED
[Fri Jan 10 19:11:33 2014]  say: Jan: BBYY..YEEE.
[Fri Jan 10 19:11:37 2014]  say: ^4Kyle: NOOOOOOOOOOOOOOOOOOOOOOOOOO
[Fri Jan 10 19:11:41 2014]  Kill: 0 0 39: ^4Kyle killed ^4Kyle by MOD_SUICIDE
[Fri Jan 10 19:11:43 2014]  print "Jan^7 @@@PLRENAME Dr.Edward
"[Fri Jan 10 19:11:46 2014]  say: ^4Kyle: u!
[Fri Jan 10 19:11:48 2014]  Kill: 0 0 39: ^4Kyle killed ^4Kyle by MOD_SUICIDE
[Fri Jan 10 19:11:50 2014]  say: ^4Kyle: oops
[Fri Jan 10 19:12:04 2014]  say: ^4Kyle: who are u?
[Fri Jan 10 19:12:09 2014]  say: Dr.Edward: im doctor edward
[Fri Jan 10 19:12:13 2014]  say: ^4Kyle: and?
[Fri Jan 10 19:12:23 2014]  say: Dr.Edward: and im moving to my home lol
[Fri Jan 10 19:12:40 2014]  say: Dr.Edward: ?
[Fri Jan 10 19:13:17 2014]  say: Dr.Edward: wat u want mr. .?
[Fri Jan 10 19:13:19 2014]  say: ^4Kyle: u are imperial
[Fri Jan 10 19:13:22 2014]  say: Dr.Edward: no
[Fri Jan 10 19:13:25 2014]  say: Dr.Edward: im doctor edward
[Fri Jan 10 19:13:30 2014]  say: ^4Kyle: do u know a female named jan?
[Fri Jan 10 19:13:37 2014]  say: Dr.Edward: no lol
[Fri Jan 10 19:13:46 2014]  say: ^4Kyle: u are jedi or sith?
[Fri Jan 10 19:13:52 2014]  say: Dr.Edward: im doctor
[Fri Jan 10 19:14:01 2014]  say: ^4Kyle: why then u have lightsaber?
[Fri Jan 10 19:14:09 2014]  say: Dr.Edward: its not lightsaber
[Fri Jan 10 19:14:15 2014]  say: Dr.Edward: its healing swoord
[Fri Jan 10 19:14:21 2014]  say: ^4Kyle: o
[Fri Jan 10 19:14:37 2014]  say: Dr.Edward: leave me alone
[Fri Jan 10 19:14:42 2014]  say: ^4Kyle: u are a doctor u say
[Fri Jan 10 19:14:43 2014]  say: ^4Kyle: ?
[Fri Jan 10 19:14:54 2014]  say: ^4Kyle: can u help a female?
[Fri Jan 10 19:15:00 2014]  say: ^4Kyle: to heal her
[Fri Jan 10 19:15:03 2014]  say: Dr.Edward: SURE
[Fri Jan 10 19:15:06 2014]  say: Dr.Edward: where is her
[Fri Jan 10 19:15:07 2014]  say: ^4Kyle: ok wait a min
[Fri Jan 10 19:15:12 2014]  say: ^4Kyle: stay here
[Fri Jan 10 19:15:24 2014]  say: ^4Kyle: here
[Fri Jan 10 19:15:33 2014]  say: Dr.Edward: OH GOD
[Fri Jan 10 19:15:47 2014]  say: Dr.Edward: its not weapon
[Fri Jan 10 19:15:48 2014]  say: Dr.Edward: its a 
[Fri Jan 10 19:15:50 2014]  Item: 0 weapon_blaster
[Fri Jan 10 19:15:51 2014]  say: Dr.Edward: heal wepon
[Fri Jan 10 19:16:18 2014]  say: ^4Kyle: ...
[Fri Jan 10 19:16:25 2014]  say: Dr.Edward: why u running
[Fri Jan 10 19:16:35 2014]  say: ^4Kyle: i will be back
[Fri Jan 10 19:16:40 2014]  say: ^4Kyle: make her good
[Fri Jan 10 19:16:52 2014]  Item: 1 weapon_disruptor
[Fri Jan 10 19:17:12 2014]  say: ^4Kyle: JAN
[Fri Jan 10 19:17:39 2014]  say: ^4Kyle: DOCTOR
[Fri Jan 10 19:17:52 2014]  say: ^4Kyle: because of u jan is dead!
[Fri Jan 10 19:17:54 2014]  say: ^4Kyle: ILL KILL U 
[Fri Jan 10 19:18:02 2014]  say: Dr.Edward: stop
[Fri Jan 10 19:18:04 2014]  say: Dr.Edward: FUCK YOU
[Fri Jan 10 19:18:07 2014]  say: ^4Kyle: U KILLED HER
[Fri Jan 10 19:18:34 2014]  say: ^4Kyle: shes back
[Fri Jan 10 19:18:36 2014]  Item: 1 weapon_disruptor
[Fri Jan 10 19:18:45 2014]  Item: 0 weapon_blaster
[Fri Jan 10 19:19:14 2014]  say: ^4Kyle: yes
[Fri Jan 10 19:19:19 2014]  say: ^4Kyle: DOCTOR HURRY
[Fri Jan 10 19:19:22 2014]  say: ^4Kyle: heal her
[Fri Jan 10 19:19:53 2014]  say: Dr.Edward: WAT ARE YOU DOING
[Fri Jan 10 19:19:59 2014]  say: ^4Kyle: trapped her
[Fri Jan 10 19:20:17 2014]  say: Dr.Edward: WAT CMD IS THIS
[Fri Jan 10 19:20:20 2014]  say: ^4Kyle: ill go meditate
[Fri Jan 10 19:20:25 2014]  say: ^4Kyle: i dunno
[Fri Jan 10 19:20:29 2014]  say: Dr.Edward: ...
[Fri Jan 10 19:20:33 2014]  say: ^4Kyle: just make her feel better
[Fri Jan 10 19:20:39 2014]  say: Dr.Edward: WAT CMD IS THIS
[Fri Jan 10 19:20:39 2014]  say: ^4Kyle: I DUNNO MAN 
[Fri Jan 10 19:20:46 2014]  say: ^4Kyle: I DUNNO -_-
[Fri Jan 10 19:20:51 2014]  say: Dr.Edward: U ALWAYS SPAWNING THAT
[Fri Jan 10 19:20:56 2014]  say: ^4Kyle: wat/
[Fri Jan 10 19:20:59 2014]  say: Dr.Edward: THIS
[Fri Jan 10 19:21:03 2014]  say: ^4Kyle: IT MAKES A FUCKING SOUND
[Fri Jan 10 19:21:06 2014]  say: ^4Kyle: nothing else
[Fri Jan 10 19:21:42 2014]  say: ^4Kyle: AH1
[Fri Jan 10 19:21:51 2014]  say: ^4Kyle: I FEEL A DISTURBANCE IN THE FORCE
[Fri Jan 10 19:22:02 2014]  say: ^4Kyle: DO /NOTARGET
[Fri Jan 10 19:22:24 2014]  say: Dr.Edward: HEH
[Fri Jan 10 19:22:28 2014]  say: Dr.Edward: JEDI IS LOCKED
[Fri Jan 10 19:22:38 2014]  say: ^4Kyle: DESANN
[Fri Jan 10 19:23:04 2014]  say: ^4Kyle: get cover!
[Fri Jan 10 19:23:45 2014]  say: ^4Kyle: I NEED SABRE
[Fri Jan 10 19:23:47 2014]  say: ^4Kyle: saber
[Fri Jan 10 19:24:42 2014]  say: ^4Kyle: WELL DONE PADAWAN
[Fri Jan 10 19:24:57 2014]  say: ^4Kyle: padawan:with a pleasure boss XD
[Fri Jan 10 19:24:59 2014]  say: ^4Kyle: oh u 
[Fri Jan 10 19:25:04 2014]  say: ^4Kyle: ok go
[Fri Jan 10 19:25:08 2014]  say: ^4Kyle: u have new mission
[Fri Jan 10 19:25:13 2014]  say: ^4Kyle: padawan;ok big z
[Fri Jan 10 19:25:21 2014]  say: ^4Kyle: first
[Fri Jan 10 19:25:25 2014]  say: ^4Kyle: lets duel
[Fri Jan 10 19:25:59 2014]  say: ^4Kyle: !!!
[Fri Jan 10 19:26:05 2014]  say: ^4Kyle: DARTH FRAX!
[Fri Jan 10 19:26:13 2014]  say: Dr.Edward: hai
[Fri Jan 10 19:26:18 2014]  say: Dr.Edward: close the lightsaber
[Fri Jan 10 19:26:18 2014]  say: ^4Kyle: u killed MY UNCLE
[Fri Jan 10 19:26:21 2014]  say: Dr.Edward: im in light side ..
[Fri Jan 10 19:26:25 2014]  say: Dr.Edward: not me
[Fri Jan 10 19:26:29 2014]  say: ^4Kyle:  U KILLED UR FATHER
[Fri Jan 10 19:26:31 2014]  say: ^4Kyle: FATHER
[Fri Jan 10 19:26:43 2014]  say: ^4Kyle: and he was a good man
[Fri Jan 10 19:26:47 2014]  say: ^4Kyle: now
[Fri Jan 10 19:26:50 2014]  say: Dr.Edward: my father was sith
[Fri Jan 10 19:26:50 2014]  say: ^4Kyle: u killed him
[Fri Jan 10 19:26:53 2014]  say: ^4Kyle: no
[Fri Jan 10 19:26:57 2014]  say: ^4Kyle: he was a spy
[Fri Jan 10 19:27:14 2014]  say: ^4Kyle: i will be with my eyes on u
[Fri Jan 10 19:27:42 2014]  say: ^4Kyle: frax's mother:oh i cant get him to dark side
[Fri Jan 10 19:27:51 2014]  say: ^4Kyle: np ill take him or SITH PLAN WILL WORK
[Fri Jan 10 19:28:16 2014]  say: Dr.Edward: so wat u doing here kyle
[Fri Jan 10 19:28:17 2014]  say: ^4Kyle: yes?
[Fri Jan 10 19:28:22 2014]  say: ^4Kyle: thinking
[Fri Jan 10 19:28:29 2014]  say: Dr.Edward: i see jan
[Fri Jan 10 19:28:33 2014]  say: ^4Kyle: nop
[Fri Jan 10 19:28:42 2014]  say: ^4Kyle: she at bespin
[Fri Jan 10 19:28:48 2014]  say: Dr.Edward: lol
[Fri Jan 10 19:29:04 2014]  say: Dr.Edward: and what hes doing her
[Fri Jan 10 19:29:19 2014]  say: Dr.Edward: U GIRL FRIEND IS HERE
[Fri Jan 10 19:29:21 2014]  say: Dr.Edward: AND U LEAVING
[Fri Jan 10 19:29:57 2014]  say: ^4Kyle: do /notarget off
[Fri Jan 10 19:30:42 2014]  print "^4Kyle^7 @@@PLRENAME ^4Kyle ^1Sith
"[Fri Jan 10 19:30:46 2014]  say: Dr.Edward: LEAVE ME ALONE KID
[Fri Jan 10 19:30:58 2014]  say: ^4Kyle ^1Sith: kill him my apprantice
[Fri Jan 10 19:31:03 2014]  say: ^4Kyle ^1Sith: reborn:yes
[Fri Jan 10 19:31:16 2014]  say: Dr.Edward: RAGE!
[Fri Jan 10 19:31:27 2014]  say: ^4Kyle ^1Sith: perfect my apprentice
[Fri Jan 10 19:31:29 2014]  say: ^4Kyle ^1Sith: make him rage
[Fri Jan 10 19:31:40 2014]  say: ^4Kyle ^1Sith: kill him!
[Fri Jan 10 19:31:56 2014]  say: Dr.Edward: SURRENDER!
[Fri Jan 10 19:31:59 2014]  say: Dr.Edward: I WILL NOT KILLING KIDS
[Fri Jan 10 19:32:01 2014]  say: ^4Kyle ^1Sith: REBORN:NEVER
[Fri Jan 10 19:32:10 2014]  say: Dr.Edward: no 
[Fri Jan 10 19:32:12 2014]  say: ^4Kyle ^1Sith: KILL HIM
[Fri Jan 10 19:32:14 2014]  say: Dr.Edward: no
[Fri Jan 10 19:32:33 2014]  say: Dr.Edward: oh come on
[Fri Jan 10 19:33:02 2014]  say: ^4Kyle ^1Sith: KILL HIM NOW
[Fri Jan 10 19:33:03 2014]  say: Dr.Edward: ...
[Fri Jan 10 19:33:07 2014]  say: ^4Kyle ^1Sith: give it anger
[Fri Jan 10 19:33:12 2014]  say: ^4Kyle ^1Sith: YES
[Fri Jan 10 19:33:14 2014]  say: ^4Kyle ^1Sith: u did well
[Fri Jan 10 19:33:21 2014]  say: ^4Kyle ^1Sith: come join us
[Fri Jan 10 19:33:30 2014]  say: ^4Kyle ^1Sith: lol
[Fri Jan 10 19:33:33 2014]  say: ^4Kyle ^1Sith: LAGG
[Fri Jan 10 19:33:36 2014]  say: Dr.Edward: epic fial
[Fri Jan 10 19:33:37 2014]  say: ^4Kyle ^1Sith: wtf
[Fri Jan 10 19:33:43 2014]  say: ^4Kyle ^1Sith: -_-
[Fri Jan 10 19:33:46 2014]  say: ^4Kyle ^1Sith: :(((
[Fri Jan 10 19:34:04 2014]  say: Dr.Edward: xd
[Fri Jan 10 19:34:06 2014]  say: Dr.Edward: that was amazing
[Fri Jan 10 19:34:07 2014]  say: Dr.Edward: :D
[Fri Jan 10 19:34:11 2014]  say: Dr.Edward: fly hit
[Fri Jan 10 19:34:15 2014]  say: Dr.Edward: lol
[Fri Jan 10 19:34:17 2014]  say: ^4Kyle ^1Sith: -_-
[Fri Jan 10 19:34:19 2014]  say: ^4Kyle ^1Sith: FUCKING LAGG
[Fri Jan 10 19:35:12 2014]  say: ^4Kyle ^1Sith: YES 
[Fri Jan 10 19:35:14 2014]  say: ^4Kyle ^1Sith: ANGER
[Fri Jan 10 19:35:15 2014]  say: ^4Kyle ^1Sith: GOOD
[Fri Jan 10 19:35:19 2014]  say: Dr.Edward: its not anger lol
[Fri Jan 10 19:35:30 2014]  say: Dr.Edward: its a lag
[Fri Jan 10 19:35:49 2014]  say: Dr.Edward: god mode lol
[Fri Jan 10 19:36:20 2014]  Kill: 0 1 3: ^4Kyle ^1Sith killed Dr.Edward by MOD_SABER
[Fri Jan 10 19:36:27 2014]  say: ^4Kyle ^1Sith: heh
[Fri Jan 10 19:36:35 2014]  say: ^4Kyle ^1Sith: TOLDA YA DARK SIDE IS STRONG
[Fri Jan 10 19:36:42 2014]  say: Dr.Edward: that was lag lol
[Fri Jan 10 19:37:02 2014]  say: Dr.Edward: and u have fcking god mode so  ez
[Fri Jan 10 19:37:12 2014]  Kill: 1 0 3: Dr.Edward killed ^4Kyle ^1Sith by MOD_SABER
[Fri Jan 10 19:37:19 2014]  say: ^4Kyle ^1Sith: u know u have mod 
[Fri Jan 10 19:37:23 2014]  say: ^4Kyle ^1Sith: that gives dmg bigger
[Fri Jan 10 19:37:28 2014]  say: Dr.Edward: i dont have god
[Fri Jan 10 19:37:41 2014]  say: ^4Kyle ^1Sith: then how u kill me fast hm? cauze i cant kill u fast
[Fri Jan 10 19:38:05 2014]  say: ^4Kyle ^1Sith: ill be back
[Fri Jan 10 19:39:37 2014]  say: ^4Kyle ^1Sith: frax
[Fri Jan 10 19:39:50 2014]  say: ^4Kyle ^1Sith: why wont u join dark side?
[Fri Jan 10 19:40:00 2014]  say: Dr.Edward: cuz
[Fri Jan 10 19:40:03 2014]  say: Dr.Edward: dark side is weak
[Fri Jan 10 19:40:06 2014]  say: ^4Kyle ^1Sith: no
[Fri Jan 10 19:40:18 2014]  say: ^4Kyle ^1Sith: with anger and hate u become stronger!
[Fri Jan 10 19:40:33 2014]  say: Dr.Edward: i have only my jacket
[Fri Jan 10 19:40:38 2014]  say: Dr.Edward: my jacket is strong
[Fri Jan 10 19:40:43 2014]  say: Dr.Edward: my jacket giving forces to me
[Fri Jan 10 19:40:43 2014]  say: ^4Kyle ^1Sith: kill him tavion
[Fri Jan 10 19:40:57 2014]  say: Dr.Edward: this shit?
[Fri Jan 10 19:41:02 2014]  say: Dr.Edward: this two shits??
[Fri Jan 10 19:41:04 2014]  say: Dr.Edward: hahah
[Fri Jan 10 19:41:07 2014]  say: Dr.Edward: funny ..
[Fri Jan 10 19:41:17 2014]  say: Dr.Edward: alora is ded hm?
[Fri Jan 10 19:41:32 2014]  say: Dr.Edward: oh thanks for blowjob tavion
[Fri Jan 10 19:43:00 2014]  say: ^4Kyle ^1Sith: suprise!
[Fri Jan 10 19:43:03 2014]  say: Dr.Edward: lol
[Fri Jan 10 19:43:22 2014]  say: ^4Kyle ^1Sith: muahaha
[Fri Jan 10 19:43:36 2014]  Kill: 1022 1 2: <world> killed Dr.Edward by MOD_MELEE
[Fri Jan 10 19:43:37 2014]  say: ^4Kyle ^1Sith: u cant use noclip
[Fri Jan 10 19:43:41 2014]  say: ^4Kyle ^1Sith: yup
[Fri Jan 10 19:43:43 2014]  say: ^4Kyle ^1Sith: sith won
[Fri Jan 10 19:44:29 2014]  say: ^4Kyle ^1Sith: hes my pet
[Fri Jan 10 19:45:24 2014]  say: ^4Kyle ^1Sith: where are ur 2 sabers?
[Fri Jan 10 19:45:25 2014]  ClientConnect: 2
[Fri Jan 10 19:45:25 2014]  mlog:Player Oshimaru'gyaku, connected. With IP - 92.25.52.175:29070 
[Fri Jan 10 19:45:31 2014]  say: ^4Kyle ^1Sith: DIE!
[Fri Jan 10 19:45:36 2014]  say: ^4Kyle ^1Sith: no noclip mate
[Fri Jan 10 19:45:40 2014]  Kill: 1022 0 2: <world> killed ^4Kyle ^1Sith by MOD_MELEE
[Fri Jan 10 19:45:45 2014]  Kill: 1 1 39: Dr.Edward killed Dr.Edward by MOD_SUICIDE
[Fri Jan 10 19:46:20 2014]  ClientBegin: 2
[Fri Jan 10 19:46:54 2014]  say: Oshimaru'gyaku: hello...
[Fri Jan 10 19:47:45 2014]  Kill: 2 2 39: Oshimaru'gyaku killed Oshimaru'gyaku by MOD_SUICIDE
[Fri Jan 10 19:47:45 2014]  setteam:  2 FREE SPECTATOR
[Fri Jan 10 19:47:45 2014]  ClientBegin: 2
[Fri Jan 10 19:47:45 2014]  say: ^4Kyle ^1Sith: frax can u come here
[Fri Jan 10 19:48:05 2014]  setteam:  2 SPECTATOR FREE
[Fri Jan 10 19:48:05 2014]  ClientBegin: 2
[Fri Jan 10 19:48:08 2014]  Kill: 1 1 39: Dr.Edward killed Dr.Edward by MOD_SUICIDE
[Fri Jan 10 19:48:53 2014]  say: ^4Kyle ^1Sith: ed
[Fri Jan 10 19:48:55 2014]  say: ^4Kyle ^1Sith: come here
[Fri Jan 10 19:49:15 2014]  Kill: 1022 1 36: <world> killed Dr.Edward by MOD_CRUSH
[Fri Jan 10 19:49:26 2014]  say: ^4Kyle ^1Sith: oshi pls leave alone
[Fri Jan 10 19:49:45 2014]  say: ^4Kyle ^1Sith: they are twin :D
[Fri Jan 10 19:49:50 2014]  say: Dr.Edward: GG
[Fri Jan 10 19:49:50 2014]  say: Oshimaru'gyaku: one tried to kill me
[Fri Jan 10 19:50:17 2014]  Kill: 1 1 39: Dr.Edward killed Dr.Edward by MOD_SUICIDE
[Fri Jan 10 19:50:35 2014]  say: Oshimaru'gyaku: ^1Combat ^0Script V1.1 By ^0Jawa Hunter
[Fri Jan 10 19:50:39 2014]  say: Oshimaru'gyaku: ^0ARG!!!!! 
[Fri Jan 10 19:50:52 2014]  say: Dr.Edward: MY LEGS
[Fri Jan 10 19:51:15 2014]  Kill: 1022 1 36: <world> killed Dr.Edward by MOD_CRUSH
[Fri Jan 10 19:51:42 2014]  say: Dr.Edward: EPIC FIAL
[Fri Jan 10 19:53:15 2014]  say: Oshimaru'gyaku: show yourself
[Fri Jan 10 19:53:39 2014]  say: Oshimaru'gyaku: now
[Fri Jan 10 19:53:50 2014]  ClientDisconnect: 1
[Fri Jan 10 19:55:24 2014]  say: ^4Kyle ^1Sith: heh angry kid
[Fri Jan 10 19:55:26 2014]  ClientDisconnect: 0
[Fri Jan 10 19:59:13 2014]  ClientDisconnect: 2
[Fri Jan 10 20:03:24 2014]  ClientConnect: 0
[Fri Jan 10 20:03:24 2014]  mlog:Player Padawan, connected. With IP - 79.117.29.7:29070 
[Fri Jan 10 20:03:56 2014]  ClientBegin: 0
[Fri Jan 10 20:04:12 2014]  print "^4Kyle ^1Sith^7 @@@PLRENAME ^1Imperial Officer
"[Fri Jan 10 20:05:01 2014]  ClientConnect: 1
[Fri Jan 10 20:05:01 2014]  mlog:Player Padawan, connected. With IP - 78.80.100.24:29230 
[Fri Jan 10 20:05:53 2014]  ClientBegin: 1
[Fri Jan 10 20:06:45 2014]  say: ^1Imperial Officer: i am waiting ur order sir!
[Fri Jan 10 20:07:23 2014]  say: ^1Imperial Officer: uh.. sir?
[Fri Jan 10 20:08:24 2014]  say: ^1Imperial Officer: sir!?
[Fri Jan 10 20:08:36 2014]  Kill: 0 1 19: ^1Imperial Officer killed Dr.Edward by MOD_ROCKET
[Fri Jan 10 20:10:03 2014]  say: Dr.Edward: LOL
[Fri Jan 10 20:10:09 2014]  say: ^1Imperial Officer: ehm
[Fri Jan 10 20:10:13 2014]  say: ^1Imperial Officer: spawn
[Fri Jan 10 20:12:17 2014]  say: ^1Imperial Officer: its imperial
[Fri Jan 10 20:12:36 2014]  say: ^1Imperial Officer: sir!?
[Fri Jan 10 20:12:48 2014]  say: Dr.Edward: im not sir u too not sir
[Fri Jan 10 20:12:51 2014]  say: Dr.Edward: use this skin
[Fri Jan 10 20:12:57 2014]  say: ^1Imperial Officer: we are prisoners?
[Fri Jan 10 20:13:00 2014]  say: Dr.Edward: no
[Fri Jan 10 20:13:02 2014]  say: Dr.Edward: use this skin!
[Fri Jan 10 20:13:11 2014]  say: Dr.Edward: AND COME
[Fri Jan 10 20:13:44 2014]  say: ^1Imperial Officer: xD
[Fri Jan 10 20:13:55 2014]  Kill: 0 1 3: ^1Imperial Officer killed Dr.Edward by MOD_SABER
[Fri Jan 10 20:14:05 2014]  say: Dr.Edward: XD
[Fri Jan 10 20:14:35 2014]  say: Dr.Edward: ONE HAND 
[Fri Jan 10 20:15:08 2014]  Kill: 0 1 3: ^1Imperial Officer killed Dr.Edward by MOD_SABER
[Fri Jan 10 20:15:21 2014]  say: Dr.Edward: SEC
[Fri Jan 10 20:15:27 2014]  say: Dr.Edward: MY FATHER RESTARTING COMPUTER
[Fri Jan 10 20:15:31 2014]  say: Dr.Edward: NO 
[Fri Jan 10 20:15:32 2014]  say: ^1Imperial Officer: why?
[Fri Jan 10 20:15:32 2014]  say: Dr.Edward: INTERNET
[Fri Jan 10 20:15:33 2014]  say: Dr.Edward: XD
[Fri Jan 10 20:15:34 2014]  say: Dr.Edward: IDK
[Fri Jan 10 20:15:37 2014]  say: ^1Imperial Officer: k
[Fri Jan 10 20:15:40 2014]  say: ^1Imperial Officer: i stay here
[Fri Jan 10 20:15:43 2014]  say: Dr.Edward: K
[Fri Jan 10 20:15:46 2014]  say: ^1Imperial Officer: 1 duel!
[Fri Jan 10 20:15:55 2014]  Kill: 0 1 3: ^1Imperial Officer killed Dr.Edward by MOD_SABER
[Fri Jan 10 20:16:33 2014]  Kill: 0 1 3: ^1Imperial Officer killed Dr.Edward by MOD_SABER
[Fri Jan 10 20:16:42 2014]  say: Dr.Edward: BYE MY WORLD!
[Fri Jan 10 20:17:11 2014]  Kill: 1 0 3: Dr.Edward killed ^1Imperial Officer by MOD_SABER
[Fri Jan 10 20:17:18 2014]  say: Dr.Edward: YE
[Fri Jan 10 20:17:32 2014]  Kill: 0 1 3: ^1Imperial Officer killed Dr.Edward by MOD_SABER
[Fri Jan 10 20:18:10 2014]  Kill: 0 0 39: ^1Imperial Officer killed ^1Imperial Officer by MOD_SUICIDE
[Fri Jan 10 20:18:26 2014]  say: Dr.Edward: here
[Fri Jan 10 20:18:30 2014]  say: Dr.Edward: im restarted internet
[Fri Jan 10 20:18:31 2014]  say: ^1Imperial Officer: here too
[Fri Jan 10 20:18:45 2014]  say: ^1Imperial Officer: so we continue wat story?
[Fri Jan 10 20:18:49 2014]  say: Dr.Edward: im sith u jedi
[Fri Jan 10 20:18:52 2014]  say: ^1Imperial Officer: ok
[Fri Jan 10 20:19:05 2014]  say: ^1Imperial Officer: do u know some jedi models like /model?
[Fri Jan 10 20:19:38 2014]  say: Dr.Edward: this is maul ok?
[Fri Jan 10 20:19:42 2014]  say: Dr.Edward: and
[Fri Jan 10 20:19:50 2014]  Kill: 0 0 39: ^1Imperial Officer killed ^1Imperial Officer by MOD_SUICIDE
[Fri Jan 10 20:19:54 2014]  say: Dr.Edward: im maul
[Fri Jan 10 20:19:57 2014]  say: ^1Imperial Officer: ah
[Fri Jan 10 20:20:10 2014]  Kill: 0 0 39: ^1Imperial Officer killed ^1Imperial Officer by MOD_SUICIDE
[Fri Jan 10 20:20:22 2014]  ClientConnect: 2
[Fri Jan 10 20:20:22 2014]  mlog:Player Padawan, connected. With IP - 176.112.225.237:29070 
[Fri Jan 10 20:20:34 2014]  say: Dr.Edward: this is obiwan
[Fri Jan 10 20:20:47 2014]  say: ^1Imperial Officer: wat model?
[Fri Jan 10 20:20:47 2014]  say: Dr.Edward: this is quigon
[Fri Jan 10 20:20:51 2014]  say: Dr.Edward: wat this?
[Fri Jan 10 20:20:52 2014]  say: Dr.Edward: or other?
[Fri Jan 10 20:20:55 2014]  say: ^1Imperial Officer: both
[Fri Jan 10 20:20:58 2014]  say: Dr.Edward: ?
[Fri Jan 10 20:21:02 2014]  say: ^1Imperial Officer: qui and obi
[Fri Jan 10 20:21:04 2014]  Kill: 1 1 39: Dr.Edward killed Dr.Edward by MOD_SUICIDE
[Fri Jan 10 20:21:12 2014]  say: Dr.Edward: /model jedi/j2
[Fri Jan 10 20:21:24 2014]  say: ^1Imperial Officer: and obi?
[Fri Jan 10 20:21:26 2014]  say: Dr.Edward: sec
[Fri Jan 10 20:21:30 2014]  say: Dr.Edward: i must quit jka
[Fri Jan 10 20:21:30 2014]  say: ^1Imperial Officer: first quin
[Fri Jan 10 20:21:31 2014]  say: Dr.Edward: and obi is
[Fri Jan 10 20:21:35 2014]  say: Dr.Edward: /model prisoner/elder
[Fri Jan 10 20:21:39 2014]  ClientDisconnect: 1
[Fri Jan 10 20:24:40 2014]  say: ^1Imperial Officer: omg
[Fri Jan 10 20:25:09 2014]  ClientDisconnect: 2
[Fri Jan 10 20:28:21 2014]  say: ^1Imperial Officer: kyle
[Fri Jan 10 20:28:28 2014]  say: ^1Imperial Officer: kyle:yea buddy?
[Fri Jan 10 20:28:39 2014]  say: ^1Imperial Officer: um u know who is coming right?
[Fri Jan 10 20:28:46 2014]  say: ^1Imperial Officer: kyle:um...no 
[Fri Jan 10 20:28:48 2014]  say: ^1Imperial Officer: maul
[Fri Jan 10 20:28:52 2014]  say: ^1Imperial Officer: kyle:who?
[Fri Jan 10 20:28:56 2014]  say: ^1Imperial Officer: Darth Maul
[Fri Jan 10 20:29:07 2014]  say: ^1Imperial Officer: kyle;WTF HIM!? HOLY SHIT
[Fri Jan 10 20:29:59 2014]  ClientConnect: 1
[Fri Jan 10 20:29:59 2014]  mlog:Player Padawan, connected. With IP - 78.80.100.24:11139 
[Fri Jan 10 20:30:50 2014]  ClientBegin: 1
[Fri Jan 10 20:30:52 2014]  say: ^1Imperial Officer: kyle:get ready mate this man is coming! he has  a true dark side power!
[Fri Jan 10 20:30:57 2014]  say: ^1Imperial Officer: no problem
[Fri Jan 10 20:31:10 2014]  say: Dr.Edward: lol
[Fri Jan 10 20:31:15 2014]  say: Dr.Edward: xd
[Fri Jan 10 20:31:20 2014]  say: Dr.Edward: look
[Fri Jan 10 20:31:29 2014]  say: Dr.Edward: im shoting there
[Fri Jan 10 20:31:33 2014]  say: ^1Imperial Officer: maul!
[Fri Jan 10 20:31:43 2014]  say: Dr.Edward: sec
[Fri Jan 10 20:31:48 2014]  Kill: 1022 1 5: <world> killed Dr.Edward by MOD_BRYAR_PISTOL_ALT
[Fri Jan 10 20:31:57 2014]  say: Dr.Edward: lo
[Fri Jan 10 20:32:13 2014]  say: ^1Imperial Officer: maul
[Fri Jan 10 20:32:14 2014]  say: Dr.Edward: this is quigon
[Fri Jan 10 20:32:34 2014]  say: Dr.Edward: u must obiwan
[Fri Jan 10 20:32:44 2014]  say: Dr.Edward: ?
[Fri Jan 10 20:32:51 2014]  say: Dr.Edward: /model prisoner/elder
[Fri Jan 10 20:32:51 2014]  say: ^1Imperial Officer: what was model xd
[Fri Jan 10 20:33:29 2014]  say: ^1Imperial Officer: is u brother mmm/3?
[Fri Jan 10 20:33:44 2014]  say: Dr.Edward: no
[Fri Jan 10 20:33:47 2014]  say: Dr.Edward: mmm is my friend
[Fri Jan 10 20:33:49 2014]  say: ^1Imperial Officer: say fear is my ally
[Fri Jan 10 20:33:51 2014]  say: Dr.Edward: 3 years friend with him
[Fri Jan 10 20:34:18 2014]  say: ^1Imperial Officer: OBI:NOOOOOOOOOOOOOOOOOOOOOOOOOOOOO!
[Fri Jan 10 20:34:22 2014]  say: Dr.Edward: do notarget
[Fri Jan 10 20:34:28 2014]  say: ^1Imperial Officer: i did
[Fri Jan 10 20:34:31 2014]  say: Dr.Edward: now attack me
[Fri Jan 10 20:34:36 2014]  Kill: 1 0 3: Dr.Edward killed ^1Imperial Officer by MOD_SABER
[Fri Jan 10 20:34:49 2014]  say: Dr.Edward: and use god
[Fri Jan 10 20:35:10 2014]  say: Dr.Edward: god
[Fri Jan 10 20:35:15 2014]  say: ^1Imperial Officer: i did
[Fri Jan 10 20:35:20 2014]  say: Dr.Edward: ATTACK ME
[Fri Jan 10 20:35:21 2014]  say: Dr.Edward: SHIT
[Fri Jan 10 20:35:21 2014]  say: ^1Imperial Officer: now is force cage
[Fri Jan 10 20:35:27 2014]  say: ^1Imperial Officer: can come
[Fri Jan 10 20:35:28 2014]  say: ^1Imperial Officer: cant*
[Fri Jan 10 20:35:36 2014]  say: ^1Imperial Officer: open
[Fri Jan 10 20:35:39 2014]  say: ^1Imperial Officer: closed
[Fri Jan 10 20:35:48 2014]  say: ^1Imperial Officer: obi:oh no oh no
[Fri Jan 10 20:36:14 2014]  say: ^1Imperial Officer: obi:noooooooooooooooooooooooooooooooo!
[Fri Jan 10 20:36:46 2014]  say: ^1Imperial Officer: ?
[Fri Jan 10 20:36:56 2014]  say: Dr.Edward: now
[Fri Jan 10 20:37:01 2014]  say: Dr.Edward: notarget 
[Fri Jan 10 20:37:01 2014]  say: Dr.Edward: omg
[Fri Jan 10 20:37:48 2014]  say: ^1Imperial Officer: STOP SPAWN
[Fri Jan 10 20:37:54 2014]  say: ^1Imperial Officer: obi:nooooooooooooooo!
[Fri Jan 10 20:37:57 2014]  say: ^1Imperial Officer: -_-
[Fri Jan 10 20:38:01 2014]  say: Dr.Edward: this is not finnal scene
[Fri Jan 10 20:38:12 2014]  say: Dr.Edward: omg
[Fri Jan 10 20:38:44 2014]  say: ^1Imperial Officer: now is like a feeled off
[Fri Jan 10 20:38:45 2014]  say: Dr.Edward: come
[Fri Jan 10 20:38:53 2014]  say: ^1Imperial Officer: now the force cag
[Fri Jan 10 20:38:55 2014]  say: ^1Imperial Officer: cage
[Fri Jan 10 20:39:13 2014]  say: ^1Imperial Officer: FINAL SCENE?
[Fri Jan 10 20:39:26 2014]  say: ^1Imperial Officer: OBI:NOOOOOOOOOOOOOOOOOOOO!
[Fri Jan 10 20:39:30 2014]  say: Dr.Edward: u a obi
[Fri Jan 10 20:39:34 2014]  say: ^1Imperial Officer: IK
[Fri Jan 10 20:39:37 2014]  say: ^1Imperial Officer: I SAYD THAT ld
[Fri Jan 10 20:39:50 2014]  say: ^1Imperial Officer: here
[Fri Jan 10 20:39:52 2014]  say: ^1Imperial Officer: no god
[Fri Jan 10 20:40:00 2014]  say: ^1Imperial Officer: do /god
[Fri Jan 10 20:40:00 2014]  say: Dr.Edward: first god
[Fri Jan 10 20:40:06 2014]  say: Dr.Edward: if i will have one saber god off
[Fri Jan 10 20:41:13 2014]  say: Dr.Edward: go back
[Fri Jan 10 20:41:36 2014]  say: Dr.Edward: NWQOO+H
[Fri Jan 10 20:41:40 2014]  say: ^1Imperial Officer: do /kill
[Fri Jan 10 20:41:44 2014]  Kill: 1 1 39: Dr.Edward killed Dr.Edward by MOD_SUICIDE
[Fri Jan 10 20:41:50 2014]  say: ^1Imperial Officer: qui go!
[Fri Jan 10 20:41:50 2014]  say: Dr.Edward: NOW EPISODE TWO
[Fri Jan 10 20:42:03 2014]  say: ^1Imperial Officer: qui gon:please train the boy!
[Fri Jan 10 20:42:05 2014]  say: ^1Imperial Officer: yes i will do 
[Fri Jan 10 20:42:11 2014]  say: Dr.Edward: PLEASE TRAIN THE BOY
[Fri Jan 10 20:42:16 2014]  say: ^1Imperial Officer: yes i will
[Fri Jan 10 20:42:18 2014]  say: Dr.Edward: I ..
[Fri Jan 10 20:42:21 2014]  say: Dr.Edward: I ...
[Fri Jan 10 20:42:29 2014]  say: ^1Imperial Officer: he  is the chose one?
[Fri Jan 10 20:42:34 2014]  say: ^1Imperial Officer: chosen*
[Fri Jan 10 20:42:35 2014]  say: Dr.Edward: HE IS THE CHOOSEN ONE
[Fri Jan 10 20:42:39 2014]  say: Dr.Edward: U MUST TRAIN HIM
[Fri Jan 10 20:42:40 2014]  say: ^1Imperial Officer: ok
[Fri Jan 10 20:42:42 2014]  say: Dr.Edward: DO.. 
[Fri Jan 10 20:42:42 2014]  say: ^1Imperial Officer: yes
[Fri Jan 10 20:42:43 2014]  say: Dr.Edward: DOO...
[Fri Jan 10 20:42:45 2014]  say: Dr.Edward: NNTT..
[Fri Jan 10 20:42:48 2014]  say: Dr.Edward: FAILL.. M..E..
[Fri Jan 10 20:42:51 2014]  say: Dr.Edward: .......
[Fri Jan 10 20:42:56 2014]  say: ^1Imperial Officer: ok
[Fri Jan 10 20:43:04 2014]  say: ^1Imperial Officer: OK EP 2
[Fri Jan 10 20:43:09 2014]  say: ^1Imperial Officer: which part
[Fri Jan 10 20:43:11 2014]  say: ^1Imperial Officer: jango or?
[Fri Jan 10 20:43:13 2014]  say: Dr.Edward: THE BOUNTY HUNTER
[Fri Jan 10 20:43:17 2014]  say: Dr.Edward: THE GIRL HUNTER
[Fri Jan 10 20:43:21 2014]  say: ^1Imperial Officer: i am or u?
[Fri Jan 10 20:43:25 2014]  say: Dr.Edward: CHOOSE
[Fri Jan 10 20:43:31 2014]  say: ^1Imperial Officer: i am the bounty
[Fri Jan 10 20:43:34 2014]  say: Dr.Edward: K
[Fri Jan 10 20:43:45 2014]  say: ^1Imperial Officer: jango is blue
[Fri Jan 10 20:43:46 2014]  say: Dr.Edward: DAMN
[Fri Jan 10 20:43:51 2014]  say: Dr.Edward: NOP
[Fri Jan 10 20:43:52 2014]  say: Dr.Edward: ITS NOT HUNT
[Fri Jan 10 20:43:54 2014]  say: Dr.Edward: ITS MANDO
[Fri Jan 10 20:43:57 2014]  say: ^1Imperial Officer: yes ik
[Fri Jan 10 20:44:02 2014]  say: ^1Imperial Officer: but hes armor is blue
[Fri Jan 10 20:44:06 2014]  say: Dr.Edward: THIS
[Fri Jan 10 20:44:11 2014]  say: Dr.Edward: RED JAN
[Fri Jan 10 20:44:15 2014]  say: ^1Imperial Officer: why?
[Fri Jan 10 20:44:18 2014]  say: Dr.Edward: DO IT!
[Fri Jan 10 20:44:20 2014]  say: ^1Imperial Officer: didnt u see the ep?
[Fri Jan 10 20:44:23 2014]  say: Dr.Edward: YE
[Fri Jan 10 20:44:23 2014]  say: ^1Imperial Officer: hes blue!
[Fri Jan 10 20:44:24 2014]  say: Dr.Edward: I SEE
[Fri Jan 10 20:44:29 2014]  say: Dr.Edward: HES PURPL
[Fri Jan 10 20:44:31 2014]  say: ^1Imperial Officer: no
[Fri Jan 10 20:44:34 2014]  say: ^1Imperial Officer: blue
[Fri Jan 10 20:44:35 2014]  say: Dr.Edward: THE BOUNTY HUNTER ..
[Fri Jan 10 20:44:38 2014]  say: ^1Imperial Officer: y
[Fri Jan 10 20:44:39 2014]  say: Dr.Edward: NOT MANDO
[Fri Jan 10 20:44:39 2014]  say: ^1Imperial Officer: e
[Fri Jan 10 20:44:43 2014]  say: ^1Imperial Officer: ah
[Fri Jan 10 20:45:03 2014]  say: Dr.Edward: OR U WANT OBI?
[Fri Jan 10 20:45:03 2014]  say: ^1Imperial Officer: xd
[Fri Jan 10 20:45:07 2014]  say: ^1Imperial Officer: nah
[Fri Jan 10 20:45:11 2014]  say: Dr.Edward: WAT ?
[Fri Jan 10 20:45:13 2014]  say: Dr.Edward: RED JAN
[Fri Jan 10 20:45:49 2014]  Kill: 1 1 39: Dr.Edward killed Dr.Edward by MOD_SUICIDE
[Fri Jan 10 20:46:03 2014]  say: Dr.Edward: IM ANI
[Fri Jan 10 20:46:06 2014]  say: Dr.Edward: OBI WIL
[Fri Jan 10 20:46:14 2014]  say: ^1Imperial Officer: we do bounty -_-
[Fri Jan 10 20:46:18 2014]  say: ^1Imperial Officer: on kamino
[Fri Jan 10 20:46:30 2014]  say: Dr.Edward: NOT KLAMINO
[Fri Jan 10 20:46:32 2014]  say: Dr.Edward: FIRST SCENE
[Fri Jan 10 20:46:33 2014]  say: Dr.Edward: WAS
[Fri Jan 10 20:46:37 2014]  say: Dr.Edward: THE SNIPER WITH DISRUPTOR
[Fri Jan 10 20:46:39 2014]  say: ^1Imperial Officer: AH I KNOW NOW
[Fri Jan 10 20:46:41 2014]  say: Dr.Edward: THE BOUNTY GIRL
[Fri Jan 10 20:46:43 2014]  say: ^1Imperial Officer: THAT ZAMBAZA
[Fri Jan 10 20:46:48 2014]  say: ^1Imperial Officer: ON CORUSCANT
[Fri Jan 10 20:46:50 2014]  say: Dr.Edward: YE
[Fri Jan 10 20:46:51 2014]  say: ^1Imperial Officer: IK NOW
[Fri Jan 10 20:46:53 2014]  say: ^1Imperial Officer: ok
[Fri Jan 10 20:47:29 2014]  say: Dr.Edward: DAMN SNIPER
[Fri Jan 10 20:47:33 2014]  say: Dr.Edward: PADME ARE YOU RIGHT?
[Fri Jan 10 20:47:40 2014]  say: Dr.Edward: Obiwan: I think the sniper leaving!
[Fri Jan 10 20:47:43 2014]  say: Dr.Edward: yes
[Fri Jan 10 20:47:45 2014]  say: Dr.Edward: LETS GO
[Fri Jan 10 20:48:19 2014]  say: Dr.Edward: SHIT
[Fri Jan 10 20:48:21 2014]  say: Dr.Edward: EAT
[Fri Jan 10 20:48:21 2014]  say: Dr.Edward: BYE
[Fri Jan 10 20:48:22 2014]  say: Dr.Edward: FOR NOW
[Fri Jan 10 20:48:26 2014]  say: ^1Imperial Officer: -_-
[Fri Jan 10 20:48:27 2014]  say: ^1Imperial Officer: :((
[Fri Jan 10 20:48:28 2014]  say: Dr.Edward: XD
[Fri Jan 10 20:48:31 2014]  say: ^1Imperial Officer: ok be hurry
[Fri Jan 10 20:48:31 2014]  say: Dr.Edward: ITS EAT
[Fri Jan 10 20:52:53 2014]  say: Dr.Edward: WHAT THE
[Fri Jan 10 20:53:05 2014]  say: Dr.Edward: bad
[Fri Jan 10 20:53:09 2014]  say: Dr.Edward: wtf
[Fri Jan 10 20:53:12 2014]  say: Dr.Edward: who are you
[Fri Jan 10 20:53:20 2014]  say: ^1Imperial Officer: i am a bounty huntr
[Fri Jan 10 20:53:30 2014]  say: ^1Imperial Officer: and i work for
[Fri Jan 10 20:53:32 2014]  say: ^1Imperial Officer: jango.. 
[Fri Jan 10 20:53:34 2014]  Kill: 0 0 39: ^1Imperial Officer killed ^1Imperial Officer by MOD_SUICIDE
[Fri Jan 10 20:53:39 2014]  say: Dr.Edward: what the
[Fri Jan 10 20:53:45 2014]  say: Dr.Edward: now
[Fri Jan 10 20:53:49 2014]  say: Dr.Edward: use the skin
[Fri Jan 10 20:53:54 2014]  say: Dr.Edward: blue bobi
[Fri Jan 10 20:54:05 2014]  say: Dr.Edward: xd
[Fri Jan 10 20:54:15 2014]  say: Dr.Edward: now run
[Fri Jan 10 20:54:15 2014]  say: ^1Imperial Officer: good
[Fri Jan 10 20:54:20 2014]  say: ^1Imperial Officer: oop
[Fri Jan 10 20:54:41 2014]  Kill: 0 1 20: ^1Imperial Officer killed Dr.Edward by MOD_ROCKET_SPLASH
[Fri Jan 10 20:54:44 2014]  say: Dr.Edward: xd
[Fri Jan 10 20:54:51 2014]  say: ^1Imperial Officer: now u have no lightsaber
[Fri Jan 10 20:54:55 2014]  say: Dr.Edward: master
[Fri Jan 10 20:55:04 2014]  say: Dr.Edward: dafuq im anakin
[Fri Jan 10 20:55:08 2014]  say: ^1Imperial Officer: oh
[Fri Jan 10 20:55:37 2014]  say: ^1Imperial Officer: wtf ep we do now?XD
[Fri Jan 10 20:55:45 2014]  say: Dr.Edward: now
[Fri Jan 10 20:55:47 2014]  say: Dr.Edward: im in kamino
[Fri Jan 10 20:55:50 2014]  say: Dr.Edward: and u the big girl
[Fri Jan 10 20:55:52 2014]  say: Dr.Edward: white sperma
[Fri Jan 10 20:56:00 2014]  say: Dr.Edward: THIS
[Fri Jan 10 20:56:14 2014]  say: Dr.Edward: THIS SKIN USE
[Fri Jan 10 20:56:20 2014]  say: Dr.Edward: NOT BLUE
[Fri Jan 10 20:56:22 2014]  say: Dr.Edward: WHITE
[Fri Jan 10 20:56:35 2014]  say: Dr.Edward: U  THE SPERMA
[Fri Jan 10 20:56:37 2014]  say: Dr.Edward: NOT JANGO
[Fri Jan 10 20:56:45 2014]  say: ^1Imperial Officer: what scene now?
[Fri Jan 10 20:56:52 2014]  Exit: Timelimit hit.
[Fri Jan 10 20:56:52 2014]  score: 10  ping: 50  client: 1 Dr.Edward
[Fri Jan 10 20:56:52 2014]  score: 8  ping: 51  client: 0 ^1Imperial Officer
[Fri Jan 10 20:56:55 2014]  say: Dr.Edward: u giving me info of the clones
[Fri Jan 10 20:56:55 2014]  say: Dr.Edward: XD
[Fri Jan 10 20:56:57 2014]  say: Dr.Edward: G
[Fri Jan 10 20:56:58 2014]  say: Dr.Edward: G
[Fri Jan 10 20:56:58 2014]  ShutdownGame:
[Fri Jan 10 20:56:58 2014]  ------------------------------------------------------------
[Fri Jan 10 20:56:59 2014]  ------------------------------------------------------------
[Fri Jan 10 20:56:59 2014]  InitGame: \dmflags\0\fraglimit\0\timelimit\120\capturelimit\0\g_privateDuel\1\g_saberLocking\1\g_maxForceRank\7\duel_fraglimit\10\g_forceBasedTeams\0\g_duelWeaponDisable\65531\sv_hostname\^3Darkquake's Makermod Server\sv_maxclients\32\sv_maxRate\5000\sv_minPing\0\sv_maxPing\0\sv_floodProtect\0\sv_allowDownload\1\bot_minplayers\0\g_allowNPC\1\g_weaponDisable\0\g_forcePowerDisable\0\g_forceRegenTime\0\g_siegeTeamSwitch\1\g_siegeRespawn\20\g_debugMelee\1\g_noSpecMove\0\g_maxGameClients\0\g_jediVmerc\0\g_siegeTeam1\none\g_siegeTeam2\none\version\(internal)JAmp: v1.0.1.0 win-x86 Oct 30 2003\g_maxHolocronCarry\3\g_gametype\0\g_needpass\0\protocol\26\mapname\mp/siege_desert\sv_privateClients\0\g_stepSlideFix\1\gamename\MakerMod\g_saberWallDamageScale\0.4\bg_fighterAltControl\0\g_showDuelHealths\0
[Fri Jan 10 20:57:00 2014]  ClientConnect: 0
[Fri Jan 10 20:57:00 2014]  ClientConnect: 1
[Fri Jan 10 20:57:11 2014]  say: ^1Imperial Officer: aha
[Fri Jan 10 20:57:11 2014]  ClientBegin: 0
[Fri Jan 10 20:57:18 2014]  ClientBegin: 1
[Fri Jan 10 20:57:22 2014]  say: Dr.Edward: again bug
[Fri Jan 10 20:57:24 2014]  say: Dr.Edward: look
[Fri Jan 10 20:57:47 2014]  say: ^1Imperial Officer: i am at teach room
[Fri Jan 10 20:58:18 2014]  say: ^1Imperial Officer: lest do ep 2
[Fri Jan 10 20:58:24 2014]  say: ^1Imperial Officer: oh
[Fri Jan 10 20:58:28 2014]  say: Dr.Edward: yes 

[Fri Jan 10 20:58:38 2014]  say: Dr.Edward: LOAD OBS WORKING
[Fri Jan 10 20:58:41 2014]  say: Dr.Edward: ^^
[Fri Jan 10 20:58:46 2014]  say: ^1Imperial Officer: we continue trooper STORY?
[Fri Jan 10 20:58:49 2014]  say: Dr.Edward: no
[Fri Jan 10 20:58:55 2014]  say: Dr.Edward: we continue star wars movie
[Fri Jan 10 20:58:57 2014]  say: ^1Imperial Officer: ok
[Fri Jan 10 20:59:01 2014]  Kill: 1 1 39: Dr.Edward killed Dr.Edward by MOD_SUICIDE
[Fri Jan 10 20:59:23 2014]  say: ^1Imperial Officer: where u?
[Fri Jan 10 20:59:38 2014]  say: Dr.Edward: SEC
[Fri Jan 10 20:59:56 2014]  say: Dr.Edward: THERE
[Fri Jan 10 21:00:10 2014]  say: Dr.Edward: /notarget
[Fri Jan 10 21:00:38 2014]  say: ^1Imperial Officer: ah clone trooper army
[Fri Jan 10 21:00:43 2014]  say: Dr.Edward: ahm
[Fri Jan 10 21:00:48 2014]  say: ^1Imperial Officer: ah
[Fri Jan 10 21:00:52 2014]  say: ^1Imperial Officer: so
[Fri Jan 10 21:00:54 2014]  say: ^1Imperial Officer: obi wan
[Fri Jan 10 21:01:04 2014]  say: ^1Imperial Officer: wait
[Fri Jan 10 21:01:08 2014]  say: ^1Imperial Officer: we need comehere
[Fri Jan 10 21:01:10 2014]  say: ^1Imperial Officer: so
[Fri Jan 10 21:01:13 2014]  say: ^1Imperial Officer: come
[Fri Jan 10 21:01:18 2014]  say: ^1Imperial Officer: ok now
[Fri Jan 10 21:01:20 2014]  say: ^1Imperial Officer: so obi wan
[Fri Jan 10 21:01:28 2014]  say: ^1Imperial Officer: we have made a clone troop army
[Fri Jan 10 21:01:36 2014]  say: Dr.Edward: damn O_O
[Fri Jan 10 21:01:43 2014]  say: ^1Imperial Officer: there are 1 million of them
[Fri Jan 10 21:01:45 2014]  say: Dr.Edward: who subscribed that
[Fri Jan 10 21:01:52 2014]  say: ^1Imperial Officer: master ...
[Fri Jan 10 21:01:59 2014]  say: ^1Imperial Officer: i dunno hes name xd
[Fri Jan 10 21:02:03 2014]  say: Dr.Edward: quigon
[Fri Jan 10 21:02:05 2014]  say: ^1Imperial Officer: master quigo
[Fri Jan 10 21:02:08 2014]  say: Dr.Edward: xd
[Fri Jan 10 21:02:09 2014]  say: ^1Imperial Officer: quigon*
[Fri Jan 10 21:02:12 2014]  say: Dr.Edward: sry
[Fri Jan 10 21:02:19 2014]  say: Dr.Edward: the stormtrooper of hoth is rly funny
[Fri Jan 10 21:02:27 2014]  say: Dr.Edward: xd
[Fri Jan 10 21:02:36 2014]  say: ^1Imperial Officer: so our army is ready  for quigon
[Fri Jan 10 21:02:42 2014]  say: ^1Imperial Officer: call him if u can
[Fri Jan 10 21:02:43 2014]  say: Dr.Edward: quigon u saying?
[Fri Jan 10 21:02:49 2014]  say: Dr.Edward: quigon was my master
[Fri Jan 10 21:02:57 2014]  say: ^1Imperial Officer: and hes alive right?
[Fri Jan 10 21:03:00 2014]  say: Dr.Edward: why subscribed this clones?
[Fri Jan 10 21:03:04 2014]  say: ^1Imperial Officer: um
[Fri Jan 10 21:03:07 2014]  say: ^1Imperial Officer: for the republic
[Fri Jan 10 21:03:18 2014]  say: Dr.Edward: that was the pla..nn..
[Fri Jan 10 21:03:21 2014]  say: Dr.Edward: oh ok
[Fri Jan 10 21:03:25 2014]  say: Dr.Edward: so i have to go
[Fri Jan 10 21:03:29 2014]  say: ^1Imperial Officer: ok 
[Fri Jan 10 21:03:36 2014]  say: ^1Imperial Officer: shall i present u jango?
[Fri Jan 10 21:03:42 2014]  say: Dr.Edward: sure
[Fri Jan 10 21:03:56 2014]  say: Dr.Edward: how is locked
[Fri Jan 10 21:04:14 2014]  say: ^1Imperial Officer: hello
[Fri Jan 10 21:04:17 2014]  say: Dr.Edward: its bubi
[Fri Jan 10 21:04:18 2014]  say: ^1Imperial Officer: do u wanna see me?
[Fri Jan 10 21:04:22 2014]  say: Dr.Edward: its bubi
[Fri Jan 10 21:04:36 2014]  say: Dr.Edward: and this skin
[Fri Jan 10 21:04:45 2014]  say: Dr.Edward: yes
[Fri Jan 10 21:04:47 2014]  say: ^1Imperial Officer: do u want to see me?
[Fri Jan 10 21:04:57 2014]  say: Dr.Edward: facepalm
[Fri Jan 10 21:04:59 2014]  say: ^1Imperial Officer: oh i have to go 
[Fri Jan 10 21:05:04 2014]  say: ^1Imperial Officer: no rly
[Fri Jan 10 21:05:05 2014]  say: ^1Imperial Officer: xd
[Fri Jan 10 21:05:10 2014]  say: Dr.Edward: xd
[Fri Jan 10 21:05:22 2014]  say: ^1Imperial Officer: boba fett:dad look!
[Fri Jan 10 21:05:24 2014]  say: Dr.Edward: SO this is a clones .. 
[Fri Jan 10 21:05:31 2014]  say: Dr.Edward: what ha hal
[Fri Jan 10 21:06:08 2014]  Kill: 0 1 22: ^1Imperial Officer killed Dr.Edward by MOD_ROCKET_HOMING_SPLASH
[Fri Jan 10 21:06:12 2014]  say: ^1Imperial Officer: xd
[Fri Jan 10 21:06:17 2014]  say: Dr.Edward: my saber .. 
[Fri Jan 10 21:06:21 2014]  say: ^1Imperial Officer: my weapons
[Fri Jan 10 21:06:25 2014]  say: Dr.Edward: xd
[Fri Jan 10 21:06:44 2014]  say: ^1Imperial Officer: /give all
[Fri Jan 10 21:07:08 2014]  say: ^1Imperial Officer: AH MY JETPACK
[Fri Jan 10 21:07:42 2014]  say: ^1Imperial Officer: going
[Fri Jan 10 21:07:48 2014]  say: ^1Imperial Officer: ok 
[Fri Jan 10 21:07:53 2014]  say: ^1Imperial Officer: now geonosis arena
[Fri Jan 10 21:07:56 2014]  say: Dr.Edward: NOW
[Fri Jan 10 21:07:57 2014]  say: Dr.Edward: NO
[Fri Jan 10 21:08:02 2014]  say: Dr.Edward: I MUST GO TO U
[Fri Jan 10 21:08:08 2014]  say: Dr.Edward: SEC SPAWN VEHICLES
[Fri Jan 10 21:08:21 2014]  say: Dr.Edward: XD
[Fri Jan 10 21:08:54 2014]  say: Dr.Edward: DO U KNOW SHIP?
[Fri Jan 10 21:08:58 2014]  say: ^1Imperial Officer: uh
[Fri Jan 10 21:09:01 2014]  say: ^1Imperial Officer: no XD
[Fri Jan 10 21:09:07 2014]  say: ^1Imperial Officer: a tie fighter is gud
[Fri Jan 10 21:09:10 2014]  say: ^1Imperial Officer: come 
[Fri Jan 10 21:09:13 2014]  say: ^1Imperial Officer: where is swoop
[Fri Jan 10 21:09:41 2014]  say: Dr.Edward: ok
[Fri Jan 10 21:09:46 2014]  say: Dr.Edward: wat u say
[Fri Jan 10 21:09:48 2014]  say: Dr.Edward: in conzole?
[Fri Jan 10 21:09:59 2014]  say: ^1Imperial Officer: /mplace ships/tie_fighter
[Fri Jan 10 21:10:03 2014]  Item: 1 ammo_all
[Fri Jan 10 21:10:05 2014]  say: Dr.Edward: I MEAN VEHICLKE LOL
[Fri Jan 10 21:10:21 2014]  say: ^1Imperial Officer: nopy
[Fri Jan 10 21:10:25 2014]  say: ^1Imperial Officer: dont exist
[Fri Jan 10 21:10:37 2014]  say: Dr.Edward: WHEN THIS IS GALAXY
[Fri Jan 10 21:10:48 2014]  say: ^1Imperial Officer: seismic bomb
[Fri Jan 10 21:10:56 2014]  say: ^1Imperial Officer: BOM
[Fri Jan 10 21:10:58 2014]  say: ^1Imperial Officer: boom
[Fri Jan 10 21:11:12 2014]  say: ^1Imperial Officer: ok now u lose me
[Fri Jan 10 21:11:16 2014]  say: Dr.Edward: ye
[Fri Jan 10 21:11:18 2014]  say: ^1Imperial Officer: and i go geonosis
[Fri Jan 10 21:11:23 2014]  say: ^1Imperial Officer: OK NEXT SCENE
[Fri Jan 10 21:11:33 2014]  say: Dr.Edward: ye
[Fri Jan 10 21:11:42 2014]  say: Dr.Edward: u be mandpo
[Fri Jan 10 21:11:45 2014]  say: Dr.Edward: and me windu
[Fri Jan 10 21:11:49 2014]  say: ^1Imperial Officer: k
[Fri Jan 10 21:12:25 2014]  say: ^1Imperial Officer: xd
[Fri Jan 10 21:12:29 2014]  say: ^1Imperial Officer: windu is ugly xd
[Fri Jan 10 21:12:32 2014]  say: ^1Imperial Officer: right?
[Fri Jan 10 21:13:35 2014]  Kill: 1 1 39: Dr.Edward killed Dr.Edward by MOD_SUICIDE
[Fri Jan 10 21:14:04 2014]  say: Dr.Edward: now anakin and padme comin
[Fri Jan 10 21:14:09 2014]  say: Dr.Edward: dont
[Fri Jan 10 21:15:52 2014]  say: Dr.Edward: wt
[Fri Jan 10 21:16:14 2014]  say: ^1Imperial Officer: ;look i fap XD
[Fri Jan 10 21:16:18 2014]  say: Dr.Edward: ?
[Fri Jan 10 21:16:20 2014]  say: Dr.Edward: XD
[Fri Jan 10 21:16:38 2014]  say: ^1Imperial Officer: JUST DO /mdrop
[Fri Jan 10 21:16:54 2014]  say: Dr.Edward: ERROR SAYING
[Fri Jan 10 21:16:56 2014]  say: Dr.Edward: HWERE CANT PLACE
[Fri Jan 10 21:17:15 2014]  say: ^1Imperial Officer: lest just do winduvsjang
[Fri Jan 10 21:17:16 2014]  say: ^1Imperial Officer: go
[Fri Jan 10 21:18:30 2014]  say: Dr.Edward: LOL
[Fri Jan 10 21:18:43 2014]  say: Dr.Edward: GTGO
[Fri Jan 10 21:19:12 2014]  say: ^1Imperial Officer: who dafuq is that?
[Fri Jan 10 21:19:13 2014]  say: Dr.Edward: Obi: oh well
[Fri Jan 10 21:19:18 2014]  say: ^1Imperial Officer: ah
[Fri Jan 10 21:19:23 2014]  say: Dr.Edward: Anakin: i love u and u know that padmi
[Fri Jan 10 21:19:30 2014]  say: Dr.Edward: Padme: yes +kiss+
[Fri Jan 10 21:19:33 2014]  say: Dr.Edward: oh ou
[Fri Jan 10 21:20:03 2014]  say: Dr.Edward: how spawn vehicle
[Fri Jan 10 21:20:16 2014]  say: ^1Imperial Officer: /npc spawn vehicle?
[Fri Jan 10 21:20:22 2014]  say: ^1Imperial Officer: PADMI!
[Fri Jan 10 21:20:26 2014]  say: Dr.Edward: hes alive
[Fri Jan 10 21:20:51 2014]  say: Dr.Edward: type npc spawn reborn
[Fri Jan 10 21:20:53 2014]  say: ^1Imperial Officer: jango is up and watching
[Fri Jan 10 21:21:33 2014]  say: Dr.Edward: ^^ hello
[Fri Jan 10 21:22:54 2014]  say: ^1Imperial Officer: there are like 100mil 
[Fri Jan 10 21:22:58 2014]  say: ^1Imperial Officer: droids
[Fri Jan 10 21:23:19 2014]  say: ^1Imperial Officer: kill me u have
[Fri Jan 10 21:23:27 2014]  Kill: 0 0 39: ^1Imperial Officer killed ^1Imperial Officer by MOD_SUICIDE
[Fri Jan 10 21:23:27 2014]  Item: 1 weapon_blaster
[Fri Jan 10 21:23:51 2014]  say: ^1Imperial Officer: i am a droid
[Fri Jan 10 21:24:03 2014]  Kill: 0 0 39: ^1Imperial Officer killed ^1Imperial Officer by MOD_SUICIDE
[Fri Jan 10 21:24:03 2014]  Item: 1 weapon_blaster
[Fri Jan 10 21:25:19 2014]  Item: 1 weapon_blaster
[Fri Jan 10 21:25:25 2014]  Item: 1 weapon_blaster
[Fri Jan 10 21:25:55 2014]  Item: 0 weapon_blaster
[Fri Jan 10 21:26:07 2014]  Kill: 0 0 29: ^1Imperial Officer killed ^1Imperial Officer by MOD_CONC
[Fri Jan 10 21:26:09 2014]  Item: 1 weapon_concussion_rifle
[Fri Jan 10 21:26:27 2014]  say: ^1Imperial Officer: now dooku ani and obi
[Fri Jan 10 21:26:30 2014]  say: ^1Imperial Officer: I AM DOOKU
[Fri Jan 10 21:26:36 2014]  say: Dr.Edward: DOOKU IS NOT CLONE
[Fri Jan 10 21:26:38 2014]  Kill: 0 1 3: ^1Imperial Officer killed Dr.Edward by MOD_SABER
[Fri Jan 10 21:26:47 2014]  say: ^1Imperial Officer: its desann
[Fri Jan 10 21:26:51 2014]  say: Dr.Edward: going watch 
[Fri Jan 10 21:26:53 2014]  say: Dr.Edward: bye
[Fri Jan 10 21:26:56 2014]  say: ^1Imperial Officer: bye
[Fri Jan 10 21:27:06 2014]  say: ^1Imperial Officer: lest do fast dooky
[Fri Jan 10 21:27:07 2014]  Item: 1 weapon_blaster
[Fri Jan 10 21:27:12 2014]  say: ^1Imperial Officer: dooku*
[Fri Jan 10 21:27:17 2014]  say: Dr.Edward: lol u fake
[Fri Jan 10 21:27:21 2014]  say: Dr.Edward: dooku is human
[Fri Jan 10 21:27:30 2014]  say: Dr.Edward: dooku is old
[Fri Jan 10 21:27:43 2014]  say: Dr.Edward: this is dooku
[Fri Jan 10 21:28:32 2014]  say: ^1Imperial Officer: obi says
[Fri Jan 10 21:28:43 2014]  say: ^1Imperial Officer: obi:anakin we take togheter
[Fri Jan 10 21:28:45 2014]  say: ^1Imperial Officer: and u say
[Fri Jan 10 21:28:48 2014]  say: Dr.Edward: NO
[Fri Jan 10 21:28:52 2014]  say: Dr.Edward: U WILL PAY TODAY
[Fri Jan 10 21:29:39 2014]  say: ^1Imperial Officer: obi:anakin take
[Fri Jan 10 21:29:44 2014]  say: ^1Imperial Officer: 2 saber
[Fri Jan 10 21:29:48 2014]  Kill: 1 1 39: Dr.Edward killed Dr.Edward by MOD_SUICIDE
[Fri Jan 10 21:30:04 2014]  Kill: 0 1 3: ^1Imperial Officer killed Dr.Edward by MOD_SABER
[Fri Jan 10 21:30:13 2014]  say: ^1Imperial Officer: yoda now
[Fri Jan 10 21:30:21 2014]  Kill: 1 1 39: Dr.Edward killed Dr.Edward by MOD_SUICIDE
[Fri Jan 10 21:30:38 2014]  say: ^1Imperial Officer: master yoda
[Fri Jan 10 21:30:44 2014]  say: ^1Imperial Officer: its a pleasure
[Fri Jan 10 21:30:54 2014]  say: ^1Imperial Officer: do /god
[Fri Jan 10 21:31:30 2014]  say: ^1Imperial Officer: do /god
[Fri Jan 10 21:31:35 2014]  say: ^1Imperial Officer: first is force duel
[Fri Jan 10 21:31:51 2014]  say: ^1Imperial Officer: lest do a lightsaber duel
[Fri Jan 10 21:31:58 2014]  say: Dr.Edward: SEC
[Fri Jan 10 21:32:58 2014]  say: ^1Imperial Officer: xd
[Fri Jan 10 21:33:28 2014]  say: Dr.Edward: YOU HAVE TRAINED WELL MY OLD PADAWAN
[Fri Jan 10 21:34:18 2014]  say: ^1Imperial Officer: pad..padmi!
[Fri Jan 10 21:34:41 2014]  say: Dr.Edward: COME UP ANI
[Fri Jan 10 21:34:59 2014]  say: ^1Imperial Officer: now ep 3 :D
[Fri Jan 10 21:35:09 2014]  say: Dr.Edward: this
[Fri Jan 10 21:35:10 2014]  say: Dr.Edward: or
[Fri Jan 10 21:35:23 2014]  say: Dr.Edward: or this
[Fri Jan 10 21:35:27 2014]  say: ^1Imperial Officer: for?
[Fri Jan 10 21:35:30 2014]  say: Dr.Edward: anakin
[Fri Jan 10 21:36:10 2014]  say: ^1Imperial Officer: ok i have to go
[Fri Jan 10 21:36:13 2014]  say: ^1Imperial Officer: see u tomorrow
[Fri Jan 10 21:36:14 2014]  say: Dr.Edward: lol
[Fri Jan 10 21:36:16 2014]  say: Dr.Edward: ok
[Fri Jan 10 21:36:16 2014]  say: ^1Imperial Officer: with ep 3
[Fri Jan 10 21:36:17 2014]  say: Dr.Edward: bye
[Fri Jan 10 21:36:17 2014]  say: ^1Imperial Officer: ok?
[Fri Jan 10 21:36:19 2014]  say: Dr.Edward: yy
[Fri Jan 10 21:36:26 2014]  say: ^1Imperial Officer: BYEEE OBI FUCK
[Fri Jan 10 21:36:29 2014]  say: Dr.Edward: xd
[Fri Jan 10 21:36:29 2014]  ClientDisconnect: 0
[Fri Jan 10 21:37:03 2014]  ClientDisconnect: 1
[Fri Jan 10 22:56:58 2014]  Exit: Timelimit hit.
[Sat Jan 11 04:03:40 2014]  ClientConnect: 0
[Sat Jan 11 04:03:41 2014]  mlog:Player JADIN, connected. With IP - 24.231.148.7:29070 
[Sat Jan 11 04:04:07 2014]  ClientBegin: 0
[Sat Jan 11 04:04:10 2014]  ShutdownGame:
[Sat Jan 11 04:04:10 2014]  ------------------------------------------------------------
