[Fri Jan 03 12:21:29 2014]  ------------------------------------------------------------
[Fri Jan 03 12:21:29 2014]  InitGame: \g_siegeTeam2\none\g_siegeTeam1\none\g_jediVmerc\0\g_maxGameClients\0\g_noSpecMove\0\g_debugMelee\1\g_siegeRespawn\20\g_siegeTeamSwitch\1\g_forceRegenTime\0\g_forcePowerDisable\0\g_weaponDisable\0\g_allowNPC\1\bot_minplayers\0\sv_allowDownload\1\sv_floodProtect\0\sv_maxPing\0\sv_minPing\0\sv_maxRate\5000\sv_maxclients\32\sv_hostname\^3Darkquake's Makermod Server\g_duelWeaponDisable\65531\g_forceBasedTeams\0\duel_fraglimit\10\g_maxForceRank\7\g_saberLocking\1\g_privateDuel\1\capturelimit\0\timelimit\120\fraglimit\0\dmflags\0\version\(internal)JAmp: v1.0.1.0 win-x86 Oct 30 2003\g_maxHolocronCarry\3\g_gametype\0\g_needpass\0\protocol\26\mapname\mp/siege_desert\sv_privateClients\0\g_stepSlideFix\1\gamename\MakerMod\g_saberWallDamageScale\0.4\bg_fighterAltControl\0\g_showDuelHealths\0
[Fri Jan 03 12:21:35 2014]  ClientConnect: 0
[Fri Jan 03 12:21:49 2014]  ClientBegin: 0
[Fri Jan 03 12:35:40 2014]  ClientDisconnect: 0
[Fri Jan 03 12:54:25 2014]  ClientConnect: 0
[Fri Jan 03 12:54:25 2014]  mlog:Player ICE, connected. With IP - 93.79.154.128:29070 
[Fri Jan 03 12:54:34 2014]  ClientBegin: 0
[Fri Jan 03 12:54:45 2014]  ClientDisconnect: 0
[Fri Jan 03 14:21:29 2014]  Exit: Timelimit hit.
[Fri Jan 03 19:56:44 2014]  ClientConnect: 0
[Fri Jan 03 19:56:44 2014]  mlog:Player Padawan, connected. With IP - 98.253.86.175:29071 
[Fri Jan 03 19:57:04 2014]  ClientBegin: 0
[Fri Jan 03 19:57:08 2014]  ShutdownGame:
[Fri Jan 03 19:57:08 2014]  ------------------------------------------------------------
[Fri Jan 03 19:57:09 2014]  ------------------------------------------------------------
[Fri Jan 03 19:57:09 2014]  InitGame: \g_siegeTeam2\none\g_siegeTeam1\none\g_jediVmerc\0\g_maxGameClients\0\g_noSpecMove\0\g_debugMelee\1\g_siegeRespawn\20\g_siegeTeamSwitch\1\g_forceRegenTime\0\g_forcePowerDisable\0\g_weaponDisable\0\g_allowNPC\1\bot_minplayers\0\sv_allowDownload\1\sv_floodProtect\0\sv_maxPing\0\sv_minPing\0\sv_maxRate\5000\sv_maxclients\32\sv_hostname\^3Darkquake's Makermod Server\g_duelWeaponDisable\65531\g_forceBasedTeams\0\duel_fraglimit\10\g_maxForceRank\7\g_saberLocking\1\g_privateDuel\1\capturelimit\0\timelimit\120\fraglimit\0\dmflags\0\version\(internal)JAmp: v1.0.1.0 win-x86 Oct 30 2003\g_maxHolocronCarry\3\g_gametype\0\g_needpass\0\protocol\26\mapname\t2_trip\sv_privateClients\0\g_stepSlideFix\1\gamename\MakerMod\g_saberWallDamageScale\0.4\bg_fighterAltControl\0\g_showDuelHealths\0
[Fri Jan 03 19:57:11 2014]  ClientConnect: 0
[Fri Jan 03 19:57:26 2014]  ClientBegin: 0
[Fri Jan 03 19:58:29 2014]  ClientDisconnect: 0
[Fri Jan 03 21:57:07 2014]  Exit: Timelimit hit.
[Sat Jan 04 09:31:56 2014]  ClientConnect: 0
[Sat Jan 04 09:31:56 2014]  mlog:Player <{^1KOTR^7}>^4Altair^7-JK, connected. With IP - 89.145.152.30:29070 
[Sat Jan 04 09:32:25 2014]  ClientBegin: 0
[Sat Jan 04 09:32:31 2014]  ShutdownGame:
[Sat Jan 04 09:32:31 2014]  ------------------------------------------------------------
