[Thu Jan 16 06:44:59 2014]  ------------------------------------------------------------
[Thu Jan 16 06:44:59 2014]  InitGame: \dmflags\0\fraglimit\0\timelimit\120\capturelimit\0\g_privateDuel\1\g_saberLocking\1\g_maxForceRank\7\duel_fraglimit\10\g_forceBasedTeams\0\g_duelWeaponDisable\65531\sv_hostname\^3Darkquake's Makermod Server\sv_maxclients\32\sv_maxRate\5000\sv_minPing\0\sv_maxPing\0\sv_floodProtect\0\sv_allowDownload\1\bot_minplayers\0\g_allowNPC\1\g_weaponDisable\0\g_forcePowerDisable\0\g_forceRegenTime\0\g_siegeTeamSwitch\1\g_siegeRespawn\20\g_debugMelee\1\g_noSpecMove\0\g_maxGameClients\0\g_jediVmerc\0\g_siegeTeam1\none\g_siegeTeam2\none\version\(internal)JAmp: v1.0.1.0 win-x86 Oct 30 2003\g_maxHolocronCarry\3\g_gametype\0\g_needpass\0\protocol\26\mapname\t2_trip\sv_privateClients\0\g_stepSlideFix\1\gamename\MakerMod\g_saberWallDamageScale\0.4\bg_fighterAltControl\0\g_showDuelHealths\0
[Thu Jan 16 06:45:00 2014]  ClientConnect: 0
[Thu Jan 16 06:48:24 2014]  ClientDisconnect: 0
[Thu Jan 16 08:23:29 2014]  ClientConnect: 0
[Thu Jan 16 08:23:29 2014]  mlog:Player Nick, connected. With IP - 178.88.14.71:21782 
[Thu Jan 16 08:23:54 2014]  ClientBegin: 0
[Thu Jan 16 08:24:39 2014]  ClientDisconnect: 0
[Thu Jan 16 08:44:58 2014]  Exit: Timelimit hit.
[Thu Jan 16 15:24:49 2014]  ClientConnect: 0
[Thu Jan 16 15:24:49 2014]  mlog:Player ^6Láñdáñ Káízó, connected. With IP - 108.227.225.204:29070 
[Thu Jan 16 15:25:06 2014]  ClientBegin: 0
[Thu Jan 16 15:25:10 2014]  ShutdownGame:
[Thu Jan 16 15:25:10 2014]  ------------------------------------------------------------
[Thu Jan 16 15:25:10 2014]  ------------------------------------------------------------
[Thu Jan 16 15:25:10 2014]  InitGame: \dmflags\0\fraglimit\0\timelimit\120\capturelimit\0\g_privateDuel\1\g_saberLocking\1\g_maxForceRank\7\duel_fraglimit\10\g_forceBasedTeams\0\g_duelWeaponDisable\65531\sv_hostname\^3Darkquake's Makermod Server\sv_maxclients\32\sv_maxRate\5000\sv_minPing\0\sv_maxPing\0\sv_floodProtect\0\sv_allowDownload\1\bot_minplayers\0\g_allowNPC\1\g_weaponDisable\0\g_forcePowerDisable\0\g_forceRegenTime\0\g_siegeTeamSwitch\1\g_siegeRespawn\20\g_debugMelee\1\g_noSpecMove\0\g_maxGameClients\0\g_jediVmerc\0\g_siegeTeam1\none\g_siegeTeam2\none\version\(internal)JAmp: v1.0.1.0 win-x86 Oct 30 2003\g_maxHolocronCarry\3\g_gametype\0\g_needpass\0\protocol\26\mapname\mp/siege_desert\sv_privateClients\0\g_stepSlideFix\1\gamename\MakerMod\g_saberWallDamageScale\0.4\bg_fighterAltControl\0\g_showDuelHealths\0
[Thu Jan 16 15:25:11 2014]  ClientConnect: 0
[Thu Jan 16 15:25:28 2014]  ClientBegin: 0
[Thu Jan 16 15:38:17 2014]  ClientDisconnect: 0
[Thu Jan 16 17:25:09 2014]  Exit: Timelimit hit.
[Thu Jan 16 18:07:29 2014]  ClientConnect: 0
[Thu Jan 16 18:07:29 2014]  mlog:Player Seto Keiba, connected. With IP - 37.24.253.81:29070 
[Thu Jan 16 18:07:38 2014]  ClientBegin: 0
[Thu Jan 16 18:08:51 2014]  ClientConnect: 1
[Thu Jan 16 18:08:51 2014]  mlog:Player Hakuna my Tatas, connected. With IP - 37.201.227.14:-4474 
[Thu Jan 16 18:08:59 2014]  ClientBegin: 1
[Thu Jan 16 18:09:13 2014]  ShutdownGame:
[Thu Jan 16 18:09:13 2014]  ------------------------------------------------------------
[Thu Jan 16 18:09:13 2014]  ------------------------------------------------------------
[Thu Jan 16 18:09:13 2014]  InitGame: \dmflags\0\fraglimit\0\timelimit\120\capturelimit\0\g_privateDuel\1\g_saberLocking\1\g_maxForceRank\7\duel_fraglimit\10\g_forceBasedTeams\0\g_duelWeaponDisable\65531\sv_hostname\^3Darkquake's Makermod Server\sv_maxclients\32\sv_maxRate\5000\sv_minPing\0\sv_maxPing\0\sv_floodProtect\0\sv_allowDownload\1\bot_minplayers\0\g_allowNPC\1\g_weaponDisable\0\g_forcePowerDisable\0\g_forceRegenTime\0\g_siegeTeamSwitch\1\g_siegeRespawn\20\g_debugMelee\1\g_noSpecMove\0\g_maxGameClients\0\g_jediVmerc\0\g_siegeTeam1\none\g_siegeTeam2\none\version\(internal)JAmp: v1.0.1.0 win-x86 Oct 30 2003\g_maxHolocronCarry\3\g_gametype\0\g_needpass\0\protocol\26\mapname\t2_trip\sv_privateClients\0\g_stepSlideFix\1\gamename\MakerMod\g_saberWallDamageScale\0.4\bg_fighterAltControl\0\g_showDuelHealths\0
[Thu Jan 16 18:09:15 2014]  ClientConnect: 0
[Thu Jan 16 18:09:15 2014]  ClientConnect: 1
[Thu Jan 16 18:09:25 2014]  ClientBegin: 0
[Thu Jan 16 18:09:26 2014]  ClientBegin: 1
[Thu Jan 16 18:11:48 2014]  say: Seto Keiba: wwwwx
[Thu Jan 16 18:12:47 2014]  Kill: 0 1 3: Seto Keiba killed Hakuna my Tatas by MOD_SABER
[Thu Jan 16 18:13:26 2014]  ClientDisconnect: 1
[Thu Jan 16 18:13:26 2014]  ClientConnect: 1
[Thu Jan 16 18:13:26 2014]  mlog:Player Hakuna my Tatas, connected. With IP - 37.201.227.14:-4474 
[Thu Jan 16 18:13:49 2014]  ClientBegin: 1
[Thu Jan 16 18:16:15 2014]  Kill: 0 1 3: Seto Keiba killed Hakuna my Tatas by MOD_SABER
[Thu Jan 16 18:16:24 2014]  ClientDisconnect: 1
[Thu Jan 16 18:18:28 2014]  ClientConnect: 1
[Thu Jan 16 18:18:28 2014]  mlog:Player Hakuna my Tatas, connected. With IP - 37.201.227.14:-4474 
[Thu Jan 16 18:18:43 2014]  ClientBegin: 1
[Thu Jan 16 18:19:33 2014]  Kill: 1 0 3: Hakuna my Tatas killed Seto Keiba by MOD_SABER
[Thu Jan 16 18:20:28 2014]  Kill: 1 0 3: Hakuna my Tatas killed Seto Keiba by MOD_SABER
[Thu Jan 16 18:21:25 2014]  Kill: 0 1 3: Seto Keiba killed Hakuna my Tatas by MOD_SABER
[Thu Jan 16 18:21:32 2014]  ClientDisconnect: 0
[Thu Jan 16 18:21:34 2014]  ClientDisconnect: 1
[Thu Jan 16 19:48:03 2014]  ClientConnect: 0
[Thu Jan 16 19:48:03 2014]  mlog:Player Padawan, connected. With IP - 109.31.209.207:29070 
[Thu Jan 16 19:48:33 2014]  ClientBegin: 0
[Thu Jan 16 19:48:48 2014]  Kill: 0 0 39: Padawan killed Padawan by MOD_SUICIDE
[Thu Jan 16 19:48:48 2014]  setteam:  0 FREE SPECTATOR
[Thu Jan 16 19:48:48 2014]  ClientBegin: 0
[Thu Jan 16 19:49:52 2014]  setteam:  0 SPECTATOR FREE
[Thu Jan 16 19:49:52 2014]  ClientBegin: 0
[Thu Jan 16 20:02:51 2014]  Kill: 1022 0 6: <world> killed Padawan by MOD_BLASTER
[Thu Jan 16 20:07:28 2014]  ClientDisconnect: 0
[Thu Jan 16 20:09:12 2014]  Exit: Timelimit hit.
[Thu Jan 16 21:44:38 2014]  ClientConnect: 0
[Thu Jan 16 21:44:38 2014]  mlog:Player Padawan, connected. With IP - 46.5.0.205:29070 
[Thu Jan 16 21:44:53 2014]  ClientBegin: 0
[Thu Jan 16 21:44:56 2014]  ShutdownGame:
[Thu Jan 16 21:44:56 2014]  ------------------------------------------------------------
[Thu Jan 16 21:44:57 2014]  ------------------------------------------------------------
[Thu Jan 16 21:44:57 2014]  InitGame: \dmflags\0\fraglimit\0\timelimit\120\capturelimit\0\g_privateDuel\1\g_saberLocking\1\g_maxForceRank\7\duel_fraglimit\10\g_forceBasedTeams\0\g_duelWeaponDisable\65531\sv_hostname\^3Darkquake's Makermod Server\sv_maxclients\32\sv_maxRate\5000\sv_minPing\0\sv_maxPing\0\sv_floodProtect\0\sv_allowDownload\1\bot_minplayers\0\g_allowNPC\1\g_weaponDisable\0\g_forcePowerDisable\0\g_forceRegenTime\0\g_siegeTeamSwitch\1\g_siegeRespawn\20\g_debugMelee\1\g_noSpecMove\0\g_maxGameClients\0\g_jediVmerc\0\g_siegeTeam1\none\g_siegeTeam2\none\version\(internal)JAmp: v1.0.1.0 win-x86 Oct 30 2003\g_maxHolocronCarry\3\g_gametype\0\g_needpass\0\protocol\26\mapname\mp/siege_desert\sv_privateClients\0\g_stepSlideFix\1\gamename\MakerMod\g_saberWallDamageScale\0.4\bg_fighterAltControl\0\g_showDuelHealths\0
[Thu Jan 16 21:44:58 2014]  ClientConnect: 0
[Thu Jan 16 21:45:04 2014]  ClientBegin: 0
[Thu Jan 16 21:45:24 2014]  print "Padawan^7 @@@PLRENAME Shievar
"[Thu Jan 16 21:45:33 2014]  ClientConnect: 1
[Thu Jan 16 21:45:33 2014]  mlog:Player Joey Wheeler, connected. With IP - 37.24.253.81:29070 
[Thu Jan 16 21:45:34 2014]  ClientConnect: 2
[Thu Jan 16 21:45:34 2014]  mlog:Player Galtharak, connected. With IP - 176.199.215.18:29070 
[Thu Jan 16 21:45:45 2014]  ClientBegin: 1
[Thu Jan 16 21:45:48 2014]  ClientBegin: 2
[Thu Jan 16 21:45:50 2014]  ClientConnect: 3
[Thu Jan 16 21:45:50 2014]  mlog:Player Seto Keiba, connected. With IP - 37.24.253.81:1037 
[Thu Jan 16 21:45:52 2014]  ClientConnect: 4
[Thu Jan 16 21:45:52 2014]  mlog:Player Hakuna my Tatas, connected. With IP - 37.201.227.14:-4482 
[Thu Jan 16 21:46:00 2014]  ClientBegin: 3
[Thu Jan 16 21:46:04 2014]  ClientBegin: 4
[Thu Jan 16 21:46:44 2014]  Kill: 1022 4 39: <world> killed Hakuna my Tatas by MOD_SUICIDE
[Thu Jan 16 21:46:44 2014]  Kill: 1022 3 39: <world> killed Seto Keiba by MOD_SUICIDE
[Thu Jan 16 21:47:06 2014]  Kill: 0 3 3: Shievar killed Seto Keiba by MOD_SABER
[Thu Jan 16 21:47:09 2014]  Kill: 1 0 3: Joey Wheeler killed Shievar by MOD_SABER
[Thu Jan 16 21:47:14 2014]  Kill: 4 1 3: Hakuna my Tatas killed Joey Wheeler by MOD_SABER
[Thu Jan 16 21:47:35 2014]  Kill: 3 2 3: Seto Keiba killed Galtharak by MOD_SABER
[Thu Jan 16 21:47:49 2014]  Kill: 0 3 3: Shievar killed Seto Keiba by MOD_SABER
[Thu Jan 16 21:48:09 2014]  Kill: 2 4 3: Galtharak killed Hakuna my Tatas by MOD_SABER
[Thu Jan 16 21:48:50 2014]  Kill: 1022 0 39: <world> killed Shievar by MOD_SUICIDE
[Thu Jan 16 21:48:53 2014]  ClientDisconnect: 0
[Thu Jan 16 21:49:04 2014]  Kill: 3 2 4: Seto Keiba killed Galtharak by MOD_BRYAR_PISTOL
[Thu Jan 16 21:49:24 2014]  Kill: 4 1 3: Hakuna my Tatas killed Joey Wheeler by MOD_SABER
[Thu Jan 16 21:49:48 2014]  Kill: 1022 2 39: <world> killed Galtharak by MOD_SUICIDE
[Thu Jan 16 21:49:52 2014]  ClientDisconnect: 2
[Thu Jan 16 21:49:55 2014]  Kill: 1 3 3: Joey Wheeler killed Seto Keiba by MOD_SABER
[Thu Jan 16 21:50:02 2014]  Kill: 1022 4 38: <world> killed Hakuna my Tatas by MOD_FALLING
[Thu Jan 16 21:50:06 2014]  ClientDisconnect: 4
[Thu Jan 16 21:50:39 2014]  ClientDisconnect: 1
[Thu Jan 16 21:50:53 2014]  ClientDisconnect: 3
[Thu Jan 16 23:44:56 2014]  Exit: Timelimit hit.
[Fri Jan 17 00:35:19 2014]  ClientConnect: 0
[Fri Jan 17 00:35:19 2014]  mlog:Player MINCRAFT STEVE, connected. With IP - 68.174.18.119:29070 
[Fri Jan 17 00:35:33 2014]  ClientBegin: 0
[Fri Jan 17 00:35:37 2014]  ShutdownGame:
[Fri Jan 17 00:35:37 2014]  ------------------------------------------------------------
