[Thu Jan 23 15:29:18 2014]  ------------------------------------------------------------
[Thu Jan 23 15:29:18 2014]  InitGame: \g_siegeTeam2\none\g_siegeTeam1\none\g_jediVmerc\0\g_maxGameClients\0\g_noSpecMove\0\g_debugMelee\1\g_siegeRespawn\20\g_siegeTeamSwitch\1\g_forceRegenTime\0\g_forcePowerDisable\0\g_weaponDisable\0\g_allowNPC\1\bot_minplayers\0\sv_allowDownload\1\sv_floodProtect\0\sv_maxPing\0\sv_minPing\0\sv_maxRate\5000\sv_maxclients\32\sv_hostname\^3Darkquake's Makermod Server\g_duelWeaponDisable\65531\g_forceBasedTeams\0\duel_fraglimit\10\g_maxForceRank\7\g_saberLocking\1\g_privateDuel\1\capturelimit\0\timelimit\120\fraglimit\0\dmflags\0\version\(internal)JAmp: v1.0.1.0 win-x86 Oct 30 2003\g_maxHolocronCarry\3\g_gametype\0\g_needpass\0\protocol\26\mapname\t2_trip\sv_privateClients\0\g_stepSlideFix\1\gamename\MakerMod\g_saberWallDamageScale\0.4\bg_fighterAltControl\0\g_showDuelHealths\0
[Thu Jan 23 15:29:19 2014]  ClientConnect: 0
[Thu Jan 23 15:29:31 2014]  ClientBegin: 0
[Thu Jan 23 15:30:23 2014]  Item: 0 item_ammodisp
[Thu Jan 23 15:30:23 2014]  Item: 0 item_healthdisp
[Thu Jan 23 15:30:23 2014]  Item: 0 ammo_all
[Thu Jan 23 15:30:23 2014]  Item: 0 item_seeker
[Thu Jan 23 15:30:23 2014]  Item: 0 ammo_all
[Thu Jan 23 15:33:25 2014]  tell: ^4G^0uapter to ^4G^0uapter: ^3UU ^2- ^7JA ^2Minimized
[Thu Jan 23 15:37:21 2014]  tell: ^4G^0uapter to ^4G^0uapter: ^3UU ^2- ^7JA ^2Restored
[Thu Jan 23 15:37:34 2014]  tell: ^4G^0uapter to ^4G^0uapter: ^3UU ^2- ^7JA ^2Minimized
[Thu Jan 23 15:39:48 2014]  tell: ^4G^0uapter to ^4G^0uapter: ^3UU ^2- ^7JA ^2Restored
[Thu Jan 23 15:40:02 2014]  tell: ^4G^0uapter to ^4G^0uapter: ^3UU ^2- ^7JA ^2Minimized
[Thu Jan 23 15:40:04 2014]  tell: ^4G^0uapter to ^4G^0uapter: ^3UU ^2- ^7JA ^2Restored
[Thu Jan 23 15:40:19 2014]  tell: ^4G^0uapter to ^4G^0uapter: ^3UU ^2- ^7JA ^2Minimized
[Thu Jan 23 15:40:37 2014]  tell: ^4G^0uapter to ^4G^0uapter: ^3UU ^2- ^7JA ^2Restored
[Thu Jan 23 15:41:15 2014]  tell: ^4G^0uapter to ^4G^0uapter: ^3UU ^2- ^7JA ^2Minimized
[Thu Jan 23 15:41:39 2014]  tell: ^4G^0uapter to ^4G^0uapter: ^3UU ^2- ^7JA ^2Restored
[Thu Jan 23 15:42:09 2014]  tell: ^4G^0uapter to ^4G^0uapter: ^3UU ^2- ^7JA ^2Minimized
[Thu Jan 23 15:42:28 2014]  tell: ^4G^0uapter to ^4G^0uapter: ^3UU ^2- ^7JA ^2Restored
[Thu Jan 23 15:42:59 2014]  tell: ^4G^0uapter to ^4G^0uapter: ^3UU ^2- ^7JA ^2Minimized
[Thu Jan 23 15:43:19 2014]  tell: ^4G^0uapter to ^4G^0uapter: ^3UU ^2- ^7JA ^2Restored
[Thu Jan 23 15:47:05 2014]  tell: ^4G^0uapter to ^4G^0uapter: ^3UU ^2- ^7JA ^2Minimized
[Thu Jan 23 15:47:18 2014]  tell: ^4G^0uapter to ^4G^0uapter: ^3UU ^2- ^7JA ^2Restored
[Thu Jan 23 15:47:50 2014]  tell: ^4G^0uapter to ^4G^0uapter: ^3UU ^2- ^7JA ^2Minimized
[Thu Jan 23 15:48:37 2014]  tell: ^4G^0uapter to ^4G^0uapter: ^3UU ^2- ^7JA ^2Restored
[Thu Jan 23 15:49:22 2014]  tell: ^4G^0uapter to ^4G^0uapter: ^3UU ^2- ^7JA ^2Minimized
[Thu Jan 23 15:49:40 2014]  tell: ^4G^0uapter to ^4G^0uapter: ^3UU ^2- ^7JA ^2Restored
[Thu Jan 23 15:50:01 2014]  tell: ^4G^0uapter to ^4G^0uapter: ^3UU ^2- ^7JA ^2Minimized
[Thu Jan 23 15:50:07 2014]  tell: ^4G^0uapter to ^4G^0uapter: ^3UU ^2- ^7JA ^2Restored
[Thu Jan 23 15:50:22 2014]  tell: ^4G^0uapter to ^4G^0uapter: ^3UU ^2- ^7JA ^2Minimized
[Thu Jan 23 15:50:31 2014]  tell: ^4G^0uapter to ^4G^0uapter: ^3UU ^2- ^7JA ^2Restored
[Thu Jan 23 15:50:44 2014]  tell: ^4G^0uapter to ^4G^0uapter: ^3UU ^2- ^7JA ^2Minimized
[Thu Jan 23 15:51:31 2014]  tell: ^4G^0uapter to ^4G^0uapter: ^3UU ^2- ^7JA ^2Restored
[Thu Jan 23 15:51:45 2014]  tell: ^4G^0uapter to ^4G^0uapter: ^3UU ^2- ^7JA ^2Minimized
[Thu Jan 23 15:54:08 2014]  tell: ^4G^0uapter to ^4G^0uapter: ^3UU ^2- ^7JA ^2Restored
[Thu Jan 23 15:54:23 2014]  tell: ^4G^0uapter to ^4G^0uapter: ^3UU ^2- ^7JA ^2Minimized
[Thu Jan 23 15:54:42 2014]  tell: ^4G^0uapter to ^4G^0uapter: ^3UU ^2- ^7JA ^2Restored
[Thu Jan 23 15:55:03 2014]  tell: ^4G^0uapter to ^4G^0uapter: ^3UU ^2- ^7JA ^2Minimized
[Thu Jan 23 15:55:15 2014]  tell: ^4G^0uapter to ^4G^0uapter: ^3UU ^2- ^7JA ^2Restored
[Thu Jan 23 15:55:38 2014]  tell: ^4G^0uapter to ^4G^0uapter: ^3UU ^2- ^7JA ^2Minimized
[Thu Jan 23 15:56:00 2014]  tell: ^4G^0uapter to ^4G^0uapter: ^3UU ^2- ^7JA ^2Restored
[Thu Jan 23 15:57:28 2014]  tell: ^4G^0uapter to ^4G^0uapter: ^3UU ^2- ^7JA ^2Minimized
[Thu Jan 23 15:57:47 2014]  tell: ^4G^0uapter to ^4G^0uapter: ^3UU ^2- ^7JA ^2Restored
[Thu Jan 23 15:58:08 2014]  tell: ^4G^0uapter to ^4G^0uapter: ^3UU ^2- ^7JA ^2Minimized
[Thu Jan 23 15:58:12 2014]  tell: ^4G^0uapter to ^4G^0uapter: ^3UU ^2- ^7JA ^2Restored
[Thu Jan 23 15:58:17 2014]  tell: ^4G^0uapter to ^4G^0uapter: ^3UU ^2- ^7JA ^2Minimized
[Thu Jan 23 15:58:42 2014]  tell: ^4G^0uapter to ^4G^0uapter: ^3UU ^2- ^7JA ^2Restored
[Thu Jan 23 15:59:17 2014]  tell: ^4G^0uapter to ^4G^0uapter: ^3UU ^2- ^7JA ^2Minimized
[Thu Jan 23 15:59:29 2014]  tell: ^4G^0uapter to ^4G^0uapter: ^3UU ^2- ^7JA ^2Restored
[Thu Jan 23 15:59:43 2014]  tell: ^4G^0uapter to ^4G^0uapter: ^3UU ^2- ^7JA ^2Minimized
[Thu Jan 23 15:59:53 2014]  tell: ^4G^0uapter to ^4G^0uapter: ^3UU ^2- ^7JA ^2Restored
[Thu Jan 23 16:00:07 2014]  tell: ^4G^0uapter to ^4G^0uapter: ^3UU ^2- ^7JA ^2Minimized
[Thu Jan 23 16:00:25 2014]  tell: ^4G^0uapter to ^4G^0uapter: ^3UU ^2- ^7JA ^2Restored
[Thu Jan 23 16:00:40 2014]  tell: ^4G^0uapter to ^4G^0uapter: ^3UU ^2- ^7JA ^2Minimized
[Thu Jan 23 16:00:47 2014]  tell: ^4G^0uapter to ^4G^0uapter: ^3UU ^2- ^7JA ^2Restored
[Thu Jan 23 16:01:07 2014]  tell: ^4G^0uapter to ^4G^0uapter: ^3UU ^2- ^7JA ^2Minimized
[Thu Jan 23 16:02:27 2014]  tell: ^4G^0uapter to ^4G^0uapter: ^3UU ^2- ^7JA ^2Restored
[Thu Jan 23 16:02:43 2014]  tell: ^4G^0uapter to ^4G^0uapter: ^3UU ^2- ^7JA ^2Minimized
[Thu Jan 23 16:03:20 2014]  tell: ^4G^0uapter to ^4G^0uapter: ^3UU ^2- ^7JA ^2Restored
[Thu Jan 23 16:03:42 2014]  tell: ^4G^0uapter to ^4G^0uapter: ^3UU ^2- ^7JA ^2Minimized
[Thu Jan 23 16:04:39 2014]  tell: ^4G^0uapter to ^4G^0uapter: ^3UU ^2- ^7JA ^2Restored
[Thu Jan 23 16:04:52 2014]  tell: ^4G^0uapter to ^4G^0uapter: ^3UU ^2- ^7JA ^2Minimized
[Thu Jan 23 16:04:58 2014]  tell: ^4G^0uapter to ^4G^0uapter: ^3UU ^2- ^7JA ^2Restored
[Thu Jan 23 16:05:08 2014]  tell: ^4G^0uapter to ^4G^0uapter: ^3UU ^2- ^7JA ^2Minimized
[Thu Jan 23 16:05:20 2014]  tell: ^4G^0uapter to ^4G^0uapter: ^3UU ^2- ^7JA ^2Restored
[Thu Jan 23 16:05:43 2014]  tell: ^4G^0uapter to ^4G^0uapter: ^3UU ^2- ^7JA ^2Minimized
[Thu Jan 23 16:05:53 2014]  tell: ^4G^0uapter to ^4G^0uapter: ^3UU ^2- ^7JA ^2Restored
[Thu Jan 23 16:06:19 2014]  tell: ^4G^0uapter to ^4G^0uapter: ^3UU ^2- ^7JA ^2Minimized
[Thu Jan 23 16:06:24 2014]  tell: ^4G^0uapter to ^4G^0uapter: ^3UU ^2- ^7JA ^2Restored
[Thu Jan 23 16:06:40 2014]  tell: ^4G^0uapter to ^4G^0uapter: ^3UU ^2- ^7JA ^2Minimized
[Thu Jan 23 16:06:54 2014]  tell: ^4G^0uapter to ^4G^0uapter: ^3UU ^2- ^7JA ^2Restored
[Thu Jan 23 16:07:53 2014]  tell: ^4G^0uapter to ^4G^0uapter: ^3UU ^2- ^7JA ^2Minimized
[Thu Jan 23 16:07:58 2014]  tell: ^4G^0uapter to ^4G^0uapter: ^3UU ^2- ^7JA ^2Restored
[Thu Jan 23 16:08:14 2014]  tell: ^4G^0uapter to ^4G^0uapter: ^3UU ^2- ^7JA ^2Minimized
[Thu Jan 23 16:08:34 2014]  tell: ^4G^0uapter to ^4G^0uapter: ^3UU ^2- ^7JA ^2Restored
[Thu Jan 23 16:08:44 2014]  tell: ^4G^0uapter to ^4G^0uapter: ^3UU ^2- ^7JA ^2Minimized
[Thu Jan 23 16:09:07 2014]  tell: ^4G^0uapter to ^4G^0uapter: ^3UU ^2- ^7JA ^2Restored
[Thu Jan 23 16:09:13 2014]  tell: ^4G^0uapter to ^4G^0uapter: ^3UU ^2- ^7JA ^2Minimized
[Thu Jan 23 16:09:27 2014]  tell: ^4G^0uapter to ^4G^0uapter: ^3UU ^2- ^7JA ^2Restored
[Thu Jan 23 16:09:55 2014]  tell: ^4G^0uapter to ^4G^0uapter: ^3UU ^2- ^7JA ^2Minimized
[Thu Jan 23 16:10:19 2014]  tell: ^4G^0uapter to ^4G^0uapter: ^3UU ^2- ^7JA ^2Restored
[Thu Jan 23 16:10:20 2014]  tell: ^4G^0uapter to ^4G^0uapter: ^3UU ^2- ^7JA ^2Minimized
[Thu Jan 23 16:10:25 2014]  tell: ^4G^0uapter to ^4G^0uapter: ^3UU ^2- ^7JA ^2Restored
[Thu Jan 23 16:10:49 2014]  tell: ^4G^0uapter to ^4G^0uapter: ^3UU ^2- ^7JA ^2Minimized
[Thu Jan 23 16:11:03 2014]  tell: ^4G^0uapter to ^4G^0uapter: ^3UU ^2- ^7JA ^2Restored
[Thu Jan 23 16:11:12 2014]  tell: ^4G^0uapter to ^4G^0uapter: ^3UU ^2- ^7JA ^2Minimized
[Thu Jan 23 16:11:22 2014]  tell: ^4G^0uapter to ^4G^0uapter: ^3UU ^2- ^7JA ^2Restored
[Thu Jan 23 16:11:46 2014]  tell: ^4G^0uapter to ^4G^0uapter: ^3UU ^2- ^7JA ^2Minimized
[Thu Jan 23 16:11:58 2014]  tell: ^4G^0uapter to ^4G^0uapter: ^3UU ^2- ^7JA ^2Restored
[Thu Jan 23 16:12:11 2014]  tell: ^4G^0uapter to ^4G^0uapter: ^3UU ^2- ^7JA ^2Minimized
[Thu Jan 23 16:12:17 2014]  tell: ^4G^0uapter to ^4G^0uapter: ^3UU ^2- ^7JA ^2Restored
[Thu Jan 23 16:13:37 2014]  tell: ^4G^0uapter to ^4G^0uapter: ^3UU ^2- ^7JA ^2Minimized
[Thu Jan 23 16:13:44 2014]  tell: ^4G^0uapter to ^4G^0uapter: ^3UU ^2- ^7JA ^2Restored
[Thu Jan 23 16:14:02 2014]  tell: ^4G^0uapter to ^4G^0uapter: ^3UU ^2- ^7JA ^2Minimized
[Thu Jan 23 16:14:07 2014]  tell: ^4G^0uapter to ^4G^0uapter: ^3UU ^2- ^7JA ^2Restored
[Thu Jan 23 16:14:46 2014]  tell: ^4G^0uapter to ^4G^0uapter: ^3UU ^2- ^7JA ^2Minimized
[Thu Jan 23 16:15:01 2014]  tell: ^4G^0uapter to ^4G^0uapter: ^3UU ^2- ^7JA ^2Restored
[Thu Jan 23 16:16:56 2014]  ClientDisconnect: 0
[Thu Jan 23 17:29:17 2014]  Exit: Timelimit hit.
[Fri Jan 24 19:15:14 2014]  ClientConnect: 0
[Fri Jan 24 19:15:14 2014]  mlog:Player (The S.O.T) Fluffle Puff, connected. With IP - 95.111.47.196:29070 
[Fri Jan 24 19:15:35 2014]  ClientBegin: 0
[Fri Jan 24 19:15:41 2014]  ClientDisconnect: 0
[Fri Jan 24 21:34:08 2014]  ClientConnect: 0
[Fri Jan 24 21:34:08 2014]  mlog:Player ^4Ir^7on^4fi^7s, connected. With IP - 83.240.11.148:29070 
[Fri Jan 24 21:34:33 2014]  ClientBegin: 0
[Fri Jan 24 21:34:36 2014]  ShutdownGame:
[Fri Jan 24 21:34:36 2014]  ------------------------------------------------------------
