[Sat Jan 11 12:54:02 2014]  ------------------------------------------------------------
[Sat Jan 11 12:54:02 2014]  InitGame: \g_siegeTeam2\none\g_siegeTeam1\none\g_jediVmerc\0\g_maxGameClients\0\g_noSpecMove\0\g_debugMelee\1\g_siegeRespawn\20\g_siegeTeamSwitch\1\g_forceRegenTime\1\g_forcePowerDisable\0\g_weaponDisable\0\g_allowNPC\1\sv_allowDownload\1\sv_floodProtect\0\sv_maxPing\0\sv_minPing\0\sv_maxRate\5000\sv_maxclients\32\sv_hostname\^3Darkquake's Makermod Server\g_duelWeaponDisable\65531\g_forceBasedTeams\0\duel_fraglimit\10\g_maxForceRank\7\g_saberLocking\1\g_privateDuel\1\capturelimit\0\timelimit\120\fraglimit\0\dmflags\0\version\(internal)JAmp: v1.0.1.0 win-x86 Oct 30 2003\g_maxHolocronCarry\3\g_gametype\0\g_needpass\0\protocol\26\mapname\t2_trip\sv_privateClients\0\g_stepSlideFix\1\gamename\MakerMod\g_saberWallDamageScale\0.4\bg_fighterAltControl\0\g_showDuelHealths\0
[Sat Jan 11 13:34:52 2014]  ClientConnect: 0
[Sat Jan 11 13:34:52 2014]  mlog:Player Padawan, connected. With IP - 78.80.100.24:13979 
[Sat Jan 11 13:35:28 2014]  ClientConnect: 1
[Sat Jan 11 13:35:28 2014]  mlog:Player kizutz, connected. With IP - 88.101.15.21:29070 
[Sat Jan 11 13:35:46 2014]  ClientBegin: 0
[Sat Jan 11 13:35:58 2014]  ClientBegin: 1
[Sat Jan 11 13:36:00 2014]  print "Dr.Edward^7 @@@PLRENAME Hunty._cz_.
"[Sat Jan 11 13:36:06 2014]  say: Hunty._cz_.: ajajja
[Sat Jan 11 13:36:11 2014]  say: kizi: lol
[Sat Jan 11 13:36:17 2014]  say: kizi: co to bylo
[Sat Jan 11 13:36:18 2014]  say: kizi: lol
[Sat Jan 11 13:36:22 2014]  say: Hunty._cz_.: to je makermod animace
[Sat Jan 11 13:36:31 2014]  Kill: 1 0 3: kizi killed Hunty._cz_. by MOD_SABER
[Sat Jan 11 13:36:45 2014]  Kill: 1 0 3: kizi killed Hunty._cz_. by MOD_SABER
[Sat Jan 11 13:36:50 2014]  say: kizi: mam god :D
[Sat Jan 11 13:36:54 2014]  say: Hunty._cz_.: co to sakra je
[Sat Jan 11 13:36:55 2014]  Kill: 1 0 3: kizi killed Hunty._cz_. by MOD_SABER
[Sat Jan 11 13:36:59 2014]  say: kizi: mussi klikat
[Sat Jan 11 13:36:59 2014]  say: Hunty._cz_.: lol
[Sat Jan 11 13:37:02 2014]  Kill: 1 0 3: kizi killed Hunty._cz_. by MOD_SABER
[Sat Jan 11 13:37:02 2014]  say: Hunty._cz_.: ja vim
[Sat Jan 11 13:37:07 2014]  say: Hunty._cz_.: nova naimace
[Sat Jan 11 13:37:31 2014]  Kill: 1 0 3: kizi killed Hunty._cz_. by MOD_SABER
[Sat Jan 11 13:37:34 2014]  say: Hunty._cz_.: stoho by se dal natocit dobrej film
[Sat Jan 11 13:37:34 2014]  say: Hunty._cz_.: XD
[Sat Jan 11 13:37:36 2014]  say: Hunty._cz_.: z jka
[Sat Jan 11 13:37:38 2014]  Kill: 1 0 3: kizi killed Hunty._cz_. by MOD_SABER
[Sat Jan 11 13:37:46 2014]  Kill: 0 1 3: Hunty._cz_. killed kizi by MOD_SABER
[Sat Jan 11 13:37:49 2014]  say: Hunty._cz_.: lol
[Sat Jan 11 13:37:52 2014]  Kill: 0 1 3: Hunty._cz_. killed kizi by MOD_SABER
[Sat Jan 11 13:38:01 2014]  Kill: 1 0 3: kizi killed Hunty._cz_. by MOD_SABER
[Sat Jan 11 13:38:23 2014]  Kill: 1 0 3: kizi killed Hunty._cz_. by MOD_SABER
[Sat Jan 11 13:38:25 2014]  say: Hunty._cz_.: xd
[Sat Jan 11 13:38:27 2014]  say: Hunty._cz_.: cekej
[Sat Jan 11 13:38:29 2014]  say: kizi: MAM DVOJTOU SILU
[Sat Jan 11 13:38:33 2014]  Kill: 1 0 3: kizi killed Hunty._cz_. by MOD_SABER
[Sat Jan 11 13:38:36 2014]  say: kizi: LOL
[Sat Jan 11 13:38:38 2014]  say: Hunty._cz_.: vis jak se spusti video na xfire?
[Sat Jan 11 13:38:42 2014]  say: kizi: NE
[Sat Jan 11 13:38:44 2014]  say: Hunty._cz_.: ah
[Sat Jan 11 13:38:52 2014]  Kill: 1 0 5: kizi killed Hunty._cz_. by MOD_BRYAR_PISTOL_ALT
[Sat Jan 11 13:38:54 2014]  say: Hunty._cz_.: tak udelam srenshoti
[Sat Jan 11 13:39:38 2014]  say: kizi: PROC PUSHUJES PORAD LOL
[Sat Jan 11 13:39:39 2014]  say: Hunty._cz_.: to je jako v singlu
[Sat Jan 11 13:39:41 2014]  Kill: 1 0 3: kizi killed Hunty._cz_. by MOD_SABER
[Sat Jan 11 13:39:46 2014]  Kill: 1 0 3: kizi killed Hunty._cz_. by MOD_SABER
[Sat Jan 11 13:39:59 2014]  say: Hunty._cz_.: dafuq
[Sat Jan 11 13:40:04 2014]  say: Hunty._cz_.: uz sem prokoukl lzi jediu!
[Sat Jan 11 13:40:16 2014]  Kill: 0 0 39: Hunty._cz_. killed Hunty._cz_. by MOD_SUICIDE
[Sat Jan 11 13:40:51 2014]  say: Hunty._cz_.: lol?
[Sat Jan 11 13:41:11 2014]  say: Hunty._cz_.: pojd film
[Sat Jan 11 13:41:12 2014]  say: kizi: na tom se neda jezdit
[Sat Jan 11 13:41:19 2014]  ClientConnect: 2
[Sat Jan 11 13:41:19 2014]  mlog:Player ^0D^3arth ^0F^3urious, connected. With IP - 95.28.77.133:29070 
[Sat Jan 11 13:41:24 2014]  say: kizi: nekdo se pripojil
[Sat Jan 11 13:41:27 2014]  say: Hunty._cz_.: to je furi
[Sat Jan 11 13:41:30 2014]  say: Hunty._cz_.: kamarad
[Sat Jan 11 13:41:32 2014]  say: kizi: to je cech?
[Sat Jan 11 13:41:35 2014]  say: Hunty._cz_.: nn
[Sat Jan 11 13:41:41 2014]  say: kizi: furious
[Sat Jan 11 13:41:41 2014]  say: Hunty._cz_.: to je ten kamos jak ma server
[Sat Jan 11 13:41:42 2014]  say: kizi: aha
[Sat Jan 11 13:41:48 2014]  ClientBegin: 2
[Sat Jan 11 13:41:50 2014]  say: kizi: tohle je jeho
[Sat Jan 11 13:41:53 2014]  say: Hunty._cz_.: n
[Sat Jan 11 13:41:56 2014]  say: Hunty._cz_.: on ma jinej
[Sat Jan 11 13:41:59 2014]  Item: 2 weapon_melee
[Sat Jan 11 13:42:01 2014]  say: Hunty._cz_.: hi furi
[Sat Jan 11 13:42:05 2014]  Kill: 2 0 0: ^0D^3arth ^0F^3urious killed Hunty._cz_. by MOD_UNKNOWN
[Sat Jan 11 13:42:08 2014]  say: Hunty._cz_.: xd
[Sat Jan 11 13:42:12 2014]  say: ^0D^3arth ^0F^3urious: hi
[Sat Jan 11 13:42:42 2014]  say: Hunty._cz_.: lol
[Sat Jan 11 13:43:00 2014]  say: ^0D^3arth ^0F^3urious: what the...
[Sat Jan 11 13:43:01 2014]  Kill: 0 1 3: Hunty._cz_. killed kizi by MOD_SABER
[Sat Jan 11 13:43:10 2014]  say: ^0D^3arth ^0F^3urious: i have the same force remap on my serv...
[Sat Jan 11 13:43:26 2014]  say: ^0D^3arth ^0F^3urious: and saber trail remap...
[Sat Jan 11 13:43:32 2014]  Kill: 0 1 3: Hunty._cz_. killed kizi by MOD_SABER
[Sat Jan 11 13:43:45 2014]  Kill: 1 0 29: kizi killed Hunty._cz_. by MOD_CONC
[Sat Jan 11 13:44:19 2014]  say: Hunty._cz_.: JO
[Sat Jan 11 13:44:21 2014]  say: Hunty._cz_.: DEJ NA ME RAKETU
[Sat Jan 11 13:44:33 2014]  Kill: 1 0 21: kizi killed Hunty._cz_. by MOD_ROCKET_HOMING
[Sat Jan 11 13:44:34 2014]  say: Hunty._cz_.: XD
[Sat Jan 11 13:44:47 2014]  Kill: 1 0 21: kizi killed Hunty._cz_. by MOD_ROCKET_HOMING
[Sat Jan 11 13:44:50 2014]  say: Hunty._cz_.: O_O
[Sat Jan 11 13:44:55 2014]  say: kizi: to asi neumis
[Sat Jan 11 13:44:57 2014]  ClientDisconnect: 2
[Sat Jan 11 13:45:00 2014]  say: Hunty._cz_.: UMIM
[Sat Jan 11 13:45:07 2014]  say: Hunty._cz_.: RAKETKU
[Sat Jan 11 13:45:29 2014]  Kill: 1 0 25: kizi killed Hunty._cz_. by MOD_TRIP_MINE_SPLASH
[Sat Jan 11 13:45:37 2014]  say: kizi: pojd ke me
[Sat Jan 11 13:45:41 2014]  say: kizi: stj
[Sat Jan 11 13:46:06 2014]  say: kizi: lol
[Sat Jan 11 13:46:07 2014]  say: Hunty._cz_.: XD
[Sat Jan 11 13:46:10 2014]  Kill: 1 0 27: kizi killed Hunty._cz_. by MOD_DET_PACK_SPLASH
[Sat Jan 11 13:46:11 2014]  say: kizi: xD
[Sat Jan 11 13:46:12 2014]  say: Hunty._cz_.: LO
[Sat Jan 11 13:46:21 2014]  Kill: 0 1 3: Hunty._cz_. killed kizi by MOD_SABER
[Sat Jan 11 13:46:25 2014]  Item: 0 weapon_det_pack
[Sat Jan 11 13:46:31 2014]  say: kizi: divej jak te zabiju
[Sat Jan 11 13:46:47 2014]  Kill: 1 1 39: kizi killed kizi by MOD_SUICIDE
[Sat Jan 11 13:46:50 2014]  say: Hunty._cz_.: LOL
[Sat Jan 11 13:46:58 2014]  say: Hunty._cz_.: LOL
[Sat Jan 11 13:47:02 2014]  Kill: 1 1 39: kizi killed kizi by MOD_SUICIDE
[Sat Jan 11 13:47:09 2014]  Kill: 0 0 39: Hunty._cz_. killed Hunty._cz_. by MOD_SUICIDE
[Sat Jan 11 13:47:36 2014]  say: kizi: jak se spawnuje?
[Sat Jan 11 13:47:45 2014]  say: Hunty._cz_.: /npc spawn stormtrooper
[Sat Jan 11 13:48:36 2014]  say: Hunty._cz_.: MOC JICH NESPAWNUJ BUDOU LAGY
[Sat Jan 11 13:48:47 2014]  Kill: 1022 1 3: <world> killed kizi by MOD_SABER
[Sat Jan 11 13:49:01 2014]  Kill: 1 1 39: kizi killed kizi by MOD_SUICIDE
[Sat Jan 11 13:49:11 2014]  Item: 1 weapon_demp2
[Sat Jan 11 13:50:27 2014]  Kill: 0 0 25: Hunty._cz_. killed Hunty._cz_. by MOD_TRIP_MINE_SPLASH
[Sat Jan 11 13:50:30 2014]  say: Hunty._cz_.: XD
[Sat Jan 11 13:50:37 2014]  say: kizi: u tu zadnej neni
[Sat Jan 11 13:50:38 2014]  say: kizi: uf
[Sat Jan 11 13:50:47 2014]  say: Hunty._cz_.: MAULA NEBO QUIGONA NEBO OBIWANA
[Sat Jan 11 13:51:13 2014]  say: Hunty._cz_.: TAK CO
[Sat Jan 11 13:51:15 2014]  say: kizi: jak se zabiji abusem?
[Sat Jan 11 13:51:27 2014]  say: Hunty._cz_.: to si musis stahnout script
[Sat Jan 11 13:51:28 2014]  say: Hunty._cz_.: y
[Sat Jan 11 13:51:39 2014]  say: Hunty._cz_.: ted si vyber
[Sat Jan 11 13:52:15 2014]  say: kizi: obiho treba
[Sat Jan 11 13:52:19 2014]  say: Hunty._cz_.: ok tak si dej
[Sat Jan 11 13:52:21 2014]  say: Hunty._cz_.: /model jedi
[Sat Jan 11 13:52:33 2014]  say: kizi: jedelej noclip
[Sat Jan 11 13:52:42 2014]  say: Hunty._cz_.: dej si jei
[Sat Jan 11 13:52:43 2014]  say: Hunty._cz_.: jediho
[Sat Jan 11 13:52:49 2014]  Kill: 1 0 27: kizi killed Hunty._cz_. by MOD_DET_PACK_SPLASH
[Sat Jan 11 13:52:51 2014]  say: kizi: vypni noclip
[Sat Jan 11 13:52:57 2014]  say: kizi: jakyho jediho?
[Sat Jan 11 13:53:02 2014]  say: Hunty._cz_.: /model jedi/j2
[Sat Jan 11 13:53:37 2014]  Kill: 1 0 25: kizi killed Hunty._cz_. by MOD_TRIP_MINE_SPLASH
[Sat Jan 11 13:53:44 2014]  say: Hunty._cz_.: DEJ SI MODEL JEDI J2
[Sat Jan 11 13:54:03 2014]  say: Hunty._cz_.: ._.
[Sat Jan 11 13:54:09 2014]  Kill: 1 0 27: kizi killed Hunty._cz_. by MOD_DET_PACK_SPLASH
[Sat Jan 11 13:54:55 2014]  ClientDisconnect: 0
[Sat Jan 11 13:54:55 2014]  ClientConnect: 0
[Sat Jan 11 13:54:55 2014]  mlog:Player cesky sulin, connected. With IP - 78.80.100.24:13979 
[Sat Jan 11 13:55:35 2014]  say: kizi: tys
[Sat Jan 11 13:55:37 2014]  say: kizi: to 
[Sat Jan 11 13:55:39 2014]  say: kizi: bouchnul?
[Sat Jan 11 13:55:41 2014]  ClientBegin: 0
[Sat Jan 11 13:55:46 2014]  say: Hunty._cz_.: spadla mi hra ..
[Sat Jan 11 13:55:57 2014]  say: Hunty._cz_.: kvuli tem minam
[Sat Jan 11 13:56:05 2014]  say: kizi: lol
[Sat Jan 11 13:56:11 2014]  Kill: 1 0 27: kizi killed Hunty._cz_. by MOD_DET_PACK_SPLASH
[Sat Jan 11 13:56:23 2014]  say: kizi: co s nima delas?
[Sat Jan 11 13:57:10 2014]  Kill: 1 1 39: kizi killed kizi by MOD_SUICIDE
[Sat Jan 11 13:57:14 2014]  say: Hunty._cz_.: lol
[Sat Jan 11 13:57:18 2014]  say: kizi: co zase?
[Sat Jan 11 13:57:22 2014]  say: Hunty._cz_.: musim cau
[Sat Jan 11 13:57:25 2014]  Kill: 0 0 39: Hunty._cz_. killed Hunty._cz_. by MOD_SUICIDE
[Sat Jan 11 13:57:25 2014]  setteam:  0 FREE SPECTATOR
[Sat Jan 11 13:57:25 2014]  ClientBegin: 0
[Sat Jan 11 13:57:26 2014]  say: kizi: kam?
[Sat Jan 11 13:57:29 2014]  Kill: 1 1 39: kizi killed kizi by MOD_SUICIDE
[Sat Jan 11 13:57:30 2014]  say: Hunty._cz_.: nekam
[Sat Jan 11 13:57:36 2014]  say: kizi: ja jdu na boss
[Sat Jan 11 13:57:40 2014]  say: Hunty._cz_.: lol
[Sat Jan 11 13:57:47 2014]  say: kizi: ???
[Sat Jan 11 13:57:47 2014]  say: Hunty._cz_.: ja jdu na swtor
[Sat Jan 11 13:57:59 2014]  say: kizi: ok ja taky
[Sat Jan 11 13:58:01 2014]  ClientDisconnect: 1
[Sat Jan 11 13:58:05 2014]  ClientConnect: 1
[Sat Jan 11 13:58:05 2014]  mlog:Player ^0Darth ^1Javimetal, connected. With IP - 85.219.4.121:29070 
[Sat Jan 11 13:58:08 2014]  ClientDisconnect: 0
[Sat Jan 11 13:59:03 2014]  ClientBegin: 1
[Sat Jan 11 14:00:07 2014]  ClientDisconnect: 1
[Sat Jan 11 14:53:56 2014]  Exit: Timelimit hit.
[Sat Jan 11 16:37:41 2014]  ClientConnect: 0
[Sat Jan 11 16:37:41 2014]  mlog:Player ^2Adm^3ir^1@^3l, connected. With IP - 91.207.67.213:29070 
[Sat Jan 11 16:37:54 2014]  ClientBegin: 0
[Sat Jan 11 16:37:55 2014]  ShutdownGame:
[Sat Jan 11 16:37:55 2014]  ------------------------------------------------------------
[Sat Jan 11 16:37:57 2014]  ------------------------------------------------------------
[Sat Jan 11 16:37:57 2014]  InitGame: \g_siegeTeam2\none\g_siegeTeam1\none\g_jediVmerc\0\g_maxGameClients\0\g_noSpecMove\0\g_debugMelee\1\g_siegeRespawn\20\g_siegeTeamSwitch\1\g_forceRegenTime\0\g_forcePowerDisable\0\g_weaponDisable\0\g_allowNPC\1\bot_minplayers\0\sv_allowDownload\1\sv_floodProtect\0\sv_maxPing\0\sv_minPing\0\sv_maxRate\5000\sv_maxclients\32\sv_hostname\^3Darkquake's Makermod Server\g_duelWeaponDisable\65531\g_forceBasedTeams\0\duel_fraglimit\10\g_maxForceRank\7\g_saberLocking\1\g_privateDuel\1\capturelimit\0\timelimit\120\fraglimit\0\dmflags\0\version\(internal)JAmp: v1.0.1.0 win-x86 Oct 30 2003\g_maxHolocronCarry\3\g_gametype\0\g_needpass\0\protocol\26\mapname\mp/siege_desert\sv_privateClients\0\g_stepSlideFix\1\gamename\MakerMod\g_saberWallDamageScale\0.4\bg_fighterAltControl\0\g_showDuelHealths\0
[Sat Jan 11 16:37:58 2014]  ClientConnect: 0
[Sat Jan 11 16:38:05 2014]  ClientBegin: 0
[Sat Jan 11 16:39:28 2014]  Kill: 1022 0 39: <world> killed ^2Adm^3ir^1@^3l by MOD_SUICIDE
[Sat Jan 11 16:39:58 2014]  Kill: 0 0 36: ^2Adm^3ir^1@^3l killed ^2Adm^3ir^1@^3l by MOD_CRUSH
[Sat Jan 11 16:42:43 2014]  ClientDisconnect: 0
[Sat Jan 11 18:37:54 2014]  Exit: Timelimit hit.
[Sun Jan 12 06:52:10 2014]  ClientConnect: 0
[Sun Jan 12 06:52:10 2014]  mlog:Player <{^1KOTR^7}>^4Altair^7-JK, connected. With IP - 89.145.152.30:29070 
[Sun Jan 12 06:52:46 2014]  ClientBegin: 0
[Sun Jan 12 06:52:49 2014]  ShutdownGame:
[Sun Jan 12 06:52:49 2014]  ------------------------------------------------------------
