[Sun Nov 24 05:24:11 2013]  ------------------------------------------------------------
[Sun Nov 24 05:24:11 2013]  InitGame: \dmflags\0\fraglimit\0\timelimit\120\capturelimit\0\g_privateDuel\1\g_saberLocking\1\g_maxForceRank\7\duel_fraglimit\10\g_forceBasedTeams\0\g_duelWeaponDisable\65531\sv_hostname\^3Darkquake's Makermod Server\sv_maxclients\32\sv_maxRate\5000\sv_minPing\0\sv_maxPing\0\sv_floodProtect\0\sv_allowDownload\1\bot_minplayers\0\g_allowNPC\1\g_weaponDisable\0\g_forcePowerDisable\0\g_forceRegenTime\0\g_siegeTeamSwitch\1\g_siegeRespawn\20\g_debugMelee\1\g_noSpecMove\0\g_maxGameClients\0\g_jediVmerc\0\g_siegeTeam1\none\g_siegeTeam2\none\version\(internal)JAmp: v1.0.1.0 win-x86 Oct 30 2003\g_maxHolocronCarry\3\g_gametype\0\g_needpass\0\protocol\26\mapname\mp/siege_desert\sv_privateClients\0\g_stepSlideFix\1\gamename\MakerMod\g_saberWallDamageScale\0.4\bg_fighterAltControl\0\g_showDuelHealths\0
[Sun Nov 24 05:24:12 2013]  ClientConnect: 0
[Sun Nov 24 05:24:22 2013]  ClientBegin: 0
[Sun Nov 24 05:24:29 2013]  say: harold: hello
[Sun Nov 24 05:25:15 2013]  ClientDisconnect: 0
[Sun Nov 24 07:24:09 2013]  Exit: Timelimit hit.
[Sun Nov 24 11:24:27 2013]  ClientConnect: 0
[Sun Nov 24 11:24:27 2013]  mlog:Player WhiteMagicRaven, connected. With IP - 37.55.89.206:29070 
[Sun Nov 24 11:27:26 2013]  ClientConnect: 1
[Sun Nov 24 11:27:26 2013]  mlog:Player ^5^1Darth ^8Kias, connected. With IP - 46.39.248.67:25853 
[Sun Nov 24 11:27:39 2013]  ClientBegin: 1
[Sun Nov 24 11:27:44 2013]  ShutdownGame:
[Sun Nov 24 11:27:44 2013]  ------------------------------------------------------------
[Sun Nov 24 11:27:45 2013]  ------------------------------------------------------------
[Sun Nov 24 11:27:45 2013]  InitGame: \dmflags\0\fraglimit\0\timelimit\120\capturelimit\0\g_privateDuel\1\g_saberLocking\1\g_maxForceRank\7\duel_fraglimit\10\g_forceBasedTeams\0\g_duelWeaponDisable\65531\sv_hostname\^3Darkquake's Makermod Server\sv_maxclients\32\sv_maxRate\5000\sv_minPing\0\sv_maxPing\0\sv_floodProtect\0\sv_allowDownload\1\bot_minplayers\0\g_allowNPC\1\g_weaponDisable\0\g_forcePowerDisable\0\g_forceRegenTime\0\g_siegeTeamSwitch\1\g_siegeRespawn\20\g_debugMelee\1\g_noSpecMove\0\g_maxGameClients\0\g_jediVmerc\0\g_siegeTeam1\none\g_siegeTeam2\none\version\(internal)JAmp: v1.0.1.0 win-x86 Oct 30 2003\g_maxHolocronCarry\3\g_gametype\0\g_needpass\0\protocol\26\mapname\t2_trip\sv_privateClients\0\g_stepSlideFix\1\gamename\MakerMod\g_saberWallDamageScale\0.4\bg_fighterAltControl\0\g_showDuelHealths\0
[Sun Nov 24 11:27:46 2013]  ClientConnect: 0
[Sun Nov 24 11:27:46 2013]  ClientConnect: 1
[Sun Nov 24 11:27:55 2013]  ClientBegin: 1
[Sun Nov 24 11:28:42 2013]  ClientDisconnect: 1
[Sun Nov 24 11:30:38 2013]  ClientDisconnect: 0
[Sun Nov 24 12:39:58 2013]  ClientConnect: 0
[Sun Nov 24 12:39:58 2013]  mlog:Player Wookie with 7iq, connected. With IP - 178.76.204.255:29070 
[Sun Nov 24 12:40:30 2013]  ClientBegin: 0
[Sun Nov 24 12:42:44 2013]  ClientDisconnect: 0
[Sun Nov 24 13:27:44 2013]  Exit: Timelimit hit.
[Sun Nov 24 13:46:57 2013]  ClientConnect: 0
[Sun Nov 24 13:46:57 2013]  mlog:Player Padawan, connected. With IP - 80.37.181.10:29070 
[Sun Nov 24 13:47:41 2013]  ClientBegin: 0
[Sun Nov 24 13:47:49 2013]  ShutdownGame:
[Sun Nov 24 13:47:49 2013]  ------------------------------------------------------------
[Sun Nov 24 13:47:50 2013]  ------------------------------------------------------------
[Sun Nov 24 13:47:50 2013]  InitGame: \dmflags\0\fraglimit\0\timelimit\120\capturelimit\0\g_privateDuel\1\g_saberLocking\1\g_maxForceRank\7\duel_fraglimit\10\g_forceBasedTeams\0\g_duelWeaponDisable\65531\sv_hostname\^3Darkquake's Makermod Server\sv_maxclients\32\sv_maxRate\5000\sv_minPing\0\sv_maxPing\0\sv_floodProtect\0\sv_allowDownload\1\bot_minplayers\0\g_allowNPC\1\g_weaponDisable\0\g_forcePowerDisable\0\g_forceRegenTime\0\g_siegeTeamSwitch\1\g_siegeRespawn\20\g_debugMelee\1\g_noSpecMove\0\g_maxGameClients\0\g_jediVmerc\0\g_siegeTeam1\none\g_siegeTeam2\none\version\(internal)JAmp: v1.0.1.0 win-x86 Oct 30 2003\g_maxHolocronCarry\3\g_gametype\0\g_needpass\0\protocol\26\mapname\mp/siege_desert\sv_privateClients\0\g_stepSlideFix\1\gamename\MakerMod\g_saberWallDamageScale\0.4\bg_fighterAltControl\0\g_showDuelHealths\0
[Sun Nov 24 13:47:51 2013]  ClientConnect: 0
[Sun Nov 24 13:48:16 2013]  ClientBegin: 0
[Sun Nov 24 13:54:03 2013]  ClientDisconnect: 0
[Sun Nov 24 15:47:48 2013]  Exit: Timelimit hit.
[Sun Nov 24 16:29:20 2013]  ClientConnect: 0
[Sun Nov 24 16:29:20 2013]  mlog:Player Criss Cristi, connected. With IP - 86.120.81.156:29070 
[Sun Nov 24 16:29:34 2013]  ClientBegin: 0
[Sun Nov 24 16:30:05 2013]  ShutdownGame:
[Sun Nov 24 16:30:05 2013]  ------------------------------------------------------------
[Sun Nov 24 16:30:06 2013]  ------------------------------------------------------------
[Sun Nov 24 16:30:06 2013]  InitGame: \dmflags\0\fraglimit\0\timelimit\120\capturelimit\0\g_privateDuel\1\g_saberLocking\1\g_maxForceRank\7\duel_fraglimit\10\g_forceBasedTeams\0\g_duelWeaponDisable\65531\sv_hostname\^3Darkquake's Makermod Server\sv_maxclients\32\sv_maxRate\5000\sv_minPing\0\sv_maxPing\0\sv_floodProtect\0\sv_allowDownload\1\bot_minplayers\0\g_allowNPC\1\g_weaponDisable\0\g_forcePowerDisable\0\g_forceRegenTime\0\g_siegeTeamSwitch\1\g_siegeRespawn\20\g_debugMelee\1\g_noSpecMove\0\g_maxGameClients\0\g_jediVmerc\0\g_siegeTeam1\none\g_siegeTeam2\none\version\(internal)JAmp: v1.0.1.0 win-x86 Oct 30 2003\g_maxHolocronCarry\3\g_gametype\0\g_needpass\0\protocol\26\mapname\t2_trip\sv_privateClients\0\g_stepSlideFix\1\gamename\MakerMod\g_saberWallDamageScale\0.4\bg_fighterAltControl\0\g_showDuelHealths\0
[Sun Nov 24 16:30:08 2013]  ClientConnect: 0
[Sun Nov 24 16:30:20 2013]  ClientBegin: 0
[Sun Nov 24 16:30:30 2013]  ClientConnect: 1
[Sun Nov 24 16:30:30 2013]  mlog:Player Master Obi-Wan Kenobi, connected. With IP - 188.25.143.91:29070 
[Sun Nov 24 16:30:57 2013]  ClientConnect: 2
[Sun Nov 24 16:30:57 2013]  mlog:Player ^8Kias|^4^5^6^3^2^1J^8K^1A, connected. With IP - 46.39.248.67:-1409 
[Sun Nov 24 16:31:04 2013]  ClientBegin: 1
[Sun Nov 24 16:31:10 2013]  ClientBegin: 2
[Sun Nov 24 16:31:38 2013]  say: ^8Ki^4as: драсте
[Sun Nov 24 16:31:43 2013]  say: ^8Ki^4as: hi
[Sun Nov 24 16:31:43 2013]  print "Master Obi-Wan Kenobi^7 @@@PLRENAME Padawan
"[Sun Nov 24 16:31:47 2013]  say: Padawan: hi
[Sun Nov 24 16:31:56 2013]  print "Padawan^7 @@@PLRENAME Bobba Fett
"[Sun Nov 24 16:31:56 2013]  say: ^8Ki^4as: who russian?
[Sun Nov 24 16:32:01 2013]  say: ^8Ki^4as: llok
[Sun Nov 24 16:32:02 2013]  say: Bobba Fett: nobody.
[Sun Nov 24 16:32:04 2013]  say: ^8Ki^4as: look
[Sun Nov 24 16:32:09 2013]  Kill: 2 1 36: ^8Ki^4as killed Bobba Fett by MOD_CRUSH
[Sun Nov 24 16:32:17 2013]  Kill: 2 0 36: ^8Ki^4as killed Criss Cristi by MOD_CRUSH
[Sun Nov 24 16:32:20 2013]  Kill: 2 1 36: ^8Ki^4as killed Bobba Fett by MOD_CRUSH
[Sun Nov 24 16:32:22 2013]  say: Bobba Fett: ???
[Sun Nov 24 16:32:24 2013]  say: Bobba Fett: wtf
[Sun Nov 24 16:32:27 2013]  say: ^8Ki^4as: =)
[Sun Nov 24 16:32:32 2013]  say: ^8Ki^4as: im strong!
[Sun Nov 24 16:32:37 2013]  Kill: 2 1 36: ^8Ki^4as killed Bobba Fett by MOD_CRUSH
[Sun Nov 24 16:32:39 2013]  say: Bobba Fett: you are admin:|
[Sun Nov 24 16:32:44 2013]  say: ^8Ki^4as: no
[Sun Nov 24 16:33:16 2013]  say: ^8Ki^4as: im strong men
[Sun Nov 24 16:33:35 2013]  say: Bobba Fett: wth?
[Sun Nov 24 16:34:03 2013]  Kill: 1 0 31: Bobba Fett killed Criss Cristi by MOD_FORCE_DARK
[Sun Nov 24 16:34:05 2013]  Kill: 1022 1 3: <world> killed Bobba Fett by MOD_SABER
[Sun Nov 24 16:34:35 2013]  say: ^8Ki^4as: im a king!@
[Sun Nov 24 16:34:43 2013]  say: Bobba Fett: you own this sv...
[Sun Nov 24 16:34:58 2013]  Kill: 1 0 3: Bobba Fett killed Criss Cristi by MOD_SABER
[Sun Nov 24 16:35:08 2013]  say: Bobba Fett: nice svv!
[Sun Nov 24 16:35:17 2013]  say: ^8Ki^4as: look
[Sun Nov 24 16:35:20 2013]  say: ^8Ki^4as: go me
[Sun Nov 24 16:35:25 2013]  say: Bobba Fett: add some star wars real characters and i always stay here
[Sun Nov 24 16:36:13 2013]  say: ^8Ki^4as: a
[Sun Nov 24 16:36:19 2013]  say: ^8Ki^4as: im strong
[Sun Nov 24 16:36:23 2013]  say: ^8Ki^4as: a power
[Sun Nov 24 16:36:35 2013]  say: Bobba Fett: can you add some characters?
[Sun Nov 24 16:36:43 2013]  say: Bobba Fett: from real star wars
[Sun Nov 24 16:36:47 2013]  say: Bobba Fett: i mean kotf
[Sun Nov 24 16:37:10 2013]  say: ^8Ki^4as: look
[Sun Nov 24 16:37:14 2013]  say: ^8Ki^4as: come
[Sun Nov 24 16:37:15 2013]  say: ^8Ki^4as: me
[Sun Nov 24 16:37:23 2013]  Kill: 2 1 36: ^8Ki^4as killed Bobba Fett by MOD_CRUSH
[Sun Nov 24 16:37:29 2013]  Kill: 2 0 36: ^8Ki^4as killed Criss Cristi by MOD_CRUSH
[Sun Nov 24 16:37:33 2013]  say: Bobba Fett: ...
[Sun Nov 24 16:37:35 2013]  say: ^8Ki^4as: good&
[Sun Nov 24 16:37:37 2013]  say: ^8Ki^4as: ?
[Sun Nov 24 16:37:59 2013]  Kill: 2 0 36: ^8Ki^4as killed Criss Cristi by MOD_CRUSH
[Sun Nov 24 16:37:59 2013]  Kill: 2 1 36: ^8Ki^4as killed Bobba Fett by MOD_CRUSH
[Sun Nov 24 16:38:00 2013]  Kill: 0 1 37: Criss Cristi killed Bobba Fett by MOD_TELEFRAG
[Sun Nov 24 16:38:04 2013]  say: Bobba Fett: STOP IT
[Sun Nov 24 16:38:08 2013]  say: ^8Ki^4as: ok
[Sun Nov 24 16:38:10 2013]  say: ^8Ki^4as: ok
[Sun Nov 24 16:38:13 2013]  say: ^8Ki^4as: im no kill
[Sun Nov 24 16:38:20 2013]  say: Bobba Fett: give us stormtroopers to kiill and do what you want
[Sun Nov 24 16:38:22 2013]  say: ^8Ki^4as: im litle speak
[Sun Nov 24 16:38:26 2013]  say: Bobba Fett: i see
[Sun Nov 24 16:38:32 2013]  say: ^8Ki^4as: naphing
[Sun Nov 24 16:38:38 2013]  say: Bobba Fett: ?
[Sun Nov 24 16:38:45 2013]  say: ^8Ki^4as: =(
[Sun Nov 24 16:38:56 2013]  say: Bobba Fett: spawn stormtroopers
[Sun Nov 24 16:39:02 2013]  say: ^8Ki^4as: me&
[Sun Nov 24 16:39:03 2013]  say: ^8Ki^4as: ?
[Sun Nov 24 16:39:05 2013]  say: Bobba Fett: yes
[Sun Nov 24 16:39:38 2013]  say: Bobba Fett: what is your name?
[Sun Nov 24 16:39:50 2013]  say: ^8Ki^4as: maxim
[Sun Nov 24 16:39:56 2013]  say: Bobba Fett: aha
[Sun Nov 24 16:40:00 2013]  ClientConnect: 3
[Sun Nov 24 16:40:00 2013]  mlog:Player Hake'ukesodan, connected. With IP - 92.26.142.76:29070 
[Sun Nov 24 16:40:09 2013]  say: ^8Ki^4as: see&
[Sun Nov 24 16:40:10 2013]  say: ^8Ki^4as: ?
[Sun Nov 24 16:40:13 2013]  say: Bobba Fett: yes
[Sun Nov 24 16:40:17 2013]  say: Bobba Fett: HOW?
[Sun Nov 24 16:40:33 2013]  say: ^8Ki^4as: im king!
[Sun Nov 24 16:40:41 2013]  say: ^8Ki^4as: go my home
[Sun Nov 24 16:41:09 2013]  ClientBegin: 3
[Sun Nov 24 16:42:01 2013]  Kill: 2 0 3: ^8Ki^4as killed Criss Cristi by MOD_SABER
[Sun Nov 24 16:42:07 2013]  say: ^8Ki^4as: come
[Sun Nov 24 16:42:27 2013]  say: ^8Ki^4as: what you want?
[Sun Nov 24 16:42:39 2013]  say: ^8Ki^4as: im do you house
[Sun Nov 24 16:42:43 2013]  say: ^8Ki^4as: do?
[Sun Nov 24 16:42:45 2013]  say: Bobba Fett: to have obi-wan's skin
[Sun Nov 24 16:42:53 2013]  say: ^8Ki^4as: im too
[Sun Nov 24 16:43:01 2013]  say: ^8Ki^4as: hey]
[Sun Nov 24 16:43:04 2013]  say: Bobba Fett: ?
[Sun Nov 24 16:43:16 2013]  say: Bobba Fett: sry
[Sun Nov 24 16:43:23 2013]  say: ^8Ki^4as: come
[Sun Nov 24 16:43:24 2013]  say: Hake'ukesodan: hey guys
[Sun Nov 24 16:43:27 2013]  say: Bobba Fett: hey
[Sun Nov 24 16:43:39 2013]  say: ^8Ki^4as: you
[Sun Nov 24 16:43:45 2013]  print "Bobba Fett^7 @@@PLRENAME Chewbacca
"[Sun Nov 24 16:43:53 2013]  say: ^8Ki^4as: im king!
[Sun Nov 24 16:43:58 2013]  say: ^8Ki^4as: im russian
[Sun Nov 24 16:44:01 2013]  Kill: 2 1 36: ^8Ki^4as killed Chewbacca by MOD_CRUSH
[Sun Nov 24 16:44:02 2013]  say: Hake'ukesodan: finally a server thats english!
[Sun Nov 24 16:44:11 2013]  say: Chewbacca: he is russian
[Sun Nov 24 16:44:13 2013]  say: ^8Ki^4as: no grip me
[Sun Nov 24 16:44:17 2013]  Kill: 1022 1 36: <world> killed Chewbacca by MOD_CRUSH
[Sun Nov 24 16:44:21 2013]  say: Chewbacca: STOP IT
[Sun Nov 24 16:44:28 2013]  say: Chewbacca: wait
[Sun Nov 24 16:44:41 2013]  Kill: 1022 1 36: <world> killed Chewbacca by MOD_CRUSH
[Sun Nov 24 16:44:42 2013]  say: Chewbacca: ?
[Sun Nov 24 16:44:46 2013]  say: Chewbacca: what the hell?
[Sun Nov 24 16:44:47 2013]  Kill: 1022 0 36: <world> killed Criss Cristi by MOD_CRUSH
[Sun Nov 24 16:44:52 2013]  say: ^8Ki^4as: no kill 
[Sun Nov 24 16:44:59 2013]  say: Hake'ukesodan: sorry
[Sun Nov 24 16:45:03 2013]  say: Chewbacca: how did you do this?
[Sun Nov 24 16:45:14 2013]  say: Hake'ukesodan: wait ill be back
[Sun Nov 24 16:45:19 2013]  ClientDisconnect: 3
[Sun Nov 24 16:45:28 2013]  Kill: 2 1 3: ^8Ki^4as killed Chewbacca by MOD_SABER
[Sun Nov 24 16:45:34 2013]  Kill: 2 0 36: ^8Ki^4as killed Criss Cristi by MOD_CRUSH
[Sun Nov 24 16:45:38 2013]  Kill: 2 1 36: ^8Ki^4as killed Chewbacca by MOD_CRUSH
[Sun Nov 24 16:45:52 2013]  say: Chewbacca: fight us without that if you are not a coward
[Sun Nov 24 16:45:54 2013]  Kill: 2 0 36: ^8Ki^4as killed Criss Cristi by MOD_CRUSH
[Sun Nov 24 16:45:54 2013]  Kill: 2 1 36: ^8Ki^4as killed Chewbacca by MOD_CRUSH
[Sun Nov 24 16:45:56 2013]  Kill: 0 1 37: Criss Cristi killed Chewbacca by MOD_TELEFRAG
[Sun Nov 24 16:46:12 2013]  Kill: 2 1 36: ^8Ki^4as killed Chewbacca by MOD_CRUSH
[Sun Nov 24 16:46:15 2013]  Kill: 2 0 36: ^8Ki^4as killed Criss Cristi by MOD_CRUSH
[Sun Nov 24 16:46:19 2013]  Kill: 2 1 0: ^8Ki^4as killed Chewbacca by MOD_UNKNOWN
[Sun Nov 24 16:46:33 2013]  Kill: 2 1 36: ^8Ki^4as killed Chewbacca by MOD_CRUSH
[Sun Nov 24 16:46:36 2013]  Kill: 2 0 36: ^8Ki^4as killed Criss Cristi by MOD_CRUSH
[Sun Nov 24 16:46:43 2013]  Kill: 2 1 36: ^8Ki^4as killed Chewbacca by MOD_CRUSH
[Sun Nov 24 16:46:44 2013]  Kill: 2 0 0: ^8Ki^4as killed Criss Cristi by MOD_UNKNOWN
[Sun Nov 24 16:46:48 2013]  Kill: 2 1 36: ^8Ki^4as killed Chewbacca by MOD_CRUSH
[Sun Nov 24 16:46:53 2013]  Kill: 2 0 36: ^8Ki^4as killed Criss Cristi by MOD_CRUSH
[Sun Nov 24 16:47:18 2013]  Kill: 2 1 0: ^8Ki^4as killed Chewbacca by MOD_UNKNOWN
[Sun Nov 24 16:47:28 2013]  Kill: 2 1 36: ^8Ki^4as killed Chewbacca by MOD_CRUSH
[Sun Nov 24 16:47:35 2013]  Kill: 2 0 36: ^8Ki^4as killed Criss Cristi by MOD_CRUSH
[Sun Nov 24 16:47:49 2013]  say: ^8Ki^4as: you want kill me&
[Sun Nov 24 16:47:51 2013]  say: ^8Ki^4as: ?
[Sun Nov 24 16:48:02 2013]  say: Chewbacca: we want you to stop doing that crap
[Sun Nov 24 16:48:09 2013]  say: ^8Ki^4as: ok
[Sun Nov 24 16:48:15 2013]  say: ^8Ki^4as: go build
[Sun Nov 24 16:48:24 2013]  say: Chewbacca: noh
[Sun Nov 24 16:49:37 2013]  Kill: 2 1 0: ^8Ki^4as killed Chewbacca by MOD_UNKNOWN
[Sun Nov 24 16:49:41 2013]  say: Chewbacca: KIAS!!
[Sun Nov 24 16:50:02 2013]  Kill: 2 2 39: ^8Ki^4as killed ^8Ki^4as by MOD_SUICIDE
[Sun Nov 24 16:50:29 2013]  print "Chewbacca^7 @@@PLRENAME Luke Skywalker
"[Sun Nov 24 16:51:19 2013]  ClientDisconnect: 1
[Sun Nov 24 16:51:31 2013]  ClientDisconnect: 0
[Sun Nov 24 16:51:46 2013]  ClientDisconnect: 2
[Sun Nov 24 18:30:05 2013]  Exit: Timelimit hit.
[Sun Nov 24 21:46:50 2013]  ClientConnect: 0
[Sun Nov 24 21:46:50 2013]  mlog:Player ^4The Erazer, connected. With IP - 93.1.103.108:29070 
[Sun Nov 24 21:47:15 2013]  ClientBegin: 0
[Sun Nov 24 21:47:17 2013]  ShutdownGame:
[Sun Nov 24 21:47:17 2013]  ------------------------------------------------------------
[Sun Nov 24 21:47:18 2013]  ------------------------------------------------------------
[Sun Nov 24 21:47:18 2013]  InitGame: \dmflags\0\fraglimit\0\timelimit\120\capturelimit\0\g_privateDuel\1\g_saberLocking\1\g_maxForceRank\7\duel_fraglimit\10\g_forceBasedTeams\0\g_duelWeaponDisable\65531\sv_hostname\^3Darkquake's Makermod Server\sv_maxclients\32\sv_maxRate\5000\sv_minPing\0\sv_maxPing\0\sv_floodProtect\0\sv_allowDownload\1\bot_minplayers\0\g_allowNPC\1\g_weaponDisable\0\g_forcePowerDisable\0\g_forceRegenTime\0\g_siegeTeamSwitch\1\g_siegeRespawn\20\g_debugMelee\1\g_noSpecMove\0\g_maxGameClients\0\g_jediVmerc\0\g_siegeTeam1\none\g_siegeTeam2\none\version\(internal)JAmp: v1.0.1.0 win-x86 Oct 30 2003\g_maxHolocronCarry\3\g_gametype\0\g_needpass\0\protocol\26\mapname\mp/siege_desert\sv_privateClients\0\g_stepSlideFix\1\gamename\MakerMod\g_saberWallDamageScale\0.4\bg_fighterAltControl\0\g_showDuelHealths\0
[Sun Nov 24 21:47:18 2013]  ClientConnect: 0
[Sun Nov 24 21:47:31 2013]  ClientBegin: 0
[Sun Nov 24 21:48:11 2013]  ClientDisconnect: 0
[Sun Nov 24 23:47:17 2013]  Exit: Timelimit hit.
[Mon Nov 25 03:21:33 2013]  ClientConnect: 0
[Mon Nov 25 03:21:33 2013]  mlog:Player ^4Tongan^3Knight, connected. With IP - 74.211.5.236:29070 
[Mon Nov 25 03:21:52 2013]  ClientBegin: 0
[Mon Nov 25 03:21:56 2013]  ShutdownGame:
[Mon Nov 25 03:21:56 2013]  ------------------------------------------------------------
