[Sat Nov 23 05:44:44 2013]  ------------------------------------------------------------
[Sat Nov 23 05:44:44 2013]  InitGame: \dmflags\0\fraglimit\0\timelimit\120\capturelimit\0\g_privateDuel\1\g_saberLocking\1\g_maxForceRank\7\duel_fraglimit\10\g_forceBasedTeams\0\g_duelWeaponDisable\65531\sv_hostname\^3Darkquake's Makermod Server\sv_maxclients\32\sv_maxRate\5000\sv_minPing\0\sv_maxPing\0\sv_floodProtect\0\sv_allowDownload\1\bot_minplayers\0\g_allowNPC\1\g_weaponDisable\0\g_forcePowerDisable\0\g_forceRegenTime\0\g_siegeTeamSwitch\1\g_siegeRespawn\20\g_debugMelee\1\g_noSpecMove\0\g_maxGameClients\0\g_jediVmerc\0\g_siegeTeam1\none\g_siegeTeam2\none\version\(internal)JAmp: v1.0.1.0 win-x86 Oct 30 2003\g_maxHolocronCarry\3\g_gametype\0\g_needpass\0\protocol\26\mapname\t2_trip\sv_privateClients\0\g_stepSlideFix\1\gamename\MakerMod\g_saberWallDamageScale\0.4\bg_fighterAltControl\0\g_showDuelHealths\0
[Sat Nov 23 05:44:46 2013]  ClientConnect: 0
[Sat Nov 23 05:45:03 2013]  ClientBegin: 0
[Sat Nov 23 05:49:56 2013]  Kill: 0 0 39: ^5^1Darth ^8Kias killed ^5^1Darth ^8Kias by MOD_SUICIDE
[Sat Nov 23 05:50:14 2013]  Kill: 0 0 39: ^5^1Darth ^8Kias killed ^5^1Darth ^8Kias by MOD_SUICIDE
[Sat Nov 23 06:03:36 2013]  ClientDisconnect: 0
[Sat Nov 23 06:29:51 2013]  ClientConnect: 0
[Sat Nov 23 06:29:51 2013]  mlog:Player ^4Tongan^3Knight, connected. With IP - 74.211.5.236:29070 
[Sat Nov 23 06:30:15 2013]  ClientBegin: 0
[Sat Nov 23 06:30:41 2013]  print "POOPSICLE^7 @@@PLRENAME ^3S^0lammen^3S^0tan
"[Sat Nov 23 06:33:26 2013]  Kill: 0 0 36: ^3S^0lammen^3S^0tan killed ^3S^0lammen^3S^0tan by MOD_CRUSH
[Sat Nov 23 06:39:40 2013]  say: ^3S^0lammen^3S^0tan: npc spawn stormtrooper
[Sat Nov 23 06:40:41 2013]  say: ^3S^0lammen^3S^0tan: ^3You will die!
[Sat Nov 23 06:40:48 2013]  say: ^3S^0lammen^3S^0tan: ^3You will die!
[Sat Nov 23 06:41:08 2013]  say: ^3S^0lammen^3S^0tan: ^3You will die!
[Sat Nov 23 06:41:13 2013]  say: ^3S^0lammen^3S^0tan: ^3You will die!
[Sat Nov 23 06:41:16 2013]  say: ^3S^0lammen^3S^0tan: ^3You will die!
[Sat Nov 23 06:41:23 2013]  say: ^3S^0lammen^3S^0tan: ^3You will die!
[Sat Nov 23 06:41:31 2013]  say: ^3S^0lammen^3S^0tan: ^3You will die!
[Sat Nov 23 06:41:38 2013]  say: ^3S^0lammen^3S^0tan: ^3You will die!
[Sat Nov 23 06:42:31 2013]  say: ^3S^0lammen^3S^0tan: ^0**^7Cya Loser^0**
[Sat Nov 23 06:42:50 2013]  say: ^3S^0lammen^3S^0tan: ^3You will die!
[Sat Nov 23 06:43:08 2013]  say: ^3S^0lammen^3S^0tan: ^0**^7Cya Loser^0**
[Sat Nov 23 06:43:28 2013]  Kill: 1022 0 36: <world> killed ^3S^0lammen^3S^0tan by MOD_CRUSH
[Sat Nov 23 06:45:28 2013]  say: ^3S^0lammen^3S^0tan: ^7POOF! ^0>:p
[Sat Nov 23 06:45:59 2013]  say: ^3S^0lammen^3S^0tan: ^7POOF! ^0>:p
[Sat Nov 23 06:46:12 2013]  say: ^3S^0lammen^3S^0tan: ^7POOF! ^0>:p
[Sat Nov 23 06:46:24 2013]  say: ^3S^0lammen^3S^0tan: ^7POOF! ^0>:p
[Sat Nov 23 06:47:14 2013]  ClientDisconnect: 0
[Sat Nov 23 07:44:42 2013]  Exit: Timelimit hit.
[Sat Nov 23 11:26:16 2013]  ClientConnect: 0
[Sat Nov 23 11:26:16 2013]  mlog:Player evgendjyzer, connected. With IP - 178.65.169.12:29093 
[Sat Nov 23 11:26:38 2013]  ClientBegin: 0
[Sat Nov 23 11:27:09 2013]  ShutdownGame:
[Sat Nov 23 11:27:09 2013]  ------------------------------------------------------------
[Sat Nov 23 11:27:10 2013]  ------------------------------------------------------------
[Sat Nov 23 11:27:10 2013]  InitGame: \dmflags\0\fraglimit\0\timelimit\120\capturelimit\0\g_privateDuel\1\g_saberLocking\1\g_maxForceRank\7\duel_fraglimit\10\g_forceBasedTeams\0\g_duelWeaponDisable\65531\sv_hostname\^3Darkquake's Makermod Server\sv_maxclients\32\sv_maxRate\5000\sv_minPing\0\sv_maxPing\0\sv_floodProtect\0\sv_allowDownload\1\bot_minplayers\0\g_allowNPC\1\g_weaponDisable\0\g_forcePowerDisable\0\g_forceRegenTime\0\g_siegeTeamSwitch\1\g_siegeRespawn\20\g_debugMelee\1\g_noSpecMove\0\g_maxGameClients\0\g_jediVmerc\0\g_siegeTeam1\none\g_siegeTeam2\none\version\(internal)JAmp: v1.0.1.0 win-x86 Oct 30 2003\g_maxHolocronCarry\3\g_gametype\0\g_needpass\0\protocol\26\mapname\mp/siege_desert\sv_privateClients\0\g_stepSlideFix\1\gamename\MakerMod\g_saberWallDamageScale\0.4\bg_fighterAltControl\0\g_showDuelHealths\0
[Sat Nov 23 11:27:11 2013]  ClientConnect: 0
[Sat Nov 23 11:27:11 2013]  ClientConnect: 1
[Sat Nov 23 11:27:11 2013]  mlog:Player JICeKA, connected. With IP - 178.65.145.14:21316 
[Sat Nov 23 11:27:25 2013]  ClientBegin: 0
[Sat Nov 23 11:27:28 2013]  ClientBegin: 1
[Sat Nov 23 11:27:30 2013]  ClientConnect: 2
[Sat Nov 23 11:27:30 2013]  mlog:Player Padawan, connected. With IP - 178.65.147.38:29070 
[Sat Nov 23 11:27:46 2013]  ClientConnect: 3
[Sat Nov 23 11:27:46 2013]  mlog:Player Padawan, connected. With IP - 178.66.6.34:29070 
[Sat Nov 23 11:27:49 2013]  ClientBegin: 2
[Sat Nov 23 11:28:02 2013]  ClientBegin: 3
[Sat Nov 23 11:28:26 2013]  Kill: 1 3 3: JICeKA killed Padawan by MOD_SABER
[Sat Nov 23 11:28:49 2013]  Kill: 1022 2 39: <world> killed Mihail98 by MOD_SUICIDE
[Sat Nov 23 11:29:42 2013]  Kill: 1 2 3: JICeKA killed Mihail98 by MOD_SABER
[Sat Nov 23 11:30:05 2013]  Kill: 0 3 3: evgendjyzer killed Padawan by MOD_SABER
[Sat Nov 23 11:31:04 2013]  Kill: 0 2 3: evgendjyzer killed Mihail98 by MOD_SABER
[Sat Nov 23 11:31:29 2013]  print "Padawan^7 @@@PLRENAME GuBeRMaN
"[Sat Nov 23 11:31:49 2013]  Kill: 2 3 3: Mihail98 killed GuBeRMaN by MOD_SABER
[Sat Nov 23 11:33:06 2013]  Kill: 0 3 3: evgendjyzer killed GuBeRMaN by MOD_SABER
[Sat Nov 23 11:33:54 2013]  Kill: 3 1 3: GuBeRMaN killed JICeKA by MOD_SABER
[Sat Nov 23 11:33:55 2013]  Kill: 3 2 3: GuBeRMaN killed Mihail98 by MOD_SABER
[Sat Nov 23 11:34:26 2013]  Kill: 2 0 3: Mihail98 killed evgendjyzer by MOD_SABER
[Sat Nov 23 11:34:46 2013]  Kill: 3 0 3: GuBeRMaN killed evgendjyzer by MOD_SABER
[Sat Nov 23 11:35:16 2013]  Kill: 2 1 31: Mihail98 killed JICeKA by MOD_FORCE_DARK
[Sat Nov 23 11:35:42 2013]  Kill: 2 0 31: Mihail98 killed evgendjyzer by MOD_FORCE_DARK
[Sat Nov 23 11:36:18 2013]  Kill: 3 0 3: GuBeRMaN killed evgendjyzer by MOD_SABER
[Sat Nov 23 11:36:40 2013]  Kill: 1 3 3: JICeKA killed GuBeRMaN by MOD_SABER
[Sat Nov 23 11:37:23 2013]  Kill: 3 2 3: GuBeRMaN killed Mihail98 by MOD_SABER
[Sat Nov 23 11:37:32 2013]  Kill: 1022 3 39: <world> killed GuBeRMaN by MOD_SUICIDE
[Sat Nov 23 11:38:11 2013]  Kill: 2 3 3: Mihail98 killed GuBeRMaN by MOD_SABER
[Sat Nov 23 11:38:15 2013]  Kill: 1 2 3: JICeKA killed Mihail98 by MOD_SABER
[Sat Nov 23 11:38:31 2013]  Kill: 2 3 3: Mihail98 killed GuBeRMaN by MOD_SABER
[Sat Nov 23 11:38:46 2013]  Kill: 2 0 31: Mihail98 killed evgendjyzer by MOD_FORCE_DARK
[Sat Nov 23 11:39:07 2013]  Kill: 3 1 3: GuBeRMaN killed JICeKA by MOD_SABER
[Sat Nov 23 11:39:19 2013]  Kill: 3 0 3: GuBeRMaN killed evgendjyzer by MOD_SABER
[Sat Nov 23 11:39:26 2013]  Kill: 2 1 3: Mihail98 killed JICeKA by MOD_SABER
[Sat Nov 23 11:39:45 2013]  Kill: 2 0 3: Mihail98 killed evgendjyzer by MOD_SABER
[Sat Nov 23 11:39:48 2013]  Kill: 3 1 3: GuBeRMaN killed JICeKA by MOD_SABER
[Sat Nov 23 11:40:10 2013]  Kill: 2 1 3: Mihail98 killed JICeKA by MOD_SABER
[Sat Nov 23 11:40:33 2013]  Kill: 3 0 3: GuBeRMaN killed evgendjyzer by MOD_SABER
[Sat Nov 23 11:40:56 2013]  Kill: 2 0 3: Mihail98 killed evgendjyzer by MOD_SABER
[Sat Nov 23 11:41:13 2013]  Kill: 3 0 3: GuBeRMaN killed evgendjyzer by MOD_SABER
[Sat Nov 23 11:41:58 2013]  Kill: 1022 3 38: <world> killed GuBeRMaN by MOD_FALLING
[Sat Nov 23 11:42:00 2013]  Kill: 0 2 38: evgendjyzer killed Mihail98 by MOD_FALLING
[Sat Nov 23 11:42:31 2013]  Kill: 3 0 3: GuBeRMaN killed evgendjyzer by MOD_SABER
[Sat Nov 23 11:42:57 2013]  Kill: 0 2 3: evgendjyzer killed Mihail98 by MOD_SABER
[Sat Nov 23 11:44:01 2013]  Kill: 3 2 3: GuBeRMaN killed Mihail98 by MOD_SABER
[Sat Nov 23 11:44:02 2013]  Kill: 1022 0 38: <world> killed evgendjyzer by MOD_FALLING
[Sat Nov 23 11:44:24 2013]  Kill: 0 3 3: evgendjyzer killed GuBeRMaN by MOD_SABER
[Sat Nov 23 11:44:49 2013]  Kill: 3 2 3: GuBeRMaN killed Mihail98 by MOD_SABER
[Sat Nov 23 11:45:27 2013]  Kill: 1022 1 38: <world> killed JICeKA by MOD_FALLING
[Sat Nov 23 11:45:43 2013]  Kill: 1022 3 38: <world> killed GuBeRMaN by MOD_FALLING
[Sat Nov 23 11:46:15 2013]  Kill: 1 0 3: JICeKA killed evgendjyzer by MOD_SABER
[Sat Nov 23 11:46:17 2013]  ClientDisconnect: 3
[Sat Nov 23 11:46:48 2013]  Kill: 1 2 31: JICeKA killed Mihail98 by MOD_FORCE_DARK
[Sat Nov 23 11:47:18 2013]  ClientConnect: 3
[Sat Nov 23 11:47:18 2013]  mlog:Player GuBeRMaN, connected. With IP - 178.66.6.34:29070 
[Sat Nov 23 11:47:24 2013]  ClientBegin: 3
[Sat Nov 23 11:47:53 2013]  Kill: 1022 1 38: <world> killed JICeKA by MOD_FALLING
[Sat Nov 23 11:48:17 2013]  Kill: 2 3 31: Mihail98 killed GuBeRMaN by MOD_FORCE_DARK
[Sat Nov 23 11:48:36 2013]  Kill: 1022 1 38: <world> killed JICeKA by MOD_FALLING
[Sat Nov 23 11:48:37 2013]  ClientDisconnect: 0
[Sat Nov 23 11:49:26 2013]  Kill: 1 3 3: JICeKA killed GuBeRMaN by MOD_SABER
[Sat Nov 23 11:49:49 2013]  Kill: 2 3 31: Mihail98 killed GuBeRMaN by MOD_FORCE_DARK
[Sat Nov 23 11:51:15 2013]  Kill: 1 3 3: JICeKA killed GuBeRMaN by MOD_SABER
[Sat Nov 23 11:52:38 2013]  ClientDisconnect: 3
[Sat Nov 23 11:54:03 2013]  say: Mihail98: я тоже пойду
[Sat Nov 23 11:54:18 2013]  say: JICeKA: nfr njxyj!
[Sat Nov 23 11:54:37 2013]  say: Mihail98: че?
[Sat Nov 23 11:54:52 2013]  say: JICeKA: так точно!
[Sat Nov 23 11:55:03 2013]  say: Mihail98: ну давай
[Sat Nov 23 11:55:08 2013]  ClientDisconnect: 2
[Sat Nov 23 11:55:14 2013]  ClientDisconnect: 1
[Sat Nov 23 12:37:00 2013]  ClientConnect: 0
[Sat Nov 23 12:37:00 2013]  mlog:Player FREED, connected. With IP - 213.251.210.7:-3004 
[Sat Nov 23 12:37:11 2013]  ClientBegin: 0
[Sat Nov 23 12:37:43 2013]  ClientDisconnect: 0
[Sat Nov 23 13:27:09 2013]  Exit: Timelimit hit.
[Sat Nov 23 15:34:48 2013]  ClientConnect: 0
[Sat Nov 23 15:34:48 2013]  mlog:Player WhiteMagicRaven, connected. With IP - 178.95.179.22:29070 
[Sat Nov 23 16:33:24 2013]  ClientConnect: 1
[Sat Nov 23 16:33:24 2013]  mlog:Player ^6Ha Gayyyyyyyyy!!, connected. With IP - 194.228.32.82:-28724 
[Sat Nov 23 16:33:51 2013]  ClientBegin: 1
[Sat Nov 23 16:33:54 2013]  ShutdownGame:
[Sat Nov 23 16:33:54 2013]  ------------------------------------------------------------
[Sat Nov 23 16:33:55 2013]  ------------------------------------------------------------
[Sat Nov 23 16:33:55 2013]  InitGame: \dmflags\0\fraglimit\0\timelimit\120\capturelimit\0\g_privateDuel\1\g_saberLocking\1\g_maxForceRank\7\duel_fraglimit\10\g_forceBasedTeams\0\g_duelWeaponDisable\65531\sv_hostname\^3Darkquake's Makermod Server\sv_maxclients\32\sv_maxRate\5000\sv_minPing\0\sv_maxPing\0\sv_floodProtect\0\sv_allowDownload\1\bot_minplayers\0\g_allowNPC\1\g_weaponDisable\0\g_forcePowerDisable\0\g_forceRegenTime\0\g_siegeTeamSwitch\1\g_siegeRespawn\20\g_debugMelee\1\g_noSpecMove\0\g_maxGameClients\0\g_jediVmerc\0\g_siegeTeam1\none\g_siegeTeam2\none\version\(internal)JAmp: v1.0.1.0 win-x86 Oct 30 2003\g_maxHolocronCarry\3\g_gametype\0\g_needpass\0\protocol\26\mapname\t2_trip\sv_privateClients\0\g_stepSlideFix\1\gamename\MakerMod\g_saberWallDamageScale\0.4\bg_fighterAltControl\0\g_showDuelHealths\0
[Sat Nov 23 16:33:57 2013]  ClientConnect: 0
[Sat Nov 23 16:33:57 2013]  ClientConnect: 1
[Sat Nov 23 16:34:27 2013]  ClientBegin: 1
[Sat Nov 23 16:35:47 2013]  ClientDisconnect: 1
[Sat Nov 23 17:27:43 2013]  ClientConnect: 1
[Sat Nov 23 17:27:43 2013]  mlog:Player ^4Tongan^3Knight, connected. With IP - 74.211.5.236:29070 
[Sat Nov 23 17:28:06 2013]  ClientBegin: 1
[Sat Nov 23 17:30:22 2013]  Kill: 1 1 36: ^3S^0lammen^3S^0tan killed ^3S^0lammen^3S^0tan by MOD_CRUSH
[Sat Nov 23 17:31:43 2013]  ClientDisconnect: 1
[Sat Nov 23 17:51:39 2013]  ClientConnect: 1
[Sat Nov 23 17:51:39 2013]  mlog:Player ^0РаrkQµаkи, connected. With IP - 192.168.1.3:29071 
[Sat Nov 23 17:52:05 2013]  ClientBegin: 1
[Sat Nov 23 17:58:04 2013]  ClientDisconnect: 1
[Sat Nov 23 18:01:42 2013]  ClientConnect: 1
[Sat Nov 23 18:01:42 2013]  mlog:Player ^0РаrkQµаkи, connected. With IP - 192.168.1.3:29071 
[Sat Nov 23 18:02:09 2013]  ClientBegin: 1
[Sat Nov 23 18:03:47 2013]  ClientDisconnect: 1
[Sat Nov 23 18:24:35 2013]  ClientConnect: 1
[Sat Nov 23 18:24:35 2013]  mlog:Player Padawan, connected. With IP - 194.228.32.82:-160 
[Sat Nov 23 18:25:20 2013]  ClientBegin: 1
[Sat Nov 23 18:25:40 2013]  ClientDisconnect: 1
[Sat Nov 23 18:31:36 2013]  ClientDisconnect: 0
[Sat Nov 23 18:33:54 2013]  Exit: Timelimit hit.
[Sun Nov 24 05:23:49 2013]  ClientConnect: 0
[Sun Nov 24 05:23:49 2013]  mlog:Player rrraaaaaaaaaaaaaaaaaaaaaaa, connected. With IP - 142.11.69.5:29070 
[Sun Nov 24 05:24:04 2013]  ClientBegin: 0
[Sun Nov 24 05:24:07 2013]  setteam:  0 FREE SPECTATOR
[Sun Nov 24 05:24:07 2013]  ClientBegin: 0
[Sun Nov 24 05:24:10 2013]  ShutdownGame:
[Sun Nov 24 05:24:10 2013]  ------------------------------------------------------------
