[Mon Nov 25 03:21:57 2013]  ------------------------------------------------------------
[Mon Nov 25 03:21:57 2013]  InitGame: \dmflags\0\fraglimit\0\timelimit\120\capturelimit\0\g_privateDuel\1\g_saberLocking\1\g_maxForceRank\7\duel_fraglimit\10\g_forceBasedTeams\0\g_duelWeaponDisable\65531\sv_hostname\^3Darkquake's Makermod Server\sv_maxclients\32\sv_maxRate\5000\sv_minPing\0\sv_maxPing\0\sv_floodProtect\0\sv_allowDownload\1\bot_minplayers\0\g_allowNPC\1\g_weaponDisable\0\g_forcePowerDisable\0\g_forceRegenTime\0\g_siegeTeamSwitch\1\g_siegeRespawn\20\g_debugMelee\1\g_noSpecMove\0\g_maxGameClients\0\g_jediVmerc\0\g_siegeTeam1\none\g_siegeTeam2\none\version\(internal)JAmp: v1.0.1.0 win-x86 Oct 30 2003\g_maxHolocronCarry\3\g_gametype\0\g_needpass\0\protocol\26\mapname\t2_trip\sv_privateClients\0\g_stepSlideFix\1\gamename\MakerMod\g_saberWallDamageScale\0.4\bg_fighterAltControl\0\g_showDuelHealths\0
[Mon Nov 25 03:21:58 2013]  ClientConnect: 0
[Mon Nov 25 03:22:13 2013]  ClientBegin: 0
[Mon Nov 25 04:54:03 2013]  ClientConnect: 1
[Mon Nov 25 04:54:03 2013]  mlog:Player ^0N^3ewcomer, connected. With IP - 37.204.221.213:29070 
[Mon Nov 25 04:54:34 2013]  ClientBegin: 1
[Mon Nov 25 04:55:29 2013]  Item: 1 weapon_melee
[Mon Nov 25 04:55:37 2013]  say: ^0N^3ewcomer: hi
[Mon Nov 25 04:55:39 2013]  say: ^3S^0lammen^3S^0tan: s
[Mon Nov 25 04:55:41 2013]  say: ^3S^0lammen^3S^0tan: sup
[Mon Nov 25 04:59:35 2013]  say: ^3S^0lammen^3S^0tan: do you come here often?
[Mon Nov 25 05:00:11 2013]  say: ^3S^0lammen^3S^0tan: cause i just started playing JA again forlike first timein 2 years XD
[Mon Nov 25 05:00:31 2013]  say: ^0N^3ewcomer: Usually to Furious Makermod Serv)
[Mon Nov 25 05:00:40 2013]  say: ^3S^0lammen^3S^0tan: do you know the ip?
[Mon Nov 25 05:00:47 2013]  say: ^0N^3ewcomer: no
[Mon Nov 25 05:00:51 2013]  say: ^3S^0lammen^3S^0tan: :( ok
[Mon Nov 25 05:00:58 2013]  say: ^3S^0lammen^3S^0tan: MINIMIZE
[Mon Nov 25 05:01:17 2013]  say: ^0N^3ewcomer: dynamic ip\
[Mon Nov 25 05:01:28 2013]  say: ^3S^0lammen^3S^0tan: aw
[Mon Nov 25 05:01:52 2013]  say: ^3S^0lammen^3S^0tan: love of god
[Mon Nov 25 05:01:54 2013]  say: ^3S^0lammen^3S^0tan: lol
[Mon Nov 25 05:02:08 2013]  say: ^3S^0lammen^3S^0tan: minimize
[Mon Nov 25 05:04:22 2013]  say: ^3S^0lammen^3S^0tan: lol forgot to make usable
[Mon Nov 25 05:04:47 2013]  say: ^0N^3ewcomer: musable
[Mon Nov 25 05:05:53 2013]  say: ^3S^0lammen^3S^0tan: minimize
[Mon Nov 25 05:10:42 2013]  say: ^3S^0lammen^3S^0tan: done with taht shit
[Mon Nov 25 05:11:31 2013]  say: ^0N^3ewcomer: good)
[Mon Nov 25 05:12:35 2013]  say: ^3S^0lammen^3S^0tan: AHHA!
[Mon Nov 25 05:12:42 2013]  say: ^3S^0lammen^3S^0tan: back up
[Mon Nov 25 05:13:47 2013]  say: ^0N^3ewcomer: wow)
[Mon Nov 25 05:19:24 2013]  Item: 0 weapon_repeater
[Mon Nov 25 05:19:47 2013]  say: ^0N^3ewcomer: o_O\
[Mon Nov 25 05:22:44 2013]  say: ^3S^0lammen^3S^0tan: ^7POOF! ^0>:p
[Mon Nov 25 05:22:58 2013]  Exit: Timelimit hit.
[Mon Nov 25 05:22:58 2013]  score: 1  ping: 73  client: 1 ^0N^3ewcomer
[Mon Nov 25 05:22:58 2013]  score: 0  ping: 160  client: 0 ^3S^0lammen^3S^0tan
[Mon Nov 25 05:23:03 2013]  say: ^3S^0lammen^3S^0tan: cya
[Mon Nov 25 05:23:04 2013]  ShutdownGame:
[Mon Nov 25 05:23:04 2013]  ------------------------------------------------------------
[Mon Nov 25 05:23:05 2013]  ------------------------------------------------------------
[Mon Nov 25 05:23:05 2013]  InitGame: \dmflags\0\fraglimit\0\timelimit\120\capturelimit\0\g_privateDuel\1\g_saberLocking\1\g_maxForceRank\7\duel_fraglimit\10\g_forceBasedTeams\0\g_duelWeaponDisable\65531\sv_hostname\^3Darkquake's Makermod Server\sv_maxclients\32\sv_maxRate\5000\sv_minPing\0\sv_maxPing\0\sv_floodProtect\0\sv_allowDownload\1\bot_minplayers\0\g_allowNPC\1\g_weaponDisable\0\g_forcePowerDisable\0\g_forceRegenTime\0\g_siegeTeamSwitch\1\g_siegeRespawn\20\g_debugMelee\1\g_noSpecMove\0\g_maxGameClients\0\g_jediVmerc\0\g_siegeTeam1\none\g_siegeTeam2\none\version\(internal)JAmp: v1.0.1.0 win-x86 Oct 30 2003\g_maxHolocronCarry\3\g_gametype\0\g_needpass\0\protocol\26\mapname\mp/siege_desert\sv_privateClients\0\g_stepSlideFix\1\gamename\MakerMod\g_saberWallDamageScale\0.4\bg_fighterAltControl\0\g_showDuelHealths\0
[Mon Nov 25 05:23:05 2013]  ClientConnect: 0
[Mon Nov 25 05:23:05 2013]  ClientConnect: 1
[Mon Nov 25 05:23:12 2013]  say: ^3S^0lammen^3S^0tan: ima play league of legends
[Mon Nov 25 05:23:12 2013]  ClientBegin: 0
[Mon Nov 25 05:23:16 2013]  say: ^3S^0lammen^3S^0tan: you the
[Mon Nov 25 05:23:17 2013]  ClientBegin: 1
[Mon Nov 25 05:23:23 2013]  say: ^3S^0lammen^3S^0tan: do you play league of legends
[Mon Nov 25 05:23:24 2013]  Item: 1 weapon_melee
[Mon Nov 25 05:23:28 2013]  say: ^0N^3ewcomer: no
[Mon Nov 25 05:23:31 2013]  say: ^3S^0lammen^3S^0tan: aw
[Mon Nov 25 05:23:34 2013]  say: ^3S^0lammen^3S^0tan: best game on earth
[Mon Nov 25 05:23:42 2013]  say: ^3S^0lammen^3S^0tan: most played video game in the world too
[Mon Nov 25 05:23:49 2013]  say: ^0N^3ewcomer: wow)\
[Mon Nov 25 05:24:08 2013]  say: ^3S^0lammen^3S^0tan: yeah league of legends is suprisingly most played game in the world
[Mon Nov 25 05:24:14 2013]  say: ^3S^0lammen^3S^0tan: its free to play too
[Mon Nov 25 05:24:20 2013]  say: ^3S^0lammen^3S^0tan: but ppl love it so much they spend money on it
[Mon Nov 25 05:24:29 2013]  say: ^3S^0lammen^3S^0tan: but its not a pay to win you can be the best without paying 1 dollar
[Mon Nov 25 05:25:10 2013]  say: ^3S^0lammen^3S^0tan: ima go play league
[Mon Nov 25 05:25:13 2013]  ClientDisconnect: 0
[Mon Nov 25 05:47:04 2013]  say: ^0N^3ewcomer: tea\
[Mon Nov 25 05:47:09 2013]  say: ^0N^3ewcomer: tem
[Mon Nov 25 06:04:02 2013]  ClientDisconnect: 1
[Mon Nov 25 07:23:04 2013]  Exit: Timelimit hit.
[Mon Nov 25 11:45:12 2013]  ClientConnect: 0
[Mon Nov 25 11:45:12 2013]  mlog:Player ^0N^3ewcomer, connected. With IP - 37.204.194.108:29070 
[Mon Nov 25 11:45:32 2013]  ClientBegin: 0
[Mon Nov 25 11:45:37 2013]  ShutdownGame:
[Mon Nov 25 11:45:37 2013]  ------------------------------------------------------------
[Mon Nov 25 12:56:21 2013]  ------------------------------------------------------------
[Mon Nov 25 12:56:21 2013]  InitGame: \g_siegeTeam2\none\g_siegeTeam1\none\g_jediVmerc\0\g_maxGameClients\0\g_noSpecMove\0\g_debugMelee\1\g_siegeRespawn\20\g_siegeTeamSwitch\1\g_forceRegenTime\1\g_forcePowerDisable\0\g_weaponDisable\0\g_allowNPC\1\sv_allowDownload\1\sv_floodProtect\0\sv_maxPing\0\sv_minPing\0\sv_maxRate\5000\sv_maxclients\32\sv_hostname\^3Darkquake's Makermod Server\g_duelWeaponDisable\65531\g_forceBasedTeams\0\duel_fraglimit\10\g_maxForceRank\7\g_saberLocking\1\g_privateDuel\1\capturelimit\0\timelimit\120\fraglimit\0\dmflags\0\version\(internal)JAmp: v1.0.1.0 win-x86 Oct 30 2003\g_maxHolocronCarry\3\g_gametype\0\g_needpass\0\protocol\26\mapname\t2_trip\sv_privateClients\0\g_stepSlideFix\1\gamename\MakerMod\g_saberWallDamageScale\0.4\bg_fighterAltControl\0\g_showDuelHealths\0
[Mon Nov 25 13:10:46 2013]  ClientConnect: 0
[Mon Nov 25 13:10:46 2013]  mlog:Player FREED, connected. With IP - 213.251.210.7:-13848 
[Mon Nov 25 13:10:55 2013]  ClientBegin: 0
[Mon Nov 25 13:10:59 2013]  ClientDisconnect: 0
[Mon Nov 25 14:56:14 2013]  Exit: Timelimit hit.
[Mon Nov 25 14:58:43 2013]  ClientConnect: 0
[Mon Nov 25 14:58:43 2013]  mlog:Player ^4R^0E^4S^0T^4O^0R^4M, connected. With IP - 213.251.210.7:-9637 
[Mon Nov 25 14:58:51 2013]  ClientBegin: 0
[Mon Nov 25 14:58:55 2013]  ClientDisconnect: 0
[Tue Nov 26 09:40:52 2013]  ClientConnect: 0
[Tue Nov 26 09:40:52 2013]  mlog:Player WhiteMagicRaven, connected. With IP - 37.54.230.181:29070 
[Tue Nov 26 09:55:34 2013]  ClientDisconnect: 0
[Tue Nov 26 10:24:01 2013]  ClientConnect: 0
[Tue Nov 26 10:24:01 2013]  mlog:Player ^2N^5ewcomer, connected. With IP - 37.204.200.239:29070 
[Tue Nov 26 10:24:30 2013]  ClientBegin: 0
[Tue Nov 26 10:25:17 2013]  ShutdownGame:
[Tue Nov 26 10:25:17 2013]  ------------------------------------------------------------
