[Thu Nov 14 10:02:59 2013]  ------------------------------------------------------------
[Thu Nov 14 10:02:59 2013]  InitGame: \dmflags\0\fraglimit\0\timelimit\120\capturelimit\0\g_privateDuel\1\g_saberLocking\1\g_maxForceRank\7\duel_fraglimit\10\g_forceBasedTeams\0\g_duelWeaponDisable\65531\sv_hostname\^3Darkquake's Makermod Server\sv_maxclients\32\sv_maxRate\5000\sv_minPing\0\sv_maxPing\0\sv_floodProtect\0\sv_allowDownload\1\bot_minplayers\0\g_allowNPC\1\g_weaponDisable\0\g_forcePowerDisable\0\g_forceRegenTime\0\g_siegeTeamSwitch\1\g_siegeRespawn\20\g_debugMelee\1\g_noSpecMove\0\g_maxGameClients\0\g_jediVmerc\0\g_siegeTeam1\none\g_siegeTeam2\none\version\(internal)JAmp: v1.0.1.0 win-x86 Oct 30 2003\g_maxHolocronCarry\3\g_gametype\0\g_needpass\0\protocol\26\mapname\mp/siege_desert\sv_privateClients\0\g_stepSlideFix\1\gamename\MakerMod\g_saberWallDamageScale\0.4\bg_fighterAltControl\0\g_showDuelHealths\0
[Thu Nov 14 10:03:00 2013]  ClientConnect: 0
[Thu Nov 14 10:03:00 2013]  ClientConnect: 1
[Thu Nov 14 10:03:12 2013]  ClientBegin: 1
[Thu Nov 14 10:03:29 2013]  say: maxim: hi
[Thu Nov 14 10:08:21 2013]  Kill: 1 1 39: maxim killed maxim by MOD_SUICIDE
[Thu Nov 14 10:14:46 2013]  Kill: 1 1 39: maxim killed maxim by MOD_SUICIDE
[Thu Nov 14 10:17:05 2013]  ClientDisconnect: 1
[Thu Nov 14 10:37:47 2013]  ClientConnect: 1
[Thu Nov 14 10:37:47 2013]  mlog:Player maxim, connected. With IP - 46.39.248.67:-5894 
[Thu Nov 14 10:38:02 2013]  ClientBegin: 1
[Thu Nov 14 10:41:12 2013]  say: maxim: My origin is: (-8779 -1220 -487) - You can teleport here with /mtelelast

[Thu Nov 14 10:43:55 2013]  Kill: 1022 1 3: <world> killed maxim by MOD_SABER
[Thu Nov 14 10:45:40 2013]  ClientDisconnect: 0
[Thu Nov 14 10:49:13 2013]  Kill: 1022 1 3: <world> killed maxim by MOD_SABER
[Thu Nov 14 10:54:16 2013]  Kill: 1022 1 0: <world> killed maxim by MOD_UNKNOWN
[Thu Nov 14 10:54:27 2013]  Kill: 1 1 36: maxim killed maxim by MOD_CRUSH
[Thu Nov 14 10:55:05 2013]  Kill: 1 1 36: maxim killed maxim by MOD_CRUSH
[Thu Nov 14 10:55:09 2013]  ClientDisconnect: 1
[Thu Nov 14 11:20:25 2013]  ClientConnect: 0
[Thu Nov 14 11:20:25 2013]  mlog:Player TheSkeetbeatz, connected. With IP - 176.226.163.154:29070 
[Thu Nov 14 11:20:57 2013]  ClientBegin: 0
[Thu Nov 14 11:22:56 2013]  say: TheSkeetbeatz: Æ
[Thu Nov 14 11:26:23 2013]  ClientDisconnect: 0
[Thu Nov 14 11:31:34 2013]  ClientConnect: 0
[Thu Nov 14 11:31:34 2013]  mlog:Player TheSkeetbeatz, connected. With IP - 176.226.163.154:29070 
[Thu Nov 14 11:31:40 2013]  ClientConnect: 1
[Thu Nov 14 11:31:40 2013]  mlog:Player Padawan, connected. With IP - 5.79.196.89:29070 
[Thu Nov 14 11:31:43 2013]  ClientBegin: 0
[Thu Nov 14 11:31:53 2013]  ClientBegin: 1
[Thu Nov 14 11:33:01 2013]  Kill: 1 0 3: Padawan killed TheSkeetbeatz by MOD_SABER
[Thu Nov 14 11:36:38 2013]  Kill: 1022 0 38: <world> killed TheSkeetbeatz by MOD_FALLING
[Thu Nov 14 11:37:56 2013]  Kill: 1 0 3: Padawan killed TheSkeetbeatz by MOD_SABER
[Thu Nov 14 11:40:56 2013]  Kill: 1022 1 38: <world> killed Padawan by MOD_FALLING
[Thu Nov 14 11:41:26 2013]  Kill: 1022 1 39: <world> killed Padawan by MOD_SUICIDE
[Thu Nov 14 11:41:26 2013]  Kill: 1022 0 39: <world> killed TheSkeetbeatz by MOD_SUICIDE
[Thu Nov 14 11:41:58 2013]  Kill: 1 0 3: Padawan killed TheSkeetbeatz by MOD_SABER
[Thu Nov 14 11:43:14 2013]  Kill: 1022 1 38: <world> killed Padawan by MOD_FALLING
[Thu Nov 14 11:43:38 2013]  Kill: 1 0 3: Padawan killed TheSkeetbeatz by MOD_SABER
[Thu Nov 14 11:45:57 2013]  Kill: 1022 0 38: <world> killed TheSkeetbeatz by MOD_FALLING
[Thu Nov 14 11:46:57 2013]  Kill: 1022 1 39: <world> killed Padawan by MOD_SUICIDE
[Thu Nov 14 11:47:06 2013]  ClientDisconnect: 1
[Thu Nov 14 11:47:34 2013]  ClientDisconnect: 0
[Thu Nov 14 12:02:58 2013]  Exit: Timelimit hit.
[Thu Nov 14 16:32:56 2013]  ClientConnect: 0
[Thu Nov 14 16:32:56 2013]  mlog:Player archemag, connected. With IP - 46.39.36.174:-8579 
[Thu Nov 14 16:33:39 2013]  ClientBegin: 0
[Thu Nov 14 16:33:46 2013]  ShutdownGame:
[Thu Nov 14 16:33:46 2013]  ------------------------------------------------------------
[Thu Nov 14 16:33:46 2013]  ------------------------------------------------------------
[Thu Nov 14 16:33:46 2013]  InitGame: \dmflags\0\fraglimit\0\timelimit\120\capturelimit\0\g_privateDuel\1\g_saberLocking\1\g_maxForceRank\7\duel_fraglimit\10\g_forceBasedTeams\0\g_duelWeaponDisable\65531\sv_hostname\^3Darkquake's Makermod Server\sv_maxclients\32\sv_maxRate\5000\sv_minPing\0\sv_maxPing\0\sv_floodProtect\0\sv_allowDownload\1\bot_minplayers\0\g_allowNPC\1\g_weaponDisable\0\g_forcePowerDisable\0\g_forceRegenTime\0\g_siegeTeamSwitch\1\g_siegeRespawn\20\g_debugMelee\1\g_noSpecMove\0\g_maxGameClients\0\g_jediVmerc\0\g_siegeTeam1\none\g_siegeTeam2\none\version\(internal)JAmp: v1.0.1.0 win-x86 Oct 30 2003\g_maxHolocronCarry\3\g_gametype\0\g_needpass\0\protocol\26\mapname\t2_trip\sv_privateClients\0\g_stepSlideFix\1\gamename\MakerMod\g_saberWallDamageScale\0.4\bg_fighterAltControl\0\g_showDuelHealths\0
[Thu Nov 14 16:33:48 2013]  ClientConnect: 0
[Thu Nov 14 16:34:21 2013]  ClientBegin: 0
[Thu Nov 14 16:39:06 2013]  Kill: 1022 0 6: <world> killed archemag by MOD_BLASTER
[Thu Nov 14 16:39:42 2013]  Kill: 1022 0 3: <world> killed archemag by MOD_SABER
[Thu Nov 14 16:40:56 2013]  Kill: 1022 0 3: <world> killed archemag by MOD_SABER
[Thu Nov 14 16:51:09 2013]  Kill: 1022 0 36: <world> killed archemag by MOD_CRUSH
[Thu Nov 14 16:57:00 2013]  Kill: 1022 0 39: <world> killed archemag by MOD_SUICIDE
[Thu Nov 14 17:00:01 2013]  Kill: 1022 0 6: <world> killed archemag by MOD_BLASTER
[Thu Nov 14 17:03:29 2013]  Kill: 1022 0 6: <world> killed archemag by MOD_BLASTER
[Thu Nov 14 17:03:33 2013]  ClientDisconnect: 0
[Thu Nov 14 18:33:45 2013]  Exit: Timelimit hit.
[Thu Nov 14 19:53:58 2013]  ClientConnect: 0
[Thu Nov 14 19:53:58 2013]  mlog:Player WhiteMagicRaven, connected. With IP - 178.92.244.138:29070 
[Thu Nov 14 21:16:22 2013]  ClientConnect: 1
[Thu Nov 14 21:16:22 2013]  mlog:Player Malacare, connected. With IP - 76.117.220.241:29070 
[Thu Nov 14 21:19:35 2013]  ClientConnect: 2
[Thu Nov 14 21:19:35 2013]  mlog:Player papey, connected. With IP - 188.25.25.135:24458 
[Thu Nov 14 21:19:46 2013]  ClientDisconnect: 1
[Thu Nov 14 21:22:13 2013]  ClientDisconnect: 2
[Thu Nov 14 22:08:37 2013]  ClientDisconnect: 0
[Fri Nov 15 20:49:43 2013]  ClientConnect: 0
[Fri Nov 15 20:49:43 2013]  mlog:Player WhiteMagicRaven, connected. With IP - 37.55.72.141:29070 
[Fri Nov 15 20:49:59 2013]  ClientDisconnect: 0
[Fri Nov 15 21:26:24 2013]  ClientConnect: 0
[Fri Nov 15 21:26:24 2013]  mlog:Player Padawan, connected. With IP - 190.231.239.165:29070 
[Fri Nov 15 21:27:24 2013]  ClientBegin: 0
[Fri Nov 15 21:28:19 2013]  ShutdownGame:
[Fri Nov 15 21:28:19 2013]  ------------------------------------------------------------
