[Tue Jul 05 18:15:34 2016]  ------------------------------------------------------------
[Tue Jul 05 18:15:34 2016]  InitGame: \g_siegeTeam2\none\g_siegeTeam1\none\g_jediVmerc\0\g_maxGameClients\0\g_noSpecMove\0\g_debugMelee\1\g_siegeRespawn\20\g_siegeTeamSwitch\1\g_forceRegenTime\0\g_forcePowerDisable\0\g_weaponDisable\0\g_allowNPC\1\bot_minplayers\0\sv_allowDownload\0\sv_floodProtect\0\sv_maxPing\0\sv_minPing\0\sv_maxRate\5000\sv_maxclients\32\sv_hostname\^3Darkquake's Makermod Server\g_duelWeaponDisable\65531\g_forceBasedTeams\0\duel_fraglimit\10\g_maxForceRank\7\g_saberLocking\1\g_privateDuel\1\capturelimit\0\timelimit\0\fraglimit\0\dmflags\0\version\(internal)JAmp: v1.0.1.0 win-x86 Oct 30 2003\g_maxHolocronCarry\3\g_gametype\0\g_needpass\0\protocol\26\mapname\t1_surprise\sv_privateClients\0\g_stepSlideFix\1\gamename\MakerMod\g_saberWallDamageScale\0.4\bg_fighterAltControl\0\g_showDuelHealths\0
[Tue Jul 05 18:15:39 2016]  ClientConnect: 0
[Tue Jul 05 18:15:49 2016]  ClientBegin: 0
[Tue Jul 05 18:25:37 2016]  say: ^2E^0xil^2e^0_^2A^0ndy: ^1KATON GOKAKYU NO JUTSU!
[Tue Jul 05 18:25:42 2016]  say: ^2E^0xil^2e^0_^2A^0ndy: ^1KATON GOKAKYU NO JUTSU!
[Tue Jul 05 18:25:47 2016]  say: ^2E^0xil^2e^0_^2A^0ndy: ^1KATON GOKAKYU NO JUTSU!
[Tue Jul 05 18:25:58 2016]  say: ^2E^0xil^2e^0_^2A^0ndy: ^1KATON HOSENKA!!
[Tue Jul 05 18:26:03 2016]  say: ^2E^0xil^2e^0_^2A^0ndy: ^5CHIDORI!!
[Tue Jul 05 18:26:36 2016]  say: ^2E^0xil^2e^0_^2A^0ndy: ^5CHIDORI!!
[Tue Jul 05 18:26:59 2016]  say: ^2E^0xil^2e^0_^2A^0ndy: ^1KATON RYUKA NO JUTSU!!
[Tue Jul 05 18:27:08 2016]  say: ^2E^0xil^2e^0_^2A^0ndy: ^5CHIDORI!!
[Tue Jul 05 18:27:17 2016]  say: ^2E^0xil^2e^0_^2A^0ndy: ^1KATON RYUKA NO JUTSU!!
[Tue Jul 05 18:27:32 2016]  say: ^2E^0xil^2e^0_^2A^0ndy: ^1KATON RYUKA NO JUTSU!!
[Tue Jul 05 18:27:38 2016]  say: ^2E^0xil^2e^0_^2A^0ndy: ^8Ahhhhh the Cursed Seal moves!!!!!
[Tue Jul 05 18:27:39 2016]  say: ^2E^0xil^2e^0_^2A^0ndy: ^5I am a Taijutsu Master!
[Tue Jul 05 18:27:46 2016]  say: ^2E^0xil^2e^0_^2A^0ndy: ^5Recover Chakra!!
[Tue Jul 05 18:27:49 2016]  say: ^2E^0xil^2e^0_^2A^0ndy: ^1SHARINGAN!!
[Tue Jul 05 18:27:57 2016]  say: ^2E^0xil^2e^0_^2A^0ndy: ^1MANGEKYOU SHARINGAN!!
[Tue Jul 05 18:28:11 2016]  say: ^2E^0xil^2e^0_^2A^0ndy: ^1^^0AMATERASU!!!!!!!
[Tue Jul 05 18:28:20 2016]  say: ^2E^0xil^2e^0_^2A^0ndy: ^1KATON GOKAKYU NO JUTSU!
[Tue Jul 05 18:28:28 2016]  say: ^2E^0xil^2e^0_^2A^0ndy: ^1KATON HOSENKA!!
[Tue Jul 05 18:28:30 2016]  say: ^2E^0xil^2e^0_^2A^0ndy: ^5CHIDORI!!
[Tue Jul 05 18:28:48 2016]  say: ^2E^0xil^2e^0_^2A^0ndy: ^6I call the four ^3elements: ^1Fire, ^5Air, ^4Water ^6and ^2Earth ^6to fight along side me!
[Tue Jul 05 18:29:25 2016]  ClientDisconnect: 0
[Fri Jul 08 08:19:47 2016]  ClientConnect: 0
[Fri Jul 08 08:19:47 2016]  mlog:Player Bloodkey, connected. With IP - 95.69.229.40:29070 
[Fri Jul 08 08:19:51 2016]  ClientDisconnect: 0
[Fri Jul 08 14:45:06 2016]  ClientConnect: 0
[Fri Jul 08 14:45:06 2016]  mlog:Player ^0Ind^7ef^0!n!^7ty¹, connected. With IP - 62.182.80.11:29070 
[Fri Jul 08 14:45:19 2016]  ClientBegin: 0
[Fri Jul 08 14:45:34 2016]  ClientDisconnect: 0
[Sun Jul 10 18:55:12 2016]  ClientConnect: 0
[Sun Jul 10 18:55:12 2016]  mlog:Player Padawan, connected. With IP - 176.51.81.9:29070 
[Sun Jul 10 18:55:26 2016]  ClientBegin: 0
[Sun Jul 10 18:55:42 2016]  Kill: 0 0 39: Padawan killed Padawan by MOD_SUICIDE
[Sun Jul 10 18:55:42 2016]  setteam:  0 FREE SPECTATOR
[Sun Jul 10 18:55:42 2016]  ClientBegin: 0
[Sun Jul 10 18:55:55 2016]  ClientDisconnect: 0
[Wed Jul 13 14:46:49 2016]  ClientConnect: 0
[Wed Jul 13 14:46:49 2016]  mlog:Player ^0hooy, connected. With IP - 93.100.5.72:29070 
[Wed Jul 13 14:47:00 2016]  ClientBegin: 0
[Wed Jul 13 14:47:10 2016]  Item: 0 weapon_blaster
[Wed Jul 13 14:47:10 2016]  Item: 0 ammo_blaster
[Wed Jul 13 14:47:23 2016]  Item: 0 weapon_disruptor
[Wed Jul 13 14:47:23 2016]  Item: 0 ammo_powercell
[Wed Jul 13 14:47:23 2016]  Item: 0 ammo_powercell
[Wed Jul 13 14:54:37 2016]  ShutdownGame:
[Wed Jul 13 14:54:37 2016]  ------------------------------------------------------------
