[Fri Dec 20 09:54:23 2013]  ------------------------------------------------------------
[Fri Dec 20 09:54:23 2013]  InitGame: \dmflags\0\fraglimit\0\timelimit\120\capturelimit\0\g_privateDuel\1\g_saberLocking\1\g_maxForceRank\7\duel_fraglimit\10\g_forceBasedTeams\0\g_duelWeaponDisable\65531\sv_hostname\^3Darkquake's Makermod Server\sv_maxclients\32\sv_maxRate\5000\sv_minPing\0\sv_maxPing\0\sv_floodProtect\0\sv_allowDownload\1\bot_minplayers\0\g_allowNPC\1\g_weaponDisable\0\g_forcePowerDisable\0\g_forceRegenTime\0\g_siegeTeamSwitch\1\g_siegeRespawn\20\g_debugMelee\1\g_noSpecMove\0\g_maxGameClients\0\g_jediVmerc\0\g_siegeTeam1\none\g_siegeTeam2\none\version\(internal)JAmp: v1.0.1.0 win-x86 Oct 30 2003\g_maxHolocronCarry\3\g_gametype\0\g_needpass\0\protocol\26\mapname\mp/siege_desert\sv_privateClients\0\g_stepSlideFix\1\gamename\MakerMod\g_saberWallDamageScale\0.4\bg_fighterAltControl\0\g_showDuelHealths\0
[Fri Dec 20 09:54:24 2013]  ClientConnect: 0
[Fri Dec 20 09:54:37 2013]  ClientBegin: 0
[Fri Dec 20 09:55:59 2013]  ClientDisconnect: 0
[Fri Dec 20 11:54:22 2013]  Exit: Timelimit hit.
[Fri Dec 20 18:09:11 2013]  ClientConnect: 0
[Fri Dec 20 18:09:11 2013]  mlog:Player Dark Kiv, connected. With IP - 193.194.97.78:29070 
[Fri Dec 20 18:09:22 2013]  ClientBegin: 0
[Fri Dec 20 18:09:26 2013]  ShutdownGame:
[Fri Dec 20 18:09:26 2013]  ------------------------------------------------------------
[Fri Dec 20 18:09:27 2013]  ------------------------------------------------------------
[Fri Dec 20 18:09:27 2013]  InitGame: \dmflags\0\fraglimit\0\timelimit\120\capturelimit\0\g_privateDuel\1\g_saberLocking\1\g_maxForceRank\7\duel_fraglimit\10\g_forceBasedTeams\0\g_duelWeaponDisable\65531\sv_hostname\^3Darkquake's Makermod Server\sv_maxclients\32\sv_maxRate\5000\sv_minPing\0\sv_maxPing\0\sv_floodProtect\0\sv_allowDownload\1\bot_minplayers\0\g_allowNPC\1\g_weaponDisable\0\g_forcePowerDisable\0\g_forceRegenTime\0\g_siegeTeamSwitch\1\g_siegeRespawn\20\g_debugMelee\1\g_noSpecMove\0\g_maxGameClients\0\g_jediVmerc\0\g_siegeTeam1\none\g_siegeTeam2\none\version\(internal)JAmp: v1.0.1.0 win-x86 Oct 30 2003\g_maxHolocronCarry\3\g_gametype\0\g_needpass\0\protocol\26\mapname\t2_trip\sv_privateClients\0\g_stepSlideFix\1\gamename\MakerMod\g_saberWallDamageScale\0.4\bg_fighterAltControl\0\g_showDuelHealths\0
[Fri Dec 20 18:09:29 2013]  ClientConnect: 0
[Fri Dec 20 18:09:36 2013]  ClientBegin: 0
[Fri Dec 20 18:10:41 2013]  ClientConnect: 1
[Fri Dec 20 18:10:41 2013]  mlog:Player Dart Mati, connected. With IP - 91.197.11.249:-3010 
[Fri Dec 20 18:11:01 2013]  ClientBegin: 1
[Fri Dec 20 18:13:22 2013]  say: Dart Mati: ttt
[Fri Dec 20 18:13:42 2013]  Kill: 0 1 3: Dark Kiv killed Dart Mati by MOD_SABER
[Fri Dec 20 18:14:37 2013]  Kill: 1 0 3: Dart Mati killed Dark Kiv by MOD_SABER
[Fri Dec 20 18:15:02 2013]  Kill: 0 1 3: Dark Kiv killed Dart Mati by MOD_SABER
[Fri Dec 20 18:15:36 2013]  Kill: 1 0 3: Dart Mati killed Dark Kiv by MOD_SABER
[Fri Dec 20 18:16:34 2013]  Kill: 0 1 3: Dark Kiv killed Dart Mati by MOD_SABER
[Fri Dec 20 18:17:13 2013]  Kill: 0 1 3: Dark Kiv killed Dart Mati by MOD_SABER
[Fri Dec 20 18:18:20 2013]  Kill: 1 0 3: Dart Mati killed Dark Kiv by MOD_SABER
[Fri Dec 20 18:18:53 2013]  Kill: 0 1 3: Dark Kiv killed Dart Mati by MOD_SABER
[Fri Dec 20 18:19:21 2013]  Kill: 1 0 3: Dart Mati killed Dark Kiv by MOD_SABER
[Fri Dec 20 18:19:38 2013]  ClientDisconnect: 0
[Fri Dec 20 18:20:32 2013]  ClientDisconnect: 1
[Fri Dec 20 20:09:25 2013]  Exit: Timelimit hit.
