[Sun Dec 15 00:52:25 2013]  ------------------------------------------------------------
[Sun Dec 15 00:52:25 2013]  InitGame: \dmflags\0\fraglimit\0\timelimit\120\capturelimit\0\g_privateDuel\1\g_saberLocking\1\g_maxForceRank\7\duel_fraglimit\10\g_forceBasedTeams\0\g_duelWeaponDisable\65531\sv_hostname\^3Darkquake's Makermod Server\sv_maxclients\32\sv_maxRate\5000\sv_minPing\0\sv_maxPing\0\sv_floodProtect\0\sv_allowDownload\1\bot_minplayers\0\g_allowNPC\1\g_weaponDisable\0\g_forcePowerDisable\0\g_forceRegenTime\0\g_siegeTeamSwitch\1\g_siegeRespawn\20\g_debugMelee\1\g_noSpecMove\0\g_maxGameClients\0\g_jediVmerc\0\g_siegeTeam1\none\g_siegeTeam2\none\version\(internal)JAmp: v1.0.1.0 win-x86 Oct 30 2003\g_maxHolocronCarry\3\g_gametype\0\g_needpass\0\protocol\26\mapname\t2_trip\sv_privateClients\0\g_stepSlideFix\1\gamename\MakerMod\g_saberWallDamageScale\0.4\bg_fighterAltControl\0\g_showDuelHealths\0
[Sun Dec 15 00:52:27 2013]  ClientConnect: 0
[Sun Dec 15 00:52:27 2013]  ClientConnect: 1
[Sun Dec 15 00:52:27 2013]  ClientConnect: 2
[Sun Dec 15 00:52:45 2013]  ClientBegin: 1
[Sun Dec 15 00:52:50 2013]  ClientBegin: 2
[Sun Dec 15 00:52:53 2013]  Kill: 0 2 37: ^5Super^4Sand^1les^2bian killed gatorboy by MOD_TELEFRAG
[Sun Dec 15 00:52:53 2013]  ClientBegin: 0
[Sun Dec 15 00:53:14 2013]  say: ^5Super^4Sand^1les^2bian: VGBJKASLVBSD:VHI
[Sun Dec 15 00:53:50 2013]  say: ^5Super^4Sand^1les^2bian: Coffe is bestest drink ^7z6.invisionfree.com/EMP_clan
[Sun Dec 15 00:54:39 2013]  Kill: 1022 2 6: <world> killed gatorboy by MOD_BLASTER
[Sun Dec 15 00:54:54 2013]  Kill: 1022 1 6: <world> killed Yellow Ninja over 90000000 by MOD_BLASTER
[Sun Dec 15 00:55:50 2013]  Kill: 1022 2 3: <world> killed gatorboy by MOD_SABER
[Sun Dec 15 00:56:02 2013]  Kill: 1022 2 3: <world> killed gatorboy by MOD_SABER
[Sun Dec 15 01:01:10 2013]  Kill: 1022 1 2: <world> killed Yellow Ninja over 90000000 by MOD_MELEE
[Sun Dec 15 01:01:27 2013]  Kill: 1022 1 2: <world> killed Yellow Ninja over 90000000 by MOD_MELEE
[Sun Dec 15 01:02:07 2013]  Kill: 1022 1 2: <world> killed Yellow Ninja over 90000000 by MOD_MELEE
[Sun Dec 15 01:05:16 2013]  say: ^5Super^4Sand^1les^2bian: My origin is: (-6567 -20220 1488) - You can teleport here with /mtelelast

[Sun Dec 15 01:05:16 2013]  Kill: 1 0 37: Yellow Ninja over 90000000 killed ^5Super^4Sand^1les^2bian by MOD_TELEFRAG
[Sun Dec 15 01:05:41 2013]  say: ^5Super^4Sand^1les^2bian: Coffe is bestest drink ^7z6.invisionfree.com/EMP_clan
[Sun Dec 15 01:05:51 2013]  say: Yellow Ninja over 90000000: My origin is: (-6687 -20113 1487) - You can teleport here with /mtelelast

[Sun Dec 15 01:05:54 2013]  Kill: 0 1 37: ^5Super^4Sand^1les^2bian killed Yellow Ninja over 90000000 by MOD_TELEFRAG
[Sun Dec 15 01:06:02 2013]  say: ^5Super^4Sand^1les^2bian: My origin is: (-6604 -20409 1520) - You can teleport here with /mtelelast

[Sun Dec 15 01:06:15 2013]  say: Yellow Ninja over 90000000: My origin is: (-6604 -20409 1521) - You can teleport here with /mtelelast

[Sun Dec 15 01:06:17 2013]  say: Yellow Ninja over 90000000: My origin is: (-6604 -20409 1521) - You can teleport here with /mtelelast

[Sun Dec 15 01:06:19 2013]  Kill: 0 1 37: ^5Super^4Sand^1les^2bian killed Yellow Ninja over 90000000 by MOD_TELEFRAG
[Sun Dec 15 01:09:39 2013]  Kill: 1022 0 6: <world> killed ^5Super^4Sand^1les^2bian by MOD_BLASTER
[Sun Dec 15 01:10:51 2013]  Kill: 1022 0 2: <world> killed ^5Super^4Sand^1les^2bian by MOD_MELEE
[Sun Dec 15 01:13:47 2013]  Kill: 1 1 39: Yellow Ninja over 90000000 killed Yellow Ninja over 90000000 by MOD_SUICIDE
[Sun Dec 15 01:16:24 2013]  Kill: 1 2 3: Yellow Ninja over 90000000 killed gatorboy by MOD_SABER
[Sun Dec 15 01:17:41 2013]  Kill: 2 1 3: gatorboy killed Yellow Ninja over 90000000 by MOD_SABER
[Sun Dec 15 01:18:24 2013]  Kill: 1 0 3: Yellow Ninja over 90000000 killed ^5Super^4Sand^1les^2bian by MOD_SABER
[Sun Dec 15 01:18:44 2013]  say: ^5Super^4Sand^1les^2bian: VGBJKASLVBSD:VHI
[Sun Dec 15 01:19:06 2013]  Kill: 1022 1 36: <world> killed Yellow Ninja over 90000000 by MOD_CRUSH
[Sun Dec 15 01:19:13 2013]  say: ^5Super^4Sand^1les^2bian: Protect meh me homie dwag!!
[Sun Dec 15 01:19:52 2013]  Kill: 0 0 36: ^5Super^4Sand^1les^2bian killed ^5Super^4Sand^1les^2bian by MOD_CRUSH
[Sun Dec 15 01:20:13 2013]  Kill: 1 2 3: Yellow Ninja over 90000000 killed gatorboy by MOD_SABER
[Sun Dec 15 01:20:16 2013]  Kill: 0 1 36: ^5Super^4Sand^1les^2bian killed Yellow Ninja over 90000000 by MOD_CRUSH
[Sun Dec 15 01:20:27 2013]  Kill: 0 2 36: ^5Super^4Sand^1les^2bian killed gatorboy by MOD_CRUSH
[Sun Dec 15 01:20:27 2013]  Kill: 0 1 36: ^5Super^4Sand^1les^2bian killed Yellow Ninja over 90000000 by MOD_CRUSH
[Sun Dec 15 01:20:29 2013]  Kill: 2 1 37: gatorboy killed Yellow Ninja over 90000000 by MOD_TELEFRAG
[Sun Dec 15 01:20:33 2013]  Kill: 0 1 36: ^5Super^4Sand^1les^2bian killed Yellow Ninja over 90000000 by MOD_CRUSH
[Sun Dec 15 01:20:49 2013]  Kill: 0 1 36: ^5Super^4Sand^1les^2bian killed Yellow Ninja over 90000000 by MOD_CRUSH
[Sun Dec 15 01:21:16 2013]  say: ^5Super^4Sand^1les^2bian: My origin is: (9682 8142 1495) - You can teleport here with /mtelelast

[Sun Dec 15 01:21:53 2013]  say: Yellow Ninja over 90000000: +give all
[Sun Dec 15 01:23:28 2013]  Item: 2 ammo_all
[Sun Dec 15 01:24:35 2013]  say: Yellow Ninja over 90000000: npc kill all
[Sun Dec 15 01:24:47 2013]  say: Yellow Ninja over 90000000: npc tavion
[Sun Dec 15 01:25:37 2013]  say: ^5Super^4Sand^1les^2bian: My origin is: (5964 14373 1524) - You can teleport here with /mtelelast

[Sun Dec 15 01:25:47 2013]  ClientDisconnect: 2
[Sun Dec 15 01:30:16 2013]  Kill: 0 0 39: ^5Super^4Sand^1les^2bian killed ^5Super^4Sand^1les^2bian by MOD_SUICIDE
[Sun Dec 15 01:30:34 2013]  say: ^5Super^4Sand^1les^2bian: My origin is: (-5567 -22240 1704) - You can teleport here with /mtelelast

[Sun Dec 15 01:30:44 2013]  Kill: 0 0 39: ^5Super^4Sand^1les^2bian killed ^5Super^4Sand^1les^2bian by MOD_SUICIDE
[Sun Dec 15 01:30:49 2013]  Kill: 0 0 39: ^5Super^4Sand^1les^2bian killed ^5Super^4Sand^1les^2bian by MOD_SUICIDE
[Sun Dec 15 01:30:53 2013]  Kill: 0 0 39: ^5Super^4Sand^1les^2bian killed ^5Super^4Sand^1les^2bian by MOD_SUICIDE
[Sun Dec 15 01:31:04 2013]  Kill: 0 0 39: ^5Super^4Sand^1les^2bian killed ^5Super^4Sand^1les^2bian by MOD_SUICIDE
[Sun Dec 15 01:31:20 2013]  Kill: 1022 0 36: <world> killed ^5Super^4Sand^1les^2bian by MOD_CRUSH
[Sun Dec 15 01:31:31 2013]  say: ^5Super^4Sand^1les^2bian: Protect meh me homie dwag!!
[Sun Dec 15 01:31:59 2013]  Kill: 1022 0 0: <world> killed ^5Super^4Sand^1les^2bian by MOD_UNKNOWN
[Sun Dec 15 01:35:15 2013]  Kill: 1022 1 6: <world> killed Yellow Ninja over 90000000 by MOD_BLASTER
[Sun Dec 15 01:35:36 2013]  say: Yellow Ninja over 90000000: +god
[Sun Dec 15 01:36:48 2013]  Kill: 1022 0 6: <world> killed ^5Super^4Sand^1les^2bian by MOD_BLASTER
[Sun Dec 15 01:37:02 2013]  say: Yellow Ninja over 90000000: npc spawn vehicle x-wing
[Sun Dec 15 01:37:25 2013]  Kill: 0 1 6: ^5Super^4Sand^1les^2bian killed Yellow Ninja over 90000000 by MOD_BLASTER
[Sun Dec 15 01:37:33 2013]  Kill: 1022 0 6: <world> killed ^5Super^4Sand^1les^2bian by MOD_BLASTER
[Sun Dec 15 01:37:33 2013]  Kill: 1022 1 39: <world> killed Yellow Ninja over 90000000 by MOD_SUICIDE
[Sun Dec 15 01:37:35 2013]  Kill: 1 0 37: Yellow Ninja over 90000000 killed ^5Super^4Sand^1les^2bian by MOD_TELEFRAG
[Sun Dec 15 01:39:29 2013]  Kill: 0 1 36: ^5Super^4Sand^1les^2bian killed Yellow Ninja over 90000000 by MOD_CRUSH
[Sun Dec 15 01:39:32 2013]  Item: 0 weapon_bowcaster
[Sun Dec 15 01:40:15 2013]  say: ^5Super^4Sand^1les^2bian: My origin is: (-5486 -20855 1537) - You can teleport here with /mtelelast

[Sun Dec 15 01:41:13 2013]  say: ^5Super^4Sand^1les^2bian: My origin is: (-5549 -20773 1457) - You can teleport here with /mtelelast

[Sun Dec 15 01:42:11 2013]  say: Yellow Ninja over 90000000: My origin is: (3105 -25005 -39) - You can teleport here with /mtelelast

[Sun Dec 15 01:42:14 2013]  Kill: 0 1 37: ^5Super^4Sand^1les^2bian killed Yellow Ninja over 90000000 by MOD_TELEFRAG
[Sun Dec 15 01:42:43 2013]  say: ^5Super^4Sand^1les^2bian: My origin is: (-5595 -20945 1481) - You can teleport here with /mtelelast

[Sun Dec 15 01:42:46 2013]  Kill: 0 1 0: ^5Super^4Sand^1les^2bian killed Yellow Ninja over 90000000 by MOD_UNKNOWN
[Sun Dec 15 01:42:58 2013]  say: ^5Super^4Sand^1les^2bian: My origin is: (-5545 -20769 1441) - You can teleport here with /mtelelast

[Sun Dec 15 01:43:14 2013]  say: ^5Super^4Sand^1les^2bian: My origin is: (-5550 -20768 1475) - You can teleport here with /mtelelast

[Sun Dec 15 01:43:16 2013]  Kill: 0 1 36: ^5Super^4Sand^1les^2bian killed Yellow Ninja over 90000000 by MOD_CRUSH
[Sun Dec 15 01:44:37 2013]  Kill: 0 1 37: ^5Super^4Sand^1les^2bian killed Yellow Ninja over 90000000 by MOD_TELEFRAG
[Sun Dec 15 01:44:48 2013]  ClientDisconnect: 1
[Sun Dec 15 01:47:09 2013]  say: ^5Super^4Sand^1les^2bian: msayorigin
[Sun Dec 15 01:47:15 2013]  say: ^5Super^4Sand^1les^2bian: My origin is: (-5548 -20773 1493) - You can teleport here with /mtelelast

[Sun Dec 15 01:49:40 2013]  Item: 0 ammo_all
[Sun Dec 15 01:49:57 2013]  say: ^5Super^4Sand^1les^2bian: Protect meh me homie dwag!!
[Sun Dec 15 01:51:12 2013]  say: ^5Super^4Sand^1les^2bian: mremove
[Sun Dec 15 01:59:49 2013]  say: ^5Super^4Sand^1les^2bian: VGBJKASLVBSD:VHI
[Sun Dec 15 01:59:54 2013]  say: ^5Super^4Sand^1les^2bian: Coffe is bestest drink ^7z6.invisionfree.com/EMP_clan
[Sun Dec 15 02:09:02 2013]  ClientDisconnect: 0
[Sun Dec 15 02:52:11 2013]  Exit: Timelimit hit.
[Sun Dec 15 10:18:46 2013]  ClientConnect: 0
[Sun Dec 15 10:18:46 2013]  mlog:Player Padawan, connected. With IP - 95.83.110.18:29070 
[Sun Dec 15 10:19:20 2013]  ClientBegin: 0
[Sun Dec 15 10:19:38 2013]  ShutdownGame:
[Sun Dec 15 10:19:38 2013]  ------------------------------------------------------------
[Sun Dec 15 10:19:40 2013]  ------------------------------------------------------------
[Sun Dec 15 10:19:40 2013]  InitGame: \dmflags\0\fraglimit\0\timelimit\120\capturelimit\0\g_privateDuel\1\g_saberLocking\1\g_maxForceRank\7\duel_fraglimit\10\g_forceBasedTeams\0\g_duelWeaponDisable\65531\sv_hostname\^3Darkquake's Makermod Server\sv_maxclients\32\sv_maxRate\5000\sv_minPing\0\sv_maxPing\0\sv_floodProtect\0\sv_allowDownload\1\bot_minplayers\0\g_allowNPC\1\g_weaponDisable\0\g_forcePowerDisable\0\g_forceRegenTime\0\g_siegeTeamSwitch\1\g_siegeRespawn\20\g_debugMelee\1\g_noSpecMove\0\g_maxGameClients\0\g_jediVmerc\0\g_siegeTeam1\none\g_siegeTeam2\none\version\(internal)JAmp: v1.0.1.0 win-x86 Oct 30 2003\g_maxHolocronCarry\3\g_gametype\0\g_needpass\0\protocol\26\mapname\mp/siege_desert\sv_privateClients\0\g_stepSlideFix\1\gamename\MakerMod\g_saberWallDamageScale\0.4\bg_fighterAltControl\0\g_showDuelHealths\0
[Sun Dec 15 10:19:42 2013]  ClientConnect: 0
[Sun Dec 15 10:19:53 2013]  ClientBegin: 0
[Sun Dec 15 10:21:55 2013]  ClientDisconnect: 0
[Sun Dec 15 11:40:22 2013]  ClientConnect: 0
[Sun Dec 15 11:40:22 2013]  mlog:Player ^7*^0A^7h^0e^7l^0e^1.^0S^7*, connected. With IP - 178.76.204.255:29070 
[Sun Dec 15 11:40:39 2013]  ClientBegin: 0
[Sun Dec 15 11:40:56 2013]  ClientConnect: 1
[Sun Dec 15 11:40:56 2013]  mlog:Player Padawan, connected. With IP - 176.15.40.252:29070 
[Sun Dec 15 11:41:29 2013]  ClientBegin: 1
[Sun Dec 15 11:43:44 2013]  print "Padawan^7 @@@PLRENAME Alex Crouch
"[Sun Dec 15 11:43:46 2013]  Kill: 0 1 3: ^7*^0A^7h^0e^7l^0e^1.^0S^7* killed Alex Crouch by MOD_SABER
[Sun Dec 15 11:43:46 2013]  tell: ^7*^0A^7h^0e^7l^0e^1.^0S^7* to Alex Crouch: ^2^7Alex Crouch, ^7I killed 53 people in total
[Sun Dec 15 11:45:42 2013]  Kill: 0 1 3: ^7*^0A^7h^0e^7l^0e^1.^0S^7* killed Alex Crouch by MOD_SABER
[Sun Dec 15 11:45:42 2013]  tell: ^7*^0A^7h^0e^7l^0e^1.^0S^7* to Alex Crouch: ^2^7Alex Crouch, ^7I killed 54 people in total
[Sun Dec 15 11:47:12 2013]  Kill: 1022 1 36: <world> killed Alex Crouch by MOD_CRUSH
[Sun Dec 15 11:47:47 2013]  ClientConnect: 2
[Sun Dec 15 11:47:47 2013]  mlog:Player WhiteMagicRaven, connected. With IP - 37.55.88.250:29070 
[Sun Dec 15 11:47:52 2013]  ClientDisconnect: 2
[Sun Dec 15 11:49:28 2013]  Kill: 1 0 3: Alex Crouch killed ^7*^0A^7h^0e^7l^0e^1.^0S^7* by MOD_SABER
[Sun Dec 15 11:49:28 2013]  tell: ^7*^0A^7h^0e^7l^0e^1.^0S^7* to Alex Crouch: ^2^7Alex Crouch, ^7you killed me
[Sun Dec 15 11:50:55 2013]  Item: 0 ammo_detpack
[Sun Dec 15 11:50:55 2013]  Item: 0 ammo_detpack
[Sun Dec 15 11:50:55 2013]  Item: 0 ammo_detpack
[Sun Dec 15 11:50:55 2013]  Item: 0 ammo_tripmine
[Sun Dec 15 11:50:55 2013]  Item: 0 ammo_tripmine
[Sun Dec 15 11:50:55 2013]  Item: 0 ammo_tripmine
[Sun Dec 15 11:50:55 2013]  Item: 0 ammo_thermal
[Sun Dec 15 11:50:55 2013]  Item: 0 ammo_thermal
[Sun Dec 15 11:50:55 2013]  Item: 0 ammo_thermal
[Sun Dec 15 11:50:55 2013]  Item: 0 item_cloak
[Sun Dec 15 11:50:55 2013]  Item: 0 item_eweb_holdable
[Sun Dec 15 11:50:55 2013]  Item: 0 item_sentry_gun
[Sun Dec 15 11:50:55 2013]  Item: 0 item_binoculars
[Sun Dec 15 11:50:55 2013]  Item: 0 item_medpac_big
[Sun Dec 15 11:50:55 2013]  Item: 0 item_medpac
[Sun Dec 15 11:50:55 2013]  Item: 0 item_shield
[Sun Dec 15 11:50:55 2013]  Item: 0 item_seeker
[Sun Dec 15 11:50:55 2013]  Item: 0 item_shield_lrg_instant
[Sun Dec 15 11:50:55 2013]  Item: 0 ammo_all
[Sun Dec 15 11:50:55 2013]  Item: 0 ammo_all
[Sun Dec 15 11:50:55 2013]  Item: 0 ammo_all
[Sun Dec 15 11:50:55 2013]  Item: 0 ammo_all
[Sun Dec 15 11:50:55 2013]  Item: 0 ammo_all
[Sun Dec 15 11:50:55 2013]  Item: 0 weapon_rocket_launcher
[Sun Dec 15 11:50:55 2013]  Item: 0 weapon_flechette
[Sun Dec 15 11:50:55 2013]  Item: 0 weapon_demp2
[Sun Dec 15 11:50:55 2013]  Item: 0 weapon_repeater
[Sun Dec 15 11:50:55 2013]  Item: 0 weapon_bowcaster
[Sun Dec 15 11:50:55 2013]  Item: 0 weapon_disruptor
[Sun Dec 15 11:50:55 2013]  Item: 0 weapon_blaster
[Sun Dec 15 11:50:55 2013]  Item: 0 weapon_bryar_pistol
[Sun Dec 15 11:50:55 2013]  Item: 0 weapon_concussion_rifle
[Sun Dec 15 11:50:55 2013]  Item: 0 weapon_melee
[Sun Dec 15 11:50:55 2013]  Item: 0 weapon_stun_baton
[Sun Dec 15 11:51:05 2013]  Item: 1 ammo_detpack
[Sun Dec 15 11:51:05 2013]  Item: 1 ammo_detpack
[Sun Dec 15 11:51:05 2013]  Item: 1 ammo_detpack
[Sun Dec 15 11:51:05 2013]  Item: 1 ammo_tripmine
[Sun Dec 15 11:51:05 2013]  Item: 1 ammo_tripmine
[Sun Dec 15 11:51:05 2013]  Item: 1 ammo_tripmine
[Sun Dec 15 11:51:05 2013]  Item: 1 ammo_thermal
[Sun Dec 15 11:51:05 2013]  Item: 1 ammo_thermal
[Sun Dec 15 11:51:05 2013]  Item: 1 ammo_thermal
[Sun Dec 15 11:51:05 2013]  Item: 1 item_cloak
[Sun Dec 15 11:51:05 2013]  Item: 1 item_eweb_holdable
[Sun Dec 15 11:51:05 2013]  Item: 1 item_sentry_gun
[Sun Dec 15 11:51:05 2013]  Item: 1 item_binoculars
[Sun Dec 15 11:51:05 2013]  Item: 1 item_medpac_big
[Sun Dec 15 11:51:05 2013]  Item: 1 item_medpac
[Sun Dec 15 11:51:05 2013]  Item: 1 item_shield
[Sun Dec 15 11:51:05 2013]  Item: 1 item_seeker
[Sun Dec 15 11:51:05 2013]  Item: 1 item_medpak_instant
[Sun Dec 15 11:51:05 2013]  Item: 1 item_shield_lrg_instant
[Sun Dec 15 11:51:05 2013]  Item: 1 ammo_all
[Sun Dec 15 11:51:05 2013]  Item: 1 ammo_all
[Sun Dec 15 11:51:05 2013]  Item: 1 ammo_all
[Sun Dec 15 11:51:05 2013]  Item: 1 ammo_all
[Sun Dec 15 11:51:05 2013]  Item: 1 ammo_all
[Sun Dec 15 11:51:05 2013]  Item: 1 weapon_rocket_launcher
[Sun Dec 15 11:51:05 2013]  Item: 1 weapon_flechette
[Sun Dec 15 11:51:05 2013]  Item: 1 weapon_demp2
[Sun Dec 15 11:51:05 2013]  Item: 1 weapon_repeater
[Sun Dec 15 11:51:05 2013]  Item: 1 weapon_bowcaster
[Sun Dec 15 11:51:05 2013]  Item: 1 weapon_disruptor
[Sun Dec 15 11:51:05 2013]  Item: 1 weapon_blaster
[Sun Dec 15 11:51:05 2013]  Item: 1 weapon_bryar_pistol
[Sun Dec 15 11:51:05 2013]  Item: 1 weapon_concussion_rifle
[Sun Dec 15 11:51:05 2013]  Item: 1 weapon_melee
[Sun Dec 15 11:51:05 2013]  Item: 1 weapon_stun_baton
[Sun Dec 15 11:51:15 2013]  Item: 1 ammo_detpack
[Sun Dec 15 11:51:15 2013]  Item: 1 ammo_tripmine
[Sun Dec 15 11:51:15 2013]  Item: 1 ammo_all
[Sun Dec 15 11:51:15 2013]  Item: 1 ammo_all
[Sun Dec 15 11:51:15 2013]  Item: 1 ammo_all
[Sun Dec 15 11:51:15 2013]  Item: 1 ammo_all
[Sun Dec 15 11:51:15 2013]  Item: 1 ammo_all
[Sun Dec 15 11:53:32 2013]  Kill: 0 1 3: ^7*^0A^7h^0e^7l^0e^1.^0S^7* killed Alex Crouch by MOD_SABER
[Sun Dec 15 11:53:32 2013]  tell: ^7*^0A^7h^0e^7l^0e^1.^0S^7* to Alex Crouch: ^2^7Alex Crouch, ^7I killed 55 people in total
[Sun Dec 15 11:54:04 2013]  say: ^7*^0A^7h^0e^7l^0e^1.^0S^7*: noclip
[Sun Dec 15 11:54:31 2013]  say: ^7*^0A^7h^0e^7l^0e^1.^0S^7*: /mempower
[Sun Dec 15 11:55:40 2013]  Kill: 1 0 3: Alex Crouch killed ^7*^0A^7h^0e^7l^0e^1.^0S^7* by MOD_SABER
[Sun Dec 15 11:55:40 2013]  tell: ^7*^0A^7h^0e^7l^0e^1.^0S^7* to Alex Crouch: ^2^7Alex Crouch, ^7you killed me
[Sun Dec 15 11:56:05 2013]  Kill: 1 0 3: Alex Crouch killed ^7*^0A^7h^0e^7l^0e^1.^0S^7* by MOD_SABER
[Sun Dec 15 11:56:05 2013]  tell: ^7*^0A^7h^0e^7l^0e^1.^0S^7* to Alex Crouch: ^2^7Alex Crouch, ^7you killed me
[Sun Dec 15 11:56:16 2013]  Kill: 1 0 3: Alex Crouch killed ^7*^0A^7h^0e^7l^0e^1.^0S^7* by MOD_SABER
[Sun Dec 15 11:56:16 2013]  tell: ^7*^0A^7h^0e^7l^0e^1.^0S^7* to Alex Crouch: ^2^7Alex Crouch, ^7you killed me
[Sun Dec 15 11:56:29 2013]  Kill: 1 0 3: Alex Crouch killed ^7*^0A^7h^0e^7l^0e^1.^0S^7* by MOD_SABER
[Sun Dec 15 11:56:29 2013]  tell: ^7*^0A^7h^0e^7l^0e^1.^0S^7* to Alex Crouch: ^2^7Alex Crouch, ^7you killed me
[Sun Dec 15 11:56:36 2013]  Kill: 0 1 36: ^7*^0A^7h^0e^7l^0e^1.^0S^7* killed Alex Crouch by MOD_CRUSH
[Sun Dec 15 11:56:36 2013]  Kill: 0 0 36: ^7*^0A^7h^0e^7l^0e^1.^0S^7* killed ^7*^0A^7h^0e^7l^0e^1.^0S^7* by MOD_CRUSH
[Sun Dec 15 11:56:36 2013]  tell: ^7*^0A^7h^0e^7l^0e^1.^0S^7* to Alex Crouch: ^2^7Alex Crouch, ^7I killed 56 people in total
[Sun Dec 15 11:57:25 2013]  Kill: 1022 1 36: <world> killed Alex Crouch by MOD_CRUSH
[Sun Dec 15 11:58:50 2013]  Kill: 0 1 3: ^7*^0A^7h^0e^7l^0e^1.^0S^7* killed Alex Crouch by MOD_SABER
[Sun Dec 15 11:58:50 2013]  tell: ^7*^0A^7h^0e^7l^0e^1.^0S^7* to Alex Crouch: ^2^7Alex Crouch, ^7I killed 57 people in total
[Sun Dec 15 11:58:57 2013]  ClientDisconnect: 1
[Sun Dec 15 11:58:59 2013]  ClientDisconnect: 0
[Sun Dec 15 12:19:37 2013]  Exit: Timelimit hit.
[Sun Dec 15 15:54:58 2013]  ClientConnect: 0
[Sun Dec 15 15:54:58 2013]  mlog:Player shigar, connected. With IP - 77.232.153.247:29070 
[Sun Dec 15 15:55:14 2013]  ClientBegin: 0
[Sun Dec 15 15:55:26 2013]  ShutdownGame:
[Sun Dec 15 15:55:26 2013]  ------------------------------------------------------------
[Sun Dec 15 15:55:27 2013]  ------------------------------------------------------------
[Sun Dec 15 15:55:27 2013]  InitGame: \dmflags\0\fraglimit\0\timelimit\120\capturelimit\0\g_privateDuel\1\g_saberLocking\1\g_maxForceRank\7\duel_fraglimit\10\g_forceBasedTeams\0\g_duelWeaponDisable\65531\sv_hostname\^3Darkquake's Makermod Server\sv_maxclients\32\sv_maxRate\5000\sv_minPing\0\sv_maxPing\0\sv_floodProtect\0\sv_allowDownload\1\bot_minplayers\0\g_allowNPC\1\g_weaponDisable\0\g_forcePowerDisable\0\g_forceRegenTime\0\g_siegeTeamSwitch\1\g_siegeRespawn\20\g_debugMelee\1\g_noSpecMove\0\g_maxGameClients\0\g_jediVmerc\0\g_siegeTeam1\none\g_siegeTeam2\none\version\(internal)JAmp: v1.0.1.0 win-x86 Oct 30 2003\g_maxHolocronCarry\3\g_gametype\0\g_needpass\0\protocol\26\mapname\t2_trip\sv_privateClients\0\g_stepSlideFix\1\gamename\MakerMod\g_saberWallDamageScale\0.4\bg_fighterAltControl\0\g_showDuelHealths\0
[Sun Dec 15 15:55:29 2013]  ClientConnect: 0
[Sun Dec 15 15:55:45 2013]  ClientBegin: 0
[Sun Dec 15 15:55:49 2013]  ClientConnect: 1
[Sun Dec 15 15:55:49 2013]  mlog:Player scout, connected. With IP - 77.232.153.247:1024 
[Sun Dec 15 15:56:08 2013]  ClientBegin: 1
[Sun Dec 15 15:56:59 2013]  say: scout: SetForceAll 3
[Sun Dec 15 15:59:12 2013]  say: shigar: t
[Sun Dec 15 16:01:21 2013]  say: scout: godmode 1
[Sun Dec 15 16:01:39 2013]  say: shigar: GODMODE1
[Sun Dec 15 16:01:49 2013]  say: scout: giveall
[Sun Dec 15 16:01:58 2013]  say: scout: give_all
[Sun Dec 15 16:02:09 2013]  say: scout: Give_All
[Sun Dec 15 16:03:31 2013]  Kill: 1022 1 38: <world> killed scout by MOD_FALLING
[Sun Dec 15 16:05:11 2013]  ClientDisconnect: 1
[Sun Dec 15 16:05:43 2013]  Kill: 1022 0 38: <world> killed shigar by MOD_FALLING
[Sun Dec 15 16:06:38 2013]  ClientDisconnect: 0
[Sun Dec 15 16:51:04 2013]  ClientConnect: 0
[Sun Dec 15 16:51:04 2013]  mlog:Player Padawan, connected. With IP - 83.149.48.68:12388 
[Sun Dec 15 16:54:25 2013]  ClientDisconnect: 0
[Sun Dec 15 17:55:25 2013]  Exit: Timelimit hit.
