[Tue Dec 03 06:01:31 2013]  ------------------------------------------------------------
[Tue Dec 03 06:01:31 2013]  InitGame: \g_siegeTeam2\none\g_siegeTeam1\none\g_jediVmerc\0\g_maxGameClients\0\g_noSpecMove\0\g_debugMelee\1\g_siegeRespawn\20\g_siegeTeamSwitch\1\g_forceRegenTime\0\g_forcePowerDisable\0\g_weaponDisable\0\g_allowNPC\1\bot_minplayers\0\sv_allowDownload\1\sv_floodProtect\0\sv_maxPing\0\sv_minPing\0\sv_maxRate\5000\sv_maxclients\32\sv_hostname\^3Darkquake's Makermod Server\g_duelWeaponDisable\65531\g_forceBasedTeams\0\duel_fraglimit\10\g_maxForceRank\7\g_saberLocking\1\g_privateDuel\1\capturelimit\0\timelimit\120\fraglimit\0\dmflags\0\version\(internal)JAmp: v1.0.1.0 win-x86 Oct 30 2003\g_maxHolocronCarry\3\g_gametype\0\g_needpass\0\protocol\26\mapname\mp/siege_desert\sv_privateClients\0\g_stepSlideFix\1\gamename\MakerMod\g_saberWallDamageScale\0.4\bg_fighterAltControl\0\g_showDuelHealths\0
[Tue Dec 03 06:01:32 2013]  ClientConnect: 0
[Tue Dec 03 06:01:45 2013]  ClientBegin: 0
[Tue Dec 03 06:05:21 2013]  Kill: 1022 0 38: <world> killed ^6{P}^0Fu^5l^0sy^6{A} by MOD_FALLING
[Tue Dec 03 06:10:10 2013]  ClientDisconnect: 0
[Tue Dec 03 08:01:29 2013]  Exit: Timelimit hit.
[Tue Dec 03 12:57:48 2013]  ClientConnect: 0
[Tue Dec 03 12:57:48 2013]  mlog:Player maxim, connected. With IP - 46.39.248.67:16434 
[Tue Dec 03 12:58:09 2013]  ClientBegin: 0
[Tue Dec 03 12:58:17 2013]  ShutdownGame:
[Tue Dec 03 12:58:17 2013]  ------------------------------------------------------------
[Tue Dec 03 12:58:18 2013]  ------------------------------------------------------------
[Tue Dec 03 12:58:18 2013]  InitGame: \g_siegeTeam2\none\g_siegeTeam1\none\g_jediVmerc\0\g_maxGameClients\0\g_noSpecMove\0\g_debugMelee\1\g_siegeRespawn\20\g_siegeTeamSwitch\1\g_forceRegenTime\0\g_forcePowerDisable\0\g_weaponDisable\0\g_allowNPC\1\bot_minplayers\0\sv_allowDownload\1\sv_floodProtect\0\sv_maxPing\0\sv_minPing\0\sv_maxRate\5000\sv_maxclients\32\sv_hostname\^3Darkquake's Makermod Server\g_duelWeaponDisable\65531\g_forceBasedTeams\0\duel_fraglimit\10\g_maxForceRank\7\g_saberLocking\1\g_privateDuel\1\capturelimit\0\timelimit\120\fraglimit\0\dmflags\0\version\(internal)JAmp: v1.0.1.0 win-x86 Oct 30 2003\g_maxHolocronCarry\3\g_gametype\0\g_needpass\0\protocol\26\mapname\t2_trip\sv_privateClients\0\g_stepSlideFix\1\gamename\MakerMod\g_saberWallDamageScale\0.4\bg_fighterAltControl\0\g_showDuelHealths\0
[Tue Dec 03 12:58:20 2013]  ClientConnect: 0
[Tue Dec 03 12:58:37 2013]  ClientBegin: 0
[Tue Dec 03 13:08:07 2013]  ClientDisconnect: 0
[Tue Dec 03 13:09:35 2013]  ClientConnect: 0
[Tue Dec 03 13:09:35 2013]  mlog:Player ^8Ki^4as, connected. With IP - 46.39.248.67:-11877 
[Tue Dec 03 13:09:44 2013]  ClientBegin: 0
[Tue Dec 03 13:22:22 2013]  ClientDisconnect: 0
[Tue Dec 03 14:58:16 2013]  Exit: Timelimit hit.
[Tue Dec 03 21:16:45 2013]  ClientConnect: 0
[Tue Dec 03 21:16:45 2013]  mlog:Player ^2Disco^3bu^4g, connected. With IP - 79.126.166.25:29070 
[Tue Dec 03 21:16:46 2013]  ClientConnect: 1
[Tue Dec 03 21:16:46 2013]  mlog:Player Kubek, connected. With IP - 86.19.212.199:29070 
[Tue Dec 03 21:16:57 2013]  ClientBegin: 0
[Tue Dec 03 21:17:09 2013]  ShutdownGame:
[Tue Dec 03 21:17:09 2013]  ------------------------------------------------------------
[Tue Dec 03 21:17:10 2013]  ------------------------------------------------------------
[Tue Dec 03 21:17:10 2013]  InitGame: \g_siegeTeam2\none\g_siegeTeam1\none\g_jediVmerc\0\g_maxGameClients\0\g_noSpecMove\0\g_debugMelee\1\g_siegeRespawn\20\g_siegeTeamSwitch\1\g_forceRegenTime\0\g_forcePowerDisable\0\g_weaponDisable\0\g_allowNPC\1\bot_minplayers\0\sv_allowDownload\1\sv_floodProtect\0\sv_maxPing\0\sv_minPing\0\sv_maxRate\5000\sv_maxclients\32\sv_hostname\^3Darkquake's Makermod Server\g_duelWeaponDisable\65531\g_forceBasedTeams\0\duel_fraglimit\10\g_maxForceRank\7\g_saberLocking\1\g_privateDuel\1\capturelimit\0\timelimit\120\fraglimit\0\dmflags\0\version\(internal)JAmp: v1.0.1.0 win-x86 Oct 30 2003\g_maxHolocronCarry\3\g_gametype\0\g_needpass\0\protocol\26\mapname\mp/siege_desert\sv_privateClients\0\g_stepSlideFix\1\gamename\MakerMod\g_saberWallDamageScale\0.4\bg_fighterAltControl\0\g_showDuelHealths\0
[Tue Dec 03 21:17:11 2013]  ClientConnect: 0
[Tue Dec 03 21:17:11 2013]  ClientConnect: 1
[Tue Dec 03 21:17:20 2013]  ClientBegin: 0
[Tue Dec 03 21:17:22 2013]  ClientBegin: 1
[Tue Dec 03 21:18:39 2013]  Kill: 1 0 3: Kubek killed ^2Disco^3bu^4g by MOD_SABER
[Tue Dec 03 21:19:24 2013]  ClientDisconnect: 1
[Tue Dec 03 21:21:22 2013]  ClientDisconnect: 0
[Tue Dec 03 21:57:30 2013]  ClientConnect: 0
[Tue Dec 03 21:57:30 2013]  mlog:Player ^0General, connected. With IP - 121.54.32.131:31891 
[Tue Dec 03 21:57:51 2013]  ClientBegin: 0
[Tue Dec 03 21:58:03 2013]  ClientDisconnect: 0
[Tue Dec 03 21:58:27 2013]  ClientConnect: 0
[Tue Dec 03 21:58:27 2013]  mlog:Player ^0General, connected. With IP - 121.54.32.131:31891 
[Tue Dec 03 21:58:34 2013]  ClientBegin: 0
[Tue Dec 03 21:59:25 2013]  ClientDisconnect: 0
[Tue Dec 03 22:11:57 2013]  ClientConnect: 0
[Tue Dec 03 22:11:57 2013]  mlog:Player Rydarian, connected. With IP - 82.4.207.217:29070 
[Tue Dec 03 22:12:06 2013]  ClientBegin: 0
[Tue Dec 03 22:13:29 2013]  ClientConnect: 1
[Tue Dec 03 22:13:29 2013]  mlog:Player BallBag, connected. With IP - 75.158.48.47:29070 
[Tue Dec 03 22:13:46 2013]  ClientBegin: 1
[Tue Dec 03 22:20:35 2013]  Kill: 1022 1 38: <world> killed BallBag by MOD_FALLING
[Tue Dec 03 22:22:05 2013]  Kill: 1022 0 2: <world> killed Rydarian by MOD_MELEE
[Tue Dec 03 22:24:32 2013]  ClientDisconnect: 0
[Tue Dec 03 22:24:32 2013]  ClientDisconnect: 1
[Tue Dec 03 23:17:09 2013]  Exit: Timelimit hit.
