[Thu Dec 26 09:14:19 2013]  ------------------------------------------------------------
[Thu Dec 26 09:14:19 2013]  InitGame: \dmflags\0\fraglimit\0\timelimit\120\capturelimit\0\g_privateDuel\1\g_saberLocking\1\g_maxForceRank\7\duel_fraglimit\10\g_forceBasedTeams\0\g_duelWeaponDisable\65531\sv_hostname\^3Darkquake's Makermod Server\sv_maxclients\32\sv_maxRate\5000\sv_minPing\0\sv_maxPing\0\sv_floodProtect\0\sv_allowDownload\1\bot_minplayers\0\g_allowNPC\1\g_weaponDisable\0\g_forcePowerDisable\0\g_forceRegenTime\0\g_siegeTeamSwitch\1\g_siegeRespawn\20\g_debugMelee\1\g_noSpecMove\0\g_maxGameClients\0\g_jediVmerc\0\g_siegeTeam1\none\g_siegeTeam2\none\version\(internal)JAmp: v1.0.1.0 win-x86 Oct 30 2003\g_maxHolocronCarry\3\g_gametype\0\g_needpass\0\protocol\26\mapname\mp/siege_desert\sv_privateClients\0\g_stepSlideFix\1\gamename\MakerMod\g_saberWallDamageScale\0.4\bg_fighterAltControl\0\g_showDuelHealths\0
[Thu Dec 26 09:14:19 2013]  ClientConnect: 0
[Thu Dec 26 09:14:39 2013]  ClientDisconnect: 0
[Thu Dec 26 09:44:01 2013]  ClientConnect: 0
[Thu Dec 26 09:44:01 2013]  mlog:Player WhiteMagicRaven, connected. With IP - 37.55.88.254:29070 
[Thu Dec 26 09:44:06 2013]  ClientDisconnect: 0
[Thu Dec 26 11:14:18 2013]  Exit: Timelimit hit.
[Thu Dec 26 17:16:13 2013]  ------------------------------------------------------------
[Thu Dec 26 17:16:13 2013]  InitGame: \g_siegeTeam2\none\g_siegeTeam1\none\g_jediVmerc\0\g_maxGameClients\0\g_noSpecMove\0\g_debugMelee\1\g_siegeRespawn\20\g_siegeTeamSwitch\1\g_forceRegenTime\1\g_forcePowerDisable\0\g_weaponDisable\0\g_allowNPC\1\sv_allowDownload\1\sv_floodProtect\0\sv_maxPing\0\sv_minPing\0\sv_maxRate\5000\sv_maxclients\32\sv_hostname\^3Darkquake's Makermod Server\g_duelWeaponDisable\65531\g_forceBasedTeams\0\duel_fraglimit\10\g_maxForceRank\7\g_saberLocking\1\g_privateDuel\1\capturelimit\0\timelimit\120\fraglimit\0\dmflags\0\version\(internal)JAmp: v1.0.1.0 win-x86 Oct 30 2003\g_maxHolocronCarry\3\g_gametype\0\g_needpass\0\protocol\26\mapname\t2_trip\sv_privateClients\0\g_stepSlideFix\1\gamename\MakerMod\g_saberWallDamageScale\0.4\bg_fighterAltControl\0\g_showDuelHealths\0
[Thu Dec 26 19:16:06 2013]  Exit: Timelimit hit.
[Thu Dec 26 20:34:46 2013]  ClientConnect: 0
[Thu Dec 26 20:34:46 2013]  mlog:Player ^5{^6SCG^6^5} ^1Chromester, connected. With IP - 24.9.67.125:29070 
[Thu Dec 26 20:35:31 2013]  ClientBegin: 0
[Thu Dec 26 20:35:52 2013]  say: ^5{^6SCG^6^5} ^1Chromester: Hello?
[Thu Dec 26 20:35:53 2013]  ShutdownGame:
[Thu Dec 26 20:35:53 2013]  ------------------------------------------------------------
[Thu Dec 26 20:35:53 2013]  ------------------------------------------------------------
[Thu Dec 26 20:35:53 2013]  InitGame: \g_siegeTeam2\none\g_siegeTeam1\none\g_jediVmerc\0\g_maxGameClients\0\g_noSpecMove\0\g_debugMelee\1\g_siegeRespawn\20\g_siegeTeamSwitch\1\g_forceRegenTime\0\g_forcePowerDisable\0\g_weaponDisable\0\g_allowNPC\1\bot_minplayers\0\sv_allowDownload\1\sv_floodProtect\0\sv_maxPing\0\sv_minPing\0\sv_maxRate\5000\sv_maxclients\32\sv_hostname\^3Darkquake's Makermod Server\g_duelWeaponDisable\65531\g_forceBasedTeams\0\duel_fraglimit\10\g_maxForceRank\7\g_saberLocking\1\g_privateDuel\1\capturelimit\0\timelimit\120\fraglimit\0\dmflags\0\version\(internal)JAmp: v1.0.1.0 win-x86 Oct 30 2003\g_maxHolocronCarry\3\g_gametype\0\g_needpass\0\protocol\26\mapname\mp/siege_desert\sv_privateClients\0\g_stepSlideFix\1\gamename\MakerMod\g_saberWallDamageScale\0.4\bg_fighterAltControl\0\g_showDuelHealths\0
[Thu Dec 26 20:35:54 2013]  ClientConnect: 0
[Thu Dec 26 20:36:30 2013]  ClientBegin: 0
[Thu Dec 26 20:36:51 2013]  say: ^5{^6SCG^6^5} ^1Chromester: Hello?
[Thu Dec 26 20:37:15 2013]  say: ^5{^6SCG^6^5} ^1Chromester: Is... Is anybody there?
[Thu Dec 26 20:39:29 2013]  say: ^5{^6SCG^6^5} ^1Chromester: FEE FII FOO FUMM
[Thu Dec 26 20:48:07 2013]  ClientConnect: 1
[Thu Dec 26 20:48:07 2013]  mlog:Player ELSI TI VIDISH ETO TO TI UBIT, connected. With IP - 91.230.25.125:29070 
[Thu Dec 26 20:48:15 2013]  say: ^5{^6SCG^6^5} ^1Chromester: Urf
[Thu Dec 26 20:48:18 2013]  say: ^5{^6SCG^6^5} ^1Chromester: Sorry for the mess
[Thu Dec 26 20:48:34 2013]  ClientBegin: 1
[Thu Dec 26 20:48:46 2013]  say: negr: kto rus
[Thu Dec 26 20:48:53 2013]  say: ^5{^6SCG^6^5} ^1Chromester: what?
[Thu Dec 26 20:49:03 2013]  Item: 0 ammo_all
[Thu Dec 26 20:49:04 2013]  say: negr: you are pastuh
[Thu Dec 26 20:49:20 2013]  say: negr: du u spik rashin
[Thu Dec 26 20:49:30 2013]  say: ^5{^6SCG^6^5} ^1Chromester: uh... rashin?
[Thu Dec 26 20:49:37 2013]  say: negr: rassian
[Thu Dec 26 20:49:47 2013]  say: ^5{^6SCG^6^5} ^1Chromester: Uh...
[Thu Dec 26 20:49:51 2013]  say: ^5{^6SCG^6^5} ^1Chromester: Maybe?
[Thu Dec 26 20:49:52 2013]  Kill: 1022 1 39: <world> killed negr by MOD_SUICIDE
[Thu Dec 26 20:49:53 2013]  say: ^5{^6SCG^6^5} ^1Chromester: No?
[Thu Dec 26 20:49:55 2013]  say: ^5{^6SCG^6^5} ^1Chromester: I dont know?
[Thu Dec 26 20:50:04 2013]  say: negr: ju mast know !!!!!
[Thu Dec 26 20:50:38 2013]  say: ^5{^6SCG^6^5} ^1Chromester: I'm a Praetor, Not... A thing slayer
[Thu Dec 26 20:50:48 2013]  say: negr: okey
[Thu Dec 26 20:51:34 2013]  Kill: 1 1 25: negr killed negr by MOD_TRIP_MINE_SPLASH
[Thu Dec 26 20:52:14 2013]  say: negr: u are meksikan
[Thu Dec 26 20:52:20 2013]  say: ^5{^6SCG^6^5} ^1Chromester: meksikan?
[Thu Dec 26 20:52:31 2013]  say: negr: indian
[Thu Dec 26 20:52:40 2013]  say: ^5{^6SCG^6^5} ^1Chromester: yrt  Romani 
[Thu Dec 26 20:54:29 2013]  say: ^5{^6SCG^6^5} ^1Chromester: npc spawn rancor
[Thu Dec 26 20:56:08 2013]  say: negr: y like china?
[Thu Dec 26 20:56:15 2013]  say: ^5{^6SCG^6^5} ^1Chromester: Roman
[Thu Dec 26 20:56:17 2013]  say: ^5{^6SCG^6^5} ^1Chromester: Greek.
[Thu Dec 26 20:56:27 2013]  say: negr: im china
[Thu Dec 26 20:56:27 2013]  say: ^5{^6SCG^6^5} ^1Chromester: Not Chineese.
[Thu Dec 26 20:56:39 2013]  say: negr: i wil eat ur dog
[Thu Dec 26 20:56:44 2013]  say: ^5{^6SCG^6^5} ^1Chromester: >.>
[Thu Dec 26 20:56:46 2013]  say: ^5{^6SCG^6^5} ^1Chromester: Why.
[Thu Dec 26 20:56:55 2013]  say: negr: i dont have moneys for food
[Thu Dec 26 20:57:01 2013]  say: ^5{^6SCG^6^5} ^1Chromester: <.<
[Thu Dec 26 20:58:03 2013]  Kill: 1022 1 39: <world> killed negr by MOD_SUICIDE
[Thu Dec 26 20:58:06 2013]  ClientDisconnect: 1
[Thu Dec 26 20:58:08 2013]  say: ^5{^6SCG^6^5} ^1Chromester: FSSSSSSSSSSSSSSS
[Thu Dec 26 20:58:21 2013]  ClientDisconnect: 0
[Thu Dec 26 22:35:52 2013]  Exit: Timelimit hit.
