[Tue Dec 31 08:48:24 2013]  ------------------------------------------------------------
[Tue Dec 31 08:48:24 2013]  InitGame: \g_siegeTeam2\none\g_siegeTeam1\none\g_jediVmerc\0\g_maxGameClients\0\g_noSpecMove\0\g_debugMelee\1\g_siegeRespawn\20\g_siegeTeamSwitch\1\g_forceRegenTime\0\g_forcePowerDisable\0\g_weaponDisable\0\g_allowNPC\1\bot_minplayers\0\sv_allowDownload\1\sv_floodProtect\0\sv_maxPing\0\sv_minPing\0\sv_maxRate\5000\sv_maxclients\32\sv_hostname\^3Darkquake's Makermod Server\g_duelWeaponDisable\65531\g_forceBasedTeams\0\duel_fraglimit\10\g_maxForceRank\7\g_saberLocking\1\g_privateDuel\1\capturelimit\0\timelimit\120\fraglimit\0\dmflags\0\version\(internal)JAmp: v1.0.1.0 win-x86 Oct 30 2003\g_maxHolocronCarry\3\g_gametype\0\g_needpass\0\protocol\26\mapname\mp/siege_desert\sv_privateClients\0\g_stepSlideFix\1\gamename\MakerMod\g_saberWallDamageScale\0.4\bg_fighterAltControl\0\g_showDuelHealths\0
[Tue Dec 31 08:48:25 2013]  ClientConnect: 0
[Tue Dec 31 08:48:32 2013]  ClientBegin: 0
[Tue Dec 31 08:48:47 2013]  say: ^5Dean Leo Winchester: hmm...
[Tue Dec 31 08:51:28 2013]  say: ^5Dean Leo Winchester: don't suppose the admin is listeninng eh?
[Tue Dec 31 09:03:45 2013]  say: ^5Dean Leo Winchester: interesting
[Tue Dec 31 09:06:54 2013]  Kill: 1022 0 3: <world> killed ^5Dean Leo Winchester by MOD_SABER
[Tue Dec 31 09:08:50 2013]  Kill: 1022 0 2: <world> killed ^5Dean Leo Winchester by MOD_MELEE
[Tue Dec 31 09:21:46 2013]  print "^5Dean Leo Winchester^7 @@@PLRENAME whatever
"[Tue Dec 31 09:21:52 2013]  ClientDisconnect: 0
[Tue Dec 31 10:48:23 2013]  Exit: Timelimit hit.
[Tue Dec 31 11:40:36 2013]  ClientConnect: 0
[Tue Dec 31 11:40:36 2013]  mlog:Player <{^1KOTR^7}>^4Altair^7-JK, connected. With IP - 89.145.152.30:29070 
[Tue Dec 31 11:40:47 2013]  ClientConnect: 1
[Tue Dec 31 11:40:47 2013]  mlog:Player ^8ma^1xim, connected. With IP - 46.39.248.67:-24935 
[Tue Dec 31 11:40:59 2013]  ClientBegin: 0
[Tue Dec 31 11:41:02 2013]  ClientBegin: 1
[Tue Dec 31 11:41:06 2013]  ShutdownGame:
[Tue Dec 31 11:41:06 2013]  ------------------------------------------------------------
[Tue Dec 31 11:41:07 2013]  ------------------------------------------------------------
[Tue Dec 31 11:41:07 2013]  InitGame: \g_siegeTeam2\none\g_siegeTeam1\none\g_jediVmerc\0\g_maxGameClients\0\g_noSpecMove\0\g_debugMelee\1\g_siegeRespawn\20\g_siegeTeamSwitch\1\g_forceRegenTime\0\g_forcePowerDisable\0\g_weaponDisable\0\g_allowNPC\1\bot_minplayers\0\sv_allowDownload\1\sv_floodProtect\0\sv_maxPing\0\sv_minPing\0\sv_maxRate\5000\sv_maxclients\32\sv_hostname\^3Darkquake's Makermod Server\g_duelWeaponDisable\65531\g_forceBasedTeams\0\duel_fraglimit\10\g_maxForceRank\7\g_saberLocking\1\g_privateDuel\1\capturelimit\0\timelimit\120\fraglimit\0\dmflags\0\version\(internal)JAmp: v1.0.1.0 win-x86 Oct 30 2003\g_maxHolocronCarry\3\g_gametype\0\g_needpass\0\protocol\26\mapname\t2_trip\sv_privateClients\0\g_stepSlideFix\1\gamename\MakerMod\g_saberWallDamageScale\0.4\bg_fighterAltControl\0\g_showDuelHealths\0
[Tue Dec 31 11:41:08 2013]  ClientConnect: 0
[Tue Dec 31 11:41:08 2013]  ClientConnect: 1
[Tue Dec 31 11:41:18 2013]  ClientBegin: 1
[Tue Dec 31 11:41:19 2013]  ClientBegin: 0
[Tue Dec 31 11:41:48 2013]  say: ^8ma^1xim: привет снова )
[Tue Dec 31 11:42:04 2013]  say: ^8ma^1xim: дава дом строить
[Tue Dec 31 11:42:34 2013]  say: ^8ma^1xim: корабль го строить
[Tue Dec 31 11:42:58 2013]  say: ^8ma^1xim: алее
[Tue Dec 31 11:43:31 2013]  say: <{^1KOTR^7}>^4Altair^7-JK: .ьздфсу
[Tue Dec 31 11:43:54 2013]  say: ^8ma^1xim: √ќ —“–ќ»“№
[Tue Dec 31 11:44:03 2013]  say: ^8ma^1xim: плаер
[Tue Dec 31 11:44:59 2013]  say: ^8ma^1xim: ну что будем?
[Tue Dec 31 11:45:09 2013]  say: ^8ma^1xim: а?
[Tue Dec 31 11:45:13 2013]  say: ^8ma^1xim: строить будем?
[Tue Dec 31 11:45:23 2013]  say: ^8ma^1xim: стройть
[Tue Dec 31 11:46:09 2013]  say: ^8ma^1xim: € щ€
[Tue Dec 31 11:47:31 2013]  say: ^8ma^1xim: € тут
[Tue Dec 31 11:48:01 2013]  say: ^8ma^1xim: что тебе надо?
[Tue Dec 31 11:48:20 2013]  say: ^8ma^1xim: ы
[Tue Dec 31 11:48:56 2013]  tell: ^8ma^1xim to <{^1KOTR^7}>^4Altair^7-JK: але ты слышишь?
[Tue Dec 31 11:49:22 2013]  say: <{^1KOTR^7}>^4Altair^7-JK: 5
[Tue Dec 31 11:49:24 2013]  say: <{^1KOTR^7}>^4Altair^7-JK: 4
[Tue Dec 31 11:49:25 2013]  say: <{^1KOTR^7}>^4Altair^7-JK: 3
[Tue Dec 31 11:49:27 2013]  say: <{^1KOTR^7}>^4Altair^7-JK: 2
[Tue Dec 31 11:49:28 2013]  say: <{^1KOTR^7}>^4Altair^7-JK: 1
[Tue Dec 31 11:49:32 2013]  say: ^8ma^1xim: что?
[Tue Dec 31 11:49:34 2013]  say: <{^1KOTR^7}>^4Altair^7-JK: старт
[Tue Dec 31 11:49:43 2013]  say: ^8ma^1xim: о
[Tue Dec 31 11:49:51 2013]  say: ^8ma^1xim: хочешь насто€щий старт?
[Tue Dec 31 11:49:56 2013]  say: ^8ma^1xim: на ракете?
[Tue Dec 31 11:50:14 2013]  Kill: 1 0 37: ^8ma^1xim killed <{^1KOTR^7}>^4Altair^7-JK by MOD_TELEFRAG
[Tue Dec 31 11:50:19 2013]  say: ^8ma^1xim: извини
[Tue Dec 31 11:51:08 2013]  say: ^8ma^1xim: эй
[Tue Dec 31 11:51:17 2013]  say: ^8ma^1xim: ты кду?
[Tue Dec 31 11:53:29 2013]  say: <{^1KOTR^7}>^4Altair^7-JK: во это дело
[Tue Dec 31 11:53:34 2013]  say: ^8ma^1xim: иди суда
[Tue Dec 31 11:53:58 2013]  say: ^8ma^1xim: эйй
[Tue Dec 31 11:54:06 2013]  say: <{^1KOTR^7}>^4Altair^7-JK: € немного зан€т
[Tue Dec 31 11:54:17 2013]  say: ^8ma^1xim: но тут ракета
[Tue Dec 31 11:54:33 2013]  say: ^8ma^1xim: или лифт стекл€нный как у вили вонга
[Tue Dec 31 11:58:57 2013]  Kill: 0 0 39: <{^1KOTR^7}>^4Altair^7-JK killed <{^1KOTR^7}>^4Altair^7-JK by MOD_SUICIDE
[Tue Dec 31 11:58:57 2013]  setteam:  0 FREE SPECTATOR
[Tue Dec 31 11:58:57 2013]  ClientBegin: 0
[Tue Dec 31 11:59:04 2013]  setteam:  0 SPECTATOR FREE
[Tue Dec 31 11:59:04 2013]  ClientBegin: 0
[Tue Dec 31 12:00:24 2013]  say: ^8ma^1xim: круть?
[Tue Dec 31 12:00:48 2013]  say: ^8ma^1xim: щ€
[Tue Dec 31 12:00:51 2013]  say: ^8ma^1xim: там буть
[Tue Dec 31 12:00:59 2013]  say: ^8ma^1xim: токо стой не шивились
[Tue Dec 31 12:01:10 2013]  say: ^8ma^1xim: не шивились
[Tue Dec 31 12:01:13 2013]  say: ^8ma^1xim: Ќ≈ ”’ќƒ»
[Tue Dec 31 12:01:16 2013]  say: ^8ma^1xim: ќ“ “”ƒј
[Tue Dec 31 12:04:06 2013]  say: ^8ma^1xim: .
[Tue Dec 31 12:05:23 2013]  say: ^8ma^1xim: fkt
[Tue Dec 31 12:12:33 2013]  ClientDisconnect: 0
[Tue Dec 31 12:13:49 2013]  ClientDisconnect: 1
[Tue Dec 31 13:41:05 2013]  Exit: Timelimit hit.
[Tue Dec 31 13:57:28 2013]  ClientConnect: 0
[Tue Dec 31 13:57:28 2013]  mlog:Player sc20ka^4 18 rus^1 master, connected. With IP - 94.181.85.136:29070 
[Tue Dec 31 13:57:35 2013]  ClientDisconnect: 0
[Tue Dec 31 13:57:35 2013]  ClientConnect: 0
[Tue Dec 31 13:57:35 2013]  mlog:Player sc20ka^4 18 rus^1 master, connected. With IP - 94.181.85.136:29070 
[Tue Dec 31 14:00:55 2013]  ClientDisconnect: 0
[Tue Dec 31 17:26:28 2013]  ClientConnect: 0
[Tue Dec 31 17:26:28 2013]  mlog:Player ICE, connected. With IP - 93.79.154.128:29070 
[Tue Dec 31 17:26:52 2013]  ClientBegin: 0
[Tue Dec 31 17:26:56 2013]  ShutdownGame:
[Tue Dec 31 17:26:56 2013]  ------------------------------------------------------------
[Tue Dec 31 17:26:58 2013]  ------------------------------------------------------------
[Tue Dec 31 17:26:58 2013]  InitGame: \g_siegeTeam2\none\g_siegeTeam1\none\g_jediVmerc\0\g_maxGameClients\0\g_noSpecMove\0\g_debugMelee\1\g_siegeRespawn\20\g_siegeTeamSwitch\1\g_forceRegenTime\0\g_forcePowerDisable\0\g_weaponDisable\0\g_allowNPC\1\bot_minplayers\0\sv_allowDownload\1\sv_floodProtect\0\sv_maxPing\0\sv_minPing\0\sv_maxRate\5000\sv_maxclients\32\sv_hostname\^3Darkquake's Makermod Server\g_duelWeaponDisable\65531\g_forceBasedTeams\0\duel_fraglimit\10\g_maxForceRank\7\g_saberLocking\1\g_privateDuel\1\capturelimit\0\timelimit\120\fraglimit\0\dmflags\0\version\(internal)JAmp: v1.0.1.0 win-x86 Oct 30 2003\g_maxHolocronCarry\3\g_gametype\0\g_needpass\0\protocol\26\mapname\mp/siege_desert\sv_privateClients\0\g_stepSlideFix\1\gamename\MakerMod\g_saberWallDamageScale\0.4\bg_fighterAltControl\0\g_showDuelHealths\0
[Tue Dec 31 17:26:58 2013]  ClientConnect: 0
[Tue Dec 31 17:27:11 2013]  ClientBegin: 0
[Tue Dec 31 17:47:15 2013]  Item: 0 ammo_all
[Tue Dec 31 18:02:34 2013]  ClientDisconnect: 0
[Tue Dec 31 18:10:24 2013]  ClientConnect: 0
[Tue Dec 31 18:10:24 2013]  mlog:Player ICE, connected. With IP - 93.79.154.128:29070 
[Tue Dec 31 18:10:45 2013]  ClientBegin: 0
[Tue Dec 31 18:22:25 2013]  Kill: 1022 0 3: <world> killed ICE by MOD_SABER
[Tue Dec 31 18:24:12 2013]  Kill: 0 0 20: ICE killed ICE by MOD_ROCKET_SPLASH
[Tue Dec 31 18:24:33 2013]  say: ICE: notarget
[Tue Dec 31 18:26:34 2013]  Item: 0 ammo_all
[Tue Dec 31 18:31:11 2013]  Kill: 1022 0 36: <world> killed ICE by MOD_CRUSH
[Tue Dec 31 18:32:16 2013]  Kill: 0 0 27: ICE killed ICE by MOD_DET_PACK_SPLASH
[Tue Dec 31 18:33:33 2013]  Kill: 1022 0 2: <world> killed ICE by MOD_MELEE
[Tue Dec 31 18:34:04 2013]  ClientDisconnect: 0
[Tue Dec 31 19:26:56 2013]  Exit: Timelimit hit.
[Tue Dec 31 20:16:48 2013]  ClientConnect: 0
[Tue Dec 31 20:16:48 2013]  mlog:Player ICE, connected. With IP - 93.79.154.128:29070 
[Tue Dec 31 20:16:57 2013]  ClientBegin: 0
[Tue Dec 31 20:17:04 2013]  ShutdownGame:
[Tue Dec 31 20:17:04 2013]  ------------------------------------------------------------
[Tue Dec 31 20:17:04 2013]  ------------------------------------------------------------
[Tue Dec 31 20:17:04 2013]  InitGame: \g_siegeTeam2\none\g_siegeTeam1\none\g_jediVmerc\0\g_maxGameClients\0\g_noSpecMove\0\g_debugMelee\1\g_siegeRespawn\20\g_siegeTeamSwitch\1\g_forceRegenTime\0\g_forcePowerDisable\0\g_weaponDisable\0\g_allowNPC\1\bot_minplayers\0\sv_allowDownload\1\sv_floodProtect\0\sv_maxPing\0\sv_minPing\0\sv_maxRate\5000\sv_maxclients\32\sv_hostname\^3Darkquake's Makermod Server\g_duelWeaponDisable\65531\g_forceBasedTeams\0\duel_fraglimit\10\g_maxForceRank\7\g_saberLocking\1\g_privateDuel\1\capturelimit\0\timelimit\120\fraglimit\0\dmflags\0\version\(internal)JAmp: v1.0.1.0 win-x86 Oct 30 2003\g_maxHolocronCarry\3\g_gametype\0\g_needpass\0\protocol\26\mapname\t2_trip\sv_privateClients\0\g_stepSlideFix\1\gamename\MakerMod\g_saberWallDamageScale\0.4\bg_fighterAltControl\0\g_showDuelHealths\0
[Tue Dec 31 20:17:06 2013]  ClientConnect: 0
[Tue Dec 31 20:17:16 2013]  ClientBegin: 0
[Tue Dec 31 20:33:00 2013]  Item: 0 weapon_blaster
[Tue Dec 31 20:33:08 2013]  Item: 0 weapon_blaster
[Tue Dec 31 20:33:49 2013]  Item: 0 weapon_blaster
[Tue Dec 31 20:50:20 2013]  ClientDisconnect: 0
[Tue Dec 31 21:13:57 2013]  ClientConnect: 0
[Tue Dec 31 21:13:57 2013]  mlog:Player ICE, connected. With IP - 93.79.154.128:29070 
[Tue Dec 31 21:14:27 2013]  ClientBegin: 0
[Tue Dec 31 21:22:28 2013]  ClientDisconnect: 0
[Tue Dec 31 22:17:03 2013]  Exit: Timelimit hit.
[Tue Dec 31 22:59:38 2013]  ClientConnect: 0
[Tue Dec 31 22:59:38 2013]  mlog:Player ^1H^7^8arms, connected. With IP - 97.127.71.81:29070 
[Tue Dec 31 22:59:52 2013]  ClientBegin: 0
[Tue Dec 31 23:00:00 2013]  ShutdownGame:
[Tue Dec 31 23:00:00 2013]  ------------------------------------------------------------
