[Tue Dec 17 11:08:01 2013]  ------------------------------------------------------------
[Tue Dec 17 11:08:01 2013]  InitGame: \dmflags\0\fraglimit\0\timelimit\120\capturelimit\0\g_privateDuel\1\g_saberLocking\1\g_maxForceRank\7\duel_fraglimit\10\g_forceBasedTeams\0\g_duelWeaponDisable\65531\sv_hostname\^3Darkquake's Makermod Server\sv_maxclients\32\sv_maxRate\5000\sv_minPing\0\sv_maxPing\0\sv_floodProtect\0\sv_allowDownload\1\bot_minplayers\0\g_allowNPC\1\g_weaponDisable\0\g_forcePowerDisable\0\g_forceRegenTime\0\g_siegeTeamSwitch\1\g_siegeRespawn\20\g_debugMelee\1\g_noSpecMove\0\g_maxGameClients\0\g_jediVmerc\0\g_siegeTeam1\none\g_siegeTeam2\none\version\(internal)JAmp: v1.0.1.0 win-x86 Oct 30 2003\g_maxHolocronCarry\3\g_gametype\0\g_needpass\0\protocol\26\mapname\mp/siege_desert\sv_privateClients\0\g_stepSlideFix\1\gamename\MakerMod\g_saberWallDamageScale\0.4\bg_fighterAltControl\0\g_showDuelHealths\0
[Tue Dec 17 11:08:02 2013]  ClientConnect: 0
[Tue Dec 17 11:08:02 2013]  ClientConnect: 1
[Tue Dec 17 11:08:14 2013]  ClientBegin: 1
[Tue Dec 17 11:08:22 2013]  ClientDisconnect: 0
[Tue Dec 17 11:08:37 2013]  ClientConnect: 0
[Tue Dec 17 11:08:37 2013]  mlog:Player ^2N^5ewcomer, connected. With IP - 178.140.38.12:29070 
[Tue Dec 17 11:08:57 2013]  ClientBegin: 0
[Tue Dec 17 11:09:11 2013]  say: ^2N^5ewcomer: ненавижу эту карту)
[Tue Dec 17 11:09:30 2013]  say: ^8ma^1xim: тогда уж не ) а ( xD
[Tue Dec 17 11:09:36 2013]  say: ^2N^5ewcomer: да пофиг)
[Tue Dec 17 11:09:43 2013]  say: ^8ma^1xim: опять )
[Tue Dec 17 11:10:39 2013]  Item: 0 weapon_melee
[Tue Dec 17 11:11:00 2013]  say: ^8ma^1xim: видишь синию
[Tue Dec 17 11:11:03 2013]  say: ^8ma^1xim: херь
[Tue Dec 17 11:11:09 2013]  Kill: 0 0 39: ^2N^5ewcomer killed ^2N^5ewcomer by MOD_SUICIDE
[Tue Dec 17 11:11:09 2013]  setteam:  0 FREE SPECTATOR
[Tue Dec 17 11:11:09 2013]  ClientBegin: 0
[Tue Dec 17 11:11:13 2013]  say: ^2N^5ewcomer: угу
[Tue Dec 17 11:11:47 2013]  say: ^8ma^1xim: у меня костюм токо буквы да?
[Tue Dec 17 11:11:54 2013]  say: ^2N^5ewcomer: fuf
[Tue Dec 17 11:11:57 2013]  say: ^2N^5ewcomer: ага
[Tue Dec 17 11:12:11 2013]  say: ^8ma^1xim: как?
[Tue Dec 17 11:12:21 2013]  say: ^8ma^1xim: ты делаешь от моего прицела
[Tue Dec 17 11:12:25 2013]  say: ^8ma^1xim: обьекты
[Tue Dec 17 11:12:33 2013]  say: ^2N^5ewcomer: xDz
[Tue Dec 17 11:13:09 2013]  say: ^2N^5ewcomer: мейкермодуль поставь)
[Tue Dec 17 11:13:16 2013]  say: ^8ma^1xim: это где?
[Tue Dec 17 11:13:35 2013]  say: ^2N^5ewcomer: я тебе ссылку в вк кину)
[Tue Dec 17 11:13:39 2013]  say: ^8ma^1xim: ок
[Tue Dec 17 11:13:41 2013]  ClientDisconnect: 1
[Tue Dec 17 11:13:48 2013]  setteam:  0 SPECTATOR FREE
[Tue Dec 17 11:13:48 2013]  ClientBegin: 0
[Tue Dec 17 11:13:49 2013]  say: ^2N^5ewcomer: ^5Maker^7Module ^3Client Plugin ^2v0.61a
[Tue Dec 17 11:14:01 2013]  Item: 0 weapon_melee
[Tue Dec 17 11:17:00 2013]  say: ^2N^5ewcomer: ^1Hell ^3fire ^7script by ^2N^5ewcomer
[Tue Dec 17 11:19:32 2013]  ClientConnect: 1
[Tue Dec 17 11:19:32 2013]  mlog:Player ^8ma^1xim, connected. With IP - 46.39.248.67:18904 
[Tue Dec 17 11:19:51 2013]  ClientBegin: 1
[Tue Dec 17 11:20:06 2013]  say: ^8ma^1xim: я для генерации
[Tue Dec 17 11:20:09 2013]  say: ^8ma^1xim: скачал
[Tue Dec 17 11:20:16 2013]  say: ^8ma^1xim: переместил в папку makermodd
[Tue Dec 17 11:20:21 2013]  say: ^2N^5ewcomer: да неее
[Tue Dec 17 11:20:24 2013]  say: ^2N^5ewcomer: блин)
[Tue Dec 17 11:20:31 2013]  say: ^2N^5ewcomer: для генерации это другое)
[Tue Dec 17 11:20:31 2013]  say: ^8ma^1xim: ну который ты мне позавчера
[Tue Dec 17 11:20:36 2013]  say: ^2N^5ewcomer: потом объясню)
[Tue Dec 17 11:20:37 2013]  say: ^8ma^1xim: скинул
[Tue Dec 17 11:21:03 2013]  say: ^2N^5ewcomer: для генерации - это совсем другое, его не надо в папку)
[Tue Dec 17 11:21:10 2013]  say: ^8ma^1xim: base
[Tue Dec 17 11:21:12 2013]  say: ^8ma^1xim: ?
[Tue Dec 17 11:21:15 2013]  say: ^2N^5ewcomer: не
[Tue Dec 17 11:21:17 2013]  say: ^2N^5ewcomer: не надо)
[Tue Dec 17 11:21:19 2013]  say: ^8ma^1xim: а кужа?
[Tue Dec 17 11:21:34 2013]  say: ^2N^5ewcomer: у тебя какой браузер?
[Tue Dec 17 11:21:41 2013]  say: ^8ma^1xim: мозилка
[Tue Dec 17 11:21:58 2013]  say: ^2N^5ewcomer: ладно, потом объясню) он не доделан немножко
[Tue Dec 17 11:22:06 2013]  say: ^2N^5ewcomer: модуль поставил?)
[Tue Dec 17 11:22:13 2013]  say: ^8ma^1xim: наверно скачалось
[Tue Dec 17 11:22:15 2013]  ClientDisconnect: 1
[Tue Dec 17 11:22:59 2013]  ClientConnect: 1
[Tue Dec 17 11:22:59 2013]  mlog:Player ^8ma^1xim, connected. With IP - 46.39.248.67:18904 
[Tue Dec 17 11:23:18 2013]  ClientBegin: 1
[Tue Dec 17 11:23:22 2013]  say: ^8ma^1xim: ecn
[Tue Dec 17 11:23:23 2013]  say: ^8ma^1xim: утс
[Tue Dec 17 11:23:29 2013]  say: ^8ma^1xim: помистил в base
[Tue Dec 17 11:23:32 2013]  say: ^8ma^1xim: далее?
[Tue Dec 17 11:23:46 2013]  say: ^8ma^1xim: але
[Tue Dec 17 11:24:09 2013]  say: ^2N^5ewcomer: не
[Tue Dec 17 11:24:13 2013]  say: ^8ma^1xim: че
[Tue Dec 17 11:24:16 2013]  say: ^8ma^1xim: ????
[Tue Dec 17 11:24:18 2013]  say: ^2N^5ewcomer: ну наведи куда-нибудь прицел
[Tue Dec 17 11:24:26 2013]  say: ^2N^5ewcomer: и набери  telet
[Tue Dec 17 11:24:27 2013]  say: ^8ma^1xim: ага
[Tue Dec 17 11:24:39 2013]  say: ^8ma^1xim: ничего
[Tue Dec 17 11:24:46 2013]  say: ^8ma^1xim: может /mtelet ?
[Tue Dec 17 11:24:47 2013]  say: ^2N^5ewcomer: видишь, значит что-то не то)
[Tue Dec 17 11:24:49 2013]  say: ^2N^5ewcomer: не
[Tue Dec 17 11:24:53 2013]  say: ^2N^5ewcomer: именно telt
[Tue Dec 17 11:24:57 2013]  say: ^2N^5ewcomer: * telet
[Tue Dec 17 11:25:10 2013]  say: ^2N^5ewcomer: а теперь смотри, я наберу
[Tue Dec 17 11:25:15 2013]  say: ^8ma^1xim: что нито?
[Tue Dec 17 11:25:25 2013]  say: ^8ma^1xim: а чо?
[Tue Dec 17 11:25:29 2013]  say: ^8ma^1xim: я скачал
[Tue Dec 17 11:25:31 2013]  say: ^8ma^1xim: и все
[Tue Dec 17 11:25:38 2013]  say: ^2N^5ewcomer: так-с
[Tue Dec 17 11:25:40 2013]  say: ^2N^5ewcomer: секунду
[Tue Dec 17 11:25:43 2013]  say: ^8ma^1xim: в 
[Tue Dec 17 11:25:49 2013]  say: ^8ma^1xim: басе поместил
[Tue Dec 17 11:25:58 2013]  say: ^2N^5ewcomer: в base поместил?
[Tue Dec 17 11:26:01 2013]  say: ^8ma^1xim: да
[Tue Dec 17 11:26:04 2013]  say: ^2N^5ewcomer: игру перезагрузил?
[Tue Dec 17 11:26:07 2013]  say: ^8ma^1xim: да
[Tue Dec 17 11:26:33 2013]  say: ^2N^5ewcomer: а у тебя есть Maekrmod Client Plugin?
[Tue Dec 17 11:26:36 2013]  say: ^8ma^1xim: неа
[Tue Dec 17 11:26:44 2013]  say: ^2N^5ewcomer: мож, из-за него?)
[Tue Dec 17 11:26:50 2013]  say: ^8ma^1xim: у меня нету
[Tue Dec 17 11:26:51 2013]  say: ^2N^5ewcomer: сейчас, подожди секунду
[Tue Dec 17 11:26:51 2013]  say: ^8ma^1xim: его
[Tue Dec 17 11:29:08 2013]  say: ^8ma^1xim: НУ ЧЕ?
[Tue Dec 17 11:29:14 2013]  say: ^8ma^1xim: МНЕ УХОДИТЬ ЧЕРЕЗ 10 МИН
[Tue Dec 17 11:29:42 2013]  say: ^8ma^1xim: ну
[Tue Dec 17 11:29:44 2013]  say: ^2N^5ewcomer: лови ссылку в вк)
[Tue Dec 17 11:29:51 2013]  ClientDisconnect: 1
[Tue Dec 17 11:33:32 2013]  say: ^2N^5ewcomer: ^1Hell ^3fire ^7script by ^2N^5ewcomer
[Tue Dec 17 11:33:44 2013]  ClientConnect: 1
[Tue Dec 17 11:33:44 2013]  mlog:Player ^8ma^1xim, connected. With IP - 46.39.248.67:-29787 
[Tue Dec 17 11:34:04 2013]  ClientBegin: 1
[Tue Dec 17 11:34:12 2013]  say: ^8ma^1xim: ep
[Tue Dec 17 11:34:16 2013]  say: ^8ma^1xim: a
[Tue Dec 17 11:34:18 2013]  ClientDisconnect: 1
[Tue Dec 17 11:34:52 2013]  ClientConnect: 1
[Tue Dec 17 11:34:52 2013]  mlog:Player ^8ma^1xim, connected. With IP - 46.39.248.67:-29787 
[Tue Dec 17 11:35:11 2013]  ClientBegin: 1
[Tue Dec 17 11:35:28 2013]  say: ^8ma^1xim: fuf
[Tue Dec 17 11:35:30 2013]  say: ^8ma^1xim: ага
[Tue Dec 17 11:35:31 2013]  say: ^8ma^1xim: все
[Tue Dec 17 11:35:52 2013]  say: ^8ma^1xim: ну щя че?
[Tue Dec 17 11:36:17 2013]  say: ^8ma^1xim: АЛЛЕ?
[Tue Dec 17 11:37:03 2013]  say: ^8ma^1xim: АЛЛЕ
[Tue Dec 17 11:37:06 2013]  say: ^8ma^1xim: ТЫ ГДЕ?
[Tue Dec 17 11:37:08 2013]  say: ^8ma^1xim: ЕБАТЬ
[Tue Dec 17 11:37:14 2013]  say: ^8ma^1xim: Я УХОЖУ ЧЕРЕЗ 5 МИН
[Tue Dec 17 11:37:50 2013]  Kill: 1022 1 39: <world> killed ^8ma^1xim by MOD_SUICIDE
[Tue Dec 17 11:38:05 2013]  ClientDisconnect: 0
[Tue Dec 17 11:38:17 2013]  ClientDisconnect: 1
[Tue Dec 17 13:07:59 2013]  Exit: Timelimit hit.
[Tue Dec 17 16:15:48 2013]  ClientConnect: 0
[Tue Dec 17 16:15:48 2013]  mlog:Player ^8ma^1xim, connected. With IP - 46.39.248.67:7383 
[Tue Dec 17 16:16:01 2013]  ClientBegin: 0
[Tue Dec 17 16:16:15 2013]  ShutdownGame:
[Tue Dec 17 16:16:15 2013]  ------------------------------------------------------------
[Tue Dec 17 16:16:15 2013]  ------------------------------------------------------------
[Tue Dec 17 16:16:15 2013]  InitGame: \dmflags\0\fraglimit\0\timelimit\120\capturelimit\0\g_privateDuel\1\g_saberLocking\1\g_maxForceRank\7\duel_fraglimit\10\g_forceBasedTeams\0\g_duelWeaponDisable\65531\sv_hostname\^3Darkquake's Makermod Server\sv_maxclients\32\sv_maxRate\5000\sv_minPing\0\sv_maxPing\0\sv_floodProtect\0\sv_allowDownload\1\bot_minplayers\0\g_allowNPC\1\g_weaponDisable\0\g_forcePowerDisable\0\g_forceRegenTime\0\g_siegeTeamSwitch\1\g_siegeRespawn\20\g_debugMelee\1\g_noSpecMove\0\g_maxGameClients\0\g_jediVmerc\0\g_siegeTeam1\none\g_siegeTeam2\none\version\(internal)JAmp: v1.0.1.0 win-x86 Oct 30 2003\g_maxHolocronCarry\3\g_gametype\0\g_needpass\0\protocol\26\mapname\t2_trip\sv_privateClients\0\g_stepSlideFix\1\gamename\MakerMod\g_saberWallDamageScale\0.4\bg_fighterAltControl\0\g_showDuelHealths\0
[Tue Dec 17 16:16:17 2013]  ClientConnect: 0
[Tue Dec 17 16:16:26 2013]  ClientBegin: 0
[Tue Dec 17 16:18:49 2013]  ClientDisconnect: 0
[Tue Dec 17 16:39:13 2013]  ------------------------------------------------------------
[Tue Dec 17 16:39:13 2013]  InitGame: \g_siegeTeam2\none\g_siegeTeam1\none\g_jediVmerc\0\g_maxGameClients\0\g_noSpecMove\0\g_debugMelee\1\g_siegeRespawn\20\g_siegeTeamSwitch\1\g_forceRegenTime\1\g_forcePowerDisable\0\g_weaponDisable\0\g_allowNPC\1\sv_allowDownload\1\sv_floodProtect\0\sv_maxPing\0\sv_minPing\0\sv_maxRate\5000\sv_maxclients\32\sv_hostname\^3Darkquake's Makermod Server\g_duelWeaponDisable\65531\g_forceBasedTeams\0\duel_fraglimit\10\g_maxForceRank\7\g_saberLocking\1\g_privateDuel\1\capturelimit\0\timelimit\120\fraglimit\0\dmflags\0\version\(internal)JAmp: v1.0.1.0 win-x86 Oct 30 2003\g_maxHolocronCarry\3\g_gametype\0\g_needpass\0\protocol\26\mapname\t2_trip\sv_privateClients\0\g_stepSlideFix\1\gamename\MakerMod\g_saberWallDamageScale\0.4\bg_fighterAltControl\0\g_showDuelHealths\0
[Tue Dec 17 19:00:55 2013]  ------------------------------------------------------------
[Tue Dec 17 19:00:55 2013]  InitGame: \dmflags\0\fraglimit\0\timelimit\120\capturelimit\0\g_privateDuel\1\g_saberLocking\1\g_maxForceRank\7\duel_fraglimit\10\g_forceBasedTeams\0\g_duelWeaponDisable\65531\sv_hostname\^3Darkquake's Makermod Server\sv_maxclients\32\sv_maxRate\5000\sv_minPing\0\sv_maxPing\0\sv_floodProtect\0\sv_allowDownload\1\g_allowNPC\1\g_weaponDisable\0\g_forcePowerDisable\0\g_forceRegenTime\1\g_siegeTeamSwitch\1\g_siegeRespawn\20\g_debugMelee\1\g_noSpecMove\0\g_maxGameClients\0\g_jediVmerc\0\g_siegeTeam1\none\g_siegeTeam2\none\version\(internal)JAmp: v1.0.1.0 win-x86 Oct 30 2003\g_maxHolocronCarry\3\g_gametype\0\g_needpass\0\protocol\26\mapname\t2_trip\sv_privateClients\0\g_stepSlideFix\1\gamename\MakerMod\g_saberWallDamageScale\0.4\bg_fighterAltControl\0\g_showDuelHealths\0
[Tue Dec 17 19:24:33 2013]  ClientConnect: 0
[Tue Dec 17 19:24:33 2013]  mlog:Player ^0РаrkQµаkи, connected. With IP - 192.168.1.3:29071 
[Tue Dec 17 19:25:01 2013]  ClientBegin: 0
[Tue Dec 17 19:25:44 2013]  Kill: 0 0 36: ^0РаrkQµаkи killed ^0РаrkQµаkи by MOD_CRUSH
[Tue Dec 17 19:26:04 2013]  Kill: 0 0 36: ^0РаrkQµаkи killed ^0РаrkQµаkи by MOD_CRUSH
[Tue Dec 17 19:27:52 2013]  ClientDisconnect: 0
[Tue Dec 17 21:00:49 2013]  Exit: Timelimit hit.
[Wed Dec 18 05:17:55 2013]  ClientConnect: 0
[Wed Dec 18 05:17:55 2013]  mlog:Player A39QO30, connected. With IP - 71.175.183.20:29070 
[Wed Dec 18 05:18:36 2013]  ClientBegin: 0
[Wed Dec 18 05:19:37 2013]  ShutdownGame:
[Wed Dec 18 05:19:37 2013]  ------------------------------------------------------------
