[Fri Dec 06 08:47:00 2013]  ------------------------------------------------------------
[Fri Dec 06 08:47:00 2013]  InitGame: \g_siegeTeam2\none\g_siegeTeam1\none\g_jediVmerc\0\g_maxGameClients\0\g_noSpecMove\0\g_debugMelee\1\g_siegeRespawn\20\g_siegeTeamSwitch\1\g_forceRegenTime\0\g_forcePowerDisable\0\g_weaponDisable\0\g_allowNPC\1\bot_minplayers\0\sv_allowDownload\1\sv_floodProtect\0\sv_maxPing\0\sv_minPing\0\sv_maxRate\5000\sv_maxclients\32\sv_hostname\^3Darkquake's Makermod Server\g_duelWeaponDisable\65531\g_forceBasedTeams\0\duel_fraglimit\10\g_maxForceRank\7\g_saberLocking\1\g_privateDuel\1\capturelimit\0\timelimit\120\fraglimit\0\dmflags\0\version\(internal)JAmp: v1.0.1.0 win-x86 Oct 30 2003\g_maxHolocronCarry\3\g_gametype\0\g_needpass\0\protocol\26\mapname\mp/siege_desert\sv_privateClients\0\g_stepSlideFix\1\gamename\MakerMod\g_saberWallDamageScale\0.4\bg_fighterAltControl\0\g_showDuelHealths\0
[Fri Dec 06 08:47:01 2013]  ClientConnect: 0
[Fri Dec 06 08:47:07 2013]  ClientBegin: 0
[Fri Dec 06 08:49:15 2013]  ClientDisconnect: 0
[Fri Dec 06 10:46:58 2013]  Exit: Timelimit hit.
[Fri Dec 06 13:42:54 2013]  ClientConnect: 0
[Fri Dec 06 13:42:54 2013]  mlog:Player ^4S^0H^4E^0T, connected. With IP - 213.251.207.113:-7872 
[Fri Dec 06 13:43:07 2013]  ClientBegin: 0
[Fri Dec 06 13:43:10 2013]  ClientDisconnect: 0
[Fri Dec 06 14:08:19 2013]  ClientConnect: 0
[Fri Dec 06 14:08:19 2013]  mlog:Player ^0ÐàrkQµàkè, connected. With IP - 192.168.1.3:29071 
[Fri Dec 06 14:08:40 2013]  ClientBegin: 0
[Fri Dec 06 14:08:46 2013]  ShutdownGame:
[Fri Dec 06 14:08:46 2013]  ------------------------------------------------------------
[Fri Dec 06 14:08:47 2013]  ------------------------------------------------------------
[Fri Dec 06 14:08:47 2013]  InitGame: \g_siegeTeam2\none\g_siegeTeam1\none\g_jediVmerc\0\g_maxGameClients\0\g_noSpecMove\0\g_debugMelee\1\g_siegeRespawn\20\g_siegeTeamSwitch\1\g_forceRegenTime\0\g_forcePowerDisable\0\g_weaponDisable\0\g_allowNPC\1\bot_minplayers\0\sv_allowDownload\1\sv_floodProtect\0\sv_maxPing\0\sv_minPing\0\sv_maxRate\5000\sv_maxclients\32\sv_hostname\^3Darkquake's Makermod Server\g_duelWeaponDisable\65531\g_forceBasedTeams\0\duel_fraglimit\10\g_maxForceRank\7\g_saberLocking\1\g_privateDuel\1\capturelimit\0\timelimit\120\fraglimit\0\dmflags\0\version\(internal)JAmp: v1.0.1.0 win-x86 Oct 30 2003\g_maxHolocronCarry\3\g_gametype\0\g_needpass\0\protocol\26\mapname\t2_trip\sv_privateClients\0\g_stepSlideFix\1\gamename\MakerMod\g_saberWallDamageScale\0.4\bg_fighterAltControl\0\g_showDuelHealths\0
[Fri Dec 06 14:08:49 2013]  ClientConnect: 0
[Fri Dec 06 14:09:08 2013]  ClientBegin: 0
[Fri Dec 06 14:09:58 2013]  ClientConnect: 1
[Fri Dec 06 14:09:58 2013]  mlog:Player ^4S^0H^4E^0T, connected. With IP - 213.251.207.113:-15061 
[Fri Dec 06 14:10:08 2013]  ClientBegin: 1
[Fri Dec 06 14:10:18 2013]  Kill: 0 1 0: ^0ÐàrkQµàkè killed ^4S^0H^4E^0T by MOD_UNKNOWN
[Fri Dec 06 14:11:50 2013]  ClientDisconnect: 0
[Fri Dec 06 14:14:24 2013]  ClientDisconnect: 1
[Fri Dec 06 15:33:20 2013]  ClientConnect: 0
[Fri Dec 06 15:33:20 2013]  mlog:Player ^4S^0H^4E^0T, connected. With IP - 213.251.207.113:-9730 
[Fri Dec 06 15:33:39 2013]  ClientBegin: 0
[Fri Dec 06 15:33:46 2013]  ClientDisconnect: 0
[Fri Dec 06 16:06:09 2013]  ClientConnect: 0
[Fri Dec 06 16:06:09 2013]  mlog:Player Timkaa, connected. With IP - 37.115.111.62:29070 
[Fri Dec 06 16:06:30 2013]  ClientBegin: 0
[Fri Dec 06 16:06:51 2013]  ClientDisconnect: 0
[Fri Dec 06 16:08:46 2013]  Exit: Timelimit hit.
[Fri Dec 06 16:56:11 2013]  ClientConnect: 0
[Fri Dec 06 16:56:11 2013]  mlog:Player ^4S^0H^4E^0T, connected. With IP - 213.251.207.113:-11453 
[Fri Dec 06 16:56:30 2013]  ClientBegin: 0
[Fri Dec 06 16:56:34 2013]  ClientDisconnect: 0
[Sat Dec 07 07:40:25 2013]  ClientConnect: 0
[Sat Dec 07 07:40:25 2013]  mlog:Player ^4S^0H^4E^0T, connected. With IP - 213.251.207.113:-11148 
[Sat Dec 07 07:43:46 2013]  ClientDisconnect: 0
[Sat Dec 07 17:02:33 2013]  ClientConnect: 0
[Sat Dec 07 17:02:33 2013]  mlog:Player ^4S^0H^4E^0T, connected. With IP - 213.251.207.113:-1972 
[Sat Dec 07 17:02:43 2013]  say: ^4S^0H^4E^0T: weapnext
[Sat Dec 07 17:02:43 2013]  say: ^4S^0H^4E^0T: weapnext
[Sat Dec 07 17:02:43 2013]  say: ^4S^0H^4E^0T: weapnext
[Sat Dec 07 17:02:43 2013]  say: ^4S^0H^4E^0T: weapnext
[Sat Dec 07 17:02:43 2013]  say: ^4S^0H^4E^0T: weapnext
[Sat Dec 07 17:02:43 2013]  say: ^4S^0H^4E^0T: weapnext
[Sat Dec 07 17:02:43 2013]  say: ^4S^0H^4E^0T: weapprev
[Sat Dec 07 17:02:43 2013]  say: ^4S^0H^4E^0T: weapnext
[Sat Dec 07 17:02:43 2013]  say: ^4S^0H^4E^0T: weapnext
[Sat Dec 07 17:02:43 2013]  say: ^4S^0H^4E^0T: weapnext
[Sat Dec 07 17:02:43 2013]  say: ^4S^0H^4E^0T: weapnext
[Sat Dec 07 17:02:43 2013]  say: ^4S^0H^4E^0T: weapnext
[Sat Dec 07 17:02:43 2013]  say: ^4S^0H^4E^0T: weapnext
[Sat Dec 07 17:02:43 2013]  say: ^4S^0H^4E^0T: weapprev
[Sat Dec 07 17:02:43 2013]  say: ^4S^0H^4E^0T: weapnext
[Sat Dec 07 17:02:43 2013]  say: ^4S^0H^4E^0T: weapnext
[Sat Dec 07 17:02:43 2013]  say: ^4S^0H^4E^0T: weapnext
[Sat Dec 07 17:02:43 2013]  say: ^4S^0H^4E^0T: weapnext
[Sat Dec 07 17:02:43 2013]  say: ^4S^0H^4E^0T: weapnext
[Sat Dec 07 17:02:43 2013]  say: ^4S^0H^4E^0T: weapnext
[Sat Dec 07 17:02:43 2013]  say: ^4S^0H^4E^0T: weapnext
[Sat Dec 07 17:02:43 2013]  say: ^4S^0H^4E^0T: weapnext
[Sat Dec 07 17:02:43 2013]  say: ^4S^0H^4E^0T: weapnext
[Sat Dec 07 17:02:43 2013]  say: ^4S^0H^4E^0T: weapnext
[Sat Dec 07 17:02:43 2013]  say: ^4S^0H^4E^0T: weapnext
[Sat Dec 07 17:02:43 2013]  say: ^4S^0H^4E^0T: weapnext
[Sat Dec 07 17:02:43 2013]  say: ^4S^0H^4E^0T: weapprev
[Sat Dec 07 17:02:43 2013]  say: ^4S^0H^4E^0T: weapnext
[Sat Dec 07 17:02:43 2013]  say: ^4S^0H^4E^0T: weapnext
[Sat Dec 07 17:02:43 2013]  say: ^4S^0H^4E^0T: weapnext
[Sat Dec 07 17:02:43 2013]  say: ^4S^0H^4E^0T: weapnext
[Sat Dec 07 17:02:43 2013]  say: ^4S^0H^4E^0T: weapnext
[Sat Dec 07 17:02:43 2013]  say: ^4S^0H^4E^0T: weapnext
[Sat Dec 07 17:02:43 2013]  ClientBegin: 0
[Sat Dec 07 17:02:50 2013]  ClientDisconnect: 0
[Sat Dec 07 17:20:16 2013]  ClientConnect: 0
[Sat Dec 07 17:20:16 2013]  mlog:Player ^4S^0H^4E^0T, connected. With IP - 213.251.207.113:-4521 
[Sat Dec 07 17:20:24 2013]  ClientBegin: 0
[Sat Dec 07 17:20:26 2013]  ClientDisconnect: 0
[Sun Dec 08 05:48:27 2013]  ClientConnect: 0
[Sun Dec 08 05:48:27 2013]  mlog:Player ^1Fl^3a^1sh, connected. With IP - 70.58.116.85:29070 
[Sun Dec 08 05:49:05 2013]  ClientBegin: 0
[Sun Dec 08 05:49:11 2013]  ShutdownGame:
[Sun Dec 08 05:49:11 2013]  ------------------------------------------------------------
