[Sun Dec 08 05:49:13 2013]  ------------------------------------------------------------
[Sun Dec 08 05:49:13 2013]  InitGame: \g_siegeTeam2\none\g_siegeTeam1\none\g_jediVmerc\0\g_maxGameClients\0\g_noSpecMove\0\g_debugMelee\1\g_siegeRespawn\20\g_siegeTeamSwitch\1\g_forceRegenTime\0\g_forcePowerDisable\0\g_weaponDisable\0\g_allowNPC\1\bot_minplayers\0\sv_allowDownload\1\sv_floodProtect\0\sv_maxPing\0\sv_minPing\0\sv_maxRate\5000\sv_maxclients\32\sv_hostname\^3Darkquake's Makermod Server\g_duelWeaponDisable\65531\g_forceBasedTeams\0\duel_fraglimit\10\g_maxForceRank\7\g_saberLocking\1\g_privateDuel\1\capturelimit\0\timelimit\120\fraglimit\0\dmflags\0\version\(internal)JAmp: v1.0.1.0 win-x86 Oct 30 2003\g_maxHolocronCarry\3\g_gametype\0\g_needpass\0\protocol\26\mapname\mp/siege_desert\sv_privateClients\0\g_stepSlideFix\1\gamename\MakerMod\g_saberWallDamageScale\0.4\bg_fighterAltControl\0\g_showDuelHealths\0
[Sun Dec 08 05:49:14 2013]  ClientConnect: 0
[Sun Dec 08 05:49:40 2013]  ClientBegin: 0
[Sun Dec 08 05:50:29 2013]  say: Flash: mmerc
[Sun Dec 08 05:52:42 2013]  Kill: 0 0 39: Flash killed Flash by MOD_SUICIDE
[Sun Dec 08 05:57:50 2013]  ClientDisconnect: 0
[Sun Dec 08 07:49:11 2013]  Exit: Timelimit hit.
[Sun Dec 08 16:23:28 2013]  ClientConnect: 0
[Sun Dec 08 16:23:28 2013]  mlog:Player Padawan, connected. With IP - 80.80.134.116:29070 
[Sun Dec 08 16:23:58 2013]  ClientBegin: 0
[Sun Dec 08 16:24:51 2013]  ShutdownGame:
[Sun Dec 08 16:24:51 2013]  ------------------------------------------------------------
[Sun Dec 08 16:24:52 2013]  ------------------------------------------------------------
[Sun Dec 08 16:24:52 2013]  InitGame: \g_siegeTeam2\none\g_siegeTeam1\none\g_jediVmerc\0\g_maxGameClients\0\g_noSpecMove\0\g_debugMelee\1\g_siegeRespawn\20\g_siegeTeamSwitch\1\g_forceRegenTime\0\g_forcePowerDisable\0\g_weaponDisable\0\g_allowNPC\1\bot_minplayers\0\sv_allowDownload\1\sv_floodProtect\0\sv_maxPing\0\sv_minPing\0\sv_maxRate\5000\sv_maxclients\32\sv_hostname\^3Darkquake's Makermod Server\g_duelWeaponDisable\65531\g_forceBasedTeams\0\duel_fraglimit\10\g_maxForceRank\7\g_saberLocking\1\g_privateDuel\1\capturelimit\0\timelimit\120\fraglimit\0\dmflags\0\version\(internal)JAmp: v1.0.1.0 win-x86 Oct 30 2003\g_maxHolocronCarry\3\g_gametype\0\g_needpass\0\protocol\26\mapname\t2_trip\sv_privateClients\0\g_stepSlideFix\1\gamename\MakerMod\g_saberWallDamageScale\0.4\bg_fighterAltControl\0\g_showDuelHealths\0
[Sun Dec 08 16:24:54 2013]  ClientConnect: 0
[Sun Dec 08 16:25:18 2013]  ClientBegin: 0
[Sun Dec 08 16:38:20 2013]  ClientConnect: 1
[Sun Dec 08 16:38:20 2013]  mlog:Player ^1Cravter-^8^3maxim, connected. With IP - 46.39.248.67:19163 
[Sun Dec 08 16:38:39 2013]  ClientBegin: 1
[Sun Dec 08 16:38:47 2013]  say: ^8Ki^4as: hi
[Sun Dec 08 16:38:52 2013]  say: ^8Ki^4as: privet
[Sun Dec 08 16:39:14 2013]  say: ^8Ki^4as: type T english this is chat
[Sun Dec 08 16:40:40 2013]  ClientDisconnect: 1
[Sun Dec 08 17:40:28 2013]  ClientConnect: 1
[Sun Dec 08 17:40:28 2013]  mlog:Player ^1Cravter-^8^3maxim, connected. With IP - 46.39.248.67:-21533 
[Sun Dec 08 17:40:37 2013]  ClientBegin: 1
[Sun Dec 08 17:40:44 2013]  say: ^8Ki^4as: hi
[Sun Dec 08 17:41:08 2013]  say: ^8Ki^4as: My origin is: (-6406 -20968 1481) - You can teleport here with /mtelelast

[Sun Dec 08 17:41:11 2013]  ClientDisconnect: 1
[Sun Dec 08 18:22:02 2013]  ClientDisconnect: 0
[Sun Dec 08 18:24:50 2013]  Exit: Timelimit hit.
[Mon Dec 09 14:37:25 2013]  ClientConnect: 0
[Mon Dec 09 14:37:25 2013]  mlog:Player ^4S^0H^4E^0T, connected. With IP - 213.251.207.113:-6648 
[Mon Dec 09 14:37:34 2013]  say: ^4S^0H^4E^0T: weapnext
[Mon Dec 09 14:37:34 2013]  say: ^4S^0H^4E^0T: weapprev
[Mon Dec 09 14:37:34 2013]  say: ^4S^0H^4E^0T: weapnext
[Mon Dec 09 14:37:34 2013]  ClientBegin: 0
[Mon Dec 09 14:37:39 2013]  ClientDisconnect: 0
