[Tue Mar 04 11:39:28 2014]  ------------------------------------------------------------
[Tue Mar 04 11:39:28 2014]  InitGame: \g_siegeTeam2\none\g_siegeTeam1\none\g_jediVmerc\0\g_maxGameClients\0\g_noSpecMove\0\g_debugMelee\1\g_siegeRespawn\20\g_siegeTeamSwitch\1\g_forceRegenTime\0\g_forcePowerDisable\0\g_weaponDisable\0\g_allowNPC\1\bot_minplayers\0\sv_allowDownload\1\sv_floodProtect\0\sv_maxPing\0\sv_minPing\0\sv_maxRate\5000\sv_maxclients\32\sv_hostname\^3Darkquake's Makermod Server\g_duelWeaponDisable\65531\g_forceBasedTeams\0\duel_fraglimit\10\g_maxForceRank\7\g_saberLocking\1\g_privateDuel\1\capturelimit\0\timelimit\120\fraglimit\0\dmflags\0\version\(internal)JAmp: v1.0.1.0 win-x86 Oct 30 2003\g_maxHolocronCarry\3\g_gametype\0\g_needpass\0\protocol\26\mapname\t2_trip\sv_privateClients\0\g_stepSlideFix\1\gamename\MakerMod\g_saberWallDamageScale\0.4\bg_fighterAltControl\0\g_showDuelHealths\0
[Tue Mar 04 11:39:30 2014]  ClientConnect: 0
[Tue Mar 04 11:40:05 2014]  ClientBegin: 0
[Tue Mar 04 11:42:11 2014]  say: ^1S^0ion: My origin is: (-6438 -20771 1483) - You can teleport here with /mtelelast

[Tue Mar 04 11:43:18 2014]  say: ^1S^0ion: My origin is: (-5662 -20703 1483) - You can teleport here with /mtelelast

[Tue Mar 04 11:51:36 2014]  Item: 0 ammo_all
[Tue Mar 04 11:52:45 2014]  say: ^1S^0ion: My origin is: (-5584 -19608 1495) - You can teleport here with /mtelelast

[Tue Mar 04 11:53:59 2014]  Kill: 0 0 39: ^1S^0ion killed ^1S^0ion by MOD_SUICIDE
[Tue Mar 04 11:56:05 2014]  ClientDisconnect: 0
[Tue Mar 04 13:39:27 2014]  Exit: Timelimit hit.
[Tue Mar 04 13:49:02 2014]  ClientConnect: 0
[Tue Mar 04 13:49:02 2014]  mlog:Player Padawan, connected. With IP - 2.94.143.190:29070 
[Tue Mar 04 13:49:36 2014]  ClientBegin: 0
[Tue Mar 04 13:50:09 2014]  ShutdownGame:
[Tue Mar 04 13:50:09 2014]  ------------------------------------------------------------
[Tue Mar 04 13:50:10 2014]  ------------------------------------------------------------
[Tue Mar 04 13:50:10 2014]  InitGame: \g_siegeTeam2\none\g_siegeTeam1\none\g_jediVmerc\0\g_maxGameClients\0\g_noSpecMove\0\g_debugMelee\1\g_siegeRespawn\20\g_siegeTeamSwitch\1\g_forceRegenTime\0\g_forcePowerDisable\0\g_weaponDisable\0\g_allowNPC\1\bot_minplayers\0\sv_allowDownload\1\sv_floodProtect\0\sv_maxPing\0\sv_minPing\0\sv_maxRate\5000\sv_maxclients\32\sv_hostname\^3Darkquake's Makermod Server\g_duelWeaponDisable\65531\g_forceBasedTeams\0\duel_fraglimit\10\g_maxForceRank\7\g_saberLocking\1\g_privateDuel\1\capturelimit\0\timelimit\120\fraglimit\0\dmflags\0\version\(internal)JAmp: v1.0.1.0 win-x86 Oct 30 2003\g_maxHolocronCarry\3\g_gametype\0\g_needpass\0\protocol\26\mapname\mp/siege_desert\sv_privateClients\0\g_stepSlideFix\1\gamename\MakerMod\g_saberWallDamageScale\0.4\bg_fighterAltControl\0\g_showDuelHealths\0
[Tue Mar 04 13:50:10 2014]  ClientConnect: 0
[Tue Mar 04 13:50:35 2014]  ClientBegin: 0
[Tue Mar 04 13:52:27 2014]  ClientDisconnect: 0
[Tue Mar 04 15:50:09 2014]  Exit: Timelimit hit.
[Wed Mar 05 13:35:58 2014]  ClientConnect: 0
[Wed Mar 05 13:35:58 2014]  mlog:Player ///, connected. With IP - 95.83.110.18:29070 
[Wed Mar 05 13:36:28 2014]  ClientConnect: 1
[Wed Mar 05 13:36:28 2014]  mlog:Player Anonymous, connected. With IP - 178.124.104.92:-5872 
[Wed Mar 05 13:36:38 2014]  ClientBegin: 0
[Wed Mar 05 13:36:43 2014]  ShutdownGame:
[Wed Mar 05 13:36:43 2014]  ------------------------------------------------------------
