[Fri Mar 07 17:28:44 2014]  ------------------------------------------------------------
[Fri Mar 07 17:28:44 2014]  InitGame: \dmflags\0\fraglimit\0\timelimit\120\capturelimit\0\g_privateDuel\1\g_saberLocking\1\g_maxForceRank\7\duel_fraglimit\10\g_forceBasedTeams\0\g_duelWeaponDisable\65531\sv_hostname\^3Darkquake's Makermod Server\sv_maxclients\32\sv_maxRate\5000\sv_minPing\0\sv_maxPing\0\sv_floodProtect\0\sv_allowDownload\1\bot_minplayers\0\g_allowNPC\1\g_weaponDisable\0\g_forcePowerDisable\0\g_forceRegenTime\0\g_siegeTeamSwitch\1\g_siegeRespawn\20\g_debugMelee\1\g_noSpecMove\0\g_maxGameClients\0\g_jediVmerc\0\g_siegeTeam1\none\g_siegeTeam2\none\version\(internal)JAmp: v1.0.1.0 win-x86 Oct 30 2003\g_maxHolocronCarry\3\g_gametype\0\g_needpass\0\protocol\26\mapname\mp/siege_desert\sv_privateClients\0\g_stepSlideFix\1\gamename\MakerMod\g_saberWallDamageScale\0.4\bg_fighterAltControl\0\g_showDuelHealths\0
[Fri Mar 07 17:28:45 2014]  ClientConnect: 0
[Fri Mar 07 17:28:49 2014]  ClientConnect: 1
[Fri Mar 07 17:28:49 2014]  mlog:Player [ÔÝÇÝ]Sfailas, connected. With IP - 2.92.9.160:29070 
[Fri Mar 07 17:29:08 2014]  ClientBegin: 0
[Fri Mar 07 17:29:12 2014]  ClientBegin: 1
[Fri Mar 07 17:29:13 2014]  say: DISHER: ^1Boba^0Fett's ^3Ultra Utility ^7v3 ^5Beta 16 ^7- ^5U^7ltra^7-^5U^7tility^5.^7com
[Fri Mar 07 17:36:07 2014]  Kill: 1 0 3: DISHER killed ^8Noman23 by MOD_SABER
[Fri Mar 07 17:36:07 2014]  say: DISHER: ^2^7^8Noman23, ^7I killed 1287 people in total
[Fri Mar 07 17:49:35 2014]  tell: DISHER to DISHER: ^3UU ^2- ^7JA ^2Minimized
[Fri Mar 07 17:49:45 2014]  tell: DISHER to DISHER: ^3UU ^2- ^7JA ^2Restored
[Fri Mar 07 17:50:13 2014]  tell: DISHER to DISHER: ^3UU ^2- ^7JA ^2Minimized
[Fri Mar 07 17:50:48 2014]  tell: DISHER to DISHER: ^3UU ^2- ^7JA ^2Restored
[Fri Mar 07 17:52:12 2014]  tell: DISHER to DISHER: ^3UU ^2- ^7JA ^2Minimized
[Fri Mar 07 17:52:22 2014]  tell: DISHER to DISHER: ^3UU ^2- ^7JA ^2Restored
[Fri Mar 07 18:10:42 2014]  ClientDisconnect: 0
[Fri Mar 07 18:11:04 2014]  ClientDisconnect: 1
[Fri Mar 07 18:11:14 2014]  ClientConnect: 0
[Fri Mar 07 18:11:14 2014]  mlog:Player DISHER, connected. With IP - 2.92.9.160:29070 
[Fri Mar 07 18:11:28 2014]  ClientBegin: 0
[Fri Mar 07 18:11:28 2014]  say: DISHER: ^1Boba^0Fett's ^3Ultra Utility ^7v3 ^5Beta 16 ^7- ^5U^7ltra^7-^5U^7tility^5.^7com
[Fri Mar 07 18:13:27 2014]  ClientDisconnect: 0
[Fri Mar 07 19:28:42 2014]  Exit: Timelimit hit.
[Fri Mar 07 20:20:18 2014]  ------------------------------------------------------------
[Fri Mar 07 20:20:18 2014]  InitGame: \g_siegeTeam2\none\g_siegeTeam1\none\g_jediVmerc\0\g_maxGameClients\0\g_noSpecMove\0\g_debugMelee\1\g_siegeRespawn\20\g_siegeTeamSwitch\1\g_forceRegenTime\1\g_forcePowerDisable\0\g_weaponDisable\0\g_allowNPC\1\sv_allowDownload\1\sv_floodProtect\0\sv_maxPing\0\sv_minPing\0\sv_maxRate\5000\sv_maxclients\32\sv_hostname\^3Darkquake's Makermod Server\g_duelWeaponDisable\65531\g_forceBasedTeams\0\duel_fraglimit\10\g_maxForceRank\7\g_saberLocking\1\g_privateDuel\1\capturelimit\0\timelimit\120\fraglimit\0\dmflags\0\version\(internal)JAmp: v1.0.1.0 win-x86 Oct 30 2003\g_maxHolocronCarry\3\g_gametype\0\g_needpass\0\protocol\26\mapname\t2_trip\sv_privateClients\0\g_stepSlideFix\1\gamename\MakerMod\g_saberWallDamageScale\0.4\bg_fighterAltControl\0\g_showDuelHealths\0
[Fri Mar 07 22:20:12 2014]  Exit: Timelimit hit.
[Sat Mar 08 05:55:09 2014]  ClientConnect: 0
[Sat Mar 08 05:55:09 2014]  mlog:Player Padawan, connected. With IP - 70.104.128.24:29070 
[Sat Mar 08 05:55:19 2014]  ClientBegin: 0
[Sat Mar 08 05:55:24 2014]  ShutdownGame:
[Sat Mar 08 05:55:24 2014]  ------------------------------------------------------------
