[Fri Mar 21 16:07:21 2014]  ------------------------------------------------------------
[Fri Mar 21 16:07:21 2014]  InitGame: \dmflags\0\fraglimit\0\timelimit\120\capturelimit\0\g_privateDuel\1\g_saberLocking\1\g_maxForceRank\7\duel_fraglimit\10\g_forceBasedTeams\0\g_duelWeaponDisable\65531\sv_hostname\^3Darkquake's Makermod Server\sv_maxclients\32\sv_maxRate\5000\sv_minPing\0\sv_maxPing\0\sv_floodProtect\0\sv_allowDownload\1\bot_minplayers\0\g_allowNPC\1\g_weaponDisable\0\g_forcePowerDisable\0\g_forceRegenTime\0\g_siegeTeamSwitch\1\g_siegeRespawn\20\g_debugMelee\1\g_noSpecMove\0\g_maxGameClients\0\g_jediVmerc\0\g_siegeTeam1\none\g_siegeTeam2\none\version\(internal)JAmp: v1.0.1.0 win-x86 Oct 30 2003\g_maxHolocronCarry\3\g_gametype\0\g_needpass\0\protocol\26\mapname\t2_trip\sv_privateClients\0\g_stepSlideFix\1\gamename\MakerMod\g_saberWallDamageScale\0.4\bg_fighterAltControl\0\g_showDuelHealths\0
[Fri Mar 21 16:07:23 2014]  ClientConnect: 0
[Fri Mar 21 16:07:23 2014]  ClientConnect: 1
[Fri Mar 21 16:07:50 2014]  ClientBegin: 1
[Fri Mar 21 16:07:51 2014]  ClientBegin: 0
[Fri Mar 21 16:12:52 2014]  say: Thame_Cerulian: npc spawn vehivle tauntaun
[Fri Mar 21 16:16:15 2014]  Kill: 1022 0 6: <world> killed Levante by MOD_BLASTER
[Fri Mar 21 16:18:10 2014]  Kill: 1022 0 39: <world> killed Levante by MOD_SUICIDE
[Fri Mar 21 16:20:40 2014]  Kill: 1022 0 6: <world> killed Levante by MOD_BLASTER
[Fri Mar 21 16:21:58 2014]  Item: 0 ammo_all
[Fri Mar 21 16:22:29 2014]  Kill: 1022 0 6: <world> killed Levante by MOD_BLASTER
[Fri Mar 21 16:22:43 2014]  Kill: 1022 1 6: <world> killed Thame_Cerulian by MOD_BLASTER
[Fri Mar 21 16:25:06 2014]  Kill: 1022 1 6: <world> killed Thame_Cerulian by MOD_BLASTER
[Fri Mar 21 16:25:50 2014]  Kill: 1022 1 6: <world> killed Thame_Cerulian by MOD_BLASTER
[Fri Mar 21 16:26:19 2014]  Kill: 1022 1 6: <world> killed Thame_Cerulian by MOD_BLASTER
[Fri Mar 21 16:26:49 2014]  Kill: 1022 1 6: <world> killed Thame_Cerulian by MOD_BLASTER
[Fri Mar 21 16:27:23 2014]  Kill: 1022 1 6: <world> killed Thame_Cerulian by MOD_BLASTER
[Fri Mar 21 16:28:10 2014]  Kill: 1022 1 6: <world> killed Thame_Cerulian by MOD_BLASTER
[Fri Mar 21 16:32:09 2014]  ClientConnect: 2
[Fri Mar 21 16:32:09 2014]  mlog:Player SnakeIce, connected. With IP - 178.125.226.232:29070 
[Fri Mar 21 16:32:46 2014]  ClientBegin: 2
[Fri Mar 21 16:33:28 2014]  say: Veronika: ïðèâåò
[Fri Mar 21 16:33:32 2014]  say: Thame_Cerulian: helló
[Fri Mar 21 16:33:45 2014]  say: Thame_Cerulian: ékezet nélklü
[Fri Mar 21 16:33:49 2014]  say: Thame_Cerulian: ekezet nelkul
[Fri Mar 21 16:33:57 2014]  ClientDisconnect: 2
[Fri Mar 21 16:34:47 2014]  ClientDisconnect: 1
[Fri Mar 21 16:34:55 2014]  Item: 0 weapon_rocket_launcher
[Fri Mar 21 16:35:23 2014]  ClientDisconnect: 0
[Fri Mar 21 22:12:58 2014]  ------------------------------------------------------------
[Fri Mar 21 22:12:58 2014]  InitGame: \g_siegeTeam2\none\g_siegeTeam1\none\g_jediVmerc\0\g_maxGameClients\0\g_noSpecMove\0\g_debugMelee\1\g_siegeRespawn\20\g_siegeTeamSwitch\1\g_forceRegenTime\1\g_forcePowerDisable\0\g_weaponDisable\0\g_allowNPC\1\sv_allowDownload\1\sv_floodProtect\0\sv_maxPing\0\sv_minPing\0\sv_maxRate\5000\sv_maxclients\32\sv_hostname\^3Darkquake's Makermod Server\g_duelWeaponDisable\65531\g_forceBasedTeams\0\duel_fraglimit\10\g_maxForceRank\7\g_saberLocking\1\g_privateDuel\1\capturelimit\0\timelimit\120\fraglimit\0\dmflags\0\version\(internal)JAmp: v1.0.1.0 win-x86 Oct 30 2003\g_maxHolocronCarry\3\g_gametype\0\g_needpass\0\protocol\26\mapname\t2_trip\sv_privateClients\0\g_stepSlideFix\1\gamename\MakerMod\g_saberWallDamageScale\0.4\bg_fighterAltControl\0\g_showDuelHealths\0
[Fri Mar 21 23:01:37 2014]  ClientConnect: 0
[Fri Mar 21 23:01:37 2014]  mlog:Player WhiteMagicRaven, connected. With IP - 95.135.158.164:29070 
[Fri Mar 21 23:01:46 2014]  ClientDisconnect: 0
[Sat Mar 22 00:12:52 2014]  Exit: Timelimit hit.
[Mon Mar 24 17:01:45 2014]  ClientConnect: 0
[Mon Mar 24 17:01:45 2014]  mlog:Player Padawan, connected. With IP - 178.37.90.100:29070 
[Mon Mar 24 17:02:05 2014]  ClientBegin: 0
[Mon Mar 24 17:02:09 2014]  ShutdownGame:
[Mon Mar 24 17:02:09 2014]  ------------------------------------------------------------
