[Mon Mar 31 15:44:16 2014]  ------------------------------------------------------------
[Mon Mar 31 15:44:16 2014]  InitGame: \dmflags\0\fraglimit\0\timelimit\120\capturelimit\0\g_privateDuel\1\g_saberLocking\1\g_maxForceRank\7\duel_fraglimit\10\g_forceBasedTeams\0\g_duelWeaponDisable\65531\sv_hostname\^3Darkquake's Makermod Server\sv_maxclients\32\sv_maxRate\5000\sv_minPing\0\sv_maxPing\0\sv_floodProtect\0\sv_allowDownload\1\bot_minplayers\0\g_allowNPC\1\g_weaponDisable\0\g_forcePowerDisable\0\g_forceRegenTime\0\g_siegeTeamSwitch\1\g_siegeRespawn\20\g_debugMelee\1\g_noSpecMove\0\g_maxGameClients\0\g_jediVmerc\0\g_siegeTeam1\none\g_siegeTeam2\none\version\(internal)JAmp: v1.0.1.0 win-x86 Oct 30 2003\g_maxHolocronCarry\3\g_gametype\0\g_needpass\0\protocol\26\mapname\t2_trip\sv_privateClients\0\g_stepSlideFix\1\gamename\MakerMod\g_saberWallDamageScale\0.4\bg_fighterAltControl\0\g_showDuelHealths\0
[Mon Mar 31 15:44:18 2014]  ClientConnect: 0
[Mon Mar 31 15:44:32 2014]  say: Outcast: ^5UU ^7- ^7JA ^7Minimized
[Mon Mar 31 15:44:32 2014]  ClientBegin: 0
[Mon Mar 31 15:48:29 2014]  say: Outcast: ^5UU ^7- ^7JA ^7Restored
[Mon Mar 31 15:48:41 2014]  say: Outcast: ^5UU ^7- ^7JA ^7Minimized
[Mon Mar 31 15:49:49 2014]  say: Outcast: ^5UU ^7- ^7JA ^7Restored
[Mon Mar 31 15:50:17 2014]  ClientConnect: 1
[Mon Mar 31 15:50:17 2014]  mlog:Player ^1Mr.Aven, connected. With IP - 95.79.166.4:29070 
[Mon Mar 31 15:50:35 2014]  ClientBegin: 1
[Mon Mar 31 15:50:39 2014]  ClientDisconnect: 0
[Mon Mar 31 15:50:39 2014]  ClientConnect: 0
[Mon Mar 31 15:50:39 2014]  mlog:Player Padawan, connected. With IP - 92.243.182.122:31397 
[Mon Mar 31 15:51:03 2014]  say: Padawan: ^5UU ^7- ^7JA ^7Minimized
[Mon Mar 31 15:51:03 2014]  ClientBegin: 0
[Mon Mar 31 15:51:03 2014]  say: Outcast: ^5UU ^7- ^7JA ^7Restored
[Mon Mar 31 15:51:33 2014]  ClientDisconnect: 0
[Mon Mar 31 15:51:33 2014]  ClientConnect: 0
[Mon Mar 31 15:51:33 2014]  mlog:Player Padawan, connected. With IP - 92.243.182.122:31397 
[Mon Mar 31 15:51:56 2014]  say: Padawan: ^5UU ^7- ^7JA ^7Minimized
[Mon Mar 31 15:51:56 2014]  ClientBegin: 0
[Mon Mar 31 15:52:58 2014]  ClientDisconnect: 0
[Mon Mar 31 15:52:58 2014]  ClientConnect: 0
[Mon Mar 31 15:52:58 2014]  mlog:Player Padawan, connected. With IP - 92.243.182.122:31397 
[Mon Mar 31 15:53:20 2014]  ClientBegin: 0
[Mon Mar 31 15:54:20 2014]  Kill: 1 1 39: ^5<<{KOTR}>>^4@ven...^5|LJ| killed ^5<<{KOTR}>>^4@ven...^5|LJ| by MOD_SUICIDE
[Mon Mar 31 15:54:24 2014]  ClientDisconnect: 0
[Mon Mar 31 15:54:24 2014]  ClientConnect: 0
[Mon Mar 31 15:54:24 2014]  mlog:Player Padawan, connected. With IP - 92.243.182.122:31397 
[Mon Mar 31 15:54:47 2014]  say: Padawan: ^5UU ^7- ^7JA ^7Minimized
[Mon Mar 31 15:54:47 2014]  ClientBegin: 0
[Mon Mar 31 15:55:48 2014]  ClientDisconnect: 1
[Mon Mar 31 15:58:08 2014]  ClientDisconnect: 0
[Mon Mar 31 17:44:15 2014]  Exit: Timelimit hit.
[Mon Mar 31 23:36:12 2014]  ClientConnect: 0
[Mon Mar 31 23:36:12 2014]  mlog:Player ^6{P}^0Fu^5l^0sy^6{A}, connected. With IP - 24.61.25.128:29070 
[Mon Mar 31 23:36:42 2014]  ClientBegin: 0
[Mon Mar 31 23:36:47 2014]  ShutdownGame:
[Mon Mar 31 23:36:47 2014]  ------------------------------------------------------------
[Mon Mar 31 23:36:47 2014]  ------------------------------------------------------------
[Mon Mar 31 23:36:47 2014]  InitGame: \dmflags\0\fraglimit\0\timelimit\120\capturelimit\0\g_privateDuel\1\g_saberLocking\1\g_maxForceRank\7\duel_fraglimit\10\g_forceBasedTeams\0\g_duelWeaponDisable\65531\sv_hostname\^3Darkquake's Makermod Server\sv_maxclients\32\sv_maxRate\5000\sv_minPing\0\sv_maxPing\0\sv_floodProtect\0\sv_allowDownload\1\bot_minplayers\0\g_allowNPC\1\g_weaponDisable\0\g_forcePowerDisable\0\g_forceRegenTime\0\g_siegeTeamSwitch\1\g_siegeRespawn\20\g_debugMelee\1\g_noSpecMove\0\g_maxGameClients\0\g_jediVmerc\0\g_siegeTeam1\none\g_siegeTeam2\none\version\(internal)JAmp: v1.0.1.0 win-x86 Oct 30 2003\g_maxHolocronCarry\3\g_gametype\0\g_needpass\0\protocol\26\mapname\mp/siege_desert\sv_privateClients\0\g_stepSlideFix\1\gamename\MakerMod\g_saberWallDamageScale\0.4\bg_fighterAltControl\0\g_showDuelHealths\0
[Mon Mar 31 23:36:48 2014]  ClientConnect: 0
[Mon Mar 31 23:37:01 2014]  ClientBegin: 0
[Mon Mar 31 23:40:05 2014]  Kill: 0 0 39: ^6{P}^0Fu^5l^0sy^6{A} killed ^6{P}^0Fu^5l^0sy^6{A} by MOD_SUICIDE
[Mon Mar 31 23:42:22 2014]  Kill: 1022 0 38: <world> killed ^6{P}^0Fu^5l^0sy^6{A} by MOD_FALLING
[Mon Mar 31 23:43:44 2014]  ClientDisconnect: 0
[Tue Apr 01 01:36:46 2014]  Exit: Timelimit hit.
[Tue Apr 01 08:59:22 2014]  ClientConnect: 0
[Tue Apr 01 08:59:22 2014]  mlog:Player Anonymous, connected. With IP - 176.125.94.126:29070 
[Tue Apr 01 08:59:28 2014]  ClientDisconnect: 0
