[Sun Mar 16 02:10:09 2014]  ------------------------------------------------------------
[Sun Mar 16 02:10:09 2014]  InitGame: \dmflags\0\fraglimit\0\timelimit\120\capturelimit\0\g_privateDuel\1\g_saberLocking\1\g_maxForceRank\7\duel_fraglimit\10\g_forceBasedTeams\0\g_duelWeaponDisable\65531\sv_hostname\^3Darkquake's Makermod Server\sv_maxclients\32\sv_maxRate\5000\sv_minPing\0\sv_maxPing\0\sv_floodProtect\0\sv_allowDownload\1\g_allowNPC\1\g_weaponDisable\0\g_forcePowerDisable\0\g_forceRegenTime\1\g_siegeTeamSwitch\1\g_siegeRespawn\20\g_debugMelee\1\g_noSpecMove\0\g_maxGameClients\0\g_jediVmerc\0\g_siegeTeam1\none\g_siegeTeam2\none\version\(internal)JAmp: v1.0.1.0 win-x86 Oct 30 2003\g_maxHolocronCarry\3\g_gametype\0\g_needpass\0\protocol\26\mapname\t2_trip\sv_privateClients\0\g_stepSlideFix\1\gamename\MakerMod\g_saberWallDamageScale\0.4\bg_fighterAltControl\0\g_showDuelHealths\0
[Sun Mar 16 04:10:07 2014]  Exit: Timelimit hit.
[Sun Mar 16 08:33:01 2014]  ClientConnect: 0
[Sun Mar 16 08:33:01 2014]  mlog:Player ^5N^0ien^4[^7Assassin^4], connected. With IP - 46.242.119.238:29070 
[Sun Mar 16 08:33:50 2014]  ClientBegin: 0
[Sun Mar 16 08:33:52 2014]  ClientDisconnect: 0
[Sun Mar 16 09:29:53 2014]  ClientConnect: 0
[Sun Mar 16 09:29:53 2014]  mlog:Player BesserAlsAlle, connected. With IP - 217.83.135.234:29070 
[Sun Mar 16 09:30:24 2014]  ClientBegin: 0
[Sun Mar 16 09:30:28 2014]  ShutdownGame:
[Sun Mar 16 09:30:28 2014]  ------------------------------------------------------------
[Sun Mar 16 09:30:29 2014]  ------------------------------------------------------------
[Sun Mar 16 09:30:29 2014]  InitGame: \dmflags\0\fraglimit\0\timelimit\120\capturelimit\0\g_privateDuel\1\g_saberLocking\1\g_maxForceRank\7\duel_fraglimit\10\g_forceBasedTeams\0\g_duelWeaponDisable\65531\sv_hostname\^3Darkquake's Makermod Server\sv_maxclients\32\sv_maxRate\5000\sv_minPing\0\sv_maxPing\0\sv_floodProtect\0\sv_allowDownload\1\bot_minplayers\0\g_allowNPC\1\g_weaponDisable\0\g_forcePowerDisable\0\g_forceRegenTime\0\g_siegeTeamSwitch\1\g_siegeRespawn\20\g_debugMelee\1\g_noSpecMove\0\g_maxGameClients\0\g_jediVmerc\0\g_siegeTeam1\none\g_siegeTeam2\none\version\(internal)JAmp: v1.0.1.0 win-x86 Oct 30 2003\g_maxHolocronCarry\3\g_gametype\0\g_needpass\0\protocol\26\mapname\mp/siege_desert\sv_privateClients\0\g_stepSlideFix\1\gamename\MakerMod\g_saberWallDamageScale\0.4\bg_fighterAltControl\0\g_showDuelHealths\0
[Sun Mar 16 09:30:30 2014]  ClientConnect: 0
[Sun Mar 16 09:30:47 2014]  ClientBegin: 0
[Sun Mar 16 09:31:14 2014]  say: BesserAlsAlle: giveall
[Sun Mar 16 09:31:32 2014]  say: BesserAlsAlle: mempower
[Sun Mar 16 09:33:28 2014]  say: BesserAlsAlle: notargent
[Sun Mar 16 09:36:40 2014]  say: BesserAlsAlle: mlistobs
[Sun Mar 16 09:37:21 2014]  say: BesserAlsAlle: My origin is: (-2805 -784 -7) - You can teleport here with /mtelelast

[Sun Mar 16 09:40:35 2014]  ClientDisconnect: 0
[Sun Mar 16 11:30:28 2014]  Exit: Timelimit hit.
[Mon Mar 17 11:15:34 2014]  ClientConnect: 0
[Mon Mar 17 11:15:34 2014]  mlog:Player Padawan, connected. With IP - 109.255.197.240:29070 
[Mon Mar 17 11:15:53 2014]  ClientBegin: 0
[Mon Mar 17 11:15:57 2014]  ShutdownGame:
[Mon Mar 17 11:15:57 2014]  ------------------------------------------------------------
